[12:23:58] - Developer - Mkrtchyan Martun <mart@kassa26.ru>
[12:23:58] - Начало загрузки локальных данных.
[12:23:58] - Начало обмена данными между OkDesk и Спутник.
[12:23:59] - Сущность с ID: 1114 обработана на сервере.
[12:27:49] - Developer - Mkrtchyan Martun <mart@kassa26.ru>
[12:27:49] - Начало загрузки локальных данных.
[12:27:49] - Начало обмена данными между OkDesk и Спутник.
[12:27:50] - Сущность с ID: 1115 обработана на сервере.
[12:28:35] - Developer - Mkrtchyan Martun <mart@kassa26.ru>
[12:28:35] - Начало загрузки локальных данных.
[12:28:35] - Начало обмена данными между OkDesk и Спутник.
[12:28:36] - Сущность с ID: 1116 обработана на сервере.
[12:29:23] - Developer - Mkrtchyan Martun <mart@kassa26.ru>
[12:29:23] - Начало загрузки локальных данных.
[12:29:23] - Начало обмена данными между OkDesk и Спутник.
[12:29:23] - Сущность с ID: 1117 обработана на сервере.
[12:29:41] - Developer - Mkrtchyan Martun <mart@kassa26.ru>
[12:29:41] - Начало загрузки локальных данных.
[12:29:41] - Начало обмена данными между OkDesk и Спутник.
[12:29:42] - Сущность с ID: 1118 обработана на сервере.
[12:30:29] - Developer - Mkrtchyan Martun <mart@kassa26.ru>
[12:30:29] - Начало загрузки локальных данных.
[12:30:29] - Начало обмена данными между OkDesk и Спутник.
[12:30:29] - Сущность с ID: 1119 обработана на сервере.
[12:32:4] - Developer - Mkrtchyan Martun <mart@kassa26.ru>
[12:32:4] - Начало загрузки локальных данных.
[12:32:4] - Начало обмена данными между OkDesk и Спутник.
[12:32:4] - Загрузка локальных данных закончена.
[12:32:4] - Обмен данными между OkDesk и Спутник завершен.
[12:33:21] - Developer - Mkrtchyan Martun <mart@kassa26.ru>
[12:33:21] - Начало загрузки локальных данных.
[12:33:21] - Начало обмена данными между OkDesk и Спутник.
[12:33:21] - Сущность с ID: 1120 обработана на сервере.
[12:35:7] - Developer - Mkrtchyan Martun <mart@kassa26.ru>
[12:35:7] - Начало загрузки локальных данных.
[12:35:7] - Начало обмена данными между OkDesk и Спутник.
[12:35:8] - Сущность с ID: 1121 обработана на сервере.
[12:36:56] - Developer - Mkrtchyan Martun <mart@kassa26.ru>
[12:36:56] - Начало загрузки локальных данных.
[12:36:56] - Начало обмена данными между OkDesk и Спутник.
[12:36:56] - Сущность с ID: 1122 обработана на сервере.
[12:39:44] - Developer - Mkrtchyan Martun <mart@kassa26.ru>
[12:39:44] - Начало загрузки локальных данных.
[12:39:44] - Начало обмена данными между OkDesk и Спутник.
[12:39:45] - Сущность с ID: 1123 обработана на сервере.
[12:46:9] - Developer - Mkrtchyan Martun <mart@kassa26.ru>
[12:46:9] - Начало загрузки локальных данных.
[12:46:9] - Начало обмена данными между OkDesk и Спутник.
[12:46:10] - Сущность с ID: 1124 обработана на сервере.
[13:4:20] - Developer - Mkrtchyan Martun <mart@kassa26.ru>
[13:4:20] - Начало загрузки локальных данных.
[13:4:20] - Начало обмена данными между OkDesk и Спутник.
[13:4:20] - Сущность с ID: 1125 обработана на сервере.
[13:4:20] - Отправка данных в Спутник...
[13:4:20] - Status: success
[13:4:20] - Status2: success
[13:4:20] - SputnikTaskID: 28928
[13:4:21] - Сущность с ID: 1126 обработана на сервере.
[13:4:21] - Отправка данных в Спутник...
[13:4:21] - Status: success
[13:4:21] - Status2: success
[13:4:21] - SputnikTaskID: 28929
[13:4:21] - Загрузка локальных данных закончена.
[13:4:21] - Обмен данными между OkDesk и Спутник завершен.
[13:5:11] - Developer - Mkrtchyan Martun <mart@kassa26.ru>
[13:5:11] - [OkDesk] Файл: '1125-1126data.json' - уже существует в 'data/okdesk'
[13:5:11] - Начало загрузки локальных данных.
[13:5:11] - Начало обмена данными между OkDesk и Спутник.
[13:5:13] - Сущность с ID: 1125 обработана на сервере.
[13:5:14] - Отправка данных в Спутник...
[13:5:14] - Status: success
[13:5:14] - Status2: success
[13:5:14] - SputnikTaskID: 28930
[13:5:14] - Сущность с ID: 1126 обработана на сервере.
[13:5:14] - Отправка данных в Спутник...
[13:5:14] - Status: success
[13:5:14] - Status2: success
[13:5:14] - SputnikTaskID: 28931
[13:5:14] - Загрузка локальных данных закончена.
[13:5:14] - Обмен данными между OkDesk и Спутник завершен.
[13:5:36] - Developer - Mkrtchyan Martun <mart@kassa26.ru>
[13:5:36] - [OkDesk] Файл: '1125-1126data.json' - уже существует в 'data/okdesk'
[13:5:36] - Начало загрузки локальных данных.
[13:5:36] - Начало обмена данными между OkDesk и Спутник.
[13:5:36] - Сущность с ID: 1125 обработана на сервере.
[13:5:37] - Отправка данных в Спутник...
[13:5:37] - Status: success
[13:5:37] - Status2: success
[13:5:37] - SputnikTaskID: 28932
[13:5:37] - Сущность с ID: 1126 обработана на сервере.
[13:5:37] - Отправка данных в Спутник...
[13:5:37] - Status: success
[13:5:37] - Status2: success
[13:5:37] - SputnikTaskID: 28933
[13:5:37] - Загрузка локальных данных закончена.
[13:5:37] - Обмен данными между OkDesk и Спутник завершен.
[13:5:44] - Developer - Mkrtchyan Martun <mart@kassa26.ru>
[13:5:44] - [OkDesk] Файл: '1125-1126data.json' - уже существует в 'data/okdesk'
[13:5:44] - Начало загрузки локальных данных.
[13:5:44] - Начало обмена данными между OkDesk и Спутник.
[13:5:44] - Сущность с ID: 1125 обработана на сервере.
[13:5:45] - Отправка данных в Спутник...
[13:5:45] - Status: success
[13:5:45] - Status2: success
[13:5:45] - SputnikTaskID: 28934
[13:5:45] - Сущность с ID: 1126 обработана на сервере.
[13:5:45] - Отправка данных в Спутник...
[13:5:45] - Status: success
[13:5:45] - Status2: success
[13:5:45] - SputnikTaskID: 28935
[13:5:45] - Загрузка локальных данных закончена.
[13:5:45] - Обмен данными между OkDesk и Спутник завершен.
[13:6:49] - Developer - Mkrtchyan Martun <mart@kassa26.ru>
[13:6:49] - [OkDesk] Файл: '1125-1126data.json' - уже существует в 'data/okdesk'
[13:6:49] - Начало загрузки локальных данных.
[13:6:49] - Начало обмена данными между OkDesk и Спутник.
[13:6:50] - Сущность с ID: 1125 обработана на сервере.
[13:7:1] - Developer - Mkrtchyan Martun <mart@kassa26.ru>
[13:7:1] - [OkDesk] Файл: '1125-1126data.json' - уже существует в 'data/okdesk'
[13:7:1] - Начало загрузки локальных данных.
[13:7:1] - Начало обмена данными между OkDesk и Спутник.
[13:7:2] - Сущность с ID: 1125 обработана на сервере.
[13:7:3] - Developer - Mkrtchyan Martun <mart@kassa26.ru>
[13:7:3] - [OkDesk] Файл: '1125-1126data.json' - уже существует в 'data/okdesk'
[13:7:3] - Начало загрузки локальных данных.
[13:7:3] - Начало обмена данными между OkDesk и Спутник.
[13:7:4] - Сущность с ID: 1125 обработана на сервере.
[13:7:10] - Developer - Mkrtchyan Martun <mart@kassa26.ru>
[13:7:10] - [OkDesk] Файл: '1125-1126data.json' - уже существует в 'data/okdesk'
[13:7:10] - Начало загрузки локальных данных.
[13:7:10] - Начало обмена данными между OkDesk и Спутник.
[13:7:11] - Сущность с ID: 1125 обработана на сервере.
[13:12:37] - Developer - Mkrtchyan Martun <mart@kassa26.ru>
[13:12:37] - Начало загрузки локальных данных.
[13:12:37] - Начало обмена данными между OkDesk и Спутник.
[13:12:37] - Сущность с ID: 1116 обработана на сервере.
[13:12:38] - Отправка данных в Спутник...
[13:12:38] - Status: success
[13:12:38] - Status2: success
[13:12:38] - SputnikTaskID: 28938
[13:12:38] - Сущность с ID: 1117 обработана на сервере.
[13:12:38] - Отправка данных в Спутник...
[13:12:38] - Status: success
[13:12:38] - Status2: success
[13:12:38] - SputnikTaskID: 28939
[13:12:38] - Загрузка локальных данных закончена.
[13:12:38] - Обмен данными между OkDesk и Спутник завершен.
[13:14:58] - Developer - Mkrtchyan Martun <mart@kassa26.ru>
[13:14:58] - Начало загрузки локальных данных.
[13:14:58] - Начало обмена данными между OkDesk и Спутник.
[13:14:58] - Сущность с ID: 1117 обработана на сервере.
[13:14:59] - Отправка данных в Спутник...
[13:14:59] - Status: success
[13:14:59] - Status2: success
[13:14:59] - SputnikTaskID: 28940
[13:14:59] - Сущность с ID: 1118 обработана на сервере.
[13:14:59] - Отправка данных в Спутник...
[13:14:59] - Status: success
[13:14:59] - Status2: success
[13:14:59] - SputnikTaskID: 28941
[13:14:59] - Загрузка локальных данных закончена.
[13:14:59] - Обмен данными между OkDesk и Спутник завершен.
[13:15:58] - Developer - Mkrtchyan Martun <mart@kassa26.ru>
[13:15:58] - Начало загрузки локальных данных.
[13:15:58] - Начало обмена данными между OkDesk и Спутник.
[13:15:58] - Сущность с ID: 1119 обработана на сервере.
[13:15:59] - Отправка данных в Спутник...
[13:15:59] - Status: success
[13:15:59] - Status2: success
[13:15:59] - SputnikTaskID: 28942
[13:15:59] - Сущность с ID: 1120 обработана на сервере.
[13:15:59] - Отправка данных в Спутник...
[13:15:59] - Status: success
[13:15:59] - Status2: success
[13:15:59] - SputnikTaskID: 28943
[13:15:59] - Загрузка локальных данных закончена.
[13:15:59] - Обмен данными между OkDesk и Спутник завершен.
[13:16:13] - Developer - Mkrtchyan Martun <mart@kassa26.ru>
[13:16:13] - Начало загрузки локальных данных.
[13:16:13] - Начало обмена данными между OkDesk и Спутник.
[13:16:13] - Сущность с ID: 1121 обработана на сервере.
[13:16:14] - Отправка данных в Спутник...
[13:16:14] - Status: success
[13:16:14] - Status2: success
[13:16:14] - SputnikTaskID: 28944
[13:16:14] - Сущность с ID: 1122 обработана на сервере.
[13:16:14] - Отправка данных в Спутник...
[13:16:14] - Status: success
[13:16:14] - Status2: success
[13:16:14] - SputnikTaskID: 28945
[13:16:14] - Загрузка локальных данных закончена.
[13:16:14] - Обмен данными между OkDesk и Спутник завершен.
[13:16:42] - Developer - Mkrtchyan Martun <mart@kassa26.ru>
[13:16:42] - Начало загрузки локальных данных.
[13:16:42] - Начало обмена данными между OkDesk и Спутник.
[13:16:42] - Сущность с ID: 1123 обработана на сервере.
[13:16:42] - Отправка данных в Спутник...
[13:16:42] - Status: success
[13:16:42] - Status2: success
[13:16:42] - SputnikTaskID: 28946
[13:16:42] - Сущность с ID: 1124 обработана на сервере.
[13:16:43] - Отправка данных в Спутник...
[13:16:43] - Status: success
[13:16:43] - Status2: success
[13:16:43] - SputnikTaskID: 28947
[13:16:43] - Загрузка локальных данных закончена.
[13:16:43] - Обмен данными между OkDesk и Спутник завершен.
[13:18:2] - Developer - Mkrtchyan Martun <mart@kassa26.ru>
[13:18:2] - [OkDesk] Файл: '1125-1126data.json' - уже существует в 'data/okdesk'
[13:18:2] - Начало загрузки локальных данных.
[13:18:2] - Начало обмена данными между OkDesk и Спутник.
[13:18:2] - Сущность с ID: 1125 обработана на сервере.
[13:18:3] - Отправка данных в Спутник...
[13:18:3] - Status: success
[13:18:3] - Status2: success
[13:18:3] - SputnikTaskID: 28948
[13:18:3] - Сущность с ID: 1126 обработана на сервере.
[13:18:3] - Отправка данных в Спутник...
[13:18:3] - Status: success
[13:18:3] - Status2: success
[13:18:4] - SputnikTaskID: 28949
[13:18:4] - Загрузка локальных данных закончена.
[13:18:4] - Обмен данными между OkDesk и Спутник завершен.
[13:34:15] - Developer - Mkrtchyan Martun <mart@kassa26.ru>
[13:34:15] - Начало загрузки локальных данных.
[13:34:15] - Начало обмена данными между OkDesk и Спутник.
[13:34:15] - Сущность с ID: 1127 обработана на сервере.
[13:34:15] - Отправка данных в Спутник...
[13:34:15] - Status: success
[13:34:15] - Status2: success
[13:34:15] - SputnikTaskID: 28950
[13:34:16] - Сущность с ID: 1128 обработана на сервере.
[13:34:16] - Отправка данных в Спутник...
[13:34:16] - Status: success
[13:34:16] - Status2: success
[13:34:16] - SputnikTaskID: 28951
[13:34:16] - Загрузка локальных данных закончена.
[13:34:16] - Обмен данными между OkDesk и Спутник завершен.
[13:35:10] - Developer - Mkrtchyan Martun <mart@kassa26.ru>
[13:35:10] - Начало загрузки локальных данных.
[13:35:10] - Начало обмена данными между OkDesk и Спутник.
[13:35:10] - Сущность с ID: 1129 обработана на сервере.
[13:35:11] - Отправка данных в Спутник...
[13:35:11] - Status: success
[13:35:11] - Status2: success
[13:35:11] - SputnikTaskID: 28952
[13:35:11] - Сущность с ID: 1130 обработана на сервере.
[13:35:11] - Отправка данных в Спутник...
[13:35:11] - Status: success
[13:35:11] - Status2: success
[13:35:11] - SputnikTaskID: 28953
[13:35:11] - Загрузка локальных данных закончена.
[13:35:11] - Обмен данными между OkDesk и Спутник завершен.
[13:38:8] - Developer - Mkrtchyan Martun <mart@kassa26.ru>
[13:38:8] - Начало загрузки локальных данных.
[13:38:8] - Начало обмена данными между OkDesk и Спутник.
[13:38:8] - Сущность с ID: 1131 обработана на сервере.
[13:38:9] - Отправка данных в Спутник...
[13:38:9] - Status: success
[13:38:9] - Status2: success
[13:38:9] - SputnikTaskID: 28954
[13:38:9] - Сущность с ID: 1132 обработана на сервере.
[13:40:25] - Developer - Mkrtchyan Martun <mart@kassa26.ru>
[13:40:25] - Начало загрузки локальных данных.
[13:40:25] - Начало обмена данными между OkDesk и Спутник.
[13:40:26] - Сущность с ID: 1132 обработана на сервере.
[13:41:46] - Developer - Mkrtchyan Martun <mart@kassa26.ru>
[13:41:46] - Начало загрузки локальных данных.
[13:41:46] - Начало обмена данными между OkDesk и Спутник.
[13:41:47] - Сущность с ID: 1132 обработана на сервере.
[13:42:1] - Developer - Mkrtchyan Martun <mart@kassa26.ru>
[13:42:1] - Начало загрузки локальных данных.
[13:42:1] - Начало обмена данными между OkDesk и Спутник.
[13:42:1] - Сущность с ID: 1133 обработана на сервере.
[13:42:1] - Отправка данных в Спутник...
[13:42:1] - Status: success
[13:42:1] - Status2: success
[13:42:1] - SputnikTaskID: 28955
[13:42:1] - Загрузка локальных данных закончена.
[13:42:1] - Обмен данными между OkDesk и Спутник завершен.
[13:44:16] - Developer - Mkrtchyan Martun <mart@kassa26.ru>
[13:44:16] - Начало загрузки локальных данных.
[13:44:16] - Начало обмена данными между OkDesk и Спутник.
[13:44:16] - Сущность с ID: 1132 обработана на сервере.
[13:44:28] - Developer - Mkrtchyan Martun <mart@kassa26.ru>
[13:44:28] - Начало загрузки локальных данных.
[13:44:28] - Начало обмена данными между OkDesk и Спутник.
[13:44:28] - Сущность с ID: 1132 обработана на сервере.
[13:46:19] - Developer - Mkrtchyan Martun <mart@kassa26.ru>
[13:46:19] - Начало загрузки локальных данных.
[13:46:19] - Начало обмена данными между OkDesk и Спутник.
[13:46:20] - Сущность с ID: 1132 обработана на сервере.
[13:49:22] - Developer - Mkrtchyan Martun <mart@kassa26.ru>
[13:49:22] - Начало загрузки локальных данных.
[13:49:22] - Начало обмена данными между OkDesk и Спутник.
[13:49:22] - Сущность с ID: 1132 обработана на сервере.
[13:49:23] - Отправка данных в Спутник...
[13:49:23] - Status: success
[13:49:23] - Status2: success
[13:49:23] - SputnikTaskID: 28956
[13:49:23] - Загрузка локальных данных закончена.
[13:49:23] - Обмен данными между OkDesk и Спутник завершен.
[13:51:24] - Developer - Mkrtchyan Martun <mart@kassa26.ru>
[13:51:24] - Начало загрузки локальных данных.
[13:51:24] - Начало обмена данными между OkDesk и Спутник.
[13:51:24] - Сущность с ID: 1048 обработана на сервере.
[13:51:24] - Отправка данных в Спутник...
[13:51:24] - Status: success
[13:51:24] - Status2: success
[13:51:24] - SputnikTaskID: 28957
[13:51:24] - Загрузка локальных данных закончена.
[13:51:24] - Обмен данными между OkDesk и Спутник завершен.
[14:1:2] - Developer - Mkrtchyan Martun <mart@kassa26.ru>
[14:1:2] - Начало загрузки локальных данных.
[14:1:2] - Начало обмена данными между OkDesk и Спутник.
[14:1:2] - Загрузка локальных данных закончена.
[14:1:2] - Обмен данными между OkDesk и Спутник завершен.
[14:14:4] - Developer - Mkrtchyan Martun <mart@kassa26.ru>
[14:14:4] - Начало загрузки локальных данных.
[14:14:4] - Начало обмена данными между OkDesk и Спутник.
[14:14:5] - [Ошибка] Не найдено ID клиента (OkDesk ID: undefined) Пропуск...
[14:14:5] - [Ошибка] Не найдено ID клиента (OkDesk ID: undefined) Пропуск...
[14:14:5] - Загрузка локальных данных закончена.
[14:14:5] - Обмен данными между OkDesk и Спутник завершен.
[14:16:9] - Developer - Mkrtchyan Martun <mart@kassa26.ru>
[14:16:9] - Начало загрузки локальных данных.
[14:16:9] - Начало обмена данными между OkDesk и Спутник.
[14:16:10] - [Ошибка] Не найдено ID клиента (OkDesk ID: undefined) Пропуск...
[14:16:10] - [Ошибка] Не найдено ID клиента (OkDesk ID: undefined) Пропуск...
[14:16:10] - Загрузка локальных данных закончена.
[14:16:10] - Обмен данными между OkDesk и Спутник завершен.
[14:24:48] - Developer - Mkrtchyan Martun <mart@kassa26.ru>
[14:24:48] - [OkDesk] Файл: '2-3data.json' - уже существует в 'data/okdesk'
[14:24:48] - Начало загрузки локальных данных.
[14:24:48] - Начало обмена данными между OkDesk и Спутник.
[14:24:48] - [Ошибка] Не найдено ID клиента (OkDesk ID: undefined) Пропуск...
[14:24:49] - [Ошибка] Не найдено ID клиента (OkDesk ID: undefined) Пропуск...
[14:24:49] - Загрузка локальных данных закончена.
[14:24:49] - Обмен данными между OkDesk и Спутник завершен.
[14:24:49] - Developer - Mkrtchyan Martun <mart@kassa26.ru>
[14:24:49] - [OkDesk] Файл: '2-3data.json' - уже существует в 'data/okdesk'
[14:24:49] - Начало загрузки локальных данных.
[14:24:49] - Начало обмена данными между OkDesk и Спутник.
[14:24:49] - [Ошибка] Не найдено ID клиента (OkDesk ID: undefined) Пропуск...
[14:24:50] - [Ошибка] Не найдено ID клиента (OkDesk ID: undefined) Пропуск...
[14:24:50] - Загрузка локальных данных закончена.
[14:24:50] - Обмен данными между OkDesk и Спутник завершен.
[14:24:51] - Developer - Mkrtchyan Martun <mart@kassa26.ru>
[14:24:51] - Начало загрузки локальных данных.
[14:24:51] - Начало обмена данными между OkDesk и Спутник.
[14:24:51] - Загрузка локальных данных закончена.
[14:24:51] - Обмен данными между OkDesk и Спутник завершен.
[14:30:55] - Developer - Mkrtchyan Martun <mart@kassa26.ru>
[14:30:55] - Начало загрузки локальных данных.
[14:30:55] - Начало обмена данными между OkDesk и Спутник.
[14:30:56] - [Ошибка] Не найдено ID клиента (OkDesk ID: undefined) Пропуск...
[14:30:56] - [Ошибка] Не найдено ID клиента (OkDesk ID: undefined) Пропуск...
[14:30:56] - [Ошибка] Не найдено ID клиента (OkDesk ID: undefined) Пропуск...
[14:30:56] - Загрузка локальных данных закончена.
[14:30:56] - Обмен данными между OkDesk и Спутник завершен.
[14:34:20] - Developer - Mkrtchyan Martun <mart@kassa26.ru>
[14:34:20] - Начало загрузки локальных данных.
[14:34:20] - Начало обмена данными между OkDesk и Спутник.
[14:34:20] - [Ошибка] Не найдено ID клиента (OkDesk ID: undefined) Пропуск...
[14:34:20] - [Ошибка] Не найдено ID клиента (OkDesk ID: undefined) Пропуск...
[14:34:21] - [Ошибка] Не найдено ID клиента (OkDesk ID: undefined) Пропуск...
[14:34:21] - [Ошибка] Не найдено ID клиента (OkDesk ID: undefined) Пропуск...
[14:34:21] - [Ошибка] Не найдено ID клиента (OkDesk ID: undefined) Пропуск...
[14:34:21] - [Ошибка] Не найдено ID клиента (OkDesk ID: undefined) Пропуск...
[14:34:21] - [Ошибка] Не найдено ID клиента (OkDesk ID: undefined) Пропуск...
[14:34:22] - [Ошибка] Не найдено ID клиента (OkDesk ID: undefined) Пропуск...
[14:34:22] - [Ошибка] Не найдено ID клиента (OkDesk ID: undefined) Пропуск...
[14:34:22] - Загрузка локальных данных закончена.
[14:34:22] - Обмен данными между OkDesk и Спутник завершен.
[14:34:52] - Developer - Mkrtchyan Martun <mart@kassa26.ru>
[14:34:52] - [OkDesk] Файл: '1-3data.json' - уже существует в 'data/okdesk'
[14:34:52] - Начало загрузки локальных данных.
[14:34:52] - Начало обмена данными между OkDesk и Спутник.
[14:34:52] - [Ошибка] Не найдено ID клиента (OkDesk ID: undefined) Пропуск...
[14:34:52] - [Ошибка] Не найдено ID клиента (OkDesk ID: undefined) Пропуск...
[14:34:52] - [Ошибка] Не найдено ID клиента (OkDesk ID: undefined) Пропуск...
[14:34:52] - Загрузка локальных данных закончена.
[14:34:52] - Обмен данными между OkDesk и Спутник завершен.
[14:36:37] - Developer - Mkrtchyan Martun <mart@kassa26.ru>
[14:36:37] - Начало загрузки локальных данных.
[14:36:37] - Начало обмена данными между OkDesk и Спутник.
[14:36:37] - [Ошибка] Не найдено ID клиента (OkDesk ID: undefined) Пропуск...
[14:36:38] - [Ошибка] Не найдено ID клиента (OkDesk ID: undefined) Пропуск...
[14:36:38] - [Ошибка] Не найдено ID клиента (OkDesk ID: undefined) Пропуск...
[14:36:38] - [Ошибка] Не найдено ID клиента (OkDesk ID: undefined) Пропуск...
[14:36:39] - [Ошибка] Не найдено ID клиента (OkDesk ID: undefined) Пропуск...
[14:36:39] - [Ошибка] Не найдено ID клиента (OkDesk ID: undefined) Пропуск...
[14:36:39] - [Ошибка] Не найдено ID клиента (OkDesk ID: undefined) Пропуск...
[14:36:39] - [Ошибка] Не найдено ID клиента (OkDesk ID: undefined) Пропуск...
[14:36:39] - [Ошибка] Не найдено ID клиента (OkDesk ID: undefined) Пропуск...
[14:36:40] - [Ошибка] Не найдено ID клиента (OkDesk ID: undefined) Пропуск...
[14:36:40] - [Ошибка] Не найдено ID клиента (OkDesk ID: undefined) Пропуск...
[14:36:40] - [Ошибка] Не найдено ID клиента (OkDesk ID: undefined) Пропуск...
[14:36:40] - [Ошибка] Не найдено ID клиента (OkDesk ID: undefined) Пропуск...
[14:36:41] - [Ошибка] Не найдено ID клиента (OkDesk ID: undefined) Пропуск...
[14:36:41] - [Ошибка] Не найдено ID клиента (OkDesk ID: undefined) Пропуск...
[14:36:41] - [Ошибка] Не найдено ID клиента (OkDesk ID: undefined) Пропуск...
[14:36:42] - [Ошибка] Не найдено ID клиента (OkDesk ID: undefined) Пропуск...
[14:36:42] - [Ошибка] Не найдено ID клиента (OkDesk ID: undefined) Пропуск...
[14:36:42] - [Ошибка] Не найдено ID клиента (OkDesk ID: undefined) Пропуск...
[14:36:42] - [Ошибка] Не найдено ID клиента (OkDesk ID: undefined) Пропуск...
[14:36:42] - Загрузка локальных данных закончена.
[14:36:42] - Обмен данными между OkDesk и Спутник завершен.
[14:36:44] - Developer - Mkrtchyan Martun <mart@kassa26.ru>
[14:36:44] - [OkDesk] Файл: '1-2data.json' - уже существует в 'data/okdesk'
[14:36:44] - Начало загрузки локальных данных.
[14:36:44] - Начало обмена данными между OkDesk и Спутник.
[14:36:44] - [Ошибка] Не найдено ID клиента (OkDesk ID: undefined) Пропуск...
[14:36:45] - [Ошибка] Не найдено ID клиента (OkDesk ID: undefined) Пропуск...
[14:36:45] - [Ошибка] Не найдено ID клиента (OkDesk ID: undefined) Пропуск...
[14:36:45] - [Ошибка] Не найдено ID клиента (OkDesk ID: undefined) Пропуск...
[14:36:45] - [Ошибка] Не найдено ID клиента (OkDesk ID: undefined) Пропуск...
[14:36:46] - [Ошибка] Не найдено ID клиента (OkDesk ID: undefined) Пропуск...
[14:36:46] - [Ошибка] Не найдено ID клиента (OkDesk ID: undefined) Пропуск...
[14:36:46] - [Ошибка] Не найдено ID клиента (OkDesk ID: undefined) Пропуск...
[14:36:46] - [Ошибка] Не найдено ID клиента (OkDesk ID: undefined) Пропуск...
[14:36:46] - [Ошибка] Не найдено ID клиента (OkDesk ID: undefined) Пропуск...
[14:36:47] - [Ошибка] Не найдено ID клиента (OkDesk ID: undefined) Пропуск...
[14:36:48] - [Ошибка] Не найдено ID клиента (OkDesk ID: undefined) Пропуск...
[14:36:48] - [Ошибка] Не найдено ID клиента (OkDesk ID: undefined) Пропуск...
[14:36:48] - [Ошибка] Не найдено ID клиента (OkDesk ID: undefined) Пропуск...
[14:36:49] - [Ошибка] Не найдено ID клиента (OkDesk ID: undefined) Пропуск...
[14:36:49] - [Ошибка] Не найдено ID клиента (OkDesk ID: undefined) Пропуск...
[14:36:49] - [Ошибка] Не найдено ID клиента (OkDesk ID: undefined) Пропуск...
[14:36:49] - [Ошибка] Не найдено ID клиента (OkDesk ID: undefined) Пропуск...
[14:36:49] - [Ошибка] Не найдено ID клиента (OkDesk ID: undefined) Пропуск...
[14:36:50] - [Ошибка] Не найдено ID клиента (OkDesk ID: undefined) Пропуск...
[14:36:50] - Загрузка локальных данных закончена.
[14:36:50] - Обмен данными между OkDesk и Спутник завершен.
[14:37:5] - Developer - Mkrtchyan Martun <mart@kassa26.ru>
[14:37:5] - [OkDesk] Файл: '1-3data.json' - уже существует в 'data/okdesk'
[14:37:5] - Начало загрузки локальных данных.
[14:37:5] - Начало обмена данными между OkDesk и Спутник.
[14:37:5] - [Ошибка] Не найдено ID клиента (OkDesk ID: undefined) Пропуск...
[14:37:5] - [Ошибка] Не найдено ID клиента (OkDesk ID: undefined) Пропуск...
[14:37:6] - [Ошибка] Не найдено ID клиента (OkDesk ID: undefined) Пропуск...
[14:37:6] - [Ошибка] Не найдено ID клиента (OkDesk ID: undefined) Пропуск...
[14:37:6] - [Ошибка] Не найдено ID клиента (OkDesk ID: undefined) Пропуск...
[14:37:6] - [Ошибка] Не найдено ID клиента (OkDesk ID: undefined) Пропуск...
[14:37:7] - [Ошибка] Не найдено ID клиента (OkDesk ID: undefined) Пропуск...
[14:37:7] - [Ошибка] Не найдено ID клиента (OkDesk ID: undefined) Пропуск...
[14:37:7] - [Ошибка] Не найдено ID клиента (OkDesk ID: undefined) Пропуск...
[14:37:8] - [Ошибка] Не найдено ID клиента (OkDesk ID: undefined) Пропуск...
[14:37:8] - [Ошибка] Не найдено ID клиента (OkDesk ID: undefined) Пропуск...
[14:37:8] - [Ошибка] Не найдено ID клиента (OkDesk ID: undefined) Пропуск...
[14:37:8] - [Ошибка] Не найдено ID клиента (OkDesk ID: undefined) Пропуск...
[14:37:8] - [Ошибка] Не найдено ID клиента (OkDesk ID: undefined) Пропуск...
[14:37:9] - [Ошибка] Не найдено ID клиента (OkDesk ID: undefined) Пропуск...
[14:37:9] - [Ошибка] Не найдено ID клиента (OkDesk ID: undefined) Пропуск...
[14:37:9] - [Ошибка] Не найдено ID клиента (OkDesk ID: undefined) Пропуск...
[14:37:9] - [Ошибка] Не найдено ID клиента (OkDesk ID: undefined) Пропуск...
[14:37:9] - [Ошибка] Не найдено ID клиента (OkDesk ID: undefined) Пропуск...
[14:37:10] - [Ошибка] Не найдено ID клиента (OkDesk ID: undefined) Пропуск...
[14:37:10] - [Ошибка] Не найдено ID клиента (OkDesk ID: undefined) Пропуск...
[14:37:10] - [Ошибка] Не найдено ID клиента (OkDesk ID: undefined) Пропуск...
[14:37:11] - [Ошибка] Не найдено ID клиента (OkDesk ID: undefined) Пропуск...
[14:37:11] - [Ошибка] Не найдено ID клиента (OkDesk ID: undefined) Пропуск...
[14:37:11] - [Ошибка] Не найдено ID клиента (OkDesk ID: undefined) Пропуск...
[14:37:11] - [Ошибка] Не найдено ID клиента (OkDesk ID: undefined) Пропуск...
[14:37:11] - [Ошибка] Не найдено ID клиента (OkDesk ID: undefined) Пропуск...
[14:37:12] - [Ошибка] Не найдено ID клиента (OkDesk ID: undefined) Пропуск...
[14:37:12] - [Ошибка] Не найдено ID клиента (OkDesk ID: undefined) Пропуск...
[14:37:12] - [Ошибка] Не найдено ID клиента (OkDesk ID: undefined) Пропуск...
[14:37:12] - Загрузка локальных данных закончена.
[14:37:12] - Обмен данными между OkDesk и Спутник завершен.
[14:39:0] - Developer - Mkrtchyan Martun <mart@kassa26.ru>
[14:39:0] - [OkDesk] Файл: '1-3data.json' - уже существует в 'data/okdesk'
[14:39:0] - Начало загрузки локальных данных.
[14:39:0] - Начало обмена данными между OkDesk и Спутник.
[14:39:1] - [Ошибка] Не найдено ID клиента (OkDesk ID: undefined) Пропуск...
[14:39:1] - [Ошибка] Не найдено ID клиента (OkDesk ID: undefined) Пропуск...
[14:39:1] - [Ошибка] Не найдено ID клиента (OkDesk ID: undefined) Пропуск...
[14:39:1] - [Ошибка] Не найдено ID клиента (OkDesk ID: undefined) Пропуск...
[14:39:2] - [Ошибка] Не найдено ID клиента (OkDesk ID: undefined) Пропуск...
[14:39:2] - [Ошибка] Не найдено ID клиента (OkDesk ID: undefined) Пропуск...
[14:39:2] - [Ошибка] Не найдено ID клиента (OkDesk ID: undefined) Пропуск...
[14:39:2] - [Ошибка] Не найдено ID клиента (OkDesk ID: undefined) Пропуск...
[14:39:3] - [Ошибка] Не найдено ID клиента (OkDesk ID: undefined) Пропуск...
[14:39:3] - [Ошибка] Не найдено ID клиента (OkDesk ID: undefined) Пропуск...
[14:39:3] - [Ошибка] Не найдено ID клиента (OkDesk ID: undefined) Пропуск...
[14:39:3] - [Ошибка] Не найдено ID клиента (OkDesk ID: undefined) Пропуск...
[14:39:3] - [Ошибка] Не найдено ID клиента (OkDesk ID: undefined) Пропуск...
[14:39:4] - [Ошибка] Не найдено ID клиента (OkDesk ID: undefined) Пропуск...
[14:39:4] - [Ошибка] Не найдено ID клиента (OkDesk ID: undefined) Пропуск...
[14:39:4] - [Ошибка] Не найдено ID клиента (OkDesk ID: undefined) Пропуск...
[14:39:5] - [Ошибка] Не найдено ID клиента (OkDesk ID: undefined) Пропуск...
[14:39:5] - [Ошибка] Не найдено ID клиента (OkDesk ID: undefined) Пропуск...
[14:39:5] - [Ошибка] Не найдено ID клиента (OkDesk ID: undefined) Пропуск...
[14:39:5] - [Ошибка] Не найдено ID клиента (OkDesk ID: undefined) Пропуск...
[14:39:6] - [Ошибка] Не найдено ID клиента (OkDesk ID: undefined) Пропуск...
[14:39:6] - [Ошибка] Не найдено ID клиента (OkDesk ID: undefined) Пропуск...
[14:39:6] - [Ошибка] Не найдено ID клиента (OkDesk ID: undefined) Пропуск...
[14:39:6] - [Ошибка] Не найдено ID клиента (OkDesk ID: undefined) Пропуск...
[14:39:6] - [Ошибка] Не найдено ID клиента (OkDesk ID: undefined) Пропуск...
[14:39:7] - [Ошибка] Не найдено ID клиента (OkDesk ID: undefined) Пропуск...
[14:39:7] - [Ошибка] Не найдено ID клиента (OkDesk ID: undefined) Пропуск...
[14:39:7] - [Ошибка] Не найдено ID клиента (OkDesk ID: undefined) Пропуск...
[14:39:7] - [Ошибка] Не найдено ID клиента (OkDesk ID: undefined) Пропуск...
[14:39:8] - [Ошибка] Не найдено ID клиента (OkDesk ID: undefined) Пропуск...
[14:39:8] - Загрузка локальных данных закончена.
[14:39:8] - Обмен данными между OkDesk и Спутник завершен.
[14:39:46] - Developer - Mkrtchyan Martun <mart@kassa26.ru>
[14:39:46] - [OkDesk] Файл: '1-3data.json' - уже существует в 'data/okdesk'
[14:39:46] - Начало загрузки локальных данных.
[14:39:46] - Начало обмена данными между OkDesk и Спутник.
[14:39:46] - [Ошибка] Не найдено ID клиента (OkDesk ID: undefined) Пропуск...
[14:39:46] - [Ошибка] Не найдено ID клиента (OkDesk ID: undefined) Пропуск...
[14:39:47] - [Ошибка] Не найдено ID клиента (OkDesk ID: undefined) Пропуск...
[14:39:47] - [Ошибка] Не найдено ID клиента (OkDesk ID: undefined) Пропуск...
[14:39:47] - [Ошибка] Не найдено ID клиента (OkDesk ID: undefined) Пропуск...
[14:39:47] - [Ошибка] Не найдено ID клиента (OkDesk ID: undefined) Пропуск...
[14:39:47] - [Ошибка] Не найдено ID клиента (OkDesk ID: undefined) Пропуск...
[14:39:48] - [Ошибка] Не найдено ID клиента (OkDesk ID: undefined) Пропуск...
[14:39:48] - [Ошибка] Не найдено ID клиента (OkDesk ID: undefined) Пропуск...
[14:39:48] - [Ошибка] Не найдено ID клиента (OkDesk ID: undefined) Пропуск...
[14:39:48] - [Ошибка] Не найдено ID клиента (OkDesk ID: undefined) Пропуск...
[14:39:48] - [Ошибка] Не найдено ID клиента (OkDesk ID: undefined) Пропуск...
[14:39:49] - [Ошибка] Не найдено ID клиента (OkDesk ID: undefined) Пропуск...
[14:39:49] - [Ошибка] Не найдено ID клиента (OkDesk ID: undefined) Пропуск...
[14:39:49] - [Ошибка] Не найдено ID клиента (OkDesk ID: undefined) Пропуск...
[14:39:49] - [Ошибка] Не найдено ID клиента (OkDesk ID: undefined) Пропуск...
[14:39:50] - [Ошибка] Не найдено ID клиента (OkDesk ID: undefined) Пропуск...
[14:39:50] - [Ошибка] Не найдено ID клиента (OkDesk ID: undefined) Пропуск...
[14:39:50] - [Ошибка] Не найдено ID клиента (OkDesk ID: undefined) Пропуск...
[14:39:50] - [Ошибка] Не найдено ID клиента (OkDesk ID: undefined) Пропуск...
[14:39:50] - [Ошибка] Не найдено ID клиента (OkDesk ID: undefined) Пропуск...
[14:39:51] - [Ошибка] Не найдено ID клиента (OkDesk ID: undefined) Пропуск...
[14:39:51] - [Ошибка] Не найдено ID клиента (OkDesk ID: undefined) Пропуск...
[14:39:51] - [Ошибка] Не найдено ID клиента (OkDesk ID: undefined) Пропуск...
[14:39:51] - [Ошибка] Не найдено ID клиента (OkDesk ID: undefined) Пропуск...
[14:39:51] - [Ошибка] Не найдено ID клиента (OkDesk ID: undefined) Пропуск...
[14:39:52] - [Ошибка] Не найдено ID клиента (OkDesk ID: undefined) Пропуск...
[14:39:52] - [Ошибка] Не найдено ID клиента (OkDesk ID: undefined) Пропуск...
[14:39:52] - [Ошибка] Не найдено ID клиента (OkDesk ID: undefined) Пропуск...
[14:39:52] - [Ошибка] Не найдено ID клиента (OkDesk ID: undefined) Пропуск...
[14:39:52] - Загрузка локальных данных закончена.
[14:39:52] - Обмен данными между OkDesk и Спутник завершен.
[14:40:35] - Developer - Mkrtchyan Martun <mart@kassa26.ru>
[14:40:35] - Начало загрузки локальных данных.
[14:40:35] - Начало обмена данными между OkDesk и Спутник.
[14:40:35] - [Ошибка] Не найдено ID клиента (OkDesk ID: undefined) Пропуск...
[14:40:35] - Загрузка локальных данных закончена.
[14:40:35] - Обмен данными между OkDesk и Спутник завершен.
[14:40:38] - Developer - Mkrtchyan Martun <mart@kassa26.ru>
[14:40:38] - [OkDesk] Файл: '1-NaNdata.json' - уже существует в 'data/okdesk'
[14:40:38] - Начало загрузки локальных данных.
[14:40:38] - Начало обмена данными между OkDesk и Спутник.
[14:40:38] - [Ошибка] Не найдено ID клиента (OkDesk ID: undefined) Пропуск...
[14:40:38] - Загрузка локальных данных закончена.
[14:40:38] - Обмен данными между OkDesk и Спутник завершен.
[14:40:40] - Developer - Mkrtchyan Martun <mart@kassa26.ru>
[14:40:40] - [OkDesk] Файл: '1-NaNdata.json' - уже существует в 'data/okdesk'
[14:40:40] - Начало загрузки локальных данных.
[14:40:40] - Начало обмена данными между OkDesk и Спутник.
[14:40:40] - [Ошибка] Не найдено ID клиента (OkDesk ID: undefined) Пропуск...
[14:40:40] - Загрузка локальных данных закончена.
[14:40:40] - Обмен данными между OkDesk и Спутник завершен.
[14:45:46] - Developer - Mkrtchyan Martun <mart@kassa26.ru>
[14:45:46] - [OkDesk] Файл: '1-1data.json' - уже существует в 'data/okdesk'
[14:45:46] - Начало загрузки локальных данных.
[14:45:46] - Начало обмена данными между OkDesk и Спутник.
[14:45:46] - [Ошибка] Не найдено ID клиента (OkDesk ID: undefined) Пропуск...
[14:45:46] - [Ошибка] Не найдено ID клиента (OkDesk ID: undefined) Пропуск...
[14:45:46] - [Ошибка] Не найдено ID клиента (OkDesk ID: undefined) Пропуск...
[14:45:47] - [Ошибка] Не найдено ID клиента (OkDesk ID: undefined) Пропуск...
[14:45:47] - [Ошибка] Не найдено ID клиента (OkDesk ID: undefined) Пропуск...
[14:45:47] - [Ошибка] Не найдено ID клиента (OkDesk ID: undefined) Пропуск...
[14:45:47] - [Ошибка] Не найдено ID клиента (OkDesk ID: undefined) Пропуск...
[14:45:48] - [Ошибка] Не найдено ID клиента (OkDesk ID: undefined) Пропуск...
[14:45:48] - [Ошибка] Не найдено ID клиента (OkDesk ID: undefined) Пропуск...
[14:45:48] - [Ошибка] Не найдено ID клиента (OkDesk ID: undefined) Пропуск...
[14:45:48] - Загрузка локальных данных закончена.
[14:45:48] - Обмен данными между OkDesk и Спутник завершен.
[14:45:57] - Developer - Mkrtchyan Martun <mart@kassa26.ru>
[14:45:57] - [OkDesk] Файл: '1-2data.json' - уже существует в 'data/okdesk'
[14:45:57] - Начало загрузки локальных данных.
[14:45:57] - Начало обмена данными между OkDesk и Спутник.
[14:45:57] - [Ошибка] Не найдено ID клиента (OkDesk ID: undefined) Пропуск...
[14:45:57] - [Ошибка] Не найдено ID клиента (OkDesk ID: undefined) Пропуск...
[14:45:57] - [Ошибка] Не найдено ID клиента (OkDesk ID: undefined) Пропуск...
[14:45:57] - [Ошибка] Не найдено ID клиента (OkDesk ID: undefined) Пропуск...
[14:45:58] - [Ошибка] Не найдено ID клиента (OkDesk ID: undefined) Пропуск...
[14:45:58] - [Ошибка] Не найдено ID клиента (OkDesk ID: undefined) Пропуск...
[14:45:58] - [Ошибка] Не найдено ID клиента (OkDesk ID: undefined) Пропуск...
[14:45:58] - [Ошибка] Не найдено ID клиента (OkDesk ID: undefined) Пропуск...
[14:45:59] - [Ошибка] Не найдено ID клиента (OkDesk ID: undefined) Пропуск...
[14:45:59] - [Ошибка] Не найдено ID клиента (OkDesk ID: undefined) Пропуск...
[14:45:59] - [Ошибка] Не найдено ID клиента (OkDesk ID: undefined) Пропуск...
[14:45:59] - [Ошибка] Не найдено ID клиента (OkDesk ID: undefined) Пропуск...
[14:45:59] - [Ошибка] Не найдено ID клиента (OkDesk ID: undefined) Пропуск...
[14:46:0] - [Ошибка] Не найдено ID клиента (OkDesk ID: undefined) Пропуск...
[14:46:0] - [Ошибка] Не найдено ID клиента (OkDesk ID: undefined) Пропуск...
[14:46:0] - [Ошибка] Не найдено ID клиента (OkDesk ID: undefined) Пропуск...
[14:46:1] - [Ошибка] Не найдено ID клиента (OkDesk ID: undefined) Пропуск...
[14:46:1] - [Ошибка] Не найдено ID клиента (OkDesk ID: undefined) Пропуск...
[14:46:1] - [Ошибка] Не найдено ID клиента (OkDesk ID: undefined) Пропуск...
[14:46:1] - [Ошибка] Не найдено ID клиента (OkDesk ID: undefined) Пропуск...
[14:46:1] - Загрузка локальных данных закончена.
[14:46:1] - Обмен данными между OkDesk и Спутник завершен.
[14:47:52] - Developer - Mkrtchyan Martun <mart@kassa26.ru>
[14:47:52] - [OkDesk] Файл: '1-1data.json' - уже существует в 'data/okdesk'
[14:47:52] - Начало загрузки локальных данных.
[14:47:52] - Начало обмена данными между OkDesk и Спутник.
[14:47:53] - [Ошибка] Не найдено ID клиента (OkDesk ID: undefined) Пропуск...
[14:47:53] - [Ошибка] Не найдено ID клиента (OkDesk ID: undefined) Пропуск...
[14:47:53] - [Ошибка] Не найдено ID клиента (OkDesk ID: undefined) Пропуск...
[14:47:53] - [Ошибка] Не найдено ID клиента (OkDesk ID: undefined) Пропуск...
[14:47:54] - [Ошибка] Не найдено ID клиента (OkDesk ID: undefined) Пропуск...
[14:47:54] - [Ошибка] Не найдено ID клиента (OkDesk ID: undefined) Пропуск...
[14:47:54] - [Ошибка] Не найдено ID клиента (OkDesk ID: undefined) Пропуск...
[14:47:54] - [Ошибка] Не найдено ID клиента (OkDesk ID: undefined) Пропуск...
[14:47:54] - [Ошибка] Не найдено ID клиента (OkDesk ID: undefined) Пропуск...
[14:47:55] - [Ошибка] Не найдено ID клиента (OkDesk ID: undefined) Пропуск...
[14:47:55] - Загрузка локальных данных закончена.
[14:47:55] - Обмен данными между OkDesk и Спутник завершен.
[14:51:43] - Developer - Mkrtchyan Martun <mart@kassa26.ru>
[14:51:43] - [OkDesk] Файл: '1-1data.json' - уже существует в 'data/okdesk'
[14:51:43] - Начало загрузки локальных данных.
[14:51:43] - Начало обмена данными между OkDesk и Спутник.
[14:51:43] - [Ошибка] Не найдено ID клиента (OkDesk ID: undefined) Пропуск...
[14:51:44] - [Ошибка] Не найдено ID клиента (OkDesk ID: undefined) Пропуск...
[14:51:44] - [Ошибка] Не найдено ID клиента (OkDesk ID: undefined) Пропуск...
[14:51:44] - [Ошибка] Не найдено ID клиента (OkDesk ID: undefined) Пропуск...
[14:51:45] - [Ошибка] Не найдено ID клиента (OkDesk ID: undefined) Пропуск...
[14:51:45] - [Ошибка] Не найдено ID клиента (OkDesk ID: undefined) Пропуск...
[14:51:45] - [Ошибка] Не найдено ID клиента (OkDesk ID: undefined) Пропуск...
[14:51:45] - [Ошибка] Не найдено ID клиента (OkDesk ID: undefined) Пропуск...
[14:51:46] - [Ошибка] Не найдено ID клиента (OkDesk ID: undefined) Пропуск...
[14:51:46] - [Ошибка] Не найдено ID клиента (OkDesk ID: undefined) Пропуск...
[14:51:46] - Загрузка локальных данных закончена.
[14:51:46] - Обмен данными между OkDesk и Спутник завершен.
[14:54:47] - Developer - Mkrtchyan Martun <mart@kassa26.ru>
[14:54:47] - [OkDesk] Файл: '1-1data.json' - уже существует в 'data/okdesk'
[14:54:47] - Начало загрузки локальных данных.
[14:54:47] - Начало обмена данными между OkDesk и Спутник.
[14:54:48] - [Ошибка] Не найдено ID клиента (OkDesk ID: undefined) Пропуск...
[14:54:48] - [Ошибка] Не найдено ID клиента (OkDesk ID: undefined) Пропуск...
[14:55:34] - Developer - Mkrtchyan Martun <mart@kassa26.ru>
[14:55:34] - [OkDesk] Файл: '1-1data.json' - уже существует в 'data/okdesk'
[14:55:34] - Начало загрузки локальных данных.
[14:55:34] - Начало обмена данными между OkDesk и Спутник.
[14:55:34] - [Ошибка] Не найдено ID клиента (OkDesk ID: undefined) Пропуск...
[14:55:34] - [Ошибка] Не найдено ID клиента (OkDesk ID: undefined) Пропуск...
[14:55:35] - [Ошибка] Не найдено ID клиента (OkDesk ID: undefined) Пропуск...
[14:55:35] - [Ошибка] Не найдено ID клиента (OkDesk ID: undefined) Пропуск...
[14:55:35] - [Ошибка] Не найдено ID клиента (OkDesk ID: undefined) Пропуск...
[14:55:35] - [Ошибка] Не найдено ID клиента (OkDesk ID: undefined) Пропуск...
[14:55:36] - [Ошибка] Не найдено ID клиента (OkDesk ID: undefined) Пропуск...
[14:55:36] - [Ошибка] Не найдено ID клиента (OkDesk ID: undefined) Пропуск...
[14:55:36] - [Ошибка] Не найдено ID клиента (OkDesk ID: undefined) Пропуск...
[14:55:36] - [Ошибка] Не найдено ID клиента (OkDesk ID: undefined) Пропуск...
[14:55:36] - Загрузка локальных данных закончена.
[14:55:36] - Обмен данными между OkDesk и Спутник завершен.
[14:55:56] - Developer - Mkrtchyan Martun <mart@kassa26.ru>
[14:55:56] - [OkDesk] Файл: '1-1data.json' - уже существует в 'data/okdesk'
[14:55:56] - Начало загрузки локальных данных.
[14:55:56] - Начало обмена данными между OkDesk и Спутник.
[14:55:56] - [Ошибка] Не найдено ID клиента (OkDesk ID: undefined) Пропуск...
[14:55:56] - [Ошибка] Не найдено ID клиента (OkDesk ID: undefined) Пропуск...
[14:55:57] - [Ошибка] Не найдено ID клиента (OkDesk ID: undefined) Пропуск...
[14:55:57] - [Ошибка] Не найдено ID клиента (OkDesk ID: undefined) Пропуск...
[14:55:57] - [Ошибка] Не найдено ID клиента (OkDesk ID: undefined) Пропуск...
[14:55:57] - [Ошибка] Не найдено ID клиента (OkDesk ID: undefined) Пропуск...
[14:55:58] - [Ошибка] Не найдено ID клиента (OkDesk ID: undefined) Пропуск...
[14:55:58] - [Ошибка] Не найдено ID клиента (OkDesk ID: undefined) Пропуск...
[14:55:58] - [Ошибка] Не найдено ID клиента (OkDesk ID: undefined) Пропуск...
[14:55:58] - [Ошибка] Не найдено ID клиента (OkDesk ID: undefined) Пропуск...
[14:55:58] - Загрузка локальных данных закончена.
[14:55:58] - Обмен данными между OkDesk и Спутник завершен.
[14:56:6] - Developer - Mkrtchyan Martun <mart@kassa26.ru>
[14:56:6] - [OkDesk] Файл: '1-1data.json' - уже существует в 'data/okdesk'
[14:56:6] - Начало загрузки локальных данных.
[14:56:6] - Начало обмена данными между OkDesk и Спутник.
[14:56:7] - [Ошибка] Не найдено ID клиента (OkDesk ID: undefined) Пропуск...
[14:56:7] - [Ошибка] Не найдено ID клиента (OkDesk ID: undefined) Пропуск...
[14:56:7] - [Ошибка] Не найдено ID клиента (OkDesk ID: undefined) Пропуск...
[14:56:7] - [Ошибка] Не найдено ID клиента (OkDesk ID: undefined) Пропуск...
[14:56:7] - [Ошибка] Не найдено ID клиента (OkDesk ID: undefined) Пропуск...
[14:56:8] - [Ошибка] Не найдено ID клиента (OkDesk ID: undefined) Пропуск...
[14:56:8] - [Ошибка] Не найдено ID клиента (OkDesk ID: undefined) Пропуск...
[14:56:9] - [Ошибка] Не найдено ID клиента (OkDesk ID: undefined) Пропуск...
[14:56:9] - [Ошибка] Не найдено ID клиента (OkDesk ID: undefined) Пропуск...
[14:56:9] - [Ошибка] Не найдено ID клиента (OkDesk ID: undefined) Пропуск...
[14:56:9] - Загрузка локальных данных закончена.
[14:56:9] - Обмен данными между OkDesk и Спутник завершен.
[14:56:12] - Developer - Mkrtchyan Martun <mart@kassa26.ru>
[14:56:12] - Начало загрузки локальных данных.
[14:56:12] - Начало обмена данными между OkDesk и Спутник.
[14:56:12] - [Ошибка] Не найдено ID клиента (OkDesk ID: undefined) Пропуск...
[14:56:12] - [Ошибка] Не найдено ID клиента (OkDesk ID: undefined) Пропуск...
[14:56:13] - [Ошибка] Не найдено ID клиента (OkDesk ID: undefined) Пропуск...
[14:56:13] - [Ошибка] Не найдено ID клиента (OkDesk ID: undefined) Пропуск...
[14:56:13] - [Ошибка] Не найдено ID клиента (OkDesk ID: undefined) Пропуск...
[14:56:13] - [Ошибка] Не найдено ID клиента (OkDesk ID: undefined) Пропуск...
[14:56:13] - [Ошибка] Не найдено ID клиента (OkDesk ID: undefined) Пропуск...
[14:56:14] - [Ошибка] Не найдено ID клиента (OkDesk ID: undefined) Пропуск...
[14:56:14] - [Ошибка] Не найдено ID клиента (OkDesk ID: undefined) Пропуск...
[14:56:14] - [Ошибка] Не найдено ID клиента (OkDesk ID: undefined) Пропуск...
[14:56:14] - [Ошибка] Не найдено ID клиента (OkDesk ID: undefined) Пропуск...
[14:56:15] - [Ошибка] Не найдено ID клиента (OkDesk ID: undefined) Пропуск...
[14:56:15] - [Ошибка] Не найдено ID клиента (OkDesk ID: undefined) Пропуск...
[14:56:15] - [Ошибка] Не найдено ID клиента (OkDesk ID: undefined) Пропуск...
[14:56:15] - [Ошибка] Не найдено ID клиента (OkDesk ID: undefined) Пропуск...
[14:56:16] - [Ошибка] Не найдено ID клиента (OkDesk ID: undefined) Пропуск...
[14:56:16] - [Ошибка] Не найдено ID клиента (OkDesk ID: undefined) Пропуск...
[14:56:16] - [Ошибка] Не найдено ID клиента (OkDesk ID: undefined) Пропуск...
[14:56:16] - [Ошибка] Не найдено ID клиента (OkDesk ID: undefined) Пропуск...
[14:56:16] - [Ошибка] Не найдено ID клиента (OkDesk ID: undefined) Пропуск...
[14:56:17] - [Ошибка] Не найдено ID клиента (OkDesk ID: undefined) Пропуск...
[14:56:17] - [Ошибка] Не найдено ID клиента (OkDesk ID: undefined) Пропуск...
[14:56:17] - [Ошибка] Не найдено ID клиента (OkDesk ID: undefined) Пропуск...
[14:56:17] - [Ошибка] Не найдено ID клиента (OkDesk ID: undefined) Пропуск...
[14:56:18] - [Ошибка] Не найдено ID клиента (OkDesk ID: undefined) Пропуск...
[14:56:18] - [Ошибка] Не найдено ID клиента (OkDesk ID: undefined) Пропуск...
[14:56:18] - [Ошибка] Не найдено ID клиента (OkDesk ID: undefined) Пропуск...
[14:56:18] - [Ошибка] Не найдено ID клиента (OkDesk ID: undefined) Пропуск...
[14:56:19] - [Ошибка] Не найдено ID клиента (OkDesk ID: undefined) Пропуск...
[14:56:19] - [Ошибка] Не найдено ID клиента (OkDesk ID: undefined) Пропуск...
[14:56:19] - [Ошибка] Не найдено ID клиента (OkDesk ID: undefined) Пропуск...
[14:56:19] - [Ошибка] Не найдено ID клиента (OkDesk ID: undefined) Пропуск...
[14:56:20] - [Ошибка] Не найдено ID клиента (OkDesk ID: undefined) Пропуск...
[14:56:20] - Сущность с ID: 34 обработана на сервере.
[14:56:20] - Отправка данных в Спутник...
[14:56:20] - Status: success
[14:56:20] - Status2: success
[14:56:20] - SputnikTaskID: 28960
[14:56:21] - Сущность с ID: 35 обработана на сервере.
[14:56:21] - Отправка данных в Спутник...
[14:56:21] - Status: success
[14:56:21] - Status2: success
[14:56:21] - SputnikTaskID: 28961
[14:56:21] - [Ошибка] Не найдено ID клиента (OkDesk ID: undefined) Пропуск...
[14:56:21] - [Ошибка] Не найдено ID клиента (OkDesk ID: undefined) Пропуск...
[14:56:22] - Сущность с ID: 38 обработана на сервере.
[14:56:22] - Отправка данных в Спутник...
[14:56:22] - Status: success
[14:56:22] - Status2: success
[14:56:22] - SputnikTaskID: 28962
[14:56:22] - Сущность с ID: 39 обработана на сервере.
[14:56:23] - Отправка данных в Спутник...
[14:56:23] - Status: success
[14:56:23] - Status2: success
[14:56:23] - SputnikTaskID: 28963
[14:56:23] - Сущность с ID: 40 обработана на сервере.
[14:56:23] - Отправка данных в Спутник...
[14:56:23] - Status: success
[14:56:23] - Status2: success
[14:56:23] - SputnikTaskID: 28964
[14:56:23] - Сущность с ID: 41 обработана на сервере.
[14:56:24] - Отправка данных в Спутник...
[14:56:24] - Status: success
[14:56:24] - Status2: success
[14:56:24] - SputnikTaskID: 28965
[14:56:24] - Сущность с ID: 42 обработана на сервере.
[14:56:24] - Отправка данных в Спутник...
[14:56:24] - Status: success
[14:56:24] - Status2: success
[14:56:24] - SputnikTaskID: 28966
[14:56:25] - Сущность с ID: 43 обработана на сервере.
[14:56:25] - Отправка данных в Спутник...
[14:56:25] - Status: success
[14:56:25] - Status2: success
[14:56:25] - SputnikTaskID: 28967
[14:56:25] - Сущность с ID: 44 обработана на сервере.
[14:56:26] - Отправка данных в Спутник...
[14:56:26] - Status: success
[14:56:26] - Status2: success
[14:56:26] - SputnikTaskID: 28968
[14:56:26] - [Ошибка] Не найдено ID клиента (OkDesk ID: undefined) Пропуск...
[14:56:26] - [Ошибка] Не найдено ID клиента (OkDesk ID: undefined) Пропуск...
[14:56:26] - Сущность с ID: 47 обработана на сервере.
[14:56:27] - Отправка данных в Спутник...
[14:56:27] - Status: success
[14:56:27] - Status2: success
[14:56:27] - SputnikTaskID: 28969
[14:56:27] - Сущность с ID: 48 обработана на сервере.
[14:56:27] - Отправка данных в Спутник...
[14:56:27] - Status: success
[14:56:27] - Status2: success
[14:56:27] - SputnikTaskID: 28970
[14:56:28] - Сущность с ID: 49 обработана на сервере.
[14:56:28] - Отправка данных в Спутник...
[14:56:28] - Status: success
[14:56:28] - Status2: success
[14:56:28] - SputnikTaskID: 28971
[14:56:28] - Сущность с ID: 50 обработана на сервере.
[14:56:28] - Отправка данных в Спутник...
[14:56:28] - Status: success
[14:56:28] - Status2: success
[14:56:28] - SputnikTaskID: 28972
[14:56:28] - Загрузка локальных данных закончена.
[14:56:28] - Обмен данными между OkDesk и Спутник завершен.
[14:59:49] - Developer - Mkrtchyan Martun <mart@kassa26.ru>
[14:59:49] - [OkDesk] Файл: '2-3data.json' - уже существует в 'data/okdesk'
[14:59:49] - Начало загрузки локальных данных.
[14:59:49] - Начало обмена данными между OkDesk и Спутник.
[14:59:50] - [Ошибка] Не найдено ID клиента (OkDesk ID: undefined) Пропуск...
[14:59:50] - [Ошибка] Не найдено ID клиента (OkDesk ID: undefined) Пропуск...
[14:59:50] - [Ошибка] Не найдено ID клиента (OkDesk ID: undefined) Пропуск...
[14:59:51] - [Ошибка] Не найдено ID клиента (OkDesk ID: undefined) Пропуск...
[14:59:51] - [Ошибка] Не найдено ID клиента (OkDesk ID: undefined) Пропуск...
[14:59:51] - [Ошибка] Не найдено ID клиента (OkDesk ID: undefined) Пропуск...
[14:59:51] - [Ошибка] Не найдено ID клиента (OkDesk ID: undefined) Пропуск...
[14:59:52] - [Ошибка] Не найдено ID клиента (OkDesk ID: undefined) Пропуск...
[14:59:52] - [Ошибка] Не найдено ID клиента (OkDesk ID: undefined) Пропуск...
[14:59:52] - [Ошибка] Не найдено ID клиента (OkDesk ID: undefined) Пропуск...
[14:59:52] - [Ошибка] Не найдено ID клиента (OkDesk ID: undefined) Пропуск...
[15:0:50] - Developer - Mkrtchyan Martun <mart@kassa26.ru>
[15:0:50] - Начало загрузки локальных данных.
[15:0:50] - Начало обмена данными между OkDesk и Спутник.
[15:0:50] - Сущность с ID: 1134 обработана на сервере.
[15:0:51] - Отправка данных в Спутник...
[15:0:51] - Status: success
[15:0:51] - Status2: success
[15:0:51] - SputnikTaskID: 28973
[15:0:51] - Сущность с ID: 1135 обработана на сервере.
[15:0:51] - Отправка данных в Спутник...
[15:0:51] - Status: success
[15:0:51] - Status2: success
[15:0:51] - SputnikTaskID: 28974
[15:0:52] - [Ошибка] Не найдено ID клиента (OkDesk ID: 1136) Пропуск...
[15:0:53] - Сущность с ID: 1137 обработана на сервере.
[15:0:53] - Отправка данных в Спутник...
[15:0:53] - Status: success
[15:0:53] - Status2: success
[15:0:53] - SputnikTaskID: 28975
[15:0:54] - Сущность с ID: 1138 обработана на сервере.
[15:0:54] - Отправка данных в Спутник...
[15:0:54] - Status: success
[15:0:54] - Status2: success
[15:0:54] - SputnikTaskID: 28976
[15:0:54] - Сущность с ID: 1139 обработана на сервере.
[15:0:55] - Отправка данных в Спутник...
[15:0:55] - Status: success
[15:0:55] - Status2: success
[15:0:55] - SputnikTaskID: 28977
[15:1:52] - Developer - Mkrtchyan Martun <mart@kassa26.ru>
[15:1:52] - Начало загрузки локальных данных.
[15:1:52] - Начало обмена данными между OkDesk и Спутник.
[15:1:53] - Сущность с ID: 1140 обработана на сервере.
[15:1:53] - Отправка данных в Спутник...
[15:1:53] - Status: success
[15:1:53] - Status2: success
[15:1:53] - SputnikTaskID: 28978
[15:1:53] - Сущность с ID: 1141 обработана на сервере.
[15:1:54] - Отправка данных в Спутник...
[15:1:54] - Status: success
[15:1:54] - Status2: success
[15:1:54] - SputnikTaskID: 28979
[15:1:54] - Загрузка локальных данных закончена.
[15:1:54] - Обмен данными между OkDesk и Спутник завершен.
[15:3:24] - Developer - Mkrtchyan Martun <mart@kassa26.ru>
[15:3:24] - [OkDesk] Файл: '1-1data.json' - уже существует в 'data/okdesk'
[15:3:24] - Начало загрузки локальных данных.
[15:3:24] - Начало обмена данными между OkDesk и Спутник.
[15:3:24] - Загрузка локальных данных закончена.
[15:3:24] - Обмен данными между OkDesk и Спутник завершен.
[15:4:56] - Developer - Mkrtchyan Martun <mart@kassa26.ru>
[15:4:56] - [OkDesk] Файл: '1-1data.json' - уже существует в 'data/okdesk'
[15:4:56] - Начало загрузки локальных данных.
[15:4:56] - Начало обмена данными между OkDesk и Спутник.
[15:4:56] - [Ошибка] Записи с ID - undefined не существует. Пропуск...
[15:4:56] - Загрузка локальных данных закончена.
[15:4:56] - Обмен данными между OkDesk и Спутник завершен.
[15:8:21] - Developer - Mkrtchyan Martun <mart@kassa26.ru>
[15:8:21] - [OkDesk] Файл: '1-1data.json' - уже существует в 'data/okdesk'
[15:8:21] - Начало загрузки локальных данных.
[15:8:21] - Начало обмена данными между OkDesk и Спутник.
[15:12:19] - Developer - Mkrtchyan Martun <mart@kassa26.ru>
[15:12:19] - [OkDesk] Файл: '1-1data.json' - уже существует в 'data/okdesk'
[15:12:32] - Developer - Mkrtchyan Martun <mart@kassa26.ru>
[15:12:32] - [OkDesk] Файл: '1-3data.json' - уже существует в 'data/okdesk'
[15:12:44] - Developer - Mkrtchyan Martun <mart@kassa26.ru>
[15:12:44] - [OkDesk] Файл: '1101-1101data.json' - уже существует в 'data/okdesk'
[15:13:25] - Developer - Mkrtchyan Martun <mart@kassa26.ru>
[15:13:25] - [OkDesk] Файл: '1101-1101data.json' - уже существует в 'data/okdesk'
[15:14:13] - Developer - Mkrtchyan Martun <mart@kassa26.ru>
[15:14:13] - [OkDesk] Файл: '1101-1101data.json' - уже существует в 'data/okdesk'
[15:14:21] - Developer - Mkrtchyan Martun <mart@kassa26.ru>
[15:14:21] - [OkDesk] Файл: '1101-1101data.json' - уже существует в 'data/okdesk'
[15:14:22] - Сущность с ID: 1101 обработана на сервере.
[15:14:22] - Отправка данных в Спутник...
[15:14:22] - Status: success
[15:14:22] - Status2: success
[15:14:22] - SputnikTaskID: 28980
[15:14:30] - Developer - Mkrtchyan Martun <mart@kassa26.ru>
[15:14:30] - [OkDesk] Файл: '1-1data.json' - уже существует в 'data/okdesk'
[15:14:31] - [Ошибка] Записи с данным OkDeskID не существует. Пропуск...
[15:15:58] - Developer - Mkrtchyan Martun <mart@kassa26.ru>
[15:15:58] - [OkDesk] Файл: '1-1data.json' - уже существует в 'data/okdesk'
[15:15:59] - [Ошибка] Записи с данным OkDeskID не существует. Пропуск...
[15:16:20] - Developer - Mkrtchyan Martun <mart@kassa26.ru>
[15:16:20] - [OkDesk] Файл: '1-1data.json' - уже существует в 'data/okdesk'
[15:16:20] - [Ошибка] Записи с данным OkDeskID не существует. Пропуск...
[15:16:21] - Developer - Mkrtchyan Martun <mart@kassa26.ru>
[15:16:21] - [OkDesk] Файл: '1-1data.json' - уже существует в 'data/okdesk'
[15:16:21] - [Ошибка] Записи с данным OkDeskID не существует. Пропуск...
[15:16:30] - Developer - Mkrtchyan Martun <mart@kassa26.ru>
[15:16:30] - [OkDesk] Файл: '1-2data.json' - уже существует в 'data/okdesk'
[15:16:30] - [Ошибка] Записи с данным OkDeskID не существует. Пропуск...
[15:16:40] - Developer - Mkrtchyan Martun <mart@kassa26.ru>
[15:16:40] - [OkDesk] Файл: '1-2data.json' - уже существует в 'data/okdesk'
[15:16:40] - [Ошибка] Записи с данным OkDeskID не существует. Пропуск...
[15:16:41] - Developer - Mkrtchyan Martun <mart@kassa26.ru>
[15:16:41] - [OkDesk] Файл: '1-2data.json' - уже существует в 'data/okdesk'
[15:16:41] - [Ошибка] Записи с данным OkDeskID не существует. Пропуск...
[15:16:42] - Developer - Mkrtchyan Martun <mart@kassa26.ru>
[15:16:42] - [OkDesk] Файл: '1-2data.json' - уже существует в 'data/okdesk'
[15:16:42] - [Ошибка] Записи с данным OkDeskID не существует. Пропуск...
[15:16:43] - Developer - Mkrtchyan Martun <mart@kassa26.ru>
[15:16:43] - [OkDesk] Файл: '1-5data.json' - уже существует в 'data/okdesk'
[15:16:44] - [Ошибка] Записи с данным OkDeskID не существует. Пропуск...
[15:16:44] - Developer - Mkrtchyan Martun <mart@kassa26.ru>
[15:16:44] - [OkDesk] Файл: '1-5data.json' - уже существует в 'data/okdesk'
[15:16:44] - [Ошибка] Записи с данным OkDeskID не существует. Пропуск...
[15:16:45] - Developer - Mkrtchyan Martun <mart@kassa26.ru>
[15:16:45] - [OkDesk] Файл: '1-5data.json' - уже существует в 'data/okdesk'
[15:16:45] - [Ошибка] Записи с данным OkDeskID не существует. Пропуск...
[15:16:52] - Developer - Mkrtchyan Martun <mart@kassa26.ru>
[15:16:52] - Начало загрузки локальных данных.
[15:16:52] - Начало обмена данными между OkDesk и Спутник.
[15:16:52] - Сущность с ID: 1111 обработана на сервере.
[15:16:53] - Отправка данных в Спутник...
[15:16:53] - Status: success
[15:16:53] - Status2: success
[15:16:53] - SputnikTaskID: 28981
[15:19:43] - Developer - Mkrtchyan Martun <mart@kassa26.ru>
[15:19:43] - [OkDesk] Файл: '1112-1113data.json' - уже существует в 'data/okdesk'
[15:19:44] - Сущность с ID: 1112 обработана на сервере.
[15:19:44] - Отправка данных в Спутник...
[15:19:44] - Status: success
[15:19:44] - Status2: success
[15:19:44] - SputnikTaskID: 28982
[15:21:21] - Developer - Mkrtchyan Martun <mart@kassa26.ru>
[15:21:21] - Начало загрузки локальных данных.
[15:21:21] - Начало обмена данными между OkDesk и Спутник.
[15:21:21] - Сущность с ID: 1113 обработана на сервере.
[15:21:21] - Отправка данных в Спутник...
[15:21:21] - Status: success
[15:21:21] - Status2: success
[15:21:21] - SputnikTaskID: 28983
[15:22:32] - Developer - Mkrtchyan Martun <mart@kassa26.ru>
[15:22:32] - Начало загрузки локальных данных.
[15:22:32] - Начало обмена данными между OkDesk и Спутник.
[15:22:32] - Сущность с ID: 1114 обработана на сервере.
[15:22:33] - Отправка данных в Спутник...
[15:22:33] - Status: success
[15:22:33] - Status2: success
[15:22:33] - SputnikTaskID: 28984
[15:23:21] - Developer - Mkrtchyan Martun <mart@kassa26.ru>
[15:23:21] - Начало загрузки локальных данных.
[15:23:21] - Начало обмена данными между OkDesk и Спутник.
[15:23:22] - Сущность с ID: 1115 обработана на сервере.
[15:23:22] - Отправка данных в Спутник...
[15:23:22] - Status: success
[15:23:22] - Status2: success
[15:23:22] - SputnikTaskID: 28985
[15:23:22] - Сущность с ID: 1116 обработана на сервере.
[15:23:22] - Отправка данных в Спутник...
[15:23:22] - Status: success
[15:23:22] - Status2: success
[15:23:22] - SputnikTaskID: 28986
[15:23:22] - Загрузка локальных данных закончена.
[15:23:22] - Обмен данными между OkDesk и Спутник завершен.
[15:25:48] - Developer - Mkrtchyan Martun <mart@kassa26.ru>
[15:25:48] - [OkDesk] Файл: '1-1data.json' - уже существует в 'data/okdesk'
[15:25:48] - Начало загрузки локальных данных.
[15:25:48] - Начало обмена данными между OkDesk и Спутник.
[15:25:48] - [Ошибка] Записи с данным OkDeskID не существует. Пропуск...
[15:25:48] - Загрузка локальных данных закончена.
[15:25:48] - Обмен данными между OkDesk и Спутник завершен.
[15:28:23] - Developer - Mkrtchyan Martun <mart@kassa26.ru>
[15:28:23] - [OkDesk] Файл: '1-1data.json' - уже существует в 'data/okdesk'
[15:28:23] - Начало загрузки локальных данных.
[15:28:23] - Начало обмена данными между OkDesk и Спутник.
[15:28:24] - [Ошибка] Записи с данным OkDeskID не существует. Пропуск...
[15:28:24] - Загрузка локальных данных закончена.
[15:28:24] - Обмен данными между OkDesk и Спутник завершен.
[15:29:59] - Developer - Mkrtchyan Martun <mart@kassa26.ru>
[15:30:0] - [OkDesk] Файл: '1-1data.json' - уже существует в 'data/okdesk'
[15:30:0] - Начало загрузки локальных данных.
[15:30:0] - Начало обмена данными между OkDesk и Спутник.
[15:30:0] - [Ошибка] Записи с данным OkDeskID не существует. Пропуск...
[15:30:0] - Загрузка локальных данных закончена.
[15:30:0] - Обмен данными между OkDesk и Спутник завершен.
[15:31:35] - Developer - Mkrtchyan Martun <mart@kassa26.ru>
[15:31:35] - [OkDesk] Файл: '1-1data.json' - уже существует в 'data/okdesk'
[15:31:35] - Начало загрузки локальных данных.
[15:31:35] - Начало обмена данными между OkDesk и Спутник.
[15:31:36] - [Ошибка] Записи с данным OkDeskID не существует. Пропуск...
[15:31:36] - Загрузка локальных данных закончена.
[15:31:36] - Обмен данными между OkDesk и Спутник завершен.
[15:32:12] - Developer - Mkrtchyan Martun <mart@kassa26.ru>
[15:32:12] - [OkDesk] Файл: '1-1data.json' - уже существует в 'data/okdesk'
[15:32:12] - Начало загрузки локальных данных.
[15:32:12] - Начало обмена данными между OkDesk и Спутник.
[15:32:13] - [Ошибка] Записи с данным OkDeskID не существует. Пропуск...
[15:32:13] - Загрузка локальных данных закончена.
[15:32:13] - Обмен данными между OkDesk и Спутник завершен.
[15:33:12] - Developer - Mkrtchyan Martun <mart@kassa26.ru>
[15:33:12] - [OkDesk] Файл: '1-1data.json' - уже существует в 'data/okdesk'
[15:37:33] - Developer - Mkrtchyan Martun <mart@kassa26.ru>
[15:37:33] - [OkDesk] Файл: '1-1data.json' - уже существует в 'data/okdesk'
[15:37:33] - Начало загрузки локальных данных.
[15:37:33] - Начало обмена данными между OkDesk и Спутник.
[15:42:17] - Developer - Mkrtchyan Martun <mart@kassa26.ru>
[15:42:17] - [OkDesk] Файл: '1-1data.json' - уже существует в 'data/okdesk'
[15:42:17] - Начало загрузки локальных данных.
[15:42:17] - Начало обмена данными между OkDesk и Спутник.
[15:42:36] - Developer - Mkrtchyan Martun <mart@kassa26.ru>
[15:42:36] - [OkDesk] Файл: '1-1data.json' - уже существует в 'data/okdesk'
[15:42:37] - [Ошибка] Записи с данным OkDeskID не существует. Пропуск...
[15:42:42] - Developer - Mkrtchyan Martun <mart@kassa26.ru>
[15:42:42] - [OkDesk] Файл: '1-2data.json' - уже существует в 'data/okdesk'
[15:42:42] - [Ошибка] Записи с данным OkDeskID не существует. Пропуск...
[15:42:42] - [Ошибка] Записи с данным OkDeskID не существует. Пропуск...
[15:42:52] - Developer - Mkrtchyan Martun <mart@kassa26.ru>
[15:42:52] - [OkDesk] Файл: '1-5data.json' - уже существует в 'data/okdesk'
[15:42:52] - [Ошибка] Записи с данным OkDeskID не существует. Пропуск...
[15:42:52] - [Ошибка] Записи с данным OkDeskID не существует. Пропуск...
[15:42:53] - [Ошибка] Записи с данным OkDeskID не существует. Пропуск...
[15:42:53] - [Ошибка] Записи с данным OkDeskID не существует. Пропуск...
[15:42:53] - [Ошибка] Записи с данным OkDeskID не существует. Пропуск...
[15:43:23] - Developer - Mkrtchyan Martun <mart@kassa26.ru>
[15:43:23] - [OkDesk] Файл: '1-5data.json' - уже существует в 'data/okdesk'
[15:43:23] - [Ошибка] Записи с данным OkDeskID не существует. Пропуск...
[15:43:23] - [Ошибка] Записи с данным OkDeskID не существует. Пропуск...
[15:43:23] - [Ошибка] Записи с данным OkDeskID не существует. Пропуск...
[15:43:24] - [Ошибка] Записи с данным OkDeskID не существует. Пропуск...
[15:43:24] - [Ошибка] Записи с данным OkDeskID не существует. Пропуск...
[15:43:43] - Developer - Mkrtchyan Martun <mart@kassa26.ru>
[15:43:43] - Начало загрузки локальных данных.
[15:43:43] - Начало обмена данными между OkDesk и Спутник.
[15:43:43] - Сущность с ID: 1117 обработана на сервере.
[15:43:43] - Отправка данных в Спутник...
[15:43:43] - Status: success
[15:43:43] - Status2: success
[15:43:43] - SputnikTaskID: 28987
[15:43:43] - Сущность с ID: 1118 обработана на сервере.
[15:43:44] - Отправка данных в Спутник...
[15:43:44] - Status: success
[15:43:44] - Status2: success
[15:43:44] - SputnikTaskID: 28988
[15:43:44] - Сущность с ID: 1119 обработана на сервере.
[15:43:44] - Отправка данных в Спутник...
[15:43:44] - Status: success
[15:43:44] - Status2: success
[15:43:44] - SputnikTaskID: 28989
[15:43:44] - Сущность с ID: 1120 обработана на сервере.
[15:43:45] - Отправка данных в Спутник...
[15:43:45] - Status: success
[15:43:45] - Status2: success
[15:43:45] - SputnikTaskID: 28990
[15:43:45] - Загрузка локальных данных закончена.
[15:43:45] - Обмен данными между OkDesk и Спутник завершен.
[15:47:54] - Developer - Mkrtchyan Martun <mart@kassa26.ru>
[15:47:54] - Начало загрузки локальных данных.
[15:47:54] - Начало обмена данными между OkDesk и Спутник.
[15:47:55] - Сущность с ID: 1120 обработана на сервере.
[15:47:55] - Отправка данных в Спутник...
[15:47:55] - Status: success
[15:47:55] - Status2: success
[15:47:55] - SputnikTaskID: 28991
[15:47:55] - Сущность с ID: 1121 обработана на сервере.
[15:47:55] - Отправка данных в Спутник...
[15:47:55] - Status: success
[15:47:55] - Status2: success
[15:47:55] - SputnikTaskID: 28992
[15:47:56] - Сущность с ID: 1122 обработана на сервере.
[15:47:56] - Отправка данных в Спутник...
[15:47:56] - Status: success
[15:47:56] - Status2: success
[15:47:56] - SputnikTaskID: 28993
[15:47:56] - Сущность с ID: 1123 обработана на сервере.
[15:47:56] - Отправка данных в Спутник...
[15:47:56] - Status: success
[15:47:56] - Status2: success
[15:47:56] - SputnikTaskID: 28994
[15:47:57] - Сущность с ID: 1124 обработана на сервере.
[15:47:57] - Отправка данных в Спутник...
[15:47:57] - Status: success
[15:47:57] - Status2: success
[15:47:57] - SputnikTaskID: 28995
[15:47:57] - Сущность с ID: 1125 обработана на сервере.
[15:47:57] - Отправка данных в Спутник...
[15:47:57] - Status: success
[15:47:57] - Status2: success
[15:47:57] - SputnikTaskID: 28996
[15:47:58] - Сущность с ID: 1126 обработана на сервере.
[15:47:58] - Отправка данных в Спутник...
[15:47:58] - Status: success
[15:47:58] - Status2: success
[15:47:58] - SputnikTaskID: 28997
[15:47:58] - Сущность с ID: 1127 обработана на сервере.
[15:47:58] - Отправка данных в Спутник...
[15:47:58] - Status: success
[15:47:58] - Status2: success
[15:47:58] - SputnikTaskID: 28998
[15:47:59] - Сущность с ID: 1128 обработана на сервере.
[15:47:59] - Отправка данных в Спутник...
[15:47:59] - Status: success
[15:47:59] - Status2: success
[15:47:59] - SputnikTaskID: 28999
[15:47:59] - Сущность с ID: 1129 обработана на сервере.
[15:47:59] - Отправка данных в Спутник...
[15:47:59] - Status: success
[15:47:59] - Status2: success
[15:47:59] - SputnikTaskID: 29000
[15:47:59] - Сущность с ID: 1130 обработана на сервере.
[15:48:0] - Отправка данных в Спутник...
[15:48:0] - Status: success
[15:48:0] - Status2: success
[15:48:0] - SputnikTaskID: 29001
[15:48:0] - Загрузка локальных данных закончена.
[15:48:0] - Обмен данными между OkDesk и Спутник завершен.
[15:57:43] - Developer - Mkrtchyan Martun <mart@kassa26.ru>
[15:57:43] - [OkDesk] Файл: '1-1data.json' - уже существует в 'data/okdesk'
[15:57:43] - [Ошибка] Записи с данным OkDeskID не существует. Пропуск...
[16:33:2] - Developer - Mkrtchyan Martun <mart@kassa26.ru>
[16:33:2] - [OkDesk] Файл: '1-1data.json' - уже существует в 'data/okdesk'
[16:33:3] - [Ошибка] Записи с данным OkDeskID не существует. Пропуск...
[16:40:55] - Developer - Mkrtchyan Martun <mart@kassa26.ru>
[16:40:55] - [OkDesk] Файл: '1-1data.json' - уже существует в 'data/okdesk'
[16:40:56] - [Ошибка] Записи с данным OkDeskID не существует. Пропуск...
[17:11:59] - Developer - Mkrtchyan Martun <mart@kassa26.ru>
[17:11:59] - [OkDesk] Файл: '1-1data.json' - уже существует в 'data/okdesk'
[17:12:0] - Начало загрузки локальных данных.
[17:12:0] - Начало обмена данными между OkDesk и Спутник.
[17:12:37] - Developer - Mkrtchyan Martun <mart@kassa26.ru>
[17:12:37] - [OkDesk] Файл: '1-1data.json' - уже существует в 'data/okdesk'
[17:12:37] - Начало загрузки локальных данных.
[17:12:37] - Начало обмена данными между OkDesk и Спутник.
[17:13:9] - Developer - Mkrtchyan Martun <mart@kassa26.ru>
[17:13:9] - [OkDesk] Файл: '1-1data.json' - уже существует в 'data/okdesk'
[17:13:10] - [Ошибка] Записи с данным OkDeskID не существует. Пропуск...
[17:24:19] - Developer - Mkrtchyan Martun <mart@kassa26.ru>
[17:24:19] - Начало загрузки локальных данных.
[17:24:19] - Начало обмена данными между OkDesk и Спутник.
[17:24:20] - Сущность с ID: 1101 обработана на сервере.
[17:24:20] - Отправка данных в Спутник...
[17:24:20] - task status: success, task time status: success
[17:24:20] - SputnikTaskID: 29005
[17:24:21] - Загрузка локальных данных закончена.
[17:24:21] - Обмен данными между OkDesk и Спутник завершен.
[17:26:0] - Developer - Mkrtchyan Martun <mart@kassa26.ru>
[17:26:0] - Начало загрузки локальных данных.
[17:26:0] - Начало обмена данными между OkDesk и Спутник.
[17:26:1] - Загрузка локальных данных закончена.
[17:26:1] - Обмен данными между OkDesk и Спутник завершен.
[17:26:34] - Developer - Mkrtchyan Martun <mart@kassa26.ru>
[17:26:34] - Начало загрузки локальных данных.
[17:26:34] - Начало обмена данными между OkDesk и Спутник.
[17:26:35] - Загрузка локальных данных закончена.
[17:26:35] - Обмен данными между OkDesk и Спутник завершен.
[17:26:43] - Developer - Mkrtchyan Martun <mart@kassa26.ru>
[17:26:43] - Начало загрузки локальных данных.
[17:26:43] - Начало обмена данными между OkDesk и Спутник.
[17:26:44] - Загрузка локальных данных закончена.
[17:26:44] - Обмен данными между OkDesk и Спутник завершен.
[17:26:50] - Developer - Mkrtchyan Martun <mart@kassa26.ru>
[17:26:50] - [OkDesk] Файл: '1101-1101data.json' - уже существует в 'data/okdesk'
[17:26:50] - Сущность с ID: 1101 обработана на сервере.
[17:26:51] - Отправка данных в Спутник...
[17:26:51] - task status: success, task time status: success
[17:26:51] - SputnikTaskID: 29006
[17:27:48] - Developer - Mkrtchyan Martun <mart@kassa26.ru>
[17:27:48] - [OkDesk] Файл: '1101-1101data.json' - уже существует в 'data/okdesk'
[17:27:49] - Сущность с ID: 1101 обработана на сервере.
[17:27:49] - Отправка данных в Спутник...
[17:27:49] - task status: success, task time status: success
[17:27:49] - SputnikTaskID: 29007
[17:27:53] - Developer - Mkrtchyan Martun <mart@kassa26.ru>
[17:27:53] - Начало загрузки локальных данных.
[17:27:53] - Начало обмена данными между OkDesk и Спутник.
[17:27:53] - Сущность с ID: 1101 обработана на сервере.
[17:27:53] - Отправка данных в Спутник...
[17:27:53] - task status: success, task time status: success
[17:27:53] - SputnikTaskID: 29008
[17:27:54] - Загрузка локальных данных закончена.
[17:27:54] - Обмен данными между OkDesk и Спутник завершен.
[17:28:22] - Developer - Mkrtchyan Martun <mart@kassa26.ru>
[17:28:22] - Начало загрузки локальных данных.
[17:28:22] - Начало обмена данными между OkDesk и Спутник.
[17:28:22] - Сущность с ID: 1095 обработана на сервере.
[17:28:23] - Отправка данных в Спутник...
[17:28:23] - task status: success, task time status: success
[17:28:23] - SputnikTaskID: 29009
[17:28:23] - Сущность с ID: 1096 обработана на сервере.
[17:28:23] - Отправка данных в Спутник...
[17:28:23] - task status: success, task time status: success
[17:28:23] - SputnikTaskID: 29010
[17:28:24] - Сущность с ID: 1097 обработана на сервере.
[17:28:24] - Отправка данных в Спутник...
[17:28:24] - task status: success, task time status: success
[17:28:24] - SputnikTaskID: 29011
[17:28:24] - Сущность с ID: 1098 обработана на сервере.
[17:28:24] - Отправка данных в Спутник...
[17:28:24] - task status: success, task time status: success
[17:28:24] - SputnikTaskID: 29012
[17:28:25] - Сущность с ID: 1099 обработана на сервере.
[17:28:25] - Отправка данных в Спутник...
[17:28:25] - task status: success, task time status: success
[17:28:25] - SputnikTaskID: 29013
[17:28:25] - Загрузка локальных данных закончена.
[17:28:25] - Обмен данными между OkDesk и Спутник завершен.
[17:28:58] - Developer - Mkrtchyan Martun <mart@kassa26.ru>
[17:28:58] - Начало загрузки локальных данных.
[17:28:58] - Начало обмена данными между OkDesk и Спутник.
[17:28:58] - Загрузка локальных данных закончена.
[17:28:58] - Обмен данными между OkDesk и Спутник завершен.
[17:29:0] - Developer - Mkrtchyan Martun <mart@kassa26.ru>
[17:29:0] - [OkDesk] Файл: '1100-1100data.json' - уже существует в 'data/okdesk'
[17:29:2] - Developer - Mkrtchyan Martun <mart@kassa26.ru>
[17:29:2] - [OkDesk] Файл: '1100-1100data.json' - уже существует в 'data/okdesk'
[17:29:4] - Developer - Mkrtchyan Martun <mart@kassa26.ru>
[17:29:4] - [OkDesk] Файл: '1100-1100data.json' - уже существует в 'data/okdesk'
[17:35:21] - Developer - Mkrtchyan Martun <mart@kassa26.ru>
[17:35:21] - [OkDesk] Файл: '1100-1100data.json' - уже существует в 'data/okdesk'
[17:35:46] - Developer - Mkrtchyan Martun <mart@kassa26.ru>
[17:35:46] - [OkDesk] Файл: '1100-1100data.json' - уже существует в 'data/okdesk'
[17:35:46] - Сущность с ID: 1100 обработана на сервере.
[17:35:47] - Отправка данных в Спутник...
[17:35:47] - task status: success, task time status: success
[17:35:47] - SputnikTaskID: 29014
[17:41:43] - Developer - Mkrtchyan Martun <mart@kassa26.ru>
[17:41:43] - [OkDesk] Файл: '1100-1100data.json' - уже существует в 'data/okdesk'
[17:41:43] - Сущность с ID: 1100 обработана на сервере.
[17:41:44] - Отправка данных в Спутник...
[17:41:44] - task status: success, task time status: success
[17:41:44] - SputnikTaskID: 29015
[17:44:50] - Developer - Mkrtchyan Martun <mart@kassa26.ru>
[17:44:50] - [OkDesk] Файл: '1100-1100data.json' - уже существует в 'data/okdesk'
[17:44:50] - Сущность с ID: 1100 обработана на сервере.
[17:44:51] - Отправка данных в Спутник...
[17:44:51] - task status: success, task time status: success
[17:44:51] - SputnikTaskID: 29016
