[23:59:1] - [Инфо] Начало цикла след. последовательности
[23:59:1] - [Инфо] Developer - Mkrtchyan Martun <mart@kassa26.ru>
[23:59:1] - Заявка уже была ранее выгружена. (OkDesk ID: 2413), пожалуйста исправьте ошибку[23:59:2] - [Инфо] Сущность с ID: 2414 обработана на сервере.
[23:59:3] - [Инфо] Отправка данных в Спутник...
[23:59:3] - [Инфо] task status: success, task time status: success
[23:59:3] - [Инфо] SputnikTaskID: 32641
[23:59:3] - [Инфо] Сущность с ID: 2415 обработана на сервере.
[23:59:3] - [Инфо] comment id: 164057, task comment status: success
[23:59:3] - [Инфо] Отправка данных в Спутник...
[23:59:3] - [Инфо] task status: success, task time status: success
[23:59:3] - [Инфо] SputnikTaskID: 32642
[23:59:3] - [Инфо] Сущность с ID: 2416 обработана на сервере.
[23:59:3] - [Инфо] comment id: 164058, task comment status: success
[23:59:4] - [Инфо] Отправка данных в Спутник...
[23:59:4] - [Инфо] task status: success, task time status: success
[23:59:4] - [Инфо] SputnikTaskID: 32643
[23:59:4] - [Инфо] 2417
[23:59:4] - [Инфо] [LOG] Заявка не является завершенной (OkDesk ID: 2417) Пропуск...
[23:59:4] - [Инфо] comment id: 164059, task comment status: success
[23:59:5] - [Инфо] Сущность с ID: 2418 обработана на сервере.
[23:59:5] - [Инфо] Отправка данных в Спутник...
[23:59:5] - [Инфо] task status: success, task time status: success
[23:59:5] - [Инфо] SputnikTaskID: 32644
[23:59:5] - [Инфо] comment id: 164060, task comment status: success
[23:59:5] - [Инфо] Сущность с ID: 2419 обработана на сервере.
[23:59:5] - [Инфо] comment id: 164061, task comment status: success
[23:59:5] - [Инфо] Отправка данных в Спутник...
[23:59:5] - [Инфо] task status: success, task time status: success
[23:59:5] - [Инфо] SputnikTaskID: 32645
[23:59:6] - [Инфо] comment id: 164062, task comment status: success
[23:59:6] - [Инфо] Сущность с ID: 2420 обработана на сервере.
[23:59:6] - [Инфо] comment id: 164063, task comment status: success
[23:59:6] - [Инфо] Отправка данных в Спутник...
[23:59:6] - [Инфо] task status: success, task time status: success
[23:59:6] - [Инфо] SputnikTaskID: 32646
[23:59:6] - [Инфо] comment id: 164064, task comment status: success
[23:59:6] - [Инфо] Сущность с ID: 2421 обработана на сервере.
[23:59:7] - [Инфо] Отправка данных в Спутник...
[23:59:7] - [Инфо] task status: success, task time status: success
[23:59:7] - [Инфо] SputnikTaskID: 32647
[23:59:7] - [Инфо] comment id: 164065, task comment status: success
[23:59:7] - [Инфо] Сущность с ID: 2422 обработана на сервере.
[23:59:7] - Записи 2423 не существует, пожалуйста исправьте ошибку[23:59:7] - [Инфо] DEBUG: Записи 2423 не существует
[23:59:7] - [Инфо] Отправка данных в Спутник...
[23:59:7] - [Инфо] task status: success, task time status: success
[23:59:7] - [Инфо] SputnikTaskID: 32648
[23:59:7] - Записи 2424 не существует, пожалуйста исправьте ошибку[23:59:7] - [Инфо] DEBUG: Записи 2424 не существует
[23:59:7] - Записи 2425 не существует, пожалуйста исправьте ошибку[23:59:7] - [Инфо] comment id: 164066, task comment status: success
[23:59:8] - [Инфо] comment id: 164067, task comment status: success
[23:59:8] - [Инфо] DEBUG: Записи 2425 не существует
[23:59:8] - Записи 2426 не существует, пожалуйста исправьте ошибку[23:59:8] - [Инфо] DEBUG: Записи 2426 не существует
[23:59:8] - Записи 2427 не существует, пожалуйста исправьте ошибку[23:59:8] - [Инфо] DEBUG: Записи 2427 не существует
[23:59:8] - Записи 2428 не существует, пожалуйста исправьте ошибку[23:59:8] - [Инфо] DEBUG: Записи 2428 не существует
[23:59:8] - Записи 2429 не существует, пожалуйста исправьте ошибку[23:59:8] - [Инфо] DEBUG: Записи 2429 не существует
[23:59:8] - Записи 2430 не существует, пожалуйста исправьте ошибку[23:59:8] - [Инфо] DEBUG: Записи 2430 не существует
[23:59:9] - Записи 2431 не существует, пожалуйста исправьте ошибку[23:59:9] - [Инфо] DEBUG: Записи 2431 не существует
[23:59:9] - Записи 2432 не существует, пожалуйста исправьте ошибку[23:59:9] - [Инфо] DEBUG: Записи 2432 не существует
[23:59:9] - Записи 2433 не существует, пожалуйста исправьте ошибку[23:59:9] - [Инфо] DEBUG: Записи 2433 не существует
[23:59:9] - Записи 2434 не существует, пожалуйста исправьте ошибку[23:59:9] - [Инфо] DEBUG: Записи 2434 не существует
[23:59:9] - Записи 2435 не существует, пожалуйста исправьте ошибку[23:59:9] - [Инфо] DEBUG: Записи 2435 не существует
[23:59:10] - Записи 2436 не существует, пожалуйста исправьте ошибку[23:59:10] - [Инфо] DEBUG: Записи 2436 не существует
[23:59:10] - Записи 2437 не существует, пожалуйста исправьте ошибку[23:59:10] - [Инфо] DEBUG: Записи 2437 не существует
[23:59:10] - Записи 2438 не существует, пожалуйста исправьте ошибку[23:59:10] - [Инфо] DEBUG: Записи 2438 не существует
[23:59:10] - [Инфо] Начало автоматической выгрузки данных
[23:59:10] - [Инфо] Developer - Mkrtchyan Martun <mart@kassa26.ru>
[23:59:10] - [Инфо] [OkDesk] Файл: '2339-2339data.json' - уже существует в 'data/okdesk'
[23:59:10] - [Инфо] [LOG] Заявка не является завершенной (OkDesk ID: 2339) Пропуск...
[23:59:10] - [Инфо] Developer - Mkrtchyan Martun <mart@kassa26.ru>
[23:59:10] - [Инфо] [OkDesk] Файл: '2369-2369data.json' - уже существует в 'data/okdesk'
[23:59:11] - [Инфо] [LOG] Заявка не является завершенной (OkDesk ID: 2369) Пропуск...
[23:59:11] - [Инфо] Developer - Mkrtchyan Martun <mart@kassa26.ru>
[23:59:11] - [Инфо] [OkDesk] Файл: '2390-2390data.json' - уже существует в 'data/okdesk'
[23:59:11] - [Инфо] [LOG] Заявка не является завершенной (OkDesk ID: 2390) Пропуск...
[23:59:11] - [Инфо] Developer - Mkrtchyan Martun <mart@kassa26.ru>
[23:59:11] - [Инфо] [LOG] Заявка не является завершенной (OkDesk ID: 2412) Пропуск...
