[23:59:2] - [Инфо] Начало цикла след. последовательности
[23:59:2] - [Инфо] Developer - Mkrtchyan Martun <mart@kassa26.ru>
[23:59:4] - Заявка уже была ранее выгружена. (OkDesk ID: 2980), пожалуйста исправьте ошибку[23:59:5] - [Инфо] 2981
[23:59:5] - [Инфо] [LOG] Заявка не является завершенной (OkDesk ID: 2981) Пропуск...
[23:59:5] - [Инфо] Сущность с ID: 2982 обработана на сервере.
[23:59:6] - [Инфо] Отправка данных в Спутник...
[23:59:6] - [Инфо] task status: success, task time status: success
[23:59:6] - [Инфо] SputnikTaskID: 33808
[23:59:6] - [Инфо] Сущность с ID: 2983 обработана на сервере.
[23:59:6] - [Инфо] Отправка данных в Спутник...
[23:59:6] - [Инфо] task status: success, task time status: success
[23:59:6] - [Инфо] SputnikTaskID: 33809
[23:59:6] - [Инфо] comment id: 170456, task comment status: success
[23:59:6] - [Инфо] comment id: 170457, task comment status: success
[23:59:6] - [Инфо] Сущность с ID: 2984 обработана на сервере.
[23:59:6] - [Инфо] comment id: 170458, task comment status: success
[23:59:7] - [Инфо] Отправка данных в Спутник...
[23:59:7] - [Инфо] task status: success, task time status: success
[23:59:7] - [Инфо] SputnikTaskID: 33810
[23:59:8] - [Инфо] comment id: 170459, task comment status: success
[23:59:8] - [Инфо] Сущность с ID: 2985 обработана на сервере.
[23:59:8] - [Инфо] Отправка данных в Спутник...
[23:59:8] - [Инфо] task status: success, task time status: success
[23:59:8] - [Инфо] SputnikTaskID: 33811
[23:59:8] - [Инфо] comment id: 170460, task comment status: success
[23:59:8] - [Инфо] Сущность с ID: 2986 обработана на сервере.
[23:59:8] - [Инфо] Отправка данных в Спутник...
[23:59:8] - [Инфо] task status: success, task time status: success
[23:59:8] - [Инфо] SputnikTaskID: 33812
[23:59:9] - [Инфо] 2987
[23:59:9] - [Инфо] [LOG] Заявка не является завершенной (OkDesk ID: 2987) Пропуск...
[23:59:9] - [Инфо] comment id: 170461, task comment status: success
[23:59:9] - [Инфо] Сущность с ID: 2988 обработана на сервере.
[23:59:9] - [Инфо] Отправка данных в Спутник...
[23:59:9] - [Инфо] task status: success, task time status: success
[23:59:9] - [Инфо] SputnikTaskID: 33813
[23:59:9] - [Инфо] comment id: 170462, task comment status: success
[23:59:10] - [Инфо] Сущность с ID: 2989 обработана на сервере.
[23:59:10] - [Инфо] comment id: 170463, task comment status: success
[23:59:10] - [Инфо] Отправка данных в Спутник...
[23:59:10] - [Инфо] task status: success, task time status: success
[23:59:10] - [Инфо] SputnikTaskID: 33814
[23:59:10] - [Инфо] comment id: 170464, task comment status: success
[23:59:10] - [Инфо] Сущность с ID: 2990 обработана на сервере.
[23:59:10] - [Инфо] comment id: 170465, task comment status: success
[23:59:10] - Записи 2991 не существует, пожалуйста исправьте ошибку[23:59:10] - [Инфо] DEBUG: Записи 2991 не существует
[23:59:10] - [Инфо] Отправка данных в Спутник...
[23:59:10] - [Инфо] task status: success, task time status: success
[23:59:10] - [Инфо] SputnikTaskID: 33815
[23:59:10] - Записи 2992 не существует, пожалуйста исправьте ошибку[23:59:10] - [Инфо] DEBUG: Записи 2992 не существует
[23:59:11] - Записи 2993 не существует, пожалуйста исправьте ошибку[23:59:11] - [Инфо] comment id: 170466, task comment status: success
[23:59:11] - [Инфо] DEBUG: Записи 2993 не существует
[23:59:11] - Записи 2994 не существует, пожалуйста исправьте ошибку[23:59:11] - [Инфо] DEBUG: Записи 2994 не существует
[23:59:11] - Записи 2995 не существует, пожалуйста исправьте ошибку[23:59:11] - [Инфо] DEBUG: Записи 2995 не существует
[23:59:11] - Записи 2996 не существует, пожалуйста исправьте ошибку[23:59:11] - [Инфо] DEBUG: Записи 2996 не существует
[23:59:11] - Записи 2997 не существует, пожалуйста исправьте ошибку[23:59:11] - [Инфо] DEBUG: Записи 2997 не существует
[23:59:11] - Записи 2998 не существует, пожалуйста исправьте ошибку[23:59:11] - [Инфо] DEBUG: Записи 2998 не существует
[23:59:12] - Записи 2999 не существует, пожалуйста исправьте ошибку[23:59:12] - [Инфо] DEBUG: Записи 2999 не существует
[23:59:12] - Записи 3000 не существует, пожалуйста исправьте ошибку[23:59:12] - [Инфо] DEBUG: Записи 3000 не существует
[23:59:12] - Записи 3001 не существует, пожалуйста исправьте ошибку[23:59:12] - [Инфо] DEBUG: Записи 3001 не существует
[23:59:12] - Записи 3002 не существует, пожалуйста исправьте ошибку[23:59:12] - [Инфо] DEBUG: Записи 3002 не существует
[23:59:12] - Записи 3003 не существует, пожалуйста исправьте ошибку[23:59:12] - [Инфо] DEBUG: Записи 3003 не существует
[23:59:12] - Записи 3004 не существует, пожалуйста исправьте ошибку[23:59:13] - [Инфо] DEBUG: Записи 3004 не существует
[23:59:13] - Записи 3005 не существует, пожалуйста исправьте ошибку[23:59:13] - [Инфо] DEBUG: Записи 3005 не существует
[23:59:13] - [Инфо] Начало автоматической выгрузки данных
[23:59:13] - [Инфо] Developer - Mkrtchyan Martun <mart@kassa26.ru>
[23:59:13] - [Инфо] [OkDesk] Файл: '2563-2563data.json' - уже существует в 'data/okdesk'
[23:59:13] - [Инфо] [LOG] Заявка не является завершенной (OkDesk ID: 2563) Пропуск...
[23:59:13] - [Инфо] Developer - Mkrtchyan Martun <mart@kassa26.ru>
[23:59:13] - [Инфо] [OkDesk] Файл: '2589-2589data.json' - уже существует в 'data/okdesk'
[23:59:13] - [Инфо] [LOG] Заявка не является завершенной (OkDesk ID: 2589) Пропуск...
[23:59:13] - [Инфо] Developer - Mkrtchyan Martun <mart@kassa26.ru>
[23:59:13] - [Инфо] [OkDesk] Файл: '2625-2625data.json' - уже существует в 'data/okdesk'
[23:59:14] - [Инфо] [LOG] Заявка не является завершенной (OkDesk ID: 2625) Пропуск...
[23:59:14] - [Инфо] Developer - Mkrtchyan Martun <mart@kassa26.ru>
[23:59:14] - [Инфо] [OkDesk] Файл: '2685-2685data.json' - уже существует в 'data/okdesk'
[23:59:14] - [Инфо] [LOG] Заявка не является завершенной (OkDesk ID: 2685) Пропуск...
[23:59:14] - [Инфо] Developer - Mkrtchyan Martun <mart@kassa26.ru>
[23:59:14] - [Инфо] [OkDesk] Файл: '2702-2702data.json' - уже существует в 'data/okdesk'
[23:59:14] - [Инфо] [LOG] Заявка не является завершенной (OkDesk ID: 2702) Пропуск...
[23:59:14] - [Инфо] Developer - Mkrtchyan Martun <mart@kassa26.ru>
[23:59:14] - [Инфо] [OkDesk] Файл: '2821-2821data.json' - уже существует в 'data/okdesk'
[23:59:15] - [Инфо] [LOG] Заявка не является завершенной (OkDesk ID: 2821) Пропуск...
[23:59:15] - [Инфо] Developer - Mkrtchyan Martun <mart@kassa26.ru>
[23:59:15] - [Инфо] [OkDesk] Файл: '2845-2845data.json' - уже существует в 'data/okdesk'
[23:59:15] - [Инфо] [LOG] Заявка не является завершенной (OkDesk ID: 2845) Пропуск...
[23:59:15] - [Инфо] Developer - Mkrtchyan Martun <mart@kassa26.ru>
[23:59:15] - [Инфо] [OkDesk] Файл: '2896-2896data.json' - уже существует в 'data/okdesk'
[23:59:15] - [Инфо] [LOG] Заявка не является завершенной (OkDesk ID: 2896) Пропуск...
[23:59:15] - [Инфо] Developer - Mkrtchyan Martun <mart@kassa26.ru>
[23:59:15] - [Инфо] [OkDesk] Файл: '2926-2926data.json' - уже существует в 'data/okdesk'
[23:59:16] - [Инфо] [LOG] Заявка не является завершенной (OkDesk ID: 2926) Пропуск...
[23:59:16] - [Инфо] Developer - Mkrtchyan Martun <mart@kassa26.ru>
[23:59:16] - [Инфо] [OkDesk] Файл: '2948-2948data.json' - уже существует в 'data/okdesk'
[23:59:16] - [Инфо] [LOG] Заявка не является завершенной (OkDesk ID: 2948) Пропуск...
[23:59:16] - [Инфо] Developer - Mkrtchyan Martun <mart@kassa26.ru>
[23:59:16] - [Инфо] [OkDesk] Файл: '2967-2967data.json' - уже существует в 'data/okdesk'
[23:59:16] - [Инфо] [LOG] Заявка не является завершенной (OkDesk ID: 2967) Пропуск...
[23:59:16] - [Инфо] Developer - Mkrtchyan Martun <mart@kassa26.ru>
[23:59:17] - [Инфо] Сущность с ID: 2974 обработана на сервере.
[23:59:17] - [Инфо] Developer - Mkrtchyan Martun <mart@kassa26.ru>
[23:59:17] - [Инфо] Отправка данных в Спутник...
[23:59:17] - [Инфо] task status: success, task time status: success
[23:59:17] - [Инфо] SputnikTaskID: 33816
[23:59:17] - [Инфо] [LOG] Заявка не является завершенной (OkDesk ID: 2977) Пропуск...
[23:59:17] - [Инфо] comment id: 170467, task comment status: success
[23:59:17] - [Инфо] comment id: 170468, task comment status: success
[23:59:17] - [Инфо] comment id: 170469, task comment status: success
