[23:59:0] - [Инфо] Начало цикла след. последовательности
[23:59:0] - [Инфо] Developer - Mkrtchyan Martun <mart@kassa26.ru>
[23:59:1] - Заявка уже была ранее выгружена. (OkDesk ID: 1747), пожалуйста исправьте ошибку[23:59:1] - Записи 1748 не существует, пожалуйста исправьте ошибку[23:59:1] - [Инфо] Начало автоматической выгрузки данных
[23:59:1] - [Инфо] Developer - Mkrtchyan Martun <mart@kassa26.ru>
[23:59:1] - [Инфо] [OkDesk] Файл: '1086-1086data.json' - уже существует в 'data/okdesk'
[23:59:1] - [Инфо] [LOG] Заявка не является завершенной (OkDesk ID: 1086) Пропуск...
[23:59:1] - [Инфо] Developer - Mkrtchyan Martun <mart@kassa26.ru>
[23:59:1] - [Инфо] [OkDesk] Файл: '1178-1178data.json' - уже существует в 'data/okdesk'
[23:59:2] - [Инфо] [LOG] Заявка не является завершенной (OkDesk ID: 1178) Пропуск...
[23:59:2] - [Инфо] Developer - Mkrtchyan Martun <mart@kassa26.ru>
[23:59:2] - [Инфо] [OkDesk] Файл: '1197-1197data.json' - уже существует в 'data/okdesk'
[23:59:2] - [Инфо] [LOG] Заявка не является завершенной (OkDesk ID: 1197) Пропуск...
[23:59:2] - [Инфо] Developer - Mkrtchyan Martun <mart@kassa26.ru>
[23:59:2] - [Инфо] [OkDesk] Файл: '1287-1287data.json' - уже существует в 'data/okdesk'
[23:59:2] - [Инфо] [LOG] Заявка не является завершенной (OkDesk ID: 1287) Пропуск...
[23:59:2] - [Инфо] Developer - Mkrtchyan Martun <mart@kassa26.ru>
[23:59:2] - [Инфо] [OkDesk] Файл: '1344-1344data.json' - уже существует в 'data/okdesk'
[23:59:3] - [Инфо] [LOG] Заявка не является завершенной (OkDesk ID: 1344) Пропуск...
[23:59:3] - [Инфо] Developer - Mkrtchyan Martun <mart@kassa26.ru>
[23:59:3] - [Инфо] [OkDesk] Файл: '1396-1396data.json' - уже существует в 'data/okdesk'
[23:59:3] - [Инфо] [LOG] Заявка не является завершенной (OkDesk ID: 1396) Пропуск...
[23:59:3] - [Инфо] Developer - Mkrtchyan Martun <mart@kassa26.ru>
[23:59:3] - [Инфо] [OkDesk] Файл: '1399-1399data.json' - уже существует в 'data/okdesk'
[23:59:3] - [Инфо] Сущность с ID: 1399 обработана на сервере.
[23:59:3] - [Инфо] Developer - Mkrtchyan Martun <mart@kassa26.ru>
[23:59:3] - [Инфо] [OkDesk] Файл: '1422-1422data.json' - уже существует в 'data/okdesk'
[23:59:4] - [Инфо] [LOG] Заявка не является завершенной (OkDesk ID: 1422) Пропуск...
[23:59:4] - [Инфо] Developer - Mkrtchyan Martun <mart@kassa26.ru>
[23:59:4] - [Инфо] [OkDesk] Файл: '1477-1477data.json' - уже существует в 'data/okdesk'
[23:59:4] - [Инфо] Отправка данных в Спутник...
[23:59:4] - [Инфо] task status: success, task time status: success
[23:59:4] - [Инфо] SputnikTaskID: 31493
[23:59:4] - [Инфо] [LOG] Заявка не является завершенной (OkDesk ID: 1477) Пропуск...
[23:59:4] - [Инфо] Developer - Mkrtchyan Martun <mart@kassa26.ru>
[23:59:4] - [Инфо] [OkDesk] Файл: '1505-1505data.json' - уже существует в 'data/okdesk'
[23:59:4] - [Инфо] comment id: 158244, task comment status: success
[23:59:4] - [Инфо] comment id: 158245, task comment status: success
[23:59:5] - [Инфо] Сущность с ID: 1505 обработана на сервере.
[23:59:5] - [Инфо] Developer - Mkrtchyan Martun <mart@kassa26.ru>
[23:59:5] - [Инфо] [OkDesk] Файл: '1510-1510data.json' - уже существует в 'data/okdesk'
[23:59:5] - [Инфо] comment id: 158246, task comment status: success
[23:59:5] - [Инфо] comment id: 158247, task comment status: success
[23:59:5] - [Инфо] Сущность с ID: 1510 обработана на сервере.
[23:59:5] - [Инфо] Developer - Mkrtchyan Martun <mart@kassa26.ru>
[23:59:5] - [Инфо] [OkDesk] Файл: '1542-1542data.json' - уже существует в 'data/okdesk'
[23:59:5] - [Инфо] Отправка данных в Спутник...
[23:59:5] - [Инфо] task status: success, task time status: success
[23:59:5] - [Инфо] SputnikTaskID: 31494
[23:59:5] - [Инфо] comment id: 158248, task comment status: success
[23:59:5] - [Инфо] comment id: 158249, task comment status: success
[23:59:5] - [Инфо] comment id: 158250, task comment status: success
[23:59:5] - [Инфо] Отправка данных в Спутник...
[23:59:5] - [Инфо] task status: success, task time status: success
[23:59:5] - [Инфо] SputnikTaskID: 31495
[23:59:5] - [Инфо] Сущность с ID: 1542 обработана на сервере.
[23:59:5] - [Инфо] Developer - Mkrtchyan Martun <mart@kassa26.ru>
[23:59:5] - [Инфо] [OkDesk] Файл: '1549-1549data.json' - уже существует в 'data/okdesk'
[23:59:5] - [Инфо] comment id: 158251, task comment status: success
[23:59:6] - [Инфо] comment id: 158252, task comment status: success
[23:59:6] - [Инфо] Отправка данных в Спутник...
[23:59:6] - [Инфо] task status: success, task time status: success
[23:59:6] - [Инфо] SputnikTaskID: 31496
[23:59:6] - [Инфо] comment id: 158253, task comment status: success
[23:59:6] - [Инфо] [LOG] Заявка не является завершенной (OkDesk ID: 1549) Пропуск...
[23:59:6] - [Инфо] Developer - Mkrtchyan Martun <mart@kassa26.ru>
[23:59:6] - [Инфо] [OkDesk] Файл: '1555-1555data.json' - уже существует в 'data/okdesk'
[23:59:6] - [Инфо] comment id: 158254, task comment status: success
[23:59:6] - [Инфо] comment id: 158255, task comment status: success
[23:59:6] - [Инфо] comment id: 158256, task comment status: success
[23:59:6] - [Инфо] comment id: 158257, task comment status: success
[23:59:6] - [Инфо] [LOG] Заявка не является завершенной (OkDesk ID: 1555) Пропуск...
[23:59:6] - [Инфо] Developer - Mkrtchyan Martun <mart@kassa26.ru>
[23:59:6] - [Инфо] [OkDesk] Файл: '1593-1593data.json' - уже существует в 'data/okdesk'
[23:59:6] - [Инфо] comment id: 158258, task comment status: success
[23:59:6] - [Инфо] [LOG] Заявка не является завершенной (OkDesk ID: 1593) Пропуск...
[23:59:6] - [Инфо] Developer - Mkrtchyan Martun <mart@kassa26.ru>
[23:59:6] - [Инфо] [OkDesk] Файл: '1607-1607data.json' - уже существует в 'data/okdesk'
[23:59:7] - [Инфо] [LOG] Заявка не является завершенной (OkDesk ID: 1607) Пропуск...
[23:59:7] - [Инфо] Developer - Mkrtchyan Martun <mart@kassa26.ru>
[23:59:7] - [Инфо] [OkDesk] Файл: '1635-1635data.json' - уже существует в 'data/okdesk'
[23:59:7] - [Инфо] [LOG] Заявка не является завершенной (OkDesk ID: 1635) Пропуск...
[23:59:7] - [Инфо] Developer - Mkrtchyan Martun <mart@kassa26.ru>
[23:59:7] - [Инфо] [OkDesk] Файл: '1653-1653data.json' - уже существует в 'data/okdesk'
[23:59:7] - [Инфо] Сущность с ID: 1653 обработана на сервере.
[23:59:7] - [Инфо] Developer - Mkrtchyan Martun <mart@kassa26.ru>
[23:59:7] - [Инфо] [OkDesk] Файл: '1719-1719data.json' - уже существует в 'data/okdesk'
[23:59:7] - [Инфо] Отправка данных в Спутник...
[23:59:7] - [Инфо] task status: success, task time status: success
[23:59:7] - [Инфо] SputnikTaskID: 31497
[23:59:8] - [Инфо] Сущность с ID: 1719 обработана на сервере.
[23:59:8] - [Инфо] Developer - Mkrtchyan Martun <mart@kassa26.ru>
[23:59:8] - [Инфо] [OkDesk] Файл: '1720-1720data.json' - уже существует в 'data/okdesk'
[23:59:8] - [Инфо] comment id: 158259, task comment status: success
[23:59:8] - [Инфо] Отправка данных в Спутник...
[23:59:8] - [Инфо] task status: success, task time status: success
[23:59:8] - [Инфо] SputnikTaskID: 31498
[23:59:8] - [Инфо] Сущность с ID: 1720 обработана на сервере.
[23:59:8] - [Инфо] Developer - Mkrtchyan Martun <mart@kassa26.ru>
[23:59:8] - [Инфо] [OkDesk] Файл: '1729-1729data.json' - уже существует в 'data/okdesk'
[23:59:8] - [Инфо] Отправка данных в Спутник...
[23:59:8] - [Инфо] task status: success, task time status: success
[23:59:8] - [Инфо] SputnikTaskID: 31499
[23:59:8] - [Инфо] [LOG] Заявка не является завершенной (OkDesk ID: 1729) Пропуск...
[23:59:9] - [Инфо] comment id: 158260, task comment status: success
[23:59:9] - [Инфо] comment id: 158261, task comment status: success
