[23:59:0] - [Инфо] Начало цикла след. последовательности
[23:59:0] - [Инфо] Developer - Mkrtchyan Martun <mart@kassa26.ru>
[23:59:1] - Заявка уже была ранее выгружена. (OkDesk ID: 2422), пожалуйста исправьте ошибку[23:59:2] - [Инфо] Сущность с ID: 2423 обработана на сервере.
[23:59:2] - [Инфо] Отправка данных в Спутник...
[23:59:2] - [Инфо] task status: success, task time status: success
[23:59:2] - [Инфо] SputnikTaskID: 32661
[23:59:2] - [Инфо] Сущность с ID: 2424 обработана на сервере.
[23:59:2] - [Инфо] comment id: 164307, task comment status: success
[23:59:3] - [Инфо] comment id: 164308, task comment status: success
[23:59:3] - [Инфо] Отправка данных в Спутник...
[23:59:3] - [Инфо] task status: success, task time status: success
[23:59:3] - [Инфо] SputnikTaskID: 32662
[23:59:3] - [Инфо] Сущность с ID: 2425 обработана на сервере.
[23:59:3] - [Инфо] comment id: 164309, task comment status: success
[23:59:3] - [Инфо] Отправка данных в Спутник...
[23:59:3] - [Инфо] task status: success, task time status: success
[23:59:3] - [Инфо] SputnikTaskID: 32663
[23:59:3] - [Инфо] comment id: 164310, task comment status: success
[23:59:3] - [Инфо] Сущность с ID: 2426 обработана на сервере.
[23:59:3] - [Инфо] comment id: 164311, task comment status: success
[23:59:3] - [Инфо] comment id: 164312, task comment status: success
[23:59:4] - [Инфо] Отправка данных в Спутник...
[23:59:4] - [Инфо] task status: success, task time status: success
[23:59:4] - [Инфо] SputnikTaskID: 32664
[23:59:4] - [Инфо] Сущность с ID: 2427 обработана на сервере.
[23:59:4] - [Инфо] comment id: 164313, task comment status: success
[23:59:4] - [Инфо] Отправка данных в Спутник...
[23:59:4] - [Инфо] task status: success, task time status: success
[23:59:4] - [Инфо] SputnikTaskID: 32665
[23:59:4] - [Инфо] comment id: 164314, task comment status: success
[23:59:5] - [Инфо] Сущность с ID: 2428 обработана на сервере.
[23:59:5] - [Инфо] Отправка данных в Спутник...
[23:59:5] - [Инфо] task status: success, task time status: success
[23:59:5] - [Инфо] SputnikTaskID: 32666
[23:59:5] - [Инфо] comment id: 164315, task comment status: success
[23:59:5] - [Инфо] Сущность с ID: 2429 обработана на сервере.
[23:59:5] - [Инфо] Отправка данных в Спутник...
[23:59:5] - [Инфо] task status: success, task time status: success
[23:59:5] - [Инфо] SputnikTaskID: 32667
[23:59:6] - [Инфо] comment id: 164316, task comment status: success
[23:59:6] - [Инфо] Сущность с ID: 2430 обработана на сервере.
[23:59:6] - [Инфо] Отправка данных в Спутник...
[23:59:6] - [Инфо] task status: success, task time status: success
[23:59:6] - [Инфо] SputnikTaskID: 32668
[23:59:6] - [Инфо] comment id: 164317, task comment status: success
[23:59:6] - [Инфо] Сущность с ID: 2431 обработана на сервере.
[23:59:7] - [Инфо] Отправка данных в Спутник...
[23:59:7] - [Инфо] task status: success, task time status: success
[23:59:7] - [Инфо] SputnikTaskID: 32669
[23:59:7] - [Инфо] comment id: 164318, task comment status: success
[23:59:7] - [Инфо] comment id: 164319, task comment status: success
[23:59:7] - [Инфо] Сущность с ID: 2432 обработана на сервере.
[23:59:7] - Записи 2433 не существует, пожалуйста исправьте ошибку[23:59:7] - [Инфо] DEBUG: Записи 2433 не существует
[23:59:7] - [Инфо] Отправка данных в Спутник...
[23:59:7] - [Инфо] task status: success, task time status: success
[23:59:7] - [Инфо] SputnikTaskID: 32670
[23:59:8] - Записи 2434 не существует, пожалуйста исправьте ошибку[23:59:8] - [Инфо] DEBUG: Записи 2434 не существует
[23:59:8] - Записи 2435 не существует, пожалуйста исправьте ошибку[23:59:8] - [Инфо] comment id: 164320, task comment status: success
[23:59:8] - [Инфо] DEBUG: Записи 2435 не существует
[23:59:8] - Записи 2436 не существует, пожалуйста исправьте ошибку[23:59:8] - [Инфо] DEBUG: Записи 2436 не существует
[23:59:8] - Записи 2437 не существует, пожалуйста исправьте ошибку[23:59:8] - [Инфо] DEBUG: Записи 2437 не существует
[23:59:9] - Записи 2438 не существует, пожалуйста исправьте ошибку[23:59:9] - [Инфо] DEBUG: Записи 2438 не существует
[23:59:9] - Записи 2439 не существует, пожалуйста исправьте ошибку[23:59:9] - [Инфо] DEBUG: Записи 2439 не существует
[23:59:9] - Записи 2440 не существует, пожалуйста исправьте ошибку[23:59:9] - [Инфо] DEBUG: Записи 2440 не существует
[23:59:9] - Записи 2441 не существует, пожалуйста исправьте ошибку[23:59:9] - [Инфо] DEBUG: Записи 2441 не существует
[23:59:9] - Записи 2442 не существует, пожалуйста исправьте ошибку[23:59:10] - [Инфо] DEBUG: Записи 2442 не существует
[23:59:10] - Записи 2443 не существует, пожалуйста исправьте ошибку[23:59:10] - [Инфо] DEBUG: Записи 2443 не существует
[23:59:10] - Записи 2444 не существует, пожалуйста исправьте ошибку[23:59:10] - [Инфо] DEBUG: Записи 2444 не существует
[23:59:10] - Записи 2445 не существует, пожалуйста исправьте ошибку[23:59:10] - [Инфо] DEBUG: Записи 2445 не существует
[23:59:10] - Записи 2446 не существует, пожалуйста исправьте ошибку[23:59:11] - [Инфо] DEBUG: Записи 2446 не существует
[23:59:11] - Записи 2447 не существует, пожалуйста исправьте ошибку[23:59:11] - [Инфо] DEBUG: Записи 2447 не существует
[23:59:11] - [Инфо] Начало автоматической выгрузки данных
[23:59:11] - [Инфо] Developer - Mkrtchyan Martun <mart@kassa26.ru>
[23:59:11] - [Инфо] [OkDesk] Файл: '2339-2339data.json' - уже существует в 'data/okdesk'
[23:59:11] - [Инфо] [LOG] Заявка не является завершенной (OkDesk ID: 2339) Пропуск...
[23:59:11] - [Инфо] Developer - Mkrtchyan Martun <mart@kassa26.ru>
[23:59:11] - [Инфо] [OkDesk] Файл: '2369-2369data.json' - уже существует в 'data/okdesk'
[23:59:11] - [Инфо] [LOG] Заявка не является завершенной (OkDesk ID: 2369) Пропуск...
[23:59:11] - [Инфо] Developer - Mkrtchyan Martun <mart@kassa26.ru>
[23:59:11] - [Инфо] [OkDesk] Файл: '2390-2390data.json' - уже существует в 'data/okdesk'
[23:59:12] - [Инфо] [LOG] Заявка не является завершенной (OkDesk ID: 2390) Пропуск...
[23:59:12] - [Инфо] Developer - Mkrtchyan Martun <mart@kassa26.ru>
[23:59:12] - [Инфо] [OkDesk] Файл: '2412-2412data.json' - уже существует в 'data/okdesk'
[23:59:12] - [Инфо] [LOG] Заявка не является завершенной (OkDesk ID: 2412) Пропуск...
[23:59:12] - [Инфо] Developer - Mkrtchyan Martun <mart@kassa26.ru>
[23:59:13] - [Инфо] [LOG] Заявка не является завершенной (OkDesk ID: 2417) Пропуск...
