[23:59:2] - [Инфо] Начало цикла след. последовательности
[23:59:2] - [Инфо] Developer - Mkrtchyan Martun <mart@kassa26.ru>
[23:59:4] - Заявка уже была ранее выгружена. (OkDesk ID: 2990), пожалуйста исправьте ошибку[23:59:4] - [Инфо] Сущность с ID: 2991 обработана на сервере.
[23:59:5] - [Инфо] Отправка данных в Спутник...
[23:59:5] - [Инфо] task status: success, task time status: success
[23:59:5] - [Инфо] SputnikTaskID: 33819
[23:59:5] - [Инфо] Сущность с ID: 2992 обработана на сервере.
[23:59:5] - [Инфо] Отправка данных в Спутник...
[23:59:5] - [Инфо] task status: success, task time status: success
[23:59:5] - [Инфо] SputnikTaskID: 33820
[23:59:5] - [Инфо] comment id: 170491, task comment status: success
[23:59:5] - [Инфо] Сущность с ID: 2993 обработана на сервере.
[23:59:5] - [Инфо] Отправка данных в Спутник...
[23:59:5] - [Инфо] task status: success, task time status: success
[23:59:5] - [Инфо] SputnikTaskID: 33821
[23:59:5] - [Инфо] comment id: 170492, task comment status: success
[23:59:6] - [Инфо] comment id: 170493, task comment status: success
[23:59:6] - [Инфо] Сущность с ID: 2994 обработана на сервере.
[23:59:6] - [Инфо] Отправка данных в Спутник...
[23:59:6] - [Инфо] task status: success, task time status: success
[23:59:6] - [Инфо] SputnikTaskID: 33822
[23:59:7] - [Инфо] comment id: 170494, task comment status: success
[23:59:7] - [Инфо] Сущность с ID: 2995 обработана на сервере.
[23:59:7] - [Инфо] Отправка данных в Спутник...
[23:59:7] - [Инфо] task status: success, task time status: success
[23:59:7] - [Инфо] SputnikTaskID: 33823
[23:59:7] - [Инфо] comment id: 170495, task comment status: success
[23:59:7] - [Инфо] Сущность с ID: 2996 обработана на сервере.
[23:59:7] - [Инфо] Отправка данных в Спутник...
[23:59:7] - [Инфо] task status: success, task time status: success
[23:59:7] - [Инфо] SputnikTaskID: 33824
[23:59:8] - [Инфо] comment id: 170496, task comment status: success
[23:59:8] - [Инфо] Сущность с ID: 2997 обработана на сервере.
[23:59:8] - Записи 2998 не существует, пожалуйста исправьте ошибку[23:59:8] - [Инфо] Отправка данных в Спутник...
[23:59:8] - [Инфо] task status: success, task time status: success
[23:59:8] - [Инфо] SputnikTaskID: 33825
[23:59:8] - [Инфо] DEBUG: Записи 2998 не существует
[23:59:8] - Записи 2999 не существует, пожалуйста исправьте ошибку[23:59:8] - [Инфо] comment id: 170497, task comment status: success
[23:59:8] - [Инфо] DEBUG: Записи 2999 не существует
[23:59:9] - [Инфо] Сущность с ID: 3000 обработана на сервере.
[23:59:9] - [Инфо] Отправка данных в Спутник...
[23:59:9] - [Инфо] task status: success, task time status: success
[23:59:9] - [Инфо] SputnikTaskID: 33826
[23:59:9] - [Инфо] comment id: 170498, task comment status: success
[23:59:9] - [Инфо] Сущность с ID: 3001 обработана на сервере.
[23:59:9] - Записи 3002 не существует, пожалуйста исправьте ошибку[23:59:9] - [Инфо] DEBUG: Записи 3002 не существует
[23:59:9] - [Инфо] Отправка данных в Спутник...
[23:59:9] - [Инфо] task status: success, task time status: success
[23:59:9] - [Инфо] SputnikTaskID: 33827
[23:59:10] - Записи 3003 не существует, пожалуйста исправьте ошибку[23:59:10] - [Инфо] DEBUG: Записи 3003 не существует
[23:59:10] - Записи 3004 не существует, пожалуйста исправьте ошибку[23:59:10] - [Инфо] comment id: 170499, task comment status: success
[23:59:10] - [Инфо] DEBUG: Записи 3004 не существует
[23:59:10] - [Инфо] comment id: 170500, task comment status: success
[23:59:10] - Записи 3005 не существует, пожалуйста исправьте ошибку[23:59:10] - [Инфо] DEBUG: Записи 3005 не существует
[23:59:10] - [Инфо] comment id: 170501, task comment status: success
[23:59:10] - Записи 3006 не существует, пожалуйста исправьте ошибку[23:59:10] - [Инфо] DEBUG: Записи 3006 не существует
[23:59:10] - Записи 3007 не существует, пожалуйста исправьте ошибку[23:59:10] - [Инфо] DEBUG: Записи 3007 не существует
[23:59:10] - Записи 3008 не существует, пожалуйста исправьте ошибку[23:59:11] - [Инфо] DEBUG: Записи 3008 не существует
[23:59:11] - Записи 3009 не существует, пожалуйста исправьте ошибку[23:59:11] - [Инфо] DEBUG: Записи 3009 не существует
[23:59:11] - Записи 3010 не существует, пожалуйста исправьте ошибку[23:59:12] - [Инфо] DEBUG: Записи 3010 не существует
[23:59:12] - Записи 3011 не существует, пожалуйста исправьте ошибку[23:59:12] - [Инфо] DEBUG: Записи 3011 не существует
[23:59:12] - Записи 3012 не существует, пожалуйста исправьте ошибку[23:59:12] - [Инфо] DEBUG: Записи 3012 не существует
[23:59:12] - Записи 3013 не существует, пожалуйста исправьте ошибку[23:59:12] - [Инфо] DEBUG: Записи 3013 не существует
[23:59:12] - Записи 3014 не существует, пожалуйста исправьте ошибку[23:59:12] - [Инфо] DEBUG: Записи 3014 не существует
[23:59:12] - Записи 3015 не существует, пожалуйста исправьте ошибку[23:59:12] - [Инфо] DEBUG: Записи 3015 не существует
[23:59:12] - [Инфо] Начало автоматической выгрузки данных
[23:59:12] - [Инфо] Developer - Mkrtchyan Martun <mart@kassa26.ru>
[23:59:12] - [Инфо] [OkDesk] Файл: '2563-2563data.json' - уже существует в 'data/okdesk'
[23:59:13] - [Инфо] [LOG] Заявка не является завершенной (OkDesk ID: 2563) Пропуск...
[23:59:13] - [Инфо] Developer - Mkrtchyan Martun <mart@kassa26.ru>
[23:59:13] - [Инфо] [OkDesk] Файл: '2589-2589data.json' - уже существует в 'data/okdesk'
[23:59:13] - [Инфо] [LOG] Заявка не является завершенной (OkDesk ID: 2589) Пропуск...
[23:59:13] - [Инфо] Developer - Mkrtchyan Martun <mart@kassa26.ru>
[23:59:13] - [Инфо] [OkDesk] Файл: '2625-2625data.json' - уже существует в 'data/okdesk'
[23:59:13] - [Инфо] [LOG] Заявка не является завершенной (OkDesk ID: 2625) Пропуск...
[23:59:13] - [Инфо] Developer - Mkrtchyan Martun <mart@kassa26.ru>
[23:59:13] - [Инфо] [OkDesk] Файл: '2685-2685data.json' - уже существует в 'data/okdesk'
[23:59:14] - [Инфо] [LOG] Заявка не является завершенной (OkDesk ID: 2685) Пропуск...
[23:59:14] - [Инфо] Developer - Mkrtchyan Martun <mart@kassa26.ru>
[23:59:14] - [Инфо] [OkDesk] Файл: '2702-2702data.json' - уже существует в 'data/okdesk'
[23:59:14] - [Инфо] [LOG] Заявка не является завершенной (OkDesk ID: 2702) Пропуск...
[23:59:14] - [Инфо] Developer - Mkrtchyan Martun <mart@kassa26.ru>
[23:59:14] - [Инфо] [OkDesk] Файл: '2821-2821data.json' - уже существует в 'data/okdesk'
[23:59:14] - [Инфо] [LOG] Заявка не является завершенной (OkDesk ID: 2821) Пропуск...
[23:59:14] - [Инфо] Developer - Mkrtchyan Martun <mart@kassa26.ru>
[23:59:14] - [Инфо] [OkDesk] Файл: '2845-2845data.json' - уже существует в 'data/okdesk'
[23:59:15] - [Инфо] [LOG] Заявка не является завершенной (OkDesk ID: 2845) Пропуск...
[23:59:15] - [Инфо] Developer - Mkrtchyan Martun <mart@kassa26.ru>
[23:59:15] - [Инфо] [OkDesk] Файл: '2896-2896data.json' - уже существует в 'data/okdesk'
[23:59:15] - [Инфо] [LOG] Заявка не является завершенной (OkDesk ID: 2896) Пропуск...
[23:59:15] - [Инфо] Developer - Mkrtchyan Martun <mart@kassa26.ru>
[23:59:15] - [Инфо] [OkDesk] Файл: '2926-2926data.json' - уже существует в 'data/okdesk'
[23:59:15] - [Инфо] [LOG] Заявка не является завершенной (OkDesk ID: 2926) Пропуск...
[23:59:15] - [Инфо] Developer - Mkrtchyan Martun <mart@kassa26.ru>
[23:59:15] - [Инфо] [OkDesk] Файл: '2948-2948data.json' - уже существует в 'data/okdesk'
[23:59:15] - [Инфо] [LOG] Заявка не является завершенной (OkDesk ID: 2948) Пропуск...
[23:59:15] - [Инфо] Developer - Mkrtchyan Martun <mart@kassa26.ru>
[23:59:15] - [Инфо] [OkDesk] Файл: '2967-2967data.json' - уже существует в 'data/okdesk'
[23:59:16] - [Инфо] [LOG] Заявка не является завершенной (OkDesk ID: 2967) Пропуск...
[23:59:16] - [Инфо] Developer - Mkrtchyan Martun <mart@kassa26.ru>
[23:59:16] - [Инфо] [OkDesk] Файл: '2977-2977data.json' - уже существует в 'data/okdesk'
[23:59:16] - [Инфо] Сущность с ID: 2977 обработана на сервере.
[23:59:16] - [Инфо] Developer - Mkrtchyan Martun <mart@kassa26.ru>
[23:59:17] - [Инфо] [LOG] Заявка не является завершенной (OkDesk ID: 2981) Пропуск...
[23:59:17] - [Инфо] Developer - Mkrtchyan Martun <mart@kassa26.ru>
[23:59:17] - [Инфо] [LOG] Заявка не является завершенной (OkDesk ID: 2987) Пропуск...
[23:59:26] - [Инфо] Отправка данных в Спутник...
[23:59:26] - [Инфо] task status: success, task time status: success
[23:59:26] - [Инфо] SputnikTaskID: 33828
[23:59:26] - [Инфо] comment id: 170502, task comment status: success
[23:59:27] - [Инфо] comment id: 170503, task comment status: success
