[23:59:1] - [Инфо] Начало цикла след. последовательности
[23:59:2] - [Инфо] Developer - Mkrtchyan Martun <mart@kassa26.ru>
[23:59:3] - Заявка уже была ранее выгружена. (OkDesk ID: 3280), пожалуйста исправьте ошибку[23:59:4] - [Инфо] Сущность с ID: 3281 обработана на сервере.
[23:59:4] - [Инфо] Отправка данных в Спутник...
[23:59:4] - [Инфо] task status: success, task time status: success
[23:59:4] - [Инфо] SputnikTaskID: 34292
[23:59:4] - [Инфо] Сущность с ID: 3282 обработана на сервере.
[23:59:4] - [Инфо] Отправка данных в Спутник...
[23:59:4] - [Инфо] task status: success, task time status: success
[23:59:4] - [Инфо] SputnikTaskID: 34293
[23:59:4] - [Инфо] comment id: 171907, task comment status: success
[23:59:5] - [Инфо] comment id: 171908, task comment status: success
[23:59:5] - [Инфо] comment id: 171909, task comment status: success
[23:59:5] - [Инфо] Сущность с ID: 3283 обработана на сервере.
[23:59:5] - [Инфо] comment id: 171910, task comment status: success
[23:59:5] - [Инфо] comment id: 171911, task comment status: success
[23:59:5] - [Инфо] Отправка данных в Спутник...
[23:59:5] - [Инфо] task status: success, task time status: success
[23:59:5] - [Инфо] SputnikTaskID: 34294
[23:59:5] - [Инфо] Сущность с ID: 3284 обработана на сервере.
[23:59:5] - [Инфо] comment id: 171912, task comment status: success
[23:59:5] - [Инфо] Отправка данных в Спутник...
[23:59:5] - [Инфо] task status: success, task time status: success
[23:59:5] - [Инфо] SputnikTaskID: 34295
[23:59:6] - [Инфо] comment id: 171913, task comment status: success
[23:59:6] - [Инфо] comment id: 171914, task comment status: success
[23:59:6] - [Инфо] Сущность с ID: 3285 обработана на сервере.
[23:59:6] - [Инфо] Отправка данных в Спутник...
[23:59:6] - [Инфо] task status: success, task time status: success
[23:59:6] - [Инфо] SputnikTaskID: 34296
[23:59:6] - [Инфо] comment id: 171915, task comment status: success
[23:59:6] - [Инфо] Сущность с ID: 3286 обработана на сервере.
[23:59:6] - [Инфо] Отправка данных в Спутник...
[23:59:6] - [Инфо] task status: success, task time status: success
[23:59:6] - [Инфо] SputnikTaskID: 34297
[23:59:7] - [Инфо] comment id: 171916, task comment status: success
[23:59:7] - [Инфо] Сущность с ID: 3287 обработана на сервере.
[23:59:7] - [Инфо] Отправка данных в Спутник...
[23:59:7] - [Инфо] task status: success, task time status: success
[23:59:7] - [Инфо] SputnikTaskID: 34298
[23:59:7] - [Инфо] comment id: 171917, task comment status: success
[23:59:7] - [Инфо] comment id: 171918, task comment status: success
[23:59:7] - [Инфо] Сущность с ID: 3288 обработана на сервере.
[23:59:8] - [Инфо] Отправка данных в Спутник...
[23:59:8] - [Инфо] task status: success, task time status: success
[23:59:8] - [Инфо] SputnikTaskID: 34299
[23:59:8] - [Инфо] comment id: 171919, task comment status: success
[23:59:8] - [Инфо] Сущность с ID: 3289 обработана на сервере.
[23:59:8] - [Инфо] Отправка данных в Спутник...
[23:59:8] - [Инфо] task status: success, task time status: success
[23:59:8] - [Инфо] SputnikTaskID: 34300
[23:59:9] - [Инфо] Сущность с ID: 3290 обработана на сервере.
[23:59:9] - [Инфо] Отправка данных в Спутник...
[23:59:9] - [Инфо] task status: success, task time status: success
[23:59:9] - [Инфо] SputnikTaskID: 34301
[23:59:9] - [Инфо] comment id: 171920, task comment status: success
[23:59:9] - [Инфо] Сущность с ID: 3291 обработана на сервере.
[23:59:9] - [Инфо] comment id: 171921, task comment status: success
[23:59:9] - [Инфо] Отправка данных в Спутник...
[23:59:9] - [Инфо] task status: success, task time status: success
[23:59:9] - [Инфо] SputnikTaskID: 34302
[23:59:10] - [Инфо] comment id: 171922, task comment status: success
[23:59:10] - [Инфо] Сущность с ID: 3292 обработана на сервере.
[23:59:10] - [Инфо] Отправка данных в Спутник...
[23:59:10] - [Инфо] task status: success, task time status: success
[23:59:10] - [Инфо] SputnikTaskID: 34303
[23:59:10] - [Инфо] comment id: 171923, task comment status: success
[23:59:10] - [Инфо] Сущность с ID: 3293 обработана на сервере.
[23:59:11] - [Инфо] Отправка данных в Спутник...
[23:59:11] - [Инфо] task status: success, task time status: success
[23:59:11] - [Инфо] SputnikTaskID: 34304
[23:59:11] - [Инфо] comment id: 171924, task comment status: success
[23:59:11] - [Инфо] Сущность с ID: 3294 обработана на сервере.
[23:59:11] - [Инфо] comment id: 171925, task comment status: success
[23:59:11] - [Инфо] Отправка данных в Спутник...
[23:59:11] - [Инфо] task status: success, task time status: success
[23:59:11] - [Инфо] SputnikTaskID: 34305
[23:59:11] - [Инфо] comment id: 171926, task comment status: success
[23:59:11] - [Инфо] Сущность с ID: 3295 обработана на сервере.
[23:59:11] - [Инфо] comment id: 171927, task comment status: success
[23:59:12] - [Инфо] Отправка данных в Спутник...
[23:59:12] - [Инфо] task status: success, task time status: success
[23:59:12] - [Инфо] SputnikTaskID: 34306
[23:59:12] - [Инфо] comment id: 171928, task comment status: success
[23:59:12] - [Инфо] 3296
[23:59:12] - [Инфо] [LOG] Заявка не является завершенной (OkDesk ID: 3296) Пропуск...
[23:59:12] - [Инфо] comment id: 171929, task comment status: success
[23:59:12] - [Инфо] 3297
[23:59:12] - [Инфо] [LOG] Заявка не является завершенной (OkDesk ID: 3297) Пропуск...
[23:59:13] - [Инфо] 3298
[23:59:13] - [Инфо] [LOG] Заявка не является завершенной (OkDesk ID: 3298) Пропуск...
[23:59:13] - Записи 3299 не существует, пожалуйста исправьте ошибку[23:59:13] - [Инфо] DEBUG: Записи 3299 не существует
[23:59:13] - Записи 3300 не существует, пожалуйста исправьте ошибку[23:59:13] - [Инфо] DEBUG: Записи 3300 не существует
[23:59:13] - Записи 3301 не существует, пожалуйста исправьте ошибку[23:59:13] - [Инфо] DEBUG: Записи 3301 не существует
[23:59:13] - Записи 3302 не существует, пожалуйста исправьте ошибку[23:59:13] - [Инфо] DEBUG: Записи 3302 не существует
[23:59:13] - Записи 3303 не существует, пожалуйста исправьте ошибку[23:59:14] - [Инфо] DEBUG: Записи 3303 не существует
[23:59:14] - Записи 3304 не существует, пожалуйста исправьте ошибку[23:59:14] - [Инфо] DEBUG: Записи 3304 не существует
[23:59:14] - Записи 3305 не существует, пожалуйста исправьте ошибку[23:59:14] - [Инфо] DEBUG: Записи 3305 не существует
[23:59:14] - [Инфо] Начало автоматической выгрузки данных
[23:59:14] - [Инфо] Developer - Mkrtchyan Martun <mart@kassa26.ru>
[23:59:14] - [Инфо] [OkDesk] Файл: '2589-2589data.json' - уже существует в 'data/okdesk'
[23:59:14] - [Инфо] [LOG] Заявка не является завершенной (OkDesk ID: 2589) Пропуск...
[23:59:14] - [Инфо] Developer - Mkrtchyan Martun <mart@kassa26.ru>
[23:59:14] - [Инфо] [OkDesk] Файл: '2702-2702data.json' - уже существует в 'data/okdesk'
[23:59:14] - [Инфо] [LOG] Заявка не является завершенной (OkDesk ID: 2702) Пропуск...
[23:59:14] - [Инфо] Developer - Mkrtchyan Martun <mart@kassa26.ru>
[23:59:14] - [Инфо] [OkDesk] Файл: '2821-2821data.json' - уже существует в 'data/okdesk'
[23:59:15] - [Инфо] [LOG] Заявка не является завершенной (OkDesk ID: 2821) Пропуск...
[23:59:15] - [Инфо] Developer - Mkrtchyan Martun <mart@kassa26.ru>
[23:59:15] - [Инфо] [OkDesk] Файл: '2845-2845data.json' - уже существует в 'data/okdesk'
[23:59:15] - [Инфо] [LOG] Заявка не является завершенной (OkDesk ID: 2845) Пропуск...
[23:59:15] - [Инфо] Developer - Mkrtchyan Martun <mart@kassa26.ru>
[23:59:15] - [Инфо] [OkDesk] Файл: '3022-3022data.json' - уже существует в 'data/okdesk'
[23:59:16] - [Инфо] [LOG] Заявка не является завершенной (OkDesk ID: 3022) Пропуск...
[23:59:16] - [Инфо] Developer - Mkrtchyan Martun <mart@kassa26.ru>
[23:59:16] - [Инфо] [OkDesk] Файл: '3236-3236data.json' - уже существует в 'data/okdesk'
[23:59:16] - [Инфо] [LOG] Заявка не является завершенной (OkDesk ID: 3236) Пропуск...
[23:59:16] - [Инфо] Developer - Mkrtchyan Martun <mart@kassa26.ru>
[23:59:16] - [Инфо] [OkDesk] Файл: '3264-3264data.json' - уже существует в 'data/okdesk'
[23:59:16] - [Инфо] [LOG] Заявка не является завершенной (OkDesk ID: 3264) Пропуск...
[23:59:16] - [Инфо] Developer - Mkrtchyan Martun <mart@kassa26.ru>
[23:59:17] - [Инфо] Сущность с ID: 3279 обработана на сервере.
[23:59:17] - [Инфо] Отправка данных в Спутник...
[23:59:17] - [Инфо] task status: success, task time status: success
[23:59:17] - [Инфо] SputnikTaskID: 34307
[23:59:17] - [Инфо] comment id: 171930, task comment status: success
[23:59:17] - [Инфо] comment id: 171931, task comment status: success
