[23:59:0] - [Инфо] Начало цикла след. последовательности
[23:59:0] - [Инфо] Developer - Mkrtchyan Martun <mart@kassa26.ru>
[23:59:0] - Заявка уже была ранее выгружена. (OkDesk ID: 2432), пожалуйста исправьте ошибку[23:59:1] - [Инфо] Сущность с ID: 2433 обработана на сервере.
[23:59:1] - [Инфо] Отправка данных в Спутник...
[23:59:1] - [Инфо] task status: success, task time status: success
[23:59:1] - [Инфо] SputnikTaskID: 32692
[23:59:2] - [Инфо] comment id: 164516, task comment status: success
[23:59:2] - [Инфо] 2434
[23:59:2] - [Инфо] [LOG] Заявка не является завершенной (OkDesk ID: 2434) Пропуск...
[23:59:3] - [Инфо] Сущность с ID: 2435 обработана на сервере.
[23:59:3] - [Инфо] Отправка данных в Спутник...
[23:59:3] - [Инфо] task status: success, task time status: success
[23:59:3] - [Инфо] SputnikTaskID: 32693
[23:59:3] - [Инфо] comment id: 164517, task comment status: success
[23:59:3] - [Инфо] Сущность с ID: 2436 обработана на сервере.
[23:59:3] - [Инфо] Отправка данных в Спутник...
[23:59:3] - [Инфо] task status: success, task time status: success
[23:59:3] - [Инфо] SputnikTaskID: 32694
[23:59:4] - [Инфо] comment id: 164518, task comment status: success
[23:59:4] - [Инфо] Сущность с ID: 2437 обработана на сервере.
[23:59:4] - [Инфо] Отправка данных в Спутник...
[23:59:4] - [Инфо] task status: success, task time status: success
[23:59:4] - [Инфо] SputnikTaskID: 32695
[23:59:4] - [Инфо] comment id: 164519, task comment status: success
[23:59:4] - [Инфо] Сущность с ID: 2438 обработана на сервере.
[23:59:4] - [Инфо] Отправка данных в Спутник...
[23:59:4] - [Инфо] task status: success, task time status: success
[23:59:4] - [Инфо] SputnikTaskID: 32696
[23:59:5] - [Инфо] comment id: 164520, task comment status: success
[23:59:5] - [Инфо] Сущность с ID: 2439 обработана на сервере.
[23:59:5] - [Инфо] Отправка данных в Спутник...
[23:59:5] - [Инфо] task status: success, task time status: success
[23:59:5] - [Инфо] SputnikTaskID: 32697
[23:59:5] - [Инфо] comment id: 164521, task comment status: success
[23:59:6] - [Инфо] Сущность с ID: 2440 обработана на сервере.
[23:59:6] - [Инфо] Отправка данных в Спутник...
[23:59:6] - [Инфо] task status: success, task time status: success
[23:59:6] - [Инфо] SputnikTaskID: 32698
[23:59:6] - [Инфо] comment id: 164522, task comment status: success
[23:59:6] - [Инфо] Сущность с ID: 2441 обработана на сервере.
[23:59:6] - [Инфо] comment id: 164523, task comment status: success
[23:59:6] - [Инфо] Отправка данных в Спутник...
[23:59:6] - [Инфо] task status: success, task time status: success
[23:59:6] - [Инфо] SputnikTaskID: 32699
[23:59:7] - [Инфо] Сущность с ID: 2442 обработана на сервере.
[23:59:7] - [Инфо] comment id: 164524, task comment status: success
[23:59:7] - [Инфо] Отправка данных в Спутник...
[23:59:7] - [Инфо] task status: success, task time status: success
[23:59:7] - [Инфо] SputnikTaskID: 32700
[23:59:7] - [Инфо] comment id: 164525, task comment status: success
[23:59:7] - [Инфо] Сущность с ID: 2443 обработана на сервере.
[23:59:7] - [Инфо] Отправка данных в Спутник...
[23:59:7] - [Инфо] task status: success, task time status: success
[23:59:7] - [Инфо] SputnikTaskID: 32701
[23:59:8] - [Инфо] comment id: 164526, task comment status: success
[23:59:8] - [Инфо] Сущность с ID: 2444 обработана на сервере.
[23:59:8] - [Инфо] comment id: 164527, task comment status: success
[23:59:8] - [Инфо] Отправка данных в Спутник...
[23:59:8] - [Инфо] task status: success, task time status: success
[23:59:8] - [Инфо] SputnikTaskID: 32702
[23:59:8] - [Инфо] comment id: 164528, task comment status: success
[23:59:8] - [Инфо] 2445
[23:59:8] - [Инфо] [LOG] Заявка не является завершенной (OkDesk ID: 2445) Пропуск...
[23:59:8] - [Инфо] comment id: 164529, task comment status: success
[23:59:9] - [Инфо] 2446
[23:59:9] - [Инфо] [LOG] Заявка не является завершенной (OkDesk ID: 2446) Пропуск...
[23:59:9] - Записи 2447 не существует, пожалуйста исправьте ошибку[23:59:9] - [Инфо] DEBUG: Записи 2447 не существует
[23:59:9] - Записи 2448 не существует, пожалуйста исправьте ошибку[23:59:9] - [Инфо] DEBUG: Записи 2448 не существует
[23:59:9] - Записи 2449 не существует, пожалуйста исправьте ошибку[23:59:9] - [Инфо] DEBUG: Записи 2449 не существует
[23:59:10] - Записи 2450 не существует, пожалуйста исправьте ошибку[23:59:10] - [Инфо] DEBUG: Записи 2450 не существует
[23:59:10] - Записи 2451 не существует, пожалуйста исправьте ошибку[23:59:10] - [Инфо] DEBUG: Записи 2451 не существует
[23:59:10] - Записи 2452 не существует, пожалуйста исправьте ошибку[23:59:10] - [Инфо] DEBUG: Записи 2452 не существует
[23:59:10] - Записи 2453 не существует, пожалуйста исправьте ошибку[23:59:10] - [Инфо] DEBUG: Записи 2453 не существует
[23:59:10] - Записи 2454 не существует, пожалуйста исправьте ошибку[23:59:10] - [Инфо] DEBUG: Записи 2454 не существует
[23:59:10] - Записи 2455 не существует, пожалуйста исправьте ошибку[23:59:10] - [Инфо] DEBUG: Записи 2455 не существует
[23:59:11] - Записи 2456 не существует, пожалуйста исправьте ошибку[23:59:11] - [Инфо] DEBUG: Записи 2456 не существует
[23:59:11] - Записи 2457 не существует, пожалуйста исправьте ошибку[23:59:11] - [Инфо] DEBUG: Записи 2457 не существует
[23:59:11] - [Инфо] Начало автоматической выгрузки данных
[23:59:11] - [Инфо] Developer - Mkrtchyan Martun <mart@kassa26.ru>
[23:59:11] - [Инфо] [OkDesk] Файл: '2339-2339data.json' - уже существует в 'data/okdesk'
[23:59:11] - [Инфо] [LOG] Заявка не является завершенной (OkDesk ID: 2339) Пропуск...
[23:59:11] - [Инфо] Developer - Mkrtchyan Martun <mart@kassa26.ru>
[23:59:11] - [Инфо] [OkDesk] Файл: '2369-2369data.json' - уже существует в 'data/okdesk'
[23:59:12] - [Инфо] [LOG] Заявка не является завершенной (OkDesk ID: 2369) Пропуск...
[23:59:12] - [Инфо] Developer - Mkrtchyan Martun <mart@kassa26.ru>
[23:59:12] - [Инфо] [OkDesk] Файл: '2390-2390data.json' - уже существует в 'data/okdesk'
[23:59:12] - [Инфо] [LOG] Заявка не является завершенной (OkDesk ID: 2390) Пропуск...
[23:59:12] - [Инфо] Developer - Mkrtchyan Martun <mart@kassa26.ru>
[23:59:12] - [Инфо] [OkDesk] Файл: '2412-2412data.json' - уже существует в 'data/okdesk'
[23:59:12] - [Инфо] [LOG] Заявка не является завершенной (OkDesk ID: 2412) Пропуск...
[23:59:12] - [Инфо] Developer - Mkrtchyan Martun <mart@kassa26.ru>
[23:59:12] - [Инфо] [OkDesk] Файл: '2417-2417data.json' - уже существует в 'data/okdesk'
[23:59:13] - [Инфо] [LOG] Заявка не является завершенной (OkDesk ID: 2417) Пропуск...
