[23:59:1] - [Инфо] Начало цикла след. последовательности
[23:59:1] - [Инфо] Developer - Mkrtchyan Martun <mart@kassa26.ru>
[23:59:3] - Заявка уже была ранее выгружена. (OkDesk ID: 3295), пожалуйста исправьте ошибку[23:59:3] - [Инфо] Сущность с ID: 3296 обработана на сервере.
[23:59:4] - [Инфо] Отправка данных в Спутник...
[23:59:4] - [Инфо] task status: success, task time status: success
[23:59:4] - [Инфо] SputnikTaskID: 34320
[23:59:4] - [Инфо] Сущность с ID: 3297 обработана на сервере.
[23:59:4] - [Инфо] Отправка данных в Спутник...
[23:59:4] - [Инфо] task status: success, task time status: success
[23:59:4] - [Инфо] SputnikTaskID: 34321
[23:59:4] - [Инфо] comment id: 171976, task comment status: success
[23:59:4] - [Инфо] comment id: 171977, task comment status: success
[23:59:5] - [Инфо] Сущность с ID: 3298 обработана на сервере.
[23:59:5] - [Инфо] Отправка данных в Спутник...
[23:59:5] - [Инфо] task status: success, task time status: success
[23:59:5] - [Инфо] SputnikTaskID: 34322
[23:59:6] - [Инфо] comment id: 171978, task comment status: success
[23:59:6] - [Инфо] Сущность с ID: 3299 обработана на сервере.
[23:59:6] - [Инфо] comment id: 171979, task comment status: success
[23:59:7] - [Инфо] Отправка данных в Спутник...
[23:59:7] - [Инфо] task status: success, task time status: success
[23:59:7] - [Инфо] SputnikTaskID: 34323
[23:59:7] - [Инфо] comment id: 171980, task comment status: success
[23:59:7] - [Инфо] comment id: 171981, task comment status: success
[23:59:7] - [Инфо] Сущность с ID: 3300 обработана на сервере.
[23:59:7] - [Инфо] comment id: 171982, task comment status: success
[23:59:7] - [Инфо] Отправка данных в Спутник...
[23:59:7] - [Инфо] task status: success, task time status: success
[23:59:7] - [Инфо] SputnikTaskID: 34324
[23:59:7] - [Инфо] comment id: 171983, task comment status: success
[23:59:7] - [Инфо] 3301
[23:59:7] - [Инфо] [LOG] Заявка не является завершенной (OkDesk ID: 3301) Пропуск...
[23:59:8] - [Инфо] comment id: 171984, task comment status: success
[23:59:8] - [Инфо] Сущность с ID: 3302 обработана на сервере.
[23:59:8] - [Инфо] Отправка данных в Спутник...
[23:59:8] - [Инфо] task status: success, task time status: success
[23:59:8] - [Инфо] SputnikTaskID: 34325
[23:59:8] - [Инфо] comment id: 171985, task comment status: success
[23:59:9] - [Инфо] comment id: 171986, task comment status: success
[23:59:9] - [Инфо] Сущность с ID: 3303 обработана на сервере.
[23:59:9] - [Инфо] Отправка данных в Спутник...
[23:59:9] - [Инфо] task status: success, task time status: success
[23:59:9] - [Инфо] SputnikTaskID: 34326
[23:59:9] - [Инфо] comment id: 171987, task comment status: success
[23:59:9] - [Инфо] 3304
[23:59:9] - [Инфо] [LOG] Заявка не является завершенной (OkDesk ID: 3304) Пропуск...
[23:59:9] - [Инфо] comment id: 171988, task comment status: success
[23:59:9] - [Инфо] comment id: 171989, task comment status: success
[23:59:10] - [Инфо] Сущность с ID: 3305 обработана на сервере.
[23:59:10] - [Инфо] Отправка данных в Спутник...
[23:59:10] - [Инфо] task status: success, task time status: success
[23:59:10] - [Инфо] SputnikTaskID: 34327
[23:59:10] - [Инфо] comment id: 171990, task comment status: success
[23:59:10] - [Инфо] Сущность с ID: 3306 обработана на сервере.
[23:59:10] - [Инфо] comment id: 171991, task comment status: success
[23:59:11] - [Инфо] Отправка данных в Спутник...
[23:59:11] - [Инфо] task status: success, task time status: success
[23:59:11] - [Инфо] SputnikTaskID: 34328
[23:59:11] - [Инфо] comment id: 171992, task comment status: success
[23:59:11] - [Инфо] comment id: 171993, task comment status: success
[23:59:11] - [Инфо] Сущность с ID: 3307 обработана на сервере.
[23:59:11] - [Инфо] Отправка данных в Спутник...
[23:59:11] - [Инфо] task status: success, task time status: success
[23:59:11] - [Инфо] SputnikTaskID: 34329
[23:59:11] - [Инфо] comment id: 171994, task comment status: success
[23:59:12] - [Инфо] comment id: 171995, task comment status: success
[23:59:12] - [Инфо] Сущность с ID: 3308 обработана на сервере.
[23:59:12] - [Инфо] Отправка данных в Спутник...
[23:59:12] - [Инфо] task status: success, task time status: success
[23:59:12] - [Инфо] SputnikTaskID: 34330
[23:59:12] - [Инфо] comment id: 171996, task comment status: success
[23:59:12] - [Инфо] comment id: 171997, task comment status: success
[23:59:12] - [Инфо] Сущность с ID: 3309 обработана на сервере.
[23:59:12] - [Инфо] Отправка данных в Спутник...
[23:59:12] - [Инфо] task status: success, task time status: success
[23:59:12] - [Инфо] SputnikTaskID: 34331
[23:59:13] - [Инфо] comment id: 171998, task comment status: success
[23:59:13] - [Инфо] Сущность с ID: 3310 обработана на сервере.
[23:59:13] - [Инфо] Отправка данных в Спутник...
[23:59:13] - [Инфо] task status: success, task time status: success
[23:59:13] - [Инфо] SputnikTaskID: 34332
[23:59:13] - [Инфо] comment id: 171999, task comment status: success
[23:59:13] - [Инфо] comment id: 172000, task comment status: success
[23:59:13] - [Инфо] Сущность с ID: 3311 обработана на сервере.
[23:59:13] - [Инфо] Отправка данных в Спутник...
[23:59:13] - [Инфо] task status: success, task time status: success
[23:59:13] - [Инфо] SputnikTaskID: 34333
[23:59:14] - [Инфо] comment id: 172001, task comment status: success
[23:59:14] - [Инфо] comment id: 172002, task comment status: success
[23:59:14] - [Инфо] Сущность с ID: 3312 обработана на сервере.
[23:59:14] - [Инфо] Отправка данных в Спутник...
[23:59:14] - [Инфо] task status: success, task time status: success
[23:59:14] - [Инфо] SputnikTaskID: 34334
[23:59:14] - [Инфо] comment id: 172003, task comment status: success
[23:59:14] - [Инфо] Сущность с ID: 3313 обработана на сервере.
[23:59:15] - [Инфо] Отправка данных в Спутник...
[23:59:15] - [Инфо] task status: success, task time status: success
[23:59:15] - [Инфо] SputnikTaskID: 34335
[23:59:15] - [Инфо] comment id: 172004, task comment status: success
[23:59:15] - [Инфо] Сущность с ID: 3314 обработана на сервере.
[23:59:15] - [Инфо] comment id: 172005, task comment status: success
[23:59:16] - [Инфо] Сущность с ID: 3315 обработана на сервере.
[23:59:16] - [Инфо] Отправка данных в Спутник...
[23:59:16] - [Инфо] task status: success, task time status: success
[23:59:16] - [Инфо] SputnikTaskID: 34336
[23:59:16] - [Инфо] 3316
[23:59:16] - [Инфо] [LOG] Заявка не является завершенной (OkDesk ID: 3316) Пропуск...
[23:59:16] - [Инфо] comment id: 172006, task comment status: success
[23:59:16] - [Инфо] comment id: 172007, task comment status: success
[23:59:17] - [Инфо] Сущность с ID: 3317 обработана на сервере.
[23:59:17] - [Инфо] Отправка данных в Спутник...
[23:59:17] - [Инфо] task status: success, task time status: success
[23:59:17] - [Инфо] SputnikTaskID: 34337
[23:59:17] - [Инфо] comment id: 172008, task comment status: success
[23:59:17] - [Инфо] Сущность с ID: 3318 обработана на сервере.
[23:59:17] - [Инфо] Отправка данных в Спутник...
[23:59:17] - [Инфо] task status: success, task time status: success
[23:59:17] - [Инфо] SputnikTaskID: 34338
[23:59:18] - [Инфо] comment id: 172009, task comment status: success
[23:59:18] - [Инфо] 3319
[23:59:18] - [Инфо] [LOG] Заявка не является завершенной (OkDesk ID: 3319) Пропуск...
[23:59:18] - Записи 3320 не существует, пожалуйста исправьте ошибку[23:59:18] - [Инфо] DEBUG: Записи 3320 не существует
[23:59:18] - [Инфо] Начало автоматической выгрузки данных
[23:59:18] - [Инфо] Developer - Mkrtchyan Martun <mart@kassa26.ru>
[23:59:18] - [Инфо] [OkDesk] Файл: '2589-2589data.json' - уже существует в 'data/okdesk'
[23:59:18] - [Инфо] [LOG] Заявка не является завершенной (OkDesk ID: 2589) Пропуск...
[23:59:18] - [Инфо] Developer - Mkrtchyan Martun <mart@kassa26.ru>
[23:59:18] - [Инфо] [OkDesk] Файл: '2702-2702data.json' - уже существует в 'data/okdesk'
[23:59:19] - [Инфо] [LOG] Заявка не является завершенной (OkDesk ID: 2702) Пропуск...
[23:59:19] - [Инфо] Developer - Mkrtchyan Martun <mart@kassa26.ru>
[23:59:19] - [Инфо] [OkDesk] Файл: '2821-2821data.json' - уже существует в 'data/okdesk'
[23:59:19] - [Инфо] [LOG] Заявка не является завершенной (OkDesk ID: 2821) Пропуск...
[23:59:19] - [Инфо] Developer - Mkrtchyan Martun <mart@kassa26.ru>
[23:59:19] - [Инфо] [OkDesk] Файл: '2845-2845data.json' - уже существует в 'data/okdesk'
[23:59:19] - [Инфо] [LOG] Заявка не является завершенной (OkDesk ID: 2845) Пропуск...
[23:59:19] - [Инфо] Developer - Mkrtchyan Martun <mart@kassa26.ru>
[23:59:19] - [Инфо] [OkDesk] Файл: '3022-3022data.json' - уже существует в 'data/okdesk'
[23:59:20] - [Инфо] [LOG] Заявка не является завершенной (OkDesk ID: 3022) Пропуск...
[23:59:20] - [Инфо] Developer - Mkrtchyan Martun <mart@kassa26.ru>
[23:59:20] - [Инфо] [OkDesk] Файл: '3236-3236data.json' - уже существует в 'data/okdesk'
[23:59:20] - [Инфо] [LOG] Заявка не является завершенной (OkDesk ID: 3236) Пропуск...
[23:59:20] - [Инфо] Developer - Mkrtchyan Martun <mart@kassa26.ru>
[23:59:20] - [Инфо] [OkDesk] Файл: '3264-3264data.json' - уже существует в 'data/okdesk'
[23:59:20] - [Инфо] [LOG] Заявка не является завершенной (OkDesk ID: 3264) Пропуск...
[23:59:20] - [Инфо] Developer - Mkrtchyan Martun <mart@kassa26.ru>
[23:59:21] - Заявка уже была ранее выгружена. (OkDesk ID: 3296), пожалуйста исправьте ошибку[23:59:21] - [Инфо] Developer - Mkrtchyan Martun <mart@kassa26.ru>
[23:59:21] - Заявка уже была ранее выгружена. (OkDesk ID: 3297), пожалуйста исправьте ошибку[23:59:21] - [Инфо] Developer - Mkrtchyan Martun <mart@kassa26.ru>
[23:59:22] - Заявка уже была ранее выгружена. (OkDesk ID: 3298), пожалуйста исправьте ошибку[23:59:25] - [Инфо] Отправка данных в Спутник...
[23:59:25] - [Инфо] task status: success, task time status: success
[23:59:25] - [Инфо] SputnikTaskID: 34339
[23:59:25] - [Инфо] comment id: 172010, task comment status: success
