[23:59:4] - [Инфо] Начало цикла след. последовательности
[23:59:4] - [Инфо] Developer - Mkrtchyan Martun <mart@kassa26.ru>
[23:59:5] - Заявка уже была ранее выгружена. (OkDesk ID: 3001), пожалуйста исправьте ошибку[23:59:6] - [Инфо] Сущность с ID: 3002 обработана на сервере.
[23:59:7] - [Инфо] Отправка данных в Спутник...
[23:59:7] - [Инфо] task status: success, task time status: success
[23:59:7] - [Инфо] SputnikTaskID: 33829
[23:59:7] - [Инфо] Сущность с ID: 3003 обработана на сервере.
[23:59:7] - [Инфо] Отправка данных в Спутник...
[23:59:7] - [Инфо] task status: success, task time status: success
[23:59:7] - [Инфо] SputnikTaskID: 33830
[23:59:8] - [Инфо] comment id: 170504, task comment status: success
[23:59:8] - [Инфо] comment id: 170505, task comment status: success
[23:59:8] - [Инфо] comment id: 170506, task comment status: success
[23:59:8] - [Инфо] Сущность с ID: 3004 обработана на сервере.
[23:59:8] - [Инфо] Отправка данных в Спутник...
[23:59:8] - [Инфо] task status: success, task time status: success
[23:59:8] - [Инфо] SputnikTaskID: 33831
[23:59:8] - [Инфо] 3005
[23:59:8] - [Инфо] [LOG] Заявка не является завершенной (OkDesk ID: 3005) Пропуск...
[23:59:8] - [Инфо] comment id: 170507, task comment status: success
[23:59:8] - Записи 3006 не существует, пожалуйста исправьте ошибку[23:59:8] - [Инфо] DEBUG: Записи 3006 не существует
[23:59:8] - Записи 3007 не существует, пожалуйста исправьте ошибку[23:59:8] - [Инфо] DEBUG: Записи 3007 не существует
[23:59:9] - Записи 3008 не существует, пожалуйста исправьте ошибку[23:59:9] - [Инфо] DEBUG: Записи 3008 не существует
[23:59:9] - Записи 3009 не существует, пожалуйста исправьте ошибку[23:59:9] - [Инфо] DEBUG: Записи 3009 не существует
[23:59:9] - Записи 3010 не существует, пожалуйста исправьте ошибку[23:59:9] - [Инфо] DEBUG: Записи 3010 не существует
[23:59:9] - Записи 3011 не существует, пожалуйста исправьте ошибку[23:59:9] - [Инфо] DEBUG: Записи 3011 не существует
[23:59:9] - Записи 3012 не существует, пожалуйста исправьте ошибку[23:59:9] - [Инфо] DEBUG: Записи 3012 не существует
[23:59:9] - Записи 3013 не существует, пожалуйста исправьте ошибку[23:59:10] - [Инфо] DEBUG: Записи 3013 не существует
[23:59:10] - Записи 3014 не существует, пожалуйста исправьте ошибку[23:59:10] - [Инфо] DEBUG: Записи 3014 не существует
[23:59:10] - Записи 3015 не существует, пожалуйста исправьте ошибку[23:59:10] - [Инфо] DEBUG: Записи 3015 не существует
[23:59:10] - Записи 3016 не существует, пожалуйста исправьте ошибку[23:59:10] - [Инфо] DEBUG: Записи 3016 не существует
[23:59:10] - Записи 3017 не существует, пожалуйста исправьте ошибку[23:59:10] - [Инфо] DEBUG: Записи 3017 не существует
[23:59:10] - Записи 3018 не существует, пожалуйста исправьте ошибку[23:59:11] - [Инфо] DEBUG: Записи 3018 не существует
[23:59:11] - Записи 3019 не существует, пожалуйста исправьте ошибку[23:59:11] - [Инфо] DEBUG: Записи 3019 не существует
[23:59:11] - Записи 3020 не существует, пожалуйста исправьте ошибку[23:59:11] - [Инфо] DEBUG: Записи 3020 не существует
[23:59:11] - Записи 3021 не существует, пожалуйста исправьте ошибку[23:59:11] - [Инфо] DEBUG: Записи 3021 не существует
[23:59:11] - Записи 3022 не существует, пожалуйста исправьте ошибку[23:59:11] - [Инфо] DEBUG: Записи 3022 не существует
[23:59:11] - Записи 3023 не существует, пожалуйста исправьте ошибку[23:59:12] - [Инфо] DEBUG: Записи 3023 не существует
[23:59:12] - Записи 3024 не существует, пожалуйста исправьте ошибку[23:59:12] - [Инфо] DEBUG: Записи 3024 не существует
[23:59:12] - Записи 3025 не существует, пожалуйста исправьте ошибку[23:59:12] - [Инфо] DEBUG: Записи 3025 не существует
[23:59:12] - Записи 3026 не существует, пожалуйста исправьте ошибку[23:59:12] - [Инфо] DEBUG: Записи 3026 не существует
[23:59:12] - [Инфо] Начало автоматической выгрузки данных
[23:59:12] - [Инфо] Developer - Mkrtchyan Martun <mart@kassa26.ru>
[23:59:12] - [Инфо] [OkDesk] Файл: '2563-2563data.json' - уже существует в 'data/okdesk'
[23:59:12] - [Инфо] [LOG] Заявка не является завершенной (OkDesk ID: 2563) Пропуск...
[23:59:12] - [Инфо] Developer - Mkrtchyan Martun <mart@kassa26.ru>
[23:59:12] - [Инфо] [OkDesk] Файл: '2589-2589data.json' - уже существует в 'data/okdesk'
[23:59:13] - [Инфо] [LOG] Заявка не является завершенной (OkDesk ID: 2589) Пропуск...
[23:59:13] - [Инфо] Developer - Mkrtchyan Martun <mart@kassa26.ru>
[23:59:13] - [Инфо] [OkDesk] Файл: '2625-2625data.json' - уже существует в 'data/okdesk'
[23:59:13] - [Инфо] [LOG] Заявка не является завершенной (OkDesk ID: 2625) Пропуск...
[23:59:13] - [Инфо] Developer - Mkrtchyan Martun <mart@kassa26.ru>
[23:59:13] - [Инфо] [OkDesk] Файл: '2685-2685data.json' - уже существует в 'data/okdesk'
[23:59:13] - [Инфо] [LOG] Заявка не является завершенной (OkDesk ID: 2685) Пропуск...
[23:59:13] - [Инфо] Developer - Mkrtchyan Martun <mart@kassa26.ru>
[23:59:13] - [Инфо] [OkDesk] Файл: '2702-2702data.json' - уже существует в 'data/okdesk'
[23:59:14] - [Инфо] [LOG] Заявка не является завершенной (OkDesk ID: 2702) Пропуск...
[23:59:14] - [Инфо] Developer - Mkrtchyan Martun <mart@kassa26.ru>
[23:59:14] - [Инфо] [OkDesk] Файл: '2821-2821data.json' - уже существует в 'data/okdesk'
[23:59:14] - [Инфо] [LOG] Заявка не является завершенной (OkDesk ID: 2821) Пропуск...
[23:59:14] - [Инфо] Developer - Mkrtchyan Martun <mart@kassa26.ru>
[23:59:14] - [Инфо] [OkDesk] Файл: '2845-2845data.json' - уже существует в 'data/okdesk'
[23:59:14] - [Инфо] [LOG] Заявка не является завершенной (OkDesk ID: 2845) Пропуск...
[23:59:14] - [Инфо] Developer - Mkrtchyan Martun <mart@kassa26.ru>
[23:59:14] - [Инфо] [OkDesk] Файл: '2896-2896data.json' - уже существует в 'data/okdesk'
[23:59:14] - [Инфо] [LOG] Заявка не является завершенной (OkDesk ID: 2896) Пропуск...
[23:59:14] - [Инфо] Developer - Mkrtchyan Martun <mart@kassa26.ru>
[23:59:14] - [Инфо] [OkDesk] Файл: '2926-2926data.json' - уже существует в 'data/okdesk'
[23:59:15] - [Инфо] [LOG] Заявка не является завершенной (OkDesk ID: 2926) Пропуск...
[23:59:15] - [Инфо] Developer - Mkrtchyan Martun <mart@kassa26.ru>
[23:59:15] - [Инфо] [OkDesk] Файл: '2948-2948data.json' - уже существует в 'data/okdesk'
[23:59:15] - [Инфо] [LOG] Заявка не является завершенной (OkDesk ID: 2948) Пропуск...
[23:59:15] - [Инфо] Developer - Mkrtchyan Martun <mart@kassa26.ru>
[23:59:15] - [Инфо] [OkDesk] Файл: '2967-2967data.json' - уже существует в 'data/okdesk'
[23:59:15] - [Инфо] [LOG] Заявка не является завершенной (OkDesk ID: 2967) Пропуск...
[23:59:15] - [Инфо] Developer - Mkrtchyan Martun <mart@kassa26.ru>
[23:59:15] - [Инфо] [OkDesk] Файл: '2981-2981data.json' - уже существует в 'data/okdesk'
[23:59:16] - [Инфо] [LOG] Заявка не является завершенной (OkDesk ID: 2981) Пропуск...
[23:59:16] - [Инфо] Developer - Mkrtchyan Martun <mart@kassa26.ru>
[23:59:16] - [Инфо] [OkDesk] Файл: '2987-2987data.json' - уже существует в 'data/okdesk'
[23:59:16] - [Инфо] [LOG] Заявка не является завершенной (OkDesk ID: 2987) Пропуск...
