[23:59:0] - [Инфо] Начало цикла след. последовательности
[23:59:0] - [Инфо] Developer - Mkrtchyan Martun <mart@kassa26.ru>
[23:59:1] - Заявка уже была ранее выгружена. (OkDesk ID: 2444), пожалуйста исправьте ошибку[23:59:1] - [Инфо] Сущность с ID: 2445 обработана на сервере.
[23:59:2] - [Инфо] Отправка данных в Спутник...
[23:59:2] - [Инфо] task status: success, task time status: success
[23:59:2] - [Инфо] SputnikTaskID: 32707
[23:59:2] - [Инфо] [LOG] Заявка не является завершенной (OkDesk ID: 2446) Пропуск...
[23:59:2] - [Инфо] comment id: 164732, task comment status: success
[23:59:2] - [Инфо] comment id: 164733, task comment status: success
[23:59:2] - [Инфо] Сущность с ID: 2447 обработана на сервере.
[23:59:2] - [Инфо] comment id: 164734, task comment status: success
[23:59:3] - [Инфо] comment id: 164735, task comment status: success
[23:59:3] - [Инфо] Отправка данных в Спутник...
[23:59:3] - [Инфо] task status: success, task time status: success
[23:59:3] - [Инфо] SputnikTaskID: 32708
[23:59:3] - [Инфо] comment id: 164736, task comment status: success
[23:59:3] - [Инфо] Сущность с ID: 2448 обработана на сервере.
[23:59:3] - [Инфо] comment id: 164737, task comment status: success
[23:59:3] - [Инфо] Отправка данных в Спутник...
[23:59:3] - [Инфо] task status: success, task time status: success
[23:59:3] - [Инфо] SputnikTaskID: 32709
[23:59:3] - [Инфо] comment id: 164738, task comment status: success
[23:59:3] - [Инфо] Сущность с ID: 2449 обработана на сервере.
[23:59:4] - [Инфо] Отправка данных в Спутник...
[23:59:4] - [Инфо] task status: success, task time status: success
[23:59:4] - [Инфо] SputnikTaskID: 32710
[23:59:4] - [Инфо] comment id: 164739, task comment status: success
[23:59:4] - [Инфо] comment id: 164740, task comment status: success
[23:59:5] - [Инфо] Сущность с ID: 2450 обработана на сервере.
[23:59:5] - [Инфо] Отправка данных в Спутник...
[23:59:5] - [Инфо] task status: success, task time status: success
[23:59:5] - [Инфо] SputnikTaskID: 32711
[23:59:6] - [Инфо] comment id: 164741, task comment status: success
[23:59:6] - [Инфо] Сущность с ID: 2451 обработана на сервере.
[23:59:6] - [Инфо] Отправка данных в Спутник...
[23:59:6] - [Инфо] task status: success, task time status: success
[23:59:6] - [Инфо] SputnikTaskID: 32712
[23:59:6] - [Инфо] comment id: 164742, task comment status: success
[23:59:6] - [Инфо] Сущность с ID: 2452 обработана на сервере.
[23:59:6] - [Инфо] Отправка данных в Спутник...
[23:59:6] - [Инфо] task status: success, task time status: success
[23:59:6] - [Инфо] SputnikTaskID: 32713
[23:59:7] - [Инфо] comment id: 164743, task comment status: success
[23:59:7] - [Инфо] Сущность с ID: 2453 обработана на сервере.
[23:59:7] - [Инфо] comment id: 164744, task comment status: success
[23:59:7] - [Инфо] Отправка данных в Спутник...
[23:59:7] - [Инфо] task status: success, task time status: success
[23:59:7] - [Инфо] SputnikTaskID: 32714
[23:59:7] - [Инфо] comment id: 164745, task comment status: success
[23:59:7] - [Инфо] Сущность с ID: 2454 обработана на сервере.
[23:59:7] - Записи 2455 не существует, пожалуйста исправьте ошибку[23:59:7] - [Инфо] DEBUG: Записи 2455 не существует
[23:59:7] - [Инфо] Отправка данных в Спутник...
[23:59:7] - [Инфо] task status: success, task time status: success
[23:59:7] - [Инфо] SputnikTaskID: 32715
[23:59:8] - Записи 2456 не существует, пожалуйста исправьте ошибку[23:59:8] - [Инфо] DEBUG: Записи 2456 не существует
[23:59:8] - [Инфо] comment id: 164746, task comment status: success
[23:59:8] - Записи 2457 не существует, пожалуйста исправьте ошибку[23:59:8] - [Инфо] DEBUG: Записи 2457 не существует
[23:59:8] - Записи 2458 не существует, пожалуйста исправьте ошибку[23:59:8] - [Инфо] DEBUG: Записи 2458 не существует
[23:59:8] - Записи 2459 не существует, пожалуйста исправьте ошибку[23:59:8] - [Инфо] DEBUG: Записи 2459 не существует
[23:59:8] - Записи 2460 не существует, пожалуйста исправьте ошибку[23:59:8] - [Инфо] DEBUG: Записи 2460 не существует
[23:59:8] - Записи 2461 не существует, пожалуйста исправьте ошибку[23:59:9] - [Инфо] DEBUG: Записи 2461 не существует
[23:59:9] - Записи 2462 не существует, пожалуйста исправьте ошибку[23:59:9] - [Инфо] DEBUG: Записи 2462 не существует
[23:59:9] - Записи 2463 не существует, пожалуйста исправьте ошибку[23:59:9] - [Инфо] DEBUG: Записи 2463 не существует
[23:59:9] - Записи 2464 не существует, пожалуйста исправьте ошибку[23:59:9] - [Инфо] DEBUG: Записи 2464 не существует
[23:59:9] - Записи 2465 не существует, пожалуйста исправьте ошибку[23:59:9] - [Инфо] DEBUG: Записи 2465 не существует
[23:59:9] - Записи 2466 не существует, пожалуйста исправьте ошибку[23:59:10] - [Инфо] DEBUG: Записи 2466 не существует
[23:59:10] - Записи 2467 не существует, пожалуйста исправьте ошибку[23:59:10] - [Инфо] DEBUG: Записи 2467 не существует
[23:59:10] - Записи 2468 не существует, пожалуйста исправьте ошибку[23:59:10] - [Инфо] DEBUG: Записи 2468 не существует
[23:59:10] - Записи 2469 не существует, пожалуйста исправьте ошибку[23:59:10] - [Инфо] DEBUG: Записи 2469 не существует
[23:59:10] - [Инфо] Начало автоматической выгрузки данных
[23:59:10] - [Инфо] Developer - Mkrtchyan Martun <mart@kassa26.ru>
[23:59:10] - [Инфо] [OkDesk] Файл: '2339-2339data.json' - уже существует в 'data/okdesk'
[23:59:11] - [Инфо] Сущность с ID: 2339 обработана на сервере.
[23:59:11] - [Инфо] Developer - Mkrtchyan Martun <mart@kassa26.ru>
[23:59:11] - [Инфо] [OkDesk] Файл: '2369-2369data.json' - уже существует в 'data/okdesk'
[23:59:11] - [Инфо] Отправка данных в Спутник...
[23:59:11] - [Инфо] task status: success, task time status: success
[23:59:11] - [Инфо] SputnikTaskID: 32716
[23:59:11] - [Инфо] [LOG] Заявка не является завершенной (OkDesk ID: 2369) Пропуск...
[23:59:11] - [Инфо] Developer - Mkrtchyan Martun <mart@kassa26.ru>
[23:59:11] - [Инфо] [OkDesk] Файл: '2390-2390data.json' - уже существует в 'data/okdesk'
[23:59:11] - [Инфо] comment id: 164747, task comment status: success
[23:59:11] - [Инфо] comment id: 164748, task comment status: success
[23:59:11] - [Инфо] Сущность с ID: 2390 обработана на сервере.
[23:59:11] - [Инфо] Developer - Mkrtchyan Martun <mart@kassa26.ru>
[23:59:11] - [Инфо] [OkDesk] Файл: '2412-2412data.json' - уже существует в 'data/okdesk'
[23:59:11] - [Инфо] comment id: 164749, task comment status: success
[23:59:12] - [Инфо] comment id: 164750, task comment status: success
[23:59:12] - [Инфо] Отправка данных в Спутник...
[23:59:12] - [Инфо] task status: success, task time status: success
[23:59:12] - [Инфо] SputnikTaskID: 32717
[23:59:12] - [Инфо] Сущность с ID: 2412 обработана на сервере.
[23:59:12] - [Инфо] Developer - Mkrtchyan Martun <mart@kassa26.ru>
[23:59:12] - [Инфо] [OkDesk] Файл: '2417-2417data.json' - уже существует в 'data/okdesk'
[23:59:12] - [Инфо] comment id: 164751, task comment status: success
[23:59:12] - [Инфо] Отправка данных в Спутник...
[23:59:12] - [Инфо] task status: success, task time status: success
[23:59:12] - [Инфо] SputnikTaskID: 32718
[23:59:12] - [Инфо] comment id: 164752, task comment status: success
[23:59:12] - [Инфо] comment id: 164753, task comment status: success
[23:59:12] - [Инфо] Сущность с ID: 2417 обработана на сервере.
[23:59:12] - [Инфо] Developer - Mkrtchyan Martun <mart@kassa26.ru>
[23:59:12] - [Инфо] Отправка данных в Спутник...
[23:59:12] - [Инфо] task status: success, task time status: success
[23:59:12] - [Инфо] SputnikTaskID: 32719
[23:59:13] - [Инфо] comment id: 164754, task comment status: success
[23:59:13] - [Инфо] Сущность с ID: 2434 обработана на сервере.
[23:59:13] - [Инфо] Developer - Mkrtchyan Martun <mart@kassa26.ru>
[23:59:13] - [Инфо] Отправка данных в Спутник...
[23:59:13] - [Инфо] task status: success, task time status: success
[23:59:13] - [Инфо] SputnikTaskID: 32720
[23:59:13] - [Инфо] comment id: 164755, task comment status: success
[23:59:13] - Заявка уже была ранее выгружена. (OkDesk ID: 2445), пожалуйста исправьте ошибку[23:59:13] - [Инфо] Developer - Mkrtchyan Martun <mart@kassa26.ru>
[23:59:13] - [Инфо] comment id: 164756, task comment status: success
[23:59:14] - [Инфо] comment id: 164757, task comment status: success
[23:59:14] - [Инфо] [LOG] Заявка не является завершенной (OkDesk ID: 2446) Пропуск...
