[23:59:2] - [Инфо] Начало цикла след. последовательности
[23:59:2] - [Инфо] Developer - Mkrtchyan Martun <mart@kassa26.ru>
[23:59:3] - Заявка уже была ранее выгружена. (OkDesk ID: 3318), пожалуйста исправьте ошибку[23:59:4] - [Инфо] [LOG] Заявка не является завершенной (OkDesk ID: 3319) Пропуск...
[23:59:4] - Записи 3320 не существует, пожалуйста исправьте ошибку[23:59:4] - [Инфо] DEBUG: Записи 3320 не существует
[23:59:4] - [Инфо] Сущность с ID: 3321 обработана на сервере.
[23:59:5] - [Инфо] Отправка данных в Спутник...
[23:59:5] - [Инфо] task status: success, task time status: success
[23:59:5] - [Инфо] SputnikTaskID: 34356
[23:59:5] - [Инфо] 3322
[23:59:5] - [Инфо] [LOG] Заявка не является завершенной (OkDesk ID: 3322) Пропуск...
[23:59:5] - [Инфо] comment id: 172218, task comment status: success
[23:59:5] - [Инфо] comment id: 172219, task comment status: success
[23:59:6] - [Инфо] comment id: 172220, task comment status: success
[23:59:6] - [Инфо] Сущность с ID: 3323 обработана на сервере.
[23:59:6] - [Инфо] Отправка данных в Спутник...
[23:59:6] - [Инфо] task status: success, task time status: success
[23:59:6] - [Инфо] SputnikTaskID: 34357
[23:59:6] - [Инфо] comment id: 172221, task comment status: success
[23:59:7] - [Инфо] comment id: 172222, task comment status: success
[23:59:7] - [Инфо] Сущность с ID: 3324 обработана на сервере.
[23:59:7] - [Инфо] Отправка данных в Спутник...
[23:59:7] - [Инфо] task status: success, task time status: success
[23:59:7] - [Инфо] SputnikTaskID: 34358
[23:59:7] - [Инфо] comment id: 172223, task comment status: success
[23:59:7] - [Инфо] Сущность с ID: 3325 обработана на сервере.
[23:59:7] - [Инфо] Отправка данных в Спутник...
[23:59:7] - [Инфо] task status: success, task time status: success
[23:59:7] - [Инфо] SputnikTaskID: 34359
[23:59:8] - [Инфо] comment id: 172224, task comment status: success
[23:59:8] - [Инфо] comment id: 172225, task comment status: success
[23:59:8] - [Инфо] Сущность с ID: 3326 обработана на сервере.
[23:59:8] - [Инфо] Отправка данных в Спутник...
[23:59:8] - [Инфо] task status: success, task time status: success
[23:59:8] - [Инфо] SputnikTaskID: 34360
[23:59:8] - [Инфо] comment id: 172226, task comment status: success
[23:59:8] - [Инфо] Сущность с ID: 3327 обработана на сервере.
[23:59:9] - [Инфо] Отправка данных в Спутник...
[23:59:9] - [Инфо] task status: success, task time status: success
[23:59:9] - [Инфо] SputnikTaskID: 34361
[23:59:9] - [Инфо] comment id: 172227, task comment status: success
[23:59:9] - [Инфо] Сущность с ID: 3328 обработана на сервере.
[23:59:9] - [Инфо] comment id: 172228, task comment status: success
[23:59:9] - [Инфо] Отправка данных в Спутник...
[23:59:9] - [Инфо] task status: success, task time status: success
[23:59:9] - [Инфо] SputnikTaskID: 34362
[23:59:10] - [Инфо] comment id: 172229, task comment status: success
[23:59:10] - [Инфо] Сущность с ID: 3329 обработана на сервере.
[23:59:10] - [Инфо] Отправка данных в Спутник...
[23:59:10] - [Инфо] task status: success, task time status: success
[23:59:10] - [Инфо] SputnikTaskID: 34363
[23:59:10] - [Инфо] comment id: 172230, task comment status: success
[23:59:10] - [Инфо] comment id: 172231, task comment status: success
[23:59:10] - [Инфо] Сущность с ID: 3330 обработана на сервере.
[23:59:11] - [Инфо] Отправка данных в Спутник...
[23:59:11] - [Инфо] task status: success, task time status: success
[23:59:11] - [Инфо] SputnikTaskID: 34364
[23:59:11] - [Инфо] comment id: 172232, task comment status: success
[23:59:11] - [Инфо] comment id: 172233, task comment status: success
[23:59:11] - [Инфо] Сущность с ID: 3331 обработана на сервере.
[23:59:11] - [Инфо] Отправка данных в Спутник...
[23:59:11] - [Инфо] task status: success, task time status: success
[23:59:11] - [Инфо] SputnikTaskID: 34365
[23:59:11] - [Инфо] comment id: 172234, task comment status: success
[23:59:12] - [Инфо] comment id: 172235, task comment status: success
[23:59:12] - [Инфо] Сущность с ID: 3332 обработана на сервере.
[23:59:12] - [Инфо] Отправка данных в Спутник...
[23:59:12] - [Инфо] task status: success, task time status: success
[23:59:12] - [Инфо] SputnikTaskID: 34366
[23:59:12] - [Инфо] comment id: 172236, task comment status: success
[23:59:12] - [Инфо] comment id: 172237, task comment status: success
[23:59:12] - [Инфо] Сущность с ID: 3333 обработана на сервере.
[23:59:12] - [Инфо] Отправка данных в Спутник...
[23:59:12] - [Инфо] task status: success, task time status: success
[23:59:12] - [Инфо] SputnikTaskID: 34367
[23:59:13] - [Инфо] comment id: 172238, task comment status: success
[23:59:13] - [Инфо] comment id: 172239, task comment status: success
[23:59:13] - [Инфо] Сущность с ID: 3334 обработана на сервере.
[23:59:13] - [Инфо] Отправка данных в Спутник...
[23:59:13] - [Инфо] task status: success, task time status: success
[23:59:13] - [Инфо] SputnikTaskID: 34368
[23:59:13] - [Инфо] comment id: 172240, task comment status: success
[23:59:13] - [Инфо] Сущность с ID: 3335 обработана на сервере.
[23:59:14] - [Инфо] Отправка данных в Спутник...
[23:59:14] - [Инфо] task status: success, task time status: success
[23:59:14] - [Инфо] SputnikTaskID: 34369
[23:59:14] - [Инфо] comment id: 172241, task comment status: success
[23:59:14] - [Инфо] 3336
[23:59:14] - [Инфо] [LOG] Заявка не является завершенной (OkDesk ID: 3336) Пропуск...
[23:59:14] - [Инфо] comment id: 172242, task comment status: success
[23:59:14] - [Инфо] comment id: 172243, task comment status: success
[23:59:14] - [Инфо] comment id: 172244, task comment status: success
[23:59:14] - [Инфо] comment id: 172245, task comment status: success
[23:59:15] - [Инфо] Сущность с ID: 3337 обработана на сервере.
[23:59:15] - [Инфо] Отправка данных в Спутник...
[23:59:15] - [Инфо] task status: success, task time status: success
[23:59:15] - [Инфо] SputnikTaskID: 34370
[23:59:15] - [Инфо] comment id: 172246, task comment status: success
[23:59:15] - [Инфо] 3338
[23:59:15] - [Инфо] [LOG] Заявка не является завершенной (OkDesk ID: 3338) Пропуск...
[23:59:15] - [Инфо] comment id: 172247, task comment status: success
[23:59:15] - Записи 3339 не существует, пожалуйста исправьте ошибку[23:59:16] - [Инфо] DEBUG: Записи 3339 не существует
[23:59:16] - [Инфо] comment id: 172248, task comment status: success
[23:59:16] - Записи 3340 не существует, пожалуйста исправьте ошибку[23:59:16] - [Инфо] comment id: 172249, task comment status: success
[23:59:16] - [Инфо] DEBUG: Записи 3340 не существует
[23:59:16] - Записи 3341 не существует, пожалуйста исправьте ошибку[23:59:16] - [Инфо] comment id: 172250, task comment status: success
[23:59:16] - [Инфо] DEBUG: Записи 3341 не существует
[23:59:16] - [Инфо] comment id: 172251, task comment status: success
[23:59:16] - Записи 3342 не существует, пожалуйста исправьте ошибку[23:59:16] - [Инфо] DEBUG: Записи 3342 не существует
[23:59:16] - [Инфо] comment id: 172252, task comment status: success
[23:59:16] - Записи 3343 не существует, пожалуйста исправьте ошибку[23:59:16] - [Инфо] comment id: 172253, task comment status: success
[23:59:16] - [Инфо] DEBUG: Записи 3343 не существует
[23:59:16] - [Инфо] Начало автоматической выгрузки данных
[23:59:16] - [Инфо] Developer - Mkrtchyan Martun <mart@kassa26.ru>
[23:59:16] - [Инфо] [OkDesk] Файл: '2589-2589data.json' - уже существует в 'data/okdesk'
[23:59:16] - [Инфо] comment id: 172254, task comment status: success
[23:59:16] - [Инфо] comment id: 172255, task comment status: success
[23:59:17] - [Инфо] [LOG] Заявка не является завершенной (OkDesk ID: 2589) Пропуск...
[23:59:17] - [Инфо] Developer - Mkrtchyan Martun <mart@kassa26.ru>
[23:59:17] - [Инфо] [OkDesk] Файл: '2702-2702data.json' - уже существует в 'data/okdesk'
[23:59:17] - [Инфо] comment id: 172256, task comment status: success
[23:59:17] - [Инфо] comment id: 172257, task comment status: success
[23:59:17] - [Инфо] [LOG] Заявка не является завершенной (OkDesk ID: 2702) Пропуск...
[23:59:17] - [Инфо] Developer - Mkrtchyan Martun <mart@kassa26.ru>
[23:59:17] - [Инфо] [OkDesk] Файл: '2821-2821data.json' - уже существует в 'data/okdesk'
[23:59:17] - [Инфо] comment id: 172258, task comment status: success
[23:59:17] - [Инфо] comment id: 172259, task comment status: success
[23:59:17] - [Инфо] comment id: 172260, task comment status: success
[23:59:17] - [Инфо] [LOG] Заявка не является завершенной (OkDesk ID: 2821) Пропуск...
[23:59:17] - [Инфо] Developer - Mkrtchyan Martun <mart@kassa26.ru>
[23:59:17] - [Инфо] [OkDesk] Файл: '2845-2845data.json' - уже существует в 'data/okdesk'
[23:59:17] - [Инфо] comment id: 172261, task comment status: success
[23:59:17] - [Инфо] comment id: 172262, task comment status: success
[23:59:18] - [Инфо] [LOG] Заявка не является завершенной (OkDesk ID: 2845) Пропуск...
[23:59:18] - [Инфо] Developer - Mkrtchyan Martun <mart@kassa26.ru>
[23:59:18] - [Инфо] [OkDesk] Файл: '3022-3022data.json' - уже существует в 'data/okdesk'
[23:59:18] - [Инфо] comment id: 172263, task comment status: success
[23:59:18] - [Инфо] comment id: 172264, task comment status: success
[23:59:18] - [Инфо] comment id: 172265, task comment status: success
[23:59:18] - [Инфо] [LOG] Заявка не является завершенной (OkDesk ID: 3022) Пропуск...
[23:59:18] - [Инфо] Developer - Mkrtchyan Martun <mart@kassa26.ru>
[23:59:18] - [Инфо] [OkDesk] Файл: '3236-3236data.json' - уже существует в 'data/okdesk'
[23:59:18] - [Инфо] comment id: 172266, task comment status: success
[23:59:18] - [Инфо] comment id: 172267, task comment status: success
[23:59:18] - [Инфо] comment id: 172268, task comment status: success
[23:59:18] - [Инфо] [LOG] Заявка не является завершенной (OkDesk ID: 3236) Пропуск...
[23:59:18] - [Инфо] Developer - Mkrtchyan Martun <mart@kassa26.ru>
[23:59:18] - [Инфо] [OkDesk] Файл: '3264-3264data.json' - уже существует в 'data/okdesk'
[23:59:18] - [Инфо] comment id: 172269, task comment status: success
[23:59:19] - [Инфо] comment id: 172270, task comment status: success
[23:59:19] - [Инфо] [LOG] Заявка не является завершенной (OkDesk ID: 3264) Пропуск...
[23:59:19] - [Инфо] Developer - Mkrtchyan Martun <mart@kassa26.ru>
[23:59:19] - [Инфо] comment id: 172271, task comment status: success
[23:59:19] - [Инфо] comment id: 172272, task comment status: success
[23:59:19] - [Инфо] comment id: 172273, task comment status: success
[23:59:19] - [Инфо] comment id: 172274, task comment status: success
[23:59:19] - [Инфо] Сущность с ID: 3301 обработана на сервере.
[23:59:19] - [Инфо] Developer - Mkrtchyan Martun <mart@kassa26.ru>
[23:59:19] - [Инфо] comment id: 172275, task comment status: success
[23:59:19] - [Инфо] Отправка данных в Спутник...
[23:59:19] - [Инфо] task status: success, task time status: success
[23:59:19] - [Инфо] SputnikTaskID: 34371
[23:59:20] - [Инфо] [LOG] Заявка не является завершенной (OkDesk ID: 3304) Пропуск...
[23:59:20] - [Инфо] Developer - Mkrtchyan Martun <mart@kassa26.ru>
[23:59:20] - [Инфо] comment id: 172276, task comment status: success
[23:59:20] - [Инфо] comment id: 172277, task comment status: success
[23:59:20] - [Инфо] [LOG] Заявка не является завершенной (OkDesk ID: 3316) Пропуск...
[23:59:20] - [Инфо] Developer - Mkrtchyan Martun <mart@kassa26.ru>
[23:59:21] - [Инфо] [LOG] Заявка не является завершенной (OkDesk ID: 3319) Пропуск...
