[23:59:3] - [Инфо] Начало цикла след. последовательности
[23:59:3] - [Инфо] Developer - Mkrtchyan Martun <mart@kassa26.ru>
[23:59:4] - Заявка уже была ранее выгружена. (OkDesk ID: 3004), пожалуйста исправьте ошибку[23:59:5] - [Инфо] Сущность с ID: 3005 обработана на сервере.
[23:59:6] - [Инфо] Сущность с ID: 3006 обработана на сервере.
[23:59:6] - [Инфо] Сущность с ID: 3007 обработана на сервере.
[23:59:7] - [Инфо] Сущность с ID: 3008 обработана на сервере.
[23:59:7] - [Инфо] Сущность с ID: 3009 обработана на сервере.
[23:59:8] - [Инфо] Сущность с ID: 3010 обработана на сервере.
[23:59:9] - [Инфо] Сущность с ID: 3011 обработана на сервере.
[23:59:9] - [Инфо] Сущность с ID: 3012 обработана на сервере.
[23:59:10] - [Инфо] Сущность с ID: 3013 обработана на сервере.
[23:59:10] - [Инфо] Сущность с ID: 3014 обработана на сервере.
[23:59:11] - [Инфо] Сущность с ID: 3015 обработана на сервере.
[23:59:11] - [Инфо] Сущность с ID: 3016 обработана на сервере.
[23:59:12] - [Инфо] Сущность с ID: 3017 обработана на сервере.
[23:59:12] - Записи 3018 не существует, пожалуйста исправьте ошибку[23:59:12] - [Инфо] DEBUG: Записи 3018 не существует
[23:59:12] - Записи 3019 не существует, пожалуйста исправьте ошибку[23:59:12] - [Инфо] DEBUG: Записи 3019 не существует
[23:59:12] - Записи 3020 не существует, пожалуйста исправьте ошибку[23:59:12] - [Инфо] DEBUG: Записи 3020 не существует
[23:59:13] - Записи 3021 не существует, пожалуйста исправьте ошибку[23:59:13] - [Инфо] DEBUG: Записи 3021 не существует
[23:59:13] - Записи 3022 не существует, пожалуйста исправьте ошибку[23:59:13] - [Инфо] DEBUG: Записи 3022 не существует
[23:59:13] - Записи 3023 не существует, пожалуйста исправьте ошибку[23:59:13] - [Инфо] DEBUG: Записи 3023 не существует
[23:59:13] - Записи 3024 не существует, пожалуйста исправьте ошибку[23:59:13] - [Инфо] DEBUG: Записи 3024 не существует
[23:59:13] - Записи 3025 не существует, пожалуйста исправьте ошибку[23:59:13] - [Инфо] DEBUG: Записи 3025 не существует
[23:59:13] - Записи 3026 не существует, пожалуйста исправьте ошибку[23:59:13] - [Инфо] DEBUG: Записи 3026 не существует
[23:59:14] - Записи 3027 не существует, пожалуйста исправьте ошибку[23:59:14] - [Инфо] DEBUG: Записи 3027 не существует
[23:59:14] - Записи 3028 не существует, пожалуйста исправьте ошибку[23:59:14] - [Инфо] DEBUG: Записи 3028 не существует
[23:59:14] - Записи 3029 не существует, пожалуйста исправьте ошибку[23:59:14] - [Инфо] DEBUG: Записи 3029 не существует
[23:59:14] - [Инфо] Начало автоматической выгрузки данных
[23:59:14] - [Инфо] Developer - Mkrtchyan Martun <mart@kassa26.ru>
[23:59:14] - [Инфо] [OkDesk] Файл: '2563-2563data.json' - уже существует в 'data/okdesk'
[23:59:14] - [Инфо] [LOG] Заявка не является завершенной (OkDesk ID: 2563) Пропуск...
[23:59:14] - [Инфо] Developer - Mkrtchyan Martun <mart@kassa26.ru>
[23:59:14] - [Инфо] [OkDesk] Файл: '2589-2589data.json' - уже существует в 'data/okdesk'
[23:59:15] - [Инфо] [LOG] Заявка не является завершенной (OkDesk ID: 2589) Пропуск...
[23:59:15] - [Инфо] Developer - Mkrtchyan Martun <mart@kassa26.ru>
[23:59:15] - [Инфо] [OkDesk] Файл: '2625-2625data.json' - уже существует в 'data/okdesk'
[23:59:15] - [Инфо] [LOG] Заявка не является завершенной (OkDesk ID: 2625) Пропуск...
[23:59:15] - [Инфо] Developer - Mkrtchyan Martun <mart@kassa26.ru>
[23:59:15] - [Инфо] [OkDesk] Файл: '2685-2685data.json' - уже существует в 'data/okdesk'
[23:59:15] - [Инфо] [LOG] Заявка не является завершенной (OkDesk ID: 2685) Пропуск...
[23:59:15] - [Инфо] Developer - Mkrtchyan Martun <mart@kassa26.ru>
[23:59:15] - [Инфо] [OkDesk] Файл: '2702-2702data.json' - уже существует в 'data/okdesk'
[23:59:16] - [Инфо] [LOG] Заявка не является завершенной (OkDesk ID: 2702) Пропуск...
[23:59:16] - [Инфо] Developer - Mkrtchyan Martun <mart@kassa26.ru>
[23:59:16] - [Инфо] [OkDesk] Файл: '2821-2821data.json' - уже существует в 'data/okdesk'
[23:59:16] - [Инфо] [LOG] Заявка не является завершенной (OkDesk ID: 2821) Пропуск...
[23:59:16] - [Инфо] Developer - Mkrtchyan Martun <mart@kassa26.ru>
[23:59:16] - [Инфо] [OkDesk] Файл: '2845-2845data.json' - уже существует в 'data/okdesk'
[23:59:16] - [Инфо] [LOG] Заявка не является завершенной (OkDesk ID: 2845) Пропуск...
[23:59:16] - [Инфо] Developer - Mkrtchyan Martun <mart@kassa26.ru>
[23:59:16] - [Инфо] [OkDesk] Файл: '2896-2896data.json' - уже существует в 'data/okdesk'
[23:59:16] - [Инфо] [LOG] Заявка не является завершенной (OkDesk ID: 2896) Пропуск...
[23:59:16] - [Инфо] Developer - Mkrtchyan Martun <mart@kassa26.ru>
[23:59:16] - [Инфо] [OkDesk] Файл: '2926-2926data.json' - уже существует в 'data/okdesk'
[23:59:17] - [Инфо] [LOG] Заявка не является завершенной (OkDesk ID: 2926) Пропуск...
[23:59:17] - [Инфо] Developer - Mkrtchyan Martun <mart@kassa26.ru>
[23:59:17] - [Инфо] [OkDesk] Файл: '2948-2948data.json' - уже существует в 'data/okdesk'
[23:59:17] - [Инфо] [LOG] Заявка не является завершенной (OkDesk ID: 2948) Пропуск...
[23:59:17] - [Инфо] Developer - Mkrtchyan Martun <mart@kassa26.ru>
[23:59:17] - [Инфо] [OkDesk] Файл: '2967-2967data.json' - уже существует в 'data/okdesk'
[23:59:17] - [Инфо] [LOG] Заявка не является завершенной (OkDesk ID: 2967) Пропуск...
[23:59:17] - [Инфо] Developer - Mkrtchyan Martun <mart@kassa26.ru>
[23:59:17] - [Инфо] [OkDesk] Файл: '2981-2981data.json' - уже существует в 'data/okdesk'
[23:59:18] - [Инфо] [LOG] Заявка не является завершенной (OkDesk ID: 2981) Пропуск...
[23:59:18] - [Инфо] Developer - Mkrtchyan Martun <mart@kassa26.ru>
[23:59:18] - [Инфо] [OkDesk] Файл: '2987-2987data.json' - уже существует в 'data/okdesk'
[23:59:18] - [Инфо] [LOG] Заявка не является завершенной (OkDesk ID: 2987) Пропуск...
[23:59:18] - [Инфо] Developer - Mkrtchyan Martun <mart@kassa26.ru>
[23:59:18] - Заявка уже была ранее выгружена. (OkDesk ID: 3005), пожалуйста исправьте ошибку[23:59:36] - [Инфо] Отправка данных в Спутник...
[23:59:36] - [Инфо] task status: success, task time status: success
[23:59:36] - [Инфо] SputnikTaskID: 33832
[23:59:36] - [Инфо] Отправка данных в Спутник...
[23:59:36] - [Инфо] task status: success, task time status: success
[23:59:36] - [Инфо] SputnikTaskID: 33833
[23:59:36] - [Инфо] Отправка данных в Спутник...
[23:59:36] - [Инфо] task status: success, task time status: success
[23:59:36] - [Инфо] SputnikTaskID: 33834
[23:59:36] - [Инфо] Отправка данных в Спутник...
[23:59:36] - [Инфо] task status: success, task time status: success
[23:59:36] - [Инфо] SputnikTaskID: 33835
[23:59:36] - [Инфо] Отправка данных в Спутник...
[23:59:36] - [Инфо] task status: success, task time status: success
[23:59:36] - [Инфо] SputnikTaskID: 33836
[23:59:36] - [Инфо] Отправка данных в Спутник...
[23:59:36] - [Инфо] task status: success, task time status: success
[23:59:36] - [Инфо] SputnikTaskID: 33837
[23:59:36] - [Инфо] Отправка данных в Спутник...
[23:59:36] - [Инфо] task status: success, task time status: success
[23:59:36] - [Инфо] SputnikTaskID: 33838
[23:59:36] - [Инфо] Отправка данных в Спутник...
[23:59:36] - [Инфо] task status: success, task time status: success
[23:59:36] - [Инфо] SputnikTaskID: 33839
[23:59:36] - [Инфо] Отправка данных в Спутник...
[23:59:36] - [Инфо] task status: success, task time status: success
[23:59:36] - [Инфо] SputnikTaskID: 33840
[23:59:36] - [Инфо] Отправка данных в Спутник...
[23:59:36] - [Инфо] task status: success, task time status: success
[23:59:36] - [Инфо] SputnikTaskID: 33841
[23:59:36] - [Инфо] Отправка данных в Спутник...
[23:59:36] - [Инфо] task status: success, task time status: success
[23:59:36] - [Инфо] SputnikTaskID: 33843
[23:59:36] - [Инфо] Отправка данных в Спутник...
[23:59:36] - [Инфо] task status: success, task time status: success
[23:59:36] - [Инфо] SputnikTaskID: 33842
[23:59:37] - [Инфо] Отправка данных в Спутник...
[23:59:37] - [Инфо] task status: success, task time status: success
[23:59:37] - [Инфо] SputnikTaskID: 33844
[23:59:37] - [Инфо] comment id: 170509, task comment status: success
[23:59:37] - [Инфо] comment id: 170508, task comment status: success
[23:59:37] - [Инфо] comment id: 170510, task comment status: success
[23:59:37] - [Инфо] comment id: 170511, task comment status: success
[23:59:37] - [Инфо] comment id: 170513, task comment status: success
[23:59:37] - [Инфо] comment id: 170512, task comment status: success
[23:59:37] - [Инфо] comment id: 170514, task comment status: success
[23:59:37] - [Инфо] comment id: 170515, task comment status: success
[23:59:37] - [Инфо] comment id: 170516, task comment status: success
[23:59:37] - [Инфо] comment id: 170517, task comment status: success
[23:59:37] - [Инфо] comment id: 170519, task comment status: success
[23:59:37] - [Инфо] comment id: 170518, task comment status: success
[23:59:37] - [Инфо] comment id: 170520, task comment status: success
[23:59:37] - [Инфо] comment id: 170521, task comment status: success
[23:59:38] - [Инфо] comment id: 170523, task comment status: success
[23:59:38] - [Инфо] comment id: 170522, task comment status: success
