[23:59:0] - [Инфо] Начало цикла след. последовательности
[23:59:0] - [Инфо] Developer - Mkrtchyan Martun <mart@kassa26.ru>
[23:59:1] - Заявка уже была ранее выгружена. (OkDesk ID: 2454), пожалуйста исправьте ошибку[23:59:2] - [Инфо] Сущность с ID: 2455 обработана на сервере.
[23:59:2] - [Инфо] Отправка данных в Спутник...
[23:59:2] - [Инфо] task status: success, task time status: success
[23:59:2] - [Инфо] SputnikTaskID: 32729
[23:59:2] - [Инфо] Сущность с ID: 2456 обработана на сервере.
[23:59:2] - [Инфо] comment id: 164789, task comment status: success
[23:59:3] - [Инфо] Отправка данных в Спутник...
[23:59:3] - [Инфо] task status: success, task time status: success
[23:59:3] - [Инфо] SputnikTaskID: 32730
[23:59:3] - [Инфо] comment id: 164790, task comment status: success
[23:59:3] - [Инфо] Сущность с ID: 2457 обработана на сервере.
[23:59:3] - [Инфо] Отправка данных в Спутник...
[23:59:3] - [Инфо] task status: success, task time status: success
[23:59:3] - [Инфо] SputnikTaskID: 32731
[23:59:3] - [Инфо] comment id: 164791, task comment status: success
[23:59:3] - [Инфо] Сущность с ID: 2458 обработана на сервере.
[23:59:3] - [Инфо] Отправка данных в Спутник...
[23:59:3] - [Инфо] task status: success, task time status: success
[23:59:3] - [Инфо] SputnikTaskID: 32732
[23:59:4] - [Инфо] 2459
[23:59:4] - [Инфо] [LOG] Заявка не является завершенной (OkDesk ID: 2459) Пропуск...
[23:59:4] - [Инфо] comment id: 164792, task comment status: success
[23:59:4] - [Инфо] comment id: 164793, task comment status: success
[23:59:4] - [Инфо] Сущность с ID: 2460 обработана на сервере.
[23:59:4] - Записи 2461 не существует, пожалуйста исправьте ошибку[23:59:4] - [Инфо] DEBUG: Записи 2461 не существует
[23:59:4] - [Инфо] Отправка данных в Спутник...
[23:59:4] - [Инфо] task status: success, task time status: success
[23:59:4] - [Инфо] SputnikTaskID: 32733
[23:59:5] - Записи 2462 не существует, пожалуйста исправьте ошибку[23:59:5] - [Инфо] DEBUG: Записи 2462 не существует
[23:59:5] - [Инфо] comment id: 164794, task comment status: success
[23:59:5] - Записи 2463 не существует, пожалуйста исправьте ошибку[23:59:5] - [Инфо] DEBUG: Записи 2463 не существует
[23:59:5] - Записи 2464 не существует, пожалуйста исправьте ошибку[23:59:5] - [Инфо] DEBUG: Записи 2464 не существует
[23:59:5] - Записи 2465 не существует, пожалуйста исправьте ошибку[23:59:5] - [Инфо] DEBUG: Записи 2465 не существует
[23:59:5] - Записи 2466 не существует, пожалуйста исправьте ошибку[23:59:5] - [Инфо] DEBUG: Записи 2466 не существует
[23:59:5] - Записи 2467 не существует, пожалуйста исправьте ошибку[23:59:6] - [Инфо] DEBUG: Записи 2467 не существует
[23:59:6] - Записи 2468 не существует, пожалуйста исправьте ошибку[23:59:6] - [Инфо] DEBUG: Записи 2468 не существует
[23:59:6] - Записи 2469 не существует, пожалуйста исправьте ошибку[23:59:6] - [Инфо] DEBUG: Записи 2469 не существует
[23:59:6] - Записи 2470 не существует, пожалуйста исправьте ошибку[23:59:6] - [Инфо] DEBUG: Записи 2470 не существует
[23:59:6] - Записи 2471 не существует, пожалуйста исправьте ошибку[23:59:6] - [Инфо] DEBUG: Записи 2471 не существует
[23:59:6] - Записи 2472 не существует, пожалуйста исправьте ошибку[23:59:7] - [Инфо] DEBUG: Записи 2472 не существует
[23:59:7] - Записи 2473 не существует, пожалуйста исправьте ошибку[23:59:7] - [Инфо] DEBUG: Записи 2473 не существует
[23:59:7] - Записи 2474 не существует, пожалуйста исправьте ошибку[23:59:7] - [Инфо] DEBUG: Записи 2474 не существует
[23:59:7] - Записи 2475 не существует, пожалуйста исправьте ошибку[23:59:7] - [Инфо] DEBUG: Записи 2475 не существует
[23:59:7] - Записи 2476 не существует, пожалуйста исправьте ошибку[23:59:7] - [Инфо] DEBUG: Записи 2476 не существует
[23:59:7] - Записи 2477 не существует, пожалуйста исправьте ошибку[23:59:8] - [Инфо] DEBUG: Записи 2477 не существует
[23:59:8] - Записи 2478 не существует, пожалуйста исправьте ошибку[23:59:8] - [Инфо] DEBUG: Записи 2478 не существует
[23:59:8] - Записи 2479 не существует, пожалуйста исправьте ошибку[23:59:8] - [Инфо] DEBUG: Записи 2479 не существует
[23:59:8] - [Инфо] Начало автоматической выгрузки данных
[23:59:8] - [Инфо] Developer - Mkrtchyan Martun <mart@kassa26.ru>
[23:59:8] - [Инфо] [OkDesk] Файл: '2369-2369data.json' - уже существует в 'data/okdesk'
[23:59:8] - [Инфо] [LOG] Заявка не является завершенной (OkDesk ID: 2369) Пропуск...
[23:59:8] - [Инфо] Developer - Mkrtchyan Martun <mart@kassa26.ru>
[23:59:8] - [Инфо] [OkDesk] Файл: '2446-2446data.json' - уже существует в 'data/okdesk'
[23:59:9] - [Инфо] [LOG] Заявка не является завершенной (OkDesk ID: 2446) Пропуск...
