[23:59:2] - [Инфо] Начало цикла след. последовательности
[23:59:2] - [Инфо] Developer - Mkrtchyan Martun <mart@kassa26.ru>
[23:59:3] - Заявка уже была ранее выгружена. (OkDesk ID: 2742), пожалуйста исправьте ошибку[23:59:4] - [Инфо] Сущность с ID: 2743 обработана на сервере.
[23:59:4] - [Инфо] 2744
[23:59:4] - [Инфо] [LOG] Заявка не является завершенной (OkDesk ID: 2744) Пропуск...
[23:59:5] - [Инфо] Отправка данных в Спутник...
[23:59:5] - [Инфо] task status: success, task time status: success
[23:59:5] - [Инфо] SputnikTaskID: 33272
[23:59:5] - [Инфо] comment id: 167579, task comment status: success
[23:59:5] - [Инфо] Сущность с ID: 2745 обработана на сервере.
[23:59:5] - [Инфо] Отправка данных в Спутник...
[23:59:5] - [Инфо] task status: success, task time status: success
[23:59:5] - [Инфо] SputnikTaskID: 33273
[23:59:6] - [Инфо] comment id: 167580, task comment status: success
[23:59:6] - [Инфо] 2746
[23:59:6] - [Инфо] [LOG] Заявка не является завершенной (OkDesk ID: 2746) Пропуск...
[23:59:6] - Записи 2747 не существует, пожалуйста исправьте ошибку[23:59:6] - [Инфо] DEBUG: Записи 2747 не существует
[23:59:6] - Записи 2748 не существует, пожалуйста исправьте ошибку[23:59:6] - [Инфо] DEBUG: Записи 2748 не существует
[23:59:6] - Записи 2749 не существует, пожалуйста исправьте ошибку[23:59:6] - [Инфо] DEBUG: Записи 2749 не существует
[23:59:6] - Записи 2750 не существует, пожалуйста исправьте ошибку[23:59:7] - [Инфо] DEBUG: Записи 2750 не существует
[23:59:7] - Записи 2751 не существует, пожалуйста исправьте ошибку[23:59:7] - [Инфо] DEBUG: Записи 2751 не существует
[23:59:7] - Записи 2752 не существует, пожалуйста исправьте ошибку[23:59:7] - [Инфо] DEBUG: Записи 2752 не существует
[23:59:7] - Записи 2753 не существует, пожалуйста исправьте ошибку[23:59:7] - [Инфо] DEBUG: Записи 2753 не существует
[23:59:7] - Записи 2754 не существует, пожалуйста исправьте ошибку[23:59:7] - [Инфо] DEBUG: Записи 2754 не существует
[23:59:7] - Записи 2755 не существует, пожалуйста исправьте ошибку[23:59:8] - [Инфо] DEBUG: Записи 2755 не существует
[23:59:8] - Записи 2756 не существует, пожалуйста исправьте ошибку[23:59:8] - [Инфо] DEBUG: Записи 2756 не существует
[23:59:8] - Записи 2757 не существует, пожалуйста исправьте ошибку[23:59:8] - [Инфо] DEBUG: Записи 2757 не существует
[23:59:8] - Записи 2758 не существует, пожалуйста исправьте ошибку[23:59:8] - [Инфо] DEBUG: Записи 2758 не существует
[23:59:8] - Записи 2759 не существует, пожалуйста исправьте ошибку[23:59:8] - [Инфо] DEBUG: Записи 2759 не существует
[23:59:8] - Записи 2760 не существует, пожалуйста исправьте ошибку[23:59:9] - [Инфо] DEBUG: Записи 2760 не существует
[23:59:9] - Записи 2761 не существует, пожалуйста исправьте ошибку[23:59:9] - [Инфо] DEBUG: Записи 2761 не существует
[23:59:9] - Записи 2762 не существует, пожалуйста исправьте ошибку[23:59:9] - [Инфо] DEBUG: Записи 2762 не существует
[23:59:9] - Записи 2763 не существует, пожалуйста исправьте ошибку[23:59:9] - [Инфо] DEBUG: Записи 2763 не существует
[23:59:9] - Записи 2764 не существует, пожалуйста исправьте ошибку[23:59:9] - [Инфо] DEBUG: Записи 2764 не существует
[23:59:9] - Записи 2765 не существует, пожалуйста исправьте ошибку[23:59:9] - [Инфо] DEBUG: Записи 2765 не существует
[23:59:10] - Записи 2766 не существует, пожалуйста исправьте ошибку[23:59:10] - [Инфо] DEBUG: Записи 2766 не существует
[23:59:10] - Записи 2767 не существует, пожалуйста исправьте ошибку[23:59:10] - [Инфо] DEBUG: Записи 2767 не существует
[23:59:10] - [Инфо] Начало автоматической выгрузки данных
[23:59:10] - [Инфо] Developer - Mkrtchyan Martun <mart@kassa26.ru>
[23:59:10] - [Инфо] [OkDesk] Файл: '2563-2563data.json' - уже существует в 'data/okdesk'
[23:59:10] - [Инфо] [LOG] Заявка не является завершенной (OkDesk ID: 2563) Пропуск...
[23:59:10] - [Инфо] Developer - Mkrtchyan Martun <mart@kassa26.ru>
[23:59:10] - [Инфо] [OkDesk] Файл: '2589-2589data.json' - уже существует в 'data/okdesk'
[23:59:11] - [Инфо] [LOG] Заявка не является завершенной (OkDesk ID: 2589) Пропуск...
[23:59:11] - [Инфо] Developer - Mkrtchyan Martun <mart@kassa26.ru>
[23:59:11] - [Инфо] [OkDesk] Файл: '2625-2625data.json' - уже существует в 'data/okdesk'
[23:59:11] - [Инфо] [LOG] Заявка не является завершенной (OkDesk ID: 2625) Пропуск...
[23:59:11] - [Инфо] Developer - Mkrtchyan Martun <mart@kassa26.ru>
[23:59:11] - [Инфо] [OkDesk] Файл: '2685-2685data.json' - уже существует в 'data/okdesk'
[23:59:11] - [Инфо] [LOG] Заявка не является завершенной (OkDesk ID: 2685) Пропуск...
[23:59:11] - [Инфо] Developer - Mkrtchyan Martun <mart@kassa26.ru>
[23:59:11] - [Инфо] [OkDesk] Файл: '2702-2702data.json' - уже существует в 'data/okdesk'
[23:59:12] - [Инфо] [LOG] Заявка не является завершенной (OkDesk ID: 2702) Пропуск...
[23:59:12] - [Инфо] Developer - Mkrtchyan Martun <mart@kassa26.ru>
[23:59:12] - [Инфо] [OkDesk] Файл: '2710-2710data.json' - уже существует в 'data/okdesk'
[23:59:12] - [Инфо] [LOG] Заявка не является завершенной (OkDesk ID: 2710) Пропуск...
