[23:59:4] - [Инфо] Начало цикла след. последовательности
[23:59:4] - [Инфо] Developer - Mkrtchyan Martun <mart@kassa26.ru>
[23:59:6] - Заявка уже была ранее выгружена. (OkDesk ID: 3017), пожалуйста исправьте ошибку[23:59:7] - [Инфо] Сущность с ID: 3018 обработана на сервере.
[23:59:7] - [Инфо] Отправка данных в Спутник...
[23:59:7] - [Инфо] task status: success, task time status: success
[23:59:7] - [Инфо] SputnikTaskID: 33860
[23:59:7] - [Инфо] Сущность с ID: 3019 обработана на сервере.
[23:59:8] - [Инфо] Отправка данных в Спутник...
[23:59:8] - [Инфо] task status: success, task time status: success
[23:59:8] - [Инфо] SputnikTaskID: 33861
[23:59:8] - [Инфо] comment id: 170581, task comment status: success
[23:59:8] - [Инфо] comment id: 170582, task comment status: success
[23:59:8] - [Инфо] comment id: 170583, task comment status: success
[23:59:8] - [Инфо] Сущность с ID: 3020 обработана на сервере.
[23:59:8] - [Инфо] Отправка данных в Спутник...
[23:59:8] - [Инфо] task status: success, task time status: success
[23:59:8] - [Инфо] SputnikTaskID: 33862
[23:59:9] - [Инфо] comment id: 170584, task comment status: success
[23:59:9] - [Инфо] comment id: 170585, task comment status: success
[23:59:9] - [Инфо] Сущность с ID: 3021 обработана на сервере.
[23:59:10] - [Инфо] Отправка данных в Спутник...
[23:59:10] - [Инфо] task status: success, task time status: success
[23:59:10] - [Инфо] SputnikTaskID: 33863
[23:59:10] - [Инфо] comment id: 170586, task comment status: success
[23:59:10] - [Инфо] 3022
[23:59:10] - [Инфо] [LOG] Заявка не является завершенной (OkDesk ID: 3022) Пропуск...
[23:59:11] - [Инфо] Сущность с ID: 3023 обработана на сервере.
[23:59:11] - [Инфо] Отправка данных в Спутник...
[23:59:11] - [Инфо] task status: success, task time status: success
[23:59:11] - [Инфо] SputnikTaskID: 33864
[23:59:11] - [Инфо] comment id: 170587, task comment status: success
[23:59:11] - [Инфо] Сущность с ID: 3024 обработана на сервере.
[23:59:12] - [Инфо] comment id: 170588, task comment status: success
[23:59:12] - [Инфо] Отправка данных в Спутник...
[23:59:12] - [Инфо] task status: success, task time status: success
[23:59:12] - [Инфо] SputnikTaskID: 33865
[23:59:12] - [Инфо] comment id: 170589, task comment status: success
[23:59:12] - [Инфо] Сущность с ID: 3025 обработана на сервере.
[23:59:12] - [Инфо] comment id: 170590, task comment status: success
[23:59:12] - [Инфо] Отправка данных в Спутник...
[23:59:12] - [Инфо] task status: success, task time status: success
[23:59:12] - [Инфо] SputnikTaskID: 33866
[23:59:12] - [Инфо] comment id: 170591, task comment status: success
[23:59:12] - [Инфо] comment id: 170592, task comment status: success
[23:59:12] - [Инфо] comment id: 170593, task comment status: success
[23:59:13] - [Инфо] Сущность с ID: 3026 обработана на сервере.
[23:59:13] - [Инфо] comment id: 170594, task comment status: success
[23:59:13] - [Инфо] comment id: 170595, task comment status: success
[23:59:13] - [Инфо] Отправка данных в Спутник...
[23:59:13] - [Инфо] task status: success, task time status: success
[23:59:13] - [Инфо] SputnikTaskID: 33867
[23:59:13] - [Инфо] comment id: 170596, task comment status: success
[23:59:13] - [Инфо] Сущность с ID: 3027 обработана на сервере.
[23:59:13] - Записи 3028 не существует, пожалуйста исправьте ошибку[23:59:13] - [Инфо] Отправка данных в Спутник...
[23:59:13] - [Инфо] task status: success, task time status: success
[23:59:13] - [Инфо] SputnikTaskID: 33868
[23:59:13] - [Инфо] DEBUG: Записи 3028 не существует
[23:59:14] - Записи 3029 не существует, пожалуйста исправьте ошибку[23:59:14] - [Инфо] DEBUG: Записи 3029 не существует
[23:59:14] - [Инфо] comment id: 170597, task comment status: success
[23:59:14] - Записи 3030 не существует, пожалуйста исправьте ошибку[23:59:14] - [Инфо] DEBUG: Записи 3030 не существует
[23:59:14] - Записи 3031 не существует, пожалуйста исправьте ошибку[23:59:14] - [Инфо] DEBUG: Записи 3031 не существует
[23:59:14] - Записи 3032 не существует, пожалуйста исправьте ошибку[23:59:14] - [Инфо] DEBUG: Записи 3032 не существует
[23:59:14] - Записи 3033 не существует, пожалуйста исправьте ошибку[23:59:14] - [Инфо] DEBUG: Записи 3033 не существует
[23:59:14] - Записи 3034 не существует, пожалуйста исправьте ошибку[23:59:15] - [Инфо] DEBUG: Записи 3034 не существует
[23:59:15] - Записи 3035 не существует, пожалуйста исправьте ошибку[23:59:15] - [Инфо] DEBUG: Записи 3035 не существует
[23:59:15] - Записи 3036 не существует, пожалуйста исправьте ошибку[23:59:15] - [Инфо] DEBUG: Записи 3036 не существует
[23:59:15] - Записи 3037 не существует, пожалуйста исправьте ошибку[23:59:15] - [Инфо] DEBUG: Записи 3037 не существует
[23:59:15] - Записи 3038 не существует, пожалуйста исправьте ошибку[23:59:15] - [Инфо] DEBUG: Записи 3038 не существует
[23:59:15] - Записи 3039 не существует, пожалуйста исправьте ошибку[23:59:15] - [Инфо] DEBUG: Записи 3039 не существует
[23:59:16] - Записи 3040 не существует, пожалуйста исправьте ошибку[23:59:16] - [Инфо] DEBUG: Записи 3040 не существует
[23:59:16] - Записи 3041 не существует, пожалуйста исправьте ошибку[23:59:16] - [Инфо] DEBUG: Записи 3041 не существует
[23:59:16] - Записи 3042 не существует, пожалуйста исправьте ошибку[23:59:16] - [Инфо] DEBUG: Записи 3042 не существует
[23:59:16] - [Инфо] Начало автоматической выгрузки данных
[23:59:16] - [Инфо] Developer - Mkrtchyan Martun <mart@kassa26.ru>
[23:59:16] - [Инфо] [OkDesk] Файл: '2563-2563data.json' - уже существует в 'data/okdesk'
[23:59:16] - [Инфо] [LOG] Заявка не является завершенной (OkDesk ID: 2563) Пропуск...
[23:59:16] - [Инфо] Developer - Mkrtchyan Martun <mart@kassa26.ru>
[23:59:16] - [Инфо] [OkDesk] Файл: '2589-2589data.json' - уже существует в 'data/okdesk'
[23:59:17] - [Инфо] [LOG] Заявка не является завершенной (OkDesk ID: 2589) Пропуск...
[23:59:17] - [Инфо] Developer - Mkrtchyan Martun <mart@kassa26.ru>
[23:59:17] - [Инфо] [OkDesk] Файл: '2625-2625data.json' - уже существует в 'data/okdesk'
[23:59:17] - [Инфо] [LOG] Заявка не является завершенной (OkDesk ID: 2625) Пропуск...
[23:59:17] - [Инфо] Developer - Mkrtchyan Martun <mart@kassa26.ru>
[23:59:17] - [Инфо] [OkDesk] Файл: '2685-2685data.json' - уже существует в 'data/okdesk'
[23:59:17] - [Инфо] [LOG] Заявка не является завершенной (OkDesk ID: 2685) Пропуск...
[23:59:17] - [Инфо] Developer - Mkrtchyan Martun <mart@kassa26.ru>
[23:59:17] - [Инфо] [OkDesk] Файл: '2702-2702data.json' - уже существует в 'data/okdesk'
[23:59:18] - [Инфо] [LOG] Заявка не является завершенной (OkDesk ID: 2702) Пропуск...
[23:59:18] - [Инфо] Developer - Mkrtchyan Martun <mart@kassa26.ru>
[23:59:18] - [Инфо] [OkDesk] Файл: '2821-2821data.json' - уже существует в 'data/okdesk'
[23:59:18] - [Инфо] [LOG] Заявка не является завершенной (OkDesk ID: 2821) Пропуск...
[23:59:18] - [Инфо] Developer - Mkrtchyan Martun <mart@kassa26.ru>
[23:59:18] - [Инфо] [OkDesk] Файл: '2845-2845data.json' - уже существует в 'data/okdesk'
[23:59:18] - [Инфо] [LOG] Заявка не является завершенной (OkDesk ID: 2845) Пропуск...
[23:59:18] - [Инфо] Developer - Mkrtchyan Martun <mart@kassa26.ru>
[23:59:18] - [Инфо] [OkDesk] Файл: '2896-2896data.json' - уже существует в 'data/okdesk'
[23:59:19] - [Инфо] [LOG] Заявка не является завершенной (OkDesk ID: 2896) Пропуск...
[23:59:19] - [Инфо] Developer - Mkrtchyan Martun <mart@kassa26.ru>
[23:59:19] - [Инфо] [OkDesk] Файл: '2926-2926data.json' - уже существует в 'data/okdesk'
[23:59:19] - [Инфо] [LOG] Заявка не является завершенной (OkDesk ID: 2926) Пропуск...
[23:59:19] - [Инфо] Developer - Mkrtchyan Martun <mart@kassa26.ru>
[23:59:19] - [Инфо] [OkDesk] Файл: '2948-2948data.json' - уже существует в 'data/okdesk'
[23:59:20] - [Инфо] Сущность с ID: 2948 обработана на сервере.
[23:59:20] - [Инфо] Developer - Mkrtchyan Martun <mart@kassa26.ru>
[23:59:20] - [Инфо] [OkDesk] Файл: '2967-2967data.json' - уже существует в 'data/okdesk'
[23:59:20] - [Инфо] Отправка данных в Спутник...
[23:59:20] - [Инфо] task status: success, task time status: success
[23:59:20] - [Инфо] SputnikTaskID: 33869
[23:59:20] - [Инфо] Сущность с ID: 2967 обработана на сервере.
[23:59:20] - [Инфо] Developer - Mkrtchyan Martun <mart@kassa26.ru>
[23:59:20] - [Инфо] [OkDesk] Файл: '2981-2981data.json' - уже существует в 'data/okdesk'
[23:59:20] - [Инфо] comment id: 170598, task comment status: success
[23:59:20] - [Инфо] comment id: 170599, task comment status: success
[23:59:20] - [Инфо] Отправка данных в Спутник...
[23:59:20] - [Инфо] task status: success, task time status: success
[23:59:20] - [Инфо] SputnikTaskID: 33870
[23:59:21] - [Инфо] Сущность с ID: 2981 обработана на сервере.
[23:59:21] - [Инфо] Developer - Mkrtchyan Martun <mart@kassa26.ru>
[23:59:21] - [Инфо] [OkDesk] Файл: '2987-2987data.json' - уже существует в 'data/okdesk'
[23:59:21] - [Инфо] comment id: 170600, task comment status: success
[23:59:21] - [Инфо] comment id: 170601, task comment status: success
[23:59:21] - [Инфо] Отправка данных в Спутник...
[23:59:21] - [Инфо] task status: success, task time status: success
[23:59:21] - [Инфо] SputnikTaskID: 33871
[23:59:21] - [Инфо] comment id: 170602, task comment status: success
[23:59:21] - [Инфо] [LOG] Заявка не является завершенной (OkDesk ID: 2987) Пропуск...
[23:59:21] - [Инфо] comment id: 170603, task comment status: success
[23:59:21] - [Инфо] comment id: 170604, task comment status: success
