[23:59:2] - [Инфо] Начало цикла след. последовательности
[23:59:2] - [Инфо] Developer - Mkrtchyan Martun <mart@kassa26.ru>
[23:59:4] - Заявка уже была ранее выгружена. (OkDesk ID: 3337), пожалуйста исправьте ошибку[23:59:4] - [Инфо] Сущность с ID: 3338 обработана на сервере.
[23:59:5] - [Инфо] Отправка данных в Спутник...
[23:59:5] - [Инфо] task status: success, task time status: success
[23:59:5] - [Инфо] SputnikTaskID: 34378
[23:59:5] - [Инфо] Сущность с ID: 3339 обработана на сервере.
[23:59:5] - [Инфо] comment id: 172747, task comment status: success
[23:59:5] - [Инфо] Отправка данных в Спутник...
[23:59:5] - [Инфо] task status: success, task time status: success
[23:59:5] - [Инфо] SputnikTaskID: 34379
[23:59:6] - [Инфо] comment id: 172748, task comment status: success
[23:59:6] - [Инфо] Сущность с ID: 3340 обработана на сервере.
[23:59:6] - [Инфо] Отправка данных в Спутник...
[23:59:6] - [Инфо] task status: success, task time status: success
[23:59:6] - [Инфо] SputnikTaskID: 34380
[23:59:6] - [Инфо] comment id: 172749, task comment status: success
[23:59:7] - [Инфо] Сущность с ID: 3341 обработана на сервере.
[23:59:7] - [Инфо] Отправка данных в Спутник...
[23:59:7] - [Инфо] task status: success, task time status: success
[23:59:7] - [Инфо] SputnikTaskID: 34381
[23:59:7] - [Инфо] comment id: 172750, task comment status: success
[23:59:7] - [Инфо] Сущность с ID: 3342 обработана на сервере.
[23:59:7] - [Инфо] comment id: 172751, task comment status: success
[23:59:7] - [Инфо] comment id: 172752, task comment status: success
[23:59:7] - [Инфо] Отправка данных в Спутник...
[23:59:7] - [Инфо] task status: success, task time status: success
[23:59:7] - [Инфо] SputnikTaskID: 34382
[23:59:8] - [Инфо] comment id: 172753, task comment status: success
[23:59:8] - [Инфо] Сущность с ID: 3343 обработана на сервере.
[23:59:8] - [Инфо] Отправка данных в Спутник...
[23:59:8] - [Инфо] task status: success, task time status: success
[23:59:8] - [Инфо] SputnikTaskID: 34383
[23:59:8] - [Инфо] comment id: 172754, task comment status: success
[23:59:8] - [Инфо] 3344
[23:59:8] - [Инфо] [LOG] Заявка не является завершенной (OkDesk ID: 3344) Пропуск...
[23:59:9] - [Инфо] Сущность с ID: 3345 обработана на сервере.
[23:59:9] - [Инфо] Отправка данных в Спутник...
[23:59:9] - [Инфо] task status: success, task time status: success
[23:59:9] - [Инфо] SputnikTaskID: 34384
[23:59:9] - [Инфо] comment id: 172755, task comment status: success
[23:59:9] - [Инфо] Сущность с ID: 3346 обработана на сервере.
[23:59:10] - [Инфо] Отправка данных в Спутник...
[23:59:10] - [Инфо] task status: success, task time status: success
[23:59:10] - [Инфо] SputnikTaskID: 34385
[23:59:10] - [Инфо] comment id: 172756, task comment status: success
[23:59:10] - [Инфо] Сущность с ID: 3347 обработана на сервере.
[23:59:10] - [Инфо] Отправка данных в Спутник...
[23:59:10] - [Инфо] task status: success, task time status: success
[23:59:10] - [Инфо] SputnikTaskID: 34386
[23:59:10] - [Инфо] comment id: 172757, task comment status: success
[23:59:11] - [Инфо] comment id: 172758, task comment status: success
[23:59:11] - [Инфо] Сущность с ID: 3348 обработана на сервере.
[23:59:11] - [Инфо] Отправка данных в Спутник...
[23:59:11] - [Инфо] task status: success, task time status: success
[23:59:11] - [Инфо] SputnikTaskID: 34387
[23:59:11] - [Инфо] comment id: 172759, task comment status: success
[23:59:11] - [Инфо] 3349
[23:59:11] - [Инфо] [LOG] Заявка не является завершенной (OkDesk ID: 3349) Пропуск...
[23:59:12] - [Инфо] 3350
[23:59:12] - [Инфо] [LOG] Заявка не является завершенной (OkDesk ID: 3350) Пропуск...
[23:59:12] - [Инфо] 3351
[23:59:12] - [Инфо] [LOG] Заявка не является завершенной (OkDesk ID: 3351) Пропуск...
[23:59:13] - [Инфо] 3352
[23:59:13] - [Инфо] [LOG] Заявка не является завершенной (OkDesk ID: 3352) Пропуск...
[23:59:13] - [Инфо] Сущность с ID: 3353 обработана на сервере.
[23:59:13] - Записи 3354 не существует, пожалуйста исправьте ошибку[23:59:13] - [Инфо] DEBUG: Записи 3354 не существует
[23:59:13] - [Инфо] Отправка данных в Спутник...
[23:59:13] - [Инфо] task status: success, task time status: success
[23:59:13] - [Инфо] SputnikTaskID: 34388
[23:59:13] - Записи 3355 не существует, пожалуйста исправьте ошибку[23:59:14] - [Инфо] DEBUG: Записи 3355 не существует
[23:59:14] - [Инфо] comment id: 172760, task comment status: success
[23:59:14] - Записи 3356 не существует, пожалуйста исправьте ошибку[23:59:14] - [Инфо] DEBUG: Записи 3356 не существует
[23:59:14] - Записи 3357 не существует, пожалуйста исправьте ошибку[23:59:14] - [Инфо] DEBUG: Записи 3357 не существует
[23:59:14] - Записи 3358 не существует, пожалуйста исправьте ошибку[23:59:14] - [Инфо] DEBUG: Записи 3358 не существует
[23:59:14] - Записи 3359 не существует, пожалуйста исправьте ошибку[23:59:14] - [Инфо] DEBUG: Записи 3359 не существует
[23:59:14] - Записи 3360 не существует, пожалуйста исправьте ошибку[23:59:14] - [Инфо] DEBUG: Записи 3360 не существует
[23:59:15] - Записи 3361 не существует, пожалуйста исправьте ошибку[23:59:15] - [Инфо] DEBUG: Записи 3361 не существует
[23:59:15] - Записи 3362 не существует, пожалуйста исправьте ошибку[23:59:15] - [Инфо] DEBUG: Записи 3362 не существует
[23:59:15] - [Инфо] Начало автоматической выгрузки данных
[23:59:15] - [Инфо] Developer - Mkrtchyan Martun <mart@kassa26.ru>
[23:59:15] - [Инфо] [OkDesk] Файл: '2589-2589data.json' - уже существует в 'data/okdesk'
[23:59:15] - [Инфо] [LOG] Заявка не является завершенной (OkDesk ID: 2589) Пропуск...
[23:59:15] - [Инфо] Developer - Mkrtchyan Martun <mart@kassa26.ru>
[23:59:15] - [Инфо] [OkDesk] Файл: '2702-2702data.json' - уже существует в 'data/okdesk'
[23:59:16] - [Инфо] [LOG] Заявка не является завершенной (OkDesk ID: 2702) Пропуск...
[23:59:16] - [Инфо] Developer - Mkrtchyan Martun <mart@kassa26.ru>
[23:59:16] - [Инфо] [OkDesk] Файл: '2821-2821data.json' - уже существует в 'data/okdesk'
[23:59:16] - [Инфо] [LOG] Заявка не является завершенной (OkDesk ID: 2821) Пропуск...
[23:59:16] - [Инфо] Developer - Mkrtchyan Martun <mart@kassa26.ru>
[23:59:16] - [Инфо] [OkDesk] Файл: '2845-2845data.json' - уже существует в 'data/okdesk'
[23:59:16] - [Инфо] [LOG] Заявка не является завершенной (OkDesk ID: 2845) Пропуск...
[23:59:16] - [Инфо] Developer - Mkrtchyan Martun <mart@kassa26.ru>
[23:59:16] - [Инфо] [OkDesk] Файл: '3022-3022data.json' - уже существует в 'data/okdesk'
[23:59:16] - [Инфо] [LOG] Заявка не является завершенной (OkDesk ID: 3022) Пропуск...
[23:59:16] - [Инфо] Developer - Mkrtchyan Martun <mart@kassa26.ru>
[23:59:16] - [Инфо] [OkDesk] Файл: '3236-3236data.json' - уже существует в 'data/okdesk'
[23:59:17] - [Инфо] [LOG] Заявка не является завершенной (OkDesk ID: 3236) Пропуск...
[23:59:17] - [Инфо] Developer - Mkrtchyan Martun <mart@kassa26.ru>
[23:59:17] - [Инфо] [OkDesk] Файл: '3264-3264data.json' - уже существует в 'data/okdesk'
[23:59:17] - [Инфо] [LOG] Заявка не является завершенной (OkDesk ID: 3264) Пропуск...
[23:59:17] - [Инфо] Developer - Mkrtchyan Martun <mart@kassa26.ru>
[23:59:17] - [Инфо] [OkDesk] Файл: '3304-3304data.json' - уже существует в 'data/okdesk'
[23:59:18] - [Инфо] [LOG] Заявка не является завершенной (OkDesk ID: 3304) Пропуск...
[23:59:18] - [Инфо] Developer - Mkrtchyan Martun <mart@kassa26.ru>
[23:59:18] - [Инфо] [OkDesk] Файл: '3316-3316data.json' - уже существует в 'data/okdesk'
[23:59:18] - [Инфо] [LOG] Заявка не является завершенной (OkDesk ID: 3316) Пропуск...
[23:59:18] - [Инфо] Developer - Mkrtchyan Martun <mart@kassa26.ru>
[23:59:18] - [Инфо] [OkDesk] Файл: '3319-3319data.json' - уже существует в 'data/okdesk'
[23:59:19] - [Инфо] Сущность с ID: 3319 обработана на сервере.
[23:59:19] - [Инфо] Developer - Mkrtchyan Martun <mart@kassa26.ru>
[23:59:19] - [Инфо] Отправка данных в Спутник...
[23:59:19] - [Инфо] task status: success, task time status: success
[23:59:19] - [Инфо] SputnikTaskID: 34389
[23:59:19] - [Инфо] [LOG] Заявка не является завершенной (OkDesk ID: 3322) Пропуск...
[23:59:19] - [Инфо] Developer - Mkrtchyan Martun <mart@kassa26.ru>
[23:59:19] - [Инфо] comment id: 172761, task comment status: success
[23:59:20] - [Инфо] Сущность с ID: 3336 обработана на сервере.
[23:59:20] - [Инфо] Developer - Mkrtchyan Martun <mart@kassa26.ru>
[23:59:20] - [Инфо] Отправка данных в Спутник...
[23:59:20] - [Инфо] task status: success, task time status: success
[23:59:20] - [Инфо] SputnikTaskID: 34390
[23:59:20] - [Инфо] comment id: 172762, task comment status: success
[23:59:20] - Заявка уже была ранее выгружена. (OkDesk ID: 3338), пожалуйста исправьте ошибку[23:59:20] - [Инфо] comment id: 172763, task comment status: success
