[23:59:0] - [Инфо] Начало цикла след. последовательности
[23:59:0] - [Инфо] Developer - Mkrtchyan Martun <mart@kassa26.ru>
[23:59:1] - Заявка уже была ранее выгружена. (OkDesk ID: 2460), пожалуйста исправьте ошибку[23:59:2] - [Инфо] Сущность с ID: 2461 обработана на сервере.
[23:59:2] - [Инфо] Отправка данных в Спутник...
[23:59:2] - [Инфо] task status: success, task time status: success
[23:59:2] - [Инфо] SputnikTaskID: 32740
[23:59:2] - [Инфо] Сущность с ID: 2462 обработана на сервере.
[23:59:3] - [Инфо] Отправка данных в Спутник...
[23:59:3] - [Инфо] task status: success, task time status: success
[23:59:3] - [Инфо] SputnikTaskID: 32741
[23:59:3] - [Инфо] comment id: 164829, task comment status: success
[23:59:3] - [Инфо] 2463
[23:59:3] - [Инфо] [LOG] Заявка не является завершенной (OkDesk ID: 2463) Пропуск...
[23:59:3] - [Инфо] comment id: 164830, task comment status: success
[23:59:3] - [Инфо] Сущность с ID: 2464 обработана на сервере.
[23:59:4] - [Инфо] Отправка данных в Спутник...
[23:59:4] - [Инфо] task status: success, task time status: success
[23:59:4] - [Инфо] SputnikTaskID: 32742
[23:59:4] - [Инфо] comment id: 164831, task comment status: success
[23:59:4] - [Инфо] Сущность с ID: 2465 обработана на сервере.
[23:59:4] - [Инфо] comment id: 164832, task comment status: success
[23:59:4] - [Инфо] comment id: 164833, task comment status: success
[23:59:4] - [Инфо] Отправка данных в Спутник...
[23:59:4] - [Инфо] task status: success, task time status: success
[23:59:4] - [Инфо] SputnikTaskID: 32743
[23:59:4] - [Инфо] comment id: 164834, task comment status: success
[23:59:5] - [Инфо] comment id: 164835, task comment status: success
[23:59:5] - [Инфо] 2466
[23:59:5] - [Инфо] [LOG] Заявка не является завершенной (OkDesk ID: 2466) Пропуск...
[23:59:5] - Записи 2467 не существует, пожалуйста исправьте ошибку[23:59:5] - [Инфо] DEBUG: Записи 2467 не существует
[23:59:5] - [Инфо] Сущность с ID: 2468 обработана на сервере.
[23:59:6] - [Инфо] Отправка данных в Спутник...
[23:59:6] - [Инфо] task status: success, task time status: success
[23:59:6] - [Инфо] SputnikTaskID: 32744
[23:59:6] - [Инфо] comment id: 164836, task comment status: success
[23:59:6] - [Инфо] 2469
[23:59:6] - [Инфо] [LOG] Заявка не является завершенной (OkDesk ID: 2469) Пропуск...
[23:59:6] - Записи 2470 не существует, пожалуйста исправьте ошибку[23:59:6] - [Инфо] comment id: 164837, task comment status: success
[23:59:6] - [Инфо] DEBUG: Записи 2470 не существует
[23:59:6] - Записи 2471 не существует, пожалуйста исправьте ошибку[23:59:6] - [Инфо] comment id: 164838, task comment status: success
[23:59:6] - [Инфо] DEBUG: Записи 2471 не существует
[23:59:6] - Записи 2472 не существует, пожалуйста исправьте ошибку[23:59:6] - [Инфо] DEBUG: Записи 2472 не существует
[23:59:7] - Записи 2473 не существует, пожалуйста исправьте ошибку[23:59:7] - [Инфо] DEBUG: Записи 2473 не существует
[23:59:7] - Записи 2474 не существует, пожалуйста исправьте ошибку[23:59:7] - [Инфо] DEBUG: Записи 2474 не существует
[23:59:7] - Записи 2475 не существует, пожалуйста исправьте ошибку[23:59:7] - [Инфо] DEBUG: Записи 2475 не существует
[23:59:7] - Записи 2476 не существует, пожалуйста исправьте ошибку[23:59:7] - [Инфо] DEBUG: Записи 2476 не существует
[23:59:7] - Записи 2477 не существует, пожалуйста исправьте ошибку[23:59:7] - [Инфо] DEBUG: Записи 2477 не существует
[23:59:7] - Записи 2478 не существует, пожалуйста исправьте ошибку[23:59:8] - [Инфо] DEBUG: Записи 2478 не существует
[23:59:8] - Записи 2479 не существует, пожалуйста исправьте ошибку[23:59:8] - [Инфо] DEBUG: Записи 2479 не существует
[23:59:8] - Записи 2480 не существует, пожалуйста исправьте ошибку[23:59:8] - [Инфо] DEBUG: Записи 2480 не существует
[23:59:8] - Записи 2481 не существует, пожалуйста исправьте ошибку[23:59:8] - [Инфо] DEBUG: Записи 2481 не существует
[23:59:8] - Записи 2482 не существует, пожалуйста исправьте ошибку[23:59:8] - [Инфо] DEBUG: Записи 2482 не существует
[23:59:8] - Записи 2483 не существует, пожалуйста исправьте ошибку[23:59:9] - [Инфо] DEBUG: Записи 2483 не существует
[23:59:9] - Записи 2484 не существует, пожалуйста исправьте ошибку[23:59:9] - [Инфо] DEBUG: Записи 2484 не существует
[23:59:9] - Записи 2485 не существует, пожалуйста исправьте ошибку[23:59:9] - [Инфо] DEBUG: Записи 2485 не существует
[23:59:9] - [Инфо] Начало автоматической выгрузки данных
[23:59:9] - [Инфо] Developer - Mkrtchyan Martun <mart@kassa26.ru>
[23:59:9] - [Инфо] [OkDesk] Файл: '2369-2369data.json' - уже существует в 'data/okdesk'
[23:59:9] - [Инфо] [LOG] Заявка не является завершенной (OkDesk ID: 2369) Пропуск...
[23:59:9] - [Инфо] Developer - Mkrtchyan Martun <mart@kassa26.ru>
[23:59:9] - [Инфо] [OkDesk] Файл: '2446-2446data.json' - уже существует в 'data/okdesk'
[23:59:9] - [Инфо] [LOG] Заявка не является завершенной (OkDesk ID: 2446) Пропуск...
[23:59:9] - [Инфо] Developer - Mkrtchyan Martun <mart@kassa26.ru>
[23:59:10] - [Инфо] Сущность с ID: 2459 обработана на сервере.
[23:59:10] - [Инфо] Отправка данных в Спутник...
[23:59:10] - [Инфо] task status: success, task time status: success
[23:59:10] - [Инфо] SputnikTaskID: 32745
[23:59:11] - [Инфо] comment id: 164839, task comment status: success
