[23:59:3] - [Инфо] Начало цикла след. последовательности
[23:59:3] - [Инфо] Developer - Mkrtchyan Martun <mart@kassa26.ru>
[23:59:6] - Заявка уже была ранее выгружена. (OkDesk ID: 3027), пожалуйста исправьте ошибку[23:59:7] - [Инфо] Сущность с ID: 3028 обработана на сервере.
[23:59:8] - [Инфо] Отправка данных в Спутник...
[23:59:8] - [Инфо] task status: success, task time status: success
[23:59:8] - [Инфо] SputnikTaskID: 33889
[23:59:8] - [Инфо] Сущность с ID: 3029 обработана на сервере.
[23:59:8] - [Инфо] Отправка данных в Спутник...
[23:59:8] - [Инфо] task status: success, task time status: success
[23:59:8] - [Инфо] SputnikTaskID: 33890
[23:59:8] - [Инфо] comment id: 170827, task comment status: success
[23:59:8] - [Инфо] comment id: 170828, task comment status: success
[23:59:9] - [Инфо] comment id: 170829, task comment status: success
[23:59:9] - [Инфо] comment id: 170830, task comment status: success
[23:59:9] - [Инфо] comment id: 170831, task comment status: success
[23:59:9] - [Инфо] Сущность с ID: 3030 обработана на сервере.
[23:59:9] - [Инфо] Отправка данных в Спутник...
[23:59:9] - [Инфо] task status: success, task time status: success
[23:59:9] - [Инфо] SputnikTaskID: 33891
[23:59:9] - [Инфо] comment id: 170832, task comment status: success
[23:59:9] - [Инфо] 3031
[23:59:9] - [Инфо] [LOG] Заявка не является завершенной (OkDesk ID: 3031) Пропуск...
[23:59:11] - [Инфо] comment id: 170833, task comment status: success
[23:59:11] - [Инфо] comment id: 170834, task comment status: success
[23:59:11] - [Инфо] comment id: 170835, task comment status: success
[23:59:11] - [Инфо] Сущность с ID: 3032 обработана на сервере.
[23:59:11] - [Инфо] comment id: 170836, task comment status: success
[23:59:11] - [Инфо] Отправка данных в Спутник...
[23:59:11] - [Инфо] task status: success, task time status: success
[23:59:11] - [Инфо] SputnikTaskID: 33892
[23:59:12] - [Инфо] comment id: 170837, task comment status: success
[23:59:12] - [Инфо] Сущность с ID: 3033 обработана на сервере.
[23:59:12] - [Инфо] Отправка данных в Спутник...
[23:59:12] - [Инфо] task status: success, task time status: success
[23:59:12] - [Инфо] SputnikTaskID: 33893
[23:59:12] - [Инфо] comment id: 170838, task comment status: success
[23:59:12] - [Инфо] Сущность с ID: 3034 обработана на сервере.
[23:59:12] - [Инфо] comment id: 170839, task comment status: success
[23:59:12] - [Инфо] Отправка данных в Спутник...
[23:59:12] - [Инфо] task status: success, task time status: success
[23:59:12] - [Инфо] SputnikTaskID: 33894
[23:59:13] - [Инфо] comment id: 170840, task comment status: success
[23:59:13] - [Инфо] Сущность с ID: 3035 обработана на сервере.
[23:59:13] - [Инфо] comment id: 170841, task comment status: success
[23:59:13] - [Инфо] Отправка данных в Спутник...
[23:59:13] - [Инфо] task status: success, task time status: success
[23:59:13] - [Инфо] SputnikTaskID: 33895
[23:59:13] - [Инфо] 3036
[23:59:13] - [Инфо] [LOG] Заявка не является завершенной (OkDesk ID: 3036) Пропуск...
[23:59:13] - [Инфо] comment id: 170842, task comment status: success
[23:59:14] - [Инфо] Сущность с ID: 3037 обработана на сервере.
[23:59:14] - [Инфо] Отправка данных в Спутник...
[23:59:14] - [Инфо] task status: success, task time status: success
[23:59:14] - [Инфо] SputnikTaskID: 33896
[23:59:14] - [Инфо] comment id: 170843, task comment status: success
[23:59:14] - [Инфо] Сущность с ID: 3038 обработана на сервере.
[23:59:14] - [Инфо] Отправка данных в Спутник...
[23:59:14] - [Инфо] task status: success, task time status: success
[23:59:14] - [Инфо] SputnikTaskID: 33897
[23:59:15] - [Инфо] comment id: 170844, task comment status: success
[23:59:15] - [Инфо] Сущность с ID: 3039 обработана на сервере.
[23:59:15] - [Инфо] comment id: 170845, task comment status: success
[23:59:15] - [Инфо] Отправка данных в Спутник...
[23:59:15] - [Инфо] task status: success, task time status: success
[23:59:15] - [Инфо] SputnikTaskID: 33898
[23:59:15] - [Инфо] comment id: 170846, task comment status: success
[23:59:15] - [Инфо] Сущность с ID: 3040 обработана на сервере.
[23:59:15] - [Инфо] Отправка данных в Спутник...
[23:59:15] - [Инфо] task status: success, task time status: success
[23:59:15] - [Инфо] SputnikTaskID: 33899
[23:59:16] - [Инфо] comment id: 170847, task comment status: success
[23:59:16] - [Инфо] Сущность с ID: 3041 обработана на сервере.
[23:59:16] - [Инфо] Отправка данных в Спутник...
[23:59:16] - [Инфо] task status: success, task time status: success
[23:59:16] - [Инфо] SputnikTaskID: 33900
[23:59:16] - [Инфо] comment id: 170848, task comment status: success
[23:59:16] - [Инфо] Сущность с ID: 3042 обработана на сервере.
[23:59:16] - [Инфо] Отправка данных в Спутник...
[23:59:16] - [Инфо] task status: success, task time status: success
[23:59:16] - [Инфо] SputnikTaskID: 33901
[23:59:17] - [Инфо] comment id: 170849, task comment status: success
[23:59:17] - [Инфо] Сущность с ID: 3043 обработана на сервере.
[23:59:17] - Записи 3044 не существует, пожалуйста исправьте ошибку[23:59:17] - [Инфо] DEBUG: Записи 3044 не существует
[23:59:17] - [Инфо] Отправка данных в Спутник...
[23:59:17] - [Инфо] task status: success, task time status: success
[23:59:17] - [Инфо] SputnikTaskID: 33902
[23:59:17] - Записи 3045 не существует, пожалуйста исправьте ошибку[23:59:17] - [Инфо] DEBUG: Записи 3045 не существует
[23:59:17] - Записи 3046 не существует, пожалуйста исправьте ошибку[23:59:17] - [Инфо] comment id: 170850, task comment status: success
[23:59:17] - [Инфо] DEBUG: Записи 3046 не существует
[23:59:17] - Записи 3047 не существует, пожалуйста исправьте ошибку[23:59:17] - [Инфо] DEBUG: Записи 3047 не существует
[23:59:17] - Записи 3048 не существует, пожалуйста исправьте ошибку[23:59:18] - [Инфо] DEBUG: Записи 3048 не существует
[23:59:18] - Записи 3049 не существует, пожалуйста исправьте ошибку[23:59:18] - [Инфо] DEBUG: Записи 3049 не существует
[23:59:18] - Записи 3050 не существует, пожалуйста исправьте ошибку[23:59:18] - [Инфо] DEBUG: Записи 3050 не существует
[23:59:18] - Записи 3051 не существует, пожалуйста исправьте ошибку[23:59:18] - [Инфо] DEBUG: Записи 3051 не существует
[23:59:18] - Записи 3052 не существует, пожалуйста исправьте ошибку[23:59:18] - [Инфо] DEBUG: Записи 3052 не существует
[23:59:18] - [Инфо] Начало автоматической выгрузки данных
[23:59:18] - [Инфо] Developer - Mkrtchyan Martun <mart@kassa26.ru>
[23:59:18] - [Инфо] [OkDesk] Файл: '2563-2563data.json' - уже существует в 'data/okdesk'
[23:59:19] - [Инфо] [LOG] Заявка не является завершенной (OkDesk ID: 2563) Пропуск...
[23:59:19] - [Инфо] Developer - Mkrtchyan Martun <mart@kassa26.ru>
[23:59:19] - [Инфо] [OkDesk] Файл: '2589-2589data.json' - уже существует в 'data/okdesk'
[23:59:19] - [Инфо] [LOG] Заявка не является завершенной (OkDesk ID: 2589) Пропуск...
[23:59:19] - [Инфо] Developer - Mkrtchyan Martun <mart@kassa26.ru>
[23:59:19] - [Инфо] [OkDesk] Файл: '2625-2625data.json' - уже существует в 'data/okdesk'
[23:59:19] - [Инфо] [LOG] Заявка не является завершенной (OkDesk ID: 2625) Пропуск...
[23:59:19] - [Инфо] Developer - Mkrtchyan Martun <mart@kassa26.ru>
[23:59:19] - [Инфо] [OkDesk] Файл: '2685-2685data.json' - уже существует в 'data/okdesk'
[23:59:20] - [Инфо] [LOG] Заявка не является завершенной (OkDesk ID: 2685) Пропуск...
[23:59:20] - [Инфо] Developer - Mkrtchyan Martun <mart@kassa26.ru>
[23:59:20] - [Инфо] [OkDesk] Файл: '2702-2702data.json' - уже существует в 'data/okdesk'
[23:59:20] - [Инфо] [LOG] Заявка не является завершенной (OkDesk ID: 2702) Пропуск...
[23:59:20] - [Инфо] Developer - Mkrtchyan Martun <mart@kassa26.ru>
[23:59:20] - [Инфо] [OkDesk] Файл: '2821-2821data.json' - уже существует в 'data/okdesk'
[23:59:20] - [Инфо] [LOG] Заявка не является завершенной (OkDesk ID: 2821) Пропуск...
[23:59:20] - [Инфо] Developer - Mkrtchyan Martun <mart@kassa26.ru>
[23:59:20] - [Инфо] [OkDesk] Файл: '2845-2845data.json' - уже существует в 'data/okdesk'
[23:59:21] - [Инфо] [LOG] Заявка не является завершенной (OkDesk ID: 2845) Пропуск...
[23:59:21] - [Инфо] Developer - Mkrtchyan Martun <mart@kassa26.ru>
[23:59:21] - [Инфо] [OkDesk] Файл: '2896-2896data.json' - уже существует в 'data/okdesk'
[23:59:21] - [Инфо] [LOG] Заявка не является завершенной (OkDesk ID: 2896) Пропуск...
[23:59:21] - [Инфо] Developer - Mkrtchyan Martun <mart@kassa26.ru>
[23:59:21] - [Инфо] [OkDesk] Файл: '2926-2926data.json' - уже существует в 'data/okdesk'
[23:59:21] - [Инфо] [LOG] Заявка не является завершенной (OkDesk ID: 2926) Пропуск...
[23:59:21] - [Инфо] Developer - Mkrtchyan Martun <mart@kassa26.ru>
[23:59:21] - [Инфо] [OkDesk] Файл: '2987-2987data.json' - уже существует в 'data/okdesk'
[23:59:21] - [Инфо] [LOG] Заявка не является завершенной (OkDesk ID: 2987) Пропуск...
[23:59:21] - [Инфо] Developer - Mkrtchyan Martun <mart@kassa26.ru>
[23:59:22] - [Инфо] [LOG] Заявка не является завершенной (OkDesk ID: 3022) Пропуск...
