[23:59:2] - [Инфо] Начало цикла след. последовательности
[23:59:2] - [Инфо] Developer - Mkrtchyan Martun <mart@kassa26.ru>
[23:59:4] - Заявка уже была ранее выгружена. (OkDesk ID: 3353), пожалуйста исправьте ошибку[23:59:4] - [Инфо] Сущность с ID: 3354 обработана на сервере.
[23:59:5] - [Инфо] Отправка данных в Спутник...
[23:59:5] - [Инфо] task status: success, task time status: success
[23:59:5] - [Инфо] SputnikTaskID: 34399
[23:59:5] - [Инфо] comment id: 173559, task comment status: success
[23:59:5] - [Инфо] Сущность с ID: 3355 обработана на сервере.
[23:59:5] - [Инфо] Отправка данных в Спутник...
[23:59:5] - [Инфо] task status: success, task time status: success
[23:59:5] - [Инфо] SputnikTaskID: 34400
[23:59:5] - [Инфо] comment id: 173560, task comment status: success
[23:59:6] - [Инфо] Сущность с ID: 3356 обработана на сервере.
[23:59:6] - [Инфо] Отправка данных в Спутник...
[23:59:6] - [Инфо] task status: success, task time status: success
[23:59:6] - [Инфо] SputnikTaskID: 34401
[23:59:6] - [Инфо] comment id: 173561, task comment status: success
[23:59:6] - [Инфо] comment id: 173562, task comment status: success
[23:59:6] - [Инфо] comment id: 173563, task comment status: success
[23:59:6] - [Инфо] Сущность с ID: 3357 обработана на сервере.
[23:59:6] - [Инфо] comment id: 173564, task comment status: success
[23:59:7] - [Инфо] Отправка данных в Спутник...
[23:59:7] - [Инфо] task status: success, task time status: success
[23:59:7] - [Инфо] SputnikTaskID: 34402
[23:59:7] - [Инфо] comment id: 173565, task comment status: success
[23:59:7] - [Инфо] Сущность с ID: 3358 обработана на сервере.
[23:59:7] - [Инфо] comment id: 173566, task comment status: success
[23:59:7] - [Инфо] Отправка данных в Спутник...
[23:59:7] - [Инфо] task status: success, task time status: success
[23:59:7] - [Инфо] SputnikTaskID: 34403
[23:59:8] - [Инфо] comment id: 173567, task comment status: success
[23:59:8] - [Инфо] comment id: 173568, task comment status: success
[23:59:8] - [Инфо] Сущность с ID: 3359 обработана на сервере.
[23:59:8] - [Инфо] Отправка данных в Спутник...
[23:59:8] - [Инфо] task status: success, task time status: success
[23:59:8] - [Инфо] SputnikTaskID: 34404
[23:59:8] - [Инфо] comment id: 173569, task comment status: success
[23:59:9] - [Инфо] Сущность с ID: 3360 обработана на сервере.
[23:59:9] - [Инфо] Отправка данных в Спутник...
[23:59:9] - [Инфо] task status: success, task time status: success
[23:59:9] - [Инфо] SputnikTaskID: 34405
[23:59:9] - [Инфо] comment id: 173570, task comment status: success
[23:59:9] - [Инфо] Сущность с ID: 3361 обработана на сервере.
[23:59:10] - [Инфо] Отправка данных в Спутник...
[23:59:10] - [Инфо] task status: success, task time status: success
[23:59:10] - [Инфо] SputnikTaskID: 34406
[23:59:10] - [Инфо] comment id: 173571, task comment status: success
[23:59:10] - [Инфо] Сущность с ID: 3362 обработана на сервере.
[23:59:10] - [Инфо] comment id: 173572, task comment status: success
[23:59:10] - [Инфо] Отправка данных в Спутник...
[23:59:10] - [Инфо] task status: success, task time status: success
[23:59:10] - [Инфо] SputnikTaskID: 34407
[23:59:10] - [Инфо] comment id: 173573, task comment status: success
[23:59:11] - [Инфо] Сущность с ID: 3363 обработана на сервере.
[23:59:11] - Записи 3364 не существует, пожалуйста исправьте ошибку[23:59:11] - [Инфо] Отправка данных в Спутник...
[23:59:11] - [Инфо] task status: success, task time status: success
[23:59:11] - [Инфо] SputnikTaskID: 34408
[23:59:11] - [Инфо] DEBUG: Записи 3364 не существует
[23:59:11] - Записи 3365 не существует, пожалуйста исправьте ошибку[23:59:11] - [Инфо] DEBUG: Записи 3365 не существует
[23:59:11] - [Инфо] comment id: 173574, task comment status: success
[23:59:11] - Записи 3366 не существует, пожалуйста исправьте ошибку[23:59:11] - [Инфо] comment id: 173575, task comment status: success
[23:59:11] - [Инфо] DEBUG: Записи 3366 не существует
[23:59:11] - Записи 3367 не существует, пожалуйста исправьте ошибку[23:59:11] - [Инфо] comment id: 173576, task comment status: success
[23:59:11] - [Инфо] DEBUG: Записи 3367 не существует
[23:59:11] - Записи 3368 не существует, пожалуйста исправьте ошибку[23:59:12] - [Инфо] DEBUG: Записи 3368 не существует
[23:59:12] - Записи 3369 не существует, пожалуйста исправьте ошибку[23:59:12] - [Инфо] DEBUG: Записи 3369 не существует
[23:59:12] - Записи 3370 не существует, пожалуйста исправьте ошибку[23:59:12] - [Инфо] DEBUG: Записи 3370 не существует
[23:59:12] - Записи 3371 не существует, пожалуйста исправьте ошибку[23:59:12] - [Инфо] DEBUG: Записи 3371 не существует
[23:59:12] - Записи 3372 не существует, пожалуйста исправьте ошибку[23:59:12] - [Инфо] DEBUG: Записи 3372 не существует
[23:59:12] - Записи 3373 не существует, пожалуйста исправьте ошибку[23:59:13] - [Инфо] DEBUG: Записи 3373 не существует
[23:59:13] - Записи 3374 не существует, пожалуйста исправьте ошибку[23:59:13] - [Инфо] DEBUG: Записи 3374 не существует
[23:59:13] - Записи 3375 не существует, пожалуйста исправьте ошибку[23:59:13] - [Инфо] DEBUG: Записи 3375 не существует
[23:59:13] - Записи 3376 не существует, пожалуйста исправьте ошибку[23:59:13] - [Инфо] DEBUG: Записи 3376 не существует
[23:59:13] - Записи 3377 не существует, пожалуйста исправьте ошибку[23:59:13] - [Инфо] DEBUG: Записи 3377 не существует
[23:59:13] - Записи 3378 не существует, пожалуйста исправьте ошибку[23:59:14] - [Инфо] DEBUG: Записи 3378 не существует
[23:59:14] - [Инфо] Начало автоматической выгрузки данных
[23:59:14] - [Инфо] Developer - Mkrtchyan Martun <mart@kassa26.ru>
[23:59:14] - [Инфо] [OkDesk] Файл: '2589-2589data.json' - уже существует в 'data/okdesk'
[23:59:14] - [Инфо] [LOG] Заявка не является завершенной (OkDesk ID: 2589) Пропуск...
[23:59:14] - [Инфо] Developer - Mkrtchyan Martun <mart@kassa26.ru>
[23:59:14] - [Инфо] [OkDesk] Файл: '2702-2702data.json' - уже существует в 'data/okdesk'
[23:59:14] - [Инфо] [LOG] Заявка не является завершенной (OkDesk ID: 2702) Пропуск...
[23:59:14] - [Инфо] Developer - Mkrtchyan Martun <mart@kassa26.ru>
[23:59:14] - [Инфо] [OkDesk] Файл: '2821-2821data.json' - уже существует в 'data/okdesk'
[23:59:15] - [Инфо] [LOG] Заявка не является завершенной (OkDesk ID: 2821) Пропуск...
[23:59:15] - [Инфо] Developer - Mkrtchyan Martun <mart@kassa26.ru>
[23:59:15] - [Инфо] [OkDesk] Файл: '2845-2845data.json' - уже существует в 'data/okdesk'
[23:59:15] - [Инфо] [LOG] Заявка не является завершенной (OkDesk ID: 2845) Пропуск...
[23:59:15] - [Инфо] Developer - Mkrtchyan Martun <mart@kassa26.ru>
[23:59:15] - [Инфо] [OkDesk] Файл: '3022-3022data.json' - уже существует в 'data/okdesk'
[23:59:15] - [Инфо] [LOG] Заявка не является завершенной (OkDesk ID: 3022) Пропуск...
[23:59:15] - [Инфо] Developer - Mkrtchyan Martun <mart@kassa26.ru>
[23:59:15] - [Инфо] [OkDesk] Файл: '3236-3236data.json' - уже существует в 'data/okdesk'
[23:59:16] - [Инфо] [LOG] Заявка не является завершенной (OkDesk ID: 3236) Пропуск...
[23:59:16] - [Инфо] Developer - Mkrtchyan Martun <mart@kassa26.ru>
[23:59:16] - [Инфо] [OkDesk] Файл: '3264-3264data.json' - уже существует в 'data/okdesk'
[23:59:16] - [Инфо] [LOG] Заявка не является завершенной (OkDesk ID: 3264) Пропуск...
[23:59:16] - [Инфо] Developer - Mkrtchyan Martun <mart@kassa26.ru>
[23:59:16] - [Инфо] [OkDesk] Файл: '3304-3304data.json' - уже существует в 'data/okdesk'
[23:59:17] - [Инфо] [LOG] Заявка не является завершенной (OkDesk ID: 3304) Пропуск...
[23:59:17] - [Инфо] Developer - Mkrtchyan Martun <mart@kassa26.ru>
[23:59:17] - [Инфо] [OkDesk] Файл: '3316-3316data.json' - уже существует в 'data/okdesk'
[23:59:17] - [Инфо] [LOG] Заявка не является завершенной (OkDesk ID: 3316) Пропуск...
[23:59:17] - [Инфо] Developer - Mkrtchyan Martun <mart@kassa26.ru>
[23:59:17] - [Инфо] [OkDesk] Файл: '3322-3322data.json' - уже существует в 'data/okdesk'
[23:59:17] - [Инфо] Сущность с ID: 3322 обработана на сервере.
[23:59:17] - [Инфо] Developer - Mkrtchyan Martun <mart@kassa26.ru>
[23:59:18] - [Инфо] Отправка данных в Спутник...
[23:59:18] - [Инфо] task status: success, task time status: success
[23:59:18] - [Инфо] SputnikTaskID: 34409
[23:59:18] - [Инфо] [LOG] Заявка не является завершенной (OkDesk ID: 3344) Пропуск...
[23:59:18] - [Инфо] Developer - Mkrtchyan Martun <mart@kassa26.ru>
[23:59:18] - [Инфо] comment id: 173577, task comment status: success
[23:59:18] - [Инфо] Сущность с ID: 3349 обработана на сервере.
[23:59:18] - [Инфо] Developer - Mkrtchyan Martun <mart@kassa26.ru>
[23:59:19] - [Инфо] Отправка данных в Спутник...
[23:59:19] - [Инфо] task status: success, task time status: success
[23:59:19] - [Инфо] SputnikTaskID: 34410
[23:59:19] - [Инфо] comment id: 173578, task comment status: success
[23:59:19] - [Инфо] [LOG] Заявка не является завершенной (OkDesk ID: 3350) Пропуск...
[23:59:19] - [Инфо] Developer - Mkrtchyan Martun <mart@kassa26.ru>
[23:59:20] - [Инфо] [LOG] Заявка не является завершенной (OkDesk ID: 3351) Пропуск...
[23:59:20] - [Инфо] Developer - Mkrtchyan Martun <mart@kassa26.ru>
[23:59:20] - [Инфо] [LOG] Заявка не является завершенной (OkDesk ID: 3352) Пропуск...
