[23:59:2] - [Инфо] Начало цикла след. последовательности
[23:59:2] - [Инфо] Developer - Mkrtchyan Martun <mart@kassa26.ru>
[23:59:3] - Заявка уже была ранее выгружена. (OkDesk ID: 2745), пожалуйста исправьте ошибку[23:59:4] - [Инфо] Сущность с ID: 2746 обработана на сервере.
[23:59:4] - [Инфо] Отправка данных в Спутник...
[23:59:4] - [Инфо] task status: success, task time status: success
[23:59:4] - [Инфо] SputnikTaskID: 33274
[23:59:4] - [Инфо] Сущность с ID: 2747 обработана на сервере.
[23:59:4] - [Инфо] comment id: 167593, task comment status: success
[23:59:5] - [Инфо] comment id: 167594, task comment status: success
[23:59:5] - [Инфо] Отправка данных в Спутник...
[23:59:5] - [Инфо] task status: success, task time status: success
[23:59:5] - [Инфо] SputnikTaskID: 33275
[23:59:5] - [Инфо] Сущность с ID: 2748 обработана на сервере.
[23:59:5] - [Инфо] comment id: 167595, task comment status: success
[23:59:5] - [Инфо] Отправка данных в Спутник...
[23:59:5] - [Инфо] task status: success, task time status: success
[23:59:5] - [Инфо] SputnikTaskID: 33276
[23:59:5] - [Инфо] comment id: 167596, task comment status: success
[23:59:6] - [Инфо] Сущность с ID: 2749 обработана на сервере.
[23:59:6] - [Инфо] Отправка данных в Спутник...
[23:59:6] - [Инфо] task status: success, task time status: success
[23:59:6] - [Инфо] SputnikTaskID: 33277
[23:59:6] - [Инфо] comment id: 167597, task comment status: success
[23:59:6] - [Инфо] Сущность с ID: 2750 обработана на сервере.
[23:59:6] - [Инфо] Отправка данных в Спутник...
[23:59:6] - [Инфо] task status: success, task time status: success
[23:59:6] - [Инфо] SputnikTaskID: 33278
[23:59:7] - [Инфо] comment id: 167598, task comment status: success
[23:59:7] - [Инфо] Сущность с ID: 2751 обработана на сервере.
[23:59:7] - Записи 2752 не существует, пожалуйста исправьте ошибку[23:59:7] - [Инфо] Отправка данных в Спутник...
[23:59:7] - [Инфо] task status: success, task time status: success
[23:59:7] - [Инфо] SputnikTaskID: 33279
[23:59:7] - [Инфо] DEBUG: Записи 2752 не существует
[23:59:7] - Записи 2753 не существует, пожалуйста исправьте ошибку[23:59:7] - [Инфо] DEBUG: Записи 2753 не существует
[23:59:7] - [Инфо] comment id: 167599, task comment status: success
[23:59:7] - Записи 2754 не существует, пожалуйста исправьте ошибку[23:59:7] - [Инфо] DEBUG: Записи 2754 не существует
[23:59:7] - Записи 2755 не существует, пожалуйста исправьте ошибку[23:59:7] - [Инфо] DEBUG: Записи 2755 не существует
[23:59:7] - Записи 2756 не существует, пожалуйста исправьте ошибку[23:59:8] - [Инфо] DEBUG: Записи 2756 не существует
[23:59:8] - Записи 2757 не существует, пожалуйста исправьте ошибку[23:59:8] - [Инфо] DEBUG: Записи 2757 не существует
[23:59:8] - Записи 2758 не существует, пожалуйста исправьте ошибку[23:59:8] - [Инфо] DEBUG: Записи 2758 не существует
[23:59:8] - Записи 2759 не существует, пожалуйста исправьте ошибку[23:59:8] - [Инфо] DEBUG: Записи 2759 не существует
[23:59:8] - Записи 2760 не существует, пожалуйста исправьте ошибку[23:59:8] - [Инфо] DEBUG: Записи 2760 не существует
[23:59:9] - Записи 2761 не существует, пожалуйста исправьте ошибку[23:59:9] - [Инфо] DEBUG: Записи 2761 не существует
[23:59:9] - Записи 2762 не существует, пожалуйста исправьте ошибку[23:59:9] - [Инфо] DEBUG: Записи 2762 не существует
[23:59:9] - Записи 2763 не существует, пожалуйста исправьте ошибку[23:59:9] - [Инфо] DEBUG: Записи 2763 не существует
[23:59:9] - Записи 2764 не существует, пожалуйста исправьте ошибку[23:59:9] - [Инфо] DEBUG: Записи 2764 не существует
[23:59:9] - Записи 2765 не существует, пожалуйста исправьте ошибку[23:59:10] - [Инфо] DEBUG: Записи 2765 не существует
[23:59:10] - Записи 2766 не существует, пожалуйста исправьте ошибку[23:59:10] - [Инфо] DEBUG: Записи 2766 не существует
[23:59:10] - Записи 2767 не существует, пожалуйста исправьте ошибку[23:59:10] - [Инфо] DEBUG: Записи 2767 не существует
[23:59:10] - Записи 2768 не существует, пожалуйста исправьте ошибку[23:59:10] - [Инфо] DEBUG: Записи 2768 не существует
[23:59:10] - Записи 2769 не существует, пожалуйста исправьте ошибку[23:59:10] - [Инфо] DEBUG: Записи 2769 не существует
[23:59:10] - Записи 2770 не существует, пожалуйста исправьте ошибку[23:59:11] - [Инфо] DEBUG: Записи 2770 не существует
[23:59:11] - [Инфо] Начало автоматической выгрузки данных
[23:59:11] - [Инфо] Developer - Mkrtchyan Martun <mart@kassa26.ru>
[23:59:11] - [Инфо] [OkDesk] Файл: '2563-2563data.json' - уже существует в 'data/okdesk'
[23:59:11] - [Инфо] [LOG] Заявка не является завершенной (OkDesk ID: 2563) Пропуск...
[23:59:11] - [Инфо] Developer - Mkrtchyan Martun <mart@kassa26.ru>
[23:59:11] - [Инфо] [OkDesk] Файл: '2589-2589data.json' - уже существует в 'data/okdesk'
[23:59:11] - [Инфо] [LOG] Заявка не является завершенной (OkDesk ID: 2589) Пропуск...
[23:59:11] - [Инфо] Developer - Mkrtchyan Martun <mart@kassa26.ru>
[23:59:11] - [Инфо] [OkDesk] Файл: '2625-2625data.json' - уже существует в 'data/okdesk'
[23:59:12] - [Инфо] [LOG] Заявка не является завершенной (OkDesk ID: 2625) Пропуск...
[23:59:12] - [Инфо] Developer - Mkrtchyan Martun <mart@kassa26.ru>
[23:59:12] - [Инфо] [OkDesk] Файл: '2685-2685data.json' - уже существует в 'data/okdesk'
[23:59:12] - [Инфо] [LOG] Заявка не является завершенной (OkDesk ID: 2685) Пропуск...
[23:59:12] - [Инфо] Developer - Mkrtchyan Martun <mart@kassa26.ru>
[23:59:12] - [Инфо] [OkDesk] Файл: '2702-2702data.json' - уже существует в 'data/okdesk'
[23:59:12] - [Инфо] [LOG] Заявка не является завершенной (OkDesk ID: 2702) Пропуск...
[23:59:12] - [Инфо] Developer - Mkrtchyan Martun <mart@kassa26.ru>
[23:59:12] - [Инфо] [OkDesk] Файл: '2710-2710data.json' - уже существует в 'data/okdesk'
[23:59:13] - [Инфо] [LOG] Заявка не является завершенной (OkDesk ID: 2710) Пропуск...
[23:59:13] - [Инфо] Developer - Mkrtchyan Martun <mart@kassa26.ru>
[23:59:13] - [Инфо] [LOG] Заявка не является завершенной (OkDesk ID: 2744) Пропуск...
[23:59:13] - [Инфо] Developer - Mkrtchyan Martun <mart@kassa26.ru>
[23:59:14] - Заявка уже была ранее выгружена. (OkDesk ID: 2746), пожалуйста исправьте ошибку