[23:59:2] - [Инфо] Начало цикла след. последовательности
[23:59:2] - [Инфо] Developer - Mkrtchyan Martun <mart@kassa26.ru>
[23:59:3] - Заявка уже была ранее выгружена. (OkDesk ID: 2751), пожалуйста исправьте ошибку[23:59:4] - [Инфо] Сущность с ID: 2752 обработана на сервере.
[23:59:4] - [Инфо] Отправка данных в Спутник...
[23:59:4] - [Инфо] task status: success, task time status: success
[23:59:4] - [Инфо] SputnikTaskID: 33293
[23:59:5] - [Инфо] Сущность с ID: 2753 обработана на сервере.
[23:59:5] - [Инфо] Отправка данных в Спутник...
[23:59:5] - [Инфо] task status: success, task time status: success
[23:59:5] - [Инфо] SputnikTaskID: 33294
[23:59:5] - [Инфо] comment id: 167804, task comment status: success
[23:59:5] - [Инфо] comment id: 167805, task comment status: success
[23:59:5] - [Инфо] Сущность с ID: 2754 обработана на сервере.
[23:59:5] - [Инфо] comment id: 167806, task comment status: success
[23:59:5] - [Инфо] comment id: 167807, task comment status: success
[23:59:6] - [Инфо] Отправка данных в Спутник...
[23:59:6] - [Инфо] task status: success, task time status: success
[23:59:6] - [Инфо] SputnikTaskID: 33295
[23:59:6] - [Инфо] comment id: 167808, task comment status: success
[23:59:6] - [Инфо] Сущность с ID: 2755 обработана на сервере.
[23:59:6] - [Инфо] comment id: 167809, task comment status: success
[23:59:6] - [Инфо] Отправка данных в Спутник...
[23:59:6] - [Инфо] task status: success, task time status: success
[23:59:6] - [Инфо] SputnikTaskID: 33296
[23:59:6] - [Инфо] comment id: 167810, task comment status: success
[23:59:6] - [Инфо] comment id: 167811, task comment status: success
[23:59:7] - [Инфо] Сущность с ID: 2756 обработана на сервере.
[23:59:7] - [Инфо] Отправка данных в Спутник...
[23:59:7] - [Инфо] task status: success, task time status: success
[23:59:7] - [Инфо] SputnikTaskID: 33297
[23:59:7] - [Инфо] comment id: 167812, task comment status: success
[23:59:7] - [Инфо] Сущность с ID: 2757 обработана на сервере.
[23:59:7] - [Инфо] Отправка данных в Спутник...
[23:59:7] - [Инфо] task status: success, task time status: success
[23:59:7] - [Инфо] SputnikTaskID: 33298
[23:59:8] - [Инфо] comment id: 167813, task comment status: success
[23:59:8] - [Инфо] Сущность с ID: 2758 обработана на сервере.
[23:59:8] - [Инфо] Отправка данных в Спутник...
[23:59:8] - [Инфо] task status: success, task time status: success
[23:59:8] - [Инфо] SputnikTaskID: 33299
[23:59:8] - [Инфо] comment id: 167814, task comment status: success
[23:59:8] - [Инфо] comment id: 167815, task comment status: success
[23:59:8] - [Инфо] Сущность с ID: 2759 обработана на сервере.
[23:59:9] - [Инфо] Отправка данных в Спутник...
[23:59:9] - [Инфо] task status: success, task time status: success
[23:59:9] - [Инфо] SputnikTaskID: 33300
[23:59:9] - [Инфо] comment id: 167816, task comment status: success
[23:59:9] - [Инфо] Сущность с ID: 2760 обработана на сервере.
[23:59:9] - [Инфо] Отправка данных в Спутник...
[23:59:9] - [Инфо] task status: success, task time status: success
[23:59:9] - [Инфо] SputnikTaskID: 33301
[23:59:9] - [Инфо] comment id: 167817, task comment status: success
[23:59:10] - [Инфо] Сущность с ID: 2761 обработана на сервере.
[23:59:10] - Записи 2762 не существует, пожалуйста исправьте ошибку[23:59:10] - [Инфо] comment id: 167818, task comment status: success
[23:59:10] - [Инфо] DEBUG: Записи 2762 не существует
[23:59:10] - [Инфо] Отправка данных в Спутник...
[23:59:10] - [Инфо] task status: success, task time status: success
[23:59:10] - [Инфо] SputnikTaskID: 33302
[23:59:10] - Записи 2763 не существует, пожалуйста исправьте ошибку[23:59:10] - [Инфо] DEBUG: Записи 2763 не существует
[23:59:10] - [Инфо] comment id: 167819, task comment status: success
[23:59:10] - Записи 2764 не существует, пожалуйста исправьте ошибку[23:59:10] - [Инфо] DEBUG: Записи 2764 не существует
[23:59:10] - Записи 2765 не существует, пожалуйста исправьте ошибку[23:59:10] - [Инфо] DEBUG: Записи 2765 не существует
[23:59:10] - Записи 2766 не существует, пожалуйста исправьте ошибку[23:59:11] - [Инфо] DEBUG: Записи 2766 не существует
[23:59:11] - Записи 2767 не существует, пожалуйста исправьте ошибку[23:59:11] - [Инфо] DEBUG: Записи 2767 не существует
[23:59:11] - Записи 2768 не существует, пожалуйста исправьте ошибку[23:59:11] - [Инфо] DEBUG: Записи 2768 не существует
[23:59:11] - Записи 2769 не существует, пожалуйста исправьте ошибку[23:59:11] - [Инфо] DEBUG: Записи 2769 не существует
[23:59:11] - Записи 2770 не существует, пожалуйста исправьте ошибку[23:59:11] - [Инфо] DEBUG: Записи 2770 не существует
[23:59:11] - Записи 2771 не существует, пожалуйста исправьте ошибку[23:59:11] - [Инфо] DEBUG: Записи 2771 не существует
[23:59:12] - Записи 2772 не существует, пожалуйста исправьте ошибку[23:59:12] - [Инфо] DEBUG: Записи 2772 не существует
[23:59:12] - Записи 2773 не существует, пожалуйста исправьте ошибку[23:59:12] - [Инфо] DEBUG: Записи 2773 не существует
[23:59:12] - Записи 2774 не существует, пожалуйста исправьте ошибку[23:59:12] - [Инфо] DEBUG: Записи 2774 не существует
[23:59:12] - Записи 2775 не существует, пожалуйста исправьте ошибку[23:59:12] - [Инфо] DEBUG: Записи 2775 не существует
[23:59:12] - Записи 2776 не существует, пожалуйста исправьте ошибку[23:59:13] - [Инфо] DEBUG: Записи 2776 не существует
[23:59:13] - [Инфо] Начало автоматической выгрузки данных
[23:59:13] - [Инфо] Developer - Mkrtchyan Martun <mart@kassa26.ru>
[23:59:13] - [Инфо] [OkDesk] Файл: '2563-2563data.json' - уже существует в 'data/okdesk'
[23:59:13] - [Инфо] [LOG] Заявка не является завершенной (OkDesk ID: 2563) Пропуск...
[23:59:13] - [Инфо] Developer - Mkrtchyan Martun <mart@kassa26.ru>
[23:59:13] - [Инфо] [OkDesk] Файл: '2589-2589data.json' - уже существует в 'data/okdesk'
[23:59:13] - [Инфо] [LOG] Заявка не является завершенной (OkDesk ID: 2589) Пропуск...
[23:59:13] - [Инфо] Developer - Mkrtchyan Martun <mart@kassa26.ru>
[23:59:13] - [Инфо] [OkDesk] Файл: '2625-2625data.json' - уже существует в 'data/okdesk'
[23:59:13] - [Инфо] [LOG] Заявка не является завершенной (OkDesk ID: 2625) Пропуск...
[23:59:13] - [Инфо] Developer - Mkrtchyan Martun <mart@kassa26.ru>
[23:59:14] - [Инфо] [OkDesk] Файл: '2685-2685data.json' - уже существует в 'data/okdesk'
[23:59:14] - [Инфо] [LOG] Заявка не является завершенной (OkDesk ID: 2685) Пропуск...
[23:59:14] - [Инфо] Developer - Mkrtchyan Martun <mart@kassa26.ru>
[23:59:14] - [Инфо] [OkDesk] Файл: '2702-2702data.json' - уже существует в 'data/okdesk'
[23:59:14] - [Инфо] [LOG] Заявка не является завершенной (OkDesk ID: 2702) Пропуск...
[23:59:14] - [Инфо] Developer - Mkrtchyan Martun <mart@kassa26.ru>
[23:59:14] - [Инфо] [OkDesk] Файл: '2710-2710data.json' - уже существует в 'data/okdesk'
[23:59:15] - [Инфо] Сущность с ID: 2710 обработана на сервере.
[23:59:15] - [Инфо] Developer - Mkrtchyan Martun <mart@kassa26.ru>
[23:59:15] - [Инфо] [OkDesk] Файл: '2744-2744data.json' - уже существует в 'data/okdesk'
[23:59:15] - [Инфо] Отправка данных в Спутник...
[23:59:15] - [Инфо] task status: success, task time status: success
[23:59:15] - [Инфо] SputnikTaskID: 33303
[23:59:15] - [Инфо] comment id: 167820, task comment status: success
[23:59:15] - [Инфо] Сущность с ID: 2744 обработана на сервере.
[23:59:15] - [Инфо] comment id: 167821, task comment status: success
[23:59:16] - [Инфо] Отправка данных в Спутник...
[23:59:16] - [Инфо] task status: success, task time status: success
[23:59:16] - [Инфо] SputnikTaskID: 33304
[23:59:16] - [Инфо] comment id: 167822, task comment status: success
[23:59:16] - [Инфо] comment id: 167823, task comment status: success
