[23:59:3] - [Инфо] Начало цикла след. последовательности
[23:59:3] - [Инфо] Developer - Mkrtchyan Martun <mart@kassa26.ru>
[23:59:7] - Заявка уже была ранее выгружена. (OkDesk ID: 3363), пожалуйста исправьте ошибку[23:59:7] - [Инфо] Сущность с ID: 3364 обработана на сервере.
[23:59:8] - [Инфо] Отправка данных в Спутник...
[23:59:8] - [Инфо] task status: success, task time status: success
[23:59:8] - [Инфо] SputnikTaskID: 34411
[23:59:8] - [Инфо] Сущность с ID: 3365 обработана на сервере.
[23:59:8] - [Инфо] comment id: 173579, task comment status: success
[23:59:8] - [Инфо] comment id: 173580, task comment status: success
[23:59:8] - [Инфо] Отправка данных в Спутник...
[23:59:8] - [Инфо] task status: success, task time status: success
[23:59:8] - [Инфо] SputnikTaskID: 34412
[23:59:8] - [Инфо] comment id: 173581, task comment status: success
[23:59:8] - [Инфо] Сущность с ID: 3366 обработана на сервере.
[23:59:9] - [Инфо] Отправка данных в Спутник...
[23:59:9] - [Инфо] task status: success, task time status: success
[23:59:9] - [Инфо] SputnikTaskID: 34413
[23:59:9] - [Инфо] comment id: 173582, task comment status: success
[23:59:9] - [Инфо] 3367
[23:59:9] - [Инфо] [LOG] Заявка не является завершенной (OkDesk ID: 3367) Пропуск...
[23:59:9] - [Инфо] comment id: 173583, task comment status: success
[23:59:9] - [Инфо] comment id: 173584, task comment status: success
[23:59:10] - [Инфо] Сущность с ID: 3368 обработана на сервере.
[23:59:10] - [Инфо] Отправка данных в Спутник...
[23:59:10] - [Инфо] task status: success, task time status: success
[23:59:10] - [Инфо] SputnikTaskID: 34414
[23:59:10] - [Инфо] comment id: 173585, task comment status: success
[23:59:10] - [Инфо] Сущность с ID: 3369 обработана на сервере.
[23:59:11] - [Инфо] Отправка данных в Спутник...
[23:59:11] - [Инфо] task status: success, task time status: success
[23:59:11] - [Инфо] SputnikTaskID: 34415
[23:59:11] - [Инфо] comment id: 173586, task comment status: success
[23:59:11] - [Инфо] Сущность с ID: 3370 обработана на сервере.
[23:59:11] - Записи 3371 не существует, пожалуйста исправьте ошибку[23:59:11] - [Инфо] Отправка данных в Спутник...
[23:59:11] - [Инфо] task status: success, task time status: success
[23:59:11] - [Инфо] SputnikTaskID: 34416
[23:59:11] - [Инфо] DEBUG: Записи 3371 не существует
[23:59:11] - Записи 3372 не существует, пожалуйста исправьте ошибку[23:59:11] - [Инфо] DEBUG: Записи 3372 не существует
[23:59:11] - [Инфо] comment id: 173587, task comment status: success
[23:59:12] - Записи 3373 не существует, пожалуйста исправьте ошибку[23:59:12] - [Инфо] comment id: 173588, task comment status: success
[23:59:12] - [Инфо] DEBUG: Записи 3373 не существует
[23:59:12] - Записи 3374 не существует, пожалуйста исправьте ошибку[23:59:12] - [Инфо] comment id: 173589, task comment status: success
[23:59:12] - [Инфо] DEBUG: Записи 3374 не существует
[23:59:12] - Записи 3375 не существует, пожалуйста исправьте ошибку[23:59:12] - [Инфо] DEBUG: Записи 3375 не существует
[23:59:12] - Записи 3376 не существует, пожалуйста исправьте ошибку[23:59:12] - [Инфо] DEBUG: Записи 3376 не существует
[23:59:12] - Записи 3377 не существует, пожалуйста исправьте ошибку[23:59:12] - [Инфо] DEBUG: Записи 3377 не существует
[23:59:12] - Записи 3378 не существует, пожалуйста исправьте ошибку[23:59:13] - [Инфо] DEBUG: Записи 3378 не существует
[23:59:13] - Записи 3379 не существует, пожалуйста исправьте ошибку[23:59:13] - [Инфо] DEBUG: Записи 3379 не существует
[23:59:13] - Записи 3380 не существует, пожалуйста исправьте ошибку[23:59:13] - [Инфо] DEBUG: Записи 3380 не существует
[23:59:13] - Записи 3381 не существует, пожалуйста исправьте ошибку[23:59:13] - [Инфо] DEBUG: Записи 3381 не существует
[23:59:13] - Записи 3382 не существует, пожалуйста исправьте ошибку[23:59:13] - [Инфо] DEBUG: Записи 3382 не существует
[23:59:13] - Записи 3383 не существует, пожалуйста исправьте ошибку[23:59:14] - [Инфо] DEBUG: Записи 3383 не существует
[23:59:14] - Записи 3384 не существует, пожалуйста исправьте ошибку[23:59:14] - [Инфо] DEBUG: Записи 3384 не существует
[23:59:14] - Записи 3385 не существует, пожалуйста исправьте ошибку[23:59:14] - [Инфо] DEBUG: Записи 3385 не существует
[23:59:14] - Записи 3386 не существует, пожалуйста исправьте ошибку[23:59:14] - [Инфо] DEBUG: Записи 3386 не существует
[23:59:14] - Записи 3387 не существует, пожалуйста исправьте ошибку[23:59:14] - [Инфо] DEBUG: Записи 3387 не существует
[23:59:14] - Записи 3388 не существует, пожалуйста исправьте ошибку[23:59:14] - [Инфо] DEBUG: Записи 3388 не существует
[23:59:14] - [Инфо] Начало автоматической выгрузки данных
[23:59:14] - [Инфо] Developer - Mkrtchyan Martun <mart@kassa26.ru>
[23:59:14] - [Инфо] [OkDesk] Файл: '2589-2589data.json' - уже существует в 'data/okdesk'
[23:59:15] - [Инфо] [LOG] Заявка не является завершенной (OkDesk ID: 2589) Пропуск...
[23:59:15] - [Инфо] Developer - Mkrtchyan Martun <mart@kassa26.ru>
[23:59:15] - [Инфо] [OkDesk] Файл: '2702-2702data.json' - уже существует в 'data/okdesk'
[23:59:15] - [Инфо] [LOG] Заявка не является завершенной (OkDesk ID: 2702) Пропуск...
[23:59:15] - [Инфо] Developer - Mkrtchyan Martun <mart@kassa26.ru>
[23:59:15] - [Инфо] [OkDesk] Файл: '2821-2821data.json' - уже существует в 'data/okdesk'
[23:59:15] - [Инфо] [LOG] Заявка не является завершенной (OkDesk ID: 2821) Пропуск...
[23:59:15] - [Инфо] Developer - Mkrtchyan Martun <mart@kassa26.ru>
[23:59:15] - [Инфо] [OkDesk] Файл: '2845-2845data.json' - уже существует в 'data/okdesk'
[23:59:16] - [Инфо] [LOG] Заявка не является завершенной (OkDesk ID: 2845) Пропуск...
[23:59:16] - [Инфо] Developer - Mkrtchyan Martun <mart@kassa26.ru>
[23:59:16] - [Инфо] [OkDesk] Файл: '3022-3022data.json' - уже существует в 'data/okdesk'
[23:59:16] - [Инфо] [LOG] Заявка не является завершенной (OkDesk ID: 3022) Пропуск...
[23:59:16] - [Инфо] Developer - Mkrtchyan Martun <mart@kassa26.ru>
[23:59:16] - [Инфо] [OkDesk] Файл: '3236-3236data.json' - уже существует в 'data/okdesk'
[23:59:17] - [Инфо] [LOG] Заявка не является завершенной (OkDesk ID: 3236) Пропуск...
[23:59:17] - [Инфо] Developer - Mkrtchyan Martun <mart@kassa26.ru>
[23:59:17] - [Инфо] [OkDesk] Файл: '3264-3264data.json' - уже существует в 'data/okdesk'
[23:59:17] - [Инфо] [LOG] Заявка не является завершенной (OkDesk ID: 3264) Пропуск...
[23:59:17] - [Инфо] Developer - Mkrtchyan Martun <mart@kassa26.ru>
[23:59:17] - [Инфо] [OkDesk] Файл: '3304-3304data.json' - уже существует в 'data/okdesk'
[23:59:17] - [Инфо] [LOG] Заявка не является завершенной (OkDesk ID: 3304) Пропуск...
[23:59:17] - [Инфо] Developer - Mkrtchyan Martun <mart@kassa26.ru>
[23:59:17] - [Инфо] [OkDesk] Файл: '3316-3316data.json' - уже существует в 'data/okdesk'
[23:59:18] - [Инфо] [LOG] Заявка не является завершенной (OkDesk ID: 3316) Пропуск...
[23:59:18] - [Инфо] Developer - Mkrtchyan Martun <mart@kassa26.ru>
[23:59:18] - [Инфо] [OkDesk] Файл: '3344-3344data.json' - уже существует в 'data/okdesk'
[23:59:18] - [Инфо] [LOG] Заявка не является завершенной (OkDesk ID: 3344) Пропуск...
[23:59:18] - [Инфо] Developer - Mkrtchyan Martun <mart@kassa26.ru>
[23:59:18] - [Инфо] [OkDesk] Файл: '3350-3350data.json' - уже существует в 'data/okdesk'
[23:59:18] - [Инфо] [LOG] Заявка не является завершенной (OkDesk ID: 3350) Пропуск...
[23:59:18] - [Инфо] Developer - Mkrtchyan Martun <mart@kassa26.ru>
[23:59:18] - [Инфо] [OkDesk] Файл: '3351-3351data.json' - уже существует в 'data/okdesk'
[23:59:19] - [Инфо] [LOG] Заявка не является завершенной (OkDesk ID: 3351) Пропуск...
[23:59:19] - [Инфо] Developer - Mkrtchyan Martun <mart@kassa26.ru>
[23:59:19] - [Инфо] [OkDesk] Файл: '3352-3352data.json' - уже существует в 'data/okdesk'
[23:59:19] - [Инфо] Сущность с ID: 3352 обработана на сервере.
[23:59:20] - [Инфо] Отправка данных в Спутник...
[23:59:20] - [Инфо] task status: success, task time status: success
[23:59:20] - [Инфо] SputnikTaskID: 34417
[23:59:20] - [Инфо] comment id: 173590, task comment status: success
