[23:59:4] - [Инфо] Начало цикла след. последовательности
[23:59:4] - [Инфо] Developer - Mkrtchyan Martun <mart@kassa26.ru>
[23:59:7] - Заявка уже была ранее выгружена. (OkDesk ID: 3043), пожалуйста исправьте ошибку[23:59:8] - [Инфо] Сущность с ID: 3044 обработана на сервере.
[23:59:8] - [Инфо] Отправка данных в Спутник...
[23:59:8] - [Инфо] task status: success, task time status: success
[23:59:8] - [Инфо] SputnikTaskID: 33910
[23:59:9] - [Инфо] Сущность с ID: 3045 обработана на сервере.
[23:59:9] - [Инфо] comment id: 170892, task comment status: success
[23:59:9] - [Инфо] Отправка данных в Спутник...
[23:59:9] - [Инфо] task status: success, task time status: success
[23:59:9] - [Инфо] SputnikTaskID: 33911
[23:59:9] - [Инфо] comment id: 170893, task comment status: success
[23:59:9] - [Инфо] Сущность с ID: 3046 обработана на сервере.
[23:59:9] - [Инфо] comment id: 170894, task comment status: success
[23:59:10] - [Инфо] Отправка данных в Спутник...
[23:59:10] - [Инфо] task status: success, task time status: success
[23:59:10] - [Инфо] SputnikTaskID: 33912
[23:59:10] - [Инфо] comment id: 170895, task comment status: success
[23:59:10] - [Инфо] comment id: 170896, task comment status: success
[23:59:10] - [Инфо] Сущность с ID: 3047 обработана на сервере.
[23:59:12] - [Инфо] Отправка данных в Спутник...
[23:59:12] - [Инфо] task status: success, task time status: success
[23:59:12] - [Инфо] SputnikTaskID: 33913
[23:59:12] - [Инфо] comment id: 170897, task comment status: success
[23:59:12] - [Инфо] comment id: 170898, task comment status: success
[23:59:12] - [Инфо] Сущность с ID: 3048 обработана на сервере.
[23:59:12] - [Инфо] Отправка данных в Спутник...
[23:59:12] - [Инфо] task status: success, task time status: success
[23:59:12] - [Инфо] SputnikTaskID: 33914
[23:59:12] - [Инфо] comment id: 170899, task comment status: success
[23:59:13] - [Инфо] Сущность с ID: 3049 обработана на сервере.
[23:59:13] - [Инфо] comment id: 170900, task comment status: success
[23:59:13] - [Инфо] Отправка данных в Спутник...
[23:59:13] - [Инфо] task status: success, task time status: success
[23:59:13] - [Инфо] SputnikTaskID: 33915
[23:59:13] - [Инфо] comment id: 170901, task comment status: success
[23:59:13] - [Инфо] comment id: 170902, task comment status: success
[23:59:13] - [Инфо] Сущность с ID: 3050 обработана на сервере.
[23:59:13] - [Инфо] Отправка данных в Спутник...
[23:59:13] - [Инфо] task status: success, task time status: success
[23:59:13] - [Инфо] SputnikTaskID: 33916
[23:59:14] - [Инфо] comment id: 170903, task comment status: success
[23:59:14] - [Инфо] Сущность с ID: 3051 обработана на сервере.
[23:59:14] - [Инфо] Отправка данных в Спутник...
[23:59:14] - [Инфо] task status: success, task time status: success
[23:59:14] - [Инфо] SputnikTaskID: 33917
[23:59:14] - [Инфо] comment id: 170904, task comment status: success
[23:59:14] - [Инфо] Сущность с ID: 3052 обработана на сервере.
[23:59:15] - [Инфо] Отправка данных в Спутник...
[23:59:15] - [Инфо] task status: success, task time status: success
[23:59:15] - [Инфо] SputnikTaskID: 33918
[23:59:15] - [Инфо] comment id: 170905, task comment status: success
[23:59:15] - [Инфо] comment id: 170906, task comment status: success
[23:59:15] - [Инфо] Сущность с ID: 3053 обработана на сервере.
[23:59:15] - [Инфо] Отправка данных в Спутник...
[23:59:15] - [Инфо] task status: success, task time status: success
[23:59:15] - [Инфо] SputnikTaskID: 33919
[23:59:15] - [Инфо] comment id: 170907, task comment status: success
[23:59:16] - [Инфо] comment id: 170908, task comment status: success
[23:59:16] - [Инфо] Сущность с ID: 3054 обработана на сервере.
[23:59:16] - [Инфо] comment id: 170909, task comment status: success
[23:59:16] - [Инфо] Отправка данных в Спутник...
[23:59:16] - [Инфо] task status: success, task time status: success
[23:59:16] - [Инфо] SputnikTaskID: 33920
[23:59:16] - [Инфо] comment id: 170910, task comment status: success
[23:59:16] - [Инфо] comment id: 170911, task comment status: success
[23:59:16] - [Инфо] comment id: 170912, task comment status: success
[23:59:16] - [Инфо] Сущность с ID: 3055 обработана на сервере.
[23:59:16] - [Инфо] comment id: 170913, task comment status: success
[23:59:16] - [Инфо] comment id: 170914, task comment status: success
[23:59:17] - [Инфо] comment id: 170915, task comment status: success
[23:59:17] - [Инфо] Отправка данных в Спутник...
[23:59:17] - [Инфо] task status: success, task time status: success
[23:59:17] - [Инфо] SputnikTaskID: 33921
[23:59:17] - [Инфо] comment id: 170916, task comment status: success
[23:59:17] - [Инфо] comment id: 170917, task comment status: success
[23:59:17] - [Инфо] 3056
[23:59:17] - [Инфо] [LOG] Заявка не является завершенной (OkDesk ID: 3056) Пропуск...
[23:59:17] - [Инфо] comment id: 170918, task comment status: success
[23:59:17] - [Инфо] comment id: 170919, task comment status: success
[23:59:17] - [Инфо] comment id: 170920, task comment status: success
[23:59:17] - [Инфо] comment id: 170921, task comment status: success
[23:59:17] - [Инфо] Сущность с ID: 3057 обработана на сервере.
[23:59:18] - [Инфо] Отправка данных в Спутник...
[23:59:18] - [Инфо] task status: success, task time status: success
[23:59:18] - [Инфо] SputnikTaskID: 33922
[23:59:18] - [Инфо] comment id: 170922, task comment status: success
[23:59:18] - [Инфо] Сущность с ID: 3058 обработана на сервере.
[23:59:18] - [Инфо] Отправка данных в Спутник...
[23:59:18] - [Инфо] task status: success, task time status: success
[23:59:18] - [Инфо] SputnikTaskID: 33923
[23:59:18] - [Инфо] comment id: 170923, task comment status: success
[23:59:19] - [Инфо] Сущность с ID: 3059 обработана на сервере.
[23:59:19] - [Инфо] Отправка данных в Спутник...
[23:59:19] - [Инфо] task status: success, task time status: success
[23:59:19] - [Инфо] SputnikTaskID: 33924
[23:59:19] - [Инфо] 3060
[23:59:19] - [Инфо] [LOG] Заявка не является завершенной (OkDesk ID: 3060) Пропуск...
[23:59:19] - [Инфо] comment id: 170924, task comment status: success
[23:59:19] - Записи 3061 не существует, пожалуйста исправьте ошибку[23:59:19] - [Инфо] DEBUG: Записи 3061 не существует
[23:59:19] - Записи 3062 не существует, пожалуйста исправьте ошибку[23:59:19] - [Инфо] DEBUG: Записи 3062 не существует
[23:59:19] - Записи 3063 не существует, пожалуйста исправьте ошибку[23:59:20] - [Инфо] DEBUG: Записи 3063 не существует
[23:59:20] - Записи 3064 не существует, пожалуйста исправьте ошибку[23:59:20] - [Инфо] DEBUG: Записи 3064 не существует
[23:59:20] - Записи 3065 не существует, пожалуйста исправьте ошибку[23:59:20] - [Инфо] DEBUG: Записи 3065 не существует
[23:59:20] - Записи 3066 не существует, пожалуйста исправьте ошибку[23:59:20] - [Инфо] DEBUG: Записи 3066 не существует
[23:59:20] - Записи 3067 не существует, пожалуйста исправьте ошибку[23:59:20] - [Инфо] DEBUG: Записи 3067 не существует
[23:59:20] - Записи 3068 не существует, пожалуйста исправьте ошибку[23:59:20] - [Инфо] DEBUG: Записи 3068 не существует
[23:59:20] - [Инфо] Начало автоматической выгрузки данных
[23:59:20] - [Инфо] Developer - Mkrtchyan Martun <mart@kassa26.ru>
[23:59:20] - [Инфо] [OkDesk] Файл: '2563-2563data.json' - уже существует в 'data/okdesk'
[23:59:21] - [Инфо] [LOG] Заявка не является завершенной (OkDesk ID: 2563) Пропуск...
[23:59:21] - [Инфо] Developer - Mkrtchyan Martun <mart@kassa26.ru>
[23:59:21] - [Инфо] [OkDesk] Файл: '2589-2589data.json' - уже существует в 'data/okdesk'
[23:59:21] - [Инфо] [LOG] Заявка не является завершенной (OkDesk ID: 2589) Пропуск...
[23:59:21] - [Инфо] Developer - Mkrtchyan Martun <mart@kassa26.ru>
[23:59:21] - [Инфо] [OkDesk] Файл: '2625-2625data.json' - уже существует в 'data/okdesk'
[23:59:21] - [Инфо] [LOG] Заявка не является завершенной (OkDesk ID: 2625) Пропуск...
[23:59:21] - [Инфо] Developer - Mkrtchyan Martun <mart@kassa26.ru>
[23:59:21] - [Инфо] [OkDesk] Файл: '2685-2685data.json' - уже существует в 'data/okdesk'
[23:59:22] - [Инфо] [LOG] Заявка не является завершенной (OkDesk ID: 2685) Пропуск...
[23:59:22] - [Инфо] Developer - Mkrtchyan Martun <mart@kassa26.ru>
[23:59:22] - [Инфо] [OkDesk] Файл: '2702-2702data.json' - уже существует в 'data/okdesk'
[23:59:22] - [Инфо] [LOG] Заявка не является завершенной (OkDesk ID: 2702) Пропуск...
[23:59:22] - [Инфо] Developer - Mkrtchyan Martun <mart@kassa26.ru>
[23:59:22] - [Инфо] [OkDesk] Файл: '2821-2821data.json' - уже существует в 'data/okdesk'
[23:59:23] - [Инфо] [LOG] Заявка не является завершенной (OkDesk ID: 2821) Пропуск...
[23:59:23] - [Инфо] Developer - Mkrtchyan Martun <mart@kassa26.ru>
[23:59:23] - [Инфо] [OkDesk] Файл: '2845-2845data.json' - уже существует в 'data/okdesk'
[23:59:23] - [Инфо] [LOG] Заявка не является завершенной (OkDesk ID: 2845) Пропуск...
[23:59:23] - [Инфо] Developer - Mkrtchyan Martun <mart@kassa26.ru>
[23:59:23] - [Инфо] [OkDesk] Файл: '2896-2896data.json' - уже существует в 'data/okdesk'
[23:59:23] - [Инфо] Сущность с ID: 2896 обработана на сервере.
[23:59:23] - [Инфо] Developer - Mkrtchyan Martun <mart@kassa26.ru>
[23:59:23] - [Инфо] [OkDesk] Файл: '2926-2926data.json' - уже существует в 'data/okdesk'
[23:59:23] - [Инфо] Отправка данных в Спутник...
[23:59:23] - [Инфо] task status: success, task time status: success
[23:59:23] - [Инфо] SputnikTaskID: 33925
[23:59:24] - [Инфо] [LOG] Заявка не является завершенной (OkDesk ID: 2926) Пропуск...
[23:59:24] - [Инфо] Developer - Mkrtchyan Martun <mart@kassa26.ru>
[23:59:24] - [Инфо] [OkDesk] Файл: '2987-2987data.json' - уже существует в 'data/okdesk'
[23:59:24] - [Инфо] comment id: 170925, task comment status: success
[23:59:24] - [Инфо] [LOG] Заявка не является завершенной (OkDesk ID: 2987) Пропуск...
[23:59:24] - [Инфо] Developer - Mkrtchyan Martun <mart@kassa26.ru>
[23:59:24] - [Инфо] [OkDesk] Файл: '3022-3022data.json' - уже существует в 'data/okdesk'
[23:59:24] - [Инфо] [LOG] Заявка не является завершенной (OkDesk ID: 3022) Пропуск...
[23:59:24] - [Инфо] Developer - Mkrtchyan Martun <mart@kassa26.ru>
[23:59:25] - [Инфо] [LOG] Заявка не является завершенной (OkDesk ID: 3031) Пропуск...
[23:59:25] - [Инфо] Developer - Mkrtchyan Martun <mart@kassa26.ru>
[23:59:25] - [Инфо] [LOG] Заявка не является завершенной (OkDesk ID: 3036) Пропуск...
