[23:59:1] - [Инфо] Начало цикла след. последовательности
[23:59:1] - [Инфо] Developer - Mkrtchyan Martun <mart@kassa26.ru>
[23:59:1] - Заявка уже была ранее выгружена. (OkDesk ID: 2468), пожалуйста исправьте ошибку[23:59:2] - [Инфо] Сущность с ID: 2469 обработана на сервере.
[23:59:3] - [Инфо] Отправка данных в Спутник...
[23:59:3] - [Инфо] task status: success, task time status: success
[23:59:3] - [Инфо] SputnikTaskID: 32746
[23:59:3] - [Инфо] comment id: 164840, task comment status: success
[23:59:3] - [Инфо] Сущность с ID: 2470 обработана на сервере.
[23:59:3] - [Инфо] comment id: 164841, task comment status: success
[23:59:3] - [Инфо] Отправка данных в Спутник...
[23:59:3] - [Инфо] task status: success, task time status: success
[23:59:3] - [Инфо] SputnikTaskID: 32747
[23:59:4] - [Инфо] Сущность с ID: 2471 обработана на сервере.
[23:59:4] - [Инфо] comment id: 164842, task comment status: success
[23:59:4] - [Инфо] Отправка данных в Спутник...
[23:59:4] - [Инфо] task status: success, task time status: success
[23:59:4] - [Инфо] SputnikTaskID: 32748
[23:59:4] - [Инфо] comment id: 164843, task comment status: success
[23:59:4] - [Инфо] 2472
[23:59:4] - [Инфо] [LOG] Заявка не является завершенной (OkDesk ID: 2472) Пропуск...
[23:59:4] - [Инфо] comment id: 164844, task comment status: success
[23:59:4] - [Инфо] comment id: 164845, task comment status: success
[23:59:5] - [Инфо] comment id: 164846, task comment status: success
[23:59:5] - [Инфо] Сущность с ID: 2473 обработана на сервере.
[23:59:5] - [Инфо] Отправка данных в Спутник...
[23:59:5] - [Инфо] task status: success, task time status: success
[23:59:5] - [Инфо] SputnikTaskID: 32749
[23:59:5] - [Инфо] comment id: 164847, task comment status: success
[23:59:5] - [Инфо] Сущность с ID: 2474 обработана на сервере.
[23:59:5] - [Инфо] comment id: 164848, task comment status: success
[23:59:6] - [Инфо] Отправка данных в Спутник...
[23:59:6] - [Инфо] task status: success, task time status: success
[23:59:6] - [Инфо] SputnikTaskID: 32750
[23:59:6] - [Инфо] comment id: 164849, task comment status: success
[23:59:6] - [Инфо] comment id: 164850, task comment status: success
[23:59:6] - [Инфо] Сущность с ID: 2475 обработана на сервере.
[23:59:6] - [Инфо] Отправка данных в Спутник...
[23:59:6] - [Инфо] task status: success, task time status: success
[23:59:6] - [Инфо] SputnikTaskID: 32751
[23:59:6] - [Инфо] comment id: 164851, task comment status: success
[23:59:6] - [Инфо] Сущность с ID: 2476 обработана на сервере.
[23:59:7] - [Инфо] Отправка данных в Спутник...
[23:59:7] - [Инфо] task status: success, task time status: success
[23:59:7] - [Инфо] SputnikTaskID: 32752
[23:59:7] - [Инфо] comment id: 164852, task comment status: success
[23:59:7] - [Инфо] Сущность с ID: 2477 обработана на сервере.
[23:59:7] - [Инфо] comment id: 164853, task comment status: success
[23:59:7] - [Инфо] Отправка данных в Спутник...
[23:59:7] - [Инфо] task status: success, task time status: success
[23:59:7] - [Инфо] SputnikTaskID: 32753
[23:59:7] - [Инфо] comment id: 164854, task comment status: success
[23:59:7] - [Инфо] comment id: 164855, task comment status: success
[23:59:7] - [Инфо] comment id: 164856, task comment status: success
[23:59:7] - [Инфо] Сущность с ID: 2478 обработана на сервере.
[23:59:8] - [Инфо] Отправка данных в Спутник...
[23:59:8] - [Инфо] task status: success, task time status: success
[23:59:8] - [Инфо] SputnikTaskID: 32754
[23:59:8] - [Инфо] comment id: 164857, task comment status: success
[23:59:8] - [Инфо] Сущность с ID: 2479 обработана на сервере.
[23:59:8] - [Инфо] Отправка данных в Спутник...
[23:59:8] - [Инфо] task status: success, task time status: success
[23:59:8] - [Инфо] SputnikTaskID: 32755
[23:59:8] - [Инфо] comment id: 164858, task comment status: success
[23:59:9] - [Инфо] Сущность с ID: 2480 обработана на сервере.
[23:59:9] - [Инфо] Отправка данных в Спутник...
[23:59:9] - [Инфо] task status: success, task time status: success
[23:59:9] - [Инфо] SputnikTaskID: 32756
[23:59:9] - [Инфо] comment id: 164859, task comment status: success
[23:59:9] - [Инфо] Сущность с ID: 2481 обработана на сервере.
[23:59:9] - [Инфо] Отправка данных в Спутник...
[23:59:9] - [Инфо] task status: success, task time status: success
[23:59:9] - [Инфо] SputnikTaskID: 32757
[23:59:10] - [Инфо] comment id: 164860, task comment status: success
[23:59:10] - [Инфо] Сущность с ID: 2482 обработана на сервере.
[23:59:10] - [Инфо] Отправка данных в Спутник...
[23:59:10] - [Инфо] task status: success, task time status: success
[23:59:10] - [Инфо] SputnikTaskID: 32758
[23:59:10] - [Инфо] comment id: 164861, task comment status: success
[23:59:10] - [Инфо] Сущность с ID: 2483 обработана на сервере.
[23:59:10] - [Инфо] Отправка данных в Спутник...
[23:59:10] - [Инфо] task status: success, task time status: success
[23:59:10] - [Инфо] SputnikTaskID: 32759
[23:59:11] - [Инфо] 2484
[23:59:11] - [Инфо] [LOG] Заявка не является завершенной (OkDesk ID: 2484) Пропуск...
[23:59:11] - [Инфо] comment id: 164862, task comment status: success
[23:59:11] - [Инфо] 2485
[23:59:11] - [Инфо] [LOG] Заявка не является завершенной (OkDesk ID: 2485) Пропуск...
[23:59:11] - Записи 2486 не существует, пожалуйста исправьте ошибку[23:59:11] - [Инфо] DEBUG: Записи 2486 не существует
[23:59:11] - Записи 2487 не существует, пожалуйста исправьте ошибку[23:59:11] - [Инфо] DEBUG: Записи 2487 не существует
[23:59:11] - Записи 2488 не существует, пожалуйста исправьте ошибку[23:59:12] - [Инфо] DEBUG: Записи 2488 не существует
[23:59:12] - Записи 2489 не существует, пожалуйста исправьте ошибку[23:59:12] - [Инфо] DEBUG: Записи 2489 не существует
[23:59:12] - Записи 2490 не существует, пожалуйста исправьте ошибку[23:59:12] - [Инфо] DEBUG: Записи 2490 не существует
[23:59:12] - Записи 2491 не существует, пожалуйста исправьте ошибку[23:59:12] - [Инфо] DEBUG: Записи 2491 не существует
[23:59:12] - Записи 2492 не существует, пожалуйста исправьте ошибку[23:59:12] - [Инфо] DEBUG: Записи 2492 не существует
[23:59:12] - Записи 2493 не существует, пожалуйста исправьте ошибку[23:59:12] - [Инфо] DEBUG: Записи 2493 не существует
[23:59:12] - [Инфо] Начало автоматической выгрузки данных
[23:59:12] - [Инфо] Developer - Mkrtchyan Martun <mart@kassa26.ru>
[23:59:12] - [Инфо] [OkDesk] Файл: '2369-2369data.json' - уже существует в 'data/okdesk'
[23:59:13] - [Инфо] [LOG] Заявка не является завершенной (OkDesk ID: 2369) Пропуск...
[23:59:13] - [Инфо] Developer - Mkrtchyan Martun <mart@kassa26.ru>
[23:59:13] - [Инфо] [OkDesk] Файл: '2446-2446data.json' - уже существует в 'data/okdesk'
[23:59:13] - [Инфо] [LOG] Заявка не является завершенной (OkDesk ID: 2446) Пропуск...
[23:59:13] - [Инфо] Developer - Mkrtchyan Martun <mart@kassa26.ru>
[23:59:13] - [Инфо] [LOG] Заявка не является завершенной (OkDesk ID: 2463) Пропуск...
[23:59:13] - [Инфо] Developer - Mkrtchyan Martun <mart@kassa26.ru>
[23:59:14] - [Инфо] Сущность с ID: 2466 обработана на сервере.
[23:59:14] - [Инфо] Developer - Mkrtchyan Martun <mart@kassa26.ru>
[23:59:14] - [Инфо] Отправка данных в Спутник...
[23:59:14] - [Инфо] task status: success, task time status: success
[23:59:14] - [Инфо] SputnikTaskID: 32760
[23:59:14] - [Инфо] comment id: 164863, task comment status: success
[23:59:14] - Заявка уже была ранее выгружена. (OkDesk ID: 2469), пожалуйста исправьте ошибку