[23:59:1] - [Инфо] Начало цикла след. последовательности
[23:59:1] - [Инфо] Developer - Mkrtchyan Martun <mart@kassa26.ru>
[23:59:2] - Заявка уже была ранее выгружена. (OkDesk ID: 2123), пожалуйста исправьте ошибку[23:59:2] - [Инфо] Сущность с ID: 2124 обработана на сервере.
[23:59:3] - [Инфо] Отправка данных в Спутник...
[23:59:3] - [Инфо] task status: success, task time status: success
[23:59:3] - [Инфо] SputnikTaskID: 32197
[23:59:3] - [Инфо] Сущность с ID: 2125 обработана на сервере.
[23:59:3] - [Инфо] Отправка данных в Спутник...
[23:59:3] - [Инфо] task status: success, task time status: success
[23:59:3] - [Инфо] SputnikTaskID: 32198
[23:59:3] - [Инфо] comment id: 162392, task comment status: success
[23:59:3] - [Инфо] Сущность с ID: 2126 обработана на сервере.
[23:59:3] - [Инфо] comment id: 162393, task comment status: success
[23:59:3] - [Инфо] comment id: 162394, task comment status: success
[23:59:4] - [Инфо] Отправка данных в Спутник...
[23:59:4] - [Инфо] task status: success, task time status: success
[23:59:4] - [Инфо] SputnikTaskID: 32199
[23:59:4] - [Инфо] comment id: 162395, task comment status: success
[23:59:4] - [Инфо] Сущность с ID: 2127 обработана на сервере.
[23:59:4] - [Инфо] Отправка данных в Спутник...
[23:59:4] - [Инфо] task status: success, task time status: success
[23:59:4] - [Инфо] SputnikTaskID: 32200
[23:59:4] - [Инфо] 2128
[23:59:4] - [Инфо] [LOG] Заявка не является завершенной (OkDesk ID: 2128) Пропуск...
[23:59:4] - [Инфо] comment id: 162396, task comment status: success
[23:59:4] - Записи 2129 не существует, пожалуйста исправьте ошибку[23:59:4] - [Инфо] Начало автоматической выгрузки данных
[23:59:4] - [Инфо] Developer - Mkrtchyan Martun <mart@kassa26.ru>
[23:59:4] - [Инфо] [OkDesk] Файл: '1197-1197data.json' - уже существует в 'data/okdesk'
[23:59:4] - [Инфо] comment id: 162397, task comment status: success
[23:59:5] - [Инфо] [LOG] Заявка не является завершенной (OkDesk ID: 1197) Пропуск...
[23:59:5] - [Инфо] Developer - Mkrtchyan Martun <mart@kassa26.ru>
[23:59:5] - [Инфо] [OkDesk] Файл: '2062-2062data.json' - уже существует в 'data/okdesk'
[23:59:5] - [Инфо] [LOG] Заявка не является завершенной (OkDesk ID: 2062) Пропуск...
[23:59:5] - [Инфо] Developer - Mkrtchyan Martun <mart@kassa26.ru>
[23:59:5] - [Инфо] [OkDesk] Файл: '2097-2097data.json' - уже существует в 'data/okdesk'
[23:59:5] - Записи 2097 не существует, пожалуйста исправьте ошибку[23:59:5] - Записи 2097 не существует, пожалуйста исправьте ошибку