[23:59:2] - [Инфо] Начало цикла след. последовательности
[23:59:2] - [Инфо] Developer - Mkrtchyan Martun <mart@kassa26.ru>
[23:59:4] - Заявка уже была ранее выгружена. (OkDesk ID: 2761), пожалуйста исправьте ошибку[23:59:4] - [Инфо] Сущность с ID: 2762 обработана на сервере.
[23:59:5] - [Инфо] Отправка данных в Спутник...
[23:59:5] - [Инфо] task status: success, task time status: success
[23:59:5] - [Инфо] SputnikTaskID: 33315
[23:59:5] - [Инфо] Сущность с ID: 2763 обработана на сервере.
[23:59:5] - [Инфо] comment id: 167862, task comment status: success
[23:59:5] - [Инфо] Отправка данных в Спутник...
[23:59:5] - [Инфо] task status: success, task time status: success
[23:59:5] - [Инфо] SputnikTaskID: 33316
[23:59:5] - [Инфо] comment id: 167863, task comment status: success
[23:59:5] - [Инфо] 2764
[23:59:5] - [Инфо] [LOG] Заявка не является завершенной (OkDesk ID: 2764) Пропуск...
[23:59:5] - [Инфо] comment id: 167864, task comment status: success
[23:59:6] - [Инфо] Сущность с ID: 2765 обработана на сервере.
[23:59:6] - [Инфо] Отправка данных в Спутник...
[23:59:6] - [Инфо] task status: success, task time status: success
[23:59:6] - [Инфо] SputnikTaskID: 33317
[23:59:6] - [Инфо] comment id: 167865, task comment status: success
[23:59:7] - [Инфо] comment id: 167866, task comment status: success
[23:59:7] - [Инфо] Сущность с ID: 2766 обработана на сервере.
[23:59:7] - [Инфо] Отправка данных в Спутник...
[23:59:7] - [Инфо] task status: success, task time status: success
[23:59:7] - [Инфо] SputnikTaskID: 33318
[23:59:7] - [Инфо] comment id: 167867, task comment status: success
[23:59:7] - [Инфо] Сущность с ID: 2767 обработана на сервере.
[23:59:7] - [Инфо] Отправка данных в Спутник...
[23:59:7] - [Инфо] task status: success, task time status: success
[23:59:7] - [Инфо] SputnikTaskID: 33319
[23:59:8] - [Инфо] comment id: 167868, task comment status: success
[23:59:8] - [Инфо] Сущность с ID: 2768 обработана на сервере.
[23:59:8] - [Инфо] Отправка данных в Спутник...
[23:59:8] - [Инфо] task status: success, task time status: success
[23:59:8] - [Инфо] SputnikTaskID: 33320
[23:59:8] - [Инфо] comment id: 167869, task comment status: success
[23:59:8] - [Инфо] Сущность с ID: 2769 обработана на сервере.
[23:59:8] - [Инфо] comment id: 167870, task comment status: success
[23:59:9] - [Инфо] Отправка данных в Спутник...
[23:59:9] - [Инфо] task status: success, task time status: success
[23:59:9] - [Инфо] SputnikTaskID: 33321
[23:59:9] - [Инфо] comment id: 167871, task comment status: success
[23:59:9] - [Инфо] Сущность с ID: 2770 обработана на сервере.
[23:59:9] - [Инфо] comment id: 167872, task comment status: success
[23:59:9] - [Инфо] Отправка данных в Спутник...
[23:59:9] - [Инфо] task status: success, task time status: success
[23:59:9] - [Инфо] SputnikTaskID: 33322
[23:59:9] - [Инфо] comment id: 167873, task comment status: success
[23:59:9] - [Инфо] 2771
[23:59:9] - [Инфо] [LOG] Заявка не является завершенной (OkDesk ID: 2771) Пропуск...
[23:59:10] - [Инфо] Сущность с ID: 2772 обработана на сервере.
[23:59:10] - Записи 2773 не существует, пожалуйста исправьте ошибку[23:59:10] - [Инфо] Отправка данных в Спутник...
[23:59:10] - [Инфо] task status: success, task time status: success
[23:59:10] - [Инфо] SputnikTaskID: 33323
[23:59:10] - [Инфо] DEBUG: Записи 2773 не существует
[23:59:10] - Записи 2774 не существует, пожалуйста исправьте ошибку[23:59:10] - [Инфо] DEBUG: Записи 2774 не существует
[23:59:10] - [Инфо] comment id: 167874, task comment status: success
[23:59:10] - Записи 2775 не существует, пожалуйста исправьте ошибку[23:59:10] - [Инфо] comment id: 167875, task comment status: success
[23:59:10] - [Инфо] DEBUG: Записи 2775 не существует
[23:59:10] - Записи 2776 не существует, пожалуйста исправьте ошибку[23:59:11] - [Инфо] comment id: 167876, task comment status: success
[23:59:11] - [Инфо] DEBUG: Записи 2776 не существует
[23:59:11] - Записи 2777 не существует, пожалуйста исправьте ошибку[23:59:11] - [Инфо] DEBUG: Записи 2777 не существует
[23:59:11] - Записи 2778 не существует, пожалуйста исправьте ошибку[23:59:11] - [Инфо] DEBUG: Записи 2778 не существует
[23:59:11] - Записи 2779 не существует, пожалуйста исправьте ошибку[23:59:11] - [Инфо] DEBUG: Записи 2779 не существует
[23:59:11] - Записи 2780 не существует, пожалуйста исправьте ошибку[23:59:11] - [Инфо] DEBUG: Записи 2780 не существует
[23:59:11] - Записи 2781 не существует, пожалуйста исправьте ошибку[23:59:11] - [Инфо] DEBUG: Записи 2781 не существует
[23:59:12] - Записи 2782 не существует, пожалуйста исправьте ошибку[23:59:12] - [Инфо] DEBUG: Записи 2782 не существует
[23:59:12] - Записи 2783 не существует, пожалуйста исправьте ошибку[23:59:12] - [Инфо] DEBUG: Записи 2783 не существует
[23:59:12] - Записи 2784 не существует, пожалуйста исправьте ошибку[23:59:12] - [Инфо] DEBUG: Записи 2784 не существует
[23:59:12] - Записи 2785 не существует, пожалуйста исправьте ошибку[23:59:12] - [Инфо] DEBUG: Записи 2785 не существует
[23:59:12] - Записи 2786 не существует, пожалуйста исправьте ошибку[23:59:12] - [Инфо] DEBUG: Записи 2786 не существует
[23:59:12] - [Инфо] Начало автоматической выгрузки данных
[23:59:12] - [Инфо] Developer - Mkrtchyan Martun <mart@kassa26.ru>
[23:59:12] - [Инфо] [OkDesk] Файл: '2563-2563data.json' - уже существует в 'data/okdesk'
[23:59:13] - [Инфо] [LOG] Заявка не является завершенной (OkDesk ID: 2563) Пропуск...
[23:59:13] - [Инфо] Developer - Mkrtchyan Martun <mart@kassa26.ru>
[23:59:13] - [Инфо] [OkDesk] Файл: '2589-2589data.json' - уже существует в 'data/okdesk'
[23:59:13] - [Инфо] [LOG] Заявка не является завершенной (OkDesk ID: 2589) Пропуск...
[23:59:13] - [Инфо] Developer - Mkrtchyan Martun <mart@kassa26.ru>
[23:59:13] - [Инфо] [OkDesk] Файл: '2625-2625data.json' - уже существует в 'data/okdesk'
[23:59:13] - [Инфо] [LOG] Заявка не является завершенной (OkDesk ID: 2625) Пропуск...
[23:59:13] - [Инфо] Developer - Mkrtchyan Martun <mart@kassa26.ru>
[23:59:13] - [Инфо] [OkDesk] Файл: '2685-2685data.json' - уже существует в 'data/okdesk'
[23:59:14] - [Инфо] [LOG] Заявка не является завершенной (OkDesk ID: 2685) Пропуск...
[23:59:14] - [Инфо] Developer - Mkrtchyan Martun <mart@kassa26.ru>
[23:59:14] - [Инфо] [OkDesk] Файл: '2702-2702data.json' - уже существует в 'data/okdesk'
[23:59:14] - [Инфо] [LOG] Заявка не является завершенной (OkDesk ID: 2702) Пропуск...
