[23:59:2] - [Инфо] Начало цикла след. последовательности
[23:59:2] - [Инфо] Developer - Mkrtchyan Martun <mart@kassa26.ru>
[23:59:3] - Заявка уже была ранее выгружена. (OkDesk ID: 3370), пожалуйста исправьте ошибку[23:59:3] - [Инфо] 3371
[23:59:3] - [Инфо] [LOG] Заявка не является завершенной (OkDesk ID: 3371) Пропуск...
[23:59:4] - [Инфо] Сущность с ID: 3372 обработана на сервере.
[23:59:4] - [Инфо] Отправка данных в Спутник...
[23:59:4] - [Инфо] task status: success, task time status: success
[23:59:4] - [Инфо] SputnikTaskID: 34418
[23:59:5] - [Инфо] Сущность с ID: 3373 обработана на сервере.
[23:59:5] - [Инфо] comment id: 173591, task comment status: success
[23:59:5] - [Инфо] Сущность с ID: 3374 обработана на сервере.
[23:59:6] - [Инфо] Сущность с ID: 3375 обработана на сервере.
[23:59:7] - [Инфо] Сущность с ID: 3376 обработана на сервере.
[23:59:7] - [Инфо] Отправка данных в Спутник...
[23:59:7] - [Инфо] task status: success, task time status: success
[23:59:7] - [Инфо] SputnikTaskID: 34419
[23:59:7] - [Инфо] Отправка данных в Спутник...
[23:59:7] - [Инфо] task status: success, task time status: success
[23:59:7] - [Инфо] SputnikTaskID: 34420
[23:59:7] - [Инфо] Отправка данных в Спутник...
[23:59:7] - [Инфо] task status: success, task time status: success
[23:59:7] - [Инфо] SputnikTaskID: 34421
[23:59:7] - [Инфо] Отправка данных в Спутник...
[23:59:7] - [Инфо] task status: success, task time status: success
[23:59:7] - [Инфо] SputnikTaskID: 34422
[23:59:7] - [Инфо] comment id: 173592, task comment status: success
[23:59:7] - [Инфо] comment id: 173593, task comment status: success
[23:59:7] - [Инфо] comment id: 173594, task comment status: success
[23:59:7] - [Инфо] comment id: 173595, task comment status: success
[23:59:7] - [Инфо] comment id: 173596, task comment status: success
[23:59:7] - [Инфо] comment id: 173597, task comment status: success
[23:59:7] - [Инфо] comment id: 173598, task comment status: success
[23:59:7] - [Инфо] Сущность с ID: 3377 обработана на сервере.
[23:59:7] - [Инфо] comment id: 173599, task comment status: success
[23:59:7] - Записи 3378 не существует, пожалуйста исправьте ошибку[23:59:7] - [Инфо] comment id: 173600, task comment status: success
[23:59:7] - [Инфо] DEBUG: Записи 3378 не существует
[23:59:7] - [Инфо] Отправка данных в Спутник...
[23:59:7] - [Инфо] task status: success, task time status: success
[23:59:7] - [Инфо] SputnikTaskID: 34423
[23:59:7] - [Инфо] comment id: 173601, task comment status: success
[23:59:8] - Записи 3379 не существует, пожалуйста исправьте ошибку[23:59:8] - [Инфо] comment id: 173602, task comment status: success
[23:59:8] - [Инфо] DEBUG: Записи 3379 не существует
[23:59:8] - [Инфо] comment id: 173603, task comment status: success
[23:59:8] - Записи 3380 не существует, пожалуйста исправьте ошибку[23:59:8] - [Инфо] comment id: 173604, task comment status: success
[23:59:8] - [Инфо] DEBUG: Записи 3380 не существует
[23:59:8] - Записи 3381 не существует, пожалуйста исправьте ошибку[23:59:8] - [Инфо] comment id: 173605, task comment status: success
[23:59:8] - [Инфо] DEBUG: Записи 3381 не существует
[23:59:8] - Записи 3382 не существует, пожалуйста исправьте ошибку[23:59:8] - [Инфо] comment id: 173606, task comment status: success
[23:59:8] - [Инфо] comment id: 173607, task comment status: success
[23:59:8] - [Инфо] DEBUG: Записи 3382 не существует
[23:59:8] - Записи 3383 не существует, пожалуйста исправьте ошибку[23:59:8] - [Инфо] DEBUG: Записи 3383 не существует
[23:59:9] - Записи 3384 не существует, пожалуйста исправьте ошибку[23:59:9] - [Инфо] DEBUG: Записи 3384 не существует
[23:59:9] - Записи 3385 не существует, пожалуйста исправьте ошибку[23:59:9] - [Инфо] DEBUG: Записи 3385 не существует
[23:59:9] - Записи 3386 не существует, пожалуйста исправьте ошибку[23:59:9] - [Инфо] DEBUG: Записи 3386 не существует
[23:59:9] - Записи 3387 не существует, пожалуйста исправьте ошибку[23:59:9] - [Инфо] DEBUG: Записи 3387 не существует
[23:59:9] - Записи 3388 не существует, пожалуйста исправьте ошибку[23:59:9] - [Инфо] DEBUG: Записи 3388 не существует
[23:59:10] - Записи 3389 не существует, пожалуйста исправьте ошибку[23:59:10] - [Инфо] DEBUG: Записи 3389 не существует
[23:59:10] - Записи 3390 не существует, пожалуйста исправьте ошибку[23:59:10] - [Инфо] DEBUG: Записи 3390 не существует
[23:59:10] - Записи 3391 не существует, пожалуйста исправьте ошибку[23:59:10] - [Инфо] DEBUG: Записи 3391 не существует
[23:59:10] - Записи 3392 не существует, пожалуйста исправьте ошибку[23:59:10] - [Инфо] DEBUG: Записи 3392 не существует
[23:59:10] - Записи 3393 не существует, пожалуйста исправьте ошибку[23:59:10] - [Инфо] DEBUG: Записи 3393 не существует
[23:59:11] - Записи 3394 не существует, пожалуйста исправьте ошибку[23:59:11] - [Инфо] DEBUG: Записи 3394 не существует
[23:59:11] - Записи 3395 не существует, пожалуйста исправьте ошибку[23:59:11] - [Инфо] DEBUG: Записи 3395 не существует
[23:59:11] - [Инфо] Начало автоматической выгрузки данных
[23:59:11] - [Инфо] Developer - Mkrtchyan Martun <mart@kassa26.ru>
[23:59:11] - [Инфо] [OkDesk] Файл: '2589-2589data.json' - уже существует в 'data/okdesk'
[23:59:11] - [Инфо] [LOG] Заявка не является завершенной (OkDesk ID: 2589) Пропуск...
[23:59:11] - [Инфо] Developer - Mkrtchyan Martun <mart@kassa26.ru>
[23:59:11] - [Инфо] [OkDesk] Файл: '2702-2702data.json' - уже существует в 'data/okdesk'
[23:59:12] - [Инфо] [LOG] Заявка не является завершенной (OkDesk ID: 2702) Пропуск...
[23:59:12] - [Инфо] Developer - Mkrtchyan Martun <mart@kassa26.ru>
[23:59:12] - [Инфо] [OkDesk] Файл: '2821-2821data.json' - уже существует в 'data/okdesk'
[23:59:12] - [Инфо] [LOG] Заявка не является завершенной (OkDesk ID: 2821) Пропуск...
[23:59:12] - [Инфо] Developer - Mkrtchyan Martun <mart@kassa26.ru>
[23:59:12] - [Инфо] [OkDesk] Файл: '2845-2845data.json' - уже существует в 'data/okdesk'
[23:59:12] - [Инфо] [LOG] Заявка не является завершенной (OkDesk ID: 2845) Пропуск...
[23:59:12] - [Инфо] Developer - Mkrtchyan Martun <mart@kassa26.ru>
[23:59:12] - [Инфо] [OkDesk] Файл: '3022-3022data.json' - уже существует в 'data/okdesk'
[23:59:13] - [Инфо] [LOG] Заявка не является завершенной (OkDesk ID: 3022) Пропуск...
[23:59:13] - [Инфо] Developer - Mkrtchyan Martun <mart@kassa26.ru>
[23:59:13] - [Инфо] [OkDesk] Файл: '3236-3236data.json' - уже существует в 'data/okdesk'
[23:59:13] - [Инфо] [LOG] Заявка не является завершенной (OkDesk ID: 3236) Пропуск...
[23:59:13] - [Инфо] Developer - Mkrtchyan Martun <mart@kassa26.ru>
[23:59:13] - [Инфо] [OkDesk] Файл: '3264-3264data.json' - уже существует в 'data/okdesk'
[23:59:13] - [Инфо] [LOG] Заявка не является завершенной (OkDesk ID: 3264) Пропуск...
[23:59:13] - [Инфо] Developer - Mkrtchyan Martun <mart@kassa26.ru>
[23:59:13] - [Инфо] [OkDesk] Файл: '3304-3304data.json' - уже существует в 'data/okdesk'
[23:59:14] - [Инфо] [LOG] Заявка не является завершенной (OkDesk ID: 3304) Пропуск...
[23:59:14] - [Инфо] Developer - Mkrtchyan Martun <mart@kassa26.ru>
[23:59:14] - [Инфо] [OkDesk] Файл: '3316-3316data.json' - уже существует в 'data/okdesk'
[23:59:14] - [Инфо] [LOG] Заявка не является завершенной (OkDesk ID: 3316) Пропуск...
[23:59:14] - [Инфо] Developer - Mkrtchyan Martun <mart@kassa26.ru>
[23:59:14] - [Инфо] [OkDesk] Файл: '3344-3344data.json' - уже существует в 'data/okdesk'
[23:59:14] - [Инфо] [LOG] Заявка не является завершенной (OkDesk ID: 3344) Пропуск...
[23:59:14] - [Инфо] Developer - Mkrtchyan Martun <mart@kassa26.ru>
[23:59:14] - [Инфо] [OkDesk] Файл: '3350-3350data.json' - уже существует в 'data/okdesk'
[23:59:15] - [Инфо] [LOG] Заявка не является завершенной (OkDesk ID: 3350) Пропуск...
[23:59:15] - [Инфо] Developer - Mkrtchyan Martun <mart@kassa26.ru>
[23:59:15] - [Инфо] [OkDesk] Файл: '3351-3351data.json' - уже существует в 'data/okdesk'
[23:59:15] - [Инфо] [LOG] Заявка не является завершенной (OkDesk ID: 3351) Пропуск...
[23:59:15] - [Инфо] Developer - Mkrtchyan Martun <mart@kassa26.ru>
[23:59:16] - [Инфо] [LOG] Заявка не является завершенной (OkDesk ID: 3367) Пропуск...
