[23:59:0] - [Инфо] Начало цикла след. последовательности
[23:59:0] - [Инфо] Developer - Mkrtchyan Martun <mart@kassa26.ru>
[23:59:1] - Заявка уже была ранее выгружена. (OkDesk ID: 2127), пожалуйста исправьте ошибку[23:59:2] - [Инфо] [LOG] Заявка не является завершенной (OkDesk ID: 2128) Пропуск...
[23:59:2] - [Инфо] Сущность с ID: 2129 обработана на сервере.
[23:59:3] - [Инфо] Отправка данных в Спутник...
[23:59:3] - [Инфо] task status: success, task time status: success
[23:59:3] - [Инфо] SputnikTaskID: 32212
[23:59:3] - [Инфо] Сущность с ID: 2130 обработана на сервере.
[23:59:3] - [Инфо] comment id: 162428, task comment status: success
[23:59:3] - [Инфо] comment id: 162429, task comment status: success
[23:59:4] - [Инфо] Отправка данных в Спутник...
[23:59:4] - [Инфо] task status: success, task time status: success
[23:59:4] - [Инфо] SputnikTaskID: 32213
[23:59:4] - [Инфо] comment id: 162430, task comment status: success
[23:59:4] - [Инфо] Сущность с ID: 2131 обработана на сервере.
[23:59:4] - [Инфо] comment id: 162431, task comment status: success
[23:59:4] - [Инфо] comment id: 162432, task comment status: success
[23:59:4] - [Инфо] Отправка данных в Спутник...
[23:59:4] - [Инфо] task status: success, task time status: success
[23:59:4] - [Инфо] SputnikTaskID: 32214
[23:59:4] - [Инфо] comment id: 162433, task comment status: success
[23:59:4] - [Инфо] Сущность с ID: 2132 обработана на сервере.
[23:59:5] - [Инфо] Отправка данных в Спутник...
[23:59:5] - [Инфо] task status: success, task time status: success
[23:59:5] - [Инфо] SputnikTaskID: 32215
[23:59:5] - [Инфо] comment id: 162434, task comment status: success
[23:59:5] - [Инфо] Сущность с ID: 2133 обработана на сервере.
[23:59:5] - [Инфо] Отправка данных в Спутник...
[23:59:5] - [Инфо] task status: success, task time status: success
[23:59:5] - [Инфо] SputnikTaskID: 32216
[23:59:5] - [Инфо] comment id: 162435, task comment status: success
[23:59:5] - [Инфо] Сущность с ID: 2134 обработана на сервере.
[23:59:6] - [Инфо] Отправка данных в Спутник...
[23:59:6] - [Инфо] task status: success, task time status: success
[23:59:6] - [Инфо] SputnikTaskID: 32217
[23:59:6] - [Инфо] comment id: 162436, task comment status: success
[23:59:6] - [Инфо] Сущность с ID: 2135 обработана на сервере.
[23:59:6] - [Инфо] Отправка данных в Спутник...
[23:59:6] - [Инфо] task status: success, task time status: success
[23:59:6] - [Инфо] SputnikTaskID: 32218
[23:59:6] - [Инфо] comment id: 162437, task comment status: success
[23:59:7] - [Инфо] Сущность с ID: 2136 обработана на сервере.
[23:59:7] - [Инфо] comment id: 162438, task comment status: success
[23:59:7] - [Инфо] Отправка данных в Спутник...
[23:59:7] - [Инфо] task status: success, task time status: success
[23:59:7] - [Инфо] SputnikTaskID: 32219
[23:59:7] - [Инфо] 2137
[23:59:7] - [Инфо] [LOG] Заявка не является завершенной (OkDesk ID: 2137) Пропуск...
[23:59:7] - [Инфо] comment id: 162439, task comment status: success
[23:59:7] - Записи 2138 не существует, пожалуйста исправьте ошибку[23:59:7] - [Инфо] Начало автоматической выгрузки данных
[23:59:7] - [Инфо] Developer - Mkrtchyan Martun <mart@kassa26.ru>
[23:59:7] - [Инфо] [OkDesk] Файл: '1197-1197data.json' - уже существует в 'data/okdesk'
[23:59:7] - [Инфо] Сущность с ID: 1197 обработана на сервере.
[23:59:7] - [Инфо] Developer - Mkrtchyan Martun <mart@kassa26.ru>
[23:59:7] - [Инфо] [OkDesk] Файл: '2062-2062data.json' - уже существует в 'data/okdesk'
[23:59:8] - [Инфо] Отправка данных в Спутник...
[23:59:8] - [Инфо] task status: success, task time status: success
[23:59:8] - [Инфо] SputnikTaskID: 32220
[23:59:8] - [Инфо] [LOG] Заявка не является завершенной (OkDesk ID: 2062) Пропуск...
[23:59:8] - [Инфо] Developer - Mkrtchyan Martun <mart@kassa26.ru>
[23:59:8] - [Инфо] [OkDesk] Файл: '2097-2097data.json' - уже существует в 'data/okdesk'
[23:59:8] - Записи 2097 не существует, пожалуйста исправьте ошибку[23:59:8] - [Инфо] comment id: 162440, task comment status: success
[23:59:8] - Записи 2097 не существует, пожалуйста исправьте ошибку[23:59:8] - [Инфо] comment id: 162441, task comment status: success
[23:59:8] - [Инфо] comment id: 162442, task comment status: success
[23:59:8] - [Инфо] comment id: 162443, task comment status: success
[23:59:8] - [Инфо] comment id: 162444, task comment status: success
[23:59:9] - [Инфо] comment id: 162445, task comment status: success
