[23:59:0] - [Инфо] Начало цикла след. последовательности
[23:59:0] - [Инфо] Developer - Mkrtchyan Martun <mart@kassa26.ru>
[23:59:1] - Заявка уже была ранее выгружена. (OkDesk ID: 2483), пожалуйста исправьте ошибку[23:59:1] - [Инфо] Сущность с ID: 2484 обработана на сервере.
[23:59:2] - [Инфо] [LOG] Заявка не является завершенной (OkDesk ID: 2485) Пропуск...
[23:59:2] - [Инфо] Отправка данных в Спутник...
[23:59:2] - [Инфо] task status: success, task time status: success
[23:59:2] - [Инфо] SputnikTaskID: 32770
[23:59:2] - [Инфо] comment id: 164900, task comment status: success
[23:59:2] - [Инфо] 2486
[23:59:2] - [Инфо] [LOG] Заявка не является завершенной (OkDesk ID: 2486) Пропуск...
[23:59:2] - [Инфо] comment id: 164901, task comment status: success
[23:59:2] - [Инфо] comment id: 164902, task comment status: success
[23:59:3] - [Инфо] Сущность с ID: 2487 обработана на сервере.
[23:59:3] - [Инфо] Отправка данных в Спутник...
[23:59:3] - [Инфо] task status: success, task time status: success
[23:59:3] - [Инфо] SputnikTaskID: 32771
[23:59:3] - [Инфо] comment id: 164903, task comment status: success
[23:59:3] - [Инфо] Сущность с ID: 2488 обработана на сервере.
[23:59:3] - [Инфо] comment id: 164904, task comment status: success
[23:59:3] - [Инфо] Отправка данных в Спутник...
[23:59:3] - [Инфо] task status: success, task time status: success
[23:59:3] - [Инфо] SputnikTaskID: 32772
[23:59:4] - [Инфо] comment id: 164905, task comment status: success
[23:59:4] - [Инфо] Сущность с ID: 2489 обработана на сервере.
[23:59:4] - [Инфо] Отправка данных в Спутник...
[23:59:4] - [Инфо] task status: success, task time status: success
[23:59:4] - [Инфо] SputnikTaskID: 32773
[23:59:4] - [Инфо] comment id: 164906, task comment status: success
[23:59:4] - [Инфо] Сущность с ID: 2490 обработана на сервере.
[23:59:4] - [Инфо] Отправка данных в Спутник...
[23:59:4] - [Инфо] task status: success, task time status: success
[23:59:4] - [Инфо] SputnikTaskID: 32774
[23:59:5] - [Инфо] Сущность с ID: 2491 обработана на сервере.
[23:59:5] - [Инфо] Отправка данных в Спутник...
[23:59:5] - [Инфо] task status: success, task time status: success
[23:59:5] - [Инфо] SputnikTaskID: 32775
[23:59:5] - [Инфо] comment id: 164907, task comment status: success
[23:59:5] - [Инфо] 2492
[23:59:5] - [Инфо] [LOG] Заявка не является завершенной (OkDesk ID: 2492) Пропуск...
[23:59:5] - [Инфо] 2493
[23:59:5] - [Инфо] [LOG] Заявка не является завершенной (OkDesk ID: 2493) Пропуск...
[23:59:6] - [Инфо] Сущность с ID: 2494 обработана на сервере.
[23:59:6] - [Инфо] Отправка данных в Спутник...
[23:59:6] - [Инфо] task status: success, task time status: success
[23:59:6] - [Инфо] SputnikTaskID: 32776
[23:59:6] - [Инфо] comment id: 164908, task comment status: success
[23:59:6] - [Инфо] Сущность с ID: 2495 обработана на сервере.
[23:59:7] - [Инфо] Отправка данных в Спутник...
[23:59:7] - [Инфо] task status: success, task time status: success
[23:59:7] - [Инфо] SputnikTaskID: 32777
[23:59:7] - [Инфо] comment id: 164909, task comment status: success
[23:59:7] - [Инфо] Сущность с ID: 2496 обработана на сервере.
[23:59:7] - [Инфо] Отправка данных в Спутник...
[23:59:7] - [Инфо] task status: success, task time status: success
[23:59:7] - [Инфо] SputnikTaskID: 32778
[23:59:7] - [Инфо] comment id: 164910, task comment status: success
[23:59:7] - [Инфо] Сущность с ID: 2497 обработана на сервере.
[23:59:7] - Записи 2498 не существует, пожалуйста исправьте ошибку[23:59:7] - [Инфо] comment id: 164911, task comment status: success
[23:59:8] - [Инфо] DEBUG: Записи 2498 не существует
[23:59:8] - [Инфо] Отправка данных в Спутник...
[23:59:8] - [Инфо] task status: success, task time status: success
[23:59:8] - [Инфо] SputnikTaskID: 32779
[23:59:8] - Записи 2499 не существует, пожалуйста исправьте ошибку[23:59:8] - [Инфо] comment id: 164912, task comment status: success
[23:59:8] - [Инфо] DEBUG: Записи 2499 не существует
[23:59:8] - Записи 2500 не существует, пожалуйста исправьте ошибку[23:59:8] - [Инфо] comment id: 164913, task comment status: success
[23:59:8] - [Инфо] comment id: 164914, task comment status: success
[23:59:8] - [Инфо] DEBUG: Записи 2500 не существует
[23:59:8] - Записи 2501 не существует, пожалуйста исправьте ошибку[23:59:8] - [Инфо] DEBUG: Записи 2501 не существует
[23:59:8] - Записи 2502 не существует, пожалуйста исправьте ошибку[23:59:8] - [Инфо] DEBUG: Записи 2502 не существует
[23:59:8] - Записи 2503 не существует, пожалуйста исправьте ошибку[23:59:8] - [Инфо] DEBUG: Записи 2503 не существует
[23:59:8] - Записи 2504 не существует, пожалуйста исправьте ошибку[23:59:9] - [Инфо] DEBUG: Записи 2504 не существует
[23:59:9] - Записи 2505 не существует, пожалуйста исправьте ошибку[23:59:9] - [Инфо] DEBUG: Записи 2505 не существует
[23:59:9] - Записи 2506 не существует, пожалуйста исправьте ошибку[23:59:9] - [Инфо] DEBUG: Записи 2506 не существует
[23:59:9] - Записи 2507 не существует, пожалуйста исправьте ошибку[23:59:9] - [Инфо] DEBUG: Записи 2507 не существует
[23:59:9] - Записи 2508 не существует, пожалуйста исправьте ошибку[23:59:9] - [Инфо] DEBUG: Записи 2508 не существует
[23:59:9] - [Инфо] Начало автоматической выгрузки данных
[23:59:9] - [Инфо] Developer - Mkrtchyan Martun <mart@kassa26.ru>
[23:59:9] - [Инфо] [OkDesk] Файл: '2369-2369data.json' - уже существует в 'data/okdesk'
[23:59:10] - [Инфо] [LOG] Заявка не является завершенной (OkDesk ID: 2369) Пропуск...
[23:59:10] - [Инфо] Developer - Mkrtchyan Martun <mart@kassa26.ru>
[23:59:10] - [Инфо] [OkDesk] Файл: '2446-2446data.json' - уже существует в 'data/okdesk'
[23:59:10] - [Инфо] [LOG] Заявка не является завершенной (OkDesk ID: 2446) Пропуск...
[23:59:10] - [Инфо] Developer - Mkrtchyan Martun <mart@kassa26.ru>
[23:59:10] - [Инфо] [OkDesk] Файл: '2463-2463data.json' - уже существует в 'data/okdesk'
[23:59:10] - [Инфо] [LOG] Заявка не является завершенной (OkDesk ID: 2463) Пропуск...
[23:59:10] - [Инфо] Developer - Mkrtchyan Martun <mart@kassa26.ru>
[23:59:11] - [Инфо] [LOG] Заявка не является завершенной (OkDesk ID: 2472) Пропуск...
[23:59:11] - [Инфо] Developer - Mkrtchyan Martun <mart@kassa26.ru>
[23:59:11] - Заявка уже была ранее выгружена. (OkDesk ID: 2484), пожалуйста исправьте ошибку[23:59:11] - [Инфо] Developer - Mkrtchyan Martun <mart@kassa26.ru>
[23:59:11] - [Инфо] [LOG] Заявка не является завершенной (OkDesk ID: 2485) Пропуск...
