[23:59:0] - [Инфо] Начало цикла след. последовательности
[23:59:1] - [Инфо] Developer - Mkrtchyan Martun <mart@kassa26.ru>
[23:59:1] - Заявка уже была ранее выгружена. (OkDesk ID: 1839), пожалуйста исправьте ошибку[23:59:2] - [Инфо] [LOG] Заявка не является завершенной (OkDesk ID: 1840) Пропуск...
[23:59:2] - [Инфо] [LOG] Заявка не является завершенной (OkDesk ID: 1841) Пропуск...
[23:59:2] - [Инфо] [LOG] Заявка не является завершенной (OkDesk ID: 1842) Пропуск...
[23:59:3] - [Инфо] Сущность с ID: 1843 обработана на сервере.
[23:59:4] - [Инфо] Отправка данных в Спутник...
[23:59:4] - [Инфо] task status: success, task time status: success
[23:59:4] - [Инфо] SputnikTaskID: 31652
[23:59:4] - [Инфо] Сущность с ID: 1844 обработана на сервере.
[23:59:4] - [Инфо] comment id: 159168, task comment status: success
[23:59:4] - [Инфо] Отправка данных в Спутник...
[23:59:4] - [Инфо] task status: success, task time status: success
[23:59:4] - [Инфо] SputnikTaskID: 31653
[23:59:4] - [Инфо] Сущность с ID: 1845 обработана на сервере.
[23:59:4] - [Инфо] comment id: 159169, task comment status: success
[23:59:4] - [Инфо] Отправка данных в Спутник...
[23:59:4] - [Инфо] task status: success, task time status: success
[23:59:4] - [Инфо] SputnikTaskID: 31654
[23:59:5] - [Инфо] comment id: 159170, task comment status: success
[23:59:5] - [Инфо] Сущность с ID: 1846 обработана на сервере.
[23:59:5] - [Инфо] Отправка данных в Спутник...
[23:59:5] - [Инфо] task status: success, task time status: success
[23:59:5] - [Инфо] SputnikTaskID: 31655
[23:59:5] - [Инфо] comment id: 159171, task comment status: success
[23:59:5] - [Инфо] Сущность с ID: 1847 обработана на сервере.
[23:59:6] - [Инфо] Отправка данных в Спутник...
[23:59:6] - [Инфо] task status: success, task time status: success
[23:59:6] - [Инфо] SputnikTaskID: 31656
[23:59:6] - [Инфо] comment id: 159172, task comment status: success
[23:59:6] - [Инфо] Сущность с ID: 1848 обработана на сервере.
[23:59:6] - [Инфо] Отправка данных в Спутник...
[23:59:6] - [Инфо] task status: success, task time status: success
[23:59:6] - [Инфо] SputnikTaskID: 31657
[23:59:6] - [Инфо] comment id: 159173, task comment status: success
[23:59:6] - [Инфо] Сущность с ID: 1849 обработана на сервере.
[23:59:7] - [Инфо] Отправка данных в Спутник...
[23:59:7] - [Инфо] task status: success, task time status: success
[23:59:7] - [Инфо] SputnikTaskID: 31658
[23:59:7] - [Инфо] comment id: 159174, task comment status: success
[23:59:7] - [Инфо] Сущность с ID: 1850 обработана на сервере.
[23:59:7] - [Инфо] Отправка данных в Спутник...
[23:59:7] - [Инфо] task status: success, task time status: success
[23:59:7] - [Инфо] SputnikTaskID: 31659
[23:59:8] - [Инфо] comment id: 159175, task comment status: success
[23:59:8] - [Инфо] Сущность с ID: 1851 обработана на сервере.
[23:59:8] - [Инфо] Отправка данных в Спутник...
[23:59:8] - [Инфо] task status: success, task time status: success
[23:59:8] - [Инфо] SputnikTaskID: 31660
[23:59:8] - [Инфо] 1852
[23:59:8] - [Инфо] [LOG] Заявка не является завершенной (OkDesk ID: 1852) Пропуск...
[23:59:8] - [Инфо] comment id: 159176, task comment status: success
[23:59:9] - [Инфо] Сущность с ID: 1853 обработана на сервере.
[23:59:9] - [Инфо] Отправка данных в Спутник...
[23:59:9] - [Инфо] task status: success, task time status: success
[23:59:9] - [Инфо] SputnikTaskID: 31661
[23:59:9] - [Инфо] comment id: 159177, task comment status: success
[23:59:9] - [Инфо] Сущность с ID: 1854 обработана на сервере.
[23:59:9] - [Инфо] Отправка данных в Спутник...
[23:59:9] - [Инфо] task status: success, task time status: success
[23:59:9] - [Инфо] SputnikTaskID: 31662
[23:59:10] - [Инфо] comment id: 159178, task comment status: success
[23:59:10] - [Инфо] Сущность с ID: 1855 обработана на сервере.
[23:59:10] - [Инфо] Отправка данных в Спутник...
[23:59:10] - [Инфо] task status: success, task time status: success
[23:59:10] - [Инфо] SputnikTaskID: 31663
[23:59:10] - [Инфо] comment id: 159179, task comment status: success
[23:59:11] - [Инфо] Сущность с ID: 1856 обработана на сервере.
[23:59:11] - [Инфо] Отправка данных в Спутник...
[23:59:11] - [Инфо] task status: success, task time status: success
[23:59:11] - [Инфо] SputnikTaskID: 31664
[23:59:11] - [Инфо] comment id: 159180, task comment status: success
[23:59:11] - [Инфо] comment id: 159181, task comment status: success
[23:59:11] - [Инфо] Сущность с ID: 1857 обработана на сервере.
[23:59:11] - [Инфо] Отправка данных в Спутник...
[23:59:11] - [Инфо] task status: success, task time status: success
[23:59:11] - [Инфо] SputnikTaskID: 31665
[23:59:12] - [Инфо] comment id: 159182, task comment status: success
[23:59:12] - [Инфо] comment id: 159183, task comment status: success
[23:59:12] - [Инфо] Сущность с ID: 1858 обработана на сервере.
[23:59:12] - [Инфо] Отправка данных в Спутник...
[23:59:12] - [Инфо] task status: success, task time status: success
[23:59:12] - [Инфо] SputnikTaskID: 31666
[23:59:12] - [Инфо] comment id: 159184, task comment status: success
[23:59:12] - [Инфо] Сущность с ID: 1859 обработана на сервере.
[23:59:12] - Записи 1860 не существует, пожалуйста исправьте ошибку[23:59:12] - [Инфо] Начало автоматической выгрузки данных
[23:59:12] - [Инфо] Developer - Mkrtchyan Martun <mart@kassa26.ru>
[23:59:12] - [Инфо] [OkDesk] Файл: '1086-1086data.json' - уже существует в 'data/okdesk'
[23:59:13] - [Инфо] Отправка данных в Спутник...
[23:59:13] - [Инфо] task status: success, task time status: success
[23:59:13] - [Инфо] SputnikTaskID: 31667
[23:59:13] - [Инфо] [LOG] Заявка не является завершенной (OkDesk ID: 1086) Пропуск...
[23:59:13] - [Инфо] Developer - Mkrtchyan Martun <mart@kassa26.ru>
[23:59:13] - [Инфо] [OkDesk] Файл: '1178-1178data.json' - уже существует в 'data/okdesk'
[23:59:13] - [Инфо] comment id: 159185, task comment status: success
[23:59:13] - [Инфо] comment id: 159186, task comment status: success
[23:59:13] - [Инфо] comment id: 159187, task comment status: success
[23:59:13] - [Инфо] [LOG] Заявка не является завершенной (OkDesk ID: 1178) Пропуск...
[23:59:13] - [Инфо] Developer - Mkrtchyan Martun <mart@kassa26.ru>
[23:59:13] - [Инфо] [OkDesk] Файл: '1197-1197data.json' - уже существует в 'data/okdesk'
[23:59:13] - [Инфо] [LOG] Заявка не является завершенной (OkDesk ID: 1197) Пропуск...
[23:59:13] - [Инфо] Developer - Mkrtchyan Martun <mart@kassa26.ru>
[23:59:13] - [Инфо] [OkDesk] Файл: '1287-1287data.json' - уже существует в 'data/okdesk'
[23:59:14] - [Инфо] [LOG] Заявка не является завершенной (OkDesk ID: 1287) Пропуск...
[23:59:14] - [Инфо] Developer - Mkrtchyan Martun <mart@kassa26.ru>
[23:59:14] - [Инфо] [OkDesk] Файл: '1344-1344data.json' - уже существует в 'data/okdesk'
[23:59:14] - [Инфо] [LOG] Заявка не является завершенной (OkDesk ID: 1344) Пропуск...
[23:59:14] - [Инфо] Developer - Mkrtchyan Martun <mart@kassa26.ru>
[23:59:14] - [Инфо] [OkDesk] Файл: '1422-1422data.json' - уже существует в 'data/okdesk'
[23:59:14] - [Инфо] [LOG] Заявка не является завершенной (OkDesk ID: 1422) Пропуск...
[23:59:14] - [Инфо] Developer - Mkrtchyan Martun <mart@kassa26.ru>
[23:59:14] - [Инфо] [OkDesk] Файл: '1477-1477data.json' - уже существует в 'data/okdesk'
[23:59:15] - [Инфо] [LOG] Заявка не является завершенной (OkDesk ID: 1477) Пропуск...
[23:59:15] - [Инфо] Developer - Mkrtchyan Martun <mart@kassa26.ru>
[23:59:15] - [Инфо] [OkDesk] Файл: '1549-1549data.json' - уже существует в 'data/okdesk'
[23:59:15] - [Инфо] [LOG] Заявка не является завершенной (OkDesk ID: 1549) Пропуск...
[23:59:15] - [Инфо] Developer - Mkrtchyan Martun <mart@kassa26.ru>
[23:59:15] - [Инфо] [OkDesk] Файл: '1555-1555data.json' - уже существует в 'data/okdesk'
[23:59:15] - [Инфо] [LOG] Заявка не является завершенной (OkDesk ID: 1555) Пропуск...
[23:59:15] - [Инфо] Developer - Mkrtchyan Martun <mart@kassa26.ru>
[23:59:15] - [Инфо] [OkDesk] Файл: '1593-1593data.json' - уже существует в 'data/okdesk'
[23:59:16] - [Инфо] [LOG] Заявка не является завершенной (OkDesk ID: 1593) Пропуск...
[23:59:16] - [Инфо] Developer - Mkrtchyan Martun <mart@kassa26.ru>
[23:59:16] - [Инфо] [OkDesk] Файл: '1607-1607data.json' - уже существует в 'data/okdesk'
[23:59:16] - [Инфо] [LOG] Заявка не является завершенной (OkDesk ID: 1607) Пропуск...
[23:59:16] - [Инфо] Developer - Mkrtchyan Martun <mart@kassa26.ru>
[23:59:16] - [Инфо] [OkDesk] Файл: '1635-1635data.json' - уже существует в 'data/okdesk'
[23:59:16] - [Инфо] [LOG] Заявка не является завершенной (OkDesk ID: 1635) Пропуск...
[23:59:16] - [Инфо] Developer - Mkrtchyan Martun <mart@kassa26.ru>
[23:59:16] - [Инфо] [OkDesk] Файл: '1802-1802data.json' - уже существует в 'data/okdesk'
[23:59:17] - [Инфо] Сущность с ID: 1802 обработана на сервере.
[23:59:17] - [Инфо] Developer - Mkrtchyan Martun <mart@kassa26.ru>
[23:59:17] - [Инфо] [OkDesk] Файл: '1814-1814data.json' - уже существует в 'data/okdesk'
[23:59:17] - [Инфо] Отправка данных в Спутник...
[23:59:17] - [Инфо] task status: success, task time status: success
[23:59:17] - [Инфо] SputnikTaskID: 31668
[23:59:17] - [Инфо] Сущность с ID: 1814 обработана на сервере.
[23:59:17] - [Инфо] Developer - Mkrtchyan Martun <mart@kassa26.ru>
[23:59:17] - [Инфо] [OkDesk] Файл: '1821-1821data.json' - уже существует в 'data/okdesk'
[23:59:17] - [Инфо] comment id: 159188, task comment status: success
[23:59:18] - [Инфо] Отправка данных в Спутник...
[23:59:18] - [Инфо] task status: success, task time status: success
[23:59:18] - [Инфо] SputnikTaskID: 31669
[23:59:18] - [Инфо] Сущность с ID: 1821 обработана на сервере.
[23:59:18] - [Инфо] Developer - Mkrtchyan Martun <mart@kassa26.ru>
[23:59:18] - [Инфо] [OkDesk] Файл: '1824-1824data.json' - уже существует в 'data/okdesk'
[23:59:18] - [Инфо] comment id: 159189, task comment status: success
[23:59:18] - [Инфо] Отправка данных в Спутник...
[23:59:18] - [Инфо] task status: success, task time status: success
[23:59:18] - [Инфо] SputnikTaskID: 31670
[23:59:18] - [Инфо] comment id: 159190, task comment status: success
[23:59:18] - [Инфо] Сущность с ID: 1824 обработана на сервере.
[23:59:18] - [Инфо] Developer - Mkrtchyan Martun <mart@kassa26.ru>
[23:59:18] - [Инфо] [OkDesk] Файл: '1825-1825data.json' - уже существует в 'data/okdesk'
[23:59:18] - [Инфо] comment id: 159191, task comment status: success
[23:59:18] - [Инфо] comment id: 159192, task comment status: success
[23:59:18] - [Инфо] Отправка данных в Спутник...
[23:59:18] - [Инфо] task status: success, task time status: success
[23:59:18] - [Инфо] SputnikTaskID: 31671
[23:59:18] - [Инфо] comment id: 159193, task comment status: success
[23:59:19] - [Инфо] Сущность с ID: 1825 обработана на сервере.
[23:59:19] - [Инфо] Developer - Mkrtchyan Martun <mart@kassa26.ru>
[23:59:19] - [Инфо] [OkDesk] Файл: '1828-1828data.json' - уже существует в 'data/okdesk'
[23:59:19] - [Инфо] comment id: 159194, task comment status: success
[23:59:19] - [Инфо] Отправка данных в Спутник...
[23:59:19] - [Инфо] task status: success, task time status: success
[23:59:19] - [Инфо] SputnikTaskID: 31672
[23:59:19] - [Инфо] comment id: 159195, task comment status: success
[23:59:19] - [Инфо] Сущность с ID: 1828 обработана на сервере.
[23:59:19] - [Инфо] Developer - Mkrtchyan Martun <mart@kassa26.ru>
[23:59:19] - [Инфо] [OkDesk] Файл: '1832-1832data.json' - уже существует в 'data/okdesk'
[23:59:19] - [Инфо] comment id: 159196, task comment status: success
[23:59:19] - [Инфо] comment id: 159197, task comment status: success
[23:59:19] - [Инфо] comment id: 159198, task comment status: success
[23:59:19] - [Инфо] Отправка данных в Спутник...
[23:59:19] - [Инфо] task status: success, task time status: success
[23:59:19] - [Инфо] SputnikTaskID: 31673
[23:59:19] - [Инфо] [LOG] Заявка не является завершенной (OkDesk ID: 1832) Пропуск...
[23:59:19] - [Инфо] Developer - Mkrtchyan Martun <mart@kassa26.ru>
[23:59:19] - [Инфо] [OkDesk] Файл: '1835-1835data.json' - уже существует в 'data/okdesk'
[23:59:19] - [Инфо] comment id: 159199, task comment status: success
[23:59:20] - [Инфо] comment id: 159200, task comment status: success
[23:59:20] - [Инфо] Сущность с ID: 1835 обработана на сервере.
[23:59:20] - [Инфо] Developer - Mkrtchyan Martun <mart@kassa26.ru>
[23:59:20] - [Инфо] [OkDesk] Файл: '1837-1837data.json' - уже существует в 'data/okdesk'
[23:59:20] - [Инфо] comment id: 159201, task comment status: success
[23:59:20] - [Инфо] Отправка данных в Спутник...
[23:59:20] - [Инфо] task status: success, task time status: success
[23:59:20] - [Инфо] SputnikTaskID: 31674
[23:59:20] - [Инфо] comment id: 159202, task comment status: success
[23:59:20] - [Инфо] Сущность с ID: 1837 обработана на сервере.
[23:59:20] - [Инфо] Developer - Mkrtchyan Martun <mart@kassa26.ru>
[23:59:20] - [Инфо] comment id: 159203, task comment status: success
[23:59:20] - [Инфо] Отправка данных в Спутник...
[23:59:20] - [Инфо] task status: success, task time status: success
[23:59:20] - [Инфо] SputnikTaskID: 31675
[23:59:20] - [Инфо] comment id: 159204, task comment status: success
[23:59:21] - [Инфо] comment id: 159205, task comment status: success
[23:59:21] - [Инфо] Сущность с ID: 1838 обработана на сервере.
[23:59:21] - [Инфо] Developer - Mkrtchyan Martun <mart@kassa26.ru>
[23:59:21] - [Инфо] Отправка данных в Спутник...
[23:59:21] - [Инфо] task status: success, task time status: success
[23:59:21] - [Инфо] SputnikTaskID: 31676
[23:59:21] - [Инфо] comment id: 159206, task comment status: success
[23:59:21] - [Инфо] [LOG] Заявка не является завершенной (OkDesk ID: 1840) Пропуск...
[23:59:21] - [Инфо] Developer - Mkrtchyan Martun <mart@kassa26.ru>
[23:59:21] - [Инфо] comment id: 159207, task comment status: success
[23:59:22] - [Инфо] [LOG] Заявка не является завершенной (OkDesk ID: 1841) Пропуск...
[23:59:22] - [Инфо] Developer - Mkrtchyan Martun <mart@kassa26.ru>
[23:59:22] - [Инфо] [LOG] Заявка не является завершенной (OkDesk ID: 1842) Пропуск...
