[23:59:2] - [Инфо] Начало цикла след. последовательности
[23:59:2] - [Инфо] Developer - Mkrtchyan Martun <mart@kassa26.ru>
[23:59:4] - Заявка уже была ранее выгружена. (OkDesk ID: 2772), пожалуйста исправьте ошибку[23:59:5] - Заявка уже была ранее выгружена. (OkDesk ID: 2773), пожалуйста исправьте ошибку[23:59:5] - [Инфо] Сущность с ID: 2774 обработана на сервере.
[23:59:6] - [Инфо] Отправка данных в Спутник...
[23:59:6] - [Инфо] task status: success, task time status: success
[23:59:6] - [Инфо] SputnikTaskID: 33330
[23:59:6] - [Инфо] Сущность с ID: 2775 обработана на сервере.
[23:59:6] - [Инфо] Отправка данных в Спутник...
[23:59:6] - [Инфо] task status: success, task time status: success
[23:59:6] - [Инфо] SputnikTaskID: 33331
[23:59:6] - [Инфо] comment id: 167902, task comment status: success
[23:59:6] - [Инфо] comment id: 167903, task comment status: success
[23:59:7] - [Инфо] Сущность с ID: 2776 обработана на сервере.
[23:59:7] - Записи 2777 не существует, пожалуйста исправьте ошибку[23:59:7] - [Инфо] Отправка данных в Спутник...
[23:59:7] - [Инфо] task status: success, task time status: success
[23:59:7] - [Инфо] SputnikTaskID: 33332
[23:59:7] - [Инфо] DEBUG: Записи 2777 не существует
[23:59:7] - Записи 2778 не существует, пожалуйста исправьте ошибку[23:59:7] - [Инфо] comment id: 167904, task comment status: success
[23:59:7] - [Инфо] DEBUG: Записи 2778 не существует
[23:59:7] - [Инфо] comment id: 167905, task comment status: success
[23:59:8] - [Инфо] Сущность с ID: 2779 обработана на сервере.
[23:59:8] - [Инфо] Отправка данных в Спутник...
[23:59:8] - [Инфо] task status: success, task time status: success
[23:59:8] - [Инфо] SputnikTaskID: 33333
[23:59:8] - [Инфо] comment id: 167906, task comment status: success
[23:59:8] - [Инфо] Сущность с ID: 2780 обработана на сервере.
[23:59:8] - [Инфо] comment id: 167907, task comment status: success
[23:59:8] - [Инфо] Отправка данных в Спутник...
[23:59:8] - [Инфо] task status: success, task time status: success
[23:59:8] - [Инфо] SputnikTaskID: 33334
[23:59:9] - [Инфо] comment id: 167908, task comment status: success
[23:59:9] - [Инфо] Сущность с ID: 2781 обработана на сервере.
[23:59:9] - [Инфо] Отправка данных в Спутник...
[23:59:9] - [Инфо] task status: success, task time status: success
[23:59:9] - [Инфо] SputnikTaskID: 33335
[23:59:9] - [Инфо] comment id: 167909, task comment status: success
[23:59:9] - [Инфо] Сущность с ID: 2782 обработана на сервере.
[23:59:10] - [Инфо] comment id: 167910, task comment status: success
[23:59:10] - [Инфо] Отправка данных в Спутник...
[23:59:10] - [Инфо] task status: success, task time status: success
[23:59:10] - [Инфо] SputnikTaskID: 33336
[23:59:10] - [Инфо] comment id: 167911, task comment status: success
[23:59:10] - [Инфо] comment id: 167912, task comment status: success
[23:59:10] - [Инфо] Сущность с ID: 2783 обработана на сервере.
[23:59:10] - [Инфо] comment id: 167913, task comment status: success
[23:59:10] - [Инфо] Отправка данных в Спутник...
[23:59:10] - [Инфо] task status: success, task time status: success
[23:59:10] - [Инфо] SputnikTaskID: 33337
[23:59:11] - [Инфо] comment id: 167914, task comment status: success
[23:59:11] - [Инфо] comment id: 167915, task comment status: success
[23:59:11] - [Инфо] Сущность с ID: 2784 обработана на сервере.
[23:59:11] - [Инфо] Отправка данных в Спутник...
[23:59:11] - [Инфо] task status: success, task time status: success
[23:59:11] - [Инфо] SputnikTaskID: 33338
[23:59:11] - [Инфо] comment id: 167916, task comment status: success
[23:59:12] - [Инфо] Сущность с ID: 2785 обработана на сервере.
[23:59:12] - Записи 2786 не существует, пожалуйста исправьте ошибку[23:59:12] - [Инфо] comment id: 167917, task comment status: success
[23:59:12] - [Инфо] Отправка данных в Спутник...
[23:59:12] - [Инфо] task status: success, task time status: success
[23:59:12] - [Инфо] SputnikTaskID: 33339
[23:59:12] - [Инфо] DEBUG: Записи 2786 не существует
[23:59:12] - [Инфо] comment id: 167918, task comment status: success
[23:59:12] - Записи 2787 не существует, пожалуйста исправьте ошибку[23:59:12] - [Инфо] DEBUG: Записи 2787 не существует
[23:59:12] - [Инфо] comment id: 167919, task comment status: success
[23:59:12] - Записи 2788 не существует, пожалуйста исправьте ошибку[23:59:12] - [Инфо] DEBUG: Записи 2788 не существует
[23:59:12] - [Инфо] comment id: 167920, task comment status: success
[23:59:12] - Записи 2789 не существует, пожалуйста исправьте ошибку[23:59:12] - [Инфо] DEBUG: Записи 2789 не существует
[23:59:12] - Записи 2790 не существует, пожалуйста исправьте ошибку[23:59:12] - [Инфо] DEBUG: Записи 2790 не существует
[23:59:13] - Записи 2791 не существует, пожалуйста исправьте ошибку[23:59:13] - [Инфо] DEBUG: Записи 2791 не существует
[23:59:13] - Записи 2792 не существует, пожалуйста исправьте ошибку[23:59:13] - [Инфо] DEBUG: Записи 2792 не существует
[23:59:13] - Записи 2793 не существует, пожалуйста исправьте ошибку[23:59:13] - [Инфо] DEBUG: Записи 2793 не существует
[23:59:13] - Записи 2794 не существует, пожалуйста исправьте ошибку[23:59:13] - [Инфо] DEBUG: Записи 2794 не существует
[23:59:13] - Записи 2795 не существует, пожалуйста исправьте ошибку[23:59:13] - [Инфо] DEBUG: Записи 2795 не существует
[23:59:13] - Записи 2796 не существует, пожалуйста исправьте ошибку[23:59:14] - [Инфо] DEBUG: Записи 2796 не существует
[23:59:14] - Записи 2797 не существует, пожалуйста исправьте ошибку[23:59:14] - [Инфо] DEBUG: Записи 2797 не существует
[23:59:14] - [Инфо] Начало автоматической выгрузки данных
[23:59:14] - [Инфо] Developer - Mkrtchyan Martun <mart@kassa26.ru>
[23:59:14] - [Инфо] [OkDesk] Файл: '2563-2563data.json' - уже существует в 'data/okdesk'
[23:59:14] - [Инфо] [LOG] Заявка не является завершенной (OkDesk ID: 2563) Пропуск...
[23:59:14] - [Инфо] Developer - Mkrtchyan Martun <mart@kassa26.ru>
[23:59:14] - [Инфо] [OkDesk] Файл: '2589-2589data.json' - уже существует в 'data/okdesk'
[23:59:14] - [Инфо] [LOG] Заявка не является завершенной (OkDesk ID: 2589) Пропуск...
[23:59:14] - [Инфо] Developer - Mkrtchyan Martun <mart@kassa26.ru>
[23:59:14] - [Инфо] [OkDesk] Файл: '2625-2625data.json' - уже существует в 'data/okdesk'
[23:59:15] - [Инфо] [LOG] Заявка не является завершенной (OkDesk ID: 2625) Пропуск...
[23:59:15] - [Инфо] Developer - Mkrtchyan Martun <mart@kassa26.ru>
[23:59:15] - [Инфо] [OkDesk] Файл: '2685-2685data.json' - уже существует в 'data/okdesk'
[23:59:15] - [Инфо] [LOG] Заявка не является завершенной (OkDesk ID: 2685) Пропуск...
[23:59:15] - [Инфо] Developer - Mkrtchyan Martun <mart@kassa26.ru>
[23:59:15] - [Инфо] [OkDesk] Файл: '2702-2702data.json' - уже существует в 'data/okdesk'
[23:59:15] - [Инфо] [LOG] Заявка не является завершенной (OkDesk ID: 2702) Пропуск...
[23:59:15] - [Инфо] Developer - Mkrtchyan Martun <mart@kassa26.ru>
[23:59:16] - [Инфо] [LOG] Заявка не является завершенной (OkDesk ID: 2764) Пропуск...
[23:59:16] - [Инфо] Developer - Mkrtchyan Martun <mart@kassa26.ru>
[23:59:17] - [Инфо] Сущность с ID: 2771 обработана на сервере.
[23:59:17] - [Инфо] Отправка данных в Спутник...
[23:59:17] - [Инфо] task status: success, task time status: success
[23:59:17] - [Инфо] SputnikTaskID: 33340
[23:59:17] - [Инфо] comment id: 167921, task comment status: success
[23:59:17] - [Инфо] comment id: 167922, task comment status: success
[23:59:18] - [Инфо] comment id: 167923, task comment status: success
