[23:59:3] - [Инфо] Начало цикла след. последовательности
[23:59:3] - [Инфо] Developer - Mkrtchyan Martun <mart@kassa26.ru>
[23:59:4] - Заявка уже была ранее выгружена. (OkDesk ID: 3377), пожалуйста исправьте ошибку[23:59:5] - [Инфо] Сущность с ID: 3378 обработана на сервере.
[23:59:5] - [Инфо] Отправка данных в Спутник...
[23:59:5] - [Инфо] task status: success, task time status: success
[23:59:5] - [Инфо] SputnikTaskID: 34443
[23:59:6] - [Инфо] comment id: 173684, task comment status: success
[23:59:6] - [Инфо] Сущность с ID: 3379 обработана на сервере.
[23:59:6] - [Инфо] comment id: 173685, task comment status: success
[23:59:6] - [Инфо] Отправка данных в Спутник...
[23:59:6] - [Инфо] task status: success, task time status: success
[23:59:6] - [Инфо] SputnikTaskID: 34444
[23:59:6] - [Инфо] 3380
[23:59:6] - [Инфо] [LOG] Заявка не является завершенной (OkDesk ID: 3380) Пропуск...
[23:59:6] - [Инфо] comment id: 173686, task comment status: success
[23:59:7] - [Инфо] comment id: 173687, task comment status: success
[23:59:7] - [Инфо] Сущность с ID: 3381 обработана на сервере.
[23:59:7] - [Инфо] Отправка данных в Спутник...
[23:59:7] - [Инфо] task status: success, task time status: success
[23:59:7] - [Инфо] SputnikTaskID: 34445
[23:59:7] - [Инфо] 3382
[23:59:7] - [Инфо] [LOG] Заявка не является завершенной (OkDesk ID: 3382) Пропуск...
[23:59:7] - [Инфо] comment id: 173688, task comment status: success
[23:59:8] - [Инфо] Сущность с ID: 3383 обработана на сервере.
[23:59:8] - [Инфо] Отправка данных в Спутник...
[23:59:8] - [Инфо] task status: success, task time status: success
[23:59:8] - [Инфо] SputnikTaskID: 34446
[23:59:8] - [Инфо] comment id: 173689, task comment status: success
[23:59:8] - [Инфо] Сущность с ID: 3384 обработана на сервере.
[23:59:8] - [Инфо] comment id: 173690, task comment status: success
[23:59:9] - [Инфо] comment id: 173691, task comment status: success
[23:59:9] - [Инфо] Отправка данных в Спутник...
[23:59:9] - [Инфо] task status: success, task time status: success
[23:59:9] - [Инфо] SputnikTaskID: 34447
[23:59:9] - [Инфо] comment id: 173692, task comment status: success
[23:59:9] - [Инфо] Сущность с ID: 3385 обработана на сервере.
[23:59:9] - [Инфо] Отправка данных в Спутник...
[23:59:9] - [Инфо] task status: success, task time status: success
[23:59:9] - [Инфо] SputnikTaskID: 34448
[23:59:9] - [Инфо] comment id: 173693, task comment status: success
[23:59:9] - [Инфо] comment id: 173694, task comment status: success
[23:59:10] - [Инфо] Сущность с ID: 3386 обработана на сервере.
[23:59:10] - [Инфо] Отправка данных в Спутник...
[23:59:10] - [Инфо] task status: success, task time status: success
[23:59:10] - [Инфо] SputnikTaskID: 34449
[23:59:10] - [Инфо] comment id: 173695, task comment status: success
[23:59:10] - [Инфо] Сущность с ID: 3387 обработана на сервере.
[23:59:10] - [Инфо] comment id: 173696, task comment status: success
[23:59:10] - [Инфо] Отправка данных в Спутник...
[23:59:10] - [Инфо] task status: success, task time status: success
[23:59:10] - [Инфо] SputnikTaskID: 34450
[23:59:11] - [Инфо] comment id: 173697, task comment status: success
[23:59:11] - [Инфо] Сущность с ID: 3388 обработана на сервере.
[23:59:11] - [Инфо] Отправка данных в Спутник...
[23:59:11] - [Инфо] task status: success, task time status: success
[23:59:11] - [Инфо] SputnikTaskID: 34451
[23:59:11] - [Инфо] comment id: 173698, task comment status: success
[23:59:11] - [Инфо] Сущность с ID: 3389 обработана на сервере.
[23:59:11] - [Инфо] comment id: 173699, task comment status: success
[23:59:11] - [Инфо] Отправка данных в Спутник...
[23:59:11] - [Инфо] task status: success, task time status: success
[23:59:11] - [Инфо] SputnikTaskID: 34452
[23:59:12] - [Инфо] comment id: 173700, task comment status: success
[23:59:12] - [Инфо] Сущность с ID: 3390 обработана на сервере.
[23:59:12] - [Инфо] comment id: 173701, task comment status: success
[23:59:12] - [Инфо] Отправка данных в Спутник...
[23:59:12] - [Инфо] task status: success, task time status: success
[23:59:12] - [Инфо] SputnikTaskID: 34453
[23:59:12] - [Инфо] comment id: 173702, task comment status: success
[23:59:12] - [Инфо] Сущность с ID: 3391 обработана на сервере.
[23:59:12] - [Инфо] comment id: 173703, task comment status: success
[23:59:12] - [Инфо] Отправка данных в Спутник...
[23:59:12] - [Инфо] task status: success, task time status: success
[23:59:12] - [Инфо] SputnikTaskID: 34454
[23:59:13] - [Инфо] comment id: 173704, task comment status: success
[23:59:13] - [Инфо] 3392
[23:59:13] - [Инфо] [LOG] Заявка не является завершенной (OkDesk ID: 3392) Пропуск...
[23:59:13] - [Инфо] comment id: 173706, task comment status: success
[23:59:13] - [Инфо] comment id: 173705, task comment status: success
[23:59:13] - Записи 3393 не существует, пожалуйста исправьте ошибку[23:59:13] - [Инфо] DEBUG: Записи 3393 не существует
[23:59:13] - [Инфо] comment id: 173707, task comment status: success
[23:59:13] - Записи 3394 не существует, пожалуйста исправьте ошибку[23:59:13] - [Инфо] comment id: 173708, task comment status: success
[23:59:13] - [Инфо] DEBUG: Записи 3394 не существует
[23:59:13] - Записи 3395 не существует, пожалуйста исправьте ошибку[23:59:13] - [Инфо] DEBUG: Записи 3395 не существует
[23:59:13] - Записи 3396 не существует, пожалуйста исправьте ошибку[23:59:13] - [Инфо] DEBUG: Записи 3396 не существует
[23:59:13] - Записи 3397 не существует, пожалуйста исправьте ошибку[23:59:14] - [Инфо] DEBUG: Записи 3397 не существует
[23:59:14] - Записи 3398 не существует, пожалуйста исправьте ошибку[23:59:14] - [Инфо] DEBUG: Записи 3398 не существует
[23:59:14] - Записи 3399 не существует, пожалуйста исправьте ошибку[23:59:14] - [Инфо] DEBUG: Записи 3399 не существует
[23:59:14] - Записи 3400 не существует, пожалуйста исправьте ошибку[23:59:14] - [Инфо] DEBUG: Записи 3400 не существует
[23:59:14] - Записи 3401 не существует, пожалуйста исправьте ошибку[23:59:14] - [Инфо] DEBUG: Записи 3401 не существует
[23:59:14] - Записи 3402 не существует, пожалуйста исправьте ошибку[23:59:14] - [Инфо] DEBUG: Записи 3402 не существует
[23:59:14] - [Инфо] Начало автоматической выгрузки данных
[23:59:14] - [Инфо] Developer - Mkrtchyan Martun <mart@kassa26.ru>
[23:59:14] - [Инфо] [OkDesk] Файл: '2589-2589data.json' - уже существует в 'data/okdesk'
[23:59:15] - [Инфо] [LOG] Заявка не является завершенной (OkDesk ID: 2589) Пропуск...
[23:59:15] - [Инфо] Developer - Mkrtchyan Martun <mart@kassa26.ru>
[23:59:15] - [Инфо] [OkDesk] Файл: '2702-2702data.json' - уже существует в 'data/okdesk'
[23:59:15] - [Инфо] [LOG] Заявка не является завершенной (OkDesk ID: 2702) Пропуск...
[23:59:15] - [Инфо] Developer - Mkrtchyan Martun <mart@kassa26.ru>
[23:59:15] - [Инфо] [OkDesk] Файл: '2821-2821data.json' - уже существует в 'data/okdesk'
[23:59:15] - [Инфо] [LOG] Заявка не является завершенной (OkDesk ID: 2821) Пропуск...
[23:59:15] - [Инфо] Developer - Mkrtchyan Martun <mart@kassa26.ru>
[23:59:15] - [Инфо] [OkDesk] Файл: '2845-2845data.json' - уже существует в 'data/okdesk'
[23:59:15] - [Инфо] [LOG] Заявка не является завершенной (OkDesk ID: 2845) Пропуск...
[23:59:15] - [Инфо] Developer - Mkrtchyan Martun <mart@kassa26.ru>
[23:59:15] - [Инфо] [OkDesk] Файл: '3022-3022data.json' - уже существует в 'data/okdesk'
[23:59:16] - [Инфо] [LOG] Заявка не является завершенной (OkDesk ID: 3022) Пропуск...
[23:59:16] - [Инфо] Developer - Mkrtchyan Martun <mart@kassa26.ru>
[23:59:16] - [Инфо] [OkDesk] Файл: '3236-3236data.json' - уже существует в 'data/okdesk'
[23:59:16] - [Инфо] [LOG] Заявка не является завершенной (OkDesk ID: 3236) Пропуск...
[23:59:16] - [Инфо] Developer - Mkrtchyan Martun <mart@kassa26.ru>
[23:59:16] - [Инфо] [OkDesk] Файл: '3264-3264data.json' - уже существует в 'data/okdesk'
[23:59:16] - [Инфо] [LOG] Заявка не является завершенной (OkDesk ID: 3264) Пропуск...
[23:59:16] - [Инфо] Developer - Mkrtchyan Martun <mart@kassa26.ru>
[23:59:16] - [Инфо] [OkDesk] Файл: '3304-3304data.json' - уже существует в 'data/okdesk'
[23:59:17] - [Инфо] [LOG] Заявка не является завершенной (OkDesk ID: 3304) Пропуск...
[23:59:17] - [Инфо] Developer - Mkrtchyan Martun <mart@kassa26.ru>
[23:59:17] - [Инфо] [OkDesk] Файл: '3316-3316data.json' - уже существует в 'data/okdesk'
[23:59:17] - [Инфо] Сущность с ID: 3316 обработана на сервере.
[23:59:17] - [Инфо] Developer - Mkrtchyan Martun <mart@kassa26.ru>
[23:59:17] - [Инфо] [OkDesk] Файл: '3344-3344data.json' - уже существует в 'data/okdesk'
[23:59:17] - [Инфо] [LOG] Заявка не является завершенной (OkDesk ID: 3344) Пропуск...
[23:59:17] - [Инфо] Developer - Mkrtchyan Martun <mart@kassa26.ru>
[23:59:17] - [Инфо] [OkDesk] Файл: '3350-3350data.json' - уже существует в 'data/okdesk'
[23:59:18] - [Инфо] [LOG] Заявка не является завершенной (OkDesk ID: 3350) Пропуск...
[23:59:18] - [Инфо] Developer - Mkrtchyan Martun <mart@kassa26.ru>
[23:59:18] - [Инфо] [OkDesk] Файл: '3351-3351data.json' - уже существует в 'data/okdesk'
[23:59:18] - [Инфо] Сущность с ID: 3351 обработана на сервере.
[23:59:18] - [Инфо] Developer - Mkrtchyan Martun <mart@kassa26.ru>
[23:59:18] - [Инфо] [OkDesk] Файл: '3367-3367data.json' - уже существует в 'data/okdesk'
[23:59:18] - [Инфо] [LOG] Заявка не является завершенной (OkDesk ID: 3367) Пропуск...
[23:59:18] - [Инфо] Developer - Mkrtchyan Martun <mart@kassa26.ru>
[23:59:18] - [Инфо] Отправка данных в Спутник...
[23:59:18] - [Инфо] task status: success, task time status: success
[23:59:18] - [Инфо] SputnikTaskID: 34455
[23:59:18] - [Инфо] Отправка данных в Спутник...
[23:59:18] - [Инфо] task status: success, task time status: success
[23:59:18] - [Инфо] SputnikTaskID: 34456
[23:59:19] - [Инфо] comment id: 173709, task comment status: success
[23:59:19] - [Инфо] comment id: 173710, task comment status: success
[23:59:19] - [Инфо] comment id: 173711, task comment status: success
[23:59:19] - [Инфо] Сущность с ID: 3371 обработана на сервере.
[23:59:19] - [Инфо] comment id: 173713, task comment status: success
[23:59:19] - [Инфо] comment id: 173712, task comment status: success
[23:59:19] - [Инфо] Отправка данных в Спутник...
[23:59:19] - [Инфо] task status: success, task time status: success
[23:59:19] - [Инфо] SputnikTaskID: 34457
[23:59:19] - [Инфо] comment id: 173714, task comment status: success
[23:59:20] - [Инфо] comment id: 173715, task comment status: success
