[23:59:1] - [Инфо] Начало цикла след. последовательности
[23:59:1] - [Инфо] Developer - Mkrtchyan Martun <mart@kassa26.ru>
[23:59:2] - Заявка уже была ранее выгружена. (OkDesk ID: 1859), пожалуйста исправьте ошибку[23:59:2] - [Инфо] Сущность с ID: 1860 обработана на сервере.
[23:59:3] - [Инфо] Отправка данных в Спутник...
[23:59:3] - [Инфо] task status: success, task time status: success
[23:59:3] - [Инфо] SputnikTaskID: 31686
[23:59:3] - [Инфо] Сущность с ID: 1861 обработана на сервере.
[23:59:3] - [Инфо] Отправка данных в Спутник...
[23:59:3] - [Инфо] task status: success, task time status: success
[23:59:3] - [Инфо] SputnikTaskID: 31687
[23:59:3] - [Инфо] comment id: 159243, task comment status: success
[23:59:3] - [Инфо] comment id: 159244, task comment status: success
[23:59:3] - [Инфо] Сущность с ID: 1862 обработана на сервере.
[23:59:4] - [Инфо] Отправка данных в Спутник...
[23:59:4] - [Инфо] task status: success, task time status: success
[23:59:4] - [Инфо] SputnikTaskID: 31688
[23:59:4] - [Инфо] comment id: 159245, task comment status: success
[23:59:4] - [Инфо] Сущность с ID: 1863 обработана на сервере.
[23:59:4] - [Инфо] Отправка данных в Спутник...
[23:59:4] - [Инфо] task status: success, task time status: success
[23:59:4] - [Инфо] SputnikTaskID: 31689
[23:59:4] - [Инфо] comment id: 159246, task comment status: success
[23:59:5] - [Инфо] Сущность с ID: 1864 обработана на сервере.
[23:59:5] - [Инфо] Отправка данных в Спутник...
[23:59:5] - [Инфо] task status: success, task time status: success
[23:59:5] - [Инфо] SputnikTaskID: 31690
[23:59:5] - [Инфо] 1865
[23:59:5] - [Инфо] [LOG] Заявка не является завершенной (OkDesk ID: 1865) Пропуск...
[23:59:5] - [Инфо] comment id: 159247, task comment status: success
[23:59:6] - [Инфо] Сущность с ID: 1866 обработана на сервере.
[23:59:6] - [Инфо] Отправка данных в Спутник...
[23:59:6] - [Инфо] task status: success, task time status: success
[23:59:6] - [Инфо] SputnikTaskID: 31691
[23:59:6] - [Инфо] comment id: 159248, task comment status: success
[23:59:6] - [Инфо] Сущность с ID: 1867 обработана на сервере.
[23:59:6] - [Инфо] Отправка данных в Спутник...
[23:59:6] - [Инфо] task status: success, task time status: success
[23:59:6] - [Инфо] SputnikTaskID: 31692
[23:59:7] - [Инфо] comment id: 159249, task comment status: success
[23:59:7] - [Инфо] Сущность с ID: 1868 обработана на сервере.
[23:59:7] - [Инфо] Отправка данных в Спутник...
[23:59:7] - [Инфо] task status: success, task time status: success
[23:59:7] - [Инфо] SputnikTaskID: 31693
[23:59:7] - [Инфо] comment id: 159250, task comment status: success
[23:59:7] - [Инфо] Сущность с ID: 1869 обработана на сервере.
[23:59:7] - Записи 1870 не существует, пожалуйста исправьте ошибку[23:59:7] - [Инфо] Начало автоматической выгрузки данных
[23:59:7] - [Инфо] Developer - Mkrtchyan Martun <mart@kassa26.ru>
[23:59:7] - [Инфо] [OkDesk] Файл: '1086-1086data.json' - уже существует в 'data/okdesk'
[23:59:8] - [Инфо] Отправка данных в Спутник...
[23:59:8] - [Инфо] task status: success, task time status: success
[23:59:8] - [Инфо] SputnikTaskID: 31694
[23:59:8] - [Инфо] [LOG] Заявка не является завершенной (OkDesk ID: 1086) Пропуск...
[23:59:8] - [Инфо] Developer - Mkrtchyan Martun <mart@kassa26.ru>
[23:59:8] - [Инфо] [OkDesk] Файл: '1178-1178data.json' - уже существует в 'data/okdesk'
[23:59:8] - [Инфо] comment id: 159251, task comment status: success
[23:59:8] - [Инфо] [LOG] Заявка не является завершенной (OkDesk ID: 1178) Пропуск...
[23:59:8] - [Инфо] Developer - Mkrtchyan Martun <mart@kassa26.ru>
[23:59:8] - [Инфо] [OkDesk] Файл: '1197-1197data.json' - уже существует в 'data/okdesk'
[23:59:8] - [Инфо] [LOG] Заявка не является завершенной (OkDesk ID: 1197) Пропуск...
[23:59:8] - [Инфо] Developer - Mkrtchyan Martun <mart@kassa26.ru>
[23:59:8] - [Инфо] [OkDesk] Файл: '1287-1287data.json' - уже существует в 'data/okdesk'
[23:59:9] - [Инфо] [LOG] Заявка не является завершенной (OkDesk ID: 1287) Пропуск...
[23:59:9] - [Инфо] Developer - Mkrtchyan Martun <mart@kassa26.ru>
[23:59:9] - [Инфо] [OkDesk] Файл: '1344-1344data.json' - уже существует в 'data/okdesk'
[23:59:9] - [Инфо] [LOG] Заявка не является завершенной (OkDesk ID: 1344) Пропуск...
[23:59:9] - [Инфо] Developer - Mkrtchyan Martun <mart@kassa26.ru>
[23:59:9] - [Инфо] [OkDesk] Файл: '1422-1422data.json' - уже существует в 'data/okdesk'
[23:59:9] - [Инфо] [LOG] Заявка не является завершенной (OkDesk ID: 1422) Пропуск...
[23:59:9] - [Инфо] Developer - Mkrtchyan Martun <mart@kassa26.ru>
[23:59:9] - [Инфо] [OkDesk] Файл: '1477-1477data.json' - уже существует в 'data/okdesk'
[23:59:9] - [Инфо] [LOG] Заявка не является завершенной (OkDesk ID: 1477) Пропуск...
[23:59:9] - [Инфо] Developer - Mkrtchyan Martun <mart@kassa26.ru>
[23:59:9] - [Инфо] [OkDesk] Файл: '1549-1549data.json' - уже существует в 'data/okdesk'
[23:59:10] - [Инфо] [LOG] Заявка не является завершенной (OkDesk ID: 1549) Пропуск...
[23:59:10] - [Инфо] Developer - Mkrtchyan Martun <mart@kassa26.ru>
[23:59:10] - [Инфо] [OkDesk] Файл: '1555-1555data.json' - уже существует в 'data/okdesk'
[23:59:10] - [Инфо] [LOG] Заявка не является завершенной (OkDesk ID: 1555) Пропуск...
[23:59:10] - [Инфо] Developer - Mkrtchyan Martun <mart@kassa26.ru>
[23:59:10] - [Инфо] [OkDesk] Файл: '1593-1593data.json' - уже существует в 'data/okdesk'
[23:59:10] - [Инфо] [LOG] Заявка не является завершенной (OkDesk ID: 1593) Пропуск...
[23:59:10] - [Инфо] Developer - Mkrtchyan Martun <mart@kassa26.ru>
[23:59:10] - [Инфо] [OkDesk] Файл: '1607-1607data.json' - уже существует в 'data/okdesk'
[23:59:11] - [Инфо] [LOG] Заявка не является завершенной (OkDesk ID: 1607) Пропуск...
[23:59:11] - [Инфо] Developer - Mkrtchyan Martun <mart@kassa26.ru>
[23:59:11] - [Инфо] [OkDesk] Файл: '1635-1635data.json' - уже существует в 'data/okdesk'
[23:59:11] - [Инфо] [LOG] Заявка не является завершенной (OkDesk ID: 1635) Пропуск...
[23:59:11] - [Инфо] Developer - Mkrtchyan Martun <mart@kassa26.ru>
[23:59:11] - [Инфо] [OkDesk] Файл: '1832-1832data.json' - уже существует в 'data/okdesk'
[23:59:11] - [Инфо] [LOG] Заявка не является завершенной (OkDesk ID: 1832) Пропуск...
[23:59:11] - [Инфо] Developer - Mkrtchyan Martun <mart@kassa26.ru>
[23:59:11] - [Инфо] [OkDesk] Файл: '1840-1840data.json' - уже существует в 'data/okdesk'
[23:59:12] - [Инфо] Сущность с ID: 1840 обработана на сервере.
[23:59:12] - [Инфо] Developer - Mkrtchyan Martun <mart@kassa26.ru>
[23:59:12] - [Инфо] [OkDesk] Файл: '1841-1841data.json' - уже существует в 'data/okdesk'
[23:59:12] - [Инфо] Отправка данных в Спутник...
[23:59:12] - [Инфо] task status: success, task time status: success
[23:59:12] - [Инфо] SputnikTaskID: 31695
[23:59:12] - [Инфо] [LOG] Заявка не является завершенной (OkDesk ID: 1841) Пропуск...
[23:59:12] - [Инфо] Developer - Mkrtchyan Martun <mart@kassa26.ru>
[23:59:12] - [Инфо] [OkDesk] Файл: '1842-1842data.json' - уже существует в 'data/okdesk'
[23:59:12] - [Инфо] comment id: 159252, task comment status: success
[23:59:12] - [Инфо] Сущность с ID: 1842 обработана на сервере.
[23:59:12] - [Инфо] Developer - Mkrtchyan Martun <mart@kassa26.ru>
[23:59:13] - [Инфо] Отправка данных в Спутник...
[23:59:13] - [Инфо] task status: success, task time status: success
[23:59:13] - [Инфо] SputnikTaskID: 31696
[23:59:13] - [Инфо] comment id: 159253, task comment status: success
[23:59:13] - [Инфо] [LOG] Заявка не является завершенной (OkDesk ID: 1852) Пропуск...
