[23:59:0] - [Инфо] Начало цикла след. последовательности
[23:59:0] - [Инфо] Developer - Mkrtchyan Martun <mart@kassa26.ru>
[23:59:1] - Заявка уже была ранее выгружена. (OkDesk ID: 2136), пожалуйста исправьте ошибку[23:59:1] - [Инфо] Сущность с ID: 2137 обработана на сервере.
[23:59:2] - [Инфо] Отправка данных в Спутник...
[23:59:2] - [Инфо] task status: success, task time status: success
[23:59:2] - [Инфо] SputnikTaskID: 32221
[23:59:2] - [Инфо] Сущность с ID: 2138 обработана на сервере.
[23:59:2] - [Инфо] Отправка данных в Спутник...
[23:59:2] - [Инфо] task status: success, task time status: success
[23:59:2] - [Инфо] SputnikTaskID: 32222
[23:59:2] - [Инфо] comment id: 162446, task comment status: success
[23:59:2] - [Инфо] comment id: 162447, task comment status: success
[23:59:2] - [Инфо] Сущность с ID: 2139 обработана на сервере.
[23:59:2] - [Инфо] comment id: 162448, task comment status: success
[23:59:3] - [Инфо] Отправка данных в Спутник...
[23:59:3] - [Инфо] task status: success, task time status: success
[23:59:3] - [Инфо] SputnikTaskID: 32223
[23:59:3] - [Инфо] comment id: 162449, task comment status: success
[23:59:3] - [Инфо] 2140
[23:59:3] - [Инфо] [LOG] Заявка не является завершенной (OkDesk ID: 2140) Пропуск...
[23:59:3] - [Инфо] comment id: 162450, task comment status: success
[23:59:3] - [Инфо] comment id: 162451, task comment status: success
[23:59:3] - [Инфо] comment id: 162452, task comment status: success
[23:59:3] - [Инфо] comment id: 162453, task comment status: success
[23:59:3] - [Инфо] comment id: 162454, task comment status: success
[23:59:3] - [Инфо] comment id: 162455, task comment status: success
[23:59:3] - [Инфо] comment id: 162456, task comment status: success
[23:59:3] - [Инфо] Сущность с ID: 2141 обработана на сервере.
[23:59:3] - [Инфо] comment id: 162457, task comment status: success
[23:59:4] - [Инфо] Отправка данных в Спутник...
[23:59:4] - [Инфо] task status: success, task time status: success
[23:59:4] - [Инфо] SputnikTaskID: 32224
[23:59:4] - [Инфо] comment id: 162458, task comment status: success
[23:59:4] - [Инфо] comment id: 162459, task comment status: success
[23:59:4] - [Инфо] Сущность с ID: 2142 обработана на сервере.
[23:59:4] - [Инфо] comment id: 162460, task comment status: success
[23:59:4] - [Инфо] comment id: 162461, task comment status: success
[23:59:4] - [Инфо] Отправка данных в Спутник...
[23:59:4] - [Инфо] task status: success, task time status: success
[23:59:4] - [Инфо] SputnikTaskID: 32225
[23:59:4] - [Инфо] comment id: 162462, task comment status: success
[23:59:4] - [Инфо] comment id: 162463, task comment status: success
[23:59:4] - [Инфо] Сущность с ID: 2143 обработана на сервере.
[23:59:4] - Записи 2144 не существует, пожалуйста исправьте ошибку[23:59:4] - [Инфо] Начало автоматической выгрузки данных
[23:59:4] - [Инфо] Developer - Mkrtchyan Martun <mart@kassa26.ru>
[23:59:4] - [Инфо] [OkDesk] Файл: '2062-2062data.json' - уже существует в 'data/okdesk'
[23:59:4] - [Инфо] Отправка данных в Спутник...
[23:59:4] - [Инфо] task status: success, task time status: success
[23:59:4] - [Инфо] SputnikTaskID: 32226
[23:59:5] - [Инфо] [LOG] Заявка не является завершенной (OkDesk ID: 2062) Пропуск...
[23:59:5] - [Инфо] Developer - Mkrtchyan Martun <mart@kassa26.ru>
[23:59:5] - [Инфо] [OkDesk] Файл: '2097-2097data.json' - уже существует в 'data/okdesk'
[23:59:5] - [Инфо] comment id: 162464, task comment status: success
[23:59:5] - Записи 2097 не существует, пожалуйста исправьте ошибку[23:59:5] - Записи 2097 не существует, пожалуйста исправьте ошибку[23:59:5] - [Инфо] comment id: 162465, task comment status: success
[23:59:5] - [Инфо] comment id: 162466, task comment status: success
[23:59:5] - [Инфо] comment id: 162467, task comment status: success
