[23:59:0] - [Инфо] Начало цикла след. последовательности
[23:59:0] - [Инфо] Developer - Mkrtchyan Martun <mart@kassa26.ru>
[23:59:1] - Заявка уже была ранее выгружена. (OkDesk ID: 2497), пожалуйста исправьте ошибку[23:59:2] - [Инфо] Сущность с ID: 2498 обработана на сервере.
[23:59:2] - [Инфо] Отправка данных в Спутник...
[23:59:2] - [Инфо] task status: success, task time status: success
[23:59:2] - [Инфо] SputnikTaskID: 32789
[23:59:2] - [Инфо] Сущность с ID: 2499 обработана на сервере.
[23:59:2] - [Инфо] Отправка данных в Спутник...
[23:59:2] - [Инфо] task status: success, task time status: success
[23:59:2] - [Инфо] SputnikTaskID: 32790
[23:59:3] - [Инфо] comment id: 164942, task comment status: success
[23:59:3] - [Инфо] comment id: 164943, task comment status: success
[23:59:3] - [Инфо] Сущность с ID: 2500 обработана на сервере.
[23:59:3] - [Инфо] Отправка данных в Спутник...
[23:59:3] - [Инфо] task status: success, task time status: success
[23:59:3] - [Инфо] SputnikTaskID: 32791
[23:59:3] - [Инфо] comment id: 164944, task comment status: success
[23:59:3] - [Инфо] Сущность с ID: 2501 обработана на сервере.
[23:59:3] - Записи 2502 не существует, пожалуйста исправьте ошибку[23:59:4] - [Инфо] DEBUG: Записи 2502 не существует
[23:59:4] - Записи 2503 не существует, пожалуйста исправьте ошибку[23:59:4] - [Инфо] Отправка данных в Спутник...
[23:59:4] - [Инфо] task status: success, task time status: success
[23:59:4] - [Инфо] SputnikTaskID: 32792
[23:59:4] - [Инфо] DEBUG: Записи 2503 не существует
[23:59:4] - Записи 2504 не существует, пожалуйста исправьте ошибку[23:59:4] - [Инфо] DEBUG: Записи 2504 не существует
[23:59:4] - [Инфо] comment id: 164945, task comment status: success
[23:59:4] - Записи 2505 не существует, пожалуйста исправьте ошибку[23:59:4] - [Инфо] DEBUG: Записи 2505 не существует
[23:59:4] - Записи 2506 не существует, пожалуйста исправьте ошибку[23:59:4] - [Инфо] DEBUG: Записи 2506 не существует
[23:59:4] - Записи 2507 не существует, пожалуйста исправьте ошибку[23:59:5] - [Инфо] DEBUG: Записи 2507 не существует
[23:59:5] - Записи 2508 не существует, пожалуйста исправьте ошибку[23:59:5] - [Инфо] DEBUG: Записи 2508 не существует
[23:59:5] - Записи 2509 не существует, пожалуйста исправьте ошибку[23:59:5] - [Инфо] DEBUG: Записи 2509 не существует
[23:59:5] - Записи 2510 не существует, пожалуйста исправьте ошибку[23:59:5] - [Инфо] DEBUG: Записи 2510 не существует
[23:59:5] - Записи 2511 не существует, пожалуйста исправьте ошибку[23:59:5] - [Инфо] DEBUG: Записи 2511 не существует
[23:59:5] - Записи 2512 не существует, пожалуйста исправьте ошибку[23:59:5] - [Инфо] DEBUG: Записи 2512 не существует
[23:59:6] - Записи 2513 не существует, пожалуйста исправьте ошибку[23:59:6] - [Инфо] DEBUG: Записи 2513 не существует
[23:59:6] - Записи 2514 не существует, пожалуйста исправьте ошибку[23:59:6] - [Инфо] DEBUG: Записи 2514 не существует
[23:59:6] - Записи 2515 не существует, пожалуйста исправьте ошибку[23:59:6] - [Инфо] DEBUG: Записи 2515 не существует
[23:59:6] - Записи 2516 не существует, пожалуйста исправьте ошибку[23:59:6] - [Инфо] DEBUG: Записи 2516 не существует
[23:59:6] - Записи 2517 не существует, пожалуйста исправьте ошибку[23:59:6] - [Инфо] DEBUG: Записи 2517 не существует
[23:59:6] - Записи 2518 не существует, пожалуйста исправьте ошибку[23:59:7] - [Инфо] DEBUG: Записи 2518 не существует
[23:59:7] - Записи 2519 не существует, пожалуйста исправьте ошибку[23:59:7] - [Инфо] DEBUG: Записи 2519 не существует
[23:59:7] - Записи 2520 не существует, пожалуйста исправьте ошибку[23:59:7] - [Инфо] DEBUG: Записи 2520 не существует
[23:59:7] - Записи 2521 не существует, пожалуйста исправьте ошибку[23:59:7] - [Инфо] DEBUG: Записи 2521 не существует
[23:59:7] - Записи 2522 не существует, пожалуйста исправьте ошибку[23:59:7] - [Инфо] DEBUG: Записи 2522 не существует
[23:59:7] - [Инфо] Начало автоматической выгрузки данных
[23:59:7] - [Инфо] Developer - Mkrtchyan Martun <mart@kassa26.ru>
[23:59:7] - [Инфо] [OkDesk] Файл: '2369-2369data.json' - уже существует в 'data/okdesk'
[23:59:8] - [Инфо] [LOG] Заявка не является завершенной (OkDesk ID: 2369) Пропуск...
[23:59:8] - [Инфо] Developer - Mkrtchyan Martun <mart@kassa26.ru>
[23:59:8] - [Инфо] [OkDesk] Файл: '2446-2446data.json' - уже существует в 'data/okdesk'
[23:59:8] - [Инфо] [LOG] Заявка не является завершенной (OkDesk ID: 2446) Пропуск...
[23:59:8] - [Инфо] Developer - Mkrtchyan Martun <mart@kassa26.ru>
[23:59:8] - [Инфо] [OkDesk] Файл: '2463-2463data.json' - уже существует в 'data/okdesk'
[23:59:8] - [Инфо] [LOG] Заявка не является завершенной (OkDesk ID: 2463) Пропуск...
[23:59:8] - [Инфо] Developer - Mkrtchyan Martun <mart@kassa26.ru>
[23:59:8] - [Инфо] [OkDesk] Файл: '2472-2472data.json' - уже существует в 'data/okdesk'
[23:59:8] - [Инфо] [LOG] Заявка не является завершенной (OkDesk ID: 2472) Пропуск...
[23:59:8] - [Инфо] Developer - Mkrtchyan Martun <mart@kassa26.ru>
[23:59:8] - [Инфо] [OkDesk] Файл: '2485-2485data.json' - уже существует в 'data/okdesk'
[23:59:9] - [Инфо] [LOG] Заявка не является завершенной (OkDesk ID: 2485) Пропуск...
[23:59:9] - [Инфо] Developer - Mkrtchyan Martun <mart@kassa26.ru>
[23:59:9] - [Инфо] Сущность с ID: 2486 обработана на сервере.
[23:59:9] - [Инфо] Developer - Mkrtchyan Martun <mart@kassa26.ru>
[23:59:10] - [Инфо] Отправка данных в Спутник...
[23:59:10] - [Инфо] task status: success, task time status: success
[23:59:10] - [Инфо] SputnikTaskID: 32793
[23:59:10] - [Инфо] Сущность с ID: 2492 обработана на сервере.
[23:59:10] - [Инфо] Developer - Mkrtchyan Martun <mart@kassa26.ru>
[23:59:10] - [Инфо] comment id: 164946, task comment status: success
[23:59:10] - [Инфо] comment id: 164947, task comment status: success
[23:59:10] - [Инфо] Отправка данных в Спутник...
[23:59:10] - [Инфо] task status: success, task time status: success
[23:59:10] - [Инфо] SputnikTaskID: 32794
[23:59:10] - [Инфо] comment id: 164948, task comment status: success
[23:59:10] - [Инфо] comment id: 164949, task comment status: success
[23:59:10] - [Инфо] Сущность с ID: 2493 обработана на сервере.
[23:59:11] - [Инфо] comment id: 164950, task comment status: success
[23:59:11] - [Инфо] Отправка данных в Спутник...
[23:59:11] - [Инфо] task status: success, task time status: success
[23:59:11] - [Инфо] SputnikTaskID: 32795
[23:59:11] - [Инфо] comment id: 164951, task comment status: success
[23:59:11] - [Инфо] comment id: 164952, task comment status: success
[23:59:11] - [Инфо] comment id: 164953, task comment status: success
[23:59:11] - [Инфо] comment id: 164954, task comment status: success
