[23:59:3] - [Инфо] Начало цикла след. последовательности
[23:59:3] - [Инфо] Developer - Mkrtchyan Martun <mart@kassa26.ru>
[23:59:5] - Заявка уже была ранее выгружена. (OkDesk ID: 2785), пожалуйста исправьте ошибку[23:59:6] - [Инфо] Сущность с ID: 2786 обработана на сервере.
[23:59:6] - [Инфо] Отправка данных в Спутник...
[23:59:6] - [Инфо] task status: success, task time status: success
[23:59:6] - [Инфо] SputnikTaskID: 33352
[23:59:6] - [Инфо] Сущность с ID: 2787 обработана на сервере.
[23:59:6] - Записи 2788 не существует, пожалуйста исправьте ошибку[23:59:6] - [Инфо] DEBUG: Записи 2788 не существует
[23:59:6] - [Инфо] Отправка данных в Спутник...
[23:59:6] - [Инфо] task status: success, task time status: success
[23:59:6] - [Инфо] SputnikTaskID: 33353
[23:59:7] - Записи 2789 не существует, пожалуйста исправьте ошибку[23:59:7] - [Инфо] comment id: 167975, task comment status: success
[23:59:7] - [Инфо] comment id: 167977, task comment status: success
[23:59:7] - [Инфо] DEBUG: Записи 2789 не существует
[23:59:7] - [Инфо] comment id: 167976, task comment status: success
[23:59:7] - [Инфо] comment id: 167978, task comment status: success
[23:59:7] - [Инфо] Сущность с ID: 2790 обработана на сервере.
[23:59:8] - [Инфо] Отправка данных в Спутник...
[23:59:8] - [Инфо] task status: success, task time status: success
[23:59:8] - [Инфо] SputnikTaskID: 33354
[23:59:8] - [Инфо] comment id: 167979, task comment status: success
[23:59:8] - [Инфо] comment id: 167980, task comment status: success
[23:59:8] - [Инфо] Сущность с ID: 2791 обработана на сервере.
[23:59:8] - [Инфо] Отправка данных в Спутник...
[23:59:8] - [Инфо] task status: success, task time status: success
[23:59:8] - [Инфо] SputnikTaskID: 33355
[23:59:8] - [Инфо] comment id: 167981, task comment status: success
[23:59:9] - [Инфо] Сущность с ID: 2792 обработана на сервере.
[23:59:9] - [Инфо] comment id: 167982, task comment status: success
[23:59:9] - [Инфо] Отправка данных в Спутник...
[23:59:9] - [Инфо] task status: success, task time status: success
[23:59:9] - [Инфо] SputnikTaskID: 33356
[23:59:9] - [Инфо] comment id: 167983, task comment status: success
[23:59:9] - [Инфо] Сущность с ID: 2793 обработана на сервере.
[23:59:9] - [Инфо] Отправка данных в Спутник...
[23:59:9] - [Инфо] task status: success, task time status: success
[23:59:9] - [Инфо] SputnikTaskID: 33357
[23:59:10] - [Инфо] comment id: 167984, task comment status: success
[23:59:10] - [Инфо] 2794
[23:59:10] - [Инфо] [LOG] Заявка не является завершенной (OkDesk ID: 2794) Пропуск...
[23:59:10] - [Инфо] 2795
[23:59:10] - [Инфо] [LOG] Заявка не является завершенной (OkDesk ID: 2795) Пропуск...
[23:59:11] - [Инфо] 2796
[23:59:11] - [Инфо] [LOG] Заявка не является завершенной (OkDesk ID: 2796) Пропуск...
[23:59:11] - [Инфо] Сущность с ID: 2797 обработана на сервере.
[23:59:11] - Записи 2798 не существует, пожалуйста исправьте ошибку[23:59:11] - [Инфо] Отправка данных в Спутник...
[23:59:11] - [Инфо] task status: success, task time status: success
[23:59:11] - [Инфо] SputnikTaskID: 33358
[23:59:11] - [Инфо] DEBUG: Записи 2798 не существует
[23:59:11] - Записи 2799 не существует, пожалуйста исправьте ошибку[23:59:12] - [Инфо] DEBUG: Записи 2799 не существует
[23:59:12] - [Инфо] comment id: 167985, task comment status: success
[23:59:12] - Записи 2800 не существует, пожалуйста исправьте ошибку[23:59:12] - [Инфо] DEBUG: Записи 2800 не существует
[23:59:12] - Записи 2801 не существует, пожалуйста исправьте ошибку[23:59:12] - [Инфо] DEBUG: Записи 2801 не существует
[23:59:12] - Записи 2802 не существует, пожалуйста исправьте ошибку[23:59:12] - [Инфо] DEBUG: Записи 2802 не существует
[23:59:12] - Записи 2803 не существует, пожалуйста исправьте ошибку[23:59:12] - [Инфо] DEBUG: Записи 2803 не существует
[23:59:12] - Записи 2804 не существует, пожалуйста исправьте ошибку[23:59:12] - [Инфо] DEBUG: Записи 2804 не существует
[23:59:13] - Записи 2805 не существует, пожалуйста исправьте ошибку[23:59:13] - [Инфо] DEBUG: Записи 2805 не существует
[23:59:13] - Записи 2806 не существует, пожалуйста исправьте ошибку[23:59:13] - [Инфо] DEBUG: Записи 2806 не существует
[23:59:13] - Записи 2807 не существует, пожалуйста исправьте ошибку[23:59:13] - [Инфо] DEBUG: Записи 2807 не существует
[23:59:13] - Записи 2808 не существует, пожалуйста исправьте ошибку[23:59:13] - [Инфо] DEBUG: Записи 2808 не существует
[23:59:13] - Записи 2809 не существует, пожалуйста исправьте ошибку[23:59:13] - [Инфо] DEBUG: Записи 2809 не существует
[23:59:14] - Записи 2810 не существует, пожалуйста исправьте ошибку[23:59:14] - [Инфо] DEBUG: Записи 2810 не существует
[23:59:14] - [Инфо] Начало автоматической выгрузки данных
[23:59:14] - [Инфо] Developer - Mkrtchyan Martun <mart@kassa26.ru>
[23:59:14] - [Инфо] [OkDesk] Файл: '2563-2563data.json' - уже существует в 'data/okdesk'
[23:59:14] - [Инфо] [LOG] Заявка не является завершенной (OkDesk ID: 2563) Пропуск...
[23:59:14] - [Инфо] Developer - Mkrtchyan Martun <mart@kassa26.ru>
[23:59:14] - [Инфо] [OkDesk] Файл: '2589-2589data.json' - уже существует в 'data/okdesk'
[23:59:14] - [Инфо] [LOG] Заявка не является завершенной (OkDesk ID: 2589) Пропуск...
[23:59:14] - [Инфо] Developer - Mkrtchyan Martun <mart@kassa26.ru>
[23:59:14] - [Инфо] [OkDesk] Файл: '2625-2625data.json' - уже существует в 'data/okdesk'
[23:59:15] - [Инфо] [LOG] Заявка не является завершенной (OkDesk ID: 2625) Пропуск...
[23:59:15] - [Инфо] Developer - Mkrtchyan Martun <mart@kassa26.ru>
[23:59:15] - [Инфо] [OkDesk] Файл: '2685-2685data.json' - уже существует в 'data/okdesk'
[23:59:15] - [Инфо] [LOG] Заявка не является завершенной (OkDesk ID: 2685) Пропуск...
[23:59:15] - [Инфо] Developer - Mkrtchyan Martun <mart@kassa26.ru>
[23:59:15] - [Инфо] [OkDesk] Файл: '2702-2702data.json' - уже существует в 'data/okdesk'
[23:59:15] - [Инфо] [LOG] Заявка не является завершенной (OkDesk ID: 2702) Пропуск...
[23:59:15] - [Инфо] Developer - Mkrtchyan Martun <mart@kassa26.ru>
[23:59:15] - [Инфо] [OkDesk] Файл: '2764-2764data.json' - уже существует в 'data/okdesk'
[23:59:16] - [Инфо] Сущность с ID: 2764 обработана на сервере.
[23:59:16] - [Инфо] Отправка данных в Спутник...
[23:59:16] - [Инфо] task status: success, task time status: success
[23:59:16] - [Инфо] SputnikTaskID: 33359
[23:59:16] - [Инфо] comment id: 167986, task comment status: success
