[23:59:2] - [Инфо] Начало цикла след. последовательности
[23:59:2] - [Инфо] Developer - Mkrtchyan Martun <mart@kassa26.ru>
[23:59:3] - Заявка уже была ранее выгружена. (OkDesk ID: 3391), пожалуйста исправьте ошибку[23:59:4] - [Инфо] Сущность с ID: 3392 обработана на сервере.
[23:59:4] - [Инфо] Отправка данных в Спутник...
[23:59:4] - [Инфо] task status: success, task time status: success
[23:59:4] - [Инфо] SputnikTaskID: 34475
[23:59:5] - [Инфо] Сущность с ID: 3393 обработана на сервере.
[23:59:5] - [Инфо] comment id: 173789, task comment status: success
[23:59:5] - [Инфо] Отправка данных в Спутник...
[23:59:5] - [Инфо] task status: success, task time status: success
[23:59:5] - [Инфо] SputnikTaskID: 34476
[23:59:5] - [Инфо] comment id: 173790, task comment status: success
[23:59:5] - [Инфо] Сущность с ID: 3394 обработана на сервере.
[23:59:6] - [Инфо] comment id: 173791, task comment status: success
[23:59:6] - [Инфо] Отправка данных в Спутник...
[23:59:6] - [Инфо] task status: success, task time status: success
[23:59:6] - [Инфо] SputnikTaskID: 34477
[23:59:6] - [Инфо] comment id: 173792, task comment status: success
[23:59:6] - [Инфо] comment id: 173793, task comment status: success
[23:59:6] - [Инфо] Сущность с ID: 3395 обработана на сервере.
[23:59:6] - [Инфо] Отправка данных в Спутник...
[23:59:6] - [Инфо] task status: success, task time status: success
[23:59:6] - [Инфо] SputnikTaskID: 34478
[23:59:7] - [Инфо] comment id: 173794, task comment status: success
[23:59:7] - [Инфо] Сущность с ID: 3396 обработана на сервере.
[23:59:7] - [Инфо] Отправка данных в Спутник...
[23:59:7] - [Инфо] task status: success, task time status: success
[23:59:7] - [Инфо] SputnikTaskID: 34479
[23:59:7] - [Инфо] comment id: 173795, task comment status: success
[23:59:7] - [Инфо] comment id: 173796, task comment status: success
[23:59:7] - [Инфо] Сущность с ID: 3397 обработана на сервере.
[23:59:7] - [Инфо] Отправка данных в Спутник...
[23:59:7] - [Инфо] task status: success, task time status: success
[23:59:7] - [Инфо] SputnikTaskID: 34480
[23:59:8] - [Инфо] comment id: 173797, task comment status: success
[23:59:8] - [Инфо] Сущность с ID: 3398 обработана на сервере.
[23:59:8] - [Инфо] Отправка данных в Спутник...
[23:59:8] - [Инфо] task status: success, task time status: success
[23:59:8] - [Инфо] SputnikTaskID: 34481
[23:59:8] - [Инфо] comment id: 173798, task comment status: success
[23:59:8] - [Инфо] Сущность с ID: 3399 обработана на сервере.
[23:59:9] - [Инфо] Отправка данных в Спутник...
[23:59:9] - [Инфо] task status: success, task time status: success
[23:59:9] - [Инфо] SputnikTaskID: 34482
[23:59:9] - [Инфо] comment id: 173799, task comment status: success
[23:59:9] - [Инфо] Сущность с ID: 3400 обработана на сервере.
[23:59:9] - Записи 3401 не существует, пожалуйста исправьте ошибку[23:59:9] - [Инфо] Отправка данных в Спутник...
[23:59:9] - [Инфо] task status: success, task time status: success
[23:59:9] - [Инфо] SputnikTaskID: 34483
[23:59:9] - [Инфо] DEBUG: Записи 3401 не существует
[23:59:9] - Записи 3402 не существует, пожалуйста исправьте ошибку[23:59:9] - [Инфо] DEBUG: Записи 3402 не существует
[23:59:9] - [Инфо] comment id: 173800, task comment status: success
[23:59:9] - Записи 3403 не существует, пожалуйста исправьте ошибку[23:59:10] - [Инфо] DEBUG: Записи 3403 не существует
[23:59:10] - [Инфо] comment id: 173801, task comment status: success
[23:59:10] - Записи 3404 не существует, пожалуйста исправьте ошибку[23:59:10] - [Инфо] comment id: 173802, task comment status: success
[23:59:10] - [Инфо] DEBUG: Записи 3404 не существует
[23:59:10] - Записи 3405 не существует, пожалуйста исправьте ошибку[23:59:10] - [Инфо] comment id: 173803, task comment status: success
[23:59:10] - [Инфо] DEBUG: Записи 3405 не существует
[23:59:10] - Записи 3406 не существует, пожалуйста исправьте ошибку[23:59:10] - [Инфо] comment id: 173804, task comment status: success
[23:59:10] - [Инфо] DEBUG: Записи 3406 не существует
[23:59:10] - [Инфо] comment id: 173805, task comment status: success
[23:59:10] - Записи 3407 не существует, пожалуйста исправьте ошибку[23:59:10] - [Инфо] comment id: 173806, task comment status: success
[23:59:10] - [Инфо] DEBUG: Записи 3407 не существует
[23:59:10] - Записи 3408 не существует, пожалуйста исправьте ошибку[23:59:10] - [Инфо] comment id: 173807, task comment status: success
[23:59:10] - [Инфо] DEBUG: Записи 3408 не существует
[23:59:11] - Записи 3409 не существует, пожалуйста исправьте ошибку[23:59:11] - [Инфо] DEBUG: Записи 3409 не существует
[23:59:11] - Записи 3410 не существует, пожалуйста исправьте ошибку[23:59:11] - [Инфо] DEBUG: Записи 3410 не существует
[23:59:11] - Записи 3411 не существует, пожалуйста исправьте ошибку[23:59:11] - [Инфо] DEBUG: Записи 3411 не существует
[23:59:11] - Записи 3412 не существует, пожалуйста исправьте ошибку[23:59:11] - [Инфо] DEBUG: Записи 3412 не существует
[23:59:11] - Записи 3413 не существует, пожалуйста исправьте ошибку[23:59:11] - [Инфо] DEBUG: Записи 3413 не существует
[23:59:11] - Записи 3414 не существует, пожалуйста исправьте ошибку[23:59:12] - [Инфо] DEBUG: Записи 3414 не существует
[23:59:12] - Записи 3415 не существует, пожалуйста исправьте ошибку[23:59:12] - [Инфо] DEBUG: Записи 3415 не существует
[23:59:12] - Записи 3416 не существует, пожалуйста исправьте ошибку[23:59:12] - [Инфо] DEBUG: Записи 3416 не существует
[23:59:12] - [Инфо] Начало автоматической выгрузки данных
[23:59:12] - [Инфо] Developer - Mkrtchyan Martun <mart@kassa26.ru>
[23:59:12] - [Инфо] [OkDesk] Файл: '2589-2589data.json' - уже существует в 'data/okdesk'
[23:59:12] - [Инфо] Сущность с ID: 2589 обработана на сервере.
[23:59:12] - [Инфо] Developer - Mkrtchyan Martun <mart@kassa26.ru>
[23:59:12] - [Инфо] [OkDesk] Файл: '2702-2702data.json' - уже существует в 'data/okdesk'
[23:59:13] - [Инфо] Отправка данных в Спутник...
[23:59:13] - [Инфо] task status: success, task time status: success
[23:59:13] - [Инфо] SputnikTaskID: 34484
[23:59:13] - [Инфо] comment id: 173808, task comment status: success
[23:59:13] - [Инфо] Сущность с ID: 2702 обработана на сервере.
[23:59:13] - [Инфо] Developer - Mkrtchyan Martun <mart@kassa26.ru>
[23:59:13] - [Инфо] [OkDesk] Файл: '2821-2821data.json' - уже существует в 'data/okdesk'
[23:59:13] - [Инфо] comment id: 173809, task comment status: success
[23:59:13] - [Инфо] comment id: 173810, task comment status: success
[23:59:13] - [Инфо] [LOG] Заявка не является завершенной (OkDesk ID: 2821) Пропуск...
[23:59:13] - [Инфо] Developer - Mkrtchyan Martun <mart@kassa26.ru>
[23:59:13] - [Инфо] [OkDesk] Файл: '2845-2845data.json' - уже существует в 'data/okdesk'
[23:59:13] - [Инфо] Отправка данных в Спутник...
[23:59:13] - [Инфо] task status: success, task time status: success
[23:59:13] - [Инфо] SputnikTaskID: 34485
[23:59:13] - [Инфо] comment id: 173811, task comment status: success
[23:59:14] - [Инфо] [LOG] Заявка не является завершенной (OkDesk ID: 2845) Пропуск...
[23:59:14] - [Инфо] Developer - Mkrtchyan Martun <mart@kassa26.ru>
[23:59:14] - [Инфо] [OkDesk] Файл: '3022-3022data.json' - уже существует в 'data/okdesk'
[23:59:14] - [Инфо] comment id: 173812, task comment status: success
[23:59:14] - [Инфо] comment id: 173813, task comment status: success
[23:59:14] - [Инфо] [LOG] Заявка не является завершенной (OkDesk ID: 3022) Пропуск...
[23:59:14] - [Инфо] Developer - Mkrtchyan Martun <mart@kassa26.ru>
[23:59:14] - [Инфо] [OkDesk] Файл: '3236-3236data.json' - уже существует в 'data/okdesk'
[23:59:14] - [Инфо] comment id: 173814, task comment status: success
[23:59:14] - [Инфо] [LOG] Заявка не является завершенной (OkDesk ID: 3236) Пропуск...
[23:59:14] - [Инфо] Developer - Mkrtchyan Martun <mart@kassa26.ru>
[23:59:14] - [Инфо] [OkDesk] Файл: '3264-3264data.json' - уже существует в 'data/okdesk'
[23:59:15] - [Инфо] Сущность с ID: 3264 обработана на сервере.
[23:59:15] - [Инфо] Developer - Mkrtchyan Martun <mart@kassa26.ru>
[23:59:15] - [Инфо] [OkDesk] Файл: '3304-3304data.json' - уже существует в 'data/okdesk'
[23:59:15] - [Инфо] Отправка данных в Спутник...
[23:59:15] - [Инфо] task status: success, task time status: success
[23:59:15] - [Инфо] SputnikTaskID: 34486
[23:59:15] - [Инфо] Сущность с ID: 3304 обработана на сервере.
[23:59:15] - [Инфо] Developer - Mkrtchyan Martun <mart@kassa26.ru>
[23:59:15] - [Инфо] [OkDesk] Файл: '3344-3344data.json' - уже существует в 'data/okdesk'
[23:59:15] - [Инфо] comment id: 173815, task comment status: success
[23:59:15] - [Инфо] Отправка данных в Спутник...
[23:59:15] - [Инфо] task status: success, task time status: success
[23:59:15] - [Инфо] SputnikTaskID: 34487
[23:59:15] - [Инфо] comment id: 173816, task comment status: success
[23:59:16] - [Инфо] Сущность с ID: 3344 обработана на сервере.
[23:59:16] - [Инфо] Developer - Mkrtchyan Martun <mart@kassa26.ru>
[23:59:16] - [Инфо] [OkDesk] Файл: '3350-3350data.json' - уже существует в 'data/okdesk'
[23:59:16] - [Инфо] Отправка данных в Спутник...
[23:59:16] - [Инфо] task status: success, task time status: success
[23:59:16] - [Инфо] SputnikTaskID: 34488
[23:59:16] - [Инфо] comment id: 173817, task comment status: success
[23:59:16] - [Инфо] comment id: 173818, task comment status: success
[23:59:16] - [Инфо] Сущность с ID: 3350 обработана на сервере.
[23:59:16] - [Инфо] Developer - Mkrtchyan Martun <mart@kassa26.ru>
[23:59:16] - [Инфо] [OkDesk] Файл: '3367-3367data.json' - уже существует в 'data/okdesk'
[23:59:16] - [Инфо] comment id: 173819, task comment status: success
[23:59:16] - [Инфо] Отправка данных в Спутник...
[23:59:16] - [Инфо] task status: success, task time status: success
[23:59:16] - [Инфо] SputnikTaskID: 34489
[23:59:16] - [Инфо] [LOG] Заявка не является завершенной (OkDesk ID: 3367) Пропуск...
[23:59:16] - [Инфо] Developer - Mkrtchyan Martun <mart@kassa26.ru>
[23:59:16] - [Инфо] comment id: 173820, task comment status: success
[23:59:17] - [Инфо] comment id: 173821, task comment status: success
[23:59:17] - [Инфо] Сущность с ID: 3380 обработана на сервере.
[23:59:17] - [Инфо] Developer - Mkrtchyan Martun <mart@kassa26.ru>
[23:59:17] - [Инфо] Отправка данных в Спутник...
[23:59:17] - [Инфо] task status: success, task time status: success
[23:59:17] - [Инфо] SputnikTaskID: 34490
[23:59:17] - [Инфо] [LOG] Заявка не является завершенной (OkDesk ID: 3382) Пропуск...
[23:59:17] - [Инфо] Developer - Mkrtchyan Martun <mart@kassa26.ru>
[23:59:17] - [Инфо] comment id: 173822, task comment status: success
[23:59:18] - [Инфо] comment id: 173823, task comment status: success
[23:59:18] - Заявка уже была ранее выгружена. (OkDesk ID: 3392), пожалуйста исправьте ошибку