[23:59:0] - [Инфо] Начало цикла след. последовательности
[23:59:0] - [Инфо] Developer - Mkrtchyan Martun <mart@kassa26.ru>
[23:59:1] - Заявка уже была ранее выгружена. (OkDesk ID: 1869), пожалуйста исправьте ошибку[23:59:2] - [Инфо] Сущность с ID: 1870 обработана на сервере.
[23:59:2] - [Инфо] 1871
[23:59:2] - [Инфо] [LOG] Заявка не является завершенной (OkDesk ID: 1871) Пропуск...
[23:59:2] - [Инфо] Отправка данных в Спутник...
[23:59:2] - [Инфо] task status: success, task time status: success
[23:59:2] - [Инфо] SputnikTaskID: 31715
[23:59:3] - [Инфо] comment id: 159330, task comment status: success
[23:59:3] - [Инфо] 1872
[23:59:3] - [Инфо] [LOG] Заявка не является завершенной (OkDesk ID: 1872) Пропуск...
[23:59:3] - [Инфо] Сущность с ID: 1873 обработана на сервере.
[23:59:4] - [Инфо] Отправка данных в Спутник...
[23:59:4] - [Инфо] task status: success, task time status: success
[23:59:4] - [Инфо] SputnikTaskID: 31716
[23:59:4] - [Инфо] comment id: 159331, task comment status: success
[23:59:4] - [Инфо] Сущность с ID: 1874 обработана на сервере.
[23:59:4] - [Инфо] Отправка данных в Спутник...
[23:59:4] - [Инфо] task status: success, task time status: success
[23:59:4] - [Инфо] SputnikTaskID: 31717
[23:59:5] - [Инфо] 1875
[23:59:5] - [Инфо] [LOG] Заявка не является завершенной (OkDesk ID: 1875) Пропуск...
[23:59:5] - [Инфо] comment id: 159332, task comment status: success
[23:59:5] - [Инфо] 1876
[23:59:5] - [Инфо] [LOG] Заявка не является завершенной (OkDesk ID: 1876) Пропуск...
[23:59:6] - [Инфо] Сущность с ID: 1877 обработана на сервере.
[23:59:6] - [Инфо] Отправка данных в Спутник...
[23:59:6] - [Инфо] task status: success, task time status: success
[23:59:6] - [Инфо] SputnikTaskID: 31718
[23:59:6] - [Инфо] comment id: 159333, task comment status: success
[23:59:6] - [Инфо] Сущность с ID: 1878 обработана на сервере.
[23:59:7] - [Инфо] Отправка данных в Спутник...
[23:59:7] - [Инфо] task status: success, task time status: success
[23:59:7] - [Инфо] SputnikTaskID: 31719
[23:59:7] - [Инфо] comment id: 159334, task comment status: success
[23:59:7] - [Инфо] 1879
[23:59:7] - [Инфо] [LOG] Заявка не является завершенной (OkDesk ID: 1879) Пропуск...
[23:59:8] - [Инфо] Сущность с ID: 1880 обработана на сервере.
[23:59:8] - [Инфо] Отправка данных в Спутник...
[23:59:8] - [Инфо] task status: success, task time status: success
[23:59:8] - [Инфо] SputnikTaskID: 31720
[23:59:8] - [Инфо] comment id: 159335, task comment status: success
[23:59:8] - [Инфо] Сущность с ID: 1881 обработана на сервере.
[23:59:8] - [Инфо] comment id: 159336, task comment status: success
[23:59:8] - [Инфо] comment id: 159337, task comment status: success
[23:59:8] - [Инфо] Отправка данных в Спутник...
[23:59:8] - [Инфо] task status: success, task time status: success
[23:59:8] - [Инфо] SputnikTaskID: 31721
[23:59:8] - [Инфо] comment id: 159338, task comment status: success
[23:59:9] - [Инфо] 1882
[23:59:9] - [Инфо] [LOG] Заявка не является завершенной (OkDesk ID: 1882) Пропуск...
[23:59:9] - [Инфо] comment id: 159339, task comment status: success
[23:59:9] - [Инфо] comment id: 159340, task comment status: success
[23:59:9] - [Инфо] comment id: 159341, task comment status: success
[23:59:9] - [Инфо] Сущность с ID: 1883 обработана на сервере.
[23:59:9] - [Инфо] Отправка данных в Спутник...
[23:59:9] - [Инфо] task status: success, task time status: success
[23:59:9] - [Инфо] SputnikTaskID: 31722
[23:59:10] - [Инфо] comment id: 159342, task comment status: success
[23:59:10] - [Инфо] Сущность с ID: 1884 обработана на сервере.
[23:59:10] - [Инфо] Отправка данных в Спутник...
[23:59:10] - [Инфо] task status: success, task time status: success
[23:59:10] - [Инфо] SputnikTaskID: 31723
[23:59:10] - [Инфо] comment id: 159343, task comment status: success
[23:59:10] - [Инфо] Сущность с ID: 1885 обработана на сервере.
[23:59:11] - [Инфо] Отправка данных в Спутник...
[23:59:11] - [Инфо] task status: success, task time status: success
[23:59:11] - [Инфо] SputnikTaskID: 31724
[23:59:11] - [Инфо] comment id: 159344, task comment status: success
[23:59:11] - [Инфо] Сущность с ID: 1886 обработана на сервере.
[23:59:11] - [Инфо] Отправка данных в Спутник...
[23:59:11] - [Инфо] task status: success, task time status: success
[23:59:11] - [Инфо] SputnikTaskID: 31725
[23:59:12] - [Инфо] comment id: 159345, task comment status: success
[23:59:12] - [Инфо] Сущность с ID: 1887 обработана на сервере.
[23:59:12] - [Инфо] Отправка данных в Спутник...
[23:59:12] - [Инфо] task status: success, task time status: success
[23:59:12] - [Инфо] SputnikTaskID: 31726
[23:59:12] - [Инфо] 1888
[23:59:12] - [Инфо] [LOG] Заявка не является завершенной (OkDesk ID: 1888) Пропуск...
[23:59:12] - Записи 1889 не существует, пожалуйста исправьте ошибку[23:59:12] - [Инфо] Начало автоматической выгрузки данных
[23:59:12] - [Инфо] Developer - Mkrtchyan Martun <mart@kassa26.ru>
[23:59:12] - [Инфо] [OkDesk] Файл: '1086-1086data.json' - уже существует в 'data/okdesk'
[23:59:12] - [Инфо] comment id: 159346, task comment status: success
[23:59:13] - [Инфо] [LOG] Заявка не является завершенной (OkDesk ID: 1086) Пропуск...
[23:59:13] - [Инфо] Developer - Mkrtchyan Martun <mart@kassa26.ru>
[23:59:13] - [Инфо] [OkDesk] Файл: '1178-1178data.json' - уже существует в 'data/okdesk'
[23:59:13] - [Инфо] [LOG] Заявка не является завершенной (OkDesk ID: 1178) Пропуск...
[23:59:13] - [Инфо] Developer - Mkrtchyan Martun <mart@kassa26.ru>
[23:59:13] - [Инфо] [OkDesk] Файл: '1197-1197data.json' - уже существует в 'data/okdesk'
[23:59:13] - [Инфо] [LOG] Заявка не является завершенной (OkDesk ID: 1197) Пропуск...
[23:59:13] - [Инфо] Developer - Mkrtchyan Martun <mart@kassa26.ru>
[23:59:13] - [Инфо] [OkDesk] Файл: '1287-1287data.json' - уже существует в 'data/okdesk'
[23:59:14] - [Инфо] [LOG] Заявка не является завершенной (OkDesk ID: 1287) Пропуск...
[23:59:14] - [Инфо] Developer - Mkrtchyan Martun <mart@kassa26.ru>
[23:59:14] - [Инфо] [OkDesk] Файл: '1344-1344data.json' - уже существует в 'data/okdesk'
[23:59:14] - [Инфо] [LOG] Заявка не является завершенной (OkDesk ID: 1344) Пропуск...
[23:59:14] - [Инфо] Developer - Mkrtchyan Martun <mart@kassa26.ru>
[23:59:14] - [Инфо] [OkDesk] Файл: '1422-1422data.json' - уже существует в 'data/okdesk'
[23:59:14] - [Инфо] [LOG] Заявка не является завершенной (OkDesk ID: 1422) Пропуск...
[23:59:14] - [Инфо] Developer - Mkrtchyan Martun <mart@kassa26.ru>
[23:59:14] - [Инфо] [OkDesk] Файл: '1477-1477data.json' - уже существует в 'data/okdesk'
[23:59:15] - [Инфо] [LOG] Заявка не является завершенной (OkDesk ID: 1477) Пропуск...
[23:59:15] - [Инфо] Developer - Mkrtchyan Martun <mart@kassa26.ru>
[23:59:15] - [Инфо] [OkDesk] Файл: '1549-1549data.json' - уже существует в 'data/okdesk'
[23:59:15] - [Инфо] [LOG] Заявка не является завершенной (OkDesk ID: 1549) Пропуск...
[23:59:15] - [Инфо] Developer - Mkrtchyan Martun <mart@kassa26.ru>
[23:59:15] - [Инфо] [OkDesk] Файл: '1555-1555data.json' - уже существует в 'data/okdesk'
[23:59:15] - [Инфо] [LOG] Заявка не является завершенной (OkDesk ID: 1555) Пропуск...
[23:59:15] - [Инфо] Developer - Mkrtchyan Martun <mart@kassa26.ru>
[23:59:15] - [Инфо] [OkDesk] Файл: '1593-1593data.json' - уже существует в 'data/okdesk'
[23:59:15] - [Инфо] [LOG] Заявка не является завершенной (OkDesk ID: 1593) Пропуск...
[23:59:15] - [Инфо] Developer - Mkrtchyan Martun <mart@kassa26.ru>
[23:59:15] - [Инфо] [OkDesk] Файл: '1607-1607data.json' - уже существует в 'data/okdesk'
[23:59:16] - [Инфо] [LOG] Заявка не является завершенной (OkDesk ID: 1607) Пропуск...
[23:59:16] - [Инфо] Developer - Mkrtchyan Martun <mart@kassa26.ru>
[23:59:16] - [Инфо] [OkDesk] Файл: '1635-1635data.json' - уже существует в 'data/okdesk'
[23:59:16] - [Инфо] [LOG] Заявка не является завершенной (OkDesk ID: 1635) Пропуск...
[23:59:16] - [Инфо] Developer - Mkrtchyan Martun <mart@kassa26.ru>
[23:59:16] - [Инфо] [OkDesk] Файл: '1832-1832data.json' - уже существует в 'data/okdesk'
[23:59:16] - [Инфо] [LOG] Заявка не является завершенной (OkDesk ID: 1832) Пропуск...
[23:59:16] - [Инфо] Developer - Mkrtchyan Martun <mart@kassa26.ru>
[23:59:16] - [Инфо] [OkDesk] Файл: '1841-1841data.json' - уже существует в 'data/okdesk'
[23:59:17] - [Инфо] [LOG] Заявка не является завершенной (OkDesk ID: 1841) Пропуск...
[23:59:17] - [Инфо] Developer - Mkrtchyan Martun <mart@kassa26.ru>
[23:59:17] - [Инфо] [OkDesk] Файл: '1852-1852data.json' - уже существует в 'data/okdesk'
[23:59:17] - [Инфо] [LOG] Заявка не является завершенной (OkDesk ID: 1852) Пропуск...
[23:59:17] - [Инфо] Developer - Mkrtchyan Martun <mart@kassa26.ru>
[23:59:18] - [Инфо] Сущность с ID: 1865 обработана на сервере.
[23:59:18] - [Инфо] Отправка данных в Спутник...
[23:59:18] - [Инфо] task status: success, task time status: success
[23:59:18] - [Инфо] SputnikTaskID: 31727
[23:59:18] - [Инфо] comment id: 159347, task comment status: success
