[23:59:0] - [Инфо] Начало цикла след. последовательности
[23:59:0] - [Инфо] Developer - Mkrtchyan Martun <mart@kassa26.ru>
[23:59:1] - Заявка уже была ранее выгружена. (OkDesk ID: 2501), пожалуйста исправьте ошибку[23:59:2] - [Инфо] Сущность с ID: 2502 обработана на сервере.
[23:59:2] - [Инфо] Отправка данных в Спутник...
[23:59:2] - [Инфо] task status: success, task time status: success
[23:59:2] - [Инфо] SputnikTaskID: 32809
[23:59:2] - [Инфо] Сущность с ID: 2503 обработана на сервере.
[23:59:3] - [Инфо] Отправка данных в Спутник...
[23:59:3] - [Инфо] task status: success, task time status: success
[23:59:3] - [Инфо] SputnikTaskID: 32810
[23:59:3] - [Инфо] comment id: 165371, task comment status: success
[23:59:3] - [Инфо] comment id: 165372, task comment status: success
[23:59:3] - [Инфо] comment id: 165373, task comment status: success
[23:59:3] - [Инфо] 2504
[23:59:3] - [Инфо] [LOG] Заявка не является завершенной (OkDesk ID: 2504) Пропуск...
[23:59:3] - [Инфо] comment id: 165374, task comment status: success
[23:59:3] - [Инфо] comment id: 165375, task comment status: success
[23:59:3] - [Инфо] comment id: 165376, task comment status: success
[23:59:3] - [Инфо] Сущность с ID: 2505 обработана на сервере.
[23:59:4] - [Инфо] Отправка данных в Спутник...
[23:59:4] - [Инфо] task status: success, task time status: success
[23:59:4] - [Инфо] SputnikTaskID: 32811
[23:59:4] - [Инфо] comment id: 165377, task comment status: success
[23:59:4] - [Инфо] Сущность с ID: 2506 обработана на сервере.
[23:59:4] - [Инфо] comment id: 165378, task comment status: success
[23:59:4] - [Инфо] Отправка данных в Спутник...
[23:59:4] - [Инфо] task status: success, task time status: success
[23:59:4] - [Инфо] SputnikTaskID: 32812
[23:59:4] - [Инфо] comment id: 165379, task comment status: success
[23:59:5] - [Инфо] Сущность с ID: 2507 обработана на сервере.
[23:59:5] - [Инфо] Отправка данных в Спутник...
[23:59:5] - [Инфо] task status: success, task time status: success
[23:59:5] - [Инфо] SputnikTaskID: 32813
[23:59:5] - [Инфо] comment id: 165380, task comment status: success
[23:59:5] - [Инфо] comment id: 165381, task comment status: success
[23:59:5] - [Инфо] Сущность с ID: 2508 обработана на сервере.
[23:59:5] - [Инфо] Отправка данных в Спутник...
[23:59:5] - [Инфо] task status: success, task time status: success
[23:59:5] - [Инфо] SputnikTaskID: 32814
[23:59:6] - [Инфо] comment id: 165382, task comment status: success
[23:59:6] - [Инфо] comment id: 165383, task comment status: success
[23:59:6] - [Инфо] Сущность с ID: 2509 обработана на сервере.
[23:59:6] - [Инфо] Отправка данных в Спутник...
[23:59:6] - [Инфо] task status: success, task time status: success
[23:59:6] - [Инфо] SputnikTaskID: 32815
[23:59:6] - [Инфо] comment id: 165384, task comment status: success
[23:59:6] - [Инфо] 2510
[23:59:6] - [Инфо] [LOG] Заявка не является завершенной (OkDesk ID: 2510) Пропуск...
[23:59:6] - [Инфо] comment id: 165385, task comment status: success
[23:59:7] - [Инфо] Сущность с ID: 2511 обработана на сервере.
[23:59:7] - [Инфо] Отправка данных в Спутник...
[23:59:7] - [Инфо] task status: success, task time status: success
[23:59:7] - [Инфо] SputnikTaskID: 32816
[23:59:7] - [Инфо] comment id: 165386, task comment status: success
[23:59:7] - [Инфо] 2512
[23:59:7] - [Инфо] [LOG] Заявка не является завершенной (OkDesk ID: 2512) Пропуск...
[23:59:8] - [Инфо] comment id: 165387, task comment status: success
[23:59:8] - [Инфо] comment id: 165388, task comment status: success
[23:59:8] - [Инфо] Сущность с ID: 2513 обработана на сервере.
[23:59:8] - [Инфо] Отправка данных в Спутник...
[23:59:8] - [Инфо] task status: success, task time status: success
[23:59:8] - [Инфо] SputnikTaskID: 32817
[23:59:8] - [Инфо] comment id: 165389, task comment status: success
[23:59:9] - [Инфо] comment id: 165390, task comment status: success
[23:59:10] - [Инфо] Сущность с ID: 2514 обработана на сервере.
[23:59:10] - [Инфо] Отправка данных в Спутник...
[23:59:10] - [Инфо] task status: success, task time status: success
[23:59:10] - [Инфо] SputnikTaskID: 32818
[23:59:10] - [Инфо] comment id: 165391, task comment status: success
[23:59:10] - [Инфо] comment id: 165392, task comment status: success
[23:59:10] - [Инфо] Сущность с ID: 2515 обработана на сервере.
[23:59:10] - [Инфо] Отправка данных в Спутник...
[23:59:10] - [Инфо] task status: success, task time status: success
[23:59:10] - [Инфо] SputnikTaskID: 32819
[23:59:11] - [Инфо] comment id: 165393, task comment status: success
[23:59:11] - [Инфо] 2516
[23:59:11] - [Инфо] [LOG] Заявка не является завершенной (OkDesk ID: 2516) Пропуск...
[23:59:11] - Записи 2517 не существует, пожалуйста исправьте ошибку[23:59:11] - [Инфо] DEBUG: Записи 2517 не существует
[23:59:11] - Записи 2518 не существует, пожалуйста исправьте ошибку[23:59:11] - [Инфо] DEBUG: Записи 2518 не существует
[23:59:11] - Записи 2519 не существует, пожалуйста исправьте ошибку[23:59:11] - [Инфо] DEBUG: Записи 2519 не существует
[23:59:11] - Записи 2520 не существует, пожалуйста исправьте ошибку[23:59:12] - [Инфо] DEBUG: Записи 2520 не существует
[23:59:12] - Записи 2521 не существует, пожалуйста исправьте ошибку[23:59:12] - [Инфо] DEBUG: Записи 2521 не существует
[23:59:12] - Записи 2522 не существует, пожалуйста исправьте ошибку[23:59:12] - [Инфо] DEBUG: Записи 2522 не существует
[23:59:12] - Записи 2523 не существует, пожалуйста исправьте ошибку[23:59:12] - [Инфо] DEBUG: Записи 2523 не существует
[23:59:12] - Записи 2524 не существует, пожалуйста исправьте ошибку[23:59:12] - [Инфо] DEBUG: Записи 2524 не существует
[23:59:12] - Записи 2525 не существует, пожалуйста исправьте ошибку[23:59:13] - [Инфо] DEBUG: Записи 2525 не существует
[23:59:13] - Записи 2526 не существует, пожалуйста исправьте ошибку[23:59:13] - [Инфо] DEBUG: Записи 2526 не существует
[23:59:13] - [Инфо] Начало автоматической выгрузки данных
[23:59:13] - [Инфо] Developer - Mkrtchyan Martun <mart@kassa26.ru>
[23:59:13] - [Инфо] [OkDesk] Файл: '2369-2369data.json' - уже существует в 'data/okdesk'
[23:59:13] - [Инфо] [LOG] Заявка не является завершенной (OkDesk ID: 2369) Пропуск...
[23:59:13] - [Инфо] Developer - Mkrtchyan Martun <mart@kassa26.ru>
[23:59:13] - [Инфо] [OkDesk] Файл: '2446-2446data.json' - уже существует в 'data/okdesk'
[23:59:13] - [Инфо] [LOG] Заявка не является завершенной (OkDesk ID: 2446) Пропуск...
[23:59:13] - [Инфо] Developer - Mkrtchyan Martun <mart@kassa26.ru>
[23:59:13] - [Инфо] [OkDesk] Файл: '2463-2463data.json' - уже существует в 'data/okdesk'
[23:59:14] - [Инфо] [LOG] Заявка не является завершенной (OkDesk ID: 2463) Пропуск...
[23:59:14] - [Инфо] Developer - Mkrtchyan Martun <mart@kassa26.ru>
[23:59:14] - [Инфо] [OkDesk] Файл: '2472-2472data.json' - уже существует в 'data/okdesk'
[23:59:14] - [Инфо] [LOG] Заявка не является завершенной (OkDesk ID: 2472) Пропуск...
[23:59:14] - [Инфо] Developer - Mkrtchyan Martun <mart@kassa26.ru>
[23:59:14] - [Инфо] [OkDesk] Файл: '2485-2485data.json' - уже существует в 'data/okdesk'
[23:59:14] - [Инфо] [LOG] Заявка не является завершенной (OkDesk ID: 2485) Пропуск...
