[23:59:1] - [Инфо] Начало цикла след. последовательности
[23:59:1] - [Инфо] Developer - Mkrtchyan Martun <mart@kassa26.ru>
[23:59:2] - Заявка уже была ранее выгружена. (OkDesk ID: 2143), пожалуйста исправьте ошибку[23:59:2] - [Инфо] Сущность с ID: 2144 обработана на сервере.
[23:59:3] - [Инфо] Отправка данных в Спутник...
[23:59:3] - [Инфо] task status: success, task time status: success
[23:59:3] - [Инфо] SputnikTaskID: 32227
[23:59:3] - [Инфо] Сущность с ID: 2145 обработана на сервере.
[23:59:3] - [Инфо] comment id: 162468, task comment status: success
[23:59:3] - [Инфо] Сущность с ID: 2146 обработана на сервере.
[23:59:3] - [Инфо] Отправка данных в Спутник...
[23:59:3] - [Инфо] task status: success, task time status: success
[23:59:3] - [Инфо] SputnikTaskID: 32228
[23:59:4] - [Инфо] comment id: 162469, task comment status: success
[23:59:4] - [Инфо] 2147
[23:59:4] - [Инфо] [LOG] Заявка не является завершенной (OkDesk ID: 2147) Пропуск...
[23:59:4] - [Инфо] 2148
[23:59:4] - [Инфо] [LOG] Заявка не является завершенной (OkDesk ID: 2148) Пропуск...
[23:59:5] - [Инфо] Сущность с ID: 2149 обработана на сервере.
[23:59:5] - Записи 2150 не существует, пожалуйста исправьте ошибку[23:59:5] - [Инфо] Начало автоматической выгрузки данных
[23:59:5] - [Инфо] Developer - Mkrtchyan Martun <mart@kassa26.ru>
[23:59:5] - [Инфо] [OkDesk] Файл: '2062-2062data.json' - уже существует в 'data/okdesk'
[23:59:5] - [Инфо] Отправка данных в Спутник...
[23:59:5] - [Инфо] task status: success, task time status: success
[23:59:5] - [Инфо] SputnikTaskID: 32229
[23:59:5] - [Инфо] [LOG] Заявка не является завершенной (OkDesk ID: 2062) Пропуск...
[23:59:5] - [Инфо] Developer - Mkrtchyan Martun <mart@kassa26.ru>
[23:59:5] - [Инфо] [OkDesk] Файл: '2097-2097data.json' - уже существует в 'data/okdesk'
[23:59:5] - [Инфо] comment id: 162470, task comment status: success
[23:59:5] - Записи 2097 не существует, пожалуйста исправьте ошибку[23:59:5] - Записи 2097 не существует, пожалуйста исправьте ошибку