[23:59:1] - [Инфо] Начало цикла след. последовательности
[23:59:1] - [Инфо] Developer - Mkrtchyan Martun <mart@kassa26.ru>
[23:59:3] - Заявка уже была ранее выгружена. (OkDesk ID: 2797), пожалуйста исправьте ошибку[23:59:4] - [Инфо] Сущность с ID: 2798 обработана на сервере.
[23:59:4] - [Инфо] Отправка данных в Спутник...
[23:59:4] - [Инфо] task status: success, task time status: success
[23:59:4] - [Инфо] SputnikTaskID: 33368
[23:59:4] - [Инфо] Сущность с ID: 2799 обработана на сервере.
[23:59:4] - [Инфо] Отправка данных в Спутник...
[23:59:4] - [Инфо] task status: success, task time status: success
[23:59:4] - [Инфо] SputnikTaskID: 33369
[23:59:5] - [Инфо] comment id: 168178, task comment status: success
[23:59:5] - [Инфо] comment id: 168179, task comment status: success
[23:59:5] - [Инфо] Сущность с ID: 2800 обработана на сервере.
[23:59:5] - [Инфо] comment id: 168180, task comment status: success
[23:59:5] - [Инфо] Отправка данных в Спутник...
[23:59:5] - [Инфо] task status: success, task time status: success
[23:59:5] - [Инфо] SputnikTaskID: 33370
[23:59:5] - [Инфо] comment id: 168181, task comment status: success
[23:59:5] - [Инфо] comment id: 168182, task comment status: success
[23:59:6] - [Инфо] Сущность с ID: 2801 обработана на сервере.
[23:59:6] - [Инфо] Отправка данных в Спутник...
[23:59:6] - [Инфо] task status: success, task time status: success
[23:59:6] - [Инфо] SputnikTaskID: 33371
[23:59:6] - [Инфо] comment id: 168183, task comment status: success
[23:59:6] - [Инфо] Сущность с ID: 2802 обработана на сервере.
[23:59:6] - [Инфо] comment id: 168184, task comment status: success
[23:59:6] - Записи 2803 не существует, пожалуйста исправьте ошибку[23:59:6] - [Инфо] DEBUG: Записи 2803 не существует
[23:59:6] - [Инфо] comment id: 168185, task comment status: success
[23:59:6] - [Инфо] Отправка данных в Спутник...
[23:59:6] - [Инфо] task status: success, task time status: success
[23:59:6] - [Инфо] SputnikTaskID: 33372
[23:59:6] - Записи 2804 не существует, пожалуйста исправьте ошибку[23:59:7] - [Инфо] DEBUG: Записи 2804 не существует
[23:59:7] - Записи 2805 не существует, пожалуйста исправьте ошибку[23:59:7] - [Инфо] comment id: 168186, task comment status: success
[23:59:7] - [Инфо] DEBUG: Записи 2805 не существует
[23:59:7] - [Инфо] comment id: 168187, task comment status: success
[23:59:7] - Записи 2806 не существует, пожалуйста исправьте ошибку[23:59:7] - [Инфо] DEBUG: Записи 2806 не существует
[23:59:7] - Записи 2807 не существует, пожалуйста исправьте ошибку[23:59:7] - [Инфо] DEBUG: Записи 2807 не существует
[23:59:7] - Записи 2808 не существует, пожалуйста исправьте ошибку[23:59:7] - [Инфо] DEBUG: Записи 2808 не существует
[23:59:7] - Записи 2809 не существует, пожалуйста исправьте ошибку[23:59:8] - [Инфо] DEBUG: Записи 2809 не существует
[23:59:8] - Записи 2810 не существует, пожалуйста исправьте ошибку[23:59:8] - [Инфо] DEBUG: Записи 2810 не существует
[23:59:8] - Записи 2811 не существует, пожалуйста исправьте ошибку[23:59:8] - [Инфо] DEBUG: Записи 2811 не существует
[23:59:8] - Записи 2812 не существует, пожалуйста исправьте ошибку[23:59:8] - [Инфо] DEBUG: Записи 2812 не существует
[23:59:8] - Записи 2813 не существует, пожалуйста исправьте ошибку[23:59:8] - [Инфо] DEBUG: Записи 2813 не существует
[23:59:8] - Записи 2814 не существует, пожалуйста исправьте ошибку[23:59:9] - [Инфо] DEBUG: Записи 2814 не существует
[23:59:9] - Записи 2815 не существует, пожалуйста исправьте ошибку[23:59:9] - [Инфо] DEBUG: Записи 2815 не существует
[23:59:9] - Записи 2816 не существует, пожалуйста исправьте ошибку[23:59:9] - [Инфо] DEBUG: Записи 2816 не существует
[23:59:9] - Записи 2817 не существует, пожалуйста исправьте ошибку[23:59:9] - [Инфо] DEBUG: Записи 2817 не существует
[23:59:9] - Записи 2818 не существует, пожалуйста исправьте ошибку[23:59:9] - [Инфо] DEBUG: Записи 2818 не существует
[23:59:9] - Записи 2819 не существует, пожалуйста исправьте ошибку[23:59:9] - [Инфо] DEBUG: Записи 2819 не существует
[23:59:10] - Записи 2820 не существует, пожалуйста исправьте ошибку[23:59:10] - [Инфо] DEBUG: Записи 2820 не существует
[23:59:10] - Записи 2821 не существует, пожалуйста исправьте ошибку[23:59:10] - [Инфо] DEBUG: Записи 2821 не существует
[23:59:10] - Записи 2822 не существует, пожалуйста исправьте ошибку[23:59:10] - [Инфо] DEBUG: Записи 2822 не существует
[23:59:10] - [Инфо] Начало автоматической выгрузки данных
[23:59:10] - [Инфо] Developer - Mkrtchyan Martun <mart@kassa26.ru>
[23:59:10] - [Инфо] [OkDesk] Файл: '2563-2563data.json' - уже существует в 'data/okdesk'
[23:59:10] - [Инфо] [LOG] Заявка не является завершенной (OkDesk ID: 2563) Пропуск...
[23:59:10] - [Инфо] Developer - Mkrtchyan Martun <mart@kassa26.ru>
[23:59:10] - [Инфо] [OkDesk] Файл: '2589-2589data.json' - уже существует в 'data/okdesk'
[23:59:11] - [Инфо] [LOG] Заявка не является завершенной (OkDesk ID: 2589) Пропуск...
[23:59:11] - [Инфо] Developer - Mkrtchyan Martun <mart@kassa26.ru>
[23:59:11] - [Инфо] [OkDesk] Файл: '2625-2625data.json' - уже существует в 'data/okdesk'
[23:59:11] - [Инфо] [LOG] Заявка не является завершенной (OkDesk ID: 2625) Пропуск...
[23:59:11] - [Инфо] Developer - Mkrtchyan Martun <mart@kassa26.ru>
[23:59:11] - [Инфо] [OkDesk] Файл: '2685-2685data.json' - уже существует в 'data/okdesk'
[23:59:11] - [Инфо] [LOG] Заявка не является завершенной (OkDesk ID: 2685) Пропуск...
[23:59:11] - [Инфо] Developer - Mkrtchyan Martun <mart@kassa26.ru>
[23:59:11] - [Инфо] [OkDesk] Файл: '2702-2702data.json' - уже существует в 'data/okdesk'
[23:59:12] - [Инфо] [LOG] Заявка не является завершенной (OkDesk ID: 2702) Пропуск...
[23:59:12] - [Инфо] Developer - Mkrtchyan Martun <mart@kassa26.ru>
[23:59:12] - [Инфо] Сущность с ID: 2794 обработана на сервере.
[23:59:12] - [Инфо] Developer - Mkrtchyan Martun <mart@kassa26.ru>
[23:59:13] - [Инфо] Отправка данных в Спутник...
[23:59:13] - [Инфо] task status: success, task time status: success
[23:59:13] - [Инфо] SputnikTaskID: 33373
[23:59:13] - [Инфо] comment id: 168188, task comment status: success
[23:59:13] - [Инфо] comment id: 168189, task comment status: success
[23:59:13] - [Инфо] Сущность с ID: 2795 обработана на сервере.
[23:59:13] - [Инфо] Developer - Mkrtchyan Martun <mart@kassa26.ru>
[23:59:13] - [Инфо] comment id: 168190, task comment status: success
[23:59:13] - [Инфо] Отправка данных в Спутник...
[23:59:13] - [Инфо] task status: success, task time status: success
[23:59:13] - [Инфо] SputnikTaskID: 33374
[23:59:13] - [Инфо] comment id: 168191, task comment status: success
[23:59:14] - [Инфо] Сущность с ID: 2796 обработана на сервере.
[23:59:14] - [Инфо] Отправка данных в Спутник...
[23:59:14] - [Инфо] task status: success, task time status: success
[23:59:14] - [Инфо] SputnikTaskID: 33375
[23:59:14] - [Инфо] comment id: 168192, task comment status: success
[23:59:14] - [Инфо] comment id: 168193, task comment status: success
