[23:59:0] - [Инфо] Начало цикла след. последовательности
[23:59:0] - [Инфо] Developer - Mkrtchyan Martun <mart@kassa26.ru>
[23:59:1] - Заявка уже была ранее выгружена. (OkDesk ID: 2515), пожалуйста исправьте ошибку[23:59:1] - [Инфо] [LOG] Заявка не является завершенной (OkDesk ID: 2516) Пропуск...
[23:59:2] - [Инфо] Сущность с ID: 2517 обработана на сервере.
[23:59:2] - [Инфо] Отправка данных в Спутник...
[23:59:2] - [Инфо] task status: success, task time status: success
[23:59:2] - [Инфо] SputnikTaskID: 32830
[23:59:2] - [Инфо] Сущность с ID: 2518 обработана на сервере.
[23:59:3] - [Инфо] comment id: 165434, task comment status: success
[23:59:3] - [Инфо] Отправка данных в Спутник...
[23:59:3] - [Инфо] task status: success, task time status: success
[23:59:3] - [Инфо] SputnikTaskID: 32831
[23:59:3] - [Инфо] Сущность с ID: 2519 обработана на сервере.
[23:59:3] - [Инфо] comment id: 165435, task comment status: success
[23:59:3] - [Инфо] comment id: 165436, task comment status: success
[23:59:3] - [Инфо] Отправка данных в Спутник...
[23:59:3] - [Инфо] task status: success, task time status: success
[23:59:3] - [Инфо] SputnikTaskID: 32832
[23:59:4] - [Инфо] comment id: 165437, task comment status: success
[23:59:4] - [Инфо] Сущность с ID: 2520 обработана на сервере.
[23:59:4] - [Инфо] comment id: 165438, task comment status: success
[23:59:4] - [Инфо] Отправка данных в Спутник...
[23:59:4] - [Инфо] task status: success, task time status: success
[23:59:4] - [Инфо] SputnikTaskID: 32833
[23:59:4] - [Инфо] comment id: 165439, task comment status: success
[23:59:4] - [Инфо] Сущность с ID: 2521 обработана на сервере.
[23:59:4] - [Инфо] Отправка данных в Спутник...
[23:59:4] - [Инфо] task status: success, task time status: success
[23:59:4] - [Инфо] SputnikTaskID: 32834
[23:59:5] - [Инфо] comment id: 165440, task comment status: success
[23:59:5] - [Инфо] Сущность с ID: 2522 обработана на сервере.
[23:59:5] - [Инфо] Отправка данных в Спутник...
[23:59:5] - [Инфо] task status: success, task time status: success
[23:59:5] - [Инфо] SputnikTaskID: 32835
[23:59:5] - [Инфо] comment id: 165441, task comment status: success
[23:59:6] - [Инфо] Сущность с ID: 2523 обработана на сервере.
[23:59:6] - [Инфо] Отправка данных в Спутник...
[23:59:6] - [Инфо] task status: success, task time status: success
[23:59:6] - [Инфо] SputnikTaskID: 32836
[23:59:6] - [Инфо] comment id: 165442, task comment status: success
[23:59:6] - [Инфо] Сущность с ID: 2524 обработана на сервере.
[23:59:6] - [Инфо] comment id: 165443, task comment status: success
[23:59:6] - [Инфо] Отправка данных в Спутник...
[23:59:6] - [Инфо] task status: success, task time status: success
[23:59:6] - [Инфо] SputnikTaskID: 32837
[23:59:6] - [Инфо] comment id: 165444, task comment status: success
[23:59:6] - [Инфо] comment id: 165445, task comment status: success
[23:59:7] - [Инфо] comment id: 165446, task comment status: success
[23:59:7] - [Инфо] Сущность с ID: 2525 обработана на сервере.
[23:59:7] - [Инфо] comment id: 165447, task comment status: success
[23:59:7] - [Инфо] Отправка данных в Спутник...
[23:59:7] - [Инфо] task status: success, task time status: success
[23:59:7] - [Инфо] SputnikTaskID: 32838
[23:59:7] - [Инфо] comment id: 165448, task comment status: success
[23:59:7] - [Инфо] comment id: 165449, task comment status: success
[23:59:7] - [Инфо] comment id: 165450, task comment status: success
[23:59:7] - [Инфо] Сущность с ID: 2526 обработана на сервере.
[23:59:7] - [Инфо] Отправка данных в Спутник...
[23:59:7] - [Инфо] task status: success, task time status: success
[23:59:7] - [Инфо] SputnikTaskID: 32839
[23:59:8] - [Инфо] 2527
[23:59:8] - [Инфо] [LOG] Заявка не является завершенной (OkDesk ID: 2527) Пропуск...
[23:59:8] - [Инфо] comment id: 165451, task comment status: success
[23:59:8] - [Инфо] comment id: 165452, task comment status: success
[23:59:8] - [Инфо] Сущность с ID: 2528 обработана на сервере.
[23:59:8] - Записи 2529 не существует, пожалуйста исправьте ошибку[23:59:8] - [Инфо] DEBUG: Записи 2529 не существует
[23:59:8] - [Инфо] Отправка данных в Спутник...
[23:59:8] - [Инфо] task status: success, task time status: success
[23:59:8] - [Инфо] SputnikTaskID: 32840
[23:59:9] - Записи 2530 не существует, пожалуйста исправьте ошибку[23:59:9] - [Инфо] DEBUG: Записи 2530 не существует
[23:59:9] - [Инфо] comment id: 165453, task comment status: success
[23:59:9] - Записи 2531 не существует, пожалуйста исправьте ошибку[23:59:9] - [Инфо] DEBUG: Записи 2531 не существует
[23:59:9] - Записи 2532 не существует, пожалуйста исправьте ошибку[23:59:9] - [Инфо] DEBUG: Записи 2532 не существует
[23:59:9] - Записи 2533 не существует, пожалуйста исправьте ошибку[23:59:9] - [Инфо] DEBUG: Записи 2533 не существует
[23:59:9] - Записи 2534 не существует, пожалуйста исправьте ошибку[23:59:9] - [Инфо] DEBUG: Записи 2534 не существует
[23:59:10] - Записи 2535 не существует, пожалуйста исправьте ошибку[23:59:10] - [Инфо] DEBUG: Записи 2535 не существует
[23:59:10] - Записи 2536 не существует, пожалуйста исправьте ошибку[23:59:10] - [Инфо] DEBUG: Записи 2536 не существует
[23:59:10] - Записи 2537 не существует, пожалуйста исправьте ошибку[23:59:10] - [Инфо] DEBUG: Записи 2537 не существует
[23:59:10] - Записи 2538 не существует, пожалуйста исправьте ошибку[23:59:10] - [Инфо] DEBUG: Записи 2538 не существует
[23:59:10] - Записи 2539 не существует, пожалуйста исправьте ошибку[23:59:10] - [Инфо] DEBUG: Записи 2539 не существует
[23:59:10] - Записи 2540 не существует, пожалуйста исправьте ошибку[23:59:11] - [Инфо] DEBUG: Записи 2540 не существует
[23:59:11] - [Инфо] Начало автоматической выгрузки данных
[23:59:11] - [Инфо] Developer - Mkrtchyan Martun <mart@kassa26.ru>
[23:59:11] - [Инфо] [OkDesk] Файл: '2369-2369data.json' - уже существует в 'data/okdesk'
[23:59:11] - [Инфо] [LOG] Заявка не является завершенной (OkDesk ID: 2369) Пропуск...
[23:59:11] - [Инфо] Developer - Mkrtchyan Martun <mart@kassa26.ru>
[23:59:11] - [Инфо] [OkDesk] Файл: '2446-2446data.json' - уже существует в 'data/okdesk'
[23:59:11] - [Инфо] [LOG] Заявка не является завершенной (OkDesk ID: 2446) Пропуск...
[23:59:11] - [Инфо] Developer - Mkrtchyan Martun <mart@kassa26.ru>
[23:59:11] - [Инфо] [OkDesk] Файл: '2463-2463data.json' - уже существует в 'data/okdesk'
[23:59:12] - [Инфо] [LOG] Заявка не является завершенной (OkDesk ID: 2463) Пропуск...
[23:59:12] - [Инфо] Developer - Mkrtchyan Martun <mart@kassa26.ru>
[23:59:12] - [Инфо] [OkDesk] Файл: '2472-2472data.json' - уже существует в 'data/okdesk'
[23:59:12] - [Инфо] Сущность с ID: 2472 обработана на сервере.
[23:59:12] - [Инфо] Developer - Mkrtchyan Martun <mart@kassa26.ru>
[23:59:12] - [Инфо] [OkDesk] Файл: '2485-2485data.json' - уже существует в 'data/okdesk'
[23:59:12] - [Инфо] Отправка данных в Спутник...
[23:59:12] - [Инфо] task status: success, task time status: success
[23:59:12] - [Инфо] SputnikTaskID: 32841
[23:59:12] - [Инфо] [LOG] Заявка не является завершенной (OkDesk ID: 2485) Пропуск...
[23:59:12] - [Инфо] Developer - Mkrtchyan Martun <mart@kassa26.ru>
[23:59:12] - [Инфо] comment id: 165454, task comment status: success
[23:59:13] - [Инфо] comment id: 165455, task comment status: success
[23:59:13] - [Инфо] [LOG] Заявка не является завершенной (OkDesk ID: 2504) Пропуск...
[23:59:13] - [Инфо] Developer - Mkrtchyan Martun <mart@kassa26.ru>
[23:59:13] - [Инфо] Сущность с ID: 2510 обработана на сервере.
[23:59:13] - [Инфо] Developer - Mkrtchyan Martun <mart@kassa26.ru>
[23:59:14] - [Инфо] Отправка данных в Спутник...
[23:59:14] - [Инфо] task status: success, task time status: success
[23:59:14] - [Инфо] SputnikTaskID: 32842
[23:59:14] - [Инфо] comment id: 165456, task comment status: success
[23:59:14] - [Инфо] Сущность с ID: 2512 обработана на сервере.
[23:59:14] - [Инфо] Developer - Mkrtchyan Martun <mart@kassa26.ru>
[23:59:14] - [Инфо] comment id: 165457, task comment status: success
[23:59:14] - [Инфо] Отправка данных в Спутник...
[23:59:14] - [Инфо] task status: success, task time status: success
[23:59:14] - [Инфо] SputnikTaskID: 32843
[23:59:14] - [Инфо] comment id: 165458, task comment status: success
[23:59:14] - [Инфо] comment id: 165459, task comment status: success
[23:59:15] - [Инфо] [LOG] Заявка не является завершенной (OkDesk ID: 2516) Пропуск...
[23:59:15] - [Инфо] comment id: 165460, task comment status: success
[23:59:15] - [Инфо] comment id: 165461, task comment status: success
[23:59:15] - [Инфо] comment id: 165462, task comment status: success
[23:59:15] - [Инфо] comment id: 165463, task comment status: success
[23:59:15] - [Инфо] comment id: 165464, task comment status: success
