[23:59:3] - [Инфо] Начало цикла след. последовательности
[23:59:3] - [Инфо] Developer - Mkrtchyan Martun <mart@kassa26.ru>
[23:59:5] - Заявка уже была ранее выгружена. (OkDesk ID: 3400), пожалуйста исправьте ошибку[23:59:6] - [Инфо] 3401
[23:59:6] - [Инфо] [LOG] Заявка не является завершенной (OkDesk ID: 3401) Пропуск...
[23:59:7] - [Инфо] Сущность с ID: 3402 обработана на сервере.
[23:59:7] - [Инфо] Отправка данных в Спутник...
[23:59:7] - [Инфо] task status: success, task time status: success
[23:59:7] - [Инфо] SputnikTaskID: 34513
[23:59:7] - [Инфо] Сущность с ID: 3403 обработана на сервере.
[23:59:7] - [Инфо] Отправка данных в Спутник...
[23:59:7] - [Инфо] task status: success, task time status: success
[23:59:7] - [Инфо] SputnikTaskID: 34514
[23:59:8] - [Инфо] comment id: 173939, task comment status: success
[23:59:8] - [Инфо] comment id: 173940, task comment status: success
[23:59:8] - [Инфо] Сущность с ID: 3404 обработана на сервере.
[23:59:8] - [Инфо] comment id: 173941, task comment status: success
[23:59:8] - [Инфо] Отправка данных в Спутник...
[23:59:8] - [Инфо] task status: success, task time status: success
[23:59:8] - [Инфо] SputnikTaskID: 34515
[23:59:8] - [Инфо] comment id: 173942, task comment status: success
[23:59:9] - [Инфо] comment id: 173943, task comment status: success
[23:59:9] - [Инфо] Сущность с ID: 3405 обработана на сервере.
[23:59:9] - [Инфо] comment id: 173944, task comment status: success
[23:59:9] - [Инфо] Отправка данных в Спутник...
[23:59:9] - [Инфо] task status: success, task time status: success
[23:59:9] - [Инфо] SputnikTaskID: 34516
[23:59:9] - [Инфо] comment id: 173945, task comment status: success
[23:59:9] - [Инфо] comment id: 173946, task comment status: success
[23:59:9] - [Инфо] comment id: 173947, task comment status: success
[23:59:10] - [Инфо] Сущность с ID: 3406 обработана на сервере.
[23:59:10] - [Инфо] comment id: 173948, task comment status: success
[23:59:10] - [Инфо] Отправка данных в Спутник...
[23:59:10] - [Инфо] task status: success, task time status: success
[23:59:10] - [Инфо] SputnikTaskID: 34517
[23:59:10] - [Инфо] comment id: 173949, task comment status: success
[23:59:10] - [Инфо] Сущность с ID: 3407 обработана на сервере.
[23:59:10] - [Инфо] comment id: 173950, task comment status: success
[23:59:10] - [Инфо] Отправка данных в Спутник...
[23:59:10] - [Инфо] task status: success, task time status: success
[23:59:10] - [Инфо] SputnikTaskID: 34518
[23:59:10] - [Инфо] comment id: 173951, task comment status: success
[23:59:11] - [Инфо] Сущность с ID: 3408 обработана на сервере.
[23:59:11] - [Инфо] comment id: 173952, task comment status: success
[23:59:11] - [Инфо] Отправка данных в Спутник...
[23:59:11] - [Инфо] task status: success, task time status: success
[23:59:11] - [Инфо] SputnikTaskID: 34519
[23:59:11] - [Инфо] comment id: 173953, task comment status: success
[23:59:11] - [Инфо] comment id: 173954, task comment status: success
[23:59:11] - [Инфо] Сущность с ID: 3409 обработана на сервере.
[23:59:11] - [Инфо] Отправка данных в Спутник...
[23:59:11] - [Инфо] task status: success, task time status: success
[23:59:11] - [Инфо] SputnikTaskID: 34520
[23:59:12] - [Инфо] Сущность с ID: 3410 обработана на сервере.
[23:59:12] - [Инфо] comment id: 173955, task comment status: success
[23:59:12] - [Инфо] comment id: 173956, task comment status: success
[23:59:12] - [Инфо] Отправка данных в Спутник...
[23:59:12] - [Инфо] task status: success, task time status: success
[23:59:12] - [Инфо] SputnikTaskID: 34521
[23:59:12] - [Инфо] comment id: 173957, task comment status: success
[23:59:12] - [Инфо] comment id: 173958, task comment status: success
[23:59:12] - [Инфо] comment id: 173959, task comment status: success
[23:59:12] - [Инфо] Сущность с ID: 3411 обработана на сервере.
[23:59:12] - [Инфо] Отправка данных в Спутник...
[23:59:12] - [Инфо] task status: success, task time status: success
[23:59:12] - [Инфо] SputnikTaskID: 34522
[23:59:13] - [Инфо] comment id: 173960, task comment status: success
[23:59:13] - [Инфо] Сущность с ID: 3412 обработана на сервере.
[23:59:13] - [Инфо] Отправка данных в Спутник...
[23:59:13] - [Инфо] task status: success, task time status: success
[23:59:13] - [Инфо] SputnikTaskID: 34523
[23:59:13] - [Инфо] comment id: 173961, task comment status: success
[23:59:13] - [Инфо] comment id: 173962, task comment status: success
[23:59:13] - [Инфо] Сущность с ID: 3413 обработана на сервере.
[23:59:13] - [Инфо] Отправка данных в Спутник...
[23:59:13] - [Инфо] task status: success, task time status: success
[23:59:13] - [Инфо] SputnikTaskID: 34524
[23:59:14] - [Инфо] comment id: 173963, task comment status: success
[23:59:14] - [Инфо] Сущность с ID: 3414 обработана на сервере.
[23:59:14] - [Инфо] comment id: 173964, task comment status: success
[23:59:14] - [Инфо] Отправка данных в Спутник...
[23:59:14] - [Инфо] task status: success, task time status: success
[23:59:14] - [Инфо] SputnikTaskID: 34525
[23:59:14] - [Инфо] comment id: 173965, task comment status: success
[23:59:14] - [Инфо] comment id: 173966, task comment status: success
[23:59:14] - [Инфо] Сущность с ID: 3415 обработана на сервере.
[23:59:15] - [Инфо] Отправка данных в Спутник...
[23:59:15] - [Инфо] task status: success, task time status: success
[23:59:15] - [Инфо] SputnikTaskID: 34526
[23:59:15] - [Инфо] comment id: 173967, task comment status: success
[23:59:15] - [Инфо] Сущность с ID: 3416 обработана на сервере.
[23:59:15] - [Инфо] comment id: 173968, task comment status: success
[23:59:15] - [Инфо] Отправка данных в Спутник...
[23:59:15] - [Инфо] task status: success, task time status: success
[23:59:15] - [Инфо] SputnikTaskID: 34527
[23:59:15] - [Инфо] comment id: 173969, task comment status: success
[23:59:15] - [Инфо] 3417
[23:59:15] - [Инфо] [LOG] Заявка не является завершенной (OkDesk ID: 3417) Пропуск...
[23:59:15] - [Инфо] comment id: 173970, task comment status: success
[23:59:15] - [Инфо] comment id: 173971, task comment status: success
[23:59:15] - [Инфо] comment id: 173972, task comment status: success
[23:59:16] - [Инфо] comment id: 173973, task comment status: success
[23:59:16] - [Инфо] comment id: 173974, task comment status: success
[23:59:16] - [Инфо] Сущность с ID: 3418 обработана на сервере.
[23:59:16] - [Инфо] Отправка данных в Спутник...
[23:59:16] - [Инфо] task status: success, task time status: success
[23:59:16] - [Инфо] SputnikTaskID: 34528
[23:59:16] - [Инфо] comment id: 173975, task comment status: success
[23:59:16] - [Инфо] Сущность с ID: 3419 обработана на сервере.
[23:59:16] - [Инфо] comment id: 173976, task comment status: success
[23:59:16] - [Инфо] Отправка данных в Спутник...
[23:59:16] - [Инфо] task status: success, task time status: success
[23:59:16] - [Инфо] SputnikTaskID: 34529
[23:59:16] - [Инфо] comment id: 173977, task comment status: success
[23:59:17] - [Инфо] comment id: 173978, task comment status: success
[23:59:17] - [Инфо] Сущность с ID: 3420 обработана на сервере.
[23:59:17] - [Инфо] comment id: 173979, task comment status: success
[23:59:17] - [Инфо] Отправка данных в Спутник...
[23:59:17] - [Инфо] task status: success, task time status: success
[23:59:17] - [Инфо] SputnikTaskID: 34530
[23:59:17] - [Инфо] comment id: 173980, task comment status: success
[23:59:17] - [Инфо] Сущность с ID: 3421 обработана на сервере.
[23:59:17] - [Инфо] comment id: 173981, task comment status: success
[23:59:17] - [Инфо] Отправка данных в Спутник...
[23:59:17] - [Инфо] task status: success, task time status: success
[23:59:17] - [Инфо] SputnikTaskID: 34531
[23:59:18] - [Инфо] 3422
[23:59:18] - [Инфо] [LOG] Заявка не является завершенной (OkDesk ID: 3422) Пропуск...
[23:59:18] - [Инфо] comment id: 173982, task comment status: success
[23:59:18] - [Инфо] Сущность с ID: 3423 обработана на сервере.
[23:59:18] - [Инфо] Отправка данных в Спутник...
[23:59:18] - [Инфо] task status: success, task time status: success
[23:59:18] - [Инфо] SputnikTaskID: 34532
[23:59:19] - [Инфо] comment id: 173983, task comment status: success
[23:59:19] - [Инфо] Сущность с ID: 3424 обработана на сервере.
[23:59:19] - [Инфо] comment id: 173984, task comment status: success
[23:59:19] - [Инфо] comment id: 173985, task comment status: success
[23:59:19] - [Инфо] Отправка данных в Спутник...
[23:59:19] - [Инфо] task status: success, task time status: success
[23:59:19] - [Инфо] SputnikTaskID: 34533
[23:59:19] - [Инфо] comment id: 173986, task comment status: success
[23:59:19] - [Инфо] comment id: 173987, task comment status: success
[23:59:19] - [Инфо] Сущность с ID: 3425 обработана на сервере.
[23:59:19] - [Инфо] Начало автоматической выгрузки данных
[23:59:19] - [Инфо] Developer - Mkrtchyan Martun <mart@kassa26.ru>
[23:59:19] - [Инфо] [OkDesk] Файл: '2821-2821data.json' - уже существует в 'data/okdesk'
[23:59:20] - [Инфо] comment id: 173988, task comment status: success
[23:59:20] - [Инфо] Отправка данных в Спутник...
[23:59:20] - [Инфо] task status: success, task time status: success
[23:59:20] - [Инфо] SputnikTaskID: 34534
[23:59:20] - [Инфо] [LOG] Заявка не является завершенной (OkDesk ID: 2821) Пропуск...
[23:59:20] - [Инфо] Developer - Mkrtchyan Martun <mart@kassa26.ru>
[23:59:20] - [Инфо] [OkDesk] Файл: '2845-2845data.json' - уже существует в 'data/okdesk'
[23:59:20] - [Инфо] comment id: 173989, task comment status: success
[23:59:20] - [Инфо] comment id: 173990, task comment status: success
[23:59:20] - [Инфо] [LOG] Заявка не является завершенной (OkDesk ID: 2845) Пропуск...
[23:59:20] - [Инфо] Developer - Mkrtchyan Martun <mart@kassa26.ru>
[23:59:20] - [Инфо] [OkDesk] Файл: '3022-3022data.json' - уже существует в 'data/okdesk'
[23:59:20] - [Инфо] [LOG] Заявка не является завершенной (OkDesk ID: 3022) Пропуск...
[23:59:20] - [Инфо] Developer - Mkrtchyan Martun <mart@kassa26.ru>
[23:59:20] - [Инфо] [OkDesk] Файл: '3236-3236data.json' - уже существует в 'data/okdesk'
[23:59:21] - [Инфо] [LOG] Заявка не является завершенной (OkDesk ID: 3236) Пропуск...
[23:59:21] - [Инфо] Developer - Mkrtchyan Martun <mart@kassa26.ru>
[23:59:21] - [Инфо] [OkDesk] Файл: '3367-3367data.json' - уже существует в 'data/okdesk'
[23:59:21] - [Инфо] [LOG] Заявка не является завершенной (OkDesk ID: 3367) Пропуск...
[23:59:21] - [Инфо] Developer - Mkrtchyan Martun <mart@kassa26.ru>
[23:59:21] - [Инфо] [OkDesk] Файл: '3382-3382data.json' - уже существует в 'data/okdesk'
[23:59:21] - [Инфо] Сущность с ID: 3382 обработана на сервере.
[23:59:22] - [Инфо] Отправка данных в Спутник...
[23:59:22] - [Инфо] task status: success, task time status: success
[23:59:22] - [Инфо] SputnikTaskID: 34535
[23:59:22] - [Инфо] comment id: 173991, task comment status: success
