[23:59:1] - [Инфо] Начало цикла след. последовательности
[23:59:1] - [Инфо] Developer - Mkrtchyan Martun <mart@kassa26.ru>
[23:59:1] - Заявка уже была ранее выгружена. (OkDesk ID: 2159), пожалуйста исправьте ошибку[23:59:2] - [Инфо] Сущность с ID: 2160 обработана на сервере.
[23:59:3] - [Инфо] Отправка данных в Спутник...
[23:59:3] - [Инфо] task status: success, task time status: success
[23:59:3] - [Инфо] SputnikTaskID: 32261
[23:59:3] - [Инфо] Сущность с ID: 2161 обработана на сервере.
[23:59:3] - [Инфо] Отправка данных в Спутник...
[23:59:3] - [Инфо] task status: success, task time status: success
[23:59:3] - [Инфо] SputnikTaskID: 32262
[23:59:3] - [Инфо] comment id: 162557, task comment status: success
[23:59:3] - [Инфо] Сущность с ID: 2162 обработана на сервере.
[23:59:3] - [Инфо] comment id: 162558, task comment status: success
[23:59:3] - [Инфо] comment id: 162559, task comment status: success
[23:59:3] - [Инфо] Отправка данных в Спутник...
[23:59:3] - [Инфо] task status: success, task time status: success
[23:59:3] - [Инфо] SputnikTaskID: 32263
[23:59:4] - [Инфо] comment id: 162560, task comment status: success
[23:59:4] - [Инфо] comment id: 162561, task comment status: success
[23:59:4] - [Инфо] Сущность с ID: 2163 обработана на сервере.
[23:59:4] - [Инфо] Отправка данных в Спутник...
[23:59:4] - [Инфо] task status: success, task time status: success
[23:59:4] - [Инфо] SputnikTaskID: 32264
[23:59:4] - [Инфо] comment id: 162562, task comment status: success
[23:59:4] - [Инфо] Сущность с ID: 2164 обработана на сервере.
[23:59:5] - [Инфо] Отправка данных в Спутник...
[23:59:5] - [Инфо] task status: success, task time status: success
[23:59:5] - [Инфо] SputnikTaskID: 32265
[23:59:5] - [Инфо] comment id: 162563, task comment status: success
[23:59:5] - [Инфо] comment id: 162564, task comment status: success
[23:59:5] - [Инфо] Сущность с ID: 2165 обработана на сервере.
[23:59:5] - [Инфо] comment id: 162565, task comment status: success
[23:59:5] - [Инфо] Отправка данных в Спутник...
[23:59:5] - [Инфо] task status: success, task time status: success
[23:59:5] - [Инфо] SputnikTaskID: 32266
[23:59:6] - [Инфо] comment id: 162566, task comment status: success
[23:59:6] - [Инфо] Сущность с ID: 2166 обработана на сервере.
[23:59:6] - [Инфо] Отправка данных в Спутник...
[23:59:6] - [Инфо] task status: success, task time status: success
[23:59:6] - [Инфо] SputnikTaskID: 32267
[23:59:6] - [Инфо] comment id: 162567, task comment status: success
[23:59:6] - [Инфо] 2167
[23:59:6] - [Инфо] [LOG] Заявка не является завершенной (OkDesk ID: 2167) Пропуск...
[23:59:7] - [Инфо] Сущность с ID: 2168 обработана на сервере.
[23:59:7] - [Инфо] Отправка данных в Спутник...
[23:59:7] - [Инфо] task status: success, task time status: success
[23:59:7] - [Инфо] SputnikTaskID: 32268
[23:59:7] - [Инфо] Сущность с ID: 2169 обработана на сервере.
[23:59:7] - [Инфо] Отправка данных в Спутник...
[23:59:7] - [Инфо] task status: success, task time status: success
[23:59:7] - [Инфо] SputnikTaskID: 32269
[23:59:8] - [Инфо] 2170
[23:59:8] - [Инфо] [LOG] Заявка не является завершенной (OkDesk ID: 2170) Пропуск...
[23:59:8] - [Инфо] comment id: 162568, task comment status: success
[23:59:9] - [Инфо] 2171
[23:59:9] - [Инфо] [LOG] Заявка не является завершенной (OkDesk ID: 2171) Пропуск...
[23:59:10] - [Инфо] 2172
[23:59:10] - [Инфо] [LOG] Заявка не является завершенной (OkDesk ID: 2172) Пропуск...
[23:59:10] - [Инфо] Сущность с ID: 2173 обработана на сервере.
[23:59:10] - [Инфо] Отправка данных в Спутник...
[23:59:10] - [Инфо] task status: success, task time status: success
[23:59:10] - [Инфо] SputnikTaskID: 32270
[23:59:11] - [Инфо] comment id: 162569, task comment status: success
[23:59:11] - [Инфо] Сущность с ID: 2174 обработана на сервере.
[23:59:12] - [Инфо] Отправка данных в Спутник...
[23:59:12] - [Инфо] task status: success, task time status: success
[23:59:12] - [Инфо] SputnikTaskID: 32271
[23:59:12] - [Инфо] comment id: 162570, task comment status: success
[23:59:12] - [Инфо] Сущность с ID: 2175 обработана на сервере.
[23:59:12] - [Инфо] Сущность с ID: 2176 обработана на сервере.
[23:59:13] - [Инфо] Отправка данных в Спутник...
[23:59:13] - [Инфо] task status: success, task time status: success
[23:59:13] - [Инфо] SputnikTaskID: 32272
[23:59:13] - [Инфо] comment id: 162571, task comment status: success
[23:59:13] - [Инфо] Сущность с ID: 2177 обработана на сервере.
[23:59:13] - Записи 2178 не существует, пожалуйста исправьте ошибку[23:59:13] - [Инфо] Начало автоматической выгрузки данных
[23:59:13] - [Инфо] Developer - Mkrtchyan Martun <mart@kassa26.ru>
[23:59:13] - [Инфо] [OkDesk] Файл: '2097-2097data.json' - уже существует в 'data/okdesk'
[23:59:13] - Записи 2097 не существует, пожалуйста исправьте ошибку[23:59:13] - Записи 2097 не существует, пожалуйста исправьте ошибку[23:59:13] - [Инфо] Отправка данных в Спутник...
[23:59:13] - [Инфо] task status: success, task time status: success
[23:59:13] - [Инфо] SputnikTaskID: 32273
[23:59:13] - [Инфо] comment id: 162572, task comment status: success
