[23:59:1] - [Инфо] Начало цикла след. последовательности
[23:59:1] - [Инфо] Developer - Mkrtchyan Martun <mart@kassa26.ru>
[23:59:2] - Заявка уже была ранее выгружена. (OkDesk ID: 3079), пожалуйста исправьте ошибку[23:59:2] - [Инфо] Сущность с ID: 3080 обработана на сервере.
[23:59:3] - [Инфо] Сущность с ID: 3081 обработана на сервере.
[23:59:3] - [Инфо] Сущность с ID: 3082 обработана на сервере.
[23:59:4] - [Инфо] Сущность с ID: 3083 обработана на сервере.
[23:59:4] - [Инфо] Сущность с ID: 3084 обработана на сервере.
[23:59:5] - [Инфо] Сущность с ID: 3085 обработана на сервере.
[23:59:5] - [Инфо] Сущность с ID: 3086 обработана на сервере.
[23:59:6] - [Инфо] Сущность с ID: 3087 обработана на сервере.
[23:59:6] - [Инфо] Сущность с ID: 3088 обработана на сервере.
[23:59:7] - [Инфо] Сущность с ID: 3089 обработана на сервере.
[23:59:7] - [Инфо] Сущность с ID: 3090 обработана на сервере.
[23:59:7] - [Инфо] Сущность с ID: 3091 обработана на сервере.
[23:59:8] - [Инфо] Сущность с ID: 3092 обработана на сервере.
[23:59:8] - [Инфо] Сущность с ID: 3093 обработана на сервере.
[23:59:9] - [Инфо] Сущность с ID: 3094 обработана на сервере.
[23:59:9] - [Инфо] Сущность с ID: 3095 обработана на сервере.
[23:59:10] - [Инфо] Сущность с ID: 3096 обработана на сервере.
[23:59:11] - [Инфо] Сущность с ID: 3097 обработана на сервере.
[23:59:11] - [Инфо] Сущность с ID: 3098 обработана на сервере.
[23:59:12] - [Инфо] Сущность с ID: 3099 обработана на сервере.
[23:59:12] - [Инфо] Сущность с ID: 3100 обработана на сервере.
[23:59:13] - [Инфо] Сущность с ID: 3101 обработана на сервере.
[23:59:13] - [Инфо] Сущность с ID: 3102 обработана на сервере.
[23:59:14] - [Инфо] Сущность с ID: 3103 обработана на сервере.
[23:59:14] - [Инфо] Сущность с ID: 3104 обработана на сервере.
[23:59:14] - [Инфо] Начало автоматической выгрузки данных
[23:59:14] - [Инфо] Developer - Mkrtchyan Martun <mart@kassa26.ru>
[23:59:14] - [Инфо] [OkDesk] Файл: '2563-2563data.json' - уже существует в 'data/okdesk'
[23:59:15] - [Инфо] [LOG] Заявка не является завершенной (OkDesk ID: 2563) Пропуск...
[23:59:15] - [Инфо] Developer - Mkrtchyan Martun <mart@kassa26.ru>
[23:59:15] - [Инфо] [OkDesk] Файл: '2589-2589data.json' - уже существует в 'data/okdesk'
[23:59:15] - [Инфо] [LOG] Заявка не является завершенной (OkDesk ID: 2589) Пропуск...
[23:59:15] - [Инфо] Developer - Mkrtchyan Martun <mart@kassa26.ru>
[23:59:15] - [Инфо] [OkDesk] Файл: '2625-2625data.json' - уже существует в 'data/okdesk'
[23:59:15] - [Инфо] [LOG] Заявка не является завершенной (OkDesk ID: 2625) Пропуск...
[23:59:15] - [Инфо] Developer - Mkrtchyan Martun <mart@kassa26.ru>
[23:59:15] - [Инфо] [OkDesk] Файл: '2685-2685data.json' - уже существует в 'data/okdesk'
[23:59:16] - [Инфо] [LOG] Заявка не является завершенной (OkDesk ID: 2685) Пропуск...
[23:59:16] - [Инфо] Developer - Mkrtchyan Martun <mart@kassa26.ru>
[23:59:16] - [Инфо] [OkDesk] Файл: '2702-2702data.json' - уже существует в 'data/okdesk'
[23:59:16] - [Инфо] [LOG] Заявка не является завершенной (OkDesk ID: 2702) Пропуск...
[23:59:16] - [Инфо] Developer - Mkrtchyan Martun <mart@kassa26.ru>
[23:59:16] - [Инфо] [OkDesk] Файл: '2821-2821data.json' - уже существует в 'data/okdesk'
[23:59:16] - [Инфо] [LOG] Заявка не является завершенной (OkDesk ID: 2821) Пропуск...
[23:59:16] - [Инфо] Developer - Mkrtchyan Martun <mart@kassa26.ru>
[23:59:16] - [Инфо] [OkDesk] Файл: '2845-2845data.json' - уже существует в 'data/okdesk'
[23:59:16] - [Инфо] [LOG] Заявка не является завершенной (OkDesk ID: 2845) Пропуск...
[23:59:16] - [Инфо] Developer - Mkrtchyan Martun <mart@kassa26.ru>
[23:59:16] - [Инфо] [OkDesk] Файл: '2926-2926data.json' - уже существует в 'data/okdesk'
[23:59:17] - [Инфо] [LOG] Заявка не является завершенной (OkDesk ID: 2926) Пропуск...
[23:59:17] - [Инфо] Developer - Mkrtchyan Martun <mart@kassa26.ru>
[23:59:17] - [Инфо] [OkDesk] Файл: '3022-3022data.json' - уже существует в 'data/okdesk'
[23:59:17] - [Инфо] [LOG] Заявка не является завершенной (OkDesk ID: 3022) Пропуск...
[23:59:17] - [Инфо] Developer - Mkrtchyan Martun <mart@kassa26.ru>
[23:59:17] - [Инфо] [OkDesk] Файл: '3031-3031data.json' - уже существует в 'data/okdesk'
[23:59:17] - [Инфо] Сущность с ID: 3031 обработана на сервере.
[23:59:17] - [Инфо] Developer - Mkrtchyan Martun <mart@kassa26.ru>
[23:59:17] - [Инфо] [OkDesk] Файл: '3036-3036data.json' - уже существует в 'data/okdesk'
[23:59:18] - [Инфо] [LOG] Заявка не является завершенной (OkDesk ID: 3036) Пропуск...
[23:59:18] - [Инфо] Developer - Mkrtchyan Martun <mart@kassa26.ru>
[23:59:18] - [Инфо] [OkDesk] Файл: '3056-3056data.json' - уже существует в 'data/okdesk'
[23:59:18] - [Инфо] Сущность с ID: 3056 обработана на сервере.
[23:59:18] - [Инфо] Developer - Mkrtchyan Martun <mart@kassa26.ru>
[23:59:18] - [Инфо] [LOG] Заявка не является завершенной (OkDesk ID: 3076) Пропуск...
