[23:59:2] - [Инфо] Начало цикла след. последовательности
[23:59:2] - [Инфо] Developer - Mkrtchyan Martun <mart@kassa26.ru>
[23:59:4] - Заявка уже была ранее выгружена. (OkDesk ID: 2806), пожалуйста исправьте ошибку[23:59:4] - [Инфо] Сущность с ID: 2807 обработана на сервере.
[23:59:5] - [Инфо] Отправка данных в Спутник...
[23:59:5] - [Инфо] task status: success, task time status: success
[23:59:5] - [Инфо] SputnikTaskID: 33380
[23:59:5] - [Инфо] Сущность с ID: 2808 обработана на сервере.
[23:59:5] - [Инфо] Отправка данных в Спутник...
[23:59:5] - [Инфо] task status: success, task time status: success
[23:59:5] - [Инфо] SputnikTaskID: 33381
[23:59:5] - [Инфо] comment id: 168198, task comment status: success
[23:59:6] - [Инфо] comment id: 168199, task comment status: success
[23:59:6] - [Инфо] Сущность с ID: 2809 обработана на сервере.
[23:59:6] - [Инфо] Отправка данных в Спутник...
[23:59:6] - [Инфо] task status: success, task time status: success
[23:59:6] - [Инфо] SputnikTaskID: 33382
[23:59:6] - [Инфо] comment id: 168200, task comment status: success
[23:59:6] - [Инфо] Сущность с ID: 2810 обработана на сервере.
[23:59:7] - [Инфо] Отправка данных в Спутник...
[23:59:7] - [Инфо] task status: success, task time status: success
[23:59:7] - [Инфо] SputnikTaskID: 33383
[23:59:7] - [Инфо] comment id: 168201, task comment status: success
[23:59:7] - [Инфо] Сущность с ID: 2811 обработана на сервере.
[23:59:7] - [Инфо] comment id: 168202, task comment status: success
[23:59:7] - [Инфо] comment id: 168203, task comment status: success
[23:59:7] - [Инфо] Отправка данных в Спутник...
[23:59:7] - [Инфо] task status: success, task time status: success
[23:59:7] - [Инфо] SputnikTaskID: 33384
[23:59:8] - [Инфо] comment id: 168204, task comment status: success
[23:59:8] - [Инфо] Сущность с ID: 2812 обработана на сервере.
[23:59:8] - [Инфо] Отправка данных в Спутник...
[23:59:8] - [Инфо] task status: success, task time status: success
[23:59:8] - [Инфо] SputnikTaskID: 33385
[23:59:8] - [Инфо] comment id: 168205, task comment status: success
[23:59:8] - [Инфо] Сущность с ID: 2813 обработана на сервере.
[23:59:8] - Записи 2814 не существует, пожалуйста исправьте ошибку[23:59:8] - [Инфо] DEBUG: Записи 2814 не существует
[23:59:8] - [Инфо] Отправка данных в Спутник...
[23:59:8] - [Инфо] task status: success, task time status: success
[23:59:8] - [Инфо] SputnikTaskID: 33386
[23:59:9] - Записи 2815 не существует, пожалуйста исправьте ошибку[23:59:9] - [Инфо] DEBUG: Записи 2815 не существует
[23:59:9] - Записи 2816 не существует, пожалуйста исправьте ошибку[23:59:9] - [Инфо] comment id: 168206, task comment status: success
[23:59:9] - [Инфо] DEBUG: Записи 2816 не существует
[23:59:9] - Записи 2817 не существует, пожалуйста исправьте ошибку[23:59:9] - [Инфо] DEBUG: Записи 2817 не существует
[23:59:9] - Записи 2818 не существует, пожалуйста исправьте ошибку[23:59:9] - [Инфо] DEBUG: Записи 2818 не существует
[23:59:9] - Записи 2819 не существует, пожалуйста исправьте ошибку[23:59:9] - [Инфо] DEBUG: Записи 2819 не существует
[23:59:10] - Записи 2820 не существует, пожалуйста исправьте ошибку[23:59:10] - [Инфо] DEBUG: Записи 2820 не существует
[23:59:10] - Записи 2821 не существует, пожалуйста исправьте ошибку[23:59:10] - [Инфо] DEBUG: Записи 2821 не существует
[23:59:10] - Записи 2822 не существует, пожалуйста исправьте ошибку[23:59:10] - [Инфо] DEBUG: Записи 2822 не существует
[23:59:10] - Записи 2823 не существует, пожалуйста исправьте ошибку[23:59:10] - [Инфо] DEBUG: Записи 2823 не существует
[23:59:10] - Записи 2824 не существует, пожалуйста исправьте ошибку[23:59:10] - [Инфо] DEBUG: Записи 2824 не существует
[23:59:10] - Записи 2825 не существует, пожалуйста исправьте ошибку[23:59:11] - [Инфо] DEBUG: Записи 2825 не существует
[23:59:11] - Записи 2826 не существует, пожалуйста исправьте ошибку[23:59:11] - [Инфо] DEBUG: Записи 2826 не существует
[23:59:11] - Записи 2827 не существует, пожалуйста исправьте ошибку[23:59:11] - [Инфо] DEBUG: Записи 2827 не существует
[23:59:11] - Записи 2828 не существует, пожалуйста исправьте ошибку[23:59:11] - [Инфо] DEBUG: Записи 2828 не существует
[23:59:11] - Записи 2829 не существует, пожалуйста исправьте ошибку[23:59:11] - [Инфо] DEBUG: Записи 2829 не существует
[23:59:11] - Записи 2830 не существует, пожалуйста исправьте ошибку[23:59:12] - [Инфо] DEBUG: Записи 2830 не существует
[23:59:12] - Записи 2831 не существует, пожалуйста исправьте ошибку[23:59:12] - [Инфо] DEBUG: Записи 2831 не существует
[23:59:12] - [Инфо] Начало автоматической выгрузки данных
[23:59:12] - [Инфо] Developer - Mkrtchyan Martun <mart@kassa26.ru>
[23:59:12] - [Инфо] [OkDesk] Файл: '2563-2563data.json' - уже существует в 'data/okdesk'
[23:59:12] - [Инфо] [LOG] Заявка не является завершенной (OkDesk ID: 2563) Пропуск...
[23:59:12] - [Инфо] Developer - Mkrtchyan Martun <mart@kassa26.ru>
[23:59:12] - [Инфо] [OkDesk] Файл: '2589-2589data.json' - уже существует в 'data/okdesk'
[23:59:12] - [Инфо] [LOG] Заявка не является завершенной (OkDesk ID: 2589) Пропуск...
[23:59:12] - [Инфо] Developer - Mkrtchyan Martun <mart@kassa26.ru>
[23:59:12] - [Инфо] [OkDesk] Файл: '2625-2625data.json' - уже существует в 'data/okdesk'
[23:59:13] - [Инфо] [LOG] Заявка не является завершенной (OkDesk ID: 2625) Пропуск...
[23:59:13] - [Инфо] Developer - Mkrtchyan Martun <mart@kassa26.ru>
[23:59:13] - [Инфо] [OkDesk] Файл: '2685-2685data.json' - уже существует в 'data/okdesk'
[23:59:13] - [Инфо] [LOG] Заявка не является завершенной (OkDesk ID: 2685) Пропуск...
[23:59:13] - [Инфо] Developer - Mkrtchyan Martun <mart@kassa26.ru>
[23:59:13] - [Инфо] [OkDesk] Файл: '2702-2702data.json' - уже существует в 'data/okdesk'
[23:59:13] - [Инфо] [LOG] Заявка не является завершенной (OkDesk ID: 2702) Пропуск...
