[23:59:2] - [Инфо] Начало цикла след. последовательности
[23:59:2] - [Инфо] Developer - Mkrtchyan Martun <mart@kassa26.ru>
[23:59:4] - Заявка уже была ранее выгружена. (OkDesk ID: 3425), пожалуйста исправьте ошибку[23:59:4] - [Инфо] Сущность с ID: 3426 обработана на сервере.
[23:59:5] - [Инфо] Отправка данных в Спутник...
[23:59:5] - [Инфо] task status: success, task time status: success
[23:59:5] - [Инфо] SputnikTaskID: 34548
[23:59:5] - [Инфо] Сущность с ID: 3427 обработана на сервере.
[23:59:5] - [Инфо] Отправка данных в Спутник...
[23:59:5] - [Инфо] task status: success, task time status: success
[23:59:5] - [Инфо] SputnikTaskID: 34549
[23:59:5] - [Инфо] comment id: 174062, task comment status: success
[23:59:5] - [Инфо] comment id: 174063, task comment status: success
[23:59:6] - [Инфо] comment id: 174064, task comment status: success
[23:59:6] - [Инфо] Сущность с ID: 3428 обработана на сервере.
[23:59:6] - [Инфо] Отправка данных в Спутник...
[23:59:6] - [Инфо] task status: success, task time status: success
[23:59:6] - [Инфо] SputnikTaskID: 34550
[23:59:6] - [Инфо] comment id: 174065, task comment status: success
[23:59:6] - [Инфо] Сущность с ID: 3429 обработана на сервере.
[23:59:6] - [Инфо] comment id: 174066, task comment status: success
[23:59:6] - [Инфо] Отправка данных в Спутник...
[23:59:6] - [Инфо] task status: success, task time status: success
[23:59:6] - [Инфо] SputnikTaskID: 34551
[23:59:7] - [Инфо] comment id: 174067, task comment status: success
[23:59:7] - [Инфо] comment id: 174068, task comment status: success
[23:59:7] - [Инфо] Сущность с ID: 3430 обработана на сервере.
[23:59:7] - [Инфо] Отправка данных в Спутник...
[23:59:7] - [Инфо] task status: success, task time status: success
[23:59:7] - [Инфо] SputnikTaskID: 34552
[23:59:7] - [Инфо] comment id: 174069, task comment status: success
[23:59:7] - [Инфо] Сущность с ID: 3431 обработана на сервере.
[23:59:7] - [Инфо] comment id: 174070, task comment status: success
[23:59:8] - [Инфо] Отправка данных в Спутник...
[23:59:8] - [Инфо] task status: success, task time status: success
[23:59:8] - [Инфо] SputnikTaskID: 34553
[23:59:8] - [Инфо] comment id: 174071, task comment status: success
[23:59:8] - [Инфо] Сущность с ID: 3432 обработана на сервере.
[23:59:8] - [Инфо] comment id: 174072, task comment status: success
[23:59:8] - [Инфо] comment id: 174073, task comment status: success
[23:59:8] - [Инфо] Отправка данных в Спутник...
[23:59:8] - [Инфо] task status: success, task time status: success
[23:59:8] - [Инфо] SputnikTaskID: 34554
[23:59:8] - [Инфо] comment id: 174074, task comment status: success
[23:59:8] - [Инфо] 3433
[23:59:8] - [Инфо] [LOG] Заявка не является завершенной (OkDesk ID: 3433) Пропуск...
[23:59:9] - [Инфо] comment id: 174075, task comment status: success
[23:59:9] - [Инфо] comment id: 174076, task comment status: success
[23:59:9] - [Инфо] comment id: 174077, task comment status: success
[23:59:9] - [Инфо] comment id: 174078, task comment status: success
[23:59:9] - [Инфо] Сущность с ID: 3434 обработана на сервере.
[23:59:9] - [Инфо] comment id: 174079, task comment status: success
[23:59:9] - [Инфо] Отправка данных в Спутник...
[23:59:9] - [Инфо] task status: success, task time status: success
[23:59:9] - [Инфо] SputnikTaskID: 34555
[23:59:9] - [Инфо] comment id: 174080, task comment status: success
[23:59:10] - [Инфо] comment id: 174081, task comment status: success
[23:59:10] - [Инфо] comment id: 174082, task comment status: success
[23:59:10] - [Инфо] Сущность с ID: 3435 обработана на сервере.
[23:59:10] - [Инфо] Отправка данных в Спутник...
[23:59:10] - [Инфо] task status: success, task time status: success
[23:59:10] - [Инфо] SputnikTaskID: 34556
[23:59:10] - [Инфо] comment id: 174083, task comment status: success
[23:59:10] - [Инфо] Сущность с ID: 3436 обработана на сервере.
[23:59:11] - [Инфо] Отправка данных в Спутник...
[23:59:11] - [Инфо] task status: success, task time status: success
[23:59:11] - [Инфо] SputnikTaskID: 34557
[23:59:11] - [Инфо] comment id: 174084, task comment status: success
[23:59:11] - [Инфо] 3437
[23:59:11] - [Инфо] [LOG] Заявка не является завершенной (OkDesk ID: 3437) Пропуск...
[23:59:12] - [Инфо] Сущность с ID: 3438 обработана на сервере.
[23:59:12] - [Инфо] Отправка данных в Спутник...
[23:59:12] - [Инфо] task status: success, task time status: success
[23:59:12] - [Инфо] SputnikTaskID: 34558
[23:59:12] - [Инфо] comment id: 174085, task comment status: success
[23:59:12] - [Инфо] Сущность с ID: 3439 обработана на сервере.
[23:59:12] - [Инфо] Отправка данных в Спутник...
[23:59:12] - [Инфо] task status: success, task time status: success
[23:59:12] - [Инфо] SputnikTaskID: 34559
[23:59:13] - [Инфо] comment id: 174086, task comment status: success
[23:59:13] - [Инфо] Сущность с ID: 3440 обработана на сервере.
[23:59:13] - [Инфо] Отправка данных в Спутник...
[23:59:13] - [Инфо] task status: success, task time status: success
[23:59:13] - [Инфо] SputnikTaskID: 34560
[23:59:13] - [Инфо] comment id: 174087, task comment status: success
[23:59:13] - [Инфо] Сущность с ID: 3441 обработана на сервере.
[23:59:13] - [Инфо] Отправка данных в Спутник...
[23:59:13] - [Инфо] task status: success, task time status: success
[23:59:13] - [Инфо] SputnikTaskID: 34561
[23:59:14] - [Инфо] comment id: 174088, task comment status: success
[23:59:14] - [Инфо] Сущность с ID: 3442 обработана на сервере.
[23:59:14] - [Инфо] Отправка данных в Спутник...
[23:59:14] - [Инфо] task status: success, task time status: success
[23:59:14] - [Инфо] SputnikTaskID: 34562
[23:59:14] - [Инфо] comment id: 174089, task comment status: success
[23:59:14] - [Инфо] Сущность с ID: 3443 обработана на сервере.
[23:59:15] - [Инфо] Отправка данных в Спутник...
[23:59:15] - [Инфо] task status: success, task time status: success
[23:59:15] - [Инфо] SputnikTaskID: 34563
[23:59:15] - [Инфо] comment id: 174090, task comment status: success
[23:59:15] - [Инфо] Сущность с ID: 3444 обработана на сервере.
[23:59:15] - [Инфо] Отправка данных в Спутник...
[23:59:15] - [Инфо] task status: success, task time status: success
[23:59:15] - [Инфо] SputnikTaskID: 34564
[23:59:15] - [Инфо] comment id: 174091, task comment status: success
[23:59:15] - [Инфо] Сущность с ID: 3445 обработана на сервере.
[23:59:16] - [Инфо] Отправка данных в Спутник...
[23:59:16] - [Инфо] task status: success, task time status: success
[23:59:16] - [Инфо] SputnikTaskID: 34565
[23:59:16] - [Инфо] comment id: 174092, task comment status: success
[23:59:16] - [Инфо] Сущность с ID: 3446 обработана на сервере.
[23:59:16] - [Инфо] Отправка данных в Спутник...
[23:59:16] - [Инфо] task status: success, task time status: success
[23:59:16] - [Инфо] SputnikTaskID: 34566
[23:59:16] - [Инфо] comment id: 174093, task comment status: success
[23:59:16] - [Инфо] Сущность с ID: 3447 обработана на сервере.
[23:59:17] - [Инфо] comment id: 174094, task comment status: success
[23:59:17] - [Инфо] Отправка данных в Спутник...
[23:59:17] - [Инфо] task status: success, task time status: success
[23:59:17] - [Инфо] SputnikTaskID: 34567
[23:59:17] - [Инфо] Сущность с ID: 3448 обработана на сервере.
[23:59:17] - [Инфо] comment id: 174095, task comment status: success
[23:59:17] - [Инфо] Отправка данных в Спутник...
[23:59:17] - [Инфо] task status: success, task time status: success
[23:59:17] - [Инфо] SputnikTaskID: 34568
[23:59:17] - [Инфо] 3449
[23:59:17] - [Инфо] [LOG] Заявка не является завершенной (OkDesk ID: 3449) Пропуск...
[23:59:17] - [Инфо] comment id: 174096, task comment status: success
[23:59:18] - [Инфо] Сущность с ID: 3450 обработана на сервере.
[23:59:18] - [Инфо] Начало автоматической выгрузки данных
[23:59:18] - [Инфо] Developer - Mkrtchyan Martun <mart@kassa26.ru>
[23:59:18] - [Инфо] [OkDesk] Файл: '2821-2821data.json' - уже существует в 'data/okdesk'
[23:59:18] - [Инфо] Отправка данных в Спутник...
[23:59:18] - [Инфо] task status: success, task time status: success
[23:59:18] - [Инфо] SputnikTaskID: 34569
[23:59:18] - [Инфо] comment id: 174097, task comment status: success
[23:59:18] - [Инфо] [LOG] Заявка не является завершенной (OkDesk ID: 2821) Пропуск...
[23:59:18] - [Инфо] Developer - Mkrtchyan Martun <mart@kassa26.ru>
[23:59:18] - [Инфо] [OkDesk] Файл: '2845-2845data.json' - уже существует в 'data/okdesk'
[23:59:19] - [Инфо] [LOG] Заявка не является завершенной (OkDesk ID: 2845) Пропуск...
[23:59:19] - [Инфо] Developer - Mkrtchyan Martun <mart@kassa26.ru>
[23:59:19] - [Инфо] [OkDesk] Файл: '3022-3022data.json' - уже существует в 'data/okdesk'
[23:59:19] - [Инфо] [LOG] Заявка не является завершенной (OkDesk ID: 3022) Пропуск...
[23:59:19] - [Инфо] Developer - Mkrtchyan Martun <mart@kassa26.ru>
[23:59:19] - [Инфо] [OkDesk] Файл: '3236-3236data.json' - уже существует в 'data/okdesk'
[23:59:19] - [Инфо] [LOG] Заявка не является завершенной (OkDesk ID: 3236) Пропуск...
[23:59:19] - [Инфо] Developer - Mkrtchyan Martun <mart@kassa26.ru>
[23:59:19] - [Инфо] [OkDesk] Файл: '3367-3367data.json' - уже существует в 'data/okdesk'
[23:59:20] - [Инфо] [LOG] Заявка не является завершенной (OkDesk ID: 3367) Пропуск...
[23:59:20] - [Инфо] Developer - Mkrtchyan Martun <mart@kassa26.ru>
[23:59:20] - [Инфо] [LOG] Заявка не является завершенной (OkDesk ID: 3401) Пропуск...
[23:59:20] - [Инфо] Developer - Mkrtchyan Martun <mart@kassa26.ru>
[23:59:21] - [Инфо] [LOG] Заявка не является завершенной (OkDesk ID: 3417) Пропуск...
[23:59:21] - [Инфо] Developer - Mkrtchyan Martun <mart@kassa26.ru>
[23:59:21] - [Инфо] [LOG] Заявка не является завершенной (OkDesk ID: 3422) Пропуск...
