[23:59:1] - [Инфо] Начало цикла след. последовательности
[23:59:1] - [Инфо] Developer - Mkrtchyan Martun <mart@kassa26.ru>
[23:59:2] - Заявка уже была ранее выгружена. (OkDesk ID: 2528), пожалуйста исправьте ошибку[23:59:2] - [Инфо] Сущность с ID: 2529 обработана на сервере.
[23:59:3] - [Инфо] 2530
[23:59:3] - [Инфо] [LOG] Заявка не является завершенной (OkDesk ID: 2530) Пропуск...
[23:59:3] - [Инфо] Сущность с ID: 2531 обработана на сервере.
[23:59:4] - [Инфо] Сущность с ID: 2532 обработана на сервере.
[23:59:5] - [Инфо] Сущность с ID: 2533 обработана на сервере.
[23:59:5] - [Инфо] Сущность с ID: 2534 обработана на сервере.
[23:59:6] - [Инфо] Сущность с ID: 2535 обработана на сервере.
[23:59:7] - [Инфо] Сущность с ID: 2536 обработана на сервере.
[23:59:7] - [Инфо] Сущность с ID: 2537 обработана на сервере.
[23:59:8] - [Инфо] Сущность с ID: 2538 обработана на сервере.
[23:59:8] - [Инфо] Сущность с ID: 2539 обработана на сервере.
[23:59:9] - [Инфо] Сущность с ID: 2540 обработана на сервере.
[23:59:10] - [Инфо] Сущность с ID: 2541 обработана на сервере.
[23:59:10] - [Инфо] 2542
[23:59:10] - [Инфо] [LOG] Заявка не является завершенной (OkDesk ID: 2542) Пропуск...
[23:59:10] - [Инфо] 2543
[23:59:10] - [Инфо] [LOG] Заявка не является завершенной (OkDesk ID: 2543) Пропуск...
[23:59:11] - [Инфо] 2544
[23:59:11] - [Инфо] [LOG] Заявка не является завершенной (OkDesk ID: 2544) Пропуск...
[23:59:11] - [Инфо] 2545
[23:59:11] - [Инфо] [LOG] Заявка не является завершенной (OkDesk ID: 2545) Пропуск...
[23:59:12] - [Инфо] 2546
[23:59:12] - [Инфо] [LOG] Заявка не является завершенной (OkDesk ID: 2546) Пропуск...
[23:59:12] - [Инфо] Сущность с ID: 2547 обработана на сервере.
[23:59:13] - [Инфо] 2548
[23:59:13] - [Инфо] [LOG] Заявка не является завершенной (OkDesk ID: 2548) Пропуск...
[23:59:13] - [Инфо] 2549
[23:59:13] - [Инфо] [LOG] Заявка не является завершенной (OkDesk ID: 2549) Пропуск...
[23:59:14] - [Инфо] 2550
[23:59:14] - [Инфо] [LOG] Заявка не является завершенной (OkDesk ID: 2550) Пропуск...
[23:59:15] - [Инфо] Сущность с ID: 2551 обработана на сервере.
[23:59:15] - [Инфо] 2552
[23:59:15] - [Инфо] [LOG] Заявка не является завершенной (OkDesk ID: 2552) Пропуск...
[23:59:16] - [Инфо] Сущность с ID: 2553 обработана на сервере.
[23:59:16] - [Инфо] Начало автоматической выгрузки данных
[23:59:16] - [Инфо] Developer - Mkrtchyan Martun <mart@kassa26.ru>
[23:59:16] - [Инфо] [OkDesk] Файл: '2369-2369data.json' - уже существует в 'data/okdesk'
[23:59:16] - [Инфо] [LOG] Заявка не является завершенной (OkDesk ID: 2369) Пропуск...
[23:59:16] - [Инфо] Developer - Mkrtchyan Martun <mart@kassa26.ru>
[23:59:16] - [Инфо] [OkDesk] Файл: '2446-2446data.json' - уже существует в 'data/okdesk'
[23:59:17] - [Инфо] [LOG] Заявка не является завершенной (OkDesk ID: 2446) Пропуск...
[23:59:17] - [Инфо] Developer - Mkrtchyan Martun <mart@kassa26.ru>
[23:59:17] - [Инфо] [OkDesk] Файл: '2463-2463data.json' - уже существует в 'data/okdesk'
[23:59:17] - [Инфо] [LOG] Заявка не является завершенной (OkDesk ID: 2463) Пропуск...
[23:59:17] - [Инфо] Developer - Mkrtchyan Martun <mart@kassa26.ru>
[23:59:17] - [Инфо] [OkDesk] Файл: '2485-2485data.json' - уже существует в 'data/okdesk'
[23:59:18] - [Инфо] [LOG] Заявка не является завершенной (OkDesk ID: 2485) Пропуск...
[23:59:18] - [Инфо] Developer - Mkrtchyan Martun <mart@kassa26.ru>
[23:59:18] - [Инфо] [OkDesk] Файл: '2504-2504data.json' - уже существует в 'data/okdesk'
[23:59:18] - [Инфо] Сущность с ID: 2504 обработана на сервере.
[23:59:18] - [Инфо] Developer - Mkrtchyan Martun <mart@kassa26.ru>
[23:59:18] - [Инфо] [OkDesk] Файл: '2516-2516data.json' - уже существует в 'data/okdesk'
[23:59:18] - [Инфо] Сущность с ID: 2516 обработана на сервере.
[23:59:18] - [Инфо] Developer - Mkrtchyan Martun <mart@kassa26.ru>
[23:59:19] - [Инфо] [LOG] Заявка не является завершенной (OkDesk ID: 2527) Пропуск...
