[23:59:2] - [Инфо] Начало цикла след. последовательности
[23:59:2] - [Инфо] Developer - Mkrtchyan Martun <mart@kassa26.ru>
[23:59:5] - Заявка уже была ранее выгружена. (OkDesk ID: 2813), пожалуйста исправьте ошибку[23:59:6] - [Инфо] Сущность с ID: 2814 обработана на сервере.
[23:59:6] - [Инфо] Отправка данных в Спутник...
[23:59:6] - [Инфо] task status: success, task time status: success
[23:59:6] - [Инфо] SputnikTaskID: 33399
[23:59:6] - [Инфо] Сущность с ID: 2815 обработана на сервере.
[23:59:6] - [Инфо] comment id: 168245, task comment status: success
[23:59:7] - [Инфо] Отправка данных в Спутник...
[23:59:7] - [Инфо] task status: success, task time status: success
[23:59:7] - [Инфо] SputnikTaskID: 33400
[23:59:7] - [Инфо] comment id: 168246, task comment status: success
[23:59:7] - [Инфо] Сущность с ID: 2816 обработана на сервере.
[23:59:7] - [Инфо] comment id: 168247, task comment status: success
[23:59:7] - [Инфо] Отправка данных в Спутник...
[23:59:7] - [Инфо] task status: success, task time status: success
[23:59:7] - [Инфо] SputnikTaskID: 33401
[23:59:7] - [Инфо] comment id: 168248, task comment status: success
[23:59:8] - [Инфо] comment id: 168249, task comment status: success
[23:59:8] - [Инфо] comment id: 168250, task comment status: success
[23:59:8] - [Инфо] Сущность с ID: 2817 обработана на сервере.
[23:59:8] - [Инфо] comment id: 168251, task comment status: success
[23:59:8] - [Инфо] Отправка данных в Спутник...
[23:59:8] - [Инфо] task status: success, task time status: success
[23:59:8] - [Инфо] SputnikTaskID: 33402
[23:59:8] - [Инфо] comment id: 168252, task comment status: success
[23:59:8] - [Инфо] 2818
[23:59:8] - [Инфо] [LOG] Заявка не является завершенной (OkDesk ID: 2818) Пропуск...
[23:59:10] - [Инфо] Сущность с ID: 2819 обработана на сервере.
[23:59:10] - [Инфо] Отправка данных в Спутник...
[23:59:10] - [Инфо] task status: success, task time status: success
[23:59:10] - [Инфо] SputnikTaskID: 33403
[23:59:10] - [Инфо] comment id: 168253, task comment status: success
[23:59:10] - [Инфо] Сущность с ID: 2820 обработана на сервере.
[23:59:10] - [Инфо] Отправка данных в Спутник...
[23:59:10] - [Инфо] task status: success, task time status: success
[23:59:10] - [Инфо] SputnikTaskID: 33404
[23:59:11] - [Инфо] comment id: 168254, task comment status: success
[23:59:11] - [Инфо] 2821
[23:59:11] - [Инфо] [LOG] Заявка не является завершенной (OkDesk ID: 2821) Пропуск...
[23:59:11] - [Инфо] comment id: 168255, task comment status: success
[23:59:11] - [Инфо] Сущность с ID: 2822 обработана на сервере.
[23:59:11] - [Инфо] Отправка данных в Спутник...
[23:59:11] - [Инфо] task status: success, task time status: success
[23:59:11] - [Инфо] SputnikTaskID: 33405
[23:59:12] - [Инфо] 2823
[23:59:12] - [Инфо] [LOG] Заявка не является завершенной (OkDesk ID: 2823) Пропуск...
[23:59:12] - [Инфо] comment id: 168256, task comment status: success
[23:59:12] - [Инфо] comment id: 168257, task comment status: success
[23:59:12] - [Инфо] Сущность с ID: 2824 обработана на сервере.
[23:59:13] - Записи 2825 не существует, пожалуйста исправьте ошибку[23:59:13] - [Инфо] Отправка данных в Спутник...
[23:59:13] - [Инфо] task status: success, task time status: success
[23:59:13] - [Инфо] SputnikTaskID: 33406
[23:59:13] - [Инфо] DEBUG: Записи 2825 не существует
[23:59:13] - Записи 2826 не существует, пожалуйста исправьте ошибку[23:59:13] - [Инфо] comment id: 168258, task comment status: success
[23:59:13] - [Инфо] DEBUG: Записи 2826 не существует
[23:59:14] - Записи 2827 не существует, пожалуйста исправьте ошибку[23:59:14] - [Инфо] DEBUG: Записи 2827 не существует
[23:59:14] - Записи 2828 не существует, пожалуйста исправьте ошибку[23:59:14] - [Инфо] DEBUG: Записи 2828 не существует
[23:59:14] - Записи 2829 не существует, пожалуйста исправьте ошибку[23:59:14] - [Инфо] DEBUG: Записи 2829 не существует
[23:59:14] - Записи 2830 не существует, пожалуйста исправьте ошибку[23:59:14] - [Инфо] DEBUG: Записи 2830 не существует
[23:59:14] - Записи 2831 не существует, пожалуйста исправьте ошибку[23:59:14] - [Инфо] DEBUG: Записи 2831 не существует
[23:59:14] - Записи 2832 не существует, пожалуйста исправьте ошибку[23:59:15] - [Инфо] DEBUG: Записи 2832 не существует
[23:59:15] - Записи 2833 не существует, пожалуйста исправьте ошибку[23:59:15] - [Инфо] DEBUG: Записи 2833 не существует
[23:59:15] - Записи 2834 не существует, пожалуйста исправьте ошибку[23:59:15] - [Инфо] DEBUG: Записи 2834 не существует
[23:59:15] - Записи 2835 не существует, пожалуйста исправьте ошибку[23:59:15] - [Инфо] DEBUG: Записи 2835 не существует
[23:59:15] - Записи 2836 не существует, пожалуйста исправьте ошибку[23:59:15] - [Инфо] DEBUG: Записи 2836 не существует
[23:59:15] - Записи 2837 не существует, пожалуйста исправьте ошибку[23:59:16] - [Инфо] DEBUG: Записи 2837 не существует
[23:59:16] - Записи 2838 не существует, пожалуйста исправьте ошибку[23:59:16] - [Инфо] DEBUG: Записи 2838 не существует
[23:59:16] - [Инфо] Начало автоматической выгрузки данных
[23:59:16] - [Инфо] Developer - Mkrtchyan Martun <mart@kassa26.ru>
[23:59:16] - [Инфо] [OkDesk] Файл: '2563-2563data.json' - уже существует в 'data/okdesk'
[23:59:16] - [Инфо] [LOG] Заявка не является завершенной (OkDesk ID: 2563) Пропуск...
[23:59:16] - [Инфо] Developer - Mkrtchyan Martun <mart@kassa26.ru>
[23:59:16] - [Инфо] [OkDesk] Файл: '2589-2589data.json' - уже существует в 'data/okdesk'
[23:59:17] - [Инфо] [LOG] Заявка не является завершенной (OkDesk ID: 2589) Пропуск...
[23:59:17] - [Инфо] Developer - Mkrtchyan Martun <mart@kassa26.ru>
[23:59:17] - [Инфо] [OkDesk] Файл: '2625-2625data.json' - уже существует в 'data/okdesk'
[23:59:17] - [Инфо] [LOG] Заявка не является завершенной (OkDesk ID: 2625) Пропуск...
[23:59:17] - [Инфо] Developer - Mkrtchyan Martun <mart@kassa26.ru>
[23:59:17] - [Инфо] [OkDesk] Файл: '2685-2685data.json' - уже существует в 'data/okdesk'
[23:59:17] - [Инфо] [LOG] Заявка не является завершенной (OkDesk ID: 2685) Пропуск...
[23:59:17] - [Инфо] Developer - Mkrtchyan Martun <mart@kassa26.ru>
[23:59:17] - [Инфо] [OkDesk] Файл: '2702-2702data.json' - уже существует в 'data/okdesk'
[23:59:17] - [Инфо] [LOG] Заявка не является завершенной (OkDesk ID: 2702) Пропуск...
