[23:59:1] - [Инфо] Начало цикла след. последовательности
[23:59:2] - [Инфо] Developer - Mkrtchyan Martun <mart@kassa26.ru>
[23:59:3] - Заявка уже была ранее выгружена. (OkDesk ID: 3450), пожалуйста исправьте ошибку[23:59:4] - [Инфо] Сущность с ID: 3451 обработана на сервере.
[23:59:5] - [Инфо] Отправка данных в Спутник...
[23:59:5] - [Инфо] task status: success, task time status: success
[23:59:5] - [Инфо] SputnikTaskID: 34570
[23:59:5] - [Инфо] Сущность с ID: 3452 обработана на сервере.
[23:59:5] - [Инфо] Отправка данных в Спутник...
[23:59:5] - [Инфо] task status: success, task time status: success
[23:59:5] - [Инфо] SputnikTaskID: 34571
[23:59:5] - [Инфо] comment id: 174098, task comment status: success
[23:59:5] - [Инфо] Сущность с ID: 3453 обработана на сервере.
[23:59:5] - [Инфо] comment id: 174100, task comment status: success
[23:59:5] - [Инфо] comment id: 174099, task comment status: success
[23:59:5] - [Инфо] comment id: 174101, task comment status: success
[23:59:6] - [Инфо] Отправка данных в Спутник...
[23:59:6] - [Инфо] task status: success, task time status: success
[23:59:6] - [Инфо] SputnikTaskID: 34572
[23:59:6] - [Инфо] comment id: 174102, task comment status: success
[23:59:6] - [Инфо] comment id: 174103, task comment status: success
[23:59:6] - [Инфо] Сущность с ID: 3454 обработана на сервере.
[23:59:6] - [Инфо] comment id: 174104, task comment status: success
[23:59:6] - [Инфо] Отправка данных в Спутник...
[23:59:6] - [Инфо] task status: success, task time status: success
[23:59:6] - [Инфо] SputnikTaskID: 34573
[23:59:6] - [Инфо] comment id: 174105, task comment status: success
[23:59:6] - [Инфо] Сущность с ID: 3455 обработана на сервере.
[23:59:6] - [Инфо] Отправка данных в Спутник...
[23:59:6] - [Инфо] task status: success, task time status: success
[23:59:6] - [Инфо] SputnikTaskID: 34574
[23:59:7] - [Инфо] comment id: 174106, task comment status: success
[23:59:7] - [Инфо] Сущность с ID: 3456 обработана на сервере.
[23:59:7] - [Инфо] Отправка данных в Спутник...
[23:59:7] - [Инфо] task status: success, task time status: success
[23:59:7] - [Инфо] SputnikTaskID: 34575
[23:59:7] - [Инфо] comment id: 174107, task comment status: success
[23:59:7] - [Инфо] Сущность с ID: 3457 обработана на сервере.
[23:59:8] - [Инфо] Отправка данных в Спутник...
[23:59:8] - [Инфо] task status: success, task time status: success
[23:59:8] - [Инфо] SputnikTaskID: 34576
[23:59:8] - [Инфо] comment id: 174108, task comment status: success
[23:59:8] - [Инфо] comment id: 174109, task comment status: success
[23:59:8] - [Инфо] Сущность с ID: 3458 обработана на сервере.
[23:59:8] - [Инфо] Отправка данных в Спутник...
[23:59:8] - [Инфо] task status: success, task time status: success
[23:59:8] - [Инфо] SputnikTaskID: 34577
[23:59:8] - [Инфо] comment id: 174110, task comment status: success
[23:59:8] - [Инфо] Сущность с ID: 3459 обработана на сервере.
[23:59:9] - [Инфо] Отправка данных в Спутник...
[23:59:9] - [Инфо] task status: success, task time status: success
[23:59:9] - [Инфо] SputnikTaskID: 34578
[23:59:9] - [Инфо] comment id: 174111, task comment status: success
[23:59:9] - [Инфо] Сущность с ID: 3460 обработана на сервере.
[23:59:9] - Записи 3461 не существует, пожалуйста исправьте ошибку[23:59:9] - [Инфо] Отправка данных в Спутник...
[23:59:9] - [Инфо] task status: success, task time status: success
[23:59:9] - [Инфо] SputnikTaskID: 34579
[23:59:9] - [Инфо] DEBUG: Записи 3461 не существует
[23:59:9] - Записи 3462 не существует, пожалуйста исправьте ошибку[23:59:9] - [Инфо] DEBUG: Записи 3462 не существует
[23:59:9] - Записи 3463 не существует, пожалуйста исправьте ошибку[23:59:10] - [Инфо] comment id: 174112, task comment status: success
[23:59:10] - [Инфо] DEBUG: Записи 3463 не существует
[23:59:10] - [Инфо] comment id: 174113, task comment status: success
[23:59:10] - Записи 3464 не существует, пожалуйста исправьте ошибку[23:59:10] - [Инфо] DEBUG: Записи 3464 не существует
[23:59:10] - Записи 3465 не существует, пожалуйста исправьте ошибку[23:59:10] - [Инфо] DEBUG: Записи 3465 не существует
[23:59:10] - Записи 3466 не существует, пожалуйста исправьте ошибку[23:59:10] - [Инфо] DEBUG: Записи 3466 не существует
[23:59:10] - Записи 3467 не существует, пожалуйста исправьте ошибку[23:59:10] - [Инфо] DEBUG: Записи 3467 не существует
[23:59:10] - Записи 3468 не существует, пожалуйста исправьте ошибку[23:59:10] - [Инфо] DEBUG: Записи 3468 не существует
[23:59:11] - Записи 3469 не существует, пожалуйста исправьте ошибку[23:59:11] - [Инфо] DEBUG: Записи 3469 не существует
[23:59:11] - Записи 3470 не существует, пожалуйста исправьте ошибку[23:59:11] - [Инфо] DEBUG: Записи 3470 не существует
[23:59:11] - Записи 3471 не существует, пожалуйста исправьте ошибку[23:59:11] - [Инфо] DEBUG: Записи 3471 не существует
[23:59:11] - Записи 3472 не существует, пожалуйста исправьте ошибку[23:59:11] - [Инфо] DEBUG: Записи 3472 не существует
[23:59:11] - Записи 3473 не существует, пожалуйста исправьте ошибку[23:59:11] - [Инфо] DEBUG: Записи 3473 не существует
[23:59:12] - Записи 3474 не существует, пожалуйста исправьте ошибку[23:59:12] - [Инфо] DEBUG: Записи 3474 не существует
[23:59:12] - Записи 3475 не существует, пожалуйста исправьте ошибку[23:59:12] - [Инфо] DEBUG: Записи 3475 не существует
[23:59:12] - [Инфо] Начало автоматической выгрузки данных
[23:59:12] - [Инфо] Developer - Mkrtchyan Martun <mart@kassa26.ru>
[23:59:12] - [Инфо] [OkDesk] Файл: '2821-2821data.json' - уже существует в 'data/okdesk'
[23:59:12] - [Инфо] [LOG] Заявка не является завершенной (OkDesk ID: 2821) Пропуск...
[23:59:12] - [Инфо] Developer - Mkrtchyan Martun <mart@kassa26.ru>
[23:59:12] - [Инфо] [OkDesk] Файл: '2845-2845data.json' - уже существует в 'data/okdesk'
[23:59:13] - [Инфо] [LOG] Заявка не является завершенной (OkDesk ID: 2845) Пропуск...
[23:59:13] - [Инфо] Developer - Mkrtchyan Martun <mart@kassa26.ru>
[23:59:13] - [Инфо] [OkDesk] Файл: '3022-3022data.json' - уже существует в 'data/okdesk'
[23:59:13] - [Инфо] [LOG] Заявка не является завершенной (OkDesk ID: 3022) Пропуск...
[23:59:13] - [Инфо] Developer - Mkrtchyan Martun <mart@kassa26.ru>
[23:59:13] - [Инфо] [OkDesk] Файл: '3236-3236data.json' - уже существует в 'data/okdesk'
[23:59:13] - [Инфо] [LOG] Заявка не является завершенной (OkDesk ID: 3236) Пропуск...
[23:59:13] - [Инфо] Developer - Mkrtchyan Martun <mart@kassa26.ru>
[23:59:13] - [Инфо] [OkDesk] Файл: '3367-3367data.json' - уже существует в 'data/okdesk'
[23:59:14] - [Инфо] Сущность с ID: 3367 обработана на сервере.
[23:59:14] - [Инфо] Developer - Mkrtchyan Martun <mart@kassa26.ru>
[23:59:14] - [Инфо] [OkDesk] Файл: '3401-3401data.json' - уже существует в 'data/okdesk'
[23:59:14] - [Инфо] Отправка данных в Спутник...
[23:59:14] - [Инфо] task status: success, task time status: success
[23:59:14] - [Инфо] SputnikTaskID: 34580
[23:59:14] - [Инфо] comment id: 174114, task comment status: success
[23:59:14] - [Инфо] Сущность с ID: 3401 обработана на сервере.
[23:59:14] - [Инфо] Developer - Mkrtchyan Martun <mart@kassa26.ru>
[23:59:14] - [Инфо] [OkDesk] Файл: '3417-3417data.json' - уже существует в 'data/okdesk'
[23:59:14] - [Инфо] comment id: 174115, task comment status: success
[23:59:14] - [Инфо] comment id: 174116, task comment status: success
[23:59:14] - [Инфо] Отправка данных в Спутник...
[23:59:14] - [Инфо] task status: success, task time status: success
[23:59:14] - [Инфо] SputnikTaskID: 34581
[23:59:14] - [Инфо] [LOG] Заявка не является завершенной (OkDesk ID: 3417) Пропуск...
[23:59:14] - [Инфо] Developer - Mkrtchyan Martun <mart@kassa26.ru>
[23:59:14] - [Инфо] [OkDesk] Файл: '3422-3422data.json' - уже существует в 'data/okdesk'
[23:59:15] - [Инфо] comment id: 174117, task comment status: success
[23:59:15] - [Инфо] comment id: 174118, task comment status: success
[23:59:15] - [Инфо] comment id: 174119, task comment status: success
[23:59:15] - [Инфо] Сущность с ID: 3422 обработана на сервере.
[23:59:15] - [Инфо] Developer - Mkrtchyan Martun <mart@kassa26.ru>
[23:59:15] - [Инфо] comment id: 174120, task comment status: success
[23:59:15] - [Инфо] Отправка данных в Спутник...
[23:59:15] - [Инфо] task status: success, task time status: success
[23:59:15] - [Инфо] SputnikTaskID: 34582
[23:59:15] - [Инфо] comment id: 174121, task comment status: success
[23:59:15] - [Инфо] comment id: 174122, task comment status: success
[23:59:15] - [Инфо] comment id: 174123, task comment status: success
[23:59:15] - [Инфо] comment id: 174124, task comment status: success
[23:59:16] - [Инфо] Сущность с ID: 3433 обработана на сервере.
[23:59:16] - [Инфо] Developer - Mkrtchyan Martun <mart@kassa26.ru>
[23:59:16] - [Инфо] Отправка данных в Спутник...
[23:59:16] - [Инфо] task status: success, task time status: success
[23:59:16] - [Инфо] SputnikTaskID: 34583
[23:59:16] - [Инфо] comment id: 174125, task comment status: success
[23:59:16] - [Инфо] [LOG] Заявка не является завершенной (OkDesk ID: 3437) Пропуск...
[23:59:16] - [Инфо] Developer - Mkrtchyan Martun <mart@kassa26.ru>
[23:59:16] - [Инфо] comment id: 174126, task comment status: success
[23:59:16] - [Инфо] [LOG] Заявка не является завершенной (OkDesk ID: 3449) Пропуск...
