[23:59:4] - [Инфо] Начало цикла след. последовательности
[23:59:4] - [Инфо] Developer - Mkrtchyan Martun <mart@kassa26.ru>
[23:59:6] - Заявка уже была ранее выгружена. (OkDesk ID: 3460), пожалуйста исправьте ошибку[23:59:7] - [Инфо] Сущность с ID: 3461 обработана на сервере.
[23:59:8] - [Инфо] Отправка данных в Спутник...
[23:59:8] - [Инфо] task status: success, task time status: success
[23:59:8] - [Инфо] SputnikTaskID: 34584
[23:59:8] - [Инфо] Сущность с ID: 3462 обработана на сервере.
[23:59:8] - [Инфо] Отправка данных в Спутник...
[23:59:8] - [Инфо] task status: success, task time status: success
[23:59:8] - [Инфо] SputnikTaskID: 34585
[23:59:8] - [Инфо] comment id: 174127, task comment status: success
[23:59:9] - [Инфо] comment id: 174128, task comment status: success
[23:59:9] - [Инфо] Сущность с ID: 3463 обработана на сервере.
[23:59:9] - [Инфо] Отправка данных в Спутник...
[23:59:9] - [Инфо] task status: success, task time status: success
[23:59:9] - [Инфо] SputnikTaskID: 34586
[23:59:9] - [Инфо] comment id: 174129, task comment status: success
[23:59:10] - [Инфо] Сущность с ID: 3464 обработана на сервере.
[23:59:11] - [Инфо] Отправка данных в Спутник...
[23:59:11] - [Инфо] task status: success, task time status: success
[23:59:11] - [Инфо] SputnikTaskID: 34587
[23:59:11] - [Инфо] comment id: 174130, task comment status: success
[23:59:11] - [Инфо] Сущность с ID: 3465 обработана на сервере.
[23:59:11] - Записи 3466 не существует, пожалуйста исправьте ошибку[23:59:11] - [Инфо] DEBUG: Записи 3466 не существует
[23:59:11] - [Инфо] Отправка данных в Спутник...
[23:59:11] - [Инфо] task status: success, task time status: success
[23:59:11] - [Инфо] SputnikTaskID: 34588
[23:59:11] - Записи 3467 не существует, пожалуйста исправьте ошибку[23:59:11] - [Инфо] DEBUG: Записи 3467 не существует
[23:59:11] - [Инфо] comment id: 174131, task comment status: success
[23:59:11] - Записи 3468 не существует, пожалуйста исправьте ошибку[23:59:12] - [Инфо] DEBUG: Записи 3468 не существует
[23:59:12] - Записи 3469 не существует, пожалуйста исправьте ошибку[23:59:12] - [Инфо] DEBUG: Записи 3469 не существует
[23:59:12] - Записи 3470 не существует, пожалуйста исправьте ошибку[23:59:12] - [Инфо] DEBUG: Записи 3470 не существует
[23:59:12] - Записи 3471 не существует, пожалуйста исправьте ошибку[23:59:12] - [Инфо] DEBUG: Записи 3471 не существует
[23:59:12] - Записи 3472 не существует, пожалуйста исправьте ошибку[23:59:12] - [Инфо] DEBUG: Записи 3472 не существует
[23:59:12] - Записи 3473 не существует, пожалуйста исправьте ошибку[23:59:12] - [Инфо] DEBUG: Записи 3473 не существует
[23:59:12] - Записи 3474 не существует, пожалуйста исправьте ошибку[23:59:13] - [Инфо] DEBUG: Записи 3474 не существует
[23:59:13] - Записи 3475 не существует, пожалуйста исправьте ошибку[23:59:13] - [Инфо] DEBUG: Записи 3475 не существует
[23:59:13] - Записи 3476 не существует, пожалуйста исправьте ошибку[23:59:13] - [Инфо] DEBUG: Записи 3476 не существует
[23:59:13] - Записи 3477 не существует, пожалуйста исправьте ошибку[23:59:13] - [Инфо] DEBUG: Записи 3477 не существует
[23:59:13] - Записи 3478 не существует, пожалуйста исправьте ошибку[23:59:13] - [Инфо] DEBUG: Записи 3478 не существует
[23:59:13] - Записи 3479 не существует, пожалуйста исправьте ошибку[23:59:14] - [Инфо] DEBUG: Записи 3479 не существует
[23:59:14] - Записи 3480 не существует, пожалуйста исправьте ошибку[23:59:14] - [Инфо] DEBUG: Записи 3480 не существует
[23:59:14] - Записи 3481 не существует, пожалуйста исправьте ошибку[23:59:14] - [Инфо] DEBUG: Записи 3481 не существует
[23:59:14] - Записи 3482 не существует, пожалуйста исправьте ошибку[23:59:14] - [Инфо] DEBUG: Записи 3482 не существует
[23:59:14] - Записи 3483 не существует, пожалуйста исправьте ошибку[23:59:14] - [Инфо] DEBUG: Записи 3483 не существует
[23:59:14] - Записи 3484 не существует, пожалуйста исправьте ошибку[23:59:15] - [Инфо] DEBUG: Записи 3484 не существует
[23:59:15] - Записи 3485 не существует, пожалуйста исправьте ошибку[23:59:15] - [Инфо] DEBUG: Записи 3485 не существует
[23:59:15] - [Инфо] Начало автоматической выгрузки данных
[23:59:15] - [Инфо] Developer - Mkrtchyan Martun <mart@kassa26.ru>
[23:59:15] - [Инфо] [OkDesk] Файл: '2821-2821data.json' - уже существует в 'data/okdesk'
[23:59:15] - [Инфо] [LOG] Заявка не является завершенной (OkDesk ID: 2821) Пропуск...
[23:59:15] - [Инфо] Developer - Mkrtchyan Martun <mart@kassa26.ru>
[23:59:15] - [Инфо] [OkDesk] Файл: '2845-2845data.json' - уже существует в 'data/okdesk'
[23:59:15] - [Инфо] [LOG] Заявка не является завершенной (OkDesk ID: 2845) Пропуск...
[23:59:15] - [Инфо] Developer - Mkrtchyan Martun <mart@kassa26.ru>
[23:59:15] - [Инфо] [OkDesk] Файл: '3022-3022data.json' - уже существует в 'data/okdesk'
[23:59:16] - [Инфо] [LOG] Заявка не является завершенной (OkDesk ID: 3022) Пропуск...
[23:59:16] - [Инфо] Developer - Mkrtchyan Martun <mart@kassa26.ru>
[23:59:16] - [Инфо] [OkDesk] Файл: '3236-3236data.json' - уже существует в 'data/okdesk'
[23:59:16] - [Инфо] [LOG] Заявка не является завершенной (OkDesk ID: 3236) Пропуск...
[23:59:16] - [Инфо] Developer - Mkrtchyan Martun <mart@kassa26.ru>
[23:59:16] - [Инфо] [OkDesk] Файл: '3417-3417data.json' - уже существует в 'data/okdesk'
[23:59:16] - [Инфо] [LOG] Заявка не является завершенной (OkDesk ID: 3417) Пропуск...
[23:59:16] - [Инфо] Developer - Mkrtchyan Martun <mart@kassa26.ru>
[23:59:16] - [Инфо] [OkDesk] Файл: '3437-3437data.json' - уже существует в 'data/okdesk'
[23:59:17] - [Инфо] [LOG] Заявка не является завершенной (OkDesk ID: 3437) Пропуск...
[23:59:17] - [Инфо] Developer - Mkrtchyan Martun <mart@kassa26.ru>
[23:59:17] - [Инфо] [OkDesk] Файл: '3449-3449data.json' - уже существует в 'data/okdesk'
[23:59:17] - [Инфо] [LOG] Заявка не является завершенной (OkDesk ID: 3449) Пропуск...
