[23:59:1] - [Инфо] Начало цикла след. последовательности
[23:59:2] - [Инфо] Developer - Mkrtchyan Martun <mart@kassa26.ru>
[23:59:3] - Заявка уже была ранее выгружена. (OkDesk ID: 2824), пожалуйста исправьте ошибку[23:59:3] - [Инфо] Сущность с ID: 2825 обработана на сервере.
[23:59:4] - [Инфо] Отправка данных в Спутник...
[23:59:4] - [Инфо] task status: success, task time status: success
[23:59:4] - [Инфо] SputnikTaskID: 33419
[23:59:4] - [Инфо] Сущность с ID: 2826 обработана на сервере.
[23:59:4] - [Инфо] Отправка данных в Спутник...
[23:59:4] - [Инфо] task status: success, task time status: success
[23:59:4] - [Инфо] SputnikTaskID: 33420
[23:59:4] - [Инфо] comment id: 168334, task comment status: success
[23:59:4] - [Инфо] comment id: 168335, task comment status: success
[23:59:4] - [Инфо] Сущность с ID: 2827 обработана на сервере.
[23:59:5] - [Инфо] comment id: 168336, task comment status: success
[23:59:5] - [Инфо] comment id: 168337, task comment status: success
[23:59:5] - [Инфо] comment id: 168338, task comment status: success
[23:59:5] - [Инфо] Отправка данных в Спутник...
[23:59:5] - [Инфо] task status: success, task time status: success
[23:59:5] - [Инфо] SputnikTaskID: 33421
[23:59:5] - [Инфо] Сущность с ID: 2828 обработана на сервере.
[23:59:5] - [Инфо] comment id: 168339, task comment status: success
[23:59:5] - [Инфо] Отправка данных в Спутник...
[23:59:5] - [Инфо] task status: success, task time status: success
[23:59:5] - [Инфо] SputnikTaskID: 33422
[23:59:5] - [Инфо] comment id: 168340, task comment status: success
[23:59:5] - [Инфо] Сущность с ID: 2829 обработана на сервере.
[23:59:6] - [Инфо] comment id: 168341, task comment status: success
[23:59:6] - [Инфо] Отправка данных в Спутник...
[23:59:6] - [Инфо] task status: success, task time status: success
[23:59:6] - [Инфо] SputnikTaskID: 33423
[23:59:6] - [Инфо] comment id: 168342, task comment status: success
[23:59:6] - [Инфо] Сущность с ID: 2830 обработана на сервере.
[23:59:6] - [Инфо] Отправка данных в Спутник...
[23:59:6] - [Инфо] task status: success, task time status: success
[23:59:6] - [Инфо] SputnikTaskID: 33424
[23:59:6] - [Инфо] comment id: 168343, task comment status: success
[23:59:6] - [Инфо] Сущность с ID: 2831 обработана на сервере.
[23:59:7] - [Инфо] Отправка данных в Спутник...
[23:59:7] - [Инфо] task status: success, task time status: success
[23:59:7] - [Инфо] SputnikTaskID: 33425
[23:59:7] - [Инфо] comment id: 168344, task comment status: success
[23:59:7] - [Инфо] Сущность с ID: 2832 обработана на сервере.
[23:59:7] - [Инфо] Отправка данных в Спутник...
[23:59:7] - [Инфо] task status: success, task time status: success
[23:59:7] - [Инфо] SputnikTaskID: 33426
[23:59:7] - [Инфо] 2833
[23:59:7] - [Инфо] [LOG] Заявка не является завершенной (OkDesk ID: 2833) Пропуск...
[23:59:7] - [Инфо] comment id: 168345, task comment status: success
[23:59:7] - Записи 2834 не существует, пожалуйста исправьте ошибку[23:59:7] - [Инфо] comment id: 168346, task comment status: success
[23:59:8] - [Инфо] DEBUG: Записи 2834 не существует
[23:59:8] - Записи 2835 не существует, пожалуйста исправьте ошибку[23:59:8] - [Инфо] DEBUG: Записи 2835 не существует
[23:59:8] - Записи 2836 не существует, пожалуйста исправьте ошибку[23:59:8] - [Инфо] DEBUG: Записи 2836 не существует
[23:59:8] - Записи 2837 не существует, пожалуйста исправьте ошибку[23:59:8] - [Инфо] DEBUG: Записи 2837 не существует
[23:59:8] - Записи 2838 не существует, пожалуйста исправьте ошибку[23:59:8] - [Инфо] DEBUG: Записи 2838 не существует
[23:59:8] - Записи 2839 не существует, пожалуйста исправьте ошибку[23:59:9] - [Инфо] DEBUG: Записи 2839 не существует
[23:59:9] - Записи 2840 не существует, пожалуйста исправьте ошибку[23:59:9] - [Инфо] DEBUG: Записи 2840 не существует
[23:59:9] - Записи 2841 не существует, пожалуйста исправьте ошибку[23:59:9] - [Инфо] DEBUG: Записи 2841 не существует
[23:59:9] - Записи 2842 не существует, пожалуйста исправьте ошибку[23:59:9] - [Инфо] DEBUG: Записи 2842 не существует
[23:59:9] - Записи 2843 не существует, пожалуйста исправьте ошибку[23:59:10] - [Инфо] DEBUG: Записи 2843 не существует
[23:59:10] - Записи 2844 не существует, пожалуйста исправьте ошибку[23:59:10] - [Инфо] DEBUG: Записи 2844 не существует
[23:59:10] - Записи 2845 не существует, пожалуйста исправьте ошибку[23:59:10] - [Инфо] DEBUG: Записи 2845 не существует
[23:59:10] - Записи 2846 не существует, пожалуйста исправьте ошибку[23:59:10] - [Инфо] DEBUG: Записи 2846 не существует
[23:59:10] - Записи 2847 не существует, пожалуйста исправьте ошибку[23:59:10] - [Инфо] DEBUG: Записи 2847 не существует
[23:59:10] - Записи 2848 не существует, пожалуйста исправьте ошибку[23:59:10] - [Инфо] DEBUG: Записи 2848 не существует
[23:59:10] - Записи 2849 не существует, пожалуйста исправьте ошибку[23:59:11] - [Инфо] DEBUG: Записи 2849 не существует
[23:59:11] - [Инфо] Начало автоматической выгрузки данных
[23:59:11] - [Инфо] Developer - Mkrtchyan Martun <mart@kassa26.ru>
[23:59:11] - [Инфо] [OkDesk] Файл: '2563-2563data.json' - уже существует в 'data/okdesk'
[23:59:11] - [Инфо] [LOG] Заявка не является завершенной (OkDesk ID: 2563) Пропуск...
[23:59:11] - [Инфо] Developer - Mkrtchyan Martun <mart@kassa26.ru>
[23:59:11] - [Инфо] [OkDesk] Файл: '2589-2589data.json' - уже существует в 'data/okdesk'
[23:59:11] - [Инфо] [LOG] Заявка не является завершенной (OkDesk ID: 2589) Пропуск...
[23:59:11] - [Инфо] Developer - Mkrtchyan Martun <mart@kassa26.ru>
[23:59:11] - [Инфо] [OkDesk] Файл: '2625-2625data.json' - уже существует в 'data/okdesk'
[23:59:11] - [Инфо] [LOG] Заявка не является завершенной (OkDesk ID: 2625) Пропуск...
[23:59:11] - [Инфо] Developer - Mkrtchyan Martun <mart@kassa26.ru>
[23:59:11] - [Инфо] [OkDesk] Файл: '2685-2685data.json' - уже существует в 'data/okdesk'
[23:59:12] - [Инфо] [LOG] Заявка не является завершенной (OkDesk ID: 2685) Пропуск...
[23:59:12] - [Инфо] Developer - Mkrtchyan Martun <mart@kassa26.ru>
[23:59:12] - [Инфо] [OkDesk] Файл: '2702-2702data.json' - уже существует в 'data/okdesk'
[23:59:12] - [Инфо] [LOG] Заявка не является завершенной (OkDesk ID: 2702) Пропуск...
[23:59:12] - [Инфо] Developer - Mkrtchyan Martun <mart@kassa26.ru>
[23:59:13] - [Инфо] Сущность с ID: 2818 обработана на сервере.
[23:59:13] - [Инфо] Developer - Mkrtchyan Martun <mart@kassa26.ru>
[23:59:13] - [Инфо] Отправка данных в Спутник...
[23:59:13] - [Инфо] task status: success, task time status: success
[23:59:13] - [Инфо] SputnikTaskID: 33427
[23:59:13] - [Инфо] comment id: 168347, task comment status: success
[23:59:13] - [Инфо] [LOG] Заявка не является завершенной (OkDesk ID: 2821) Пропуск...
[23:59:13] - [Инфо] Developer - Mkrtchyan Martun <mart@kassa26.ru>
[23:59:14] - [Инфо] Сущность с ID: 2823 обработана на сервере.
[23:59:14] - [Инфо] Отправка данных в Спутник...
[23:59:14] - [Инфо] task status: success, task time status: success
[23:59:14] - [Инфо] SputnikTaskID: 33428
[23:59:14] - [Инфо] comment id: 168348, task comment status: success
[23:59:14] - [Инфо] comment id: 168349, task comment status: success
