[23:59:2] - [Инфо] Начало цикла след. последовательности
[23:59:2] - [Инфо] Developer - Mkrtchyan Martun <mart@kassa26.ru>
[23:59:4] - Заявка уже была ранее выгружена. (OkDesk ID: 2832), пожалуйста исправьте ошибку[23:59:5] - [Инфо] Сущность с ID: 2833 обработана на сервере.
[23:59:5] - [Инфо] Отправка данных в Спутник...
[23:59:5] - [Инфо] task status: success, task time status: success
[23:59:5] - [Инфо] SputnikTaskID: 33444
[23:59:5] - [Инфо] Сущность с ID: 2834 обработана на сервере.
[23:59:5] - [Инфо] Отправка данных в Спутник...
[23:59:5] - [Инфо] task status: success, task time status: success
[23:59:5] - [Инфо] SputnikTaskID: 33445
[23:59:5] - [Инфо] comment id: 168681, task comment status: success
[23:59:5] - [Инфо] comment id: 168680, task comment status: success
[23:59:6] - [Инфо] 2835
[23:59:6] - [Инфо] [LOG] Заявка не является завершенной (OkDesk ID: 2835) Пропуск...
[23:59:6] - [Инфо] comment id: 168682, task comment status: success
[23:59:6] - [Инфо] Сущность с ID: 2836 обработана на сервере.
[23:59:6] - [Инфо] Отправка данных в Спутник...
[23:59:6] - [Инфо] task status: success, task time status: success
[23:59:6] - [Инфо] SputnikTaskID: 33446
[23:59:7] - [Инфо] comment id: 168683, task comment status: success
[23:59:7] - [Инфо] comment id: 168684, task comment status: success
[23:59:7] - [Инфо] Сущность с ID: 2837 обработана на сервере.
[23:59:7] - [Инфо] Отправка данных в Спутник...
[23:59:7] - [Инфо] task status: success, task time status: success
[23:59:7] - [Инфо] SputnikTaskID: 33447
[23:59:7] - [Инфо] comment id: 168685, task comment status: success
[23:59:7] - [Инфо] Сущность с ID: 2838 обработана на сервере.
[23:59:8] - [Инфо] comment id: 168686, task comment status: success
[23:59:8] - [Инфо] Отправка данных в Спутник...
[23:59:8] - [Инфо] task status: success, task time status: success
[23:59:8] - [Инфо] SputnikTaskID: 33448
[23:59:8] - [Инфо] comment id: 168687, task comment status: success
[23:59:8] - [Инфо] comment id: 168688, task comment status: success
[23:59:8] - [Инфо] Сущность с ID: 2839 обработана на сервере.
[23:59:8] - [Инфо] comment id: 168689, task comment status: success
[23:59:8] - [Инфо] Отправка данных в Спутник...
[23:59:8] - [Инфо] task status: success, task time status: success
[23:59:8] - [Инфо] SputnikTaskID: 33449
[23:59:8] - [Инфо] comment id: 168690, task comment status: success
[23:59:9] - [Инфо] Сущность с ID: 2840 обработана на сервере.
[23:59:9] - [Инфо] comment id: 168691, task comment status: success
[23:59:9] - [Инфо] Отправка данных в Спутник...
[23:59:9] - [Инфо] task status: success, task time status: success
[23:59:9] - [Инфо] SputnikTaskID: 33450
[23:59:9] - [Инфо] comment id: 168692, task comment status: success
[23:59:9] - [Инфо] Сущность с ID: 2841 обработана на сервере.
[23:59:9] - [Инфо] comment id: 168693, task comment status: success
[23:59:9] - [Инфо] Отправка данных в Спутник...
[23:59:9] - [Инфо] task status: success, task time status: success
[23:59:9] - [Инфо] SputnikTaskID: 33451
[23:59:10] - [Инфо] comment id: 168694, task comment status: success
[23:59:10] - [Инфо] Сущность с ID: 2842 обработана на сервере.
[23:59:10] - [Инфо] comment id: 168695, task comment status: success
[23:59:10] - [Инфо] Отправка данных в Спутник...
[23:59:10] - [Инфо] task status: success, task time status: success
[23:59:10] - [Инфо] SputnikTaskID: 33452
[23:59:10] - [Инфо] comment id: 168696, task comment status: success
[23:59:10] - [Инфо] comment id: 168697, task comment status: success
[23:59:10] - [Инфо] Сущность с ID: 2843 обработана на сервере.
[23:59:11] - [Инфо] Отправка данных в Спутник...
[23:59:11] - [Инфо] task status: success, task time status: success
[23:59:11] - [Инфо] SputnikTaskID: 33453
[23:59:11] - [Инфо] comment id: 168698, task comment status: success
[23:59:11] - [Инфо] Сущность с ID: 2844 обработана на сервере.
[23:59:11] - [Инфо] Отправка данных в Спутник...
[23:59:11] - [Инфо] task status: success, task time status: success
[23:59:11] - [Инфо] SputnikTaskID: 33454
[23:59:11] - [Инфо] comment id: 168699, task comment status: success
[23:59:11] - [Инфо] 2845
[23:59:11] - [Инфо] [LOG] Заявка не является завершенной (OkDesk ID: 2845) Пропуск...
[23:59:12] - [Инфо] Сущность с ID: 2846 обработана на сервере.
[23:59:12] - [Инфо] Отправка данных в Спутник...
[23:59:12] - [Инфо] task status: success, task time status: success
[23:59:12] - [Инфо] SputnikTaskID: 33455
[23:59:12] - [Инфо] comment id: 168700, task comment status: success
[23:59:12] - [Инфо] 2847
[23:59:12] - [Инфо] [LOG] Заявка не является завершенной (OkDesk ID: 2847) Пропуск...
[23:59:13] - [Инфо] comment id: 168701, task comment status: success
[23:59:13] - [Инфо] Сущность с ID: 2848 обработана на сервере.
[23:59:13] - Записи 2849 не существует, пожалуйста исправьте ошибку[23:59:13] - [Инфо] Отправка данных в Спутник...
[23:59:13] - [Инфо] task status: success, task time status: success
[23:59:13] - [Инфо] SputnikTaskID: 33456
[23:59:13] - [Инфо] DEBUG: Записи 2849 не существует
[23:59:13] - Записи 2850 не существует, пожалуйста исправьте ошибку[23:59:13] - [Инфо] DEBUG: Записи 2850 не существует
[23:59:13] - Записи 2851 не существует, пожалуйста исправьте ошибку[23:59:13] - [Инфо] DEBUG: Записи 2851 не существует
[23:59:14] - Записи 2852 не существует, пожалуйста исправьте ошибку[23:59:14] - [Инфо] DEBUG: Записи 2852 не существует
[23:59:14] - Записи 2853 не существует, пожалуйста исправьте ошибку[23:59:14] - [Инфо] DEBUG: Записи 2853 не существует
[23:59:14] - Записи 2854 не существует, пожалуйста исправьте ошибку[23:59:14] - [Инфо] DEBUG: Записи 2854 не существует
[23:59:14] - Записи 2855 не существует, пожалуйста исправьте ошибку[23:59:14] - [Инфо] DEBUG: Записи 2855 не существует
[23:59:14] - Записи 2856 не существует, пожалуйста исправьте ошибку[23:59:14] - [Инфо] DEBUG: Записи 2856 не существует
[23:59:14] - Записи 2857 не существует, пожалуйста исправьте ошибку[23:59:15] - [Инфо] DEBUG: Записи 2857 не существует
[23:59:15] - [Инфо] Начало автоматической выгрузки данных
[23:59:15] - [Инфо] Developer - Mkrtchyan Martun <mart@kassa26.ru>
[23:59:15] - [Инфо] [OkDesk] Файл: '2563-2563data.json' - уже существует в 'data/okdesk'
[23:59:15] - [Инфо] [LOG] Заявка не является завершенной (OkDesk ID: 2563) Пропуск...
[23:59:15] - [Инфо] Developer - Mkrtchyan Martun <mart@kassa26.ru>
[23:59:15] - [Инфо] [OkDesk] Файл: '2589-2589data.json' - уже существует в 'data/okdesk'
[23:59:15] - [Инфо] [LOG] Заявка не является завершенной (OkDesk ID: 2589) Пропуск...
[23:59:15] - [Инфо] Developer - Mkrtchyan Martun <mart@kassa26.ru>
[23:59:15] - [Инфо] [OkDesk] Файл: '2625-2625data.json' - уже существует в 'data/okdesk'
[23:59:16] - [Инфо] [LOG] Заявка не является завершенной (OkDesk ID: 2625) Пропуск...
[23:59:16] - [Инфо] Developer - Mkrtchyan Martun <mart@kassa26.ru>
[23:59:16] - [Инфо] [OkDesk] Файл: '2685-2685data.json' - уже существует в 'data/okdesk'
[23:59:16] - [Инфо] [LOG] Заявка не является завершенной (OkDesk ID: 2685) Пропуск...
[23:59:16] - [Инфо] Developer - Mkrtchyan Martun <mart@kassa26.ru>
[23:59:16] - [Инфо] [OkDesk] Файл: '2702-2702data.json' - уже существует в 'data/okdesk'
[23:59:16] - [Инфо] [LOG] Заявка не является завершенной (OkDesk ID: 2702) Пропуск...
[23:59:16] - [Инфо] Developer - Mkrtchyan Martun <mart@kassa26.ru>
[23:59:16] - [Инфо] [OkDesk] Файл: '2821-2821data.json' - уже существует в 'data/okdesk'
[23:59:17] - [Инфо] [LOG] Заявка не является завершенной (OkDesk ID: 2821) Пропуск...
[23:59:17] - [Инфо] Developer - Mkrtchyan Martun <mart@kassa26.ru>
[23:59:17] - Заявка уже была ранее выгружена. (OkDesk ID: 2833), пожалуйста исправьте ошибку