[23:59:2] - [Инфо] Начало цикла след. последовательности
[23:59:2] - [Инфо] Developer - Mkrtchyan Martun <mart@kassa26.ru>
[23:59:3] - Заявка уже была ранее выгружена. (OkDesk ID: 3152), пожалуйста исправьте ошибку[23:59:3] - [Инфо] Сущность с ID: 3153 обработана на сервере.
[23:59:4] - [Инфо] Сущность с ID: 3154 обработана на сервере.
[23:59:5] - [Инфо] Сущность с ID: 3155 обработана на сервере.
[23:59:5] - [Инфо] Сущность с ID: 3156 обработана на сервере.
[23:59:6] - [Инфо] Сущность с ID: 3157 обработана на сервере.
[23:59:6] - Записи 3158 не существует, пожалуйста исправьте ошибку[23:59:6] - [Инфо] DEBUG: Записи 3158 не существует
[23:59:6] - Записи 3159 не существует, пожалуйста исправьте ошибку[23:59:6] - [Инфо] DEBUG: Записи 3159 не существует
[23:59:6] - Записи 3160 не существует, пожалуйста исправьте ошибку[23:59:6] - [Инфо] DEBUG: Записи 3160 не существует
[23:59:6] - Записи 3161 не существует, пожалуйста исправьте ошибку[23:59:6] - [Инфо] DEBUG: Записи 3161 не существует
[23:59:6] - Записи 3162 не существует, пожалуйста исправьте ошибку[23:59:7] - [Инфо] DEBUG: Записи 3162 не существует
[23:59:7] - Записи 3163 не существует, пожалуйста исправьте ошибку[23:59:7] - [Инфо] DEBUG: Записи 3163 не существует
[23:59:7] - Записи 3164 не существует, пожалуйста исправьте ошибку[23:59:7] - [Инфо] DEBUG: Записи 3164 не существует
[23:59:7] - Записи 3165 не существует, пожалуйста исправьте ошибку[23:59:7] - [Инфо] DEBUG: Записи 3165 не существует
[23:59:7] - Записи 3166 не существует, пожалуйста исправьте ошибку[23:59:7] - [Инфо] DEBUG: Записи 3166 не существует
[23:59:7] - Записи 3167 не существует, пожалуйста исправьте ошибку[23:59:7] - [Инфо] DEBUG: Записи 3167 не существует
[23:59:8] - Записи 3168 не существует, пожалуйста исправьте ошибку[23:59:8] - [Инфо] DEBUG: Записи 3168 не существует
[23:59:8] - Записи 3169 не существует, пожалуйста исправьте ошибку[23:59:8] - [Инфо] DEBUG: Записи 3169 не существует
[23:59:8] - Записи 3170 не существует, пожалуйста исправьте ошибку[23:59:8] - [Инфо] DEBUG: Записи 3170 не существует
[23:59:8] - Записи 3171 не существует, пожалуйста исправьте ошибку[23:59:8] - [Инфо] DEBUG: Записи 3171 не существует
[23:59:8] - Записи 3172 не существует, пожалуйста исправьте ошибку[23:59:8] - [Инфо] DEBUG: Записи 3172 не существует
[23:59:8] - Записи 3173 не существует, пожалуйста исправьте ошибку[23:59:8] - [Инфо] DEBUG: Записи 3173 не существует
[23:59:9] - Записи 3174 не существует, пожалуйста исправьте ошибку[23:59:9] - [Инфо] DEBUG: Записи 3174 не существует
[23:59:9] - Записи 3175 не существует, пожалуйста исправьте ошибку[23:59:9] - [Инфо] DEBUG: Записи 3175 не существует
[23:59:9] - Записи 3176 не существует, пожалуйста исправьте ошибку[23:59:9] - [Инфо] DEBUG: Записи 3176 не существует
[23:59:9] - Записи 3177 не существует, пожалуйста исправьте ошибку[23:59:9] - [Инфо] DEBUG: Записи 3177 не существует
[23:59:9] - [Инфо] Начало автоматической выгрузки данных
[23:59:9] - [Инфо] Developer - Mkrtchyan Martun <mart@kassa26.ru>
[23:59:9] - [Инфо] [OkDesk] Файл: '2563-2563data.json' - уже существует в 'data/okdesk'
[23:59:9] - [Инфо] [LOG] Заявка не является завершенной (OkDesk ID: 2563) Пропуск...
[23:59:9] - [Инфо] Developer - Mkrtchyan Martun <mart@kassa26.ru>
[23:59:9] - [Инфо] [OkDesk] Файл: '2589-2589data.json' - уже существует в 'data/okdesk'
[23:59:10] - [Инфо] [LOG] Заявка не является завершенной (OkDesk ID: 2589) Пропуск...
[23:59:10] - [Инфо] Developer - Mkrtchyan Martun <mart@kassa26.ru>
[23:59:10] - [Инфо] [OkDesk] Файл: '2625-2625data.json' - уже существует в 'data/okdesk'
[23:59:10] - [Инфо] [LOG] Заявка не является завершенной (OkDesk ID: 2625) Пропуск...
[23:59:10] - [Инфо] Developer - Mkrtchyan Martun <mart@kassa26.ru>
[23:59:10] - [Инфо] [OkDesk] Файл: '2685-2685data.json' - уже существует в 'data/okdesk'
[23:59:10] - [Инфо] [LOG] Заявка не является завершенной (OkDesk ID: 2685) Пропуск...
[23:59:10] - [Инфо] Developer - Mkrtchyan Martun <mart@kassa26.ru>
[23:59:10] - [Инфо] [OkDesk] Файл: '2702-2702data.json' - уже существует в 'data/okdesk'
[23:59:11] - [Инфо] [LOG] Заявка не является завершенной (OkDesk ID: 2702) Пропуск...
[23:59:11] - [Инфо] Developer - Mkrtchyan Martun <mart@kassa26.ru>
[23:59:11] - [Инфо] [OkDesk] Файл: '2821-2821data.json' - уже существует в 'data/okdesk'
[23:59:11] - [Инфо] [LOG] Заявка не является завершенной (OkDesk ID: 2821) Пропуск...
[23:59:11] - [Инфо] Developer - Mkrtchyan Martun <mart@kassa26.ru>
[23:59:11] - [Инфо] [OkDesk] Файл: '2845-2845data.json' - уже существует в 'data/okdesk'
[23:59:11] - [Инфо] [LOG] Заявка не является завершенной (OkDesk ID: 2845) Пропуск...
[23:59:11] - [Инфо] Developer - Mkrtchyan Martun <mart@kassa26.ru>
[23:59:11] - [Инфо] [OkDesk] Файл: '2926-2926data.json' - уже существует в 'data/okdesk'
[23:59:11] - [Инфо] [LOG] Заявка не является завершенной (OkDesk ID: 2926) Пропуск...
[23:59:11] - [Инфо] Developer - Mkrtchyan Martun <mart@kassa26.ru>
[23:59:11] - [Инфо] [OkDesk] Файл: '3022-3022data.json' - уже существует в 'data/okdesk'
[23:59:12] - [Инфо] [LOG] Заявка не является завершенной (OkDesk ID: 3022) Пропуск...
[23:59:12] - [Инфо] Developer - Mkrtchyan Martun <mart@kassa26.ru>
[23:59:12] - [Инфо] [OkDesk] Файл: '3148-3148data.json' - уже существует в 'data/okdesk'
[23:59:12] - [Инфо] [LOG] Заявка не является завершенной (OkDesk ID: 3148) Пропуск...
