[9:8:5] - [Инфо] Developer - Mkrtchyan Martun <mart@kassa26.ru>
[9:8:5] - [Инфо] Начало обмена данными между OkDesk и Спутник.
[9:8:5] - [Инфо] Начало загрузки локальных данных.
[9:8:5] - [Инфо] [OkDesk] Файл: '1101-1101data.json' - уже существует в 'data/okdesk'
[9:8:5] - [Инфо] Сущность с ID: 1101 обработана на сервере.
[9:8:6] - [Инфо] Developer - Mkrtchyan Martun <mart@kassa26.ru>
[9:8:6] - [Инфо] Начало обмена данными между OkDesk и Спутник.
[9:8:6] - [Инфо] Начало загрузки локальных данных.
[9:8:6] - [Инфо] [OkDesk] Файл: '1101-1101data.json' - уже существует в 'data/okdesk'
[9:8:6] - [Инфо] Сущность с ID: 1101 обработана на сервере.
[9:10:40] - [Инфо] Developer - Mkrtchyan Martun <mart@kassa26.ru>
[9:10:40] - [Инфо] Начало обмена данными между OkDesk и Спутник.
[9:10:40] - [Инфо] Начало загрузки локальных данных.
[9:10:40] - [Инфо] [OkDesk] Файл: '1101-1101data.json' - уже существует в 'data/okdesk'
[9:10:41] - [Инфо] Сущность с ID: 1101 обработана на сервере.
[9:10:42] - [Инфо] Отправка данных в Спутник...
[9:10:42] - [Инфо] task status: success, task time status: success
[9:10:42] - [Инфо] SputnikTaskID: 29101
[9:10:42] - [Инфо] Загрузка локальных данных закончена.
[9:10:42] - [Инфо] Обмен данными между OkDesk и Спутник завершен.
[10:39:33] - [Инфо] Developer - Mkrtchyan Martun <mart@kassa26.ru>
[10:39:33] - [Инфо] Начало обмена данными между OkDesk и Спутник.
[10:39:33] - [Инфо] Начало загрузки локальных данных.
[10:39:33] - [Инфо] [OkDesk] Файл: '1101-1101data.json' - уже существует в 'data/okdesk'
[10:39:33] - [Инфо] Сущность с ID: 1101 обработана на сервере.
[10:39:34] - [Инфо] Отправка данных в Спутник...
[10:39:34] - [Инфо] task status: success, task time status: success
[10:39:34] - [Инфо] SputnikTaskID: 29108
[10:39:34] - [Инфо] Загрузка локальных данных закончена.
[10:39:34] - [Инфо] Обмен данными между OkDesk и Спутник завершен.
[10:39:41] - [Инфо] Developer - Mkrtchyan Martun <mart@kassa26.ru>
[10:39:41] - [Инфо] Начало обмена данными между OkDesk и Спутник.
[10:39:41] - [Инфо] Начало загрузки локальных данных.
[10:39:41] - [Инфо] [OkDesk] Файл: '1101-1101data.json' - уже существует в 'data/okdesk'
[10:39:41] - [Инфо] Сущность с ID: 1101 обработана на сервере.
[10:39:42] - [Инфо] Отправка данных в Спутник...
[10:39:42] - [Инфо] task status: success, task time status: success
[10:39:42] - [Инфо] SputnikTaskID: 29109
[10:39:42] - [Инфо] Загрузка локальных данных закончена.
[10:39:42] - [Инфо] Обмен данными между OkDesk и Спутник завершен.
[10:42:48] - [Инфо] Developer - Mkrtchyan Martun <mart@kassa26.ru>
[10:42:48] - [Инфо] Начало обмена данными между OkDesk и Спутник.
[10:42:48] - [Инфо] Начало загрузки локальных данных.
[10:42:49] - [Инфо] Сущность с ID: 1101 обработана на сервере.
[10:42:49] - [Инфо] Отправка данных в Спутник...
[10:42:49] - [Инфо] task status: success, task time status: success
[10:42:49] - [Инфо] SputnikTaskID: 29110
[10:42:49] - [Инфо] Загрузка локальных данных закончена.
[10:42:49] - [Инфо] Обмен данными между OkDesk и Спутник завершен.
[11:7:44] - [Инфо] Developer - Mkrtchyan Martun <mart@kassa26.ru>
[11:7:44] - [Инфо] Начало обмена данными между OkDesk и Спутник.
[11:7:44] - [Инфо] Начало загрузки локальных данных.
[11:7:44] - [Инфо] [OkDesk] Файл: '1101-1101data.json' - уже существует в 'data/okdesk'
[11:7:44] - [Инфо] Сущность с ID: 1101 обработана на сервере.
[11:7:45] - [Инфо] Сущность с ID: 1101 обработана на сервере.
[11:8:37] - [Инфо] Developer - Mkrtchyan Martun <mart@kassa26.ru>
[11:8:37] - [Инфо] Начало обмена данными между OkDesk и Спутник.
[11:8:37] - [Инфо] Начало загрузки локальных данных.
[11:8:37] - [Инфо] [OkDesk] Файл: '1101-1101data.json' - уже существует в 'data/okdesk'
[11:8:38] - [Инфо] Сущность с ID: 1101 обработана на сервере.
[11:8:39] - [Инфо] Сущность с ID: 1101 обработана на сервере.
[11:8:53] - [Инфо] Developer - Mkrtchyan Martun <mart@kassa26.ru>
[11:8:53] - [Инфо] Начало обмена данными между OkDesk и Спутник.
[11:8:53] - [Инфо] Начало загрузки локальных данных.
[11:8:53] - [Инфо] [OkDesk] Файл: '1101-1101data.json' - уже существует в 'data/okdesk'
[11:8:54] - [Инфо] Сущность с ID: 1101 обработана на сервере.
[11:8:54] - [Инфо] Сущность с ID: 1101 обработана на сервере.
[11:10:2] - [Инфо] Developer - Mkrtchyan Martun <mart@kassa26.ru>
[11:10:2] - [Инфо] Начало обмена данными между OkDesk и Спутник.
[11:10:2] - [Инфо] Начало загрузки локальных данных.
[11:10:2] - [Инфо] [OkDesk] Файл: '1101-1101data.json' - уже существует в 'data/okdesk'
[11:10:3] - [Инфо] Сущность с ID: 1101 обработана на сервере.
[11:10:3] - [Инфо] Отправка данных в Спутник...
[11:10:3] - [Инфо] task status: success, task time status: success
[11:10:3] - [Инфо] SputnikTaskID: 29117
[11:10:4] - [Инфо] Сущность с ID: 1101 обработана на сервере.
[11:10:5] - [Инфо] Отправка данных в Спутник...
[11:10:5] - [Инфо] task status: success, task time status: success
[11:10:5] - [Инфо] SputnikTaskID: 29118
[11:12:41] - [Инфо] Developer - Mkrtchyan Martun <mart@kassa26.ru>
[11:12:41] - [Инфо] Начало обмена данными между OkDesk и Спутник.
[11:12:41] - [Инфо] Начало загрузки локальных данных.
[11:12:41] - [Инфо] [OkDesk] Файл: '1101-1101data.json' - уже существует в 'data/okdesk'
[11:12:42] - [Инфо] Сущность с ID: 1101 обработана на сервере.
[11:12:42] - [Инфо] Отправка данных в Спутник...
[11:12:42] - [Инфо] task status: success, task time status: success
[11:12:42] - [Инфо] SputnikTaskID: 29119
[11:12:42] - [Инфо] Загрузка локальных данных закончена.
[11:12:42] - [Инфо] Обмен данными между OkDesk и Спутник завершен.
[11:15:24] - [Инфо] Developer - Mkrtchyan Martun <mart@kassa26.ru>
[11:15:24] - [Инфо] Начало обмена данными между OkDesk и Спутник.
[11:15:24] - [Инфо] Начало загрузки локальных данных.
[11:15:24] - [Инфо] [OkDesk] Файл: '1101-1101data.json' - уже существует в 'data/okdesk'
[11:15:25] - [Инфо] Сущность с ID: 1101 обработана на сервере.
[11:15:25] - [Инфо] Отправка данных в Спутник...
[11:15:25] - [Инфо] task status: success, task time status: success
[11:15:25] - [Инфо] SputnikTaskID: 29120
[11:15:26] - [Инфо] Загрузка локальных данных закончена.
[11:15:26] - [Инфо] Обмен данными между OkDesk и Спутник завершен.
[11:17:50] - [Инфо] Developer - Mkrtchyan Martun <mart@kassa26.ru>
[11:17:50] - [Инфо] Начало обмена данными между OkDesk и Спутник.
[11:17:50] - [Инфо] Начало загрузки локальных данных.
[11:17:50] - [Инфо] [OkDesk] Файл: '1101-1101data.json' - уже существует в 'data/okdesk'
[11:17:51] - [Инфо] Сущность с ID: 1101 обработана на сервере.
[11:17:51] - [Инфо] Отправка данных в Спутник...
[11:17:51] - [Инфо] task status: success, task time status: success
[11:17:51] - [Инфо] SputnikTaskID: 29121
[11:18:24] - [Инфо] Developer - Mkrtchyan Martun <mart@kassa26.ru>
[11:18:24] - [Инфо] Начало обмена данными между OkDesk и Спутник.
[11:18:24] - [Инфо] Начало загрузки локальных данных.
[11:18:24] - [Инфо] [OkDesk] Файл: '1101-1101data.json' - уже существует в 'data/okdesk'
[11:18:25] - [Инфо] Сущность с ID: 1101 обработана на сервере.
[11:18:25] - [Инфо] Отправка данных в Спутник...
[11:18:25] - [Инфо] task status: success, task time status: success
[11:18:25] - [Инфо] SputnikTaskID: 29122
[11:18:26] - [Инфо] Сущность с ID: 1101 обработана на сервере.
[11:18:26] - [Инфо] Отправка данных в Спутник...
[11:18:26] - [Инфо] task status: success, task time status: success
[11:18:26] - [Инфо] SputnikTaskID: 29123
[11:19:24] - [Инфо] Developer - Mkrtchyan Martun <mart@kassa26.ru>
[11:19:24] - [Инфо] Начало обмена данными между OkDesk и Спутник.
[11:19:24] - [Инфо] Начало загрузки локальных данных.
[11:19:24] - [Инфо] [OkDesk] Файл: '1101-1101data.json' - уже существует в 'data/okdesk'
[11:19:24] - [Инфо] Сущность с ID: 1101 обработана на сервере.
[11:19:24] - [Инфо] Отправка данных в Спутник...
[11:19:24] - [Инфо] task status: success, task time status: success
[11:19:24] - [Инфо] SputnikTaskID: 29124
[11:19:25] - [Инфо] Загрузка локальных данных закончена.
[11:19:25] - [Инфо] Обмен данными между OkDesk и Спутник завершен.
[11:19:56] - [Инфо] Developer - Mkrtchyan Martun <mart@kassa26.ru>
[11:19:56] - [Инфо] Начало обмена данными между OkDesk и Спутник.
[11:19:56] - [Инфо] Начало загрузки локальных данных.
[11:19:56] - [Инфо] [OkDesk] Файл: '1101-1101data.json' - уже существует в 'data/okdesk'
[11:19:56] - [Инфо] Сущность с ID: 1101 обработана на сервере.
[11:19:57] - [Инфо] Отправка данных в Спутник...
[11:19:57] - [Инфо] task status: success, task time status: success
[11:19:57] - [Инфо] SputnikTaskID: 29125
[11:19:57] - [Инфо] Загрузка локальных данных закончена.
[11:19:57] - [Инфо] Обмен данными между OkDesk и Спутник завершен.
[11:21:11] - [Инфо] Developer - Mkrtchyan Martun <mart@kassa26.ru>
[11:21:11] - [Инфо] Начало обмена данными между OkDesk и Спутник.
[11:21:11] - [Инфо] Начало загрузки локальных данных.
[11:21:11] - [Инфо] [OkDesk] Файл: '1101-1101data.json' - уже существует в 'data/okdesk'
[11:21:12] - [Инфо] Сущность с ID: 1101 обработана на сервере.
[11:21:12] - [Инфо] Отправка данных в Спутник...
[11:21:12] - [Инфо] task status: success, task time status: success
[11:21:12] - [Инфо] SputnikTaskID: 29126
[11:21:12] - [Инфо] Загрузка локальных данных закончена.
[11:21:12] - [Инфо] Обмен данными между OkDesk и Спутник завершен.
[11:21:21] - [Инфо] Developer - Mkrtchyan Martun <mart@kassa26.ru>
[11:21:21] - [Инфо] Начало обмена данными между OkDesk и Спутник.
[11:21:21] - [Инфо] Начало загрузки локальных данных.
[11:21:21] - [Инфо] [OkDesk] Файл: '1101-1101data.json' - уже существует в 'data/okdesk'
[11:21:21] - [Инфо] Сущность с ID: 1101 обработана на сервере.
[11:21:22] - [Инфо] Отправка данных в Спутник...
[11:21:22] - [Инфо] task status: success, task time status: success
[11:21:22] - [Инфо] SputnikTaskID: 29127
[11:21:22] - [Инфо] Загрузка локальных данных закончена.
[11:21:22] - [Инфо] Обмен данными между OkDesk и Спутник завершен.
[11:21:28] - [Инфо] Developer - Mkrtchyan Martun <mart@kassa26.ru>
[11:21:28] - [Инфо] Начало обмена данными между OkDesk и Спутник.
[11:21:28] - [Инфо] Начало загрузки локальных данных.
[11:21:28] - [Инфо] [OkDesk] Файл: '1101-1101data.json' - уже существует в 'data/okdesk'
[11:21:28] - [Инфо] Сущность с ID: 1101 обработана на сервере.
[11:21:29] - [Инфо] Отправка данных в Спутник...
[11:21:29] - [Инфо] task status: success, task time status: success
[11:21:29] - [Инфо] SputnikTaskID: 29128
[11:21:29] - [Инфо] Загрузка локальных данных закончена.
[11:21:29] - [Инфо] Обмен данными между OkDesk и Спутник завершен.
[11:22:19] - [Инфо] Developer - Mkrtchyan Martun <mart@kassa26.ru>
[11:22:19] - [Инфо] Начало обмена данными между OkDesk и Спутник.
[11:22:19] - [Инфо] Начало загрузки локальных данных.
[11:22:19] - [Инфо] [OkDesk] Файл: '1101-1101data.json' - уже существует в 'data/okdesk'
[11:22:19] - [Инфо] Сущность с ID: 1101 обработана на сервере.
[11:22:20] - [Инфо] Отправка данных в Спутник...
[11:22:20] - [Инфо] task status: success, task time status: success
[11:22:20] - [Инфо] SputnikTaskID: 29129
[11:22:20] - [Инфо] Загрузка локальных данных закончена.
[11:22:20] - [Инфо] Обмен данными между OkDesk и Спутник завершен.
[11:22:32] - [Инфо] Developer - Mkrtchyan Martun <mart@kassa26.ru>
[11:22:32] - [Инфо] Начало обмена данными между OkDesk и Спутник.
[11:22:32] - [Инфо] Начало загрузки локальных данных.
[11:22:32] - [Инфо] [OkDesk] Файл: '1101-1101data.json' - уже существует в 'data/okdesk'
[11:22:33] - [Инфо] Сущность с ID: 1101 обработана на сервере.
[11:22:33] - [Инфо] Отправка данных в Спутник...
[11:22:33] - [Инфо] task status: success, task time status: success
[11:22:33] - [Инфо] SputnikTaskID: 29130
[11:22:33] - [Инфо] Загрузка локальных данных закончена.
[11:22:33] - [Инфо] Обмен данными между OkDesk и Спутник завершен.
[11:22:56] - [Инфо] Developer - Mkrtchyan Martun <mart@kassa26.ru>
[11:22:56] - [Инфо] Начало обмена данными между OkDesk и Спутник.
[11:22:56] - [Инфо] Начало загрузки локальных данных.
[11:22:56] - [Инфо] [OkDesk] Файл: '1101-1101data.json' - уже существует в 'data/okdesk'
[11:22:56] - [Инфо] Сущность с ID: 1101 обработана на сервере.
[11:22:57] - [Инфо] Отправка данных в Спутник...
[11:22:57] - [Инфо] task status: success, task time status: success
[11:22:57] - [Инфо] SputnikTaskID: 29131
[11:22:57] - [Инфо] Загрузка локальных данных закончена.
[11:22:57] - [Инфо] Обмен данными между OkDesk и Спутник завершен.
[11:24:10] - [Инфо] Developer - Mkrtchyan Martun <mart@kassa26.ru>
[11:24:10] - [Инфо] Начало обмена данными между OkDesk и Спутник.
[11:24:10] - [Инфо] Начало загрузки локальных данных.
[11:24:10] - [Инфо] [OkDesk] Файл: '1101-1101data.json' - уже существует в 'data/okdesk'
[11:24:11] - [Инфо] Сущность с ID: 1101 обработана на сервере.
[11:24:11] - [Инфо] Отправка данных в Спутник...
[11:24:11] - [Инфо] task status: success, task time status: success
[11:24:11] - [Инфо] SputnikTaskID: 29132
[11:24:11] - [Инфо] Загрузка локальных данных закончена.
[11:24:11] - [Инфо] Обмен данными между OkDesk и Спутник завершен.
[11:24:22] - [Инфо] Developer - Mkrtchyan Martun <mart@kassa26.ru>
[11:24:22] - [Инфо] Начало обмена данными между OkDesk и Спутник.
[11:24:22] - [Инфо] Начало загрузки локальных данных.
[11:24:23] - [Инфо] Сущность с ID: 1101 обработана на сервере.
[11:24:23] - [Инфо] Отправка данных в Спутник...
[11:24:23] - [Инфо] task status: success, task time status: success
[11:24:23] - [Инфо] SputnikTaskID: 29133
[11:24:23] - [Инфо] Сущность с ID: 1102 обработана на сервере.
[11:24:24] - [Инфо] Отправка данных в Спутник...
[11:24:24] - [Инфо] task status: success, task time status: success
[11:24:24] - [Инфо] SputnikTaskID: 29134
[11:24:24] - [Инфо] Загрузка локальных данных закончена.
[11:24:24] - [Инфо] Обмен данными между OkDesk и Спутник завершен.
[11:25:23] - [Инфо] Developer - Mkrtchyan Martun <mart@kassa26.ru>
[11:25:23] - [Инфо] Начало обмена данными между OkDesk и Спутник.
[11:25:23] - [Инфо] Начало загрузки локальных данных.
[11:25:23] - [Инфо] [OkDesk] Файл: '1101-1102data.json' - уже существует в 'data/okdesk'
[11:25:24] - [Инфо] Сущность с ID: 1101 обработана на сервере.
[11:25:24] - [Инфо] Отправка данных в Спутник...
[11:25:24] - [Инфо] task status: success, task time status: success
[11:25:24] - [Инфо] SputnikTaskID: 29135
[11:25:25] - [Инфо] Сущность с ID: 1102 обработана на сервере.
[11:25:25] - [Инфо] Отправка данных в Спутник...
[11:25:25] - [Инфо] task status: success, task time status: success
[11:25:25] - [Инфо] SputnikTaskID: 29136
[11:25:25] - [Инфо] Загрузка локальных данных закончена.
[11:25:25] - [Инфо] Обмен данными между OkDesk и Спутник завершен.
[11:26:46] - [Инфо] Developer - Mkrtchyan Martun <mart@kassa26.ru>
[11:26:46] - [Инфо] Начало обмена данными между OkDesk и Спутник.
[11:26:46] - [Инфо] Начало загрузки локальных данных.
[11:26:46] - [Инфо] [OkDesk] Файл: '1101-1102data.json' - уже существует в 'data/okdesk'
[11:26:47] - [Инфо] Сущность с ID: 1101 обработана на сервере.
[11:26:47] - [Инфо] Отправка данных в Спутник...
[11:26:47] - [Инфо] task status: success, task time status: success
[11:26:47] - [Инфо] SputnikTaskID: 29137
[11:26:48] - [Инфо] Сущность с ID: 1102 обработана на сервере.
[11:26:48] - [Инфо] Отправка данных в Спутник...
[11:26:48] - [Инфо] task status: success, task time status: success
[11:26:48] - [Инфо] SputnikTaskID: 29138
[11:26:48] - [Инфо] Загрузка локальных данных закончена.
[11:26:48] - [Инфо] Обмен данными между OkDesk и Спутник завершен.
[11:27:51] - [Инфо] Developer - Mkrtchyan Martun <mart@kassa26.ru>
[11:27:51] - [Инфо] Начало обмена данными между OkDesk и Спутник.
[11:27:51] - [Инфо] Начало загрузки локальных данных.
[11:27:51] - [Инфо] [OkDesk] Файл: '1101-1101data.json' - уже существует в 'data/okdesk'
[11:27:52] - [Инфо] Сущность с ID: 1101 обработана на сервере.
[11:27:52] - [Инфо] Отправка данных в Спутник...
[11:27:52] - [Инфо] task status: success, task time status: success
[11:27:52] - [Инфо] SputnikTaskID: 29139
[11:27:52] - [Инфо] Загрузка локальных данных закончена.
[11:27:52] - [Инфо] Обмен данными между OkDesk и Спутник завершен.
[11:45:29] - [Инфо] Developer - Mkrtchyan Martun <mart@kassa26.ru>
[11:45:29] - [Инфо] Начало обмена данными между OkDesk и Спутник.
[11:45:29] - [Инфо] Начало загрузки локальных данных.
[11:45:29] - [Инфо] [OkDesk] Файл: '1101-1101data.json' - уже существует в 'data/okdesk'
[11:45:30] - [Инфо] Сущность с ID: 1101 обработана на сервере.
[11:45:30] - [Инфо] Отправка данных в Спутник...
[11:45:30] - [Инфо] task status: success, task time status: success
[11:45:30] - [Инфо] SputnikTaskID: 29142
[11:45:31] - [Инфо] Сущность с ID: 1101 обработана на сервере.
[11:45:31] - [Инфо] Отправка данных в Спутник...
[11:45:31] - [Инфо] task status: success, task time status: success
[11:45:31] - [Инфо] SputnikTaskID: 29143
[11:46:38] - [Инфо] Developer - Mkrtchyan Martun <mart@kassa26.ru>
[11:46:38] - [Инфо] Начало обмена данными между OkDesk и Спутник.
[11:46:38] - [Инфо] Начало загрузки локальных данных.
[11:46:38] - [Инфо] [OkDesk] Файл: '1101-1101data.json' - уже существует в 'data/okdesk'
[11:46:39] - [Инфо] Сущность с ID: 1101 обработана на сервере.
[11:46:39] - [Инфо] Отправка данных в Спутник...
[11:46:39] - [Инфо] task status: success, task time status: success
[11:46:39] - [Инфо] SputnikTaskID: 29144
[11:46:40] - [Инфо] Сущность с ID: 1101 обработана на сервере.
[11:46:41] - [Инфо] Отправка данных в Спутник...
[11:46:41] - [Инфо] task status: success, task time status: success
[11:46:41] - [Инфо] SputnikTaskID: 29145
[11:46:55] - [Инфо] Developer - Mkrtchyan Martun <mart@kassa26.ru>
[11:46:55] - [Инфо] Начало обмена данными между OkDesk и Спутник.
[11:46:55] - [Инфо] Начало загрузки локальных данных.
[11:46:55] - [Инфо] [OkDesk] Файл: '1101-1101data.json' - уже существует в 'data/okdesk'
[11:46:56] - [Инфо] Сущность с ID: 1101 обработана на сервере.
[11:46:56] - [Инфо] Отправка данных в Спутник...
[11:46:56] - [Инфо] task status: success, task time status: success
[11:46:56] - [Инфо] SputnikTaskID: 29146
[11:46:57] - [Инфо] Сущность с ID: 1101 обработана на сервере.
[11:46:57] - [Инфо] Отправка данных в Спутник...
[11:46:57] - [Инфо] task status: success, task time status: success
[11:46:57] - [Инфо] SputnikTaskID: 29147
[11:51:58] - [Инфо] Developer - Mkrtchyan Martun <mart@kassa26.ru>
[11:51:58] - [Инфо] Начало обмена данными между OkDesk и Спутник.
[11:51:58] - [Инфо] Начало загрузки локальных данных.
[11:51:58] - [Инфо] [OkDesk] Файл: '1101-1101data.json' - уже существует в 'data/okdesk'
[11:51:59] - [Инфо] Сущность с ID: 1101 обработана на сервере.
[11:51:59] - [Инфо] Отправка данных в Спутник...
[11:51:59] - [Инфо] task status: success, task time status: success
[11:51:59] - [Инфо] SputnikTaskID: 29148
[11:52:0] - [Инфо] Сущность с ID: 1101 обработана на сервере.
[11:52:0] - [Инфо] Отправка данных в Спутник...
[11:52:0] - [Инфо] task status: success, task time status: success
[11:52:0] - [Инфо] SputnikTaskID: 29149
[11:54:32] - [Инфо] Developer - Mkrtchyan Martun <mart@kassa26.ru>
[11:54:32] - [Инфо] Начало обмена данными между OkDesk и Спутник.
[11:54:32] - [Инфо] Начало загрузки локальных данных.
[11:54:32] - [Инфо] [OkDesk] Файл: '1101-1101data.json' - уже существует в 'data/okdesk'
[11:54:33] - [Инфо] Сущность с ID: 1101 обработана на сервере.
[11:54:33] - [Инфо] Отправка данных в Спутник...
[11:54:33] - [Инфо] task status: success, task time status: success
[11:54:33] - [Инфо] SputnikTaskID: 29150
[11:54:33] - [Инфо] Загрузка локальных данных закончена.
[11:54:33] - [Инфо] Обмен данными между OkDesk и Спутник завершен.
[11:55:44] - [Инфо] Developer - Mkrtchyan Martun <mart@kassa26.ru>
[11:55:44] - [Инфо] Начало обмена данными между OkDesk и Спутник.
[11:55:44] - [Инфо] Начало загрузки локальных данных.
[11:55:44] - [Инфо] [OkDesk] Файл: '1101-1101data.json' - уже существует в 'data/okdesk'
[11:55:44] - [Инфо] Сущность с ID: 1101 обработана на сервере.
[11:55:45] - [Инфо] Отправка данных в Спутник...
[11:55:45] - [Инфо] task status: success, task time status: success
[11:55:45] - [Инфо] SputnikTaskID: 29151
[11:55:45] - [Инфо] Загрузка локальных данных закончена.
[11:55:45] - [Инфо] Обмен данными между OkDesk и Спутник завершен.
[11:56:51] - [Инфо] Developer - Mkrtchyan Martun <mart@kassa26.ru>
[11:56:51] - [Инфо] Начало обмена данными между OkDesk и Спутник.
[11:56:51] - [Инфо] Начало загрузки локальных данных.
[11:56:51] - [Инфо] [OkDesk] Файл: '1101-1101data.json' - уже существует в 'data/okdesk'
[11:56:52] - [Инфо] Сущность с ID: 1101 обработана на сервере.
[11:56:52] - [Инфо] Отправка данных в Спутник...
[11:56:52] - [Инфо] task status: success, task time status: success
[11:56:52] - [Инфо] SputnikTaskID: 29152
[11:56:53] - [Инфо] Загрузка локальных данных закончена.
[11:56:53] - [Инфо] Обмен данными между OkDesk и Спутник завершен.
[11:57:25] - [Инфо] Developer - Mkrtchyan Martun <mart@kassa26.ru>
[11:57:25] - [Инфо] Начало обмена данными между OkDesk и Спутник.
[11:57:25] - [Инфо] Начало загрузки локальных данных.
[11:57:25] - [Инфо] [OkDesk] Файл: '1101-1101data.json' - уже существует в 'data/okdesk'
[11:57:26] - [Инфо] Сущность с ID: 1101 обработана на сервере.
[11:57:26] - [Инфо] Отправка данных в Спутник...
[11:57:26] - [Инфо] task status: success, task time status: success
[11:57:26] - [Инфо] SputnikTaskID: 29153
[11:57:26] - [Инфо] Загрузка локальных данных закончена.
[11:57:26] - [Инфо] Обмен данными между OkDesk и Спутник завершен.
[12:1:57] - [Инфо] Developer - Mkrtchyan Martun <mart@kassa26.ru>
[12:1:57] - [Инфо] Начало обмена данными между OkDesk и Спутник.
[12:1:57] - [Инфо] Начало загрузки локальных данных.
[12:1:57] - [Инфо] [OkDesk] Файл: '1101-1101data.json' - уже существует в 'data/okdesk'
[12:1:58] - [Инфо] Сущность с ID: 1101 обработана на сервере.
[12:1:58] - [Инфо] Отправка данных в Спутник...
[12:1:58] - [Инфо] task status: success, task time status: success
[12:1:58] - [Инфо] SputnikTaskID: 29154
[12:1:59] - [Инфо] task comment status: success
[12:1:59] - [Инфо] task comment status: success
[12:1:59] - [Инфо] task comment status: success
[12:1:59] - [Инфо] task comment status: success
[12:1:59] - [Инфо] Загрузка локальных данных закончена.
[12:1:59] - [Инфо] Обмен данными между OkDesk и Спутник завершен.
[12:32:16] - [Инфо] Developer - Mkrtchyan Martun <mart@kassa26.ru>
[12:32:16] - [Инфо] Начало обмена данными между OkDesk и Спутник.
[12:32:16] - [Инфо] Начало загрузки локальных данных.
[12:32:16] - [Инфо] [OkDesk] Файл: '1-3data.json' - уже существует в 'data/okdesk'
[12:32:16] - Записи 1 не существует, пожалуйста исправьте ошибку, пожалуйста исправьте ошибку.
[12:32:16] - Записи 1 не существует, пожалуйста исправьте ошибку, пожалуйста исправьте ошибку.
[12:32:24] - [Инфо] Developer - Mkrtchyan Martun <mart@kassa26.ru>
[12:32:24] - [Инфо] Начало обмена данными между OkDesk и Спутник.
[12:32:24] - [Инфо] Начало загрузки локальных данных.
[12:32:24] - [Инфо] [OkDesk] Файл: '2-3data.json' - уже существует в 'data/okdesk'
[12:32:24] - Записи 2 не существует, пожалуйста исправьте ошибку, пожалуйста исправьте ошибку.
[12:32:25] - Записи 2 не существует, пожалуйста исправьте ошибку, пожалуйста исправьте ошибку.
[12:32:31] - [Инфо] Developer - Mkrtchyan Martun <mart@kassa26.ru>
[12:32:31] - [Инфо] Начало обмена данными между OkDesk и Спутник.
[12:32:31] - [Инфо] Начало загрузки локальных данных.
[12:32:31] - [Инфо] [OkDesk] Файл: '1101-1101data.json' - уже существует в 'data/okdesk'
[12:32:31] - [Инфо] Сущность с ID: 1101 обработана на сервере.
[12:32:32] - [Инфо] Отправка данных в Спутник...
[12:32:32] - [Инфо] task status: success, task time status: success
[12:32:32] - [Инфо] SputnikTaskID: 29156
[12:32:32] - [Инфо] comment id: 151215, task comment status: success
[12:32:32] - [Инфо] comment id: 151216, task comment status: success
[12:32:32] - [Инфо] comment id: 151217, task comment status: success
[12:32:33] - [Инфо] comment id: 151218, task comment status: success
[12:32:33] - [Инфо] Загрузка локальных данных закончена.
[12:32:33] - [Инфо] Обмен данными между OkDesk и Спутник завершен.
[12:34:39] - [Инфо] Developer - Mkrtchyan Martun <mart@kassa26.ru>
[12:34:39] - [Инфо] Начало обмена данными между OkDesk и Спутник.
[12:34:39] - [Инфо] Начало загрузки локальных данных.
[12:34:39] - [Инфо] [OkDesk] Файл: '1101-1101data.json' - уже существует в 'data/okdesk'
[12:34:40] - [Инфо] Сущность с ID: 1101 обработана на сервере.
[12:34:40] - [Инфо] Отправка данных в Спутник...
[12:34:40] - [Инфо] task status: success, task time status: success
[12:34:40] - [Инфо] SputnikTaskID: 29157
[12:34:41] - [Инфо] comment id: 151219, task comment status: success
[12:34:41] - [Инфо] comment id: 151220, task comment status: success
[12:34:41] - [Инфо] comment id: 151221, task comment status: success
[12:34:41] - [Инфо] comment id: 151222, task comment status: success
[12:34:41] - [Инфо] Загрузка локальных данных закончена.
[12:34:41] - [Инфо] Обмен данными между OkDesk и Спутник завершен.
[12:35:3] - [Инфо] Developer - Mkrtchyan Martun <mart@kassa26.ru>
[12:35:3] - [Инфо] Начало обмена данными между OkDesk и Спутник.
[12:35:3] - [Инфо] Начало загрузки локальных данных.
[12:35:3] - [Инфо] [OkDesk] Файл: '1101-1101data.json' - уже существует в 'data/okdesk'
[12:35:3] - [Инфо] Сущность с ID: 1101 обработана на сервере.
[12:35:4] - [Инфо] Отправка данных в Спутник...
[12:35:4] - [Инфо] task status: success, task time status: success
[12:35:4] - [Инфо] SputnikTaskID: 29158
[12:35:4] - [Инфо] comment id: 151223, task comment status: success
[12:35:4] - [Инфо] comment id: 151224, task comment status: success
[12:35:5] - [Инфо] comment id: 151225, task comment status: success
[12:35:5] - [Инфо] comment id: 151226, task comment status: success
[12:35:5] - [Инфо] Загрузка локальных данных закончена.
[12:35:5] - [Инфо] Обмен данными между OkDesk и Спутник завершен.
[12:36:17] - [Инфо] Developer - Mkrtchyan Martun <mart@kassa26.ru>
[12:36:17] - [Инфо] Начало обмена данными между OkDesk и Спутник.
[12:36:17] - [Инфо] Начало загрузки локальных данных.
[12:36:17] - [Инфо] [OkDesk] Файл: '1101-1101data.json' - уже существует в 'data/okdesk'
[12:36:18] - [Инфо] Сущность с ID: 1101 обработана на сервере.
[12:36:18] - [Инфо] Отправка данных в Спутник...
[12:36:18] - [Инфо] task status: success, task time status: success
[12:36:18] - [Инфо] SputnikTaskID: 29159
[12:36:19] - [Инфо] comment id: 151227, task comment status: success
[12:36:19] - [Инфо] comment id: 151228, task comment status: success
[12:36:19] - [Инфо] comment id: 151229, task comment status: success
[12:36:19] - [Инфо] comment id: 151230, task comment status: success
[12:36:19] - [Инфо] Загрузка локальных данных закончена.
[12:36:19] - [Инфо] Обмен данными между OkDesk и Спутник завершен.
[12:38:54] - [Инфо] Developer - Mkrtchyan Martun <mart@kassa26.ru>
[12:38:54] - [Инфо] Начало обмена данными между OkDesk и Спутник.
[12:38:54] - [Инфо] Начало загрузки локальных данных.
[12:38:54] - [Инфо] [OkDesk] Файл: '1101-1101data.json' - уже существует в 'data/okdesk'
[12:38:54] - [Инфо] Сущность с ID: 1101 обработана на сервере.
[12:38:54] - [Инфо] Отправка данных в Спутник...
[12:38:54] - [Инфо] task status: success, task time status: success
[12:38:54] - [Инфо] SputnikTaskID: 29160
[12:38:55] - [Инфо] comment id: 151231, task comment status: success
[12:38:55] - [Инфо] comment id: 151232, task comment status: success
[12:38:55] - [Инфо] comment id: 151233, task comment status: success
[12:38:55] - [Инфо] comment id: 151234, task comment status: success
[12:38:55] - [Инфо] Загрузка локальных данных закончена.
[12:38:55] - [Инфо] Обмен данными между OkDesk и Спутник завершен.
[13:6:7] - [Инфо] Developer - Mkrtchyan Martun <mart@kassa26.ru>
[13:6:7] - [Инфо] Начало обмена данными между OkDesk и Спутник.
[13:6:7] - [Инфо] Начало загрузки локальных данных.
[13:6:8] - [Инфо] [Warning] Заявка не является решенной или закрытой. Пропуск...
[13:6:9] - [Инфо] [Warning] Заявка не является решенной или закрытой. Пропуск...
[13:6:9] - [Инфо] Загрузка локальных данных закончена.
[13:6:9] - [Инфо] Обмен данными между OkDesk и Спутник завершен.
[13:14:55] - [Инфо] Developer - Mkrtchyan Martun <mart@kassa26.ru>
[13:14:55] - [Инфо] Начало обмена данными между OkDesk и Спутник.
[13:14:55] - [Инфо] Начало загрузки локальных данных.
[13:14:55] - [Инфо] [OkDesk] Файл: '1170-1171data.json' - уже существует в 'data/okdesk'
[13:14:55] - [Инфо] Сущность с ID: 1170 обработана на сервере.
[13:14:56] - [Инфо] Отправка данных в Спутник...
[13:14:56] - [Инфо] task status: success, task time status: success
[13:14:56] - [Инфо] SputnikTaskID: 29161
[13:14:56] - [Инфо] Сущность с ID: 1170 обработана на сервере.
[13:14:57] - [Инфо] Отправка данных в Спутник...
[13:14:57] - [Инфо] task status: success, task time status: success
[13:14:57] - [Инфо] SputnikTaskID: 29162
[13:16:59] - [Инфо] Developer - Mkrtchyan Martun <mart@kassa26.ru>
[13:16:59] - [Инфо] Начало обмена данными между OkDesk и Спутник.
[13:16:59] - [Инфо] Начало загрузки локальных данных.
[13:16:59] - [Инфо] [OkDesk] Файл: '1170-1171data.json' - уже существует в 'data/okdesk'
[13:16:59] - [Инфо] Сущность с ID: 1170 обработана на сервере.
[13:17:0] - [Инфо] Отправка данных в Спутник...
[13:17:0] - [Инфо] task status: success, task time status: success
[13:17:0] - [Инфо] SputnikTaskID: 29163
[13:17:0] - [Инфо] Сущность с ID: 1170 обработана на сервере.
[13:17:1] - [Инфо] Отправка данных в Спутник...
[13:17:1] - [Инфо] task status: success, task time status: success
[13:17:1] - [Инфо] SputnikTaskID: 29164
[13:17:13] - [Инфо] Developer - Mkrtchyan Martun <mart@kassa26.ru>
[13:17:13] - [Инфо] Начало обмена данными между OkDesk и Спутник.
[13:17:13] - [Инфо] Начало загрузки локальных данных.
[13:17:13] - [Инфо] [OkDesk] Файл: '1170-1171data.json' - уже существует в 'data/okdesk'
[13:17:14] - [Инфо] Сущность с ID: 1170 обработана на сервере.
[13:17:14] - [Инфо] Отправка данных в Спутник...
[13:17:14] - [Инфо] task status: success, task time status: success
[13:17:14] - [Инфо] SputnikTaskID: 29165
[13:17:15] - [Инфо] Сущность с ID: 1170 обработана на сервере.
[13:17:15] - [Инфо] Отправка данных в Спутник...
[13:17:15] - [Инфо] task status: success, task time status: success
[13:17:15] - [Инфо] SputnikTaskID: 29166
[13:18:3] - [Инфо] Developer - Mkrtchyan Martun <mart@kassa26.ru>
[13:18:3] - [Инфо] Начало обмена данными между OkDesk и Спутник.
[13:18:3] - [Инфо] Начало загрузки локальных данных.
[13:18:3] - [Инфо] [OkDesk] Файл: '1170-1171data.json' - уже существует в 'data/okdesk'
[13:18:3] - [Инфо] Сущность с ID: 1170 обработана на сервере.
[13:18:4] - [Инфо] Отправка данных в Спутник...
[13:18:4] - [Инфо] task status: success, task time status: success
[13:18:4] - [Инфо] SputnikTaskID: 29167
[13:18:4] - [Инфо] Сущность с ID: 1170 обработана на сервере.
[13:18:5] - [Инфо] Отправка данных в Спутник...
[13:18:5] - [Инфо] task status: success, task time status: success
[13:18:5] - [Инфо] SputnikTaskID: 29168
[13:20:21] - [Инфо] Developer - Mkrtchyan Martun <mart@kassa26.ru>
[13:20:21] - [Инфо] Начало обмена данными между OkDesk и Спутник.
[13:20:21] - [Инфо] Начало загрузки локальных данных.
[13:20:22] - [Инфо] [Warning] Заявка не является решенной или закрытой. Пропуск...
[13:20:22] - [Инфо] Загрузка локальных данных закончена.
[13:20:22] - [Инфо] Обмен данными между OkDesk и Спутник завершен.
[13:20:31] - [Инфо] Developer - Mkrtchyan Martun <mart@kassa26.ru>
[13:20:31] - [Инфо] Начало обмена данными между OkDesk и Спутник.
[13:20:31] - [Инфо] Начало загрузки локальных данных.
[13:20:31] - [Инфо] [OkDesk] Файл: '1170-1171data.json' - уже существует в 'data/okdesk'
[13:20:31] - [Инфо] Сущность с ID: 1170 обработана на сервере.
[13:20:31] - [Инфо] Отправка данных в Спутник...
[13:20:31] - [Инфо] task status: success, task time status: success
[13:20:31] - [Инфо] SputnikTaskID: 29169
[13:20:32] - [Инфо] Сущность с ID: 1170 обработана на сервере.
[13:20:32] - [Инфо] Отправка данных в Спутник...
[13:20:32] - [Инфо] task status: success, task time status: success
[13:20:32] - [Инфо] SputnikTaskID: 29170
[13:21:57] - [Инфо] Developer - Mkrtchyan Martun <mart@kassa26.ru>
[13:21:57] - [Инфо] Начало обмена данными между OkDesk и Спутник.
[13:21:57] - [Инфо] Начало загрузки локальных данных.
[13:21:57] - [Инфо] [OkDesk] Файл: '1170-1171data.json' - уже существует в 'data/okdesk'
[13:21:57] - [Инфо] Сущность с ID: 1170 обработана на сервере.
[13:21:58] - [Инфо] Отправка данных в Спутник...
[13:21:58] - [Инфо] task status: success, task time status: success
[13:21:58] - [Инфо] SputnikTaskID: 29171
[13:21:59] - [Инфо] Сущность с ID: 1170 обработана на сервере.
[13:21:59] - [Инфо] Отправка данных в Спутник...
[13:21:59] - [Инфо] task status: success, task time status: success
[13:21:59] - [Инфо] SputnikTaskID: 29172
[13:22:10] - [Инфо] Developer - Mkrtchyan Martun <mart@kassa26.ru>
[13:22:10] - [Инфо] Начало обмена данными между OkDesk и Спутник.
[13:22:10] - [Инфо] Начало загрузки локальных данных.
[13:22:10] - [Инфо] [OkDesk] Файл: '1171-1171data.json' - уже существует в 'data/okdesk'
[13:22:11] - [Инфо] Сущность с ID: 1171 обработана на сервере.
[13:22:11] - [Инфо] Отправка данных в Спутник...
[13:22:11] - [Инфо] task status: success, task time status: success
[13:22:11] - [Инфо] SputnikTaskID: 29173
[13:22:11] - [Инфо] Сущность с ID: 1171 обработана на сервере.
[13:22:12] - [Инфо] Отправка данных в Спутник...
[13:22:12] - [Инфо] task status: success, task time status: success
[13:22:12] - [Инфо] SputnikTaskID: 29174
[13:22:21] - [Инфо] Developer - Mkrtchyan Martun <mart@kassa26.ru>
[13:22:21] - [Инфо] Начало обмена данными между OkDesk и Спутник.
[13:22:21] - [Инфо] Начало загрузки локальных данных.
[13:22:21] - [Инфо] [OkDesk] Файл: '1171-1171data.json' - уже существует в 'data/okdesk'
[13:22:21] - [Инфо] Сущность с ID: 1171 обработана на сервере.
[13:22:22] - [Инфо] Отправка данных в Спутник...
[13:22:22] - [Инфо] task status: success, task time status: success
[13:22:22] - [Инфо] SputnikTaskID: 29175
[13:22:22] - [Инфо] Сущность с ID: 1171 обработана на сервере.
[13:22:23] - [Инфо] Отправка данных в Спутник...
[13:22:23] - [Инфо] task status: success, task time status: success
[13:22:23] - [Инфо] SputnikTaskID: 29176
[13:23:34] - [Инфо] Developer - Mkrtchyan Martun <mart@kassa26.ru>
[13:23:34] - [Инфо] Начало обмена данными между OkDesk и Спутник.
[13:23:34] - [Инфо] Начало загрузки локальных данных.
[13:23:34] - [Инфо] [OkDesk] Файл: '1171-1171data.json' - уже существует в 'data/okdesk'
[13:23:35] - [Инфо] Сущность с ID: 1171 обработана на сервере.
[13:23:35] - [Инфо] Отправка данных в Спутник...
[13:23:35] - [Инфо] task status: success, task time status: success
[13:23:35] - [Инфо] SputnikTaskID: 29177
[13:23:36] - [Инфо] Сущность с ID: 1171 обработана на сервере.
[13:23:36] - [Инфо] Отправка данных в Спутник...
[13:23:36] - [Инфо] task status: success, task time status: success
[13:23:36] - [Инфо] SputnikTaskID: 29178
[13:24:37] - [Инфо] Developer - Mkrtchyan Martun <mart@kassa26.ru>
[13:24:37] - [Инфо] Начало обмена данными между OkDesk и Спутник.
[13:24:37] - [Инфо] Начало загрузки локальных данных.
[13:24:37] - [Инфо] [OkDesk] Файл: '1171-1171data.json' - уже существует в 'data/okdesk'
[13:24:37] - [Инфо] Сущность с ID: 1171 обработана на сервере.
[13:24:38] - [Инфо] Отправка данных в Спутник...
[13:24:38] - [Инфо] task status: success, task time status: success
[13:24:38] - [Инфо] SputnikTaskID: 29179
[13:24:38] - [Инфо] Сущность с ID: 1171 обработана на сервере.
[13:24:39] - [Инфо] Отправка данных в Спутник...
[13:24:39] - [Инфо] task status: success, task time status: success
[13:24:39] - [Инфо] SputnikTaskID: 29180
[13:25:10] - [Инфо] Developer - Mkrtchyan Martun <mart@kassa26.ru>
[13:25:10] - [Инфо] Начало обмена данными между OkDesk и Спутник.
[13:25:10] - [Инфо] Начало загрузки локальных данных.
[13:25:10] - [Инфо] [OkDesk] Файл: '1171-1171data.json' - уже существует в 'data/okdesk'
[13:25:10] - [Инфо] Сущность с ID: 1171 обработана на сервере.
[13:25:11] - [Инфо] Отправка данных в Спутник...
[13:25:11] - [Инфо] task status: success, task time status: success
[13:25:11] - [Инфо] SputnikTaskID: 29181
[13:25:12] - [Инфо] Сущность с ID: 1171 обработана на сервере.
[13:25:12] - [Инфо] Отправка данных в Спутник...
[13:25:12] - [Инфо] task status: success, task time status: success
[13:25:12] - [Инфо] SputnikTaskID: 29182
[13:25:54] - [Инфо] Developer - Mkrtchyan Martun <mart@kassa26.ru>
[13:25:54] - [Инфо] Начало обмена данными между OkDesk и Спутник.
[13:25:54] - [Инфо] Начало загрузки локальных данных.
[13:25:54] - [Инфо] [OkDesk] Файл: '1171-1171data.json' - уже существует в 'data/okdesk'
[13:25:55] - [Инфо] Сущность с ID: 1171 обработана на сервере.
[13:25:55] - [Инфо] Отправка данных в Спутник...
[13:25:55] - [Инфо] task status: success, task time status: success
[13:25:55] - [Инфо] SputnikTaskID: 29183
[13:25:56] - [Инфо] Сущность с ID: 1171 обработана на сервере.
[13:25:56] - [Инфо] Отправка данных в Спутник...
[13:25:56] - [Инфо] task status: success, task time status: success
[13:25:56] - [Инфо] SputnikTaskID: 29184
[13:27:12] - [Инфо] Developer - Mkrtchyan Martun <mart@kassa26.ru>
[13:27:12] - [Инфо] Начало обмена данными между OkDesk и Спутник.
[13:27:12] - [Инфо] Начало загрузки локальных данных.
[13:27:12] - [Инфо] [OkDesk] Файл: '1171-1171data.json' - уже существует в 'data/okdesk'
[13:27:12] - [Ошибка] Не найдено ID клиента (OkDesk ID: 1171) Пропуск..., пожалуйста исправьте ошибку, пожалуйста исправьте ошибку.
[13:27:12] - [Инфо] Загрузка локальных данных закончена.
[13:27:12] - [Инфо] Обмен данными между OkDesk и Спутник завершен.
[13:27:18] - [Инфо] Developer - Mkrtchyan Martun <mart@kassa26.ru>
[13:27:18] - [Инфо] Начало обмена данными между OkDesk и Спутник.
[13:27:18] - [Инфо] Начало загрузки локальных данных.
[13:27:18] - [Инфо] [OkDesk] Файл: '1170-1171data.json' - уже существует в 'data/okdesk'
[13:27:18] - [Ошибка] Не найдено ID клиента (OkDesk ID: 1170) Пропуск..., пожалуйста исправьте ошибку, пожалуйста исправьте ошибку.
[13:27:18] - [Ошибка] Не найдено ID клиента (OkDesk ID: 1171) Пропуск..., пожалуйста исправьте ошибку, пожалуйста исправьте ошибку.
[13:27:18] - [Инфо] Загрузка локальных данных закончена.
[13:27:18] - [Инфо] Обмен данными между OkDesk и Спутник завершен.
[13:28:23] - [Инфо] Developer - Mkrtchyan Martun <mart@kassa26.ru>
[13:28:23] - [Инфо] Начало обмена данными между OkDesk и Спутник.
[13:28:23] - [Инфо] Начало загрузки локальных данных.
[13:28:23] - [Инфо] [OkDesk] Файл: '1170-1171data.json' - уже существует в 'data/okdesk'
[13:28:24] - [Ошибка] Не найдено ID клиента (OkDesk ID: 1170) Пропуск..., пожалуйста исправьте ошибку, пожалуйста исправьте ошибку.
[13:28:25] - [Ошибка] Не найдено ID клиента (OkDesk ID: 1171) Пропуск..., пожалуйста исправьте ошибку, пожалуйста исправьте ошибку.
[13:28:25] - [Инфо] Загрузка локальных данных закончена.
[13:28:25] - [Инфо] Обмен данными между OkDesk и Спутник завершен.
[13:29:6] - [Инфо] Developer - Mkrtchyan Martun <mart@kassa26.ru>
[13:29:6] - [Инфо] Начало обмена данными между OkDesk и Спутник.
[13:29:6] - [Инфо] Начало загрузки локальных данных.
[13:29:6] - [Инфо] [OkDesk] Файл: '1170-1171data.json' - уже существует в 'data/okdesk'
[13:29:6] - [Ошибка] Не найдено ID клиента (OkDesk ID: 1170) Пропуск..., пожалуйста исправьте ошибку, пожалуйста исправьте ошибку.
[13:29:6] - [Инфо] Сущность с ID: 1171 обработана на сервере.
[13:29:7] - [Инфо] Отправка данных в Спутник...
[13:29:7] - [Инфо] task status: success, task time status: success
[13:29:7] - [Инфо] SputnikTaskID: 29185
[13:29:7] - [Ошибка] Не найдено ID клиента (OkDesk ID: 1170) Пропуск..., пожалуйста исправьте ошибку, пожалуйста исправьте ошибку.
[13:29:8] - [Инфо] Сущность с ID: 1171 обработана на сервере.
[13:29:9] - [Инфо] Отправка данных в Спутник...
[13:29:9] - [Инфо] task status: success, task time status: success
[13:29:9] - [Инфо] SputnikTaskID: 29186
[13:31:21] - [Инфо] Developer - Mkrtchyan Martun <mart@kassa26.ru>
[13:31:21] - [Инфо] Начало обмена данными между OkDesk и Спутник.
[13:31:21] - [Инфо] Начало загрузки локальных данных.
[13:31:21] - [Инфо] [OkDesk] Файл: '1170-1171data.json' - уже существует в 'data/okdesk'
[13:31:22] - [Ошибка] Не найдено ID клиента (OkDesk ID: 1170) Пропуск..., пожалуйста исправьте ошибку, пожалуйста исправьте ошибку.
[13:31:23] - [Инфо] Сущность с ID: 1171 обработана на сервере.
[13:31:23] - [Инфо] Отправка данных в Спутник...
[13:31:23] - [Инфо] task status: success, task time status: success
[13:31:23] - [Инфо] SputnikTaskID: 29187
[13:31:24] - [Ошибка] Не найдено ID клиента (OkDesk ID: 1170) Пропуск..., пожалуйста исправьте ошибку, пожалуйста исправьте ошибку.
[13:31:24] - [Инфо] Сущность с ID: 1171 обработана на сервере.
[13:31:24] - [Инфо] Отправка данных в Спутник...
[13:31:24] - [Инфо] task status: success, task time status: success
[13:31:24] - [Инфо] SputnikTaskID: 29188
[13:32:40] - [Инфо] Developer - Mkrtchyan Martun <mart@kassa26.ru>
[13:32:40] - [Инфо] Начало обмена данными между OkDesk и Спутник.
[13:32:40] - [Инфо] Начало загрузки локальных данных.
[13:32:40] - [Инфо] [OkDesk] Файл: '1170-1171data.json' - уже существует в 'data/okdesk'
[13:32:41] - [Ошибка] Не найдено ID клиента (OkDesk ID: 1170) Пропуск..., пожалуйста исправьте ошибку, пожалуйста исправьте ошибку.
[13:32:42] - [Инфо] Сущность с ID: 1171 обработана на сервере.
[13:32:42] - [Инфо] Отправка данных в Спутник...
[13:32:42] - [Инфо] task status: success, task time status: success
[13:32:42] - [Инфо] SputnikTaskID: 29189
[13:32:43] - [Ошибка] Не найдено ID клиента (OkDesk ID: 1170) Пропуск..., пожалуйста исправьте ошибку, пожалуйста исправьте ошибку.
[13:32:43] - [Инфо] Сущность с ID: 1171 обработана на сервере.
[13:32:43] - [Инфо] Отправка данных в Спутник...
[13:32:43] - [Инфо] task status: success, task time status: success
[13:32:43] - [Инфо] SputnikTaskID: 29190
[13:34:52] - [Инфо] Developer - Mkrtchyan Martun <mart@kassa26.ru>
[13:34:52] - [Инфо] Начало обмена данными между OkDesk и Спутник.
[13:34:52] - [Инфо] Начало загрузки локальных данных.
[13:34:52] - [Инфо] [OkDesk] Файл: '1170-1171data.json' - уже существует в 'data/okdesk'
[13:34:52] - [Ошибка] Не найдено ID клиента (OkDesk ID: 1170) Пропуск..., пожалуйста исправьте ошибку, пожалуйста исправьте ошибку.
[13:34:53] - [Инфо] Сущность с ID: 1171 обработана на сервере.
[13:34:54] - [Ошибка] Не найдено ID клиента (OkDesk ID: 1170) Пропуск..., пожалуйста исправьте ошибку, пожалуйста исправьте ошибку.
[13:34:54] - [Инфо] Сущность с ID: 1171 обработана на сервере.
[13:35:45] - [Инфо] Developer - Mkrtchyan Martun <mart@kassa26.ru>
[13:35:45] - [Инфо] Начало обмена данными между OkDesk и Спутник.
[13:35:45] - [Инфо] Начало загрузки локальных данных.
[13:35:46] - [Инфо] [OkDesk] Файл: '1170-1171data.json' - уже существует в 'data/okdesk'
[13:35:46] - [Ошибка] Не найдено ID клиента (OkDesk ID: 1170) Пропуск..., пожалуйста исправьте ошибку, пожалуйста исправьте ошибку.
[13:35:46] - [Инфо] Сущность с ID: 1171 обработана на сервере.
[13:35:47] - [Инфо] comment id: 151237, task comment status: success
[13:35:47] - [Инфо] Загрузка локальных данных закончена.
[13:35:47] - [Инфо] Обмен данными между OkDesk и Спутник завершен.
[13:39:20] - [Инфо] Developer - Mkrtchyan Martun <mart@kassa26.ru>
[13:39:20] - [Инфо] Начало обмена данными между OkDesk и Спутник.
[13:39:20] - [Инфо] Начало загрузки локальных данных.
[13:39:20] - [Инфо] [OkDesk] Файл: '1170-1171data.json' - уже существует в 'data/okdesk'
[13:39:20] - [Ошибка] Не найдено ID клиента (OkDesk ID: 1170) Пропуск..., пожалуйста исправьте ошибку, пожалуйста исправьте ошибку.
[13:39:21] - [Инфо] Сущность с ID: 1171 обработана на сервере.
[13:39:21] - [Инфо] Отправка данных в Спутник...
[13:39:21] - [Инфо] task status: success, task time status: success
[13:39:21] - [Инфо] SputnikTaskID: 29194
[13:39:21] - [Инфо] comment id: 151238, task comment status: success
[13:39:21] - [Инфо] Загрузка локальных данных закончена.
[13:39:21] - [Инфо] Обмен данными между OkDesk и Спутник завершен.
