[23:59:2] - [Инфо] Начало цикла след. последовательности
[23:59:2] - [Инфо] Developer - Mkrtchyan Martun <mart@kassa26.ru>
[23:59:7] - Заявка уже была ранее выгружена. (OkDesk ID: 2848), пожалуйста исправьте ошибку[23:59:7] - [Инфо] Сущность с ID: 2849 обработана на сервере.
[23:59:8] - [Инфо] Отправка данных в Спутник...
[23:59:8] - [Инфо] task status: success, task time status: success
[23:59:8] - [Инфо] SputnikTaskID: 33470
[23:59:8] - [Инфо] Сущность с ID: 2850 обработана на сервере.
[23:59:8] - [Инфо] Отправка данных в Спутник...
[23:59:8] - [Инфо] task status: success, task time status: success
[23:59:8] - [Инфо] SputnikTaskID: 33471
[23:59:8] - [Инфо] comment id: 168751, task comment status: success
[23:59:8] - [Инфо] 2851
[23:59:8] - [Инфо] [LOG] Заявка не является завершенной (OkDesk ID: 2851) Пропуск...
[23:59:8] - [Инфо] comment id: 168752, task comment status: success
[23:59:8] - [Инфо] comment id: 168753, task comment status: success
[23:59:9] - [Инфо] Сущность с ID: 2852 обработана на сервере.
[23:59:9] - [Инфо] Отправка данных в Спутник...
[23:59:9] - [Инфо] task status: success, task time status: success
[23:59:9] - [Инфо] SputnikTaskID: 33472
[23:59:10] - [Инфо] comment id: 168754, task comment status: success
[23:59:10] - [Инфо] Сущность с ID: 2853 обработана на сервере.
[23:59:10] - [Инфо] Отправка данных в Спутник...
[23:59:10] - [Инфо] task status: success, task time status: success
[23:59:10] - [Инфо] SputnikTaskID: 33473
[23:59:10] - [Инфо] comment id: 168755, task comment status: success
[23:59:10] - [Инфо] Сущность с ID: 2854 обработана на сервере.
[23:59:10] - [Инфо] Отправка данных в Спутник...
[23:59:10] - [Инфо] task status: success, task time status: success
[23:59:10] - [Инфо] SputnikTaskID: 33474
[23:59:11] - [Инфо] comment id: 168756, task comment status: success
[23:59:11] - [Инфо] Сущность с ID: 2855 обработана на сервере.
[23:59:11] - [Инфо] comment id: 168757, task comment status: success
[23:59:11] - [Инфо] Отправка данных в Спутник...
[23:59:11] - [Инфо] task status: success, task time status: success
[23:59:11] - [Инфо] SputnikTaskID: 33475
[23:59:11] - [Инфо] comment id: 168758, task comment status: success
[23:59:11] - [Инфо] Сущность с ID: 2856 обработана на сервере.
[23:59:12] - [Инфо] Отправка данных в Спутник...
[23:59:12] - [Инфо] task status: success, task time status: success
[23:59:12] - [Инфо] SputnikTaskID: 33476
[23:59:12] - [Инфо] comment id: 168759, task comment status: success
[23:59:12] - [Инфо] Сущность с ID: 2857 обработана на сервере.
[23:59:12] - [Инфо] Отправка данных в Спутник...
[23:59:12] - [Инфо] task status: success, task time status: success
[23:59:12] - [Инфо] SputnikTaskID: 33477
[23:59:12] - [Инфо] comment id: 168760, task comment status: success
[23:59:12] - [Инфо] Сущность с ID: 2858 обработана на сервере.
[23:59:13] - [Инфо] Отправка данных в Спутник...
[23:59:13] - [Инфо] task status: success, task time status: success
[23:59:13] - [Инфо] SputnikTaskID: 33478
[23:59:13] - [Инфо] comment id: 168761, task comment status: success
[23:59:13] - [Инфо] Сущность с ID: 2859 обработана на сервере.
[23:59:13] - Записи 2860 не существует, пожалуйста исправьте ошибку[23:59:13] - [Инфо] DEBUG: Записи 2860 не существует
[23:59:13] - [Инфо] Отправка данных в Спутник...
[23:59:13] - [Инфо] task status: success, task time status: success
[23:59:13] - [Инфо] SputnikTaskID: 33479
[23:59:13] - Записи 2861 не существует, пожалуйста исправьте ошибку[23:59:13] - [Инфо] DEBUG: Записи 2861 не существует
[23:59:13] - Записи 2862 не существует, пожалуйста исправьте ошибку[23:59:13] - [Инфо] comment id: 168762, task comment status: success
[23:59:14] - [Инфо] DEBUG: Записи 2862 не существует
[23:59:14] - Записи 2863 не существует, пожалуйста исправьте ошибку[23:59:14] - [Инфо] comment id: 168763, task comment status: success
[23:59:14] - [Инфо] DEBUG: Записи 2863 не существует
[23:59:14] - Записи 2864 не существует, пожалуйста исправьте ошибку[23:59:14] - [Инфо] DEBUG: Записи 2864 не существует
[23:59:14] - Записи 2865 не существует, пожалуйста исправьте ошибку[23:59:14] - [Инфо] DEBUG: Записи 2865 не существует
[23:59:14] - Записи 2866 не существует, пожалуйста исправьте ошибку[23:59:14] - [Инфо] DEBUG: Записи 2866 не существует
[23:59:14] - Записи 2867 не существует, пожалуйста исправьте ошибку[23:59:14] - [Инфо] DEBUG: Записи 2867 не существует
[23:59:15] - Записи 2868 не существует, пожалуйста исправьте ошибку[23:59:15] - [Инфо] DEBUG: Записи 2868 не существует
[23:59:15] - Записи 2869 не существует, пожалуйста исправьте ошибку[23:59:15] - [Инфо] DEBUG: Записи 2869 не существует
[23:59:15] - Записи 2870 не существует, пожалуйста исправьте ошибку[23:59:15] - [Инфо] DEBUG: Записи 2870 не существует
[23:59:15] - Записи 2871 не существует, пожалуйста исправьте ошибку[23:59:15] - [Инфо] DEBUG: Записи 2871 не существует
[23:59:15] - Записи 2872 не существует, пожалуйста исправьте ошибку[23:59:15] - [Инфо] DEBUG: Записи 2872 не существует
[23:59:15] - Записи 2873 не существует, пожалуйста исправьте ошибку[23:59:16] - [Инфо] DEBUG: Записи 2873 не существует
[23:59:16] - [Инфо] Начало автоматической выгрузки данных
[23:59:16] - [Инфо] Developer - Mkrtchyan Martun <mart@kassa26.ru>
[23:59:16] - [Инфо] [OkDesk] Файл: '2563-2563data.json' - уже существует в 'data/okdesk'
[23:59:16] - [Инфо] [LOG] Заявка не является завершенной (OkDesk ID: 2563) Пропуск...
[23:59:16] - [Инфо] Developer - Mkrtchyan Martun <mart@kassa26.ru>
[23:59:16] - [Инфо] [OkDesk] Файл: '2589-2589data.json' - уже существует в 'data/okdesk'
[23:59:16] - [Инфо] [LOG] Заявка не является завершенной (OkDesk ID: 2589) Пропуск...
[23:59:16] - [Инфо] Developer - Mkrtchyan Martun <mart@kassa26.ru>
[23:59:16] - [Инфо] [OkDesk] Файл: '2625-2625data.json' - уже существует в 'data/okdesk'
[23:59:16] - [Инфо] [LOG] Заявка не является завершенной (OkDesk ID: 2625) Пропуск...
[23:59:16] - [Инфо] Developer - Mkrtchyan Martun <mart@kassa26.ru>
[23:59:16] - [Инфо] [OkDesk] Файл: '2685-2685data.json' - уже существует в 'data/okdesk'
[23:59:17] - [Инфо] [LOG] Заявка не является завершенной (OkDesk ID: 2685) Пропуск...
[23:59:17] - [Инфо] Developer - Mkrtchyan Martun <mart@kassa26.ru>
[23:59:17] - [Инфо] [OkDesk] Файл: '2702-2702data.json' - уже существует в 'data/okdesk'
[23:59:17] - [Инфо] [LOG] Заявка не является завершенной (OkDesk ID: 2702) Пропуск...
[23:59:17] - [Инфо] Developer - Mkrtchyan Martun <mart@kassa26.ru>
[23:59:17] - [Инфо] [OkDesk] Файл: '2821-2821data.json' - уже существует в 'data/okdesk'
[23:59:17] - [Инфо] [LOG] Заявка не является завершенной (OkDesk ID: 2821) Пропуск...
[23:59:17] - [Инфо] Developer - Mkrtchyan Martun <mart@kassa26.ru>
[23:59:18] - [Инфо] [LOG] Заявка не является завершенной (OkDesk ID: 2835) Пропуск...
[23:59:18] - [Инфо] Developer - Mkrtchyan Martun <mart@kassa26.ru>
[23:59:18] - [Инфо] [LOG] Заявка не является завершенной (OkDesk ID: 2845) Пропуск...
[23:59:18] - [Инфо] Developer - Mkrtchyan Martun <mart@kassa26.ru>
[23:59:19] - [Инфо] Сущность с ID: 2847 обработана на сервере.
[23:59:19] - [Инфо] Отправка данных в Спутник...
[23:59:19] - [Инфо] task status: success, task time status: success
[23:59:19] - [Инфо] SputnikTaskID: 33480
[23:59:19] - [Инфо] comment id: 168764, task comment status: success
