[23:59:2] - [Инфо] Начало цикла след. последовательности
[23:59:2] - [Инфо] Developer - Mkrtchyan Martun <mart@kassa26.ru>
[23:59:4] - Заявка уже была ранее выгружена. (OkDesk ID: 3157), пожалуйста исправьте ошибку[23:59:4] - [Инфо] Сущность с ID: 3158 обработана на сервере.
[23:59:5] - [Инфо] Сущность с ID: 3159 обработана на сервере.
[23:59:5] - [Инфо] Отправка данных в Спутник...
[23:59:5] - [Инфо] task status: success, task time status: success
[23:59:5] - [Инфо] SputnikTaskID: 34074
[23:59:5] - [Инфо] Отправка данных в Спутник...
[23:59:5] - [Инфо] task status: success, task time status: success
[23:59:5] - [Инфо] SputnikTaskID: 34075
[23:59:5] - [Инфо] comment id: 171344, task comment status: success
[23:59:5] - [Инфо] comment id: 171345, task comment status: success
[23:59:6] - [Инфо] comment id: 171346, task comment status: success
[23:59:6] - [Инфо] Сущность с ID: 3160 обработана на сервере.
[23:59:6] - [Инфо] Отправка данных в Спутник...
[23:59:6] - [Инфо] task status: success, task time status: success
[23:59:6] - [Инфо] SputnikTaskID: 34076
[23:59:6] - [Инфо] comment id: 171347, task comment status: success
[23:59:6] - [Инфо] Сущность с ID: 3161 обработана на сервере.
[23:59:6] - [Инфо] Отправка данных в Спутник...
[23:59:6] - [Инфо] task status: success, task time status: success
[23:59:6] - [Инфо] SputnikTaskID: 34077
[23:59:7] - [Инфо] comment id: 171348, task comment status: success
[23:59:7] - [Инфо] Сущность с ID: 3162 обработана на сервере.
[23:59:7] - [Инфо] Отправка данных в Спутник...
[23:59:7] - [Инфо] task status: success, task time status: success
[23:59:7] - [Инфо] SputnikTaskID: 34078
[23:59:7] - [Инфо] comment id: 171349, task comment status: success
[23:59:7] - [Инфо] Сущность с ID: 3163 обработана на сервере.
[23:59:8] - [Инфо] Отправка данных в Спутник...
[23:59:8] - [Инфо] task status: success, task time status: success
[23:59:8] - [Инфо] SputnikTaskID: 34079
[23:59:8] - [Инфо] comment id: 171350, task comment status: success
[23:59:8] - [Инфо] Сущность с ID: 3164 обработана на сервере.
[23:59:8] - [Инфо] Отправка данных в Спутник...
[23:59:8] - [Инфо] task status: success, task time status: success
[23:59:8] - [Инфо] SputnikTaskID: 34080
[23:59:8] - [Инфо] comment id: 171351, task comment status: success
[23:59:9] - [Инфо] 3165
[23:59:9] - [Инфо] [LOG] Заявка не является завершенной (OkDesk ID: 3165) Пропуск...
[23:59:9] - [Инфо] Сущность с ID: 3166 обработана на сервере.
[23:59:10] - [Инфо] Отправка данных в Спутник...
[23:59:10] - [Инфо] task status: success, task time status: success
[23:59:10] - [Инфо] SputnikTaskID: 34081
[23:59:10] - [Инфо] comment id: 171352, task comment status: success
[23:59:10] - [Инфо] comment id: 171353, task comment status: success
[23:59:10] - [Инфо] Сущность с ID: 3167 обработана на сервере.
[23:59:10] - [Инфо] Отправка данных в Спутник...
[23:59:10] - [Инфо] task status: success, task time status: success
[23:59:10] - [Инфо] SputnikTaskID: 34082
[23:59:11] - [Инфо] comment id: 171354, task comment status: success
[23:59:11] - [Инфо] Сущность с ID: 3168 обработана на сервере.
[23:59:11] - [Инфо] comment id: 171355, task comment status: success
[23:59:11] - [Инфо] Отправка данных в Спутник...
[23:59:11] - [Инфо] task status: success, task time status: success
[23:59:11] - [Инфо] SputnikTaskID: 34083
[23:59:11] - [Инфо] comment id: 171356, task comment status: success
[23:59:11] - [Инфо] Сущность с ID: 3169 обработана на сервере.
[23:59:11] - [Инфо] Отправка данных в Спутник...
[23:59:11] - [Инфо] task status: success, task time status: success
[23:59:11] - [Инфо] SputnikTaskID: 34084
[23:59:12] - [Инфо] comment id: 171357, task comment status: success
[23:59:12] - [Инфо] 3170
[23:59:12] - [Инфо] [LOG] Заявка не является завершенной (OkDesk ID: 3170) Пропуск...
[23:59:13] - [Инфо] Сущность с ID: 3171 обработана на сервере.
[23:59:13] - [Инфо] Отправка данных в Спутник...
[23:59:13] - [Инфо] task status: success, task time status: success
[23:59:13] - [Инфо] SputnikTaskID: 34085
[23:59:13] - [Инфо] comment id: 171358, task comment status: success
[23:59:13] - [Инфо] comment id: 171359, task comment status: success
[23:59:13] - [Инфо] Сущность с ID: 3172 обработана на сервере.
[23:59:13] - [Инфо] Отправка данных в Спутник...
[23:59:13] - [Инфо] task status: success, task time status: success
[23:59:13] - [Инфо] SputnikTaskID: 34086
[23:59:14] - [Инфо] comment id: 171360, task comment status: success
[23:59:14] - [Инфо] comment id: 171361, task comment status: success
[23:59:14] - [Инфо] 3173
[23:59:14] - [Инфо] [LOG] Заявка не является завершенной (OkDesk ID: 3173) Пропуск...
[23:59:14] - Записи 3174 не существует, пожалуйста исправьте ошибку[23:59:14] - [Инфо] DEBUG: Записи 3174 не существует
[23:59:14] - Записи 3175 не существует, пожалуйста исправьте ошибку[23:59:14] - [Инфо] DEBUG: Записи 3175 не существует
[23:59:14] - Записи 3176 не существует, пожалуйста исправьте ошибку[23:59:14] - [Инфо] DEBUG: Записи 3176 не существует
[23:59:14] - Записи 3177 не существует, пожалуйста исправьте ошибку[23:59:15] - [Инфо] DEBUG: Записи 3177 не существует
[23:59:15] - Записи 3178 не существует, пожалуйста исправьте ошибку[23:59:15] - [Инфо] DEBUG: Записи 3178 не существует
[23:59:15] - Записи 3179 не существует, пожалуйста исправьте ошибку[23:59:15] - [Инфо] DEBUG: Записи 3179 не существует
[23:59:15] - Записи 3180 не существует, пожалуйста исправьте ошибку[23:59:15] - [Инфо] DEBUG: Записи 3180 не существует
[23:59:15] - Записи 3181 не существует, пожалуйста исправьте ошибку[23:59:15] - [Инфо] DEBUG: Записи 3181 не существует
[23:59:15] - Записи 3182 не существует, пожалуйста исправьте ошибку[23:59:15] - [Инфо] DEBUG: Записи 3182 не существует
[23:59:15] - [Инфо] Начало автоматической выгрузки данных
[23:59:15] - [Инфо] Developer - Mkrtchyan Martun <mart@kassa26.ru>
[23:59:15] - [Инфо] [OkDesk] Файл: '2563-2563data.json' - уже существует в 'data/okdesk'
[23:59:16] - [Инфо] [LOG] Заявка не является завершенной (OkDesk ID: 2563) Пропуск...
[23:59:16] - [Инфо] Developer - Mkrtchyan Martun <mart@kassa26.ru>
[23:59:16] - [Инфо] [OkDesk] Файл: '2589-2589data.json' - уже существует в 'data/okdesk'
[23:59:16] - [Инфо] [LOG] Заявка не является завершенной (OkDesk ID: 2589) Пропуск...
[23:59:16] - [Инфо] Developer - Mkrtchyan Martun <mart@kassa26.ru>
[23:59:16] - [Инфо] [OkDesk] Файл: '2625-2625data.json' - уже существует в 'data/okdesk'
[23:59:16] - [Инфо] [LOG] Заявка не является завершенной (OkDesk ID: 2625) Пропуск...
[23:59:16] - [Инфо] Developer - Mkrtchyan Martun <mart@kassa26.ru>
[23:59:16] - [Инфо] [OkDesk] Файл: '2685-2685data.json' - уже существует в 'data/okdesk'
[23:59:17] - [Инфо] [LOG] Заявка не является завершенной (OkDesk ID: 2685) Пропуск...
[23:59:17] - [Инфо] Developer - Mkrtchyan Martun <mart@kassa26.ru>
[23:59:17] - [Инфо] [OkDesk] Файл: '2702-2702data.json' - уже существует в 'data/okdesk'
[23:59:17] - [Инфо] [LOG] Заявка не является завершенной (OkDesk ID: 2702) Пропуск...
[23:59:17] - [Инфо] Developer - Mkrtchyan Martun <mart@kassa26.ru>
[23:59:17] - [Инфо] [OkDesk] Файл: '2821-2821data.json' - уже существует в 'data/okdesk'
[23:59:18] - [Инфо] [LOG] Заявка не является завершенной (OkDesk ID: 2821) Пропуск...
[23:59:18] - [Инфо] Developer - Mkrtchyan Martun <mart@kassa26.ru>
[23:59:18] - [Инфо] [OkDesk] Файл: '2845-2845data.json' - уже существует в 'data/okdesk'
[23:59:18] - [Инфо] [LOG] Заявка не является завершенной (OkDesk ID: 2845) Пропуск...
[23:59:18] - [Инфо] Developer - Mkrtchyan Martun <mart@kassa26.ru>
[23:59:18] - [Инфо] [OkDesk] Файл: '2926-2926data.json' - уже существует в 'data/okdesk'
[23:59:18] - [Инфо] [LOG] Заявка не является завершенной (OkDesk ID: 2926) Пропуск...
[23:59:18] - [Инфо] Developer - Mkrtchyan Martun <mart@kassa26.ru>
[23:59:18] - [Инфо] [OkDesk] Файл: '3022-3022data.json' - уже существует в 'data/okdesk'
[23:59:19] - [Инфо] [LOG] Заявка не является завершенной (OkDesk ID: 3022) Пропуск...
[23:59:19] - [Инфо] Developer - Mkrtchyan Martun <mart@kassa26.ru>
[23:59:19] - [Инфо] [OkDesk] Файл: '3148-3148data.json' - уже существует в 'data/okdesk'
[23:59:19] - [Инфо] [LOG] Заявка не является завершенной (OkDesk ID: 3148) Пропуск...
