[11:0:0] - [Инфо] Начало цикла след. последовательности
[11:0:0] - [Инфо] Developer - Mkrtchyan Martun <mart@kassa26.ru>
[11:0:1] - [Инфо] Сущность с ID: 3491 обработана на сервере.
[11:0:2] - [Инфо] Сущность с ID: 3492 обработана на сервере.
[11:0:2] - [Инфо] Сущность с ID: 3493 обработана на сервере.
[11:0:3] - [Инфо] Отправка данных в Спутник...
[11:0:3] - [Инфо] task status: success, task time status: success
[11:0:3] - [Инфо] SputnikTaskID: 34639
[11:0:3] - [Инфо] Отправка данных в Спутник...
[11:0:3] - [Инфо] task status: success, task time status: success
[11:0:3] - [Инфо] SputnikTaskID: 34638
[11:0:3] - [Инфо] Отправка данных в Спутник...
[11:0:3] - [Инфо] task status: success, task time status: success
[11:0:3] - [Инфо] SputnikTaskID: 34637
[11:0:3] - [Инфо] Сущность с ID: 3494 обработана на сервере.
[11:0:3] - [Инфо] comment id: 174385, task comment status: success
[11:0:3] - [Инфо] comment id: 174386, task comment status: success
[11:0:3] - [Инфо] comment id: 174387, task comment status: success
[11:0:4] - [Инфо] comment id: 174388, task comment status: success
[11:0:4] - [Инфо] Отправка данных в Спутник...
[11:0:4] - [Инфо] task status: success, task time status: success
[11:0:4] - [Инфо] SputnikTaskID: 34640
[11:0:4] - [Инфо] comment id: 174389, task comment status: success
[11:0:5] - [Инфо] Сущность с ID: 3495 обработана на сервере.
[11:0:5] - [Инфо] Отправка данных в Спутник...
[11:0:5] - [Инфо] task status: success, task time status: success
[11:0:5] - [Инфо] SputnikTaskID: 34641
[11:0:5] - [Инфо] comment id: 174390, task comment status: success
[11:0:8] - [Инфо] Сущность с ID: 3496 обработана на сервере.
[11:0:8] - [Инфо] Отправка данных в Спутник...
[11:0:8] - [Инфо] task status: success, task time status: success
[11:0:8] - [Инфо] SputnikTaskID: 34642
[11:0:8] - [Инфо] comment id: 174391, task comment status: success
[11:0:10] - [Инфо] Сущность с ID: 3497 обработана на сервере.
[11:0:10] - [Инфо] Сущность с ID: 3498 обработана на сервере.
[11:0:12] - [Инфо] 3499
[11:0:12] - [Инфо] [LOG] Заявка не является завершенной (OkDesk ID: 3499) Пропуск...
[11:0:13] - [Инфо] Сущность с ID: 3500 обработана на сервере.
[11:0:14] - [Инфо] Сущность с ID: 3501 обработана на сервере.
[11:0:14] - [Инфо] Сущность с ID: 3502 обработана на сервере.
[11:0:15] - [Инфо] Сущность с ID: 3503 обработана на сервере.
[11:0:16] - [Инфо] Сущность с ID: 3504 обработана на сервере.
[11:0:17] - [Инфо] Отправка данных в Спутник...
[11:0:17] - [Инфо] task status: success, task time status: success
[11:0:17] - [Инфо] SputnikTaskID: 34644
[11:0:17] - [Инфо] Отправка данных в Спутник...
[11:0:17] - [Инфо] task status: success, task time status: success
[11:0:17] - [Инфо] SputnikTaskID: 34643
[11:0:17] - [Инфо] 3505
[11:0:17] - [Инфо] [LOG] Заявка не является завершенной (OkDesk ID: 3505) Пропуск...
[11:0:17] - [Инфо] Отправка данных в Спутник...
[11:0:17] - [Инфо] task status: success, task time status: success
[11:0:17] - [Инфо] SputnikTaskID: 34646
[11:0:17] - [Инфо] comment id: 174392, task comment status: success
[11:0:17] - [Инфо] Отправка данных в Спутник...
[11:0:17] - [Инфо] task status: success, task time status: success
[11:0:17] - [Инфо] SputnikTaskID: 34648
[11:0:17] - [Инфо] Отправка данных в Спутник...
[11:0:17] - [Инфо] task status: success, task time status: success
[11:0:17] - [Инфо] SputnikTaskID: 34647
[11:0:17] - [Инфо] Отправка данных в Спутник...
[11:0:17] - [Инфо] task status: success, task time status: success
[11:0:17] - [Инфо] SputnikTaskID: 34649
[11:0:17] - [Инфо] comment id: 174393, task comment status: success
[11:0:17] - [Инфо] Отправка данных в Спутник...
[11:0:17] - [Инфо] task status: success, task time status: success
[11:0:17] - [Инфо] SputnikTaskID: 34645
[11:0:18] - [Инфо] comment id: 174395, task comment status: success
[11:0:18] - [Инфо] comment id: 174396, task comment status: success
[11:0:18] - [Инфо] comment id: 174397, task comment status: success
[11:0:18] - [Инфо] comment id: 174398, task comment status: success
[11:0:18] - [Инфо] comment id: 174394, task comment status: success
[11:0:18] - [Инфо] comment id: 174399, task comment status: success
[11:0:18] - [Инфо] comment id: 174400, task comment status: success
[11:0:18] - [Инфо] Сущность с ID: 3506 обработана на сервере.
[11:0:18] - [Инфо] comment id: 174401, task comment status: success
[11:0:18] - [Инфо] comment id: 174402, task comment status: success
[11:0:18] - [Инфо] Отправка данных в Спутник...
[11:0:18] - [Инфо] task status: success, task time status: success
[11:0:18] - [Инфо] SputnikTaskID: 34650
[11:0:18] - [Инфо] comment id: 174403, task comment status: success
[11:0:18] - [Инфо] comment id: 174404, task comment status: success
[11:0:18] - [Инфо] comment id: 174405, task comment status: success
[11:0:18] - [Инфо] 3507
[11:0:18] - [Инфо] [LOG] Заявка не является завершенной (OkDesk ID: 3507) Пропуск...
[11:0:19] - [Инфо] Сущность с ID: 3508 обработана на сервере.
[11:0:19] - [Инфо] Отправка данных в Спутник...
[11:0:19] - [Инфо] task status: success, task time status: success
[11:0:19] - [Инфо] SputnikTaskID: 34651
[11:0:20] - [Инфо] 3509
[11:0:20] - [Инфо] [LOG] Заявка не является завершенной (OkDesk ID: 3509) Пропуск...
[11:0:20] - [Инфо] comment id: 174406, task comment status: success
[11:0:20] - [Инфо] Сущность с ID: 3510 обработана на сервере.
[11:0:21] - [Инфо] Отправка данных в Спутник...
[11:0:21] - [Инфо] task status: success, task time status: success
[11:0:21] - [Инфо] SputnikTaskID: 34652
[11:0:21] - [Инфо] comment id: 174407, task comment status: success
[11:0:21] - [Инфо] Сущность с ID: 3511 обработана на сервере.
[11:0:22] - [Инфо] Отправка данных в Спутник...
[11:0:22] - [Инфо] task status: success, task time status: success
[11:0:22] - [Инфо] SputnikTaskID: 34653
[11:0:22] - [Инфо] comment id: 174408, task comment status: success
[11:0:23] - [Инфо] Сущность с ID: 3512 обработана на сервере.
[11:0:23] - [Инфо] Отправка данных в Спутник...
[11:0:23] - [Инфо] task status: success, task time status: success
[11:0:23] - [Инфо] SputnikTaskID: 34654
[11:0:23] - [Инфо] 3513
[11:0:23] - [Инфо] [LOG] Заявка не является завершенной (OkDesk ID: 3513) Пропуск...
[11:0:23] - [Инфо] comment id: 174409, task comment status: success
[11:0:23] - [Инфо] comment id: 174410, task comment status: success
[11:0:24] - [Инфо] Сущность с ID: 3514 обработана на сервере.
[11:0:24] - Записи 3515 не существует, пожалуйста исправьте ошибку[11:0:24] - [Инфо] DEBUG: Записи 3515 не существует
[11:0:24] - [Инфо] Начало автоматической выгрузки данных
[11:0:24] - [Инфо] Developer - Mkrtchyan Martun <mart@kassa26.ru>
[11:0:24] - [Инфо] [OkDesk] Файл: '2821-2821data.json' - уже существует в 'data/okdesk'
[11:0:24] - [Инфо] Отправка данных в Спутник...
[11:0:24] - [Инфо] task status: success, task time status: success
[11:0:24] - [Инфо] SputnikTaskID: 34655
[11:0:24] - [Инфо] comment id: 174411, task comment status: success
[11:0:24] - [Инфо] [LOG] Заявка не является завершенной (OkDesk ID: 2821) Пропуск...
[11:0:24] - [Инфо] Developer - Mkrtchyan Martun <mart@kassa26.ru>
[11:0:24] - [Инфо] [OkDesk] Файл: '2845-2845data.json' - уже существует в 'data/okdesk'
[11:0:24] - [Инфо] comment id: 174412, task comment status: success
[11:0:25] - [Инфо] comment id: 174413, task comment status: success
[11:0:25] - [Инфо] [LOG] Заявка не является завершенной (OkDesk ID: 2845) Пропуск...
[11:0:25] - [Инфо] Developer - Mkrtchyan Martun <mart@kassa26.ru>
[11:0:25] - [Инфо] [OkDesk] Файл: '3022-3022data.json' - уже существует в 'data/okdesk'
[11:0:26] - [Инфо] [LOG] Заявка не является завершенной (OkDesk ID: 3022) Пропуск...
[11:0:26] - [Инфо] Developer - Mkrtchyan Martun <mart@kassa26.ru>
[11:0:26] - [Инфо] [OkDesk] Файл: '3236-3236data.json' - уже существует в 'data/okdesk'
[11:0:26] - [Инфо] [LOG] Заявка не является завершенной (OkDesk ID: 3236) Пропуск...
[11:0:26] - [Инфо] Developer - Mkrtchyan Martun <mart@kassa26.ru>
[11:0:26] - [Инфо] [OkDesk] Файл: '3449-3449data.json' - уже существует в 'data/okdesk'
[11:0:27] - [Инфо] [LOG] Заявка не является завершенной (OkDesk ID: 3449) Пропуск...
[11:0:27] - [Инфо] Developer - Mkrtchyan Martun <mart@kassa26.ru>
[11:0:28] - [Инфо] [LOG] Заявка не является завершенной (OkDesk ID: 3469) Пропуск...
[11:0:28] - [Инфо] Developer - Mkrtchyan Martun <mart@kassa26.ru>
[11:0:29] - [Инфо] [LOG] Заявка не является завершенной (OkDesk ID: 3471) Пропуск...
[11:0:29] - [Инфо] Developer - Mkrtchyan Martun <mart@kassa26.ru>
[11:0:29] - [Инфо] [LOG] Заявка не является завершенной (OkDesk ID: 3474) Пропуск...
[11:1:0] - [Инфо] Начало цикла след. последовательности
[11:1:0] - [Инфо] Developer - Mkrtchyan Martun <mart@kassa26.ru>
[11:1:0] - Записи 3515 не существует, пожалуйста исправьте ошибку[11:1:0] - [Инфо] DEBUG: Записи 3515 не существует
[11:1:0] - Записи 3516 не существует, пожалуйста исправьте ошибку[11:1:1] - [Инфо] DEBUG: Записи 3516 не существует
[11:1:1] - Записи 3517 не существует, пожалуйста исправьте ошибку[11:1:1] - [Инфо] DEBUG: Записи 3517 не существует
[11:1:1] - Записи 3518 не существует, пожалуйста исправьте ошибку[11:1:1] - [Инфо] DEBUG: Записи 3518 не существует
[11:1:1] - Записи 3519 не существует, пожалуйста исправьте ошибку[11:1:1] - [Инфо] DEBUG: Записи 3519 не существует
[11:1:2] - Записи 3520 не существует, пожалуйста исправьте ошибку[11:1:2] - [Инфо] DEBUG: Записи 3520 не существует
[11:1:2] - Записи 3521 не существует, пожалуйста исправьте ошибку[11:1:2] - [Инфо] DEBUG: Записи 3521 не существует
[11:1:2] - Записи 3522 не существует, пожалуйста исправьте ошибку[11:1:3] - [Инфо] DEBUG: Записи 3522 не существует
[11:1:3] - Записи 3523 не существует, пожалуйста исправьте ошибку[11:1:3] - [Инфо] DEBUG: Записи 3523 не существует
[11:1:3] - Записи 3524 не существует, пожалуйста исправьте ошибку[11:1:3] - [Инфо] DEBUG: Записи 3524 не существует
[11:1:3] - Записи 3525 не существует, пожалуйста исправьте ошибку[11:1:3] - [Инфо] DEBUG: Записи 3525 не существует
[11:1:4] - Записи 3526 не существует, пожалуйста исправьте ошибку[11:1:4] - [Инфо] DEBUG: Записи 3526 не существует
[11:1:4] - Записи 3527 не существует, пожалуйста исправьте ошибку[11:1:4] - [Инфо] DEBUG: Записи 3527 не существует
[11:1:4] - Записи 3528 не существует, пожалуйста исправьте ошибку[11:1:4] - [Инфо] DEBUG: Записи 3528 не существует
[11:1:4] - Записи 3529 не существует, пожалуйста исправьте ошибку[11:1:4] - [Инфо] DEBUG: Записи 3529 не существует
[11:1:4] - Записи 3530 не существует, пожалуйста исправьте ошибку[11:1:4] - [Инфо] DEBUG: Записи 3530 не существует
[11:1:4] - Записи 3531 не существует, пожалуйста исправьте ошибку[11:1:5] - [Инфо] DEBUG: Записи 3531 не существует
[11:1:5] - Записи 3532 не существует, пожалуйста исправьте ошибку[11:1:5] - [Инфо] DEBUG: Записи 3532 не существует
[11:1:5] - Записи 3533 не существует, пожалуйста исправьте ошибку[11:1:5] - [Инфо] DEBUG: Записи 3533 не существует
[11:1:5] - Записи 3534 не существует, пожалуйста исправьте ошибку[11:1:5] - [Инфо] DEBUG: Записи 3534 не существует
[11:1:6] - Записи 3535 не существует, пожалуйста исправьте ошибку[11:1:6] - [Инфо] DEBUG: Записи 3535 не существует
[11:1:6] - Записи 3536 не существует, пожалуйста исправьте ошибку[11:1:6] - [Инфо] DEBUG: Записи 3536 не существует
[11:1:6] - Записи 3537 не существует, пожалуйста исправьте ошибку[11:1:6] - [Инфо] DEBUG: Записи 3537 не существует
[11:1:7] - Записи 3538 не существует, пожалуйста исправьте ошибку[11:1:7] - [Инфо] DEBUG: Записи 3538 не существует
[11:1:7] - Записи 3539 не существует, пожалуйста исправьте ошибку[11:1:7] - [Инфо] DEBUG: Записи 3539 не существует
[11:1:7] - [Инфо] Начало автоматической выгрузки данных
[11:1:7] - [Инфо] Developer - Mkrtchyan Martun <mart@kassa26.ru>
[11:1:7] - [Инфо] [OkDesk] Файл: '2821-2821data.json' - уже существует в 'data/okdesk'
[11:1:7] - [Инфо] [LOG] Заявка не является завершенной (OkDesk ID: 2821) Пропуск...
[11:1:7] - [Инфо] Developer - Mkrtchyan Martun <mart@kassa26.ru>
[11:1:7] - [Инфо] [OkDesk] Файл: '2845-2845data.json' - уже существует в 'data/okdesk'
[11:1:8] - [Инфо] [LOG] Заявка не является завершенной (OkDesk ID: 2845) Пропуск...
[11:1:8] - [Инфо] Developer - Mkrtchyan Martun <mart@kassa26.ru>
[11:1:8] - [Инфо] [OkDesk] Файл: '3022-3022data.json' - уже существует в 'data/okdesk'
[11:1:8] - [Инфо] [LOG] Заявка не является завершенной (OkDesk ID: 3022) Пропуск...
[11:1:8] - [Инфо] Developer - Mkrtchyan Martun <mart@kassa26.ru>
[11:1:8] - [Инфо] [OkDesk] Файл: '3236-3236data.json' - уже существует в 'data/okdesk'
[11:1:8] - [Инфо] [LOG] Заявка не является завершенной (OkDesk ID: 3236) Пропуск...
[11:1:8] - [Инфо] Developer - Mkrtchyan Martun <mart@kassa26.ru>
[11:1:8] - [Инфо] [OkDesk] Файл: '3449-3449data.json' - уже существует в 'data/okdesk'
[11:1:9] - [Инфо] [LOG] Заявка не является завершенной (OkDesk ID: 3449) Пропуск...
[11:1:9] - [Инфо] Developer - Mkrtchyan Martun <mart@kassa26.ru>
[11:1:9] - [Инфо] [OkDesk] Файл: '3469-3469data.json' - уже существует в 'data/okdesk'
[11:1:9] - [Инфо] [LOG] Заявка не является завершенной (OkDesk ID: 3469) Пропуск...
[11:1:9] - [Инфо] Developer - Mkrtchyan Martun <mart@kassa26.ru>
[11:1:9] - [Инфо] [OkDesk] Файл: '3471-3471data.json' - уже существует в 'data/okdesk'
[11:1:9] - [Инфо] [LOG] Заявка не является завершенной (OkDesk ID: 3471) Пропуск...
[11:1:9] - [Инфо] Developer - Mkrtchyan Martun <mart@kassa26.ru>
[11:1:9] - [Инфо] [OkDesk] Файл: '3474-3474data.json' - уже существует в 'data/okdesk'
[11:1:10] - [Инфо] [LOG] Заявка не является завершенной (OkDesk ID: 3474) Пропуск...
[11:1:10] - [Инфо] Developer - Mkrtchyan Martun <mart@kassa26.ru>
[11:1:10] - [Инфо] [LOG] Заявка не является завершенной (OkDesk ID: 3499) Пропуск...
[11:1:10] - [Инфо] Developer - Mkrtchyan Martun <mart@kassa26.ru>
[11:1:11] - [Инфо] [LOG] Заявка не является завершенной (OkDesk ID: 3505) Пропуск...
[11:1:11] - [Инфо] Developer - Mkrtchyan Martun <mart@kassa26.ru>
[11:1:11] - [Инфо] [LOG] Заявка не является завершенной (OkDesk ID: 3507) Пропуск...
[11:1:11] - [Инфо] Developer - Mkrtchyan Martun <mart@kassa26.ru>
[11:1:12] - [Инфо] [LOG] Заявка не является завершенной (OkDesk ID: 3509) Пропуск...
[11:1:12] - [Инфо] Developer - Mkrtchyan Martun <mart@kassa26.ru>
[11:1:12] - [Инфо] [LOG] Заявка не является завершенной (OkDesk ID: 3513) Пропуск...
[11:2:0] - [Инфо] Начало цикла след. последовательности
[11:2:0] - [Инфо] Developer - Mkrtchyan Martun <mart@kassa26.ru>
[11:2:0] - [Инфо] [OkDesk] Файл: '3515-3539data.json' - уже существует в 'data/okdesk'
[11:2:1] - Записи 3515 не существует, пожалуйста исправьте ошибку[11:2:1] - [Инфо] DEBUG: Записи 3515 не существует
[11:2:1] - Записи 3516 не существует, пожалуйста исправьте ошибку[11:2:1] - [Инфо] DEBUG: Записи 3516 не существует
[11:2:1] - Записи 3517 не существует, пожалуйста исправьте ошибку[11:2:1] - [Инфо] DEBUG: Записи 3517 не существует
[11:2:1] - Записи 3518 не существует, пожалуйста исправьте ошибку[11:2:1] - [Инфо] DEBUG: Записи 3518 не существует
[11:2:1] - Записи 3519 не существует, пожалуйста исправьте ошибку[11:2:1] - [Инфо] DEBUG: Записи 3519 не существует
[11:2:1] - Записи 3520 не существует, пожалуйста исправьте ошибку[11:2:1] - [Инфо] DEBUG: Записи 3520 не существует
[11:2:1] - Записи 3521 не существует, пожалуйста исправьте ошибку[11:2:1] - [Инфо] DEBUG: Записи 3521 не существует
[11:2:1] - Записи 3522 не существует, пожалуйста исправьте ошибку[11:2:2] - [Инфо] DEBUG: Записи 3522 не существует
[11:2:2] - Записи 3523 не существует, пожалуйста исправьте ошибку[11:2:2] - [Инфо] DEBUG: Записи 3523 не существует
[11:2:2] - Записи 3524 не существует, пожалуйста исправьте ошибку[11:2:2] - [Инфо] DEBUG: Записи 3524 не существует
[11:2:2] - Записи 3525 не существует, пожалуйста исправьте ошибку[11:2:2] - [Инфо] DEBUG: Записи 3525 не существует
[11:2:2] - Записи 3526 не существует, пожалуйста исправьте ошибку[11:2:2] - [Инфо] DEBUG: Записи 3526 не существует
[11:2:2] - Записи 3527 не существует, пожалуйста исправьте ошибку[11:2:2] - [Инфо] DEBUG: Записи 3527 не существует
[11:2:2] - Записи 3528 не существует, пожалуйста исправьте ошибку[11:2:3] - [Инфо] DEBUG: Записи 3528 не существует
[11:2:3] - Записи 3529 не существует, пожалуйста исправьте ошибку[11:2:3] - [Инфо] DEBUG: Записи 3529 не существует
[11:2:3] - Записи 3530 не существует, пожалуйста исправьте ошибку[11:2:3] - [Инфо] DEBUG: Записи 3530 не существует
[11:2:3] - Записи 3531 не существует, пожалуйста исправьте ошибку[11:2:3] - [Инфо] DEBUG: Записи 3531 не существует
[11:2:3] - Записи 3532 не существует, пожалуйста исправьте ошибку[11:2:3] - [Инфо] DEBUG: Записи 3532 не существует
[11:2:3] - Записи 3533 не существует, пожалуйста исправьте ошибку[11:2:3] - [Инфо] DEBUG: Записи 3533 не существует
[11:2:3] - Записи 3534 не существует, пожалуйста исправьте ошибку[11:2:3] - [Инфо] DEBUG: Записи 3534 не существует
[11:2:3] - Записи 3535 не существует, пожалуйста исправьте ошибку[11:2:3] - [Инфо] DEBUG: Записи 3535 не существует
[11:2:4] - Записи 3536 не существует, пожалуйста исправьте ошибку[11:2:4] - [Инфо] DEBUG: Записи 3536 не существует
[11:2:4] - Записи 3537 не существует, пожалуйста исправьте ошибку[11:2:4] - [Инфо] DEBUG: Записи 3537 не существует
[11:2:4] - Записи 3538 не существует, пожалуйста исправьте ошибку[11:2:4] - [Инфо] DEBUG: Записи 3538 не существует
[11:2:4] - Записи 3539 не существует, пожалуйста исправьте ошибку[11:2:4] - [Инфо] DEBUG: Записи 3539 не существует
[11:2:4] - [Инфо] Начало автоматической выгрузки данных
[11:2:4] - [Инфо] Developer - Mkrtchyan Martun <mart@kassa26.ru>
[11:2:4] - [Инфо] [OkDesk] Файл: '2821-2821data.json' - уже существует в 'data/okdesk'
[11:2:4] - [Инфо] [LOG] Заявка не является завершенной (OkDesk ID: 2821) Пропуск...
[11:2:4] - [Инфо] Developer - Mkrtchyan Martun <mart@kassa26.ru>
[11:2:4] - [Инфо] [OkDesk] Файл: '2845-2845data.json' - уже существует в 'data/okdesk'
[11:2:5] - [Инфо] [LOG] Заявка не является завершенной (OkDesk ID: 2845) Пропуск...
[11:2:5] - [Инфо] Developer - Mkrtchyan Martun <mart@kassa26.ru>
[11:2:5] - [Инфо] [OkDesk] Файл: '3022-3022data.json' - уже существует в 'data/okdesk'
[11:2:5] - [Инфо] [LOG] Заявка не является завершенной (OkDesk ID: 3022) Пропуск...
[11:2:5] - [Инфо] Developer - Mkrtchyan Martun <mart@kassa26.ru>
[11:2:5] - [Инфо] [OkDesk] Файл: '3236-3236data.json' - уже существует в 'data/okdesk'
[11:2:5] - [Инфо] [LOG] Заявка не является завершенной (OkDesk ID: 3236) Пропуск...
[11:2:5] - [Инфо] Developer - Mkrtchyan Martun <mart@kassa26.ru>
[11:2:5] - [Инфо] [OkDesk] Файл: '3449-3449data.json' - уже существует в 'data/okdesk'
[11:2:5] - [Инфо] [LOG] Заявка не является завершенной (OkDesk ID: 3449) Пропуск...
[11:2:5] - [Инфо] Developer - Mkrtchyan Martun <mart@kassa26.ru>
[11:2:5] - [Инфо] [OkDesk] Файл: '3469-3469data.json' - уже существует в 'data/okdesk'
[11:2:6] - [Инфо] [LOG] Заявка не является завершенной (OkDesk ID: 3469) Пропуск...
[11:2:6] - [Инфо] Developer - Mkrtchyan Martun <mart@kassa26.ru>
[11:2:6] - [Инфо] [OkDesk] Файл: '3471-3471data.json' - уже существует в 'data/okdesk'
[11:2:6] - [Инфо] [LOG] Заявка не является завершенной (OkDesk ID: 3471) Пропуск...
[11:2:6] - [Инфо] Developer - Mkrtchyan Martun <mart@kassa26.ru>
[11:2:6] - [Инфо] [OkDesk] Файл: '3474-3474data.json' - уже существует в 'data/okdesk'
[11:2:6] - [Инфо] [LOG] Заявка не является завершенной (OkDesk ID: 3474) Пропуск...
[11:2:6] - [Инфо] Developer - Mkrtchyan Martun <mart@kassa26.ru>
[11:2:6] - [Инфо] [OkDesk] Файл: '3499-3499data.json' - уже существует в 'data/okdesk'
[11:2:7] - [Инфо] [LOG] Заявка не является завершенной (OkDesk ID: 3499) Пропуск...
[11:2:7] - [Инфо] Developer - Mkrtchyan Martun <mart@kassa26.ru>
[11:2:7] - [Инфо] [OkDesk] Файл: '3505-3505data.json' - уже существует в 'data/okdesk'
[11:2:7] - [Инфо] [LOG] Заявка не является завершенной (OkDesk ID: 3505) Пропуск...
[11:2:7] - [Инфо] Developer - Mkrtchyan Martun <mart@kassa26.ru>
[11:2:7] - [Инфо] [OkDesk] Файл: '3507-3507data.json' - уже существует в 'data/okdesk'
[11:2:7] - [Инфо] [LOG] Заявка не является завершенной (OkDesk ID: 3507) Пропуск...
[11:2:7] - [Инфо] Developer - Mkrtchyan Martun <mart@kassa26.ru>
[11:2:7] - [Инфо] [OkDesk] Файл: '3509-3509data.json' - уже существует в 'data/okdesk'
[11:2:8] - [Инфо] [LOG] Заявка не является завершенной (OkDesk ID: 3509) Пропуск...
[11:2:8] - [Инфо] Developer - Mkrtchyan Martun <mart@kassa26.ru>
[11:2:8] - [Инфо] [OkDesk] Файл: '3513-3513data.json' - уже существует в 'data/okdesk'
[11:2:8] - [Инфо] [LOG] Заявка не является завершенной (OkDesk ID: 3513) Пропуск...
[11:3:0] - [Инфо] Начало цикла след. последовательности
[11:3:0] - [Инфо] Developer - Mkrtchyan Martun <mart@kassa26.ru>
[11:3:0] - [Инфо] [OkDesk] Файл: '3515-3539data.json' - уже существует в 'data/okdesk'
[11:3:0] - Записи 3515 не существует, пожалуйста исправьте ошибку[11:3:0] - [Инфо] DEBUG: Записи 3515 не существует
[11:3:0] - Записи 3516 не существует, пожалуйста исправьте ошибку[11:3:0] - [Инфо] DEBUG: Записи 3516 не существует
[11:3:0] - Записи 3517 не существует, пожалуйста исправьте ошибку[11:3:0] - [Инфо] DEBUG: Записи 3517 не существует
[11:3:0] - Записи 3518 не существует, пожалуйста исправьте ошибку[11:3:1] - [Инфо] DEBUG: Записи 3518 не существует
[11:3:1] - Записи 3519 не существует, пожалуйста исправьте ошибку[11:3:1] - [Инфо] DEBUG: Записи 3519 не существует
[11:3:1] - Записи 3520 не существует, пожалуйста исправьте ошибку[11:3:1] - [Инфо] DEBUG: Записи 3520 не существует
[11:3:1] - Записи 3521 не существует, пожалуйста исправьте ошибку[11:3:1] - [Инфо] DEBUG: Записи 3521 не существует
[11:3:1] - Записи 3522 не существует, пожалуйста исправьте ошибку[11:3:1] - [Инфо] DEBUG: Записи 3522 не существует
[11:3:1] - Записи 3523 не существует, пожалуйста исправьте ошибку[11:3:1] - [Инфо] DEBUG: Записи 3523 не существует
[11:3:1] - Записи 3524 не существует, пожалуйста исправьте ошибку[11:3:1] - [Инфо] DEBUG: Записи 3524 не существует
[11:3:1] - Записи 3525 не существует, пожалуйста исправьте ошибку[11:3:1] - [Инфо] DEBUG: Записи 3525 не существует
[11:3:1] - Записи 3526 не существует, пожалуйста исправьте ошибку[11:3:2] - [Инфо] DEBUG: Записи 3526 не существует
[11:3:2] - Записи 3527 не существует, пожалуйста исправьте ошибку[11:3:2] - [Инфо] DEBUG: Записи 3527 не существует
[11:3:2] - Записи 3528 не существует, пожалуйста исправьте ошибку[11:3:2] - [Инфо] DEBUG: Записи 3528 не существует
[11:3:2] - Записи 3529 не существует, пожалуйста исправьте ошибку[11:3:2] - [Инфо] DEBUG: Записи 3529 не существует
[11:3:2] - Записи 3530 не существует, пожалуйста исправьте ошибку[11:3:2] - [Инфо] DEBUG: Записи 3530 не существует
[11:3:2] - Записи 3531 не существует, пожалуйста исправьте ошибку[11:3:2] - [Инфо] DEBUG: Записи 3531 не существует
[11:3:2] - Записи 3532 не существует, пожалуйста исправьте ошибку[11:3:2] - [Инфо] DEBUG: Записи 3532 не существует
[11:3:2] - Записи 3533 не существует, пожалуйста исправьте ошибку[11:3:2] - [Инфо] DEBUG: Записи 3533 не существует
[11:3:3] - Записи 3534 не существует, пожалуйста исправьте ошибку[11:3:3] - [Инфо] DEBUG: Записи 3534 не существует
[11:3:3] - Записи 3535 не существует, пожалуйста исправьте ошибку[11:3:3] - [Инфо] DEBUG: Записи 3535 не существует
[11:3:3] - Записи 3536 не существует, пожалуйста исправьте ошибку[11:3:3] - [Инфо] DEBUG: Записи 3536 не существует
[11:3:3] - Записи 3537 не существует, пожалуйста исправьте ошибку[11:3:3] - [Инфо] DEBUG: Записи 3537 не существует
[11:3:3] - Записи 3538 не существует, пожалуйста исправьте ошибку[11:3:3] - [Инфо] DEBUG: Записи 3538 не существует
[11:3:4] - Записи 3539 не существует, пожалуйста исправьте ошибку[11:3:4] - [Инфо] DEBUG: Записи 3539 не существует
[11:3:4] - [Инфо] Начало автоматической выгрузки данных
[11:3:4] - [Инфо] Developer - Mkrtchyan Martun <mart@kassa26.ru>
[11:3:4] - [Инфо] [OkDesk] Файл: '2821-2821data.json' - уже существует в 'data/okdesk'
[11:3:4] - [Инфо] [LOG] Заявка не является завершенной (OkDesk ID: 2821) Пропуск...
[11:3:4] - [Инфо] Developer - Mkrtchyan Martun <mart@kassa26.ru>
[11:3:4] - [Инфо] [OkDesk] Файл: '2845-2845data.json' - уже существует в 'data/okdesk'
[11:3:5] - [Инфо] [LOG] Заявка не является завершенной (OkDesk ID: 2845) Пропуск...
[11:3:5] - [Инфо] Developer - Mkrtchyan Martun <mart@kassa26.ru>
[11:3:5] - [Инфо] [OkDesk] Файл: '3022-3022data.json' - уже существует в 'data/okdesk'
[11:3:5] - [Инфо] [LOG] Заявка не является завершенной (OkDesk ID: 3022) Пропуск...
[11:3:5] - [Инфо] Developer - Mkrtchyan Martun <mart@kassa26.ru>
[11:3:5] - [Инфо] [OkDesk] Файл: '3236-3236data.json' - уже существует в 'data/okdesk'
[11:3:5] - [Инфо] [LOG] Заявка не является завершенной (OkDesk ID: 3236) Пропуск...
[11:3:5] - [Инфо] Developer - Mkrtchyan Martun <mart@kassa26.ru>
[11:3:5] - [Инфо] [OkDesk] Файл: '3449-3449data.json' - уже существует в 'data/okdesk'
[11:3:6] - [Инфо] [LOG] Заявка не является завершенной (OkDesk ID: 3449) Пропуск...
[11:3:6] - [Инфо] Developer - Mkrtchyan Martun <mart@kassa26.ru>
[11:3:6] - [Инфо] [OkDesk] Файл: '3469-3469data.json' - уже существует в 'data/okdesk'
[11:3:6] - [Инфо] [LOG] Заявка не является завершенной (OkDesk ID: 3469) Пропуск...
[11:3:6] - [Инфо] Developer - Mkrtchyan Martun <mart@kassa26.ru>
[11:3:6] - [Инфо] [OkDesk] Файл: '3471-3471data.json' - уже существует в 'data/okdesk'
[11:3:6] - [Инфо] [LOG] Заявка не является завершенной (OkDesk ID: 3471) Пропуск...
[11:3:6] - [Инфо] Developer - Mkrtchyan Martun <mart@kassa26.ru>
[11:3:6] - [Инфо] [OkDesk] Файл: '3474-3474data.json' - уже существует в 'data/okdesk'
[11:3:6] - [Инфо] [LOG] Заявка не является завершенной (OkDesk ID: 3474) Пропуск...
[11:3:6] - [Инфо] Developer - Mkrtchyan Martun <mart@kassa26.ru>
[11:3:6] - [Инфо] [OkDesk] Файл: '3499-3499data.json' - уже существует в 'data/okdesk'
[11:3:7] - [Инфо] [LOG] Заявка не является завершенной (OkDesk ID: 3499) Пропуск...
[11:3:7] - [Инфо] Developer - Mkrtchyan Martun <mart@kassa26.ru>
[11:3:7] - [Инфо] [OkDesk] Файл: '3505-3505data.json' - уже существует в 'data/okdesk'
[11:3:7] - [Инфо] [LOG] Заявка не является завершенной (OkDesk ID: 3505) Пропуск...
[11:3:7] - [Инфо] Developer - Mkrtchyan Martun <mart@kassa26.ru>
[11:3:7] - [Инфо] [OkDesk] Файл: '3507-3507data.json' - уже существует в 'data/okdesk'
[11:3:7] - [Инфо] [LOG] Заявка не является завершенной (OkDesk ID: 3507) Пропуск...
[11:3:7] - [Инфо] Developer - Mkrtchyan Martun <mart@kassa26.ru>
[11:3:7] - [Инфо] [OkDesk] Файл: '3509-3509data.json' - уже существует в 'data/okdesk'
[11:3:8] - [Инфо] [LOG] Заявка не является завершенной (OkDesk ID: 3509) Пропуск...
[11:3:8] - [Инфо] Developer - Mkrtchyan Martun <mart@kassa26.ru>
[11:3:8] - [Инфо] [OkDesk] Файл: '3513-3513data.json' - уже существует в 'data/okdesk'
[11:3:8] - [Инфо] [LOG] Заявка не является завершенной (OkDesk ID: 3513) Пропуск...
[11:4:0] - [Инфо] Начало цикла след. последовательности
[11:4:0] - [Инфо] Developer - Mkrtchyan Martun <mart@kassa26.ru>
[11:4:0] - [Инфо] [OkDesk] Файл: '3515-3539data.json' - уже существует в 'data/okdesk'
[11:4:0] - [Инфо] 3515
[11:4:0] - [Инфо] [LOG] Заявка не является завершенной (OkDesk ID: 3515) Пропуск...
[11:4:0] - Записи 3516 не существует, пожалуйста исправьте ошибку[11:4:0] - [Инфо] DEBUG: Записи 3516 не существует
[11:4:0] - Записи 3517 не существует, пожалуйста исправьте ошибку[11:4:0] - [Инфо] DEBUG: Записи 3517 не существует
[11:4:0] - Записи 3518 не существует, пожалуйста исправьте ошибку[11:4:0] - [Инфо] DEBUG: Записи 3518 не существует
[11:4:0] - Записи 3519 не существует, пожалуйста исправьте ошибку[11:4:1] - [Инфо] DEBUG: Записи 3519 не существует
[11:4:1] - Записи 3520 не существует, пожалуйста исправьте ошибку[11:4:1] - [Инфо] DEBUG: Записи 3520 не существует
[11:4:1] - Записи 3521 не существует, пожалуйста исправьте ошибку[11:4:1] - [Инфо] DEBUG: Записи 3521 не существует
[11:4:1] - Записи 3522 не существует, пожалуйста исправьте ошибку[11:4:1] - [Инфо] DEBUG: Записи 3522 не существует
[11:4:1] - Записи 3523 не существует, пожалуйста исправьте ошибку[11:4:1] - [Инфо] DEBUG: Записи 3523 не существует
[11:4:1] - Записи 3524 не существует, пожалуйста исправьте ошибку[11:4:1] - [Инфо] DEBUG: Записи 3524 не существует
[11:4:1] - Записи 3525 не существует, пожалуйста исправьте ошибку[11:4:1] - [Инфо] DEBUG: Записи 3525 не существует
[11:4:1] - Записи 3526 не существует, пожалуйста исправьте ошибку[11:4:1] - [Инфо] DEBUG: Записи 3526 не существует
[11:4:2] - Записи 3527 не существует, пожалуйста исправьте ошибку[11:4:2] - [Инфо] DEBUG: Записи 3527 не существует
[11:4:2] - Записи 3528 не существует, пожалуйста исправьте ошибку[11:4:2] - [Инфо] DEBUG: Записи 3528 не существует
[11:4:2] - Записи 3529 не существует, пожалуйста исправьте ошибку[11:4:2] - [Инфо] DEBUG: Записи 3529 не существует
[11:4:2] - Записи 3530 не существует, пожалуйста исправьте ошибку[11:4:2] - [Инфо] DEBUG: Записи 3530 не существует
[11:4:2] - Записи 3531 не существует, пожалуйста исправьте ошибку[11:4:2] - [Инфо] DEBUG: Записи 3531 не существует
[11:4:2] - Записи 3532 не существует, пожалуйста исправьте ошибку[11:4:2] - [Инфо] DEBUG: Записи 3532 не существует
[11:4:2] - Записи 3533 не существует, пожалуйста исправьте ошибку[11:4:2] - [Инфо] DEBUG: Записи 3533 не существует
[11:4:2] - Записи 3534 не существует, пожалуйста исправьте ошибку[11:4:3] - [Инфо] DEBUG: Записи 3534 не существует
[11:4:3] - Записи 3535 не существует, пожалуйста исправьте ошибку[11:4:3] - [Инфо] DEBUG: Записи 3535 не существует
[11:4:3] - Записи 3536 не существует, пожалуйста исправьте ошибку[11:4:3] - [Инфо] DEBUG: Записи 3536 не существует
[11:4:3] - Записи 3537 не существует, пожалуйста исправьте ошибку[11:4:3] - [Инфо] DEBUG: Записи 3537 не существует
[11:4:3] - Записи 3538 не существует, пожалуйста исправьте ошибку[11:4:3] - [Инфо] DEBUG: Записи 3538 не существует
[11:4:3] - Записи 3539 не существует, пожалуйста исправьте ошибку[11:4:3] - [Инфо] DEBUG: Записи 3539 не существует
[11:4:3] - [Инфо] Начало автоматической выгрузки данных
[11:4:3] - [Инфо] Developer - Mkrtchyan Martun <mart@kassa26.ru>
[11:4:3] - [Инфо] [OkDesk] Файл: '2821-2821data.json' - уже существует в 'data/okdesk'
[11:4:3] - [Инфо] [LOG] Заявка не является завершенной (OkDesk ID: 2821) Пропуск...
[11:4:3] - [Инфо] Developer - Mkrtchyan Martun <mart@kassa26.ru>
[11:4:3] - [Инфо] [OkDesk] Файл: '2845-2845data.json' - уже существует в 'data/okdesk'
[11:4:4] - [Инфо] [LOG] Заявка не является завершенной (OkDesk ID: 2845) Пропуск...
[11:4:4] - [Инфо] Developer - Mkrtchyan Martun <mart@kassa26.ru>
[11:4:4] - [Инфо] [OkDesk] Файл: '3022-3022data.json' - уже существует в 'data/okdesk'
[11:4:4] - [Инфо] [LOG] Заявка не является завершенной (OkDesk ID: 3022) Пропуск...
[11:4:4] - [Инфо] Developer - Mkrtchyan Martun <mart@kassa26.ru>
[11:4:4] - [Инфо] [OkDesk] Файл: '3236-3236data.json' - уже существует в 'data/okdesk'
[11:4:4] - [Инфо] [LOG] Заявка не является завершенной (OkDesk ID: 3236) Пропуск...
[11:4:4] - [Инфо] Developer - Mkrtchyan Martun <mart@kassa26.ru>
[11:4:4] - [Инфо] [OkDesk] Файл: '3449-3449data.json' - уже существует в 'data/okdesk'
[11:4:5] - [Инфо] [LOG] Заявка не является завершенной (OkDesk ID: 3449) Пропуск...
[11:4:5] - [Инфо] Developer - Mkrtchyan Martun <mart@kassa26.ru>
[11:4:5] - [Инфо] [OkDesk] Файл: '3469-3469data.json' - уже существует в 'data/okdesk'
[11:4:5] - [Инфо] [LOG] Заявка не является завершенной (OkDesk ID: 3469) Пропуск...
[11:4:5] - [Инфо] Developer - Mkrtchyan Martun <mart@kassa26.ru>
[11:4:5] - [Инфо] [OkDesk] Файл: '3471-3471data.json' - уже существует в 'data/okdesk'
[11:4:5] - [Инфо] [LOG] Заявка не является завершенной (OkDesk ID: 3471) Пропуск...
[11:4:5] - [Инфо] Developer - Mkrtchyan Martun <mart@kassa26.ru>
[11:4:5] - [Инфо] [OkDesk] Файл: '3474-3474data.json' - уже существует в 'data/okdesk'
[11:4:6] - [Инфо] [LOG] Заявка не является завершенной (OkDesk ID: 3474) Пропуск...
[11:4:6] - [Инфо] Developer - Mkrtchyan Martun <mart@kassa26.ru>
[11:4:6] - [Инфо] [OkDesk] Файл: '3499-3499data.json' - уже существует в 'data/okdesk'
[11:4:6] - [Инфо] [LOG] Заявка не является завершенной (OkDesk ID: 3499) Пропуск...
[11:4:6] - [Инфо] Developer - Mkrtchyan Martun <mart@kassa26.ru>
[11:4:6] - [Инфо] [OkDesk] Файл: '3505-3505data.json' - уже существует в 'data/okdesk'
[11:4:6] - [Инфо] [LOG] Заявка не является завершенной (OkDesk ID: 3505) Пропуск...
[11:4:6] - [Инфо] Developer - Mkrtchyan Martun <mart@kassa26.ru>
[11:4:6] - [Инфо] [OkDesk] Файл: '3507-3507data.json' - уже существует в 'data/okdesk'
[11:4:6] - [Инфо] [LOG] Заявка не является завершенной (OkDesk ID: 3507) Пропуск...
[11:4:6] - [Инфо] Developer - Mkrtchyan Martun <mart@kassa26.ru>
[11:4:6] - [Инфо] [OkDesk] Файл: '3509-3509data.json' - уже существует в 'data/okdesk'
[11:4:7] - [Инфо] [LOG] Заявка не является завершенной (OkDesk ID: 3509) Пропуск...
[11:4:7] - [Инфо] Developer - Mkrtchyan Martun <mart@kassa26.ru>
[11:4:7] - [Инфо] [OkDesk] Файл: '3513-3513data.json' - уже существует в 'data/okdesk'
[11:4:7] - [Инфо] [LOG] Заявка не является завершенной (OkDesk ID: 3513) Пропуск...
[11:5:0] - [Инфо] Начало цикла след. последовательности
[11:5:0] - [Инфо] Developer - Mkrtchyan Martun <mart@kassa26.ru>
[11:5:0] - [Инфо] [OkDesk] Файл: '3515-3539data.json' - уже существует в 'data/okdesk'
[11:5:1] - [Инфо] Сущность с ID: 3515 обработана на сервере.
[11:5:1] - Записи 3516 не существует, пожалуйста исправьте ошибку[11:5:1] - [Инфо] DEBUG: Записи 3516 не существует
[11:5:2] - [Инфо] Отправка данных в Спутник...
[11:5:2] - [Инфо] task status: success, task time status: success
[11:5:2] - [Инфо] SputnikTaskID: 34656
[11:5:2] - [Инфо] comment id: 174414, task comment status: success
[11:5:3] - Записи 3517 не существует, пожалуйста исправьте ошибку[11:5:3] - [Инфо] DEBUG: Записи 3517 не существует
[11:5:3] - Записи 3518 не существует, пожалуйста исправьте ошибку[11:5:3] - [Инфо] DEBUG: Записи 3518 не существует
[11:5:4] - Записи 3519 не существует, пожалуйста исправьте ошибку[11:5:4] - [Инфо] DEBUG: Записи 3519 не существует
[11:5:4] - Записи 3520 не существует, пожалуйста исправьте ошибку[11:5:4] - [Инфо] DEBUG: Записи 3520 не существует
[11:5:4] - Записи 3521 не существует, пожалуйста исправьте ошибку[11:5:4] - [Инфо] DEBUG: Записи 3521 не существует
[11:5:4] - Записи 3522 не существует, пожалуйста исправьте ошибку[11:5:4] - [Инфо] DEBUG: Записи 3522 не существует
[11:5:5] - Записи 3523 не существует, пожалуйста исправьте ошибку[11:5:5] - [Инфо] DEBUG: Записи 3523 не существует
[11:5:5] - Записи 3524 не существует, пожалуйста исправьте ошибку[11:5:5] - [Инфо] DEBUG: Записи 3524 не существует
[11:5:5] - Записи 3525 не существует, пожалуйста исправьте ошибку[11:5:6] - [Инфо] DEBUG: Записи 3525 не существует
[11:5:6] - Записи 3526 не существует, пожалуйста исправьте ошибку[11:5:6] - [Инфо] DEBUG: Записи 3526 не существует
[11:5:6] - Записи 3527 не существует, пожалуйста исправьте ошибку[11:5:6] - [Инфо] DEBUG: Записи 3527 не существует
[11:5:7] - Записи 3528 не существует, пожалуйста исправьте ошибку[11:5:7] - [Инфо] DEBUG: Записи 3528 не существует
[11:5:7] - Записи 3529 не существует, пожалуйста исправьте ошибку[11:5:7] - [Инфо] DEBUG: Записи 3529 не существует
[11:5:7] - Записи 3530 не существует, пожалуйста исправьте ошибку[11:5:7] - [Инфо] DEBUG: Записи 3530 не существует
[11:5:7] - Записи 3531 не существует, пожалуйста исправьте ошибку[11:5:7] - [Инфо] DEBUG: Записи 3531 не существует
[11:5:7] - Записи 3532 не существует, пожалуйста исправьте ошибку[11:5:8] - [Инфо] DEBUG: Записи 3532 не существует
[11:5:8] - Записи 3533 не существует, пожалуйста исправьте ошибку[11:5:8] - [Инфо] DEBUG: Записи 3533 не существует
[11:5:8] - Записи 3534 не существует, пожалуйста исправьте ошибку[11:5:8] - [Инфо] DEBUG: Записи 3534 не существует
[11:5:8] - Записи 3535 не существует, пожалуйста исправьте ошибку[11:5:8] - [Инфо] DEBUG: Записи 3535 не существует
[11:5:8] - Записи 3536 не существует, пожалуйста исправьте ошибку[11:5:9] - [Инфо] DEBUG: Записи 3536 не существует
[11:5:9] - Записи 3537 не существует, пожалуйста исправьте ошибку[11:5:9] - [Инфо] DEBUG: Записи 3537 не существует
[11:5:9] - Записи 3538 не существует, пожалуйста исправьте ошибку[11:5:9] - [Инфо] DEBUG: Записи 3538 не существует
[11:5:9] - Записи 3539 не существует, пожалуйста исправьте ошибку[11:5:9] - [Инфо] DEBUG: Записи 3539 не существует
[11:5:9] - [Инфо] Начало автоматической выгрузки данных
[11:5:9] - [Инфо] Developer - Mkrtchyan Martun <mart@kassa26.ru>
[11:5:9] - [Инфо] [OkDesk] Файл: '2821-2821data.json' - уже существует в 'data/okdesk'
[11:5:9] - [Инфо] [LOG] Заявка не является завершенной (OkDesk ID: 2821) Пропуск...
[11:5:9] - [Инфо] Developer - Mkrtchyan Martun <mart@kassa26.ru>
[11:5:9] - [Инфо] [OkDesk] Файл: '2845-2845data.json' - уже существует в 'data/okdesk'
[11:5:10] - [Инфо] [LOG] Заявка не является завершенной (OkDesk ID: 2845) Пропуск...
[11:5:10] - [Инфо] Developer - Mkrtchyan Martun <mart@kassa26.ru>
[11:5:10] - [Инфо] [OkDesk] Файл: '3022-3022data.json' - уже существует в 'data/okdesk'
[11:5:10] - [Инфо] [LOG] Заявка не является завершенной (OkDesk ID: 3022) Пропуск...
[11:5:10] - [Инфо] Developer - Mkrtchyan Martun <mart@kassa26.ru>
[11:5:10] - [Инфо] [OkDesk] Файл: '3236-3236data.json' - уже существует в 'data/okdesk'
[11:5:10] - [Инфо] [LOG] Заявка не является завершенной (OkDesk ID: 3236) Пропуск...
[11:5:10] - [Инфо] Developer - Mkrtchyan Martun <mart@kassa26.ru>
[11:5:10] - [Инфо] [OkDesk] Файл: '3449-3449data.json' - уже существует в 'data/okdesk'
[11:5:11] - [Инфо] [LOG] Заявка не является завершенной (OkDesk ID: 3449) Пропуск...
[11:5:11] - [Инфо] Developer - Mkrtchyan Martun <mart@kassa26.ru>
[11:5:11] - [Инфо] [OkDesk] Файл: '3469-3469data.json' - уже существует в 'data/okdesk'
[11:5:12] - [Инфо] [LOG] Заявка не является завершенной (OkDesk ID: 3469) Пропуск...
[11:5:12] - [Инфо] Developer - Mkrtchyan Martun <mart@kassa26.ru>
[11:5:12] - [Инфо] [OkDesk] Файл: '3471-3471data.json' - уже существует в 'data/okdesk'
[11:5:12] - [Инфо] [LOG] Заявка не является завершенной (OkDesk ID: 3471) Пропуск...
[11:5:12] - [Инфо] Developer - Mkrtchyan Martun <mart@kassa26.ru>
[11:5:12] - [Инфо] [OkDesk] Файл: '3474-3474data.json' - уже существует в 'data/okdesk'
[11:5:13] - [Инфо] [LOG] Заявка не является завершенной (OkDesk ID: 3474) Пропуск...
[11:5:13] - [Инфо] Developer - Mkrtchyan Martun <mart@kassa26.ru>
[11:5:13] - [Инфо] [OkDesk] Файл: '3499-3499data.json' - уже существует в 'data/okdesk'
[11:5:13] - [Инфо] [LOG] Заявка не является завершенной (OkDesk ID: 3499) Пропуск...
[11:5:13] - [Инфо] Developer - Mkrtchyan Martun <mart@kassa26.ru>
[11:5:13] - [Инфо] [OkDesk] Файл: '3505-3505data.json' - уже существует в 'data/okdesk'
[11:5:13] - [Инфо] [LOG] Заявка не является завершенной (OkDesk ID: 3505) Пропуск...
[11:5:13] - [Инфо] Developer - Mkrtchyan Martun <mart@kassa26.ru>
[11:5:13] - [Инфо] [OkDesk] Файл: '3507-3507data.json' - уже существует в 'data/okdesk'
[11:5:13] - [Инфо] [LOG] Заявка не является завершенной (OkDesk ID: 3507) Пропуск...
[11:5:13] - [Инфо] Developer - Mkrtchyan Martun <mart@kassa26.ru>
[11:5:13] - [Инфо] [OkDesk] Файл: '3509-3509data.json' - уже существует в 'data/okdesk'
[11:5:14] - [Инфо] [LOG] Заявка не является завершенной (OkDesk ID: 3509) Пропуск...
[11:5:14] - [Инфо] Developer - Mkrtchyan Martun <mart@kassa26.ru>
[11:5:14] - [Инфо] [OkDesk] Файл: '3513-3513data.json' - уже существует в 'data/okdesk'
[11:5:14] - [Инфо] [LOG] Заявка не является завершенной (OkDesk ID: 3513) Пропуск...
[11:5:14] - [Инфо] Developer - Mkrtchyan Martun <mart@kassa26.ru>
[11:5:15] - Заявка уже была ранее выгружена. (OkDesk ID: 3515), пожалуйста исправьте ошибку[11:6:0] - [Инфо] Начало цикла след. последовательности
[11:6:0] - [Инфо] Developer - Mkrtchyan Martun <mart@kassa26.ru>
[11:6:0] - Записи 3516 не существует, пожалуйста исправьте ошибку[11:6:0] - [Инфо] DEBUG: Записи 3516 не существует
[11:6:0] - Записи 3517 не существует, пожалуйста исправьте ошибку[11:6:0] - [Инфо] DEBUG: Записи 3517 не существует
[11:6:0] - Записи 3518 не существует, пожалуйста исправьте ошибку[11:6:1] - [Инфо] DEBUG: Записи 3518 не существует
[11:6:1] - Записи 3519 не существует, пожалуйста исправьте ошибку[11:6:1] - [Инфо] DEBUG: Записи 3519 не существует
[11:6:1] - Записи 3520 не существует, пожалуйста исправьте ошибку[11:6:1] - [Инфо] DEBUG: Записи 3520 не существует
[11:6:1] - Записи 3521 не существует, пожалуйста исправьте ошибку[11:6:1] - [Инфо] DEBUG: Записи 3521 не существует
[11:6:1] - Записи 3522 не существует, пожалуйста исправьте ошибку[11:6:1] - [Инфо] DEBUG: Записи 3522 не существует
[11:6:1] - Записи 3523 не существует, пожалуйста исправьте ошибку[11:6:1] - [Инфо] DEBUG: Записи 3523 не существует
[11:6:2] - Записи 3524 не существует, пожалуйста исправьте ошибку[11:6:2] - [Инфо] DEBUG: Записи 3524 не существует
[11:6:2] - Записи 3525 не существует, пожалуйста исправьте ошибку[11:6:2] - [Инфо] DEBUG: Записи 3525 не существует
[11:6:2] - Записи 3526 не существует, пожалуйста исправьте ошибку[11:6:2] - [Инфо] DEBUG: Записи 3526 не существует
[11:6:2] - Записи 3527 не существует, пожалуйста исправьте ошибку[11:6:2] - [Инфо] DEBUG: Записи 3527 не существует
[11:6:2] - Записи 3528 не существует, пожалуйста исправьте ошибку[11:6:2] - [Инфо] DEBUG: Записи 3528 не существует
[11:6:2] - Записи 3529 не существует, пожалуйста исправьте ошибку[11:6:3] - [Инфо] DEBUG: Записи 3529 не существует
[11:6:3] - Записи 3530 не существует, пожалуйста исправьте ошибку[11:6:3] - [Инфо] DEBUG: Записи 3530 не существует
[11:6:3] - Записи 3531 не существует, пожалуйста исправьте ошибку[11:6:3] - [Инфо] DEBUG: Записи 3531 не существует
[11:6:3] - Записи 3532 не существует, пожалуйста исправьте ошибку[11:6:3] - [Инфо] DEBUG: Записи 3532 не существует
[11:6:3] - Записи 3533 не существует, пожалуйста исправьте ошибку[11:6:3] - [Инфо] DEBUG: Записи 3533 не существует
[11:6:3] - Записи 3534 не существует, пожалуйста исправьте ошибку[11:6:4] - [Инфо] DEBUG: Записи 3534 не существует
[11:6:4] - Записи 3535 не существует, пожалуйста исправьте ошибку[11:6:4] - [Инфо] DEBUG: Записи 3535 не существует
[11:6:4] - Записи 3536 не существует, пожалуйста исправьте ошибку[11:6:4] - [Инфо] DEBUG: Записи 3536 не существует
[11:6:4] - Записи 3537 не существует, пожалуйста исправьте ошибку[11:6:5] - [Инфо] DEBUG: Записи 3537 не существует
[11:6:5] - Записи 3538 не существует, пожалуйста исправьте ошибку[11:6:5] - [Инфо] DEBUG: Записи 3538 не существует
[11:6:5] - Записи 3539 не существует, пожалуйста исправьте ошибку[11:6:5] - [Инфо] DEBUG: Записи 3539 не существует
[11:6:5] - Записи 3540 не существует, пожалуйста исправьте ошибку[11:6:5] - [Инфо] DEBUG: Записи 3540 не существует
[11:6:5] - [Инфо] Начало автоматической выгрузки данных
[11:6:5] - [Инфо] Developer - Mkrtchyan Martun <mart@kassa26.ru>
[11:6:5] - [Инфо] [OkDesk] Файл: '2821-2821data.json' - уже существует в 'data/okdesk'
[11:6:5] - [Инфо] [LOG] Заявка не является завершенной (OkDesk ID: 2821) Пропуск...
[11:6:5] - [Инфо] Developer - Mkrtchyan Martun <mart@kassa26.ru>
[11:6:5] - [Инфо] [OkDesk] Файл: '2845-2845data.json' - уже существует в 'data/okdesk'
[11:6:6] - [Инфо] [LOG] Заявка не является завершенной (OkDesk ID: 2845) Пропуск...
[11:6:6] - [Инфо] Developer - Mkrtchyan Martun <mart@kassa26.ru>
[11:6:6] - [Инфо] [OkDesk] Файл: '3022-3022data.json' - уже существует в 'data/okdesk'
[11:6:6] - [Инфо] [LOG] Заявка не является завершенной (OkDesk ID: 3022) Пропуск...
[11:6:6] - [Инфо] Developer - Mkrtchyan Martun <mart@kassa26.ru>
[11:6:6] - [Инфо] [OkDesk] Файл: '3236-3236data.json' - уже существует в 'data/okdesk'
[11:6:6] - [Инфо] [LOG] Заявка не является завершенной (OkDesk ID: 3236) Пропуск...
[11:6:6] - [Инфо] Developer - Mkrtchyan Martun <mart@kassa26.ru>
[11:6:6] - [Инфо] [OkDesk] Файл: '3449-3449data.json' - уже существует в 'data/okdesk'
[11:6:7] - [Инфо] [LOG] Заявка не является завершенной (OkDesk ID: 3449) Пропуск...
[11:6:7] - [Инфо] Developer - Mkrtchyan Martun <mart@kassa26.ru>
[11:6:7] - [Инфо] [OkDesk] Файл: '3469-3469data.json' - уже существует в 'data/okdesk'
[11:6:7] - [Инфо] [LOG] Заявка не является завершенной (OkDesk ID: 3469) Пропуск...
[11:6:7] - [Инфо] Developer - Mkrtchyan Martun <mart@kassa26.ru>
[11:6:7] - [Инфо] [OkDesk] Файл: '3471-3471data.json' - уже существует в 'data/okdesk'
[11:6:7] - [Инфо] [LOG] Заявка не является завершенной (OkDesk ID: 3471) Пропуск...
[11:6:7] - [Инфо] Developer - Mkrtchyan Martun <mart@kassa26.ru>
[11:6:7] - [Инфо] [OkDesk] Файл: '3474-3474data.json' - уже существует в 'data/okdesk'
[11:6:8] - [Инфо] [LOG] Заявка не является завершенной (OkDesk ID: 3474) Пропуск...
[11:6:8] - [Инфо] Developer - Mkrtchyan Martun <mart@kassa26.ru>
[11:6:8] - [Инфо] [OkDesk] Файл: '3499-3499data.json' - уже существует в 'data/okdesk'
[11:6:8] - [Инфо] [LOG] Заявка не является завершенной (OkDesk ID: 3499) Пропуск...
[11:6:8] - [Инфо] Developer - Mkrtchyan Martun <mart@kassa26.ru>
[11:6:8] - [Инфо] [OkDesk] Файл: '3505-3505data.json' - уже существует в 'data/okdesk'
[11:6:8] - [Инфо] [LOG] Заявка не является завершенной (OkDesk ID: 3505) Пропуск...
[11:6:8] - [Инфо] Developer - Mkrtchyan Martun <mart@kassa26.ru>
[11:6:8] - [Инфо] [OkDesk] Файл: '3507-3507data.json' - уже существует в 'data/okdesk'
[11:6:9] - [Инфо] [LOG] Заявка не является завершенной (OkDesk ID: 3507) Пропуск...
[11:6:9] - [Инфо] Developer - Mkrtchyan Martun <mart@kassa26.ru>
[11:6:9] - [Инфо] [OkDesk] Файл: '3509-3509data.json' - уже существует в 'data/okdesk'
[11:6:9] - [Инфо] [LOG] Заявка не является завершенной (OkDesk ID: 3509) Пропуск...
[11:6:9] - [Инфо] Developer - Mkrtchyan Martun <mart@kassa26.ru>
[11:6:9] - [Инфо] [OkDesk] Файл: '3513-3513data.json' - уже существует в 'data/okdesk'
[11:6:9] - [Инфо] [LOG] Заявка не является завершенной (OkDesk ID: 3513) Пропуск...
[11:7:0] - [Инфо] Начало цикла след. последовательности
[11:7:0] - [Инфо] Developer - Mkrtchyan Martun <mart@kassa26.ru>
[11:7:0] - [Инфо] [OkDesk] Файл: '3516-3540data.json' - уже существует в 'data/okdesk'
[11:7:1] - Записи 3516 не существует, пожалуйста исправьте ошибку[11:7:1] - [Инфо] DEBUG: Записи 3516 не существует
[11:7:1] - Записи 3517 не существует, пожалуйста исправьте ошибку[11:7:1] - [Инфо] DEBUG: Записи 3517 не существует
[11:7:1] - Записи 3518 не существует, пожалуйста исправьте ошибку[11:7:1] - [Инфо] DEBUG: Записи 3518 не существует
[11:7:1] - Записи 3519 не существует, пожалуйста исправьте ошибку[11:7:1] - [Инфо] DEBUG: Записи 3519 не существует
[11:7:1] - Записи 3520 не существует, пожалуйста исправьте ошибку[11:7:1] - [Инфо] DEBUG: Записи 3520 не существует
[11:7:1] - Записи 3521 не существует, пожалуйста исправьте ошибку[11:7:1] - [Инфо] DEBUG: Записи 3521 не существует
[11:7:1] - Записи 3522 не существует, пожалуйста исправьте ошибку[11:7:1] - [Инфо] DEBUG: Записи 3522 не существует
[11:7:1] - Записи 3523 не существует, пожалуйста исправьте ошибку[11:7:2] - [Инфо] DEBUG: Записи 3523 не существует
[11:7:2] - Записи 3524 не существует, пожалуйста исправьте ошибку[11:7:2] - [Инфо] DEBUG: Записи 3524 не существует
[11:7:2] - Записи 3525 не существует, пожалуйста исправьте ошибку[11:7:2] - [Инфо] DEBUG: Записи 3525 не существует
[11:7:2] - Записи 3526 не существует, пожалуйста исправьте ошибку[11:7:2] - [Инфо] DEBUG: Записи 3526 не существует
[11:7:2] - Записи 3527 не существует, пожалуйста исправьте ошибку[11:7:2] - [Инфо] DEBUG: Записи 3527 не существует
[11:7:2] - Записи 3528 не существует, пожалуйста исправьте ошибку[11:7:2] - [Инфо] DEBUG: Записи 3528 не существует
[11:7:2] - Записи 3529 не существует, пожалуйста исправьте ошибку[11:7:2] - [Инфо] DEBUG: Записи 3529 не существует
[11:7:2] - Записи 3530 не существует, пожалуйста исправьте ошибку[11:7:2] - [Инфо] DEBUG: Записи 3530 не существует
[11:7:3] - Записи 3531 не существует, пожалуйста исправьте ошибку[11:7:3] - [Инфо] DEBUG: Записи 3531 не существует
[11:7:3] - Записи 3532 не существует, пожалуйста исправьте ошибку[11:7:3] - [Инфо] DEBUG: Записи 3532 не существует
[11:7:3] - Записи 3533 не существует, пожалуйста исправьте ошибку[11:7:3] - [Инфо] DEBUG: Записи 3533 не существует
[11:7:3] - Записи 3534 не существует, пожалуйста исправьте ошибку[11:7:3] - [Инфо] DEBUG: Записи 3534 не существует
[11:7:3] - Записи 3535 не существует, пожалуйста исправьте ошибку[11:7:3] - [Инфо] DEBUG: Записи 3535 не существует
[11:7:3] - Записи 3536 не существует, пожалуйста исправьте ошибку[11:7:3] - [Инфо] DEBUG: Записи 3536 не существует
[11:7:3] - Записи 3537 не существует, пожалуйста исправьте ошибку[11:7:3] - [Инфо] DEBUG: Записи 3537 не существует
[11:7:3] - Записи 3538 не существует, пожалуйста исправьте ошибку[11:7:3] - [Инфо] DEBUG: Записи 3538 не существует
[11:7:4] - Записи 3539 не существует, пожалуйста исправьте ошибку[11:7:4] - [Инфо] DEBUG: Записи 3539 не существует
[11:7:4] - Записи 3540 не существует, пожалуйста исправьте ошибку[11:7:4] - [Инфо] DEBUG: Записи 3540 не существует
[11:7:4] - [Инфо] Начало автоматической выгрузки данных
[11:7:4] - [Инфо] Developer - Mkrtchyan Martun <mart@kassa26.ru>
[11:7:4] - [Инфо] [OkDesk] Файл: '2821-2821data.json' - уже существует в 'data/okdesk'
[11:7:4] - [Инфо] [LOG] Заявка не является завершенной (OkDesk ID: 2821) Пропуск...
[11:7:4] - [Инфо] Developer - Mkrtchyan Martun <mart@kassa26.ru>
[11:7:4] - [Инфо] [OkDesk] Файл: '2845-2845data.json' - уже существует в 'data/okdesk'
[11:7:4] - [Инфо] [LOG] Заявка не является завершенной (OkDesk ID: 2845) Пропуск...
[11:7:4] - [Инфо] Developer - Mkrtchyan Martun <mart@kassa26.ru>
[11:7:4] - [Инфо] [OkDesk] Файл: '3022-3022data.json' - уже существует в 'data/okdesk'
[11:7:5] - [Инфо] [LOG] Заявка не является завершенной (OkDesk ID: 3022) Пропуск...
[11:7:5] - [Инфо] Developer - Mkrtchyan Martun <mart@kassa26.ru>
[11:7:5] - [Инфо] [OkDesk] Файл: '3236-3236data.json' - уже существует в 'data/okdesk'
[11:7:5] - [Инфо] [LOG] Заявка не является завершенной (OkDesk ID: 3236) Пропуск...
[11:7:5] - [Инфо] Developer - Mkrtchyan Martun <mart@kassa26.ru>
[11:7:5] - [Инфо] [OkDesk] Файл: '3449-3449data.json' - уже существует в 'data/okdesk'
[11:7:5] - [Инфо] [LOG] Заявка не является завершенной (OkDesk ID: 3449) Пропуск...
[11:7:5] - [Инфо] Developer - Mkrtchyan Martun <mart@kassa26.ru>
[11:7:5] - [Инфо] [OkDesk] Файл: '3469-3469data.json' - уже существует в 'data/okdesk'
[11:7:5] - [Инфо] [LOG] Заявка не является завершенной (OkDesk ID: 3469) Пропуск...
[11:7:5] - [Инфо] Developer - Mkrtchyan Martun <mart@kassa26.ru>
[11:7:5] - [Инфо] [OkDesk] Файл: '3471-3471data.json' - уже существует в 'data/okdesk'
[11:7:6] - [Инфо] [LOG] Заявка не является завершенной (OkDesk ID: 3471) Пропуск...
[11:7:6] - [Инфо] Developer - Mkrtchyan Martun <mart@kassa26.ru>
[11:7:6] - [Инфо] [OkDesk] Файл: '3474-3474data.json' - уже существует в 'data/okdesk'
[11:7:6] - [Инфо] [LOG] Заявка не является завершенной (OkDesk ID: 3474) Пропуск...
[11:7:6] - [Инфо] Developer - Mkrtchyan Martun <mart@kassa26.ru>
[11:7:6] - [Инфо] [OkDesk] Файл: '3499-3499data.json' - уже существует в 'data/okdesk'
[11:7:6] - [Инфо] [LOG] Заявка не является завершенной (OkDesk ID: 3499) Пропуск...
[11:7:6] - [Инфо] Developer - Mkrtchyan Martun <mart@kassa26.ru>
[11:7:6] - [Инфо] [OkDesk] Файл: '3505-3505data.json' - уже существует в 'data/okdesk'
[11:7:7] - [Инфо] [LOG] Заявка не является завершенной (OkDesk ID: 3505) Пропуск...
[11:7:7] - [Инфо] Developer - Mkrtchyan Martun <mart@kassa26.ru>
[11:7:7] - [Инфо] [OkDesk] Файл: '3507-3507data.json' - уже существует в 'data/okdesk'
[11:7:7] - [Инфо] [LOG] Заявка не является завершенной (OkDesk ID: 3507) Пропуск...
[11:7:7] - [Инфо] Developer - Mkrtchyan Martun <mart@kassa26.ru>
[11:7:7] - [Инфо] [OkDesk] Файл: '3509-3509data.json' - уже существует в 'data/okdesk'
[11:7:7] - [Инфо] [LOG] Заявка не является завершенной (OkDesk ID: 3509) Пропуск...
[11:7:7] - [Инфо] Developer - Mkrtchyan Martun <mart@kassa26.ru>
[11:7:7] - [Инфо] [OkDesk] Файл: '3513-3513data.json' - уже существует в 'data/okdesk'
[11:7:7] - [Инфо] [LOG] Заявка не является завершенной (OkDesk ID: 3513) Пропуск...
[11:8:0] - [Инфо] Начало цикла след. последовательности
[11:8:0] - [Инфо] Developer - Mkrtchyan Martun <mart@kassa26.ru>
[11:8:0] - [Инфо] [OkDesk] Файл: '3516-3540data.json' - уже существует в 'data/okdesk'
[11:8:0] - Записи 3516 не существует, пожалуйста исправьте ошибку[11:8:0] - [Инфо] DEBUG: Записи 3516 не существует
[11:8:0] - Записи 3517 не существует, пожалуйста исправьте ошибку[11:8:0] - [Инфо] DEBUG: Записи 3517 не существует
[11:8:1] - Записи 3518 не существует, пожалуйста исправьте ошибку[11:8:1] - [Инфо] DEBUG: Записи 3518 не существует
[11:8:1] - Записи 3519 не существует, пожалуйста исправьте ошибку[11:8:1] - [Инфо] DEBUG: Записи 3519 не существует
[11:8:1] - Записи 3520 не существует, пожалуйста исправьте ошибку[11:8:1] - [Инфо] DEBUG: Записи 3520 не существует
[11:8:1] - Записи 3521 не существует, пожалуйста исправьте ошибку[11:8:1] - [Инфо] DEBUG: Записи 3521 не существует
[11:8:1] - Записи 3522 не существует, пожалуйста исправьте ошибку[11:8:1] - [Инфо] DEBUG: Записи 3522 не существует
[11:8:1] - Записи 3523 не существует, пожалуйста исправьте ошибку[11:8:1] - [Инфо] DEBUG: Записи 3523 не существует
[11:8:1] - Записи 3524 не существует, пожалуйста исправьте ошибку[11:8:1] - [Инфо] DEBUG: Записи 3524 не существует
[11:8:1] - Записи 3525 не существует, пожалуйста исправьте ошибку[11:8:1] - [Инфо] DEBUG: Записи 3525 не существует
[11:8:1] - Записи 3526 не существует, пожалуйста исправьте ошибку[11:8:2] - [Инфо] DEBUG: Записи 3526 не существует
[11:8:2] - Записи 3527 не существует, пожалуйста исправьте ошибку[11:8:2] - [Инфо] DEBUG: Записи 3527 не существует
[11:8:2] - Записи 3528 не существует, пожалуйста исправьте ошибку[11:8:2] - [Инфо] DEBUG: Записи 3528 не существует
[11:8:2] - Записи 3529 не существует, пожалуйста исправьте ошибку[11:8:2] - [Инфо] DEBUG: Записи 3529 не существует
[11:8:2] - Записи 3530 не существует, пожалуйста исправьте ошибку[11:8:2] - [Инфо] DEBUG: Записи 3530 не существует
[11:8:2] - Записи 3531 не существует, пожалуйста исправьте ошибку[11:8:2] - [Инфо] DEBUG: Записи 3531 не существует
[11:8:2] - Записи 3532 не существует, пожалуйста исправьте ошибку[11:8:2] - [Инфо] DEBUG: Записи 3532 не существует
[11:8:2] - Записи 3533 не существует, пожалуйста исправьте ошибку[11:8:2] - [Инфо] DEBUG: Записи 3533 не существует
[11:8:2] - Записи 3534 не существует, пожалуйста исправьте ошибку[11:8:2] - [Инфо] DEBUG: Записи 3534 не существует
[11:8:3] - Записи 3535 не существует, пожалуйста исправьте ошибку[11:8:3] - [Инфо] DEBUG: Записи 3535 не существует
[11:8:3] - Записи 3536 не существует, пожалуйста исправьте ошибку[11:8:3] - [Инфо] DEBUG: Записи 3536 не существует
[11:8:3] - Записи 3537 не существует, пожалуйста исправьте ошибку[11:8:3] - [Инфо] DEBUG: Записи 3537 не существует
[11:8:3] - Записи 3538 не существует, пожалуйста исправьте ошибку[11:8:3] - [Инфо] DEBUG: Записи 3538 не существует
[11:8:3] - Записи 3539 не существует, пожалуйста исправьте ошибку[11:8:3] - [Инфо] DEBUG: Записи 3539 не существует
[11:8:3] - Записи 3540 не существует, пожалуйста исправьте ошибку[11:8:3] - [Инфо] DEBUG: Записи 3540 не существует
[11:8:3] - [Инфо] Начало автоматической выгрузки данных
[11:8:3] - [Инфо] Developer - Mkrtchyan Martun <mart@kassa26.ru>
[11:8:3] - [Инфо] [OkDesk] Файл: '2821-2821data.json' - уже существует в 'data/okdesk'
[11:8:4] - [Инфо] [LOG] Заявка не является завершенной (OkDesk ID: 2821) Пропуск...
[11:8:4] - [Инфо] Developer - Mkrtchyan Martun <mart@kassa26.ru>
[11:8:4] - [Инфо] [OkDesk] Файл: '2845-2845data.json' - уже существует в 'data/okdesk'
[11:8:4] - [Инфо] [LOG] Заявка не является завершенной (OkDesk ID: 2845) Пропуск...
[11:8:4] - [Инфо] Developer - Mkrtchyan Martun <mart@kassa26.ru>
[11:8:4] - [Инфо] [OkDesk] Файл: '3022-3022data.json' - уже существует в 'data/okdesk'
[11:8:4] - [Инфо] [LOG] Заявка не является завершенной (OkDesk ID: 3022) Пропуск...
[11:8:4] - [Инфо] Developer - Mkrtchyan Martun <mart@kassa26.ru>
[11:8:4] - [Инфо] [OkDesk] Файл: '3236-3236data.json' - уже существует в 'data/okdesk'
[11:8:5] - [Инфо] [LOG] Заявка не является завершенной (OkDesk ID: 3236) Пропуск...
[11:8:5] - [Инфо] Developer - Mkrtchyan Martun <mart@kassa26.ru>
[11:8:5] - [Инфо] [OkDesk] Файл: '3449-3449data.json' - уже существует в 'data/okdesk'
[11:8:5] - [Инфо] [LOG] Заявка не является завершенной (OkDesk ID: 3449) Пропуск...
[11:8:5] - [Инфо] Developer - Mkrtchyan Martun <mart@kassa26.ru>
[11:8:5] - [Инфо] [OkDesk] Файл: '3469-3469data.json' - уже существует в 'data/okdesk'
[11:8:6] - [Инфо] [LOG] Заявка не является завершенной (OkDesk ID: 3469) Пропуск...
[11:8:6] - [Инфо] Developer - Mkrtchyan Martun <mart@kassa26.ru>
[11:8:6] - [Инфо] [OkDesk] Файл: '3471-3471data.json' - уже существует в 'data/okdesk'
[11:8:6] - [Инфо] [LOG] Заявка не является завершенной (OkDesk ID: 3471) Пропуск...
[11:8:6] - [Инфо] Developer - Mkrtchyan Martun <mart@kassa26.ru>
[11:8:6] - [Инфо] [OkDesk] Файл: '3474-3474data.json' - уже существует в 'data/okdesk'
[11:8:6] - [Инфо] [LOG] Заявка не является завершенной (OkDesk ID: 3474) Пропуск...
[11:8:6] - [Инфо] Developer - Mkrtchyan Martun <mart@kassa26.ru>
[11:8:6] - [Инфо] [OkDesk] Файл: '3499-3499data.json' - уже существует в 'data/okdesk'
[11:8:6] - [Инфо] [LOG] Заявка не является завершенной (OkDesk ID: 3499) Пропуск...
[11:8:7] - [Инфо] Developer - Mkrtchyan Martun <mart@kassa26.ru>
[11:8:7] - [Инфо] [OkDesk] Файл: '3505-3505data.json' - уже существует в 'data/okdesk'
[11:8:7] - [Инфо] [LOG] Заявка не является завершенной (OkDesk ID: 3505) Пропуск...
[11:8:7] - [Инфо] Developer - Mkrtchyan Martun <mart@kassa26.ru>
[11:8:7] - [Инфо] [OkDesk] Файл: '3507-3507data.json' - уже существует в 'data/okdesk'
[11:8:7] - [Инфо] [LOG] Заявка не является завершенной (OkDesk ID: 3507) Пропуск...
[11:8:7] - [Инфо] Developer - Mkrtchyan Martun <mart@kassa26.ru>
[11:8:7] - [Инфо] [OkDesk] Файл: '3509-3509data.json' - уже существует в 'data/okdesk'
[11:8:8] - [Инфо] [LOG] Заявка не является завершенной (OkDesk ID: 3509) Пропуск...
[11:8:8] - [Инфо] Developer - Mkrtchyan Martun <mart@kassa26.ru>
[11:8:8] - [Инфо] [OkDesk] Файл: '3513-3513data.json' - уже существует в 'data/okdesk'
[11:8:9] - [Инфо] [LOG] Заявка не является завершенной (OkDesk ID: 3513) Пропуск...
