[23:59:1] - [Инфо] Начало цикла след. последовательности
[23:59:1] - [Инфо] Developer - Mkrtchyan Martun <mart@kassa26.ru>
[23:59:2] - Заявка уже была ранее выгружена. (OkDesk ID: 2210), пожалуйста исправьте ошибку[23:59:3] - [Инфо] Сущность с ID: 2211 обработана на сервере.
[23:59:3] - [Инфо] Отправка данных в Спутник...
[23:59:3] - [Инфо] task status: success, task time status: success
[23:59:3] - [Инфо] SputnikTaskID: 32337
[23:59:3] - [Инфо] Сущность с ID: 2212 обработана на сервере.
[23:59:3] - [Инфо] comment id: 162752, task comment status: success
[23:59:4] - [Инфо] Отправка данных в Спутник...
[23:59:4] - [Инфо] task status: success, task time status: success
[23:59:4] - [Инфо] SputnikTaskID: 32338
[23:59:4] - [Инфо] comment id: 162753, task comment status: success
[23:59:4] - [Инфо] Сущность с ID: 2213 обработана на сервере.
[23:59:4] - [Инфо] comment id: 162754, task comment status: success
[23:59:4] - [Инфо] Отправка данных в Спутник...
[23:59:4] - [Инфо] task status: success, task time status: success
[23:59:4] - [Инфо] SputnikTaskID: 32339
[23:59:4] - [Инфо] comment id: 162755, task comment status: success
[23:59:4] - [Инфо] Сущность с ID: 2214 обработана на сервере.
[23:59:4] - [Инфо] comment id: 162756, task comment status: success
[23:59:5] - [Инфо] Отправка данных в Спутник...
[23:59:5] - [Инфо] task status: success, task time status: success
[23:59:5] - [Инфо] SputnikTaskID: 32340
[23:59:5] - [Инфо] Сущность с ID: 2215 обработана на сервере.
[23:59:5] - [Инфо] Отправка данных в Спутник...
[23:59:5] - [Инфо] task status: success, task time status: success
[23:59:5] - [Инфо] SputnikTaskID: 32341
[23:59:5] - [Инфо] comment id: 162757, task comment status: success
[23:59:6] - [Инфо] Сущность с ID: 2216 обработана на сервере.
[23:59:6] - [Инфо] comment id: 162758, task comment status: success
[23:59:6] - [Инфо] Отправка данных в Спутник...
[23:59:6] - [Инфо] task status: success, task time status: success
[23:59:6] - [Инфо] SputnikTaskID: 32342
[23:59:6] - [Инфо] comment id: 162759, task comment status: success
[23:59:6] - [Инфо] Сущность с ID: 2217 обработана на сервере.
[23:59:6] - [Инфо] comment id: 162760, task comment status: success
[23:59:6] - [Инфо] Отправка данных в Спутник...
[23:59:6] - [Инфо] task status: success, task time status: success
[23:59:6] - [Инфо] SputnikTaskID: 32343
[23:59:7] - [Инфо] comment id: 162761, task comment status: success
[23:59:7] - [Инфо] Сущность с ID: 2218 обработана на сервере.
[23:59:7] - [Инфо] comment id: 162762, task comment status: success
[23:59:7] - [Инфо] Отправка данных в Спутник...
[23:59:7] - [Инфо] task status: success, task time status: success
[23:59:7] - [Инфо] SputnikTaskID: 32344
[23:59:7] - [Инфо] Сущность с ID: 2219 обработана на сервере.
[23:59:7] - [Инфо] comment id: 162763, task comment status: success
[23:59:7] - [Инфо] Отправка данных в Спутник...
[23:59:7] - [Инфо] task status: success, task time status: success
[23:59:7] - [Инфо] SputnikTaskID: 32345
[23:59:8] - [Инфо] comment id: 162764, task comment status: success
[23:59:8] - [Инфо] Сущность с ID: 2220 обработана на сервере.
[23:59:8] - [Инфо] comment id: 162765, task comment status: success
[23:59:8] - [Инфо] Отправка данных в Спутник...
[23:59:8] - [Инфо] task status: success, task time status: success
[23:59:8] - [Инфо] SputnikTaskID: 32346
[23:59:8] - [Инфо] comment id: 162766, task comment status: success
[23:59:8] - [Инфо] Сущность с ID: 2221 обработана на сервере.
[23:59:8] - [Инфо] Отправка данных в Спутник...
[23:59:8] - [Инфо] task status: success, task time status: success
[23:59:8] - [Инфо] SputnikTaskID: 32347
[23:59:9] - [Инфо] 2222
[23:59:9] - [Инфо] [LOG] Заявка не является завершенной (OkDesk ID: 2222) Пропуск...
[23:59:9] - [Инфо] comment id: 162767, task comment status: success
[23:59:9] - [Инфо] Сущность с ID: 2223 обработана на сервере.
[23:59:9] - [Инфо] Отправка данных в Спутник...
[23:59:9] - [Инфо] task status: success, task time status: success
[23:59:9] - [Инфо] SputnikTaskID: 32348
[23:59:10] - [Инфо] comment id: 162768, task comment status: success
[23:59:10] - [Инфо] Сущность с ID: 2224 обработана на сервере.
[23:59:10] - [Инфо] Отправка данных в Спутник...
[23:59:10] - [Инфо] task status: success, task time status: success
[23:59:10] - [Инфо] SputnikTaskID: 32349
[23:59:10] - [Инфо] comment id: 162769, task comment status: success
[23:59:10] - [Инфо] Сущность с ID: 2225 обработана на сервере.
[23:59:11] - [Инфо] Отправка данных в Спутник...
[23:59:11] - [Инфо] task status: success, task time status: success
[23:59:11] - [Инфо] SputnikTaskID: 32350
[23:59:11] - [Инфо] comment id: 162770, task comment status: success
[23:59:11] - [Инфо] comment id: 162771, task comment status: success
[23:59:11] - [Инфо] Сущность с ID: 2226 обработана на сервере.
[23:59:11] - [Инфо] Отправка данных в Спутник...
[23:59:11] - [Инфо] task status: success, task time status: success
[23:59:11] - [Инфо] SputnikTaskID: 32351
[23:59:12] - [Инфо] comment id: 162772, task comment status: success
[23:59:12] - [Инфо] Сущность с ID: 2227 обработана на сервере.
[23:59:12] - [Инфо] Отправка данных в Спутник...
[23:59:12] - [Инфо] task status: success, task time status: success
[23:59:12] - [Инфо] SputnikTaskID: 32352
[23:59:12] - [Инфо] comment id: 162773, task comment status: success
[23:59:12] - [Инфо] Сущность с ID: 2228 обработана на сервере.
[23:59:12] - [Инфо] comment id: 162774, task comment status: success
[23:59:12] - [Инфо] Отправка данных в Спутник...
[23:59:12] - [Инфо] task status: success, task time status: success
[23:59:12] - [Инфо] SputnikTaskID: 32353
[23:59:13] - [Инфо] comment id: 162775, task comment status: success
[23:59:13] - [Инфо] Сущность с ID: 2229 обработана на сервере.
[23:59:13] - [Инфо] Отправка данных в Спутник...
[23:59:13] - [Инфо] task status: success, task time status: success
[23:59:13] - [Инфо] SputnikTaskID: 32354
[23:59:14] - [Инфо] comment id: 162776, task comment status: success
[23:59:14] - [Инфо] comment id: 162777, task comment status: success
[23:59:14] - [Инфо] Сущность с ID: 2230 обработана на сервере.
[23:59:14] - [Инфо] Отправка данных в Спутник...
[23:59:14] - [Инфо] task status: success, task time status: success
[23:59:14] - [Инфо] SputnikTaskID: 32355
[23:59:14] - [Инфо] comment id: 162778, task comment status: success
[23:59:14] - [Инфо] Сущность с ID: 2231 обработана на сервере.
[23:59:14] - [Инфо] comment id: 162779, task comment status: success
[23:59:14] - [Инфо] Отправка данных в Спутник...
[23:59:14] - [Инфо] task status: success, task time status: success
[23:59:14] - [Инфо] SputnikTaskID: 32356
[23:59:15] - [Инфо] comment id: 162780, task comment status: success
[23:59:15] - [Инфо] Сущность с ID: 2232 обработана на сервере.
[23:59:15] - [Инфо] comment id: 162781, task comment status: success
[23:59:15] - [Инфо] comment id: 162782, task comment status: success
[23:59:15] - [Инфо] Отправка данных в Спутник...
[23:59:15] - [Инфо] task status: success, task time status: success
[23:59:15] - [Инфо] SputnikTaskID: 32357
[23:59:15] - [Инфо] comment id: 162783, task comment status: success
[23:59:15] - [Инфо] comment id: 162784, task comment status: success
[23:59:15] - [Инфо] Сущность с ID: 2233 обработана на сервере.
[23:59:15] - [Инфо] comment id: 162785, task comment status: success
[23:59:16] - [Инфо] Отправка данных в Спутник...
[23:59:16] - [Инфо] task status: success, task time status: success
[23:59:16] - [Инфо] SputnikTaskID: 32358
[23:59:16] - [Инфо] comment id: 162786, task comment status: success
[23:59:16] - [Инфо] comment id: 162787, task comment status: success
[23:59:16] - [Инфо] comment id: 162788, task comment status: success
[23:59:16] - [Инфо] Сущность с ID: 2234 обработана на сервере.
[23:59:16] - [Инфо] comment id: 162789, task comment status: success
[23:59:16] - [Инфо] Отправка данных в Спутник...
[23:59:16] - [Инфо] task status: success, task time status: success
[23:59:16] - [Инфо] SputnikTaskID: 32359
[23:59:16] - [Инфо] comment id: 162790, task comment status: success
[23:59:16] - [Инфо] Сущность с ID: 2235 обработана на сервере.
[23:59:16] - [Инфо] Начало автоматической выгрузки данных
[23:59:16] - [Инфо] Developer - Mkrtchyan Martun <mart@kassa26.ru>
[23:59:16] - [Инфо] [OkDesk] Файл: '2097-2097data.json' - уже существует в 'data/okdesk'
[23:59:17] - Записи 2097 не существует, пожалуйста исправьте ошибку[23:59:17] - Записи 2097 не существует, пожалуйста исправьте ошибку[23:59:17] - [Инфо] Отправка данных в Спутник...
[23:59:17] - [Инфо] task status: success, task time status: success
[23:59:17] - [Инфо] SputnikTaskID: 32360
[23:59:17] - [Инфо] comment id: 162791, task comment status: success
[23:59:17] - [Инфо] comment id: 162792, task comment status: success
