[23:59:0] - [Инфо] Начало цикла след. последовательности
[23:59:0] - [Инфо] Developer - Mkrtchyan Martun <mart@kassa26.ru>
[23:59:1] - Заявка уже была ранее выгружена. (OkDesk ID: 1535), пожалуйста исправьте ошибку[23:59:1] - Заявка уже была ранее выгружена. (OkDesk ID: 1536), пожалуйста исправьте ошибку[23:59:2] - Заявка уже была ранее выгружена. (OkDesk ID: 1537), пожалуйста исправьте ошибку[23:59:2] - Заявка уже была ранее выгружена. (OkDesk ID: 1538), пожалуйста исправьте ошибку[23:59:3] - Заявка уже была ранее выгружена. (OkDesk ID: 1539), пожалуйста исправьте ошибку[23:59:3] - Заявка уже была ранее выгружена. (OkDesk ID: 1540), пожалуйста исправьте ошибку[23:59:4] - Заявка уже была ранее выгружена. (OkDesk ID: 1541), пожалуйста исправьте ошибку[23:59:4] - [Инфо] [LOG] Заявка не является завершенной (OkDesk ID: 1542) Пропуск...
[23:59:4] - Заявка уже была ранее выгружена. (OkDesk ID: 1543), пожалуйста исправьте ошибку[23:59:5] - Заявка уже была ранее выгружена. (OkDesk ID: 1544), пожалуйста исправьте ошибку[23:59:6] - Заявка уже была ранее выгружена. (OkDesk ID: 1545), пожалуйста исправьте ошибку[23:59:6] - Заявка уже была ранее выгружена. (OkDesk ID: 1546), пожалуйста исправьте ошибку[23:59:6] - Заявка уже была ранее выгружена. (OkDesk ID: 1547), пожалуйста исправьте ошибку[23:59:7] - [Инфо] [LOG] Заявка не является завершенной (OkDesk ID: 1548) Пропуск...
[23:59:7] - [Инфо] [LOG] Заявка не является завершенной (OkDesk ID: 1549) Пропуск...
[23:59:8] - Заявка уже была ранее выгружена. (OkDesk ID: 1550), пожалуйста исправьте ошибку[23:59:8] - Заявка уже была ранее выгружена. (OkDesk ID: 1551), пожалуйста исправьте ошибку[23:59:8] - Заявка уже была ранее выгружена. (OkDesk ID: 1552), пожалуйста исправьте ошибку[23:59:9] - Заявка уже была ранее выгружена. (OkDesk ID: 1553), пожалуйста исправьте ошибку[23:59:9] - Заявка уже была ранее выгружена. (OkDesk ID: 1554), пожалуйста исправьте ошибку[23:59:10] - [Инфо] [LOG] Заявка не является завершенной (OkDesk ID: 1555) Пропуск...
[23:59:10] - Заявка уже была ранее выгружена. (OkDesk ID: 1556), пожалуйста исправьте ошибку[23:59:10] - Заявка уже была ранее выгружена. (OkDesk ID: 1557), пожалуйста исправьте ошибку[23:59:11] - Заявка уже была ранее выгружена. (OkDesk ID: 1558), пожалуйста исправьте ошибку[23:59:11] - Заявка уже была ранее выгружена. (OkDesk ID: 1559), пожалуйста исправьте ошибку[23:59:11] - Заявка уже была ранее выгружена. (OkDesk ID: 1560), пожалуйста исправьте ошибку[23:59:11] - [Инфо] Начало автоматической выгрузки данных
[23:59:11] - [Инфо] Developer - Mkrtchyan Martun <mart@kassa26.ru>
[23:59:11] - [Инфо] [OkDesk] Файл: '1086-1086data.json' - уже существует в 'data/okdesk'
[23:59:12] - [Инфо] [LOG] Заявка не является завершенной (OkDesk ID: 1086) Пропуск...
[23:59:12] - [Инфо] Developer - Mkrtchyan Martun <mart@kassa26.ru>
[23:59:12] - [Инфо] [OkDesk] Файл: '1178-1178data.json' - уже существует в 'data/okdesk'
[23:59:12] - [Инфо] [LOG] Заявка не является завершенной (OkDesk ID: 1178) Пропуск...
[23:59:12] - [Инфо] Developer - Mkrtchyan Martun <mart@kassa26.ru>
[23:59:12] - [Инфо] [OkDesk] Файл: '1197-1197data.json' - уже существует в 'data/okdesk'
[23:59:12] - [Инфо] [LOG] Заявка не является завершенной (OkDesk ID: 1197) Пропуск...
[23:59:12] - [Инфо] Developer - Mkrtchyan Martun <mart@kassa26.ru>
[23:59:12] - [Инфо] [OkDesk] Файл: '1287-1287data.json' - уже существует в 'data/okdesk'
[23:59:12] - [Инфо] [LOG] Заявка не является завершенной (OkDesk ID: 1287) Пропуск...
[23:59:12] - [Инфо] Developer - Mkrtchyan Martun <mart@kassa26.ru>
[23:59:12] - [Инфо] [OkDesk] Файл: '1344-1344data.json' - уже существует в 'data/okdesk'
[23:59:13] - [Инфо] [LOG] Заявка не является завершенной (OkDesk ID: 1344) Пропуск...
[23:59:13] - [Инфо] Developer - Mkrtchyan Martun <mart@kassa26.ru>
[23:59:13] - [Инфо] [OkDesk] Файл: '1396-1396data.json' - уже существует в 'data/okdesk'
[23:59:13] - [Инфо] [LOG] Заявка не является завершенной (OkDesk ID: 1396) Пропуск...
[23:59:13] - [Инфо] Developer - Mkrtchyan Martun <mart@kassa26.ru>
[23:59:13] - [Инфо] [OkDesk] Файл: '1422-1422data.json' - уже существует в 'data/okdesk'
[23:59:13] - [Инфо] [LOG] Заявка не является завершенной (OkDesk ID: 1422) Пропуск...
[23:59:13] - [Инфо] Developer - Mkrtchyan Martun <mart@kassa26.ru>
[23:59:13] - [Инфо] [OkDesk] Файл: '1477-1477data.json' - уже существует в 'data/okdesk'
[23:59:14] - [Инфо] [LOG] Заявка не является завершенной (OkDesk ID: 1477) Пропуск...
[23:59:14] - [Инфо] Developer - Mkrtchyan Martun <mart@kassa26.ru>
[23:59:14] - [Инфо] [OkDesk] Файл: '1505-1505data.json' - уже существует в 'data/okdesk'
[23:59:14] - [Инфо] [LOG] Заявка не является завершенной (OkDesk ID: 1505) Пропуск...
[23:59:14] - [Инфо] Developer - Mkrtchyan Martun <mart@kassa26.ru>
[23:59:14] - [Инфо] [OkDesk] Файл: '1510-1510data.json' - уже существует в 'data/okdesk'
[23:59:14] - [Инфо] [LOG] Заявка не является завершенной (OkDesk ID: 1510) Пропуск...
[23:59:14] - [Инфо] Developer - Mkrtchyan Martun <mart@kassa26.ru>
[23:59:14] - [Инфо] [OkDesk] Файл: '1542-1542data.json' - уже существует в 'data/okdesk'
[23:59:14] - [Инфо] [LOG] Заявка не является завершенной (OkDesk ID: 1542) Пропуск...
[23:59:14] - [Инфо] Developer - Mkrtchyan Martun <mart@kassa26.ru>
[23:59:14] - [Инфо] [OkDesk] Файл: '1548-1548data.json' - уже существует в 'data/okdesk'
[23:59:15] - [Инфо] [LOG] Заявка не является завершенной (OkDesk ID: 1548) Пропуск...
[23:59:15] - [Инфо] Developer - Mkrtchyan Martun <mart@kassa26.ru>
[23:59:15] - [Инфо] [OkDesk] Файл: '1549-1549data.json' - уже существует в 'data/okdesk'
[23:59:15] - [Инфо] [LOG] Заявка не является завершенной (OkDesk ID: 1549) Пропуск...
[23:59:15] - [Инфо] Developer - Mkrtchyan Martun <mart@kassa26.ru>
[23:59:15] - [Инфо] [OkDesk] Файл: '1555-1555data.json' - уже существует в 'data/okdesk'
[23:59:15] - [Инфо] [LOG] Заявка не является завершенной (OkDesk ID: 1555) Пропуск...
