[23:59:2] - [Инфо] Начало цикла след. последовательности
[23:59:2] - [Инфо] Developer - Mkrtchyan Martun <mart@kassa26.ru>
[23:59:3] - Заявка уже была ранее выгружена. (OkDesk ID: 3172), пожалуйста исправьте ошибку[23:59:3] - [Инфо] Сущность с ID: 3173 обработана на сервере.
[23:59:4] - [Инфо] Отправка данных в Спутник...
[23:59:4] - [Инфо] task status: success, task time status: success
[23:59:4] - [Инфо] SputnikTaskID: 34095
[23:59:4] - [Инфо] Сущность с ID: 3174 обработана на сервере.
[23:59:4] - Записи 3175 не существует, пожалуйста исправьте ошибку[23:59:4] - [Инфо] DEBUG: Записи 3175 не существует
[23:59:4] - [Инфо] Отправка данных в Спутник...
[23:59:4] - [Инфо] task status: success, task time status: success
[23:59:4] - [Инфо] SputnikTaskID: 34096
[23:59:4] - [Инфо] comment id: 171388, task comment status: success
[23:59:4] - [Инфо] comment id: 171389, task comment status: success
[23:59:4] - [Инфо] comment id: 171390, task comment status: success
[23:59:4] - [Инфо] 3176
[23:59:4] - [Инфо] [LOG] Заявка не является завершенной (OkDesk ID: 3176) Пропуск...
[23:59:5] - [Инфо] Сущность с ID: 3177 обработана на сервере.
[23:59:5] - [Инфо] Отправка данных в Спутник...
[23:59:5] - [Инфо] task status: success, task time status: success
[23:59:5] - [Инфо] SputnikTaskID: 34097
[23:59:6] - [Инфо] comment id: 171391, task comment status: success
[23:59:6] - [Инфо] Сущность с ID: 3178 обработана на сервере.
[23:59:6] - [Инфо] Отправка данных в Спутник...
[23:59:6] - [Инфо] task status: success, task time status: success
[23:59:6] - [Инфо] SputnikTaskID: 34098
[23:59:6] - [Инфо] comment id: 171392, task comment status: success
[23:59:6] - [Инфо] Сущность с ID: 3179 обработана на сервере.
[23:59:6] - [Инфо] Отправка данных в Спутник...
[23:59:6] - [Инфо] task status: success, task time status: success
[23:59:6] - [Инфо] SputnikTaskID: 34099
[23:59:7] - [Инфо] comment id: 171393, task comment status: success
[23:59:7] - [Инфо] Сущность с ID: 3180 обработана на сервере.
[23:59:7] - [Инфо] Отправка данных в Спутник...
[23:59:7] - [Инфо] task status: success, task time status: success
[23:59:7] - [Инфо] SputnikTaskID: 34100
[23:59:7] - [Инфо] comment id: 171394, task comment status: success
[23:59:7] - [Инфо] comment id: 171395, task comment status: success
[23:59:7] - [Инфо] Сущность с ID: 3181 обработана на сервере.
[23:59:7] - [Инфо] Отправка данных в Спутник...
[23:59:7] - [Инфо] task status: success, task time status: success
[23:59:7] - [Инфо] SputnikTaskID: 34101
[23:59:8] - [Инфо] comment id: 171396, task comment status: success
[23:59:8] - [Инфо] Сущность с ID: 3182 обработана на сервере.
[23:59:8] - [Инфо] Отправка данных в Спутник...
[23:59:8] - [Инфо] task status: success, task time status: success
[23:59:8] - [Инфо] SputnikTaskID: 34102
[23:59:8] - [Инфо] comment id: 171397, task comment status: success
[23:59:8] - [Инфо] comment id: 171398, task comment status: success
[23:59:8] - [Инфо] Сущность с ID: 3183 обработана на сервере.
[23:59:8] - Записи 3184 не существует, пожалуйста исправьте ошибку[23:59:8] - [Инфо] DEBUG: Записи 3184 не существует
[23:59:8] - [Инфо] Отправка данных в Спутник...
[23:59:8] - [Инфо] task status: success, task time status: success
[23:59:8] - [Инфо] SputnikTaskID: 34103
[23:59:9] - Записи 3185 не существует, пожалуйста исправьте ошибку[23:59:9] - [Инфо] DEBUG: Записи 3185 не существует
[23:59:9] - [Инфо] comment id: 171399, task comment status: success
[23:59:9] - Записи 3186 не существует, пожалуйста исправьте ошибку[23:59:9] - [Инфо] DEBUG: Записи 3186 не существует
[23:59:9] - Записи 3187 не существует, пожалуйста исправьте ошибку[23:59:9] - [Инфо] DEBUG: Записи 3187 не существует
[23:59:9] - Записи 3188 не существует, пожалуйста исправьте ошибку[23:59:9] - [Инфо] DEBUG: Записи 3188 не существует
[23:59:9] - Записи 3189 не существует, пожалуйста исправьте ошибку[23:59:9] - [Инфо] DEBUG: Записи 3189 не существует
[23:59:9] - Записи 3190 не существует, пожалуйста исправьте ошибку[23:59:10] - [Инфо] DEBUG: Записи 3190 не существует
[23:59:10] - Записи 3191 не существует, пожалуйста исправьте ошибку[23:59:10] - [Инфо] DEBUG: Записи 3191 не существует
[23:59:10] - Записи 3192 не существует, пожалуйста исправьте ошибку[23:59:10] - [Инфо] DEBUG: Записи 3192 не существует
[23:59:10] - Записи 3193 не существует, пожалуйста исправьте ошибку[23:59:10] - [Инфо] DEBUG: Записи 3193 не существует
[23:59:10] - Записи 3194 не существует, пожалуйста исправьте ошибку[23:59:10] - [Инфо] DEBUG: Записи 3194 не существует
[23:59:10] - Записи 3195 не существует, пожалуйста исправьте ошибку[23:59:10] - [Инфо] DEBUG: Записи 3195 не существует
[23:59:10] - Записи 3196 не существует, пожалуйста исправьте ошибку[23:59:11] - [Инфо] DEBUG: Записи 3196 не существует
[23:59:11] - Записи 3197 не существует, пожалуйста исправьте ошибку[23:59:11] - [Инфо] DEBUG: Записи 3197 не существует
[23:59:11] - [Инфо] Начало автоматической выгрузки данных
[23:59:11] - [Инфо] Developer - Mkrtchyan Martun <mart@kassa26.ru>
[23:59:11] - [Инфо] [OkDesk] Файл: '2563-2563data.json' - уже существует в 'data/okdesk'
[23:59:11] - [Инфо] [LOG] Заявка не является завершенной (OkDesk ID: 2563) Пропуск...
[23:59:11] - [Инфо] Developer - Mkrtchyan Martun <mart@kassa26.ru>
[23:59:11] - [Инфо] [OkDesk] Файл: '2589-2589data.json' - уже существует в 'data/okdesk'
[23:59:11] - [Инфо] [LOG] Заявка не является завершенной (OkDesk ID: 2589) Пропуск...
[23:59:11] - [Инфо] Developer - Mkrtchyan Martun <mart@kassa26.ru>
[23:59:11] - [Инфо] [OkDesk] Файл: '2625-2625data.json' - уже существует в 'data/okdesk'
[23:59:12] - [Инфо] [LOG] Заявка не является завершенной (OkDesk ID: 2625) Пропуск...
[23:59:12] - [Инфо] Developer - Mkrtchyan Martun <mart@kassa26.ru>
[23:59:12] - [Инфо] [OkDesk] Файл: '2685-2685data.json' - уже существует в 'data/okdesk'
[23:59:12] - [Инфо] [LOG] Заявка не является завершенной (OkDesk ID: 2685) Пропуск...
[23:59:12] - [Инфо] Developer - Mkrtchyan Martun <mart@kassa26.ru>
[23:59:12] - [Инфо] [OkDesk] Файл: '2702-2702data.json' - уже существует в 'data/okdesk'
[23:59:12] - [Инфо] [LOG] Заявка не является завершенной (OkDesk ID: 2702) Пропуск...
[23:59:12] - [Инфо] Developer - Mkrtchyan Martun <mart@kassa26.ru>
[23:59:12] - [Инфо] [OkDesk] Файл: '2821-2821data.json' - уже существует в 'data/okdesk'
[23:59:13] - [Инфо] [LOG] Заявка не является завершенной (OkDesk ID: 2821) Пропуск...
[23:59:13] - [Инфо] Developer - Mkrtchyan Martun <mart@kassa26.ru>
[23:59:13] - [Инфо] [OkDesk] Файл: '2845-2845data.json' - уже существует в 'data/okdesk'
[23:59:13] - [Инфо] [LOG] Заявка не является завершенной (OkDesk ID: 2845) Пропуск...
[23:59:13] - [Инфо] Developer - Mkrtchyan Martun <mart@kassa26.ru>
[23:59:13] - [Инфо] [OkDesk] Файл: '2926-2926data.json' - уже существует в 'data/okdesk'
[23:59:13] - [Инфо] [LOG] Заявка не является завершенной (OkDesk ID: 2926) Пропуск...
[23:59:13] - [Инфо] Developer - Mkrtchyan Martun <mart@kassa26.ru>
[23:59:13] - [Инфо] [OkDesk] Файл: '3022-3022data.json' - уже существует в 'data/okdesk'
[23:59:13] - [Инфо] [LOG] Заявка не является завершенной (OkDesk ID: 3022) Пропуск...
[23:59:13] - [Инфо] Developer - Mkrtchyan Martun <mart@kassa26.ru>
[23:59:13] - [Инфо] [OkDesk] Файл: '3148-3148data.json' - уже существует в 'data/okdesk'
[23:59:14] - [Инфо] [LOG] Заявка не является завершенной (OkDesk ID: 3148) Пропуск...
[23:59:14] - [Инфо] Developer - Mkrtchyan Martun <mart@kassa26.ru>
[23:59:14] - [Инфо] Сущность с ID: 3165 обработана на сервере.
[23:59:14] - [Инфо] Developer - Mkrtchyan Martun <mart@kassa26.ru>
[23:59:15] - [Инфо] Отправка данных в Спутник...
[23:59:15] - [Инфо] task status: success, task time status: success
[23:59:15] - [Инфо] SputnikTaskID: 34104
[23:59:15] - [Инфо] comment id: 171400, task comment status: success
[23:59:15] - [Инфо] Сущность с ID: 3170 обработана на сервере.
[23:59:15] - [Инфо] Developer - Mkrtchyan Martun <mart@kassa26.ru>
[23:59:15] - [Инфо] Отправка данных в Спутник...
[23:59:15] - [Инфо] task status: success, task time status: success
[23:59:15] - [Инфо] SputnikTaskID: 34105
[23:59:15] - [Инфо] comment id: 171401, task comment status: success
[23:59:15] - Заявка уже была ранее выгружена. (OkDesk ID: 3173), пожалуйста исправьте ошибку