[10:13:56] - [Инфо] Developer - Mkrtchyan Martun <mart@kassa26.ru>
[10:13:56] - [Инфо] Начало обмена данными между OkDesk и Спутник.
[10:13:56] - [Инфо] Начало загрузки локальных данных.
[10:13:56] - You are not authorized to view this page, пожалуйста исправьте ошибку, пожалуйста исправьте ошибку.
[10:15:12] - [Инфо] Developer - Mkrtchyan Martun <mart@kassa26.ru>
[10:15:12] - [Инфо] Начало обмена данными между OkDesk и Спутник.
[10:15:12] - [Инфо] Начало загрузки локальных данных.
[10:15:13] - [Инфо] Сущность с ID: 1187 обработана на сервере.
[10:15:14] - [Инфо] Отправка данных в Спутник...
[10:15:14] - [Инфо] task status: success, task time status: success
[10:15:14] - [Инфо] SputnikTaskID: 29202
[10:15:14] - [Инфо] Загрузка локальных данных закончена.
[10:15:14] - [Инфо] Обмен данными между OkDesk и Спутник завершен.
[10:18:32] - [Инфо] Developer - Mkrtchyan Martun <mart@kassa26.ru>
[10:18:32] - [Инфо] Начало обмена данными между OkDesk и Спутник.
[10:18:32] - [Инфо] Начало загрузки локальных данных.
[10:18:33] - [Инфо] [Ошибка] Заявка не является завершненной (OkDesk ID: 1186) Пропуск...
[10:18:33] - [Инфо] Сущность с ID: 1186 обработана на сервере.
[10:18:33] - [Инфо] Отправка данных в Спутник...
[10:18:33] - [Инфо] task status: success, task time status: success
[10:18:33] - [Инфо] SputnikTaskID: 29204
[10:18:34] - [Инфо] comment id: 151265, task comment status: success
[10:18:34] - [Инфо] Загрузка локальных данных закончена.
[10:18:34] - [Инфо] Обмен данными между OkDesk и Спутник завершен.
[10:19:44] - [Инфо] Developer - Mkrtchyan Martun <mart@kassa26.ru>
[10:19:44] - [Инфо] Начало обмена данными между OkDesk и Спутник.
[10:19:44] - [Инфо] Начало загрузки локальных данных.
[10:19:44] - [Инфо] [OkDesk] Файл: '1186-1186data.json' - уже существует в 'data/okdesk'
[10:19:44] - [Инфо] [Ошибка] Заявка не является завершненной (OkDesk ID: 1186) Пропуск...
[10:19:44] - [Инфо] Загрузка локальных данных закончена.
[10:19:44] - [Инфо] Обмен данными между OkDesk и Спутник завершен.
[10:25:15] - [Инфо] Developer - Mkrtchyan Martun <mart@kassa26.ru>
[10:25:15] - [Инфо] Начало обмена данными между OkDesk и Спутник.
[10:25:15] - [Инфо] Начало загрузки локальных данных.
[10:25:15] - [Инфо] [OkDesk] Файл: '1186-1186data.json' - уже существует в 'data/okdesk'
[10:25:16] - [Инфо] [Ошибка] Заявка не является завершненной (OkDesk ID: 1186) Пропуск...
[10:25:16] - [Инфо] Загрузка локальных данных закончена.
[10:25:16] - [Инфо] Обмен данными между OkDesk и Спутник завершен.
[10:26:18] - [Инфо] Developer - Mkrtchyan Martun <mart@kassa26.ru>
[10:26:18] - [Инфо] Начало обмена данными между OkDesk и Спутник.
[10:26:18] - [Инфо] Начало загрузки локальных данных.
[10:26:18] - [Инфо] [OkDesk] Файл: '1186-1186data.json' - уже существует в 'data/okdesk'
[10:26:18] - [Инфо] [Ошибка] Заявка не является завершненной (OkDesk ID: 1186) Пропуск...
[10:26:18] - [Инфо] Загрузка локальных данных закончена.
[10:26:18] - [Инфо] Обмен данными между OkDesk и Спутник завершен.
[10:27:0] - [Инфо] Developer - Mkrtchyan Martun <mart@kassa26.ru>
[10:27:0] - [Инфо] Начало обмена данными между OkDesk и Спутник.
[10:27:0] - [Инфо] Начало загрузки локальных данных.
[10:27:0] - [Инфо] [OkDesk] Файл: '1186-1186data.json' - уже существует в 'data/okdesk'
[10:27:0] - [Инфо] [Ошибка] Заявка не является завершненной (OkDesk ID: 1186) Пропуск...
[10:27:0] - [Инфо] Загрузка локальных данных закончена.
[10:27:0] - [Инфо] Обмен данными между OkDesk и Спутник завершен.
[10:32:52] - [Инфо] Developer - Mkrtchyan Martun <mart@kassa26.ru>
[10:32:52] - [Инфо] Начало обмена данными между OkDesk и Спутник.
[10:32:52] - [Инфо] Начало загрузки локальных данных.
[10:32:52] - [Инфо] [OkDesk] Файл: '1186-1186data.json' - уже существует в 'data/okdesk'
[10:32:53] - [Инфо] [Ошибка] Заявка не является завершненной (OkDesk ID: 1186) Пропуск...
[10:32:53] - [Инфо] Загрузка локальных данных закончена.
[10:32:53] - [Инфо] Обмен данными между OkDesk и Спутник завершен.
[10:34:21] - [Инфо] Developer - Mkrtchyan Martun <mart@kassa26.ru>
[10:34:21] - [Инфо] Начало обмена данными между OkDesk и Спутник.
[10:34:21] - [Инфо] Начало загрузки локальных данных.
[10:34:22] - [Инфо] [Ошибка] Заявка не является завершненной (OkDesk ID: 1177) Пропуск...
[10:34:22] - [Инфо] [Ошибка] Заявка не является завершненной (OkDesk ID: 1178) Пропуск...
[10:34:23] - [Инфо] [Ошибка] Заявка не является завершненной (OkDesk ID: 1179) Пропуск...
[10:34:23] - [Инфо] Загрузка локальных данных закончена.
[10:34:23] - [Инфо] Обмен данными между OkDesk и Спутник завершен.
[10:35:33] - [Инфо] Developer - Mkrtchyan Martun <mart@kassa26.ru>
[10:35:33] - [Инфо] Начало обмена данными между OkDesk и Спутник.
[10:35:33] - [Инфо] Начало загрузки локальных данных.
[10:35:33] - [Инфо] [OkDesk] Файл: '1177-1179data.json' - уже существует в 'data/okdesk'
[10:35:34] - [Инфо] Сущность с ID: 1177 обработана на сервере.
[10:35:34] - [Инфо] Отправка данных в Спутник...
[10:35:34] - [Инфо] task status: success, task time status: success
[10:35:34] - [Инфо] SputnikTaskID: 29207
[10:35:35] - [Инфо] Сущность с ID: 1178 обработана на сервере.
[10:35:35] - [Инфо] Отправка данных в Спутник...
[10:35:35] - [Инфо] task status: success, task time status: success
[10:35:35] - [Инфо] SputnikTaskID: 29208
[10:35:36] - [Инфо] Сущность с ID: 1179 обработана на сервере.
[10:35:36] - [Инфо] Отправка данных в Спутник...
[10:35:36] - [Инфо] task status: success, task time status: success
[10:35:36] - [Инфо] SputnikTaskID: 29209
[10:35:36] - [Инфо] comment id: 151270, task comment status: success
[10:35:36] - [Инфо] Загрузка локальных данных закончена.
[10:35:36] - [Инфо] Обмен данными между OkDesk и Спутник завершен.
[10:37:32] - [Инфо] Developer - Mkrtchyan Martun <mart@kassa26.ru>
[10:37:32] - [Инфо] Начало обмена данными между OkDesk и Спутник.
[10:37:32] - [Инфо] Начало загрузки локальных данных.
[10:37:33] - [Инфо] [OkDesk] Файл: '1177-1179data.json' - уже существует в 'data/okdesk'
[10:37:33] - [Инфо] Сущность с ID: 1177 обработана на сервере.
[10:37:33] - [Инфо] Отправка данных в Спутник...
[10:37:33] - [Инфо] task status: success, task time status: success
[10:37:33] - [Инфо] SputnikTaskID: 29210
[10:37:34] - [Инфо] Сущность с ID: 1178 обработана на сервере.
[10:37:34] - [Инфо] Отправка данных в Спутник...
[10:37:34] - [Инфо] task status: success, task time status: success
[10:37:34] - [Инфо] SputnikTaskID: 29211
[10:37:35] - [Инфо] Сущность с ID: 1179 обработана на сервере.
[10:37:35] - [Инфо] Отправка данных в Спутник...
[10:37:35] - [Инфо] task status: success, task time status: success
[10:37:35] - [Инфо] SputnikTaskID: 29212
[10:37:35] - [Инфо] comment id: 151271, task comment status: success
[10:37:35] - [Инфо] Загрузка локальных данных закончена.
[10:37:35] - [Инфо] Обмен данными между OkDesk и Спутник завершен.
[10:38:57] - [Инфо] Developer - Mkrtchyan Martun <mart@kassa26.ru>
[10:38:57] - [Инфо] Начало обмена данными между OkDesk и Спутник.
[10:38:57] - [Инфо] Начало загрузки локальных данных.
[10:38:57] - [Инфо] [OkDesk] Файл: '1177-1179data.json' - уже существует в 'data/okdesk'
[10:38:58] - [Инфо] [Ошибка] Заявка не является завершненной (OkDesk ID: 1177) Пропуск...
[10:38:58] - [Инфо] [Ошибка] Заявка не является завершненной (OkDesk ID: 1178) Пропуск...
[10:38:59] - [Инфо] Сущность с ID: 1179 обработана на сервере.
[10:38:59] - [Инфо] Отправка данных в Спутник...
[10:38:59] - [Инфо] task status: success, task time status: success
[10:38:59] - [Инфо] SputnikTaskID: 29214
[10:38:59] - [Инфо] comment id: 151273, task comment status: success
[10:38:59] - [Инфо] Загрузка локальных данных закончена.
[10:38:59] - [Инфо] Обмен данными между OkDesk и Спутник завершен.
[10:40:17] - [Инфо] Developer - Mkrtchyan Martun <mart@kassa26.ru>
[10:40:17] - [Инфо] Начало обмена данными между OkDesk и Спутник.
[10:40:17] - [Инфо] Начало загрузки локальных данных.
[10:40:17] - [Инфо] [OkDesk] Файл: '1177-1179data.json' - уже существует в 'data/okdesk'
[10:40:17] - [Инфо] [Ошибка] Заявка не является завершненной (OkDesk ID: 1177) Пропуск...
[10:40:18] - [Инфо] [Ошибка] Заявка не является завершненной (OkDesk ID: 1178) Пропуск...
[10:40:18] - [Инфо] Сущность с ID: 1179 обработана на сервере.
[10:40:19] - [Инфо] Отправка данных в Спутник...
[10:40:19] - [Инфо] task status: success, task time status: success
[10:40:19] - [Инфо] SputnikTaskID: 29215
[10:40:19] - [Инфо] comment id: 151274, task comment status: success
[10:40:19] - [Инфо] Загрузка локальных данных закончена.
[10:40:19] - [Инфо] Обмен данными между OkDesk и Спутник завершен.
[10:41:46] - [Инфо] Developer - Mkrtchyan Martun <mart@kassa26.ru>
[10:41:46] - [Инфо] Начало обмена данными между OkDesk и Спутник.
[10:41:46] - [Инфо] Начало загрузки локальных данных.
[10:41:46] - [Инфо] [OkDesk] Файл: '1177-1179data.json' - уже существует в 'data/okdesk'
[10:41:46] - [Инфо] [Ошибка] Заявка не является завершненной (OkDesk ID: 1177) Пропуск...
[10:41:47] - [Инфо] [Ошибка] Заявка не является завершненной (OkDesk ID: 1178) Пропуск...
[10:41:47] - [Инфо] Сущность с ID: 1179 обработана на сервере.
[10:41:48] - [Инфо] Отправка данных в Спутник...
[10:41:48] - [Инфо] task status: success, task time status: success
[10:41:48] - [Инфо] SputnikTaskID: 29216
[10:41:48] - [Инфо] comment id: 151275, task comment status: success
[10:41:48] - [Инфо] Загрузка локальных данных закончена.
[10:41:48] - [Инфо] Обмен данными между OkDesk и Спутник завершен.
[10:43:0] - [Инфо] Developer - Mkrtchyan Martun <mart@kassa26.ru>
[10:43:0] - [Инфо] Начало обмена данными между OkDesk и Спутник.
[10:43:0] - [Инфо] Начало загрузки локальных данных.
[10:43:1] - [Инфо] [Ошибка] Заявка не является завершненной (OkDesk ID: 1177) Пропуск...
[10:43:1] - [Инфо] [Ошибка] Заявка не является завершненной (OkDesk ID: 1178) Пропуск...
[10:43:1] - [Инфо] Загрузка локальных данных закончена.
[10:43:1] - [Инфо] Обмен данными между OkDesk и Спутник завершен.
[10:43:6] - [Инфо] Developer - Mkrtchyan Martun <mart@kassa26.ru>
[10:43:6] - [Инфо] Начало обмена данными между OkDesk и Спутник.
[10:43:6] - [Инфо] Начало загрузки локальных данных.
[10:43:6] - [Инфо] [OkDesk] Файл: '1177-1179data.json' - уже существует в 'data/okdesk'
[10:43:7] - [Инфо] [Ошибка] Заявка не является завершненной (OkDesk ID: 1177) Пропуск...
[10:43:7] - [Инфо] [Ошибка] Заявка не является завершненной (OkDesk ID: 1178) Пропуск...
[10:43:7] - [Инфо] Сущность с ID: 1179 обработана на сервере.
[10:43:8] - [Инфо] Отправка данных в Спутник...
[10:43:8] - [Инфо] task status: success, task time status: success
[10:43:8] - [Инфо] SputnikTaskID: 29217
[10:43:8] - [Инфо] comment id: 151276, task comment status: success
[10:43:8] - [Инфо] Загрузка локальных данных закончена.
[10:43:8] - [Инфо] Обмен данными между OkDesk и Спутник завершен.
[10:49:37] - [Инфо] Developer - Mkrtchyan Martun <mart@kassa26.ru>
[10:49:37] - [Инфо] Начало обмена данными между OkDesk и Спутник.
[10:49:37] - [Инфо] Начало загрузки локальных данных.
[10:49:37] - [Инфо] [OkDesk] Файл: '1177-1178data.json' - уже существует в 'data/okdesk'
[10:49:38] - [Инфо] [Ошибка] Заявка не является завершненной (OkDesk ID: 1177) Пропуск...
[10:49:38] - [Инфо] [Ошибка] Заявка не является завершненной (OkDesk ID: 1178) Пропуск...
[10:49:38] - [Инфо] Загрузка локальных данных закончена.
[10:49:38] - [Инфо] Обмен данными между OkDesk и Спутник завершен.
[10:50:50] - [Инфо] Developer - Mkrtchyan Martun <mart@kassa26.ru>
[10:50:50] - [Инфо] Начало обмена данными между OkDesk и Спутник.
[10:50:50] - [Инфо] Начало загрузки локальных данных.
[10:50:50] - [Инфо] [OkDesk] Файл: '1177-1178data.json' - уже существует в 'data/okdesk'
[10:50:50] - [Инфо] [Ошибка] Заявка не является завершненной (OkDesk ID: 1177) Пропуск...
[10:50:50] - [Инфо] [Ошибка] Заявка не является завершненной (OkDesk ID: 1178) Пропуск...
[10:50:50] - [Инфо] Загрузка локальных данных закончена.
[10:50:50] - [Инфо] Обмен данными между OkDesk и Спутник завершен.
[10:51:21] - [Инфо] Developer - Mkrtchyan Martun <mart@kassa26.ru>
[10:51:21] - [Инфо] Начало обмена данными между OkDesk и Спутник.
[10:51:21] - [Инфо] Начало загрузки локальных данных.
[10:51:21] - [Инфо] [OkDesk] Файл: '1177-1179data.json' - уже существует в 'data/okdesk'
[10:51:21] - [Инфо] [Ошибка] Заявка не является завершненной (OkDesk ID: 1177) Пропуск...
[10:51:22] - [Инфо] [Ошибка] Заявка не является завершненной (OkDesk ID: 1178) Пропуск...
[10:51:22] - [Инфо] Сущность с ID: 1179 обработана на сервере.
[10:51:22] - [Инфо] Отправка данных в Спутник...
[10:51:22] - [Инфо] task status: success, task time status: success
[10:51:22] - [Инфо] SputnikTaskID: 29218
[10:51:23] - [Инфо] comment id: 151277, task comment status: success
[10:51:23] - [Инфо] Загрузка локальных данных закончена.
[10:51:23] - [Инфо] Обмен данными между OkDesk и Спутник завершен.
[10:52:48] - [Инфо] Developer - Mkrtchyan Martun <mart@kassa26.ru>
[10:52:48] - [Инфо] Начало обмена данными между OkDesk и Спутник.
[10:52:48] - [Инфо] Начало загрузки локальных данных.
[10:52:48] - [Инфо] [OkDesk] Файл: '1177-1179data.json' - уже существует в 'data/okdesk'
[10:52:48] - [Инфо] [Ошибка] Заявка не является завершненной (OkDesk ID: 1177) Пропуск...
[10:52:48] - [Инфо] [Ошибка] Заявка не является завершненной (OkDesk ID: 1178) Пропуск...
[10:52:49] - [Инфо] Сущность с ID: 1179 обработана на сервере.
[10:52:49] - [Инфо] Отправка данных в Спутник...
[10:52:49] - [Инфо] task status: success, task time status: success
[10:52:49] - [Инфо] SputnikTaskID: 29219
[10:52:49] - [Инфо] comment id: 151278, task comment status: success
[10:52:49] - [Инфо] Загрузка локальных данных закончена.
[10:52:49] - [Инфо] Обмен данными между OkDesk и Спутник завершен.
[10:58:49] - [Инфо] Developer - Mkrtchyan Martun <mart@kassa26.ru>
[10:58:49] - [Инфо] Начало обмена данными между OkDesk и Спутник.
[10:58:49] - [Инфо] Начало загрузки локальных данных.
[10:58:49] - [Инфо] [OkDesk] Файл: '1-2data.json' - уже существует в 'data/okdesk'
[10:58:50] - Записи 1 не существует, пожалуйста исправьте ошибку, пожалуйста исправьте ошибку.
[10:58:50] - Записи 1 не существует, пожалуйста исправьте ошибку, пожалуйста исправьте ошибку.
[10:58:56] - [Инфо] Developer - Mkrtchyan Martun <mart@kassa26.ru>
[10:58:56] - [Инфо] Начало обмена данными между OkDesk и Спутник.
[10:58:56] - [Инфо] Начало загрузки локальных данных.
[10:58:56] - [Инфо] [OkDesk] Файл: '1-2data.json' - уже существует в 'data/okdesk'
[10:58:56] - Записи 1 не существует, пожалуйста исправьте ошибку, пожалуйста исправьте ошибку.
[10:58:56] - Записи 1 не существует, пожалуйста исправьте ошибку, пожалуйста исправьте ошибку.
[10:59:6] - [Инфо] Developer - Mkrtchyan Martun <mart@kassa26.ru>
[10:59:6] - [Инфо] Начало обмена данными между OkDesk и Спутник.
[10:59:6] - [Инфо] Начало загрузки локальных данных.
[10:59:6] - Записи 5 не существует, пожалуйста исправьте ошибку, пожалуйста исправьте ошибку.
[10:59:9] - [Инфо] Developer - Mkrtchyan Martun <mart@kassa26.ru>
[10:59:9] - [Инфо] Начало обмена данными между OkDesk и Спутник.
[10:59:9] - [Инфо] Начало загрузки локальных данных.
[10:59:10] - [Инфо] Сущность с ID: 55 обработана на сервере.
[10:59:10] - [Инфо] Отправка данных в Спутник...
[10:59:10] - [Инфо] task status: success, task time status: success
[10:59:10] - [Инфо] SputnikTaskID: 29220
[10:59:10] - [Инфо] comment id: 151279, task comment status: success
[10:59:10] - [Инфо] comment id: 151280, task comment status: success
[10:59:11] - [Инфо] comment id: 151281, task comment status: success
[10:59:11] - [Инфо] Сущность с ID: 56 обработана на сервере.
[10:59:11] - [Инфо] Отправка данных в Спутник...
[10:59:11] - [Инфо] task status: success, task time status: success
[10:59:11] - [Инфо] SputnikTaskID: 29221
[10:59:12] - [Инфо] comment id: 151282, task comment status: success
[10:59:13] - [Инфо] Сущность с ID: 57 обработана на сервере.
[10:59:14] - [Инфо] Отправка данных в Спутник...
[10:59:14] - [Инфо] task status: success, task time status: success
[10:59:14] - [Инфо] SputnikTaskID: 29222
[10:59:14] - [Инфо] comment id: 151283, task comment status: success
[10:59:15] - [Инфо] Сущность с ID: 58 обработана на сервере.
[10:59:15] - [Инфо] Отправка данных в Спутник...
[10:59:15] - [Инфо] task status: success, task time status: success
[10:59:15] - [Инфо] SputnikTaskID: 29223
[10:59:16] - [Инфо] comment id: 151284, task comment status: success
[10:59:16] - [Инфо] comment id: 151285, task comment status: success
[10:59:17] - [Инфо] Сущность с ID: 59 обработана на сервере.
[10:59:17] - [Инфо] Отправка данных в Спутник...
[10:59:17] - [Инфо] task status: success, task time status: success
[10:59:17] - [Инфо] SputnikTaskID: 29224
[10:59:17] - [Инфо] comment id: 151286, task comment status: success
[10:59:17] - [Инфо] comment id: 151287, task comment status: success
[10:59:18] - [Инфо] Сущность с ID: 60 обработана на сервере.
[10:59:18] - [Инфо] Отправка данных в Спутник...
[10:59:18] - [Инфо] task status: success, task time status: success
[10:59:18] - [Инфо] SputnikTaskID: 29225
[10:59:18] - [Инфо] comment id: 151288, task comment status: success
[10:59:18] - Записи 61 не существует, пожалуйста исправьте ошибку, пожалуйста исправьте ошибку.
[11:5:17] - [Инфо] Developer - Mkrtchyan Martun <mart@kassa26.ru>
[11:5:17] - [Инфо] Начало обмена данными между OkDesk и Спутник.
[11:5:17] - [Инфо] Начало загрузки локальных данных.
[11:5:18] - [Инфо] Сущность с ID: 1060 обработана на сервере.
[11:5:18] - [Инфо] Отправка данных в Спутник...
[11:5:18] - [Инфо] task status: success, task time status: success
[11:5:18] - [Инфо] SputnikTaskID: 29226
[11:5:18] - [Инфо] comment id: 151289, task comment status: success
[11:5:19] - [Ошибка] Не найдено ID клиента (OkDesk ID: 1061) Пропуск..., пожалуйста исправьте ошибку, пожалуйста исправьте ошибку.
[11:5:19] - [Инфо] Сущность с ID: 1062 обработана на сервере.
[11:5:20] - [Инфо] Отправка данных в Спутник...
[11:5:20] - [Инфо] task status: success, task time status: success
[11:5:20] - [Инфо] SputnikTaskID: 29227
[11:5:20] - [Инфо] comment id: 151290, task comment status: success
[11:5:20] - [Инфо] Сущность с ID: 1063 обработана на сервере.
[11:5:21] - [Инфо] Отправка данных в Спутник...
[11:5:21] - [Инфо] task status: success, task time status: success
[11:5:21] - [Инфо] SputnikTaskID: 29228
[11:5:21] - [Инфо] comment id: 151291, task comment status: success
[11:5:22] - [Инфо] Сущность с ID: 1064 обработана на сервере.
[11:5:22] - [Инфо] Отправка данных в Спутник...
[11:5:22] - [Инфо] task status: success, task time status: success
[11:5:22] - [Инфо] SputnikTaskID: 29229
[11:5:22] - [Инфо] comment id: 151292, task comment status: success
[11:5:23] - [Инфо] Сущность с ID: 1065 обработана на сервере.
[11:5:23] - [Инфо] Отправка данных в Спутник...
[11:5:23] - [Инфо] task status: success, task time status: success
[11:5:23] - [Инфо] SputnikTaskID: 29230
[11:5:23] - [Инфо] comment id: 151293, task comment status: success
[11:5:25] - [Инфо] Сущность с ID: 1066 обработана на сервере.
[11:5:25] - [Инфо] Отправка данных в Спутник...
[11:5:25] - [Инфо] task status: success, task time status: success
[11:5:25] - [Инфо] SputnikTaskID: 29231
[11:5:26] - [Инфо] comment id: 151294, task comment status: success
[11:5:26] - [Инфо] Сущность с ID: 1067 обработана на сервере.
[11:5:26] - [Инфо] Отправка данных в Спутник...
[11:5:26] - [Инфо] task status: success, task time status: success
[11:5:26] - [Инфо] SputnikTaskID: 29232
[11:5:27] - [Инфо] comment id: 151295, task comment status: success
[11:5:27] - [Инфо] Сущность с ID: 1068 обработана на сервере.
[11:5:27] - [Инфо] Отправка данных в Спутник...
[11:5:27] - [Инфо] task status: success, task time status: success
[11:5:27] - [Инфо] SputnikTaskID: 29233
[11:5:28] - [Инфо] comment id: 151296, task comment status: success
[11:5:28] - [Инфо] comment id: 151297, task comment status: success
[11:5:28] - [Инфо] comment id: 151298, task comment status: success
[11:5:28] - [Инфо] comment id: 151299, task comment status: success
[11:5:29] - [Инфо] Сущность с ID: 1069 обработана на сервере.
[11:5:29] - [Инфо] Отправка данных в Спутник...
[11:5:29] - [Инфо] task status: success, task time status: success
[11:5:29] - [Инфо] SputnikTaskID: 29234
[11:5:29] - [Инфо] comment id: 151300, task comment status: success
[11:5:29] - [Инфо] comment id: 151301, task comment status: success
[11:5:30] - [Инфо] Сущность с ID: 1070 обработана на сервере.
[11:5:30] - [Инфо] Отправка данных в Спутник...
[11:5:30] - [Инфо] task status: success, task time status: success
[11:5:30] - [Инфо] SputnikTaskID: 29235
[11:5:30] - [Инфо] comment id: 151302, task comment status: success
[11:5:30] - [Инфо] comment id: 151303, task comment status: success
[11:5:31] - [Инфо] Сущность с ID: 1071 обработана на сервере.
[11:5:31] - [Инфо] Отправка данных в Спутник...
[11:5:31] - [Инфо] task status: success, task time status: success
[11:5:31] - [Инфо] SputnikTaskID: 29236
[11:5:32] - [Инфо] comment id: 151304, task comment status: success
[11:5:32] - [Инфо] comment id: 151305, task comment status: success
[11:5:32] - [Инфо] Сущность с ID: 1072 обработана на сервере.
[11:5:32] - [Инфо] Отправка данных в Спутник...
[11:5:32] - [Инфо] task status: success, task time status: success
[11:5:32] - [Инфо] SputnikTaskID: 29237
[11:5:33] - [Инфо] comment id: 151306, task comment status: success
[11:5:33] - [Инфо] comment id: 151307, task comment status: success
[11:5:33] - [Инфо] comment id: 151308, task comment status: success
[11:5:33] - [Инфо] comment id: 151309, task comment status: success
[11:5:33] - [Инфо] comment id: 151310, task comment status: success
[11:5:33] - [Инфо] comment id: 151311, task comment status: success
[11:5:34] - [Инфо] Сущность с ID: 1073 обработана на сервере.
[11:5:34] - [Инфо] Отправка данных в Спутник...
[11:5:34] - [Инфо] task status: success, task time status: success
[11:5:34] - [Инфо] SputnikTaskID: 29238
[11:5:35] - [Инфо] comment id: 151312, task comment status: success
[11:5:35] - [Инфо] comment id: 151313, task comment status: success
[11:5:35] - [Инфо] comment id: 151314, task comment status: success
[11:5:35] - [Инфо] comment id: 151315, task comment status: success
[11:5:35] - [Инфо] comment id: 151316, task comment status: success
[11:5:36] - [Инфо] comment id: 151317, task comment status: success
[11:5:36] - [Инфо] Сущность с ID: 1074 обработана на сервере.
[11:5:36] - [Инфо] Отправка данных в Спутник...
[11:5:36] - [Инфо] task status: success, task time status: success
[11:5:36] - [Инфо] SputnikTaskID: 29239
[11:5:37] - [Инфо] comment id: 151318, task comment status: success
[11:5:37] - [Инфо] comment id: 151319, task comment status: success
[11:5:38] - [Инфо] Сущность с ID: 1075 обработана на сервере.
[11:5:38] - [Инфо] Отправка данных в Спутник...
[11:5:38] - [Инфо] task status: success, task time status: success
[11:5:38] - [Инфо] SputnikTaskID: 29240
[11:5:38] - [Инфо] comment id: 151320, task comment status: success
[11:5:39] - [Инфо] Сущность с ID: 1076 обработана на сервере.
[11:5:39] - [Инфо] Отправка данных в Спутник...
[11:5:39] - [Инфо] task status: success, task time status: success
[11:5:39] - [Инфо] SputnikTaskID: 29241
[11:5:39] - [Инфо] comment id: 151321, task comment status: success
[11:5:40] - [Инфо] Сущность с ID: 1077 обработана на сервере.
[11:5:40] - [Инфо] Отправка данных в Спутник...
[11:5:40] - [Инфо] task status: success, task time status: success
[11:5:40] - [Инфо] SputnikTaskID: 29242
[11:5:40] - [Инфо] comment id: 151322, task comment status: success
[11:5:41] - [Инфо] Сущность с ID: 1078 обработана на сервере.
[11:5:42] - [Инфо] Отправка данных в Спутник...
[11:5:42] - [Инфо] task status: success, task time status: success
[11:5:42] - [Инфо] SputnikTaskID: 29243
[11:5:42] - [Инфо] comment id: 151323, task comment status: success
[11:5:42] - [Инфо] comment id: 151324, task comment status: success
[11:5:42] - [Инфо] Сущность с ID: 1079 обработана на сервере.
[11:5:43] - [Инфо] Отправка данных в Спутник...
[11:5:43] - [Инфо] task status: success, task time status: success
[11:5:43] - [Инфо] SputnikTaskID: 29244
[11:5:43] - [Инфо] comment id: 151325, task comment status: success
[11:5:44] - [Инфо] Сущность с ID: 1080 обработана на сервере.
[11:5:44] - [Инфо] Отправка данных в Спутник...
[11:5:44] - [Инфо] task status: success, task time status: success
[11:5:44] - [Инфо] SputnikTaskID: 29245
[11:5:44] - [Инфо] comment id: 151326, task comment status: success
[11:5:45] - [Инфо] Сущность с ID: 1081 обработана на сервере.
[11:5:45] - [Инфо] Отправка данных в Спутник...
[11:5:45] - [Инфо] task status: success, task time status: success
[11:5:45] - [Инфо] SputnikTaskID: 29246
[11:5:45] - [Инфо] comment id: 151327, task comment status: success
[11:5:45] - [Инфо] comment id: 151328, task comment status: success
[11:5:46] - [Инфо] comment id: 151329, task comment status: success
[11:5:47] - [Инфо] Сущность с ID: 1082 обработана на сервере.
[11:5:47] - [Инфо] Отправка данных в Спутник...
[11:5:47] - [Инфо] task status: success, task time status: success
[11:5:47] - [Инфо] SputnikTaskID: 29247
[11:5:47] - [Инфо] comment id: 151330, task comment status: success
[11:5:48] - [Инфо] Сущность с ID: 1083 обработана на сервере.
[11:5:48] - [Инфо] Отправка данных в Спутник...
[11:5:48] - [Инфо] task status: success, task time status: success
[11:5:48] - [Инфо] SputnikTaskID: 29248
[11:5:48] - [Инфо] comment id: 151331, task comment status: success
[11:5:48] - [Инфо] comment id: 151332, task comment status: success
[11:5:49] - [Инфо] comment id: 151333, task comment status: success
[11:5:49] - [Инфо] comment id: 151334, task comment status: success
[11:5:49] - [Инфо] Сущность с ID: 1084 обработана на сервере.
[11:5:50] - [Инфо] Отправка данных в Спутник...
[11:5:50] - [Инфо] task status: success, task time status: success
[11:5:50] - [Инфо] SputnikTaskID: 29249
[11:5:50] - [Инфо] comment id: 151335, task comment status: success
[11:5:50] - [Инфо] comment id: 151336, task comment status: success
[11:5:50] - [Инфо] comment id: 151337, task comment status: success
[11:5:51] - [Инфо] Сущность с ID: 1085 обработана на сервере.
[11:5:51] - [Инфо] Отправка данных в Спутник...
[11:5:51] - [Инфо] task status: success, task time status: success
[11:5:51] - [Инфо] SputnikTaskID: 29250
[11:5:51] - [Инфо] comment id: 151338, task comment status: success
[11:5:51] - [Инфо] comment id: 151339, task comment status: success
[11:5:52] - [Инфо] Сущность с ID: 1086 обработана на сервере.
[11:5:52] - [Инфо] Отправка данных в Спутник...
[11:5:52] - [Инфо] task status: success, task time status: success
[11:5:52] - [Инфо] SputnikTaskID: 29251
[11:5:52] - [Инфо] Загрузка локальных данных закончена.
[11:5:52] - [Инфо] Обмен данными между OkDesk и Спутник завершен.
[11:7:8] - [Инфо] Developer - Mkrtchyan Martun <mart@kassa26.ru>
[11:7:8] - [Инфо] Начало обмена данными между OkDesk и Спутник.
[11:7:8] - [Инфо] Начало загрузки локальных данных.
[11:7:9] - [Инфо] Сущность с ID: 1086 обработана на сервере.
[11:7:9] - [Инфо] Отправка данных в Спутник...
[11:7:9] - [Инфо] task status: success, task time status: success
[11:7:9] - [Инфо] SputnikTaskID: 29252
[11:7:9] - [Инфо] Загрузка локальных данных закончена.
[11:7:9] - [Инфо] Обмен данными между OkDesk и Спутник завершен.
[11:7:13] - [Инфо] Developer - Mkrtchyan Martun <mart@kassa26.ru>
[11:7:13] - [Инфо] Начало обмена данными между OkDesk и Спутник.
[11:7:13] - [Инфо] Начало загрузки локальных данных.
[11:7:13] - [Инфо] [OkDesk] Файл: '1086-1086data.json' - уже существует в 'data/okdesk'
[11:7:13] - [Инфо] Сущность с ID: 1086 обработана на сервере.
[11:7:14] - [Инфо] Отправка данных в Спутник...
[11:7:14] - [Инфо] task status: success, task time status: success
[11:7:14] - [Инфо] SputnikTaskID: 29253
[11:7:14] - [Инфо] Загрузка локальных данных закончена.
[11:7:14] - [Инфо] Обмен данными между OkDesk и Спутник завершен.
[11:7:37] - [Инфо] Developer - Mkrtchyan Martun <mart@kassa26.ru>
[11:7:37] - [Инфо] Начало обмена данными между OkDesk и Спутник.
[11:7:37] - [Инфо] Начало загрузки локальных данных.
[11:7:37] - [Инфо] [OkDesk] Файл: '1086-1086data.json' - уже существует в 'data/okdesk'
[11:7:38] - [Инфо] Сущность с ID: 1086 обработана на сервере.
[11:7:38] - [Инфо] Отправка данных в Спутник...
[11:7:38] - [Инфо] task status: success, task time status: success
[11:7:38] - [Инфо] SputnikTaskID: 29254
[11:7:38] - [Инфо] Загрузка локальных данных закончена.
[11:7:38] - [Инфо] Обмен данными между OkDesk и Спутник завершен.
[11:8:20] - [Инфо] Developer - Mkrtchyan Martun <mart@kassa26.ru>
[11:8:20] - [Инфо] Начало обмена данными между OkDesk и Спутник.
[11:8:20] - [Инфо] Начало загрузки локальных данных.
[11:8:20] - [Инфо] [OkDesk] Файл: '1086-1086data.json' - уже существует в 'data/okdesk'
[11:8:21] - [Инфо] [Ошибка] Заявка не является завершненной (OkDesk ID: 1086) Пропуск...
[11:8:21] - [Инфо] Загрузка локальных данных закончена.
[11:8:21] - [Инфо] Обмен данными между OkDesk и Спутник завершен.
[11:15:44] - [Инфо] Developer - Mkrtchyan Martun <mart@kassa26.ru>
[11:15:44] - [Инфо] Начало обмена данными между OkDesk и Спутник.
[11:15:44] - [Инфо] Начало загрузки локальных данных.
[11:15:44] - [Инфо] [OkDesk] Файл: '1086-1086data.json' - уже существует в 'data/okdesk'
[11:15:44] - [Инфо] [Ошибка] Заявка не является завершненной (OkDesk ID: 1086) Пропуск...
[11:15:44] - [Инфо] Загрузка локальных данных закончена.
[11:15:44] - [Инфо] Обмен данными между OkDesk и Спутник завершен.
[11:15:55] - [Инфо] Developer - Mkrtchyan Martun <mart@kassa26.ru>
[11:15:55] - [Инфо] Начало обмена данными между OkDesk и Спутник.
[11:15:55] - [Инфо] Начало загрузки локальных данных.
[11:15:56] - [Инфо] Сущность с ID: 1085 обработана на сервере.
[11:15:56] - [Инфо] 1085
[11:15:56] - [Инфо] Отправка данных в Спутник...
[11:15:56] - [Инфо] task status: success, task time status: success
[11:15:56] - [Инфо] SputnikTaskID: 29255
[11:15:57] - [Инфо] comment id: 151340, task comment status: success
[11:15:57] - [Инфо] comment id: 151341, task comment status: success
[11:15:58] - [Инфо] [Ошибка] Заявка не является завершненной (OkDesk ID: 1086) Пропуск...
[11:15:58] - [Инфо] Загрузка локальных данных закончена.
[11:15:58] - [Инфо] Обмен данными между OkDesk и Спутник завершен.
[11:18:11] - [Инфо] Developer - Mkrtchyan Martun <mart@kassa26.ru>
[11:18:11] - [Инфо] Начало обмена данными между OkDesk и Спутник.
[11:18:11] - [Инфо] Начало загрузки локальных данных.
[11:18:11] - [Инфо] [OkDesk] Файл: '1085-1086data.json' - уже существует в 'data/okdesk'
[11:18:12] - [Инфо] Сущность с ID: 1085 обработана на сервере.
[11:18:13] - [Инфо] Отправка данных в Спутник...
[11:18:13] - [Инфо] task status: success, task time status: success
[11:18:13] - [Инфо] SputnikTaskID: 29256
[11:18:13] - [Инфо] comment id: 151343, task comment status: success
[11:18:13] - [Инфо] comment id: 151344, task comment status: success
[11:18:13] - [Инфо] [Ошибка] Заявка не является завершненной (OkDesk ID: 1086) Пропуск...
[11:18:13] - [Инфо] Загрузка локальных данных закончена.
[11:18:13] - [Инфо] Обмен данными между OkDesk и Спутник завершен.
[11:25:21] - [Инфо] Developer - Mkrtchyan Martun <mart@kassa26.ru>
[11:25:21] - [Инфо] Начало обмена данными между OkDesk и Спутник.
[11:25:21] - [Инфо] Начало загрузки локальных данных.
[11:25:22] - [Инфо] [Ошибка] Заявка не является завершненной (OkDesk ID: 1086) Пропуск...
[11:25:22] - [Инфо] Сущность с ID: 1087 обработана на сервере.
[11:25:23] - [Инфо] Отправка данных в Спутник...
[11:25:23] - [Инфо] task status: success, task time status: success
[11:25:23] - [Инфо] SputnikTaskID: 29258
[11:25:23] - [Инфо] comment id: 151346, task comment status: success
[11:25:24] - [Инфо] Сущность с ID: 1088 обработана на сервере.
[11:25:24] - [Инфо] Отправка данных в Спутник...
[11:25:24] - [Инфо] task status: success, task time status: success
[11:25:24] - [Инфо] SputnikTaskID: 29259
[11:25:24] - [Инфо] comment id: 151347, task comment status: success
[11:25:25] - [Инфо] Сущность с ID: 1089 обработана на сервере.
[11:25:25] - [Инфо] Отправка данных в Спутник...
[11:25:25] - [Инфо] task status: success, task time status: success
[11:25:25] - [Инфо] SputnikTaskID: 29260
[11:25:25] - [Инфо] comment id: 151348, task comment status: success
[11:25:26] - [Инфо] Сущность с ID: 1090 обработана на сервере.
[11:25:26] - [Инфо] Отправка данных в Спутник...
[11:25:26] - [Инфо] task status: success, task time status: success
[11:25:26] - [Инфо] SputnikTaskID: 29261
[11:25:26] - [Инфо] comment id: 151349, task comment status: success
[11:25:27] - [Инфо] Сущность с ID: 1091 обработана на сервере.
[11:25:27] - [Инфо] Отправка данных в Спутник...
[11:25:27] - [Инфо] task status: success, task time status: success
[11:25:27] - [Инфо] SputnikTaskID: 29262
[11:25:27] - [Инфо] comment id: 151350, task comment status: success
[11:25:27] - [Инфо] comment id: 151351, task comment status: success
[11:25:28] - [Инфо] Сущность с ID: 1092 обработана на сервере.
[11:25:28] - [Инфо] Отправка данных в Спутник...
[11:25:28] - [Инфо] task status: success, task time status: success
[11:25:28] - [Инфо] SputnikTaskID: 29263
[11:25:28] - [Инфо] comment id: 151352, task comment status: success
[11:25:29] - [Инфо] Сущность с ID: 1093 обработана на сервере.
[11:25:29] - [Инфо] Отправка данных в Спутник...
[11:25:29] - [Инфо] task status: success, task time status: success
[11:25:29] - [Инфо] SputnikTaskID: 29264
[11:25:30] - [Инфо] comment id: 151353, task comment status: success
[11:25:30] - [Инфо] Сущность с ID: 1094 обработана на сервере.
[11:25:30] - [Инфо] Отправка данных в Спутник...
[11:25:30] - [Инфо] task status: success, task time status: success
[11:25:30] - [Инфо] SputnikTaskID: 29265
[11:25:31] - [Инфо] comment id: 151354, task comment status: success
[11:25:31] - [Инфо] Сущность с ID: 1095 обработана на сервере.
[11:25:32] - [Инфо] Отправка данных в Спутник...
[11:25:32] - [Инфо] task status: success, task time status: success
[11:25:32] - [Инфо] SputnikTaskID: 29266
[11:25:32] - [Инфо] comment id: 151355, task comment status: success
[11:25:32] - [Инфо] comment id: 151356, task comment status: success
[11:25:33] - [Инфо] Сущность с ID: 1096 обработана на сервере.
[11:25:33] - [Инфо] Отправка данных в Спутник...
[11:25:33] - [Инфо] task status: success, task time status: success
[11:25:33] - [Инфо] SputnikTaskID: 29267
[11:25:33] - [Инфо] comment id: 151357, task comment status: success
[11:25:34] - [Инфо] Сущность с ID: 1097 обработана на сервере.
[11:25:34] - [Инфо] Отправка данных в Спутник...
[11:25:34] - [Инфо] task status: success, task time status: success
[11:25:34] - [Инфо] SputnikTaskID: 29268
[11:25:34] - [Инфо] comment id: 151358, task comment status: success
[11:25:35] - [Инфо] Сущность с ID: 1098 обработана на сервере.
[11:25:35] - [Инфо] Отправка данных в Спутник...
[11:25:35] - [Инфо] task status: success, task time status: success
[11:25:35] - [Инфо] SputnikTaskID: 29269
[11:25:35] - [Инфо] comment id: 151359, task comment status: success
[11:25:36] - [Инфо] Сущность с ID: 1099 обработана на сервере.
[11:25:36] - [Инфо] Отправка данных в Спутник...
[11:25:36] - [Инфо] task status: success, task time status: success
[11:25:36] - [Инфо] SputnikTaskID: 29270
[11:25:36] - [Инфо] comment id: 151360, task comment status: success
[11:25:37] - [Инфо] Сущность с ID: 1100 обработана на сервере.
[11:25:37] - [Инфо] Отправка данных в Спутник...
[11:25:37] - [Инфо] task status: success, task time status: success
[11:25:37] - [Инфо] SputnikTaskID: 29271
[11:25:37] - [Инфо] comment id: 151361, task comment status: success
[11:25:38] - [Инфо] comment id: 151362, task comment status: success
[11:25:38] - [Инфо] comment id: 151363, task comment status: success
[11:25:38] - [Инфо] Сущность с ID: 1101 обработана на сервере.
[11:25:38] - [Инфо] Отправка данных в Спутник...
[11:25:38] - [Инфо] task status: success, task time status: success
[11:25:38] - [Инфо] SputnikTaskID: 29272
[11:25:39] - [Инфо] comment id: 151364, task comment status: success
[11:25:39] - [Инфо] comment id: 151365, task comment status: success
[11:25:39] - [Инфо] comment id: 151366, task comment status: success
[11:25:39] - [Инфо] comment id: 151367, task comment status: success
[11:25:40] - [Инфо] Сущность с ID: 1102 обработана на сервере.
[11:25:40] - [Инфо] Отправка данных в Спутник...
[11:25:40] - [Инфо] task status: success, task time status: success
[11:25:40] - [Инфо] SputnikTaskID: 29273
[11:25:40] - [Инфо] comment id: 151368, task comment status: success
[11:25:41] - [Инфо] Сущность с ID: 1103 обработана на сервере.
[11:25:41] - [Инфо] Отправка данных в Спутник...
[11:25:41] - [Инфо] task status: success, task time status: success
[11:25:41] - [Инфо] SputnikTaskID: 29274
[11:25:41] - [Инфо] comment id: 151369, task comment status: success
[11:25:41] - [Инфо] comment id: 151370, task comment status: success
[11:25:41] - [Инфо] comment id: 151371, task comment status: success
[11:25:42] - [Инфо] comment id: 151372, task comment status: success
[11:25:42] - [Инфо] comment id: 151373, task comment status: success
[11:25:42] - [Инфо] Сущность с ID: 1104 обработана на сервере.
[11:25:43] - [Инфо] Отправка данных в Спутник...
[11:25:43] - [Инфо] task status: success, task time status: success
[11:25:43] - [Инфо] SputnikTaskID: 29275
[11:25:43] - [Инфо] comment id: 151374, task comment status: success
[11:25:43] - [Инфо] Сущность с ID: 1105 обработана на сервере.
[11:25:44] - [Инфо] Отправка данных в Спутник...
[11:25:44] - [Инфо] task status: success, task time status: success
[11:25:44] - [Инфо] SputnikTaskID: 29276
[11:25:44] - [Инфо] comment id: 151375, task comment status: success
[11:25:44] - [Инфо] comment id: 151376, task comment status: success
[11:25:44] - [Инфо] comment id: 151377, task comment status: success
[11:25:45] - [Инфо] Сущность с ID: 1106 обработана на сервере.
[11:25:45] - [Инфо] Отправка данных в Спутник...
[11:25:45] - [Инфо] task status: success, task time status: success
[11:25:45] - [Инфо] SputnikTaskID: 29277
[11:25:45] - [Инфо] comment id: 151378, task comment status: success
[11:25:46] - [Инфо] Сущность с ID: 1107 обработана на сервере.
[11:25:46] - [Инфо] Отправка данных в Спутник...
[11:25:46] - [Инфо] task status: success, task time status: success
[11:25:46] - [Инфо] SputnikTaskID: 29278
[11:25:46] - [Инфо] comment id: 151379, task comment status: success
[11:25:47] - [Инфо] Сущность с ID: 1108 обработана на сервере.
[11:25:47] - [Инфо] Отправка данных в Спутник...
[11:25:47] - [Инфо] task status: success, task time status: success
[11:25:47] - [Инфо] SputnikTaskID: 29279
[11:25:47] - [Инфо] comment id: 151380, task comment status: success
[11:25:47] - [Инфо] comment id: 151381, task comment status: success
[11:25:48] - [Инфо] comment id: 151382, task comment status: success
[11:25:48] - [Инфо] comment id: 151383, task comment status: success
[11:25:48] - [Инфо] Сущность с ID: 1109 обработана на сервере.
[11:25:49] - [Инфо] Отправка данных в Спутник...
[11:25:49] - [Инфо] task status: success, task time status: success
[11:25:49] - [Инфо] SputnikTaskID: 29280
[11:25:49] - [Инфо] comment id: 151384, task comment status: success
[11:25:49] - [Инфо] comment id: 151385, task comment status: success
[11:25:50] - [Инфо] Сущность с ID: 1110 обработана на сервере.
[11:25:50] - [Инфо] Отправка данных в Спутник...
[11:25:50] - [Инфо] task status: success, task time status: success
[11:25:50] - [Инфо] SputnikTaskID: 29281
[11:25:50] - [Инфо] comment id: 151386, task comment status: success
[11:25:50] - [Инфо] comment id: 151387, task comment status: success
[11:25:50] - [Инфо] comment id: 151388, task comment status: success
[11:25:50] - [Инфо] comment id: 151389, task comment status: success
[11:25:51] - [Инфо] Сущность с ID: 1111 обработана на сервере.
[11:25:51] - [Инфо] Отправка данных в Спутник...
[11:25:51] - [Инфо] task status: success, task time status: success
[11:25:51] - [Инфо] SputnikTaskID: 29282
[11:25:52] - [Инфо] comment id: 151390, task comment status: success
[11:25:52] - [Инфо] Сущность с ID: 1112 обработана на сервере.
[11:25:53] - [Инфо] Отправка данных в Спутник...
[11:25:53] - [Инфо] task status: success, task time status: success
[11:25:53] - [Инфо] SputnikTaskID: 29283
[11:25:53] - [Инфо] comment id: 151391, task comment status: success
[11:25:54] - [Инфо] Сущность с ID: 1113 обработана на сервере.
[11:25:54] - [Инфо] Отправка данных в Спутник...
[11:25:54] - [Инфо] task status: success, task time status: success
[11:25:54] - [Инфо] SputnikTaskID: 29284
[11:25:54] - [Инфо] comment id: 151392, task comment status: success
[11:25:55] - [Инфо] Сущность с ID: 1114 обработана на сервере.
[11:25:55] - [Инфо] Отправка данных в Спутник...
[11:25:55] - [Инфо] task status: success, task time status: success
[11:25:55] - [Инфо] SputnikTaskID: 29285
[11:25:55] - [Инфо] comment id: 151393, task comment status: success
[11:25:56] - [Инфо] Сущность с ID: 1115 обработана на сервере.
[11:25:56] - [Инфо] Отправка данных в Спутник...
[11:25:56] - [Инфо] task status: success, task time status: success
[11:25:56] - [Инфо] SputnikTaskID: 29286
[11:25:56] - [Инфо] comment id: 151394, task comment status: success
[11:25:56] - [Инфо] comment id: 151395, task comment status: success
[11:25:57] - [Инфо] Сущность с ID: 1116 обработана на сервере.
[11:25:57] - [Инфо] Отправка данных в Спутник...
[11:25:57] - [Инфо] task status: success, task time status: success
[11:25:57] - [Инфо] SputnikTaskID: 29287
[11:25:57] - [Инфо] comment id: 151396, task comment status: success
[11:25:58] - [Инфо] Сущность с ID: 1117 обработана на сервере.
[11:25:58] - [Инфо] Отправка данных в Спутник...
[11:25:58] - [Инфо] task status: success, task time status: success
[11:25:58] - [Инфо] SputnikTaskID: 29288
[11:25:58] - [Инфо] comment id: 151397, task comment status: success
[11:25:59] - [Инфо] Сущность с ID: 1118 обработана на сервере.
[11:25:59] - [Инфо] Отправка данных в Спутник...
[11:25:59] - [Инфо] task status: success, task time status: success
[11:25:59] - [Инфо] SputnikTaskID: 29289
[11:25:59] - [Инфо] comment id: 151398, task comment status: success
[11:26:0] - [Инфо] comment id: 151399, task comment status: success
[11:26:0] - [Инфо] Сущность с ID: 1119 обработана на сервере.
[11:26:0] - [Инфо] Отправка данных в Спутник...
[11:26:0] - [Инфо] task status: success, task time status: success
[11:26:0] - [Инфо] SputnikTaskID: 29290
[11:26:1] - [Инфо] comment id: 151400, task comment status: success
[11:26:1] - [Инфо] Сущность с ID: 1120 обработана на сервере.
[11:26:1] - [Инфо] Отправка данных в Спутник...
[11:26:1] - [Инфо] task status: success, task time status: success
[11:26:1] - [Инфо] SputnikTaskID: 29291
[11:26:2] - [Инфо] comment id: 151401, task comment status: success
[11:26:2] - [Инфо] Сущность с ID: 1121 обработана на сервере.
[11:26:2] - [Инфо] Отправка данных в Спутник...
[11:26:2] - [Инфо] task status: success, task time status: success
[11:26:2] - [Инфо] SputnikTaskID: 29292
[11:26:3] - [Инфо] comment id: 151402, task comment status: success
[11:26:3] - [Инфо] comment id: 151403, task comment status: success
[11:26:3] - [Инфо] Сущность с ID: 1122 обработана на сервере.
[11:26:4] - [Инфо] Отправка данных в Спутник...
[11:26:4] - [Инфо] task status: success, task time status: success
[11:26:4] - [Инфо] SputnikTaskID: 29293
[11:26:4] - [Инфо] comment id: 151404, task comment status: success
[11:26:4] - [Инфо] Сущность с ID: 1123 обработана на сервере.
[11:26:5] - [Инфо] Отправка данных в Спутник...
[11:26:5] - [Инфо] task status: success, task time status: success
[11:26:5] - [Инфо] SputnikTaskID: 29294
[11:26:5] - [Инфо] comment id: 151405, task comment status: success
[11:26:5] - [Инфо] Сущность с ID: 1124 обработана на сервере.
[11:26:6] - [Инфо] Отправка данных в Спутник...
[11:26:6] - [Инфо] task status: success, task time status: success
[11:26:6] - [Инфо] SputnikTaskID: 29295
[11:26:6] - [Инфо] comment id: 151406, task comment status: success
[11:26:6] - [Инфо] comment id: 151407, task comment status: success
[11:26:7] - [Инфо] Сущность с ID: 1125 обработана на сервере.
[11:26:7] - [Инфо] Отправка данных в Спутник...
[11:26:7] - [Инфо] task status: success, task time status: success
[11:26:7] - [Инфо] SputnikTaskID: 29296
[11:26:7] - [Инфо] comment id: 151408, task comment status: success
[11:26:8] - [Инфо] Сущность с ID: 1126 обработана на сервере.
[11:26:8] - [Инфо] Отправка данных в Спутник...
[11:26:8] - [Инфо] task status: success, task time status: success
[11:26:8] - [Инфо] SputnikTaskID: 29297
[11:26:9] - [Инфо] comment id: 151409, task comment status: success
[11:26:10] - [Инфо] Developer - Mkrtchyan Martun <mart@kassa26.ru>
[11:26:10] - [Инфо] Начало обмена данными между OkDesk и Спутник.
[11:26:10] - [Инфо] Начало загрузки локальных данных.
[11:26:10] - [Инфо] [OkDesk] Файл: '1086-10000data.json' - уже существует в 'data/okdesk'
[11:26:10] - [Инфо] [Ошибка] Заявка не является завершненной (OkDesk ID: 1086) Пропуск...
[11:26:10] - [Инфо] Сущность с ID: 1087 обработана на сервере.
[11:26:11] - [Инфо] Отправка данных в Спутник...
[11:26:11] - [Инфо] task status: success, task time status: success
[11:26:11] - [Инфо] SputnikTaskID: 29298
[11:26:11] - [Инфо] comment id: 151410, task comment status: success
[11:26:12] - [Инфо] Сущность с ID: 1088 обработана на сервере.
[11:26:12] - [Инфо] Отправка данных в Спутник...
[11:26:12] - [Инфо] task status: success, task time status: success
[11:26:12] - [Инфо] SputnikTaskID: 29299
[11:26:12] - [Инфо] comment id: 151411, task comment status: success
[11:26:13] - [Инфо] Сущность с ID: 1089 обработана на сервере.
[11:26:13] - [Инфо] Отправка данных в Спутник...
[11:26:13] - [Инфо] task status: success, task time status: success
[11:26:13] - [Инфо] SputnikTaskID: 29300
[11:26:13] - [Инфо] comment id: 151412, task comment status: success
[11:26:14] - [Инфо] Сущность с ID: 1090 обработана на сервере.
[11:26:14] - [Инфо] Отправка данных в Спутник...
[11:26:14] - [Инфо] task status: success, task time status: success
[11:26:14] - [Инфо] SputnikTaskID: 29301
[11:26:14] - [Инфо] comment id: 151413, task comment status: success
[11:26:14] - [Инфо] Сущность с ID: 1091 обработана на сервере.
[11:26:15] - [Инфо] Отправка данных в Спутник...
[11:26:15] - [Инфо] task status: success, task time status: success
[11:26:15] - [Инфо] SputnikTaskID: 29302
[11:26:15] - [Инфо] comment id: 151414, task comment status: success
[11:26:15] - [Инфо] comment id: 151415, task comment status: success
[11:26:15] - [Инфо] Сущность с ID: 1092 обработана на сервере.
[11:26:16] - [Инфо] Отправка данных в Спутник...
[11:26:16] - [Инфо] task status: success, task time status: success
[11:26:16] - [Инфо] SputnikTaskID: 29303
[11:26:16] - [Инфо] comment id: 151416, task comment status: success
[11:26:16] - [Инфо] Сущность с ID: 1093 обработана на сервере.
[11:26:17] - [Инфо] Отправка данных в Спутник...
[11:26:17] - [Инфо] task status: success, task time status: success
[11:26:17] - [Инфо] SputnikTaskID: 29304
[11:26:17] - [Инфо] comment id: 151417, task comment status: success
[11:26:17] - [Инфо] Сущность с ID: 1094 обработана на сервере.
[11:26:17] - [Инфо] Отправка данных в Спутник...
[11:26:17] - [Инфо] task status: success, task time status: success
[11:26:17] - [Инфо] SputnikTaskID: 29305
[11:26:18] - [Инфо] comment id: 151418, task comment status: success
[11:26:18] - [Инфо] Сущность с ID: 1095 обработана на сервере.
[11:26:18] - [Инфо] Отправка данных в Спутник...
[11:26:18] - [Инфо] task status: success, task time status: success
[11:26:18] - [Инфо] SputnikTaskID: 29306
[11:26:19] - [Инфо] comment id: 151419, task comment status: success
[11:26:19] - [Инфо] comment id: 151420, task comment status: success
[11:26:19] - [Инфо] Сущность с ID: 1096 обработана на сервере.
[11:26:19] - [Инфо] Отправка данных в Спутник...
[11:26:19] - [Инфо] task status: success, task time status: success
[11:26:19] - [Инфо] SputnikTaskID: 29307
[11:26:20] - [Инфо] comment id: 151421, task comment status: success
[11:26:20] - [Инфо] Сущность с ID: 1097 обработана на сервере.
[12:3:28] - [Инфо] Developer - Mkrtchyan Martun <mart@kassa26.ru>
[12:3:28] - [Инфо] Начало обмена данными между OkDesk и Спутник.
[12:3:28] - [Инфо] Начало загрузки локальных данных.
[12:3:28] - [Инфо] [OkDesk] Файл: '1177-1178data.json' - уже существует в 'data/okdesk'
[12:3:29] - [Инфо] [Ошибка] Заявка не является завершненной (OkDesk ID: 1177) Пропуск...
[12:3:30] - [Инфо] [Ошибка] Заявка не является завершненной (OkDesk ID: 1178) Пропуск...
[12:3:30] - [Инфо] Загрузка локальных данных закончена.
[12:3:30] - [Инфо] Обмен данными между OkDesk и Спутник завершен.
[12:4:17] - [Инфо] Developer - Mkrtchyan Martun <mart@kassa26.ru>
[12:4:17] - [Инфо] Начало обмена данными между OkDesk и Спутник.
[12:4:17] - [Инфо] Начало загрузки локальных данных.
[12:4:17] - [Инфо] [OkDesk] Файл: '1177-1178data.json' - уже существует в 'data/okdesk'
[12:4:18] - [Инфо] [Ошибка] Заявка не является завершненной (OkDesk ID: 1177) Пропуск...
[12:4:18] - [Инфо] [Ошибка] Заявка не является завершненной (OkDesk ID: 1178) Пропуск...
[12:4:18] - [Инфо] Загрузка локальных данных закончена.
[12:4:18] - [Инфо] Обмен данными между OkDesk и Спутник завершен.
[12:8:0] - [Инфо] Developer - Mkrtchyan Martun <mart@kassa26.ru>
[12:8:0] - [Инфо] Начало обмена данными между OkDesk и Спутник.
[12:8:0] - [Инфо] Начало загрузки локальных данных.
[12:8:0] - [Инфо] [Ошибка] Заявка не является завершненной (OkDesk ID: 1193) Пропуск...
[12:8:0] - [Инфо] Загрузка локальных данных закончена.
[12:8:0] - [Инфо] Обмен данными между OkDesk и Спутник завершен.
[12:8:19] - [Инфо] Developer - Mkrtchyan Martun <mart@kassa26.ru>
[12:8:19] - [Инфо] Начало обмена данными между OkDesk и Спутник.
[12:8:19] - [Инфо] Начало загрузки локальных данных.
[12:8:19] - [Инфо] [OkDesk] Файл: '1193-1193data.json' - уже существует в 'data/okdesk'
[12:8:20] - [Инфо] Сущность с ID: 1193 обработана на сервере.
[12:8:20] - [Инфо] Отправка данных в Спутник...
[12:8:20] - [Инфо] task status: success, task time status: success
[12:8:20] - [Инфо] SputnikTaskID: 29309
[12:8:21] - [Инфо] comment id: 151427, task comment status: success
[12:8:21] - [Инфо] comment id: 151428, task comment status: success
[12:8:21] - [Инфо] Загрузка локальных данных закончена.
[12:8:21] - [Инфо] Обмен данными между OkDesk и Спутник завершен.
[12:12:55] - [Инфо] Developer - Mkrtchyan Martun <mart@kassa26.ru>
[12:12:55] - [Инфо] Начало обмена данными между OkDesk и Спутник.
[12:12:55] - [Инфо] Начало загрузки локальных данных.
[12:12:55] - [Инфо] [OkDesk] Файл: '1193-1193data.json' - уже существует в 'data/okdesk'
[12:12:56] - [Инфо] Сущность с ID: 1193 обработана на сервере.
[12:12:56] - [Инфо] Отправка данных в Спутник...
[12:12:56] - [Инфо] task status: success, task time status: success
[12:12:56] - [Инфо] SputnikTaskID: 29310
[12:12:57] - [Инфо] comment id: 151429, task comment status: success
[12:12:57] - [Инфо] comment id: 151430, task comment status: success
[12:12:57] - [Инфо] Сущность с ID: 1193 обработана на сервере.
[12:12:58] - [Инфо] Отправка данных в Спутник...
[12:12:58] - [Инфо] task status: success, task time status: success
[12:12:58] - [Инфо] SputnikTaskID: 29311
[12:12:58] - [Инфо] comment id: 151431, task comment status: success
[12:12:58] - [Инфо] comment id: 151432, task comment status: success
[12:13:56] - [Инфо] Developer - Mkrtchyan Martun <mart@kassa26.ru>
[12:13:56] - [Инфо] Начало обмена данными между OkDesk и Спутник.
[12:13:56] - [Инфо] Начало загрузки локальных данных.
[12:13:56] - [Инфо] [OkDesk] Файл: '1193-1193data.json' - уже существует в 'data/okdesk'
[12:13:56] - [Инфо] [Ошибка] Заявка не является завершненной (OkDesk ID: 1193) Пропуск...
[12:13:56] - [Инфо] Загрузка локальных данных закончена.
[12:13:56] - [Инфо] Обмен данными между OkDesk и Спутник завершен.
[12:14:19] - [Инфо] Developer - Mkrtchyan Martun <mart@kassa26.ru>
[12:14:19] - [Инфо] Начало обмена данными между OkDesk и Спутник.
[12:14:19] - [Инфо] Начало загрузки локальных данных.
[12:14:19] - [Инфо] [OkDesk] Файл: '1193-1193data.json' - уже существует в 'data/okdesk'
[12:14:20] - [Инфо] Сущность с ID: 1193 обработана на сервере.
[12:14:20] - [Инфо] Отправка данных в Спутник...
[12:14:20] - [Инфо] task status: success, task time status: success
[12:14:20] - [Инфо] SputnikTaskID: 29312
[12:14:21] - [Инфо] comment id: 151434, task comment status: success
[12:14:21] - [Инфо] comment id: 151435, task comment status: success
[12:14:21] - [Инфо] comment id: 151436, task comment status: success
[12:14:21] - [Инфо] comment id: 151437, task comment status: success
[12:14:21] - [Инфо] Загрузка локальных данных закончена.
[12:14:21] - [Инфо] Обмен данными между OkDesk и Спутник завершен.
[12:18:32] - [Инфо] Developer - Mkrtchyan Martun <mart@kassa26.ru>
[12:18:32] - [Инфо] Начало обмена данными между OkDesk и Спутник.
[12:18:32] - [Инфо] Начало загрузки локальных данных.
[12:18:32] - [Инфо] [OkDesk] Файл: '1193-1193data.json' - уже существует в 'data/okdesk'
[12:18:32] - [Инфо] [Ошибка] Заявка не является завершненной (OkDesk ID: 1193) Пропуск...
[12:18:32] - [Инфо] Загрузка локальных данных закончена.
[12:18:32] - [Инфо] Обмен данными между OkDesk и Спутник завершен.
[12:18:47] - [Инфо] Developer - Mkrtchyan Martun <mart@kassa26.ru>
[12:18:47] - [Инфо] Начало обмена данными между OkDesk и Спутник.
[12:18:47] - [Инфо] Начало загрузки локальных данных.
[12:18:47] - [Инфо] [OkDesk] Файл: '1193-1193data.json' - уже существует в 'data/okdesk'
[12:18:47] - [Инфо] Сущность с ID: 1193 обработана на сервере.
[12:18:48] - [Инфо] Отправка данных в Спутник...
[12:18:48] - [Инфо] task status: success, task time status: success
[12:18:48] - [Инфо] SputnikTaskID: 29313
[12:18:48] - [Инфо] comment id: 151438, task comment status: success
[12:18:48] - [Инфо] comment id: 151439, task comment status: success
[12:18:48] - [Инфо] comment id: 151440, task comment status: success
[12:18:48] - [Инфо] comment id: 151441, task comment status: success
[12:18:48] - [Инфо] comment id: 151442, task comment status: success
[12:18:49] - [Инфо] comment id: 151443, task comment status: success
[12:18:49] - [Инфо] Загрузка локальных данных закончена.
[12:18:49] - [Инфо] Обмен данными между OkDesk и Спутник завершен.
[12:21:51] - [Инфо] Developer - Mkrtchyan Martun <mart@kassa26.ru>
[12:21:51] - [Инфо] Начало обмена данными между OkDesk и Спутник.
[12:21:51] - [Инфо] Начало загрузки локальных данных.
[12:21:52] - [Инфо] [Ошибка] Заявка не является завершненной (OkDesk ID: 1178) Пропуск...
[12:21:52] - [Инфо] Загрузка локальных данных закончена.
[12:21:52] - [Инфо] Обмен данными между OkDesk и Спутник завершен.
[12:22:7] - [Инфо] Developer - Mkrtchyan Martun <mart@kassa26.ru>
[12:22:7] - [Инфо] Начало обмена данными между OkDesk и Спутник.
[12:22:7] - [Инфо] Начало загрузки локальных данных.
[12:22:7] - [Инфо] [OkDesk] Файл: '1177-1178data.json' - уже существует в 'data/okdesk'
[12:22:8] - [Инфо] [Ошибка] Заявка не является завершненной (OkDesk ID: 1177) Пропуск...
[12:22:8] - [Инфо] [Ошибка] Заявка не является завершненной (OkDesk ID: 1178) Пропуск...
[12:22:8] - [Инфо] Загрузка локальных данных закончена.
[12:22:8] - [Инфо] Обмен данными между OkDesk и Спутник завершен.
[12:24:53] - [Инфо] Developer - Mkrtchyan Martun <mart@kassa26.ru>
[12:24:53] - [Инфо] Начало обмена данными между OkDesk и Спутник.
[12:24:53] - [Инфо] Начало загрузки локальных данных.
[12:24:53] - [Инфо] [OkDesk] Файл: '1177-1178data.json' - уже существует в 'data/okdesk'
[12:24:53] - [Инфо] [Ошибка] Заявка не является завершненной (OkDesk ID: 1177) Пропуск...
[12:24:54] - [Инфо] [Ошибка] Заявка не является завершненной (OkDesk ID: 1178) Пропуск...
[12:24:54] - [Инфо] Загрузка локальных данных закончена.
[12:24:54] - [Инфо] Обмен данными между OkDesk и Спутник завершен.
[12:25:30] - [Инфо] Developer - Mkrtchyan Martun <mart@kassa26.ru>
[12:25:30] - [Инфо] Начало обмена данными между OkDesk и Спутник.
[12:25:30] - [Инфо] Начало загрузки локальных данных.
[12:25:30] - [Инфо] [OkDesk] Файл: '1177-1178data.json' - уже существует в 'data/okdesk'
[12:25:30] - [Инфо] [Ошибка] Заявка не является завершненной (OkDesk ID: 1177) Пропуск...
[12:25:31] - [Инфо] [Ошибка] Заявка не является завершненной (OkDesk ID: 1178) Пропуск...
[12:25:31] - [Инфо] Загрузка локальных данных закончена.
[12:25:31] - [Инфо] Обмен данными между OkDesk и Спутник завершен.
[12:25:50] - [Инфо] Developer - Mkrtchyan Martun <mart@kassa26.ru>
[12:25:50] - [Инфо] Начало обмена данными между OkDesk и Спутник.
[12:25:50] - [Инфо] Начало загрузки локальных данных.
[12:25:51] - [Инфо] [Ошибка] Заявка не является завершненной (OkDesk ID: 1177) Пропуск...
[12:25:51] - [Инфо] Загрузка локальных данных закончена.
[12:25:51] - [Инфо] Обмен данными между OkDesk и Спутник завершен.
[12:29:38] - [Инфо] Developer - Mkrtchyan Martun <mart@kassa26.ru>
[12:29:38] - [Инфо] Начало обмена данными между OkDesk и Спутник.
[12:29:38] - [Инфо] Начало загрузки локальных данных.
[12:29:38] - [Инфо] [OkDesk] Файл: '1177-1177data.json' - уже существует в 'data/okdesk'
[12:29:38] - [Инфо] [Ошибка] Заявка не является завершненной (OkDesk ID: 1177) Пропуск...
[12:29:38] - [Инфо] Загрузка локальных данных закончена.
[12:29:38] - [Инфо] Обмен данными между OkDesk и Спутник завершен.
[12:29:39] - [Инфо] Developer - Mkrtchyan Martun <mart@kassa26.ru>
[12:29:39] - [Инфо] Начало обмена данными между OkDesk и Спутник.
[12:29:39] - [Инфо] Начало загрузки локальных данных.
[12:29:39] - [Инфо] [OkDesk] Файл: '1177-1177data.json' - уже существует в 'data/okdesk'
[12:29:39] - [Инфо] [Ошибка] Заявка не является завершненной (OkDesk ID: 1177) Пропуск...
[12:29:39] - [Инфо] Загрузка локальных данных закончена.
[12:29:39] - [Инфо] Обмен данными между OkDesk и Спутник завершен.
[12:29:41] - [Инфо] Developer - Mkrtchyan Martun <mart@kassa26.ru>
[12:29:41] - [Инфо] Начало обмена данными между OkDesk и Спутник.
[12:29:41] - [Инфо] Начало загрузки локальных данных.
[12:29:41] - [Инфо] [OkDesk] Файл: '1177-1177data.json' - уже существует в 'data/okdesk'
[12:29:41] - [Инфо] [Ошибка] Заявка не является завершненной (OkDesk ID: 1177) Пропуск...
[12:29:41] - [Инфо] Загрузка локальных данных закончена.
[12:29:41] - [Инфо] Обмен данными между OkDesk и Спутник завершен.
[12:29:42] - [Инфо] Developer - Mkrtchyan Martun <mart@kassa26.ru>
[12:29:42] - [Инфо] Начало обмена данными между OkDesk и Спутник.
[12:29:42] - [Инфо] Начало загрузки локальных данных.
[12:29:42] - [Инфо] [OkDesk] Файл: '1177-1177data.json' - уже существует в 'data/okdesk'
[12:29:42] - [Инфо] [Ошибка] Заявка не является завершненной (OkDesk ID: 1177) Пропуск...
[12:29:42] - [Инфо] Загрузка локальных данных закончена.
[12:29:42] - [Инфо] Обмен данными между OkDesk и Спутник завершен.
[12:29:43] - [Инфо] Developer - Mkrtchyan Martun <mart@kassa26.ru>
[12:29:43] - [Инфо] Начало обмена данными между OkDesk и Спутник.
[12:29:43] - [Инфо] Начало загрузки локальных данных.
[12:29:43] - [Инфо] [OkDesk] Файл: '1177-1177data.json' - уже существует в 'data/okdesk'
[12:29:43] - [Инфо] [Ошибка] Заявка не является завершненной (OkDesk ID: 1177) Пропуск...
[12:29:43] - [Инфо] Загрузка локальных данных закончена.
[12:29:43] - [Инфо] Обмен данными между OkDesk и Спутник завершен.
[12:29:43] - [Инфо] Developer - Mkrtchyan Martun <mart@kassa26.ru>
[12:29:43] - [Инфо] Начало обмена данными между OkDesk и Спутник.
[12:29:43] - [Инфо] Начало загрузки локальных данных.
[12:29:43] - [Инфо] [OkDesk] Файл: '1177-1177data.json' - уже существует в 'data/okdesk'
[12:29:44] - [Инфо] [Ошибка] Заявка не является завершненной (OkDesk ID: 1177) Пропуск...
[12:29:44] - [Инфо] Загрузка локальных данных закончена.
[12:29:44] - [Инфо] Обмен данными между OkDesk и Спутник завершен.
[12:29:44] - [Инфо] Developer - Mkrtchyan Martun <mart@kassa26.ru>
[12:29:44] - [Инфо] Начало обмена данными между OkDesk и Спутник.
[12:29:44] - [Инфо] Начало загрузки локальных данных.
[12:29:44] - [Инфо] [OkDesk] Файл: '1177-1177data.json' - уже существует в 'data/okdesk'
[12:29:44] - [Инфо] [Ошибка] Заявка не является завершненной (OkDesk ID: 1177) Пропуск...
[12:29:44] - [Инфо] Загрузка локальных данных закончена.
[12:29:44] - [Инфо] Обмен данными между OkDesk и Спутник завершен.
[12:30:2] - [Инфо] Developer - Mkrtchyan Martun <mart@kassa26.ru>
[12:30:2] - [Инфо] Начало обмена данными между OkDesk и Спутник.
[12:30:2] - [Инфо] Начало загрузки локальных данных.
[12:30:2] - [Инфо] [OkDesk] Файл: '1177-1177data.json' - уже существует в 'data/okdesk'
[12:30:3] - [Инфо] [Ошибка] Заявка не является завершненной (OkDesk ID: 1177) Пропуск...
[12:30:3] - [Инфо] Загрузка локальных данных закончена.
[12:30:3] - [Инфо] Обмен данными между OkDesk и Спутник завершен.
[12:30:4] - [Инфо] Developer - Mkrtchyan Martun <mart@kassa26.ru>
[12:30:4] - [Инфо] Начало обмена данными между OkDesk и Спутник.
[12:30:4] - [Инфо] Начало загрузки локальных данных.
[12:30:4] - [Инфо] [OkDesk] Файл: '1177-1177data.json' - уже существует в 'data/okdesk'
[12:30:5] - [Инфо] [Ошибка] Заявка не является завершненной (OkDesk ID: 1177) Пропуск...
[12:30:5] - [Инфо] Загрузка локальных данных закончена.
[12:30:5] - [Инфо] Обмен данными между OkDesk и Спутник завершен.
[12:30:5] - [Инфо] Developer - Mkrtchyan Martun <mart@kassa26.ru>
[12:30:5] - [Инфо] Начало обмена данными между OkDesk и Спутник.
[12:30:5] - [Инфо] Начало загрузки локальных данных.
[12:30:5] - [Инфо] [OkDesk] Файл: '1177-1177data.json' - уже существует в 'data/okdesk'
[12:30:6] - [Инфо] [Ошибка] Заявка не является завершненной (OkDesk ID: 1177) Пропуск...
[12:30:6] - [Инфо] Загрузка локальных данных закончена.
[12:30:6] - [Инфо] Обмен данными между OkDesk и Спутник завершен.
[12:30:6] - [Инфо] Developer - Mkrtchyan Martun <mart@kassa26.ru>
[12:30:6] - [Инфо] Начало обмена данными между OkDesk и Спутник.
[12:30:6] - [Инфо] Начало загрузки локальных данных.
[12:30:6] - [Инфо] [OkDesk] Файл: '1177-1177data.json' - уже существует в 'data/okdesk'
[12:30:7] - [Инфо] [Ошибка] Заявка не является завершненной (OkDesk ID: 1177) Пропуск...
[12:30:7] - [Инфо] Загрузка локальных данных закончена.
[12:30:7] - [Инфо] Обмен данными между OkDesk и Спутник завершен.
[12:30:7] - [Инфо] Developer - Mkrtchyan Martun <mart@kassa26.ru>
[12:30:7] - [Инфо] Начало обмена данными между OkDesk и Спутник.
[12:30:7] - [Инфо] Начало загрузки локальных данных.
[12:30:7] - [Инфо] [OkDesk] Файл: '1177-1177data.json' - уже существует в 'data/okdesk'
[12:30:7] - [Инфо] [Ошибка] Заявка не является завершненной (OkDesk ID: 1177) Пропуск...
[12:30:7] - [Инфо] Загрузка локальных данных закончена.
[12:30:7] - [Инфо] Обмен данными между OkDesk и Спутник завершен.
[12:32:22] - [Инфо] Developer - Mkrtchyan Martun <mart@kassa26.ru>
[12:32:22] - [Инфо] Начало обмена данными между OkDesk и Спутник.
[12:32:22] - [Инфо] Начало загрузки локальных данных.
[12:32:22] - [Инфо] [OkDesk] Файл: '1177-1178data.json' - уже существует в 'data/okdesk'
[12:32:22] - [Инфо] [Ошибка] Заявка не является завершненной (OkDesk ID: 1177) Пропуск...
[12:32:23] - [Инфо] [Ошибка] Заявка не является завершненной (OkDesk ID: 1178) Пропуск...
[12:32:23] - [Инфо] Загрузка локальных данных закончена.
[12:32:23] - [Инфо] Обмен данными между OkDesk и Спутник завершен.
[12:32:25] - [Инфо] Developer - Mkrtchyan Martun <mart@kassa26.ru>
[12:32:25] - [Инфо] Начало обмена данными между OkDesk и Спутник.
[12:32:25] - [Инфо] Начало загрузки локальных данных.
[12:32:25] - [Инфо] [OkDesk] Файл: '1177-1178data.json' - уже существует в 'data/okdesk'
[12:32:25] - [Инфо] [Ошибка] Заявка не является завершненной (OkDesk ID: 1177) Пропуск...
[12:32:26] - [Инфо] [Ошибка] Заявка не является завершненной (OkDesk ID: 1178) Пропуск...
[12:32:26] - [Инфо] Загрузка локальных данных закончена.
[12:32:26] - [Инфо] Обмен данными между OkDesk и Спутник завершен.
[12:45:21] - [Инфо] Developer - Mkrtchyan Martun <mart@kassa26.ru>
[12:45:21] - [Инфо] Начало обмена данными между OkDesk и Спутник.
[12:45:21] - [Инфо] Начало загрузки локальных данных.
[12:45:21] - [Инфо] [OkDesk] Файл: '1177-1178data.json' - уже существует в 'data/okdesk'
[12:45:21] - [Инфо] [Ошибка] Заявка не является завершненной (OkDesk ID: 1177) Пропуск...
[12:45:22] - [Инфо] [Ошибка] Заявка не является завершненной (OkDesk ID: 1178) Пропуск...
[12:45:22] - [Инфо] Загрузка локальных данных закончена.
[12:45:22] - [Инфо] Обмен данными между OkDesk и Спутник завершен.
[12:45:24] - [Инфо] Developer - Mkrtchyan Martun <mart@kassa26.ru>
[12:45:24] - [Инфо] Начало обмена данными между OkDesk и Спутник.
[12:45:24] - [Инфо] Начало загрузки локальных данных.
[12:45:24] - [Инфо] [OkDesk] Файл: '1177-1178data.json' - уже существует в 'data/okdesk'
[12:45:24] - [Инфо] [Ошибка] Заявка не является завершненной (OkDesk ID: 1177) Пропуск...
[12:45:25] - [Инфо] [Ошибка] Заявка не является завершненной (OkDesk ID: 1178) Пропуск...
[12:45:25] - [Инфо] Загрузка локальных данных закончена.
[12:45:25] - [Инфо] Обмен данными между OkDesk и Спутник завершен.
[12:45:29] - [Инфо] Developer - Mkrtchyan Martun <mart@kassa26.ru>
[12:45:29] - [Инфо] Начало обмена данными между OkDesk и Спутник.
[12:45:29] - [Инфо] Начало загрузки локальных данных.
[12:45:29] - [Инфо] [OkDesk] Файл: '1177-1177data.json' - уже существует в 'data/okdesk'
[12:45:30] - [Инфо] [Ошибка] Заявка не является завершненной (OkDesk ID: 1177) Пропуск...
[12:45:30] - [Инфо] Загрузка локальных данных закончена.
[12:45:30] - [Инфо] Обмен данными между OkDesk и Спутник завершен.
[12:45:31] - [Инфо] Developer - Mkrtchyan Martun <mart@kassa26.ru>
[12:45:31] - [Инфо] Начало обмена данными между OkDesk и Спутник.
[12:45:31] - [Инфо] Начало загрузки локальных данных.
[12:45:31] - [Инфо] [OkDesk] Файл: '1177-1177data.json' - уже существует в 'data/okdesk'
[12:45:31] - [Инфо] [Ошибка] Заявка не является завершненной (OkDesk ID: 1177) Пропуск...
[12:45:31] - [Инфо] Загрузка локальных данных закончена.
[12:45:31] - [Инфо] Обмен данными между OkDesk и Спутник завершен.
[12:45:35] - [Инфо] Developer - Mkrtchyan Martun <mart@kassa26.ru>
[12:45:35] - [Инфо] Начало обмена данными между OkDesk и Спутник.
[12:45:35] - [Инфо] Начало загрузки локальных данных.
[12:45:35] - [Инфо] [OkDesk] Файл: '1177-1178data.json' - уже существует в 'data/okdesk'
[12:45:35] - [Инфо] [Ошибка] Заявка не является завершненной (OkDesk ID: 1177) Пропуск...
[12:45:36] - [Инфо] [Ошибка] Заявка не является завершненной (OkDesk ID: 1178) Пропуск...
[12:45:36] - [Инфо] Загрузка локальных данных закончена.
[12:45:36] - [Инфо] Обмен данными между OkDesk и Спутник завершен.
[12:51:4] - [Инфо] Developer - Mkrtchyan Martun <mart@kassa26.ru>
[12:51:4] - [Инфо] Начало обмена данными между OkDesk и Спутник.
[12:51:4] - [Инфо] Начало загрузки локальных данных.
[12:51:4] - [Инфо] [OkDesk] Файл: '1177-1178data.json' - уже существует в 'data/okdesk'
[12:51:4] - [Инфо] [Ошибка] Заявка не является завершненной (OkDesk ID: 1177) Пропуск...
[12:51:5] - [Инфо] [Ошибка] Заявка не является завершненной (OkDesk ID: 1178) Пропуск...
[12:51:5] - [Инфо] Загрузка локальных данных закончена.
[12:51:5] - [Инфо] Обмен данными между OkDesk и Спутник завершен.
[12:51:8] - [Инфо] Developer - Mkrtchyan Martun <mart@kassa26.ru>
[12:51:8] - [Инфо] Начало обмена данными между OkDesk и Спутник.
[12:51:8] - [Инфо] Начало загрузки локальных данных.
[12:51:8] - [Инфо] [OkDesk] Файл: '1177-1179data.json' - уже существует в 'data/okdesk'
[12:51:8] - [Инфо] [Ошибка] Заявка не является завершненной (OkDesk ID: 1177) Пропуск...
[12:51:9] - [Инфо] [Ошибка] Заявка не является завершненной (OkDesk ID: 1178) Пропуск...
[12:51:9] - [Инфо] Сущность с ID: 1179 обработана на сервере.
[12:51:9] - [Инфо] Отправка данных в Спутник...
[12:51:9] - [Инфо] task status: success, task time status: success
[12:51:9] - [Инфо] SputnikTaskID: 29314
[12:51:10] - [Инфо] comment id: 151444, task comment status: success
[12:51:10] - [Инфо] Загрузка локальных данных закончена.
[12:51:10] - [Инфо] Обмен данными между OkDesk и Спутник завершен.
[12:51:29] - [Инфо] Developer - Mkrtchyan Martun <mart@kassa26.ru>
[12:51:29] - [Инфо] Начало обмена данными между OkDesk и Спутник.
[12:51:29] - [Инфо] Начало загрузки локальных данных.
[12:51:29] - [Инфо] [OkDesk] Файл: '1177-1179data.json' - уже существует в 'data/okdesk'
[12:51:30] - [Инфо] [Ошибка] Заявка не является завершненной (OkDesk ID: 1177) Пропуск...
[12:51:30] - [Инфо] [Ошибка] Заявка не является завершненной (OkDesk ID: 1178) Пропуск...
[12:51:31] - [Инфо] Сущность с ID: 1179 обработана на сервере.
[12:51:31] - [Инфо] Отправка данных в Спутник...
[12:51:31] - [Инфо] task status: success, task time status: success
[12:51:31] - [Инфо] SputnikTaskID: 29315
[12:51:31] - [Инфо] comment id: 151445, task comment status: success
[12:51:31] - [Инфо] Загрузка локальных данных закончена.
[12:51:31] - [Инфо] Обмен данными между OkDesk и Спутник завершен.
[12:52:45] - [Инфо] Developer - Mkrtchyan Martun <mart@kassa26.ru>
[12:52:45] - [Инфо] Начало обмена данными между OkDesk и Спутник.
[12:52:45] - [Инфо] Начало загрузки локальных данных.
[12:52:45] - [Инфо] [OkDesk] Файл: '1177-1179data.json' - уже существует в 'data/okdesk'
[12:52:45] - [Инфо] [Ошибка] Заявка уже была ранее выгружена. (OkDesk ID: 1177) Пропуск...
[12:52:46] - [Инфо] [Ошибка] Заявка уже была ранее выгружена. (OkDesk ID: 1178) Пропуск...
[12:52:46] - [Инфо] [Ошибка] Заявка уже была ранее выгружена. (OkDesk ID: 1179) Пропуск...
[12:52:46] - [Инфо] Загрузка локальных данных закончена.
[12:52:46] - [Инфо] Обмен данными между OkDesk и Спутник завершен.
[12:53:29] - [Инфо] Developer - Mkrtchyan Martun <mart@kassa26.ru>
[12:53:29] - [Инфо] Начало обмена данными между OkDesk и Спутник.
[12:53:29] - [Инфо] Начало загрузки локальных данных.
[12:53:29] - [Инфо] [OkDesk] Файл: '1177-1179data.json' - уже существует в 'data/okdesk'
[12:53:29] - [Инфо] [Ошибка] Заявка уже была ранее выгружена. (OkDesk ID: 1177) Пропуск...
[12:53:30] - [Инфо] [Ошибка] Заявка уже была ранее выгружена. (OkDesk ID: 1178) Пропуск...
[12:53:30] - [Инфо] [Ошибка] Заявка уже была ранее выгружена. (OkDesk ID: 1179) Пропуск...
[12:53:30] - [Инфо] Загрузка локальных данных закончена.
[12:53:30] - [Инфо] Обмен данными между OkDesk и Спутник завершен.
[12:53:55] - [Инфо] Developer - Mkrtchyan Martun <mart@kassa26.ru>
[12:53:55] - [Инфо] Начало обмена данными между OkDesk и Спутник.
[12:53:55] - [Инфо] Начало загрузки локальных данных.
[12:53:55] - [Инфо] [OkDesk] Файл: '1177-1179data.json' - уже существует в 'data/okdesk'
[12:53:56] - [Инфо] [Ошибка] Заявка не является завершненной (OkDesk ID: 1177) Пропуск...
[12:53:56] - [Инфо] [Ошибка] Заявка не является завершненной (OkDesk ID: 1178) Пропуск...
[12:53:57] - [Инфо] Сущность с ID: 1179 обработана на сервере.
[12:53:57] - [Инфо] Отправка данных в Спутник...
[12:53:57] - [Инфо] task status: success, task time status: success
[12:53:57] - [Инфо] SputnikTaskID: 29316
[12:53:57] - [Инфо] comment id: 151446, task comment status: success
[12:53:57] - [Инфо] Загрузка локальных данных закончена.
[12:53:57] - [Инфо] Обмен данными между OkDesk и Спутник завершен.
[12:54:53] - [Инфо] Developer - Mkrtchyan Martun <mart@kassa26.ru>
[12:54:53] - [Инфо] Начало обмена данными между OkDesk и Спутник.
[12:54:53] - [Инфо] Начало загрузки локальных данных.
[12:54:53] - [Инфо] [OkDesk] Файл: '1177-1179data.json' - уже существует в 'data/okdesk'
[12:54:53] - [Инфо] [Ошибка] Заявка не является завершненной (OkDesk ID: 1177) Пропуск...
[12:54:53] - [Инфо] [Ошибка] Заявка не является завершненной (OkDesk ID: 1178) Пропуск...
[12:54:53] - [Инфо] [Ошибка] Заявка уже была ранее выгружена. (OkDesk ID: 1179) Пропуск...
[12:54:54] - [Инфо] Загрузка локальных данных закончена.
[12:54:54] - [Инфо] Обмен данными между OkDesk и Спутник завершен.
[12:55:22] - [Инфо] Developer - Mkrtchyan Martun <mart@kassa26.ru>
[12:55:22] - [Инфо] Начало обмена данными между OkDesk и Спутник.
[12:55:22] - [Инфо] Начало загрузки локальных данных.
[12:55:23] - [Инфо] [Ошибка] Заявка не является завершненной (OkDesk ID: 1177) Пропуск...
[12:55:23] - [Инфо] [Ошибка] Заявка не является завершненной (OkDesk ID: 1178) Пропуск...
[12:55:24] - [Инфо] [Ошибка] Заявка уже была ранее выгружена. (OkDesk ID: 1179) Пропуск...
[12:55:24] - [Инфо] Сущность с ID: 1180 обработана на сервере.
[12:55:25] - [Инфо] Отправка данных в Спутник...
[12:55:25] - [Инфо] task status: success, task time status: success
[12:55:25] - [Инфо] SputnikTaskID: 29317
[12:55:25] - [Инфо] comment id: 151447, task comment status: success
[12:55:25] - [Инфо] Загрузка локальных данных закончена.
[12:55:25] - [Инфо] Обмен данными между OkDesk и Спутник завершен.
[12:55:28] - [Инфо] Developer - Mkrtchyan Martun <mart@kassa26.ru>
[12:55:28] - [Инфо] Начало обмена данными между OkDesk и Спутник.
[12:55:28] - [Инфо] Начало загрузки локальных данных.
[12:55:28] - [Инфо] [OkDesk] Файл: '1177-1180data.json' - уже существует в 'data/okdesk'
[12:55:28] - [Инфо] [Ошибка] Заявка не является завершненной (OkDesk ID: 1177) Пропуск...
[12:55:28] - [Инфо] [Ошибка] Заявка не является завершненной (OkDesk ID: 1178) Пропуск...
[12:55:29] - [Инфо] [Ошибка] Заявка уже была ранее выгружена. (OkDesk ID: 1179) Пропуск...
[12:55:29] - [Инфо] [Ошибка] Заявка уже была ранее выгружена. (OkDesk ID: 1180) Пропуск...
[12:55:29] - [Инфо] Загрузка локальных данных закончена.
[12:55:29] - [Инфо] Обмен данными между OkDesk и Спутник завершен.
[12:56:58] - [Инфо] Developer - Mkrtchyan Martun <mart@kassa26.ru>
[12:56:58] - [Инфо] Начало обмена данными между OkDesk и Спутник.
[12:56:58] - [Инфо] Начало загрузки локальных данных.
[12:56:58] - [Инфо] [OkDesk] Файл: '1177-1180data.json' - уже существует в 'data/okdesk'
[12:56:59] - [Инфо] [Ошибка] Заявка не является завершненной (OkDesk ID: 1177) Пропуск...
[12:56:59] - [Инфо] [Ошибка] Заявка не является завершненной (OkDesk ID: 1178) Пропуск...
[12:57:0] - [Инфо] Сущность с ID: 1179 обработана на сервере.
[12:57:0] - [Инфо] Отправка данных в Спутник...
[12:57:0] - [Инфо] task status: success, task time status: success
[12:57:0] - [Инфо] SputnikTaskID: 29318
[12:57:0] - [Инфо] Сущность с ID: 1180 обработана на сервере.
[12:57:0] - [Инфо] Загрузка локальных данных закончена.
[12:57:0] - [Инфо] Обмен данными между OkDesk и Спутник завершен.
[12:57:1] - [Инфо] Отправка данных в Спутник...
[12:57:1] - [Инфо] task status: success, task time status: success
[12:57:1] - [Инфо] SputnikTaskID: 29319
[12:57:1] - [Инфо] comment id: 151448, task comment status: success
[12:57:1] - [Инфо] comment id: 151449, task comment status: success
