[23:59:1] - [Инфо] Начало цикла след. последовательности
[23:59:1] - [Инфо] Developer - Mkrtchyan Martun <mart@kassa26.ru>
[23:59:1] - Заявка уже была ранее выгружена. (OkDesk ID: 2235), пожалуйста исправьте ошибку[23:59:2] - [Инфо] Сущность с ID: 2236 обработана на сервере.
[23:59:2] - [Инфо] Отправка данных в Спутник...
[23:59:2] - [Инфо] task status: success, task time status: success
[23:59:2] - [Инфо] SputnikTaskID: 32371
[23:59:3] - [Инфо] Сущность с ID: 2237 обработана на сервере.
[23:59:3] - [Инфо] Отправка данных в Спутник...
[23:59:3] - [Инфо] task status: success, task time status: success
[23:59:3] - [Инфо] SputnikTaskID: 32372
[23:59:3] - [Инфо] comment id: 162819, task comment status: success
[23:59:3] - [Инфо] comment id: 162820, task comment status: success
[23:59:3] - [Инфо] Сущность с ID: 2238 обработана на сервере.
[23:59:4] - [Инфо] Отправка данных в Спутник...
[23:59:4] - [Инфо] task status: success, task time status: success
[23:59:4] - [Инфо] SputnikTaskID: 32373
[23:59:4] - [Инфо] comment id: 162821, task comment status: success
[23:59:4] - [Инфо] Сущность с ID: 2239 обработана на сервере.
[23:59:4] - [Инфо] Отправка данных в Спутник...
[23:59:4] - [Инфо] task status: success, task time status: success
[23:59:4] - [Инфо] SputnikTaskID: 32374
[23:59:4] - [Инфо] comment id: 162822, task comment status: success
[23:59:4] - [Инфо] Сущность с ID: 2240 обработана на сервере.
[23:59:5] - [Инфо] Отправка данных в Спутник...
[23:59:5] - [Инфо] task status: success, task time status: success
[23:59:5] - [Инфо] SputnikTaskID: 32375
[23:59:5] - [Инфо] comment id: 162823, task comment status: success
[23:59:5] - [Инфо] Сущность с ID: 2241 обработана на сервере.
[23:59:5] - [Инфо] Отправка данных в Спутник...
[23:59:5] - [Инфо] task status: success, task time status: success
[23:59:5] - [Инфо] SputnikTaskID: 32376
[23:59:5] - [Инфо] comment id: 162824, task comment status: success
[23:59:6] - [Инфо] Сущность с ID: 2242 обработана на сервере.
[23:59:6] - [Инфо] comment id: 162825, task comment status: success
[23:59:6] - [Инфо] comment id: 162826, task comment status: success
[23:59:6] - [Инфо] Отправка данных в Спутник...
[23:59:6] - [Инфо] task status: success, task time status: success
[23:59:6] - [Инфо] SputnikTaskID: 32377
[23:59:6] - [Инфо] comment id: 162827, task comment status: success
[23:59:6] - [Инфо] Сущность с ID: 2243 обработана на сервере.
[23:59:6] - [Инфо] comment id: 162828, task comment status: success
[23:59:6] - [Инфо] Отправка данных в Спутник...
[23:59:6] - [Инфо] task status: success, task time status: success
[23:59:6] - [Инфо] SputnikTaskID: 32378
[23:59:7] - [Инфо] comment id: 162829, task comment status: success
[23:59:7] - [Инфо] Сущность с ID: 2244 обработана на сервере.
[23:59:7] - [Инфо] Отправка данных в Спутник...
[23:59:7] - [Инфо] task status: success, task time status: success
[23:59:7] - [Инфо] SputnikTaskID: 32379
[23:59:7] - [Инфо] comment id: 162830, task comment status: success
[23:59:7] - [Инфо] Сущность с ID: 2245 обработана на сервере.
[23:59:7] - [Инфо] Отправка данных в Спутник...
[23:59:7] - [Инфо] task status: success, task time status: success
[23:59:7] - [Инфо] SputnikTaskID: 32380
[23:59:8] - [Инфо] comment id: 162831, task comment status: success
[23:59:8] - [Инфо] Сущность с ID: 2246 обработана на сервере.
[23:59:8] - [Инфо] Отправка данных в Спутник...
[23:59:8] - [Инфо] task status: success, task time status: success
[23:59:8] - [Инфо] SputnikTaskID: 32381
[23:59:8] - [Инфо] comment id: 162832, task comment status: success
[23:59:8] - [Инфо] Сущность с ID: 2247 обработана на сервере.
[23:59:8] - [Инфо] Отправка данных в Спутник...
[23:59:8] - [Инфо] task status: success, task time status: success
[23:59:8] - [Инфо] SputnikTaskID: 32382
[23:59:9] - [Инфо] comment id: 162833, task comment status: success
[23:59:9] - [Инфо] Сущность с ID: 2248 обработана на сервере.
[23:59:9] - [Инфо] Отправка данных в Спутник...
[23:59:9] - [Инфо] task status: success, task time status: success
[23:59:9] - [Инфо] SputnikTaskID: 32383
[23:59:9] - [Инфо] Сущность с ID: 2249 обработана на сервере.
[23:59:9] - [Инфо] comment id: 162834, task comment status: success
[23:59:10] - [Инфо] comment id: 162835, task comment status: success
[23:59:10] - [Инфо] Отправка данных в Спутник...
[23:59:10] - [Инфо] task status: success, task time status: success
[23:59:10] - [Инфо] SputnikTaskID: 32384
[23:59:10] - [Инфо] comment id: 162836, task comment status: success
[23:59:10] - [Инфо] comment id: 162837, task comment status: success
[23:59:10] - [Инфо] comment id: 162838, task comment status: success
[23:59:10] - [Инфо] Сущность с ID: 2250 обработана на сервере.
[23:59:10] - [Инфо] comment id: 162839, task comment status: success
[23:59:10] - [Инфо] Отправка данных в Спутник...
[23:59:10] - [Инфо] task status: success, task time status: success
[23:59:10] - [Инфо] SputnikTaskID: 32385
[23:59:10] - [Инфо] comment id: 162840, task comment status: success
[23:59:11] - [Инфо] comment id: 162841, task comment status: success
[23:59:11] - [Инфо] Сущность с ID: 2251 обработана на сервере.
[23:59:11] - [Инфо] Отправка данных в Спутник...
[23:59:11] - [Инфо] task status: success, task time status: success
[23:59:11] - [Инфо] SputnikTaskID: 32386
[23:59:11] - [Инфо] comment id: 162842, task comment status: success
[23:59:11] - [Инфо] Сущность с ID: 2252 обработана на сервере.
[23:59:11] - [Инфо] comment id: 162843, task comment status: success
[23:59:11] - [Инфо] Отправка данных в Спутник...
[23:59:11] - [Инфо] task status: success, task time status: success
[23:59:11] - [Инфо] SputnikTaskID: 32387
[23:59:12] - [Инфо] 2253
[23:59:12] - [Инфо] [LOG] Заявка не является завершенной (OkDesk ID: 2253) Пропуск...
[23:59:12] - [Инфо] comment id: 162844, task comment status: success
[23:59:12] - [Инфо] Сущность с ID: 2254 обработана на сервере.
[23:59:12] - [Инфо] Отправка данных в Спутник...
[23:59:12] - [Инфо] task status: success, task time status: success
[23:59:12] - [Инфо] SputnikTaskID: 32388
[23:59:13] - [Инфо] 2255
[23:59:13] - [Инфо] [LOG] Заявка не является завершенной (OkDesk ID: 2255) Пропуск...
[23:59:13] - Записи 2256 не существует, пожалуйста исправьте ошибку[23:59:13] - [Инфо] Начало автоматической выгрузки данных
[23:59:13] - [Инфо] Developer - Mkrtchyan Martun <mart@kassa26.ru>
[23:59:13] - [Инфо] [OkDesk] Файл: '2097-2097data.json' - уже существует в 'data/okdesk'
[23:59:13] - [Инфо] comment id: 162845, task comment status: success
[23:59:13] - Записи 2097 не существует, пожалуйста исправьте ошибку[23:59:13] - Записи 2097 не существует, пожалуйста исправьте ошибку