[23:59:0] - [Инфо] Начало цикла след. последовательности
[23:59:0] - [Инфо] Developer - Mkrtchyan Martun <mart@kassa26.ru>
[23:59:1] - Заявка уже была ранее выгружена. (OkDesk ID: 2617), пожалуйста исправьте ошибку[23:59:2] - [Инфо] Сущность с ID: 2618 обработана на сервере.
[23:59:2] - [Инфо] Отправка данных в Спутник...
[23:59:2] - [Инфо] task status: success, task time status: success
[23:59:2] - [Инфо] SputnikTaskID: 33017
[23:59:2] - [Инфо] Сущность с ID: 2619 обработана на сервере.
[23:59:2] - [Инфо] Отправка данных в Спутник...
[23:59:2] - [Инфо] task status: success, task time status: success
[23:59:2] - [Инфо] SputnikTaskID: 33018
[23:59:3] - [Инфо] comment id: 166168, task comment status: success
[23:59:3] - [Инфо] comment id: 166169, task comment status: success
[23:59:3] - [Инфо] comment id: 166170, task comment status: success
[23:59:3] - [Инфо] Сущность с ID: 2620 обработана на сервере.
[23:59:3] - [Инфо] Отправка данных в Спутник...
[23:59:3] - [Инфо] task status: success, task time status: success
[23:59:3] - [Инфо] SputnikTaskID: 33019
[23:59:3] - [Инфо] comment id: 166171, task comment status: success
[23:59:3] - [Инфо] Сущность с ID: 2621 обработана на сервере.
[23:59:4] - [Инфо] comment id: 166172, task comment status: success
[23:59:4] - [Инфо] Отправка данных в Спутник...
[23:59:4] - [Инфо] task status: success, task time status: success
[23:59:4] - [Инфо] SputnikTaskID: 33020
[23:59:4] - [Инфо] comment id: 166173, task comment status: success
[23:59:4] - [Инфо] comment id: 166174, task comment status: success
[23:59:4] - [Инфо] Сущность с ID: 2622 обработана на сервере.
[23:59:4] - [Инфо] comment id: 166175, task comment status: success
[23:59:4] - [Инфо] Отправка данных в Спутник...
[23:59:4] - [Инфо] task status: success, task time status: success
[23:59:4] - [Инфо] SputnikTaskID: 33021
[23:59:5] - [Инфо] comment id: 166176, task comment status: success
[23:59:5] - [Инфо] comment id: 166177, task comment status: success
[23:59:5] - [Инфо] Сущность с ID: 2623 обработана на сервере.
[23:59:5] - [Инфо] Отправка данных в Спутник...
[23:59:5] - [Инфо] task status: success, task time status: success
[23:59:5] - [Инфо] SputnikTaskID: 33022
[23:59:5] - [Инфо] comment id: 166178, task comment status: success
[23:59:5] - [Инфо] Сущность с ID: 2624 обработана на сервере.
[23:59:5] - [Инфо] comment id: 166179, task comment status: success
[23:59:5] - [Инфо] comment id: 166180, task comment status: success
[23:59:5] - [Инфо] Отправка данных в Спутник...
[23:59:5] - [Инфо] task status: success, task time status: success
[23:59:5] - [Инфо] SputnikTaskID: 33023
[23:59:6] - [Инфо] comment id: 166181, task comment status: success
[23:59:6] - [Инфо] 2625
[23:59:6] - [Инфо] [LOG] Заявка не является завершенной (OkDesk ID: 2625) Пропуск...
[23:59:6] - [Инфо] comment id: 166182, task comment status: success
[23:59:6] - Записи 2626 не существует, пожалуйста исправьте ошибку[23:59:6] - [Инфо] DEBUG: Записи 2626 не существует
[23:59:6] - Записи 2627 не существует, пожалуйста исправьте ошибку[23:59:6] - [Инфо] DEBUG: Записи 2627 не существует
[23:59:6] - Записи 2628 не существует, пожалуйста исправьте ошибку[23:59:6] - [Инфо] DEBUG: Записи 2628 не существует
[23:59:6] - Записи 2629 не существует, пожалуйста исправьте ошибку[23:59:6] - [Инфо] DEBUG: Записи 2629 не существует
[23:59:6] - Записи 2630 не существует, пожалуйста исправьте ошибку[23:59:7] - [Инфо] DEBUG: Записи 2630 не существует
[23:59:7] - Записи 2631 не существует, пожалуйста исправьте ошибку[23:59:7] - [Инфо] DEBUG: Записи 2631 не существует
[23:59:7] - Записи 2632 не существует, пожалуйста исправьте ошибку[23:59:7] - [Инфо] DEBUG: Записи 2632 не существует
[23:59:7] - Записи 2633 не существует, пожалуйста исправьте ошибку[23:59:7] - [Инфо] DEBUG: Записи 2633 не существует
[23:59:7] - Записи 2634 не существует, пожалуйста исправьте ошибку[23:59:7] - [Инфо] DEBUG: Записи 2634 не существует
[23:59:7] - Записи 2635 не существует, пожалуйста исправьте ошибку[23:59:8] - [Инфо] DEBUG: Записи 2635 не существует
[23:59:8] - Записи 2636 не существует, пожалуйста исправьте ошибку[23:59:8] - [Инфо] DEBUG: Записи 2636 не существует
[23:59:8] - Записи 2637 не существует, пожалуйста исправьте ошибку[23:59:8] - [Инфо] DEBUG: Записи 2637 не существует
[23:59:8] - Записи 2638 не существует, пожалуйста исправьте ошибку[23:59:8] - [Инфо] DEBUG: Записи 2638 не существует
[23:59:8] - Записи 2639 не существует, пожалуйста исправьте ошибку[23:59:8] - [Инфо] DEBUG: Записи 2639 не существует
[23:59:9] - Записи 2640 не существует, пожалуйста исправьте ошибку[23:59:9] - [Инфо] DEBUG: Записи 2640 не существует
[23:59:9] - Записи 2641 не существует, пожалуйста исправьте ошибку[23:59:9] - [Инфо] DEBUG: Записи 2641 не существует
[23:59:9] - Записи 2642 не существует, пожалуйста исправьте ошибку[23:59:9] - [Инфо] DEBUG: Записи 2642 не существует
[23:59:9] - [Инфо] Начало автоматической выгрузки данных
[23:59:9] - [Инфо] Developer - Mkrtchyan Martun <mart@kassa26.ru>
[23:59:9] - [Инфо] [OkDesk] Файл: '2485-2485data.json' - уже существует в 'data/okdesk'
[23:59:9] - [Инфо] [LOG] Заявка не является завершенной (OkDesk ID: 2485) Пропуск...
[23:59:9] - [Инфо] Developer - Mkrtchyan Martun <mart@kassa26.ru>
[23:59:9] - [Инфо] [OkDesk] Файл: '2563-2563data.json' - уже существует в 'data/okdesk'
[23:59:10] - [Инфо] [LOG] Заявка не является завершенной (OkDesk ID: 2563) Пропуск...
[23:59:10] - [Инфо] Developer - Mkrtchyan Martun <mart@kassa26.ru>
[23:59:10] - [Инфо] [OkDesk] Файл: '2589-2589data.json' - уже существует в 'data/okdesk'
[23:59:10] - [Инфо] [LOG] Заявка не является завершенной (OkDesk ID: 2589) Пропуск...
[23:59:10] - [Инфо] Developer - Mkrtchyan Martun <mart@kassa26.ru>
[23:59:10] - Заявка уже была ранее выгружена. (OkDesk ID: 2618), пожалуйста исправьте ошибку