[23:59:2] - [Инфо] Начало цикла след. последовательности
[23:59:2] - [Инфо] Developer - Mkrtchyan Martun <mart@kassa26.ru>
[23:59:4] - Заявка уже была ранее выгружена. (OkDesk ID: 3183), пожалуйста исправьте ошибку[23:59:5] - [Инфо] Сущность с ID: 3184 обработана на сервере.
[23:59:5] - [Инфо] Отправка данных в Спутник...
[23:59:5] - [Инфо] task status: success, task time status: success
[23:59:5] - [Инфо] SputnikTaskID: 34116
[23:59:6] - [Инфо] Сущность с ID: 3185 обработана на сервере.
[23:59:6] - [Инфо] comment id: 171434, task comment status: success
[23:59:6] - [Инфо] Отправка данных в Спутник...
[23:59:6] - [Инфо] task status: success, task time status: success
[23:59:6] - [Инфо] SputnikTaskID: 34117
[23:59:6] - [Инфо] comment id: 171435, task comment status: success
[23:59:6] - [Инфо] Сущность с ID: 3186 обработана на сервере.
[23:59:6] - [Инфо] comment id: 171436, task comment status: success
[23:59:6] - [Инфо] Отправка данных в Спутник...
[23:59:6] - [Инфо] task status: success, task time status: success
[23:59:6] - [Инфо] SputnikTaskID: 34118
[23:59:7] - [Инфо] comment id: 171437, task comment status: success
[23:59:7] - [Инфо] Сущность с ID: 3187 обработана на сервере.
[23:59:7] - [Инфо] comment id: 171438, task comment status: success
[23:59:7] - [Инфо] Отправка данных в Спутник...
[23:59:7] - [Инфо] task status: success, task time status: success
[23:59:7] - [Инфо] SputnikTaskID: 34119
[23:59:7] - [Инфо] comment id: 171439, task comment status: success
[23:59:7] - [Инфо] Сущность с ID: 3188 обработана на сервере.
[23:59:8] - [Инфо] Отправка данных в Спутник...
[23:59:8] - [Инфо] task status: success, task time status: success
[23:59:8] - [Инфо] SputnikTaskID: 34120
[23:59:8] - [Инфо] comment id: 171440, task comment status: success
[23:59:8] - [Инфо] Сущность с ID: 3189 обработана на сервере.
[23:59:8] - [Инфо] Отправка данных в Спутник...
[23:59:8] - [Инфо] task status: success, task time status: success
[23:59:8] - [Инфо] SputnikTaskID: 34121
[23:59:8] - [Инфо] comment id: 171441, task comment status: success
[23:59:8] - [Инфо] comment id: 171442, task comment status: success
[23:59:9] - [Инфо] Сущность с ID: 3190 обработана на сервере.
[23:59:9] - [Инфо] Отправка данных в Спутник...
[23:59:9] - [Инфо] task status: success, task time status: success
[23:59:9] - [Инфо] SputnikTaskID: 34122
[23:59:9] - [Инфо] comment id: 171443, task comment status: success
[23:59:9] - [Инфо] comment id: 171444, task comment status: success
[23:59:9] - [Инфо] Сущность с ID: 3191 обработана на сервере.
[23:59:9] - [Инфо] Отправка данных в Спутник...
[23:59:9] - [Инфо] task status: success, task time status: success
[23:59:9] - [Инфо] SputnikTaskID: 34123
[23:59:10] - [Инфо] comment id: 171445, task comment status: success
[23:59:10] - [Инфо] comment id: 171446, task comment status: success
[23:59:10] - [Инфо] Сущность с ID: 3192 обработана на сервере.
[23:59:10] - [Инфо] comment id: 171447, task comment status: success
[23:59:10] - [Инфо] Отправка данных в Спутник...
[23:59:10] - [Инфо] task status: success, task time status: success
[23:59:10] - [Инфо] SputnikTaskID: 34124
[23:59:10] - [Инфо] comment id: 171448, task comment status: success
[23:59:10] - [Инфо] comment id: 171449, task comment status: success
[23:59:10] - [Инфо] comment id: 171450, task comment status: success
[23:59:10] - [Инфо] Сущность с ID: 3193 обработана на сервере.
[23:59:10] - [Инфо] Отправка данных в Спутник...
[23:59:10] - [Инфо] task status: success, task time status: success
[23:59:10] - [Инфо] SputnikTaskID: 34125
[23:59:11] - [Инфо] comment id: 171451, task comment status: success
[23:59:11] - [Инфо] Сущность с ID: 3194 обработана на сервере.
[23:59:11] - [Инфо] Отправка данных в Спутник...
[23:59:11] - [Инфо] task status: success, task time status: success
[23:59:11] - [Инфо] SputnikTaskID: 34126
[23:59:11] - [Инфо] comment id: 171452, task comment status: success
[23:59:11] - [Инфо] Сущность с ID: 3195 обработана на сервере.
[23:59:12] - [Инфо] Отправка данных в Спутник...
[23:59:12] - [Инфо] task status: success, task time status: success
[23:59:12] - [Инфо] SputnikTaskID: 34127
[23:59:12] - [Инфо] comment id: 171453, task comment status: success
[23:59:12] - [Инфо] 3196
[23:59:12] - [Инфо] [LOG] Заявка не является завершенной (OkDesk ID: 3196) Пропуск...
[23:59:12] - Записи 3197 не существует, пожалуйста исправьте ошибку[23:59:12] - [Инфо] comment id: 171454, task comment status: success
[23:59:12] - [Инфо] DEBUG: Записи 3197 не существует
[23:59:12] - Записи 3198 не существует, пожалуйста исправьте ошибку[23:59:12] - [Инфо] DEBUG: Записи 3198 не существует
[23:59:12] - Записи 3199 не существует, пожалуйста исправьте ошибку[23:59:12] - [Инфо] DEBUG: Записи 3199 не существует
[23:59:12] - Записи 3200 не существует, пожалуйста исправьте ошибку[23:59:13] - [Инфо] DEBUG: Записи 3200 не существует
[23:59:13] - Записи 3201 не существует, пожалуйста исправьте ошибку[23:59:13] - [Инфо] DEBUG: Записи 3201 не существует
[23:59:13] - Записи 3202 не существует, пожалуйста исправьте ошибку[23:59:13] - [Инфо] DEBUG: Записи 3202 не существует
[23:59:13] - Записи 3203 не существует, пожалуйста исправьте ошибку[23:59:13] - [Инфо] DEBUG: Записи 3203 не существует
[23:59:13] - Записи 3204 не существует, пожалуйста исправьте ошибку[23:59:13] - [Инфо] DEBUG: Записи 3204 не существует
[23:59:13] - Записи 3205 не существует, пожалуйста исправьте ошибку[23:59:14] - [Инфо] DEBUG: Записи 3205 не существует
[23:59:14] - Записи 3206 не существует, пожалуйста исправьте ошибку[23:59:14] - [Инфо] DEBUG: Записи 3206 не существует
[23:59:14] - Записи 3207 не существует, пожалуйста исправьте ошибку[23:59:14] - [Инфо] DEBUG: Записи 3207 не существует
[23:59:14] - Записи 3208 не существует, пожалуйста исправьте ошибку[23:59:14] - [Инфо] DEBUG: Записи 3208 не существует
[23:59:14] - [Инфо] Начало автоматической выгрузки данных
[23:59:14] - [Инфо] Developer - Mkrtchyan Martun <mart@kassa26.ru>
[23:59:14] - [Инфо] [OkDesk] Файл: '2563-2563data.json' - уже существует в 'data/okdesk'
[23:59:14] - [Инфо] [LOG] Заявка не является завершенной (OkDesk ID: 2563) Пропуск...
[23:59:14] - [Инфо] Developer - Mkrtchyan Martun <mart@kassa26.ru>
[23:59:14] - [Инфо] [OkDesk] Файл: '2589-2589data.json' - уже существует в 'data/okdesk'
[23:59:15] - [Инфо] [LOG] Заявка не является завершенной (OkDesk ID: 2589) Пропуск...
[23:59:15] - [Инфо] Developer - Mkrtchyan Martun <mart@kassa26.ru>
[23:59:15] - [Инфо] [OkDesk] Файл: '2625-2625data.json' - уже существует в 'data/okdesk'
[23:59:15] - [Инфо] [LOG] Заявка не является завершенной (OkDesk ID: 2625) Пропуск...
[23:59:15] - [Инфо] Developer - Mkrtchyan Martun <mart@kassa26.ru>
[23:59:15] - [Инфо] [OkDesk] Файл: '2685-2685data.json' - уже существует в 'data/okdesk'
[23:59:15] - [Инфо] [LOG] Заявка не является завершенной (OkDesk ID: 2685) Пропуск...
[23:59:15] - [Инфо] Developer - Mkrtchyan Martun <mart@kassa26.ru>
[23:59:15] - [Инфо] [OkDesk] Файл: '2702-2702data.json' - уже существует в 'data/okdesk'
[23:59:16] - [Инфо] [LOG] Заявка не является завершенной (OkDesk ID: 2702) Пропуск...
[23:59:16] - [Инфо] Developer - Mkrtchyan Martun <mart@kassa26.ru>
[23:59:16] - [Инфо] [OkDesk] Файл: '2821-2821data.json' - уже существует в 'data/okdesk'
[23:59:16] - [Инфо] [LOG] Заявка не является завершенной (OkDesk ID: 2821) Пропуск...
[23:59:16] - [Инфо] Developer - Mkrtchyan Martun <mart@kassa26.ru>
[23:59:16] - [Инфо] [OkDesk] Файл: '2845-2845data.json' - уже существует в 'data/okdesk'
[23:59:17] - [Инфо] [LOG] Заявка не является завершенной (OkDesk ID: 2845) Пропуск...
[23:59:17] - [Инфо] Developer - Mkrtchyan Martun <mart@kassa26.ru>
[23:59:17] - [Инфо] [OkDesk] Файл: '2926-2926data.json' - уже существует в 'data/okdesk'
[23:59:17] - [Инфо] [LOG] Заявка не является завершенной (OkDesk ID: 2926) Пропуск...
[23:59:17] - [Инфо] Developer - Mkrtchyan Martun <mart@kassa26.ru>
[23:59:17] - [Инфо] [OkDesk] Файл: '3022-3022data.json' - уже существует в 'data/okdesk'
[23:59:17] - [Инфо] [LOG] Заявка не является завершенной (OkDesk ID: 3022) Пропуск...
[23:59:17] - [Инфо] Developer - Mkrtchyan Martun <mart@kassa26.ru>
[23:59:17] - [Инфо] [OkDesk] Файл: '3148-3148data.json' - уже существует в 'data/okdesk'
[23:59:18] - [Инфо] Сущность с ID: 3148 обработана на сервере.
[23:59:18] - [Инфо] Developer - Mkrtchyan Martun <mart@kassa26.ru>
[23:59:18] - [Инфо] Отправка данных в Спутник...
[23:59:18] - [Инфо] task status: success, task time status: success
[23:59:18] - [Инфо] SputnikTaskID: 34128
[23:59:18] - [Инфо] comment id: 171455, task comment status: success
[23:59:18] - [Инфо] Сущность с ID: 3176 обработана на сервере.
[23:59:18] - [Инфо] comment id: 171456, task comment status: success
[23:59:18] - [Инфо] Отправка данных в Спутник...
[23:59:18] - [Инфо] task status: success, task time status: success
[23:59:18] - [Инфо] SputnikTaskID: 34129
[23:59:19] - [Инфо] comment id: 171457, task comment status: success
[23:59:19] - [Инфо] comment id: 171458, task comment status: success
