[23:59:1] - [Инфо] Начало цикла след. последовательности
[23:59:1] - [Инфо] Developer - Mkrtchyan Martun <mart@kassa26.ru>
[23:59:2] - Заявка уже была ранее выгружена. (OkDesk ID: 2624), пожалуйста исправьте ошибку[23:59:2] - [Инфо] [LOG] Заявка не является завершенной (OkDesk ID: 2625) Пропуск...
[23:59:3] - [Инфо] Сущность с ID: 2626 обработана на сервере.
[23:59:3] - [Инфо] Отправка данных в Спутник...
[23:59:3] - [Инфо] task status: success, task time status: success
[23:59:3] - [Инфо] SputnikTaskID: 33024
[23:59:3] - [Инфо] Сущность с ID: 2627 обработана на сервере.
[23:59:3] - [Инфо] Отправка данных в Спутник...
[23:59:3] - [Инфо] task status: success, task time status: success
[23:59:3] - [Инфо] SputnikTaskID: 33025
[23:59:4] - [Инфо] comment id: 166183, task comment status: success
[23:59:4] - [Инфо] comment id: 166184, task comment status: success
[23:59:4] - [Инфо] Сущность с ID: 2628 обработана на сервере.
[23:59:4] - [Инфо] Отправка данных в Спутник...
[23:59:4] - [Инфо] task status: success, task time status: success
[23:59:4] - [Инфо] SputnikTaskID: 33026
[23:59:4] - [Инфо] comment id: 166185, task comment status: success
[23:59:5] - [Инфо] Сущность с ID: 2629 обработана на сервере.
[23:59:5] - Записи 2630 не существует, пожалуйста исправьте ошибку[23:59:5] - [Инфо] Отправка данных в Спутник...
[23:59:5] - [Инфо] task status: success, task time status: success
[23:59:5] - [Инфо] SputnikTaskID: 33027
[23:59:5] - [Инфо] DEBUG: Записи 2630 не существует
[23:59:5] - Записи 2631 не существует, пожалуйста исправьте ошибку[23:59:5] - [Инфо] DEBUG: Записи 2631 не существует
[23:59:5] - [Инфо] comment id: 166186, task comment status: success
[23:59:5] - Записи 2632 не существует, пожалуйста исправьте ошибку[23:59:5] - [Инфо] DEBUG: Записи 2632 не существует
[23:59:5] - Записи 2633 не существует, пожалуйста исправьте ошибку[23:59:5] - [Инфо] DEBUG: Записи 2633 не существует
[23:59:5] - Записи 2634 не существует, пожалуйста исправьте ошибку[23:59:5] - [Инфо] DEBUG: Записи 2634 не существует
[23:59:6] - Записи 2635 не существует, пожалуйста исправьте ошибку[23:59:6] - [Инфо] DEBUG: Записи 2635 не существует
[23:59:6] - Записи 2636 не существует, пожалуйста исправьте ошибку[23:59:6] - [Инфо] DEBUG: Записи 2636 не существует
[23:59:6] - Записи 2637 не существует, пожалуйста исправьте ошибку[23:59:6] - [Инфо] DEBUG: Записи 2637 не существует
[23:59:6] - Записи 2638 не существует, пожалуйста исправьте ошибку[23:59:6] - [Инфо] DEBUG: Записи 2638 не существует
[23:59:6] - Записи 2639 не существует, пожалуйста исправьте ошибку[23:59:7] - [Инфо] DEBUG: Записи 2639 не существует
[23:59:7] - Записи 2640 не существует, пожалуйста исправьте ошибку[23:59:7] - [Инфо] DEBUG: Записи 2640 не существует
[23:59:7] - Записи 2641 не существует, пожалуйста исправьте ошибку[23:59:7] - [Инфо] DEBUG: Записи 2641 не существует
[23:59:7] - Записи 2642 не существует, пожалуйста исправьте ошибку[23:59:7] - [Инфо] DEBUG: Записи 2642 не существует
[23:59:7] - Записи 2643 не существует, пожалуйста исправьте ошибку[23:59:7] - [Инфо] DEBUG: Записи 2643 не существует
[23:59:7] - Записи 2644 не существует, пожалуйста исправьте ошибку[23:59:8] - [Инфо] DEBUG: Записи 2644 не существует
[23:59:8] - Записи 2645 не существует, пожалуйста исправьте ошибку[23:59:8] - [Инфо] DEBUG: Записи 2645 не существует
[23:59:8] - Записи 2646 не существует, пожалуйста исправьте ошибку[23:59:8] - [Инфо] DEBUG: Записи 2646 не существует
[23:59:8] - Записи 2647 не существует, пожалуйста исправьте ошибку[23:59:8] - [Инфо] DEBUG: Записи 2647 не существует
[23:59:8] - Записи 2648 не существует, пожалуйста исправьте ошибку[23:59:8] - [Инфо] DEBUG: Записи 2648 не существует
[23:59:8] - Записи 2649 не существует, пожалуйста исправьте ошибку[23:59:9] - [Инфо] DEBUG: Записи 2649 не существует
[23:59:9] - [Инфо] Начало автоматической выгрузки данных
[23:59:9] - [Инфо] Developer - Mkrtchyan Martun <mart@kassa26.ru>
[23:59:9] - [Инфо] [OkDesk] Файл: '2485-2485data.json' - уже существует в 'data/okdesk'
[23:59:9] - [Инфо] [LOG] Заявка не является завершенной (OkDesk ID: 2485) Пропуск...
[23:59:9] - [Инфо] Developer - Mkrtchyan Martun <mart@kassa26.ru>
[23:59:9] - [Инфо] [OkDesk] Файл: '2563-2563data.json' - уже существует в 'data/okdesk'
[23:59:9] - [Инфо] [LOG] Заявка не является завершенной (OkDesk ID: 2563) Пропуск...
[23:59:9] - [Инфо] Developer - Mkrtchyan Martun <mart@kassa26.ru>
[23:59:9] - [Инфо] [OkDesk] Файл: '2589-2589data.json' - уже существует в 'data/okdesk'
[23:59:10] - [Инфо] [LOG] Заявка не является завершенной (OkDesk ID: 2589) Пропуск...
[23:59:10] - [Инфо] Developer - Mkrtchyan Martun <mart@kassa26.ru>
[23:59:10] - [Инфо] [LOG] Заявка не является завершенной (OkDesk ID: 2625) Пропуск...
