[23:59:2] - [Инфо] Начало цикла след. последовательности
[23:59:2] - [Инфо] Developer - Mkrtchyan Martun <mart@kassa26.ru>
[23:59:4] - Заявка уже была ранее выгружена. (OkDesk ID: 3195), пожалуйста исправьте ошибку[23:59:4] - [Инфо] Сущность с ID: 3196 обработана на сервере.
[23:59:5] - [Инфо] Отправка данных в Спутник...
[23:59:5] - [Инфо] task status: success, task time status: success
[23:59:5] - [Инфо] SputnikTaskID: 34138
[23:59:5] - [Инфо] Сущность с ID: 3197 обработана на сервере.
[23:59:5] - [Инфо] Отправка данных в Спутник...
[23:59:5] - [Инфо] task status: success, task time status: success
[23:59:5] - [Инфо] SputnikTaskID: 34139
[23:59:5] - [Инфо] comment id: 171491, task comment status: success
[23:59:5] - [Инфо] comment id: 171492, task comment status: success
[23:59:5] - [Инфо] comment id: 171493, task comment status: success
[23:59:5] - [Инфо] Сущность с ID: 3198 обработана на сервере.
[23:59:5] - [Инфо] comment id: 171495, task comment status: success
[23:59:5] - [Инфо] comment id: 171494, task comment status: success
[23:59:6] - [Инфо] Отправка данных в Спутник...
[23:59:6] - [Инфо] task status: success, task time status: success
[23:59:6] - [Инфо] SputnikTaskID: 34140
[23:59:6] - [Инфо] comment id: 171496, task comment status: success
[23:59:6] - [Инфо] Сущность с ID: 3199 обработана на сервере.
[23:59:6] - [Инфо] comment id: 171497, task comment status: success
[23:59:6] - [Инфо] Отправка данных в Спутник...
[23:59:6] - [Инфо] task status: success, task time status: success
[23:59:6] - [Инфо] SputnikTaskID: 34141
[23:59:6] - [Инфо] comment id: 171498, task comment status: success
[23:59:7] - [Инфо] Сущность с ID: 3200 обработана на сервере.
[23:59:7] - [Инфо] Отправка данных в Спутник...
[23:59:7] - [Инфо] task status: success, task time status: success
[23:59:7] - [Инфо] SputnikTaskID: 34142
[23:59:7] - [Инфо] comment id: 171499, task comment status: success
[23:59:7] - [Инфо] comment id: 171500, task comment status: success
[23:59:7] - [Инфо] Сущность с ID: 3201 обработана на сервере.
[23:59:7] - [Инфо] Отправка данных в Спутник...
[23:59:7] - [Инфо] task status: success, task time status: success
[23:59:7] - [Инфо] SputnikTaskID: 34143
[23:59:8] - [Инфо] comment id: 171501, task comment status: success
[23:59:8] - [Инфо] comment id: 171502, task comment status: success
[23:59:8] - [Инфо] Сущность с ID: 3202 обработана на сервере.
[23:59:8] - [Инфо] Отправка данных в Спутник...
[23:59:8] - [Инфо] task status: success, task time status: success
[23:59:8] - [Инфо] SputnikTaskID: 34144
[23:59:8] - [Инфо] comment id: 171503, task comment status: success
[23:59:8] - [Инфо] Сущность с ID: 3203 обработана на сервере.
[23:59:8] - Записи 3204 не существует, пожалуйста исправьте ошибку[23:59:9] - [Инфо] DEBUG: Записи 3204 не существует
[23:59:9] - [Инфо] Отправка данных в Спутник...
[23:59:9] - [Инфо] task status: success, task time status: success
[23:59:9] - [Инфо] SputnikTaskID: 34145
[23:59:9] - Записи 3205 не существует, пожалуйста исправьте ошибку[23:59:9] - [Инфо] DEBUG: Записи 3205 не существует
[23:59:9] - Записи 3206 не существует, пожалуйста исправьте ошибку[23:59:9] - [Инфо] comment id: 171504, task comment status: success
[23:59:9] - [Инфо] DEBUG: Записи 3206 не существует
[23:59:9] - Записи 3207 не существует, пожалуйста исправьте ошибку[23:59:9] - [Инфо] DEBUG: Записи 3207 не существует
[23:59:9] - Записи 3208 не существует, пожалуйста исправьте ошибку[23:59:9] - [Инфо] DEBUG: Записи 3208 не существует
[23:59:9] - Записи 3209 не существует, пожалуйста исправьте ошибку[23:59:9] - [Инфо] DEBUG: Записи 3209 не существует
[23:59:10] - Записи 3210 не существует, пожалуйста исправьте ошибку[23:59:10] - [Инфо] DEBUG: Записи 3210 не существует
[23:59:10] - Записи 3211 не существует, пожалуйста исправьте ошибку[23:59:10] - [Инфо] DEBUG: Записи 3211 не существует
[23:59:10] - Записи 3212 не существует, пожалуйста исправьте ошибку[23:59:10] - [Инфо] DEBUG: Записи 3212 не существует
[23:59:10] - Записи 3213 не существует, пожалуйста исправьте ошибку[23:59:10] - [Инфо] DEBUG: Записи 3213 не существует
[23:59:10] - Записи 3214 не существует, пожалуйста исправьте ошибку[23:59:10] - [Инфо] DEBUG: Записи 3214 не существует
[23:59:10] - Записи 3215 не существует, пожалуйста исправьте ошибку[23:59:11] - [Инфо] DEBUG: Записи 3215 не существует
[23:59:11] - Записи 3216 не существует, пожалуйста исправьте ошибку[23:59:11] - [Инфо] DEBUG: Записи 3216 не существует
[23:59:11] - Записи 3217 не существует, пожалуйста исправьте ошибку[23:59:11] - [Инфо] DEBUG: Записи 3217 не существует
[23:59:11] - Записи 3218 не существует, пожалуйста исправьте ошибку[23:59:11] - [Инфо] DEBUG: Записи 3218 не существует
[23:59:11] - Записи 3219 не существует, пожалуйста исправьте ошибку[23:59:11] - [Инфо] DEBUG: Записи 3219 не существует
[23:59:11] - Записи 3220 не существует, пожалуйста исправьте ошибку[23:59:11] - [Инфо] DEBUG: Записи 3220 не существует
[23:59:11] - [Инфо] Начало автоматической выгрузки данных
[23:59:11] - [Инфо] Developer - Mkrtchyan Martun <mart@kassa26.ru>
[23:59:11] - [Инфо] [OkDesk] Файл: '2563-2563data.json' - уже существует в 'data/okdesk'
[23:59:12] - [Инфо] [LOG] Заявка не является завершенной (OkDesk ID: 2563) Пропуск...
[23:59:12] - [Инфо] Developer - Mkrtchyan Martun <mart@kassa26.ru>
[23:59:12] - [Инфо] [OkDesk] Файл: '2589-2589data.json' - уже существует в 'data/okdesk'
[23:59:12] - [Инфо] [LOG] Заявка не является завершенной (OkDesk ID: 2589) Пропуск...
[23:59:12] - [Инфо] Developer - Mkrtchyan Martun <mart@kassa26.ru>
[23:59:12] - [Инфо] [OkDesk] Файл: '2625-2625data.json' - уже существует в 'data/okdesk'
[23:59:12] - [Инфо] [LOG] Заявка не является завершенной (OkDesk ID: 2625) Пропуск...
[23:59:12] - [Инфо] Developer - Mkrtchyan Martun <mart@kassa26.ru>
[23:59:12] - [Инфо] [OkDesk] Файл: '2685-2685data.json' - уже существует в 'data/okdesk'
[23:59:13] - [Инфо] [LOG] Заявка не является завершенной (OkDesk ID: 2685) Пропуск...
[23:59:13] - [Инфо] Developer - Mkrtchyan Martun <mart@kassa26.ru>
[23:59:13] - [Инфо] [OkDesk] Файл: '2702-2702data.json' - уже существует в 'data/okdesk'
[23:59:13] - [Инфо] [LOG] Заявка не является завершенной (OkDesk ID: 2702) Пропуск...
[23:59:13] - [Инфо] Developer - Mkrtchyan Martun <mart@kassa26.ru>
[23:59:13] - [Инфо] [OkDesk] Файл: '2821-2821data.json' - уже существует в 'data/okdesk'
[23:59:13] - [Инфо] [LOG] Заявка не является завершенной (OkDesk ID: 2821) Пропуск...
[23:59:13] - [Инфо] Developer - Mkrtchyan Martun <mart@kassa26.ru>
[23:59:13] - [Инфо] [OkDesk] Файл: '2845-2845data.json' - уже существует в 'data/okdesk'
[23:59:13] - [Инфо] [LOG] Заявка не является завершенной (OkDesk ID: 2845) Пропуск...
[23:59:13] - [Инфо] Developer - Mkrtchyan Martun <mart@kassa26.ru>
[23:59:13] - [Инфо] [OkDesk] Файл: '2926-2926data.json' - уже существует в 'data/okdesk'
[23:59:14] - [Инфо] [LOG] Заявка не является завершенной (OkDesk ID: 2926) Пропуск...
[23:59:14] - [Инфо] Developer - Mkrtchyan Martun <mart@kassa26.ru>
[23:59:14] - [Инфо] [OkDesk] Файл: '3022-3022data.json' - уже существует в 'data/okdesk'
[23:59:14] - [Инфо] [LOG] Заявка не является завершенной (OkDesk ID: 3022) Пропуск...
[23:59:14] - [Инфо] Developer - Mkrtchyan Martun <mart@kassa26.ru>
[23:59:15] - Заявка уже была ранее выгружена. (OkDesk ID: 3196), пожалуйста исправьте ошибку