[23:59:1] - [Инфо] Начало цикла след. последовательности
[23:59:1] - [Инфо] Developer - Mkrtchyan Martun <mart@kassa26.ru>
[23:59:2] - Заявка уже была ранее выгружена. (OkDesk ID: 2254), пожалуйста исправьте ошибку[23:59:3] - [Инфо] Сущность с ID: 2255 обработана на сервере.
[23:59:3] - [Инфо] Отправка данных в Спутник...
[23:59:3] - [Инфо] task status: success, task time status: success
[23:59:3] - [Инфо] SputnikTaskID: 32412
[23:59:3] - [Инфо] Сущность с ID: 2256 обработана на сервере.
[23:59:3] - [Инфо] Отправка данных в Спутник...
[23:59:3] - [Инфо] task status: success, task time status: success
[23:59:3] - [Инфо] SputnikTaskID: 32413
[23:59:3] - [Инфо] comment id: 162942, task comment status: success
[23:59:4] - [Инфо] comment id: 162943, task comment status: success
[23:59:4] - [Инфо] Сущность с ID: 2257 обработана на сервере.
[23:59:4] - [Инфо] comment id: 162944, task comment status: success
[23:59:4] - [Инфо] Отправка данных в Спутник...
[23:59:4] - [Инфо] task status: success, task time status: success
[23:59:4] - [Инфо] SputnikTaskID: 32414
[23:59:4] - [Инфо] comment id: 162945, task comment status: success
[23:59:4] - [Инфо] Сущность с ID: 2258 обработана на сервере.
[23:59:4] - [Инфо] comment id: 162946, task comment status: success
[23:59:5] - [Инфо] Отправка данных в Спутник...
[23:59:5] - [Инфо] task status: success, task time status: success
[23:59:5] - [Инфо] SputnikTaskID: 32415
[23:59:5] - [Инфо] comment id: 162947, task comment status: success
[23:59:5] - [Инфо] Сущность с ID: 2259 обработана на сервере.
[23:59:5] - [Инфо] Отправка данных в Спутник...
[23:59:5] - [Инфо] task status: success, task time status: success
[23:59:5] - [Инфо] SputnikTaskID: 32416
[23:59:5] - [Инфо] comment id: 162948, task comment status: success
[23:59:5] - [Инфо] Сущность с ID: 2260 обработана на сервере.
[23:59:6] - [Инфо] Отправка данных в Спутник...
[23:59:6] - [Инфо] task status: success, task time status: success
[23:59:6] - [Инфо] SputnikTaskID: 32417
[23:59:6] - [Инфо] comment id: 162949, task comment status: success
[23:59:6] - [Инфо] comment id: 162950, task comment status: success
[23:59:6] - [Инфо] Сущность с ID: 2261 обработана на сервере.
[23:59:6] - [Инфо] Отправка данных в Спутник...
[23:59:6] - [Инфо] task status: success, task time status: success
[23:59:6] - [Инфо] SputnikTaskID: 32418
[23:59:7] - [Инфо] comment id: 162951, task comment status: success
[23:59:7] - [Инфо] Сущность с ID: 2262 обработана на сервере.
[23:59:7] - [Инфо] comment id: 162952, task comment status: success
[23:59:7] - [Инфо] comment id: 162953, task comment status: success
[23:59:7] - [Инфо] Отправка данных в Спутник...
[23:59:7] - [Инфо] task status: success, task time status: success
[23:59:7] - [Инфо] SputnikTaskID: 32419
[23:59:7] - [Инфо] comment id: 162954, task comment status: success
[23:59:8] - [Инфо] Сущность с ID: 2263 обработана на сервере.
[23:59:8] - [Инфо] Отправка данных в Спутник...
[23:59:8] - [Инфо] task status: success, task time status: success
[23:59:8] - [Инфо] SputnikTaskID: 32420
[23:59:8] - [Инфо] comment id: 162955, task comment status: success
[23:59:8] - [Инфо] Сущность с ID: 2264 обработана на сервере.
[23:59:8] - [Инфо] Отправка данных в Спутник...
[23:59:8] - [Инфо] task status: success, task time status: success
[23:59:8] - [Инфо] SputnikTaskID: 32421
[23:59:9] - [Инфо] comment id: 162956, task comment status: success
[23:59:9] - [Инфо] Сущность с ID: 2265 обработана на сервере.
[23:59:9] - [Инфо] comment id: 162957, task comment status: success
[23:59:9] - [Инфо] Отправка данных в Спутник...
[23:59:9] - [Инфо] task status: success, task time status: success
[23:59:9] - [Инфо] SputnikTaskID: 32422
[23:59:9] - [Инфо] comment id: 162958, task comment status: success
[23:59:10] - [Инфо] Сущность с ID: 2266 обработана на сервере.
[23:59:10] - [Инфо] Отправка данных в Спутник...
[23:59:10] - [Инфо] task status: success, task time status: success
[23:59:10] - [Инфо] SputnikTaskID: 32423
[23:59:10] - [Инфо] comment id: 162959, task comment status: success
[23:59:10] - [Инфо] Сущность с ID: 2267 обработана на сервере.
[23:59:10] - [Инфо] comment id: 162960, task comment status: success
[23:59:10] - [Инфо] Отправка данных в Спутник...
[23:59:10] - [Инфо] task status: success, task time status: success
[23:59:10] - [Инфо] SputnikTaskID: 32424
[23:59:11] - [Инфо] comment id: 162961, task comment status: success
[23:59:11] - [Инфо] Сущность с ID: 2268 обработана на сервере.
[23:59:11] - [Инфо] Отправка данных в Спутник...
[23:59:11] - [Инфо] task status: success, task time status: success
[23:59:11] - [Инфо] SputnikTaskID: 32425
[23:59:11] - [Инфо] comment id: 162962, task comment status: success
[23:59:11] - [Инфо] Сущность с ID: 2269 обработана на сервере.
[23:59:11] - [Инфо] comment id: 162963, task comment status: success
[23:59:12] - [Инфо] Отправка данных в Спутник...
[23:59:12] - [Инфо] task status: success, task time status: success
[23:59:12] - [Инфо] SputnikTaskID: 32426
[23:59:12] - [Инфо] comment id: 162964, task comment status: success
[23:59:12] - [Инфо] Сущность с ID: 2270 обработана на сервере.
[23:59:12] - [Инфо] Отправка данных в Спутник...
[23:59:12] - [Инфо] task status: success, task time status: success
[23:59:12] - [Инфо] SputnikTaskID: 32427
[23:59:12] - [Инфо] comment id: 162965, task comment status: success
[23:59:13] - [Инфо] Сущность с ID: 2271 обработана на сервере.
[23:59:13] - [Инфо] Отправка данных в Спутник...
[23:59:13] - [Инфо] task status: success, task time status: success
[23:59:13] - [Инфо] SputnikTaskID: 32428
[23:59:14] - [Инфо] comment id: 162966, task comment status: success
[23:59:14] - [Инфо] Сущность с ID: 2272 обработана на сервере.
[23:59:14] - [Инфо] comment id: 162967, task comment status: success
[23:59:14] - [Инфо] Отправка данных в Спутник...
[23:59:14] - [Инфо] task status: success, task time status: success
[23:59:14] - [Инфо] SputnikTaskID: 32429
[23:59:14] - [Инфо] comment id: 162968, task comment status: success
[23:59:14] - [Инфо] comment id: 162969, task comment status: success
[23:59:14] - [Инфо] comment id: 162970, task comment status: success
[23:59:14] - [Инфо] Сущность с ID: 2273 обработана на сервере.
[23:59:14] - [Инфо] Отправка данных в Спутник...
[23:59:14] - [Инфо] task status: success, task time status: success
[23:59:14] - [Инфо] SputnikTaskID: 32430
[23:59:15] - [Инфо] comment id: 162971, task comment status: success
[23:59:15] - [Инфо] 2274
[23:59:15] - [Инфо] [LOG] Заявка не является завершенной (OkDesk ID: 2274) Пропуск...
[23:59:15] - [Инфо] comment id: 162972, task comment status: success
[23:59:15] - [Инфо] 2275
[23:59:15] - [Инфо] [LOG] Заявка не является завершенной (OkDesk ID: 2275) Пропуск...
[23:59:16] - [Инфо] Сущность с ID: 2276 обработана на сервере.
[23:59:16] - [Инфо] Отправка данных в Спутник...
[23:59:16] - [Инфо] task status: success, task time status: success
[23:59:16] - [Инфо] SputnikTaskID: 32431
[23:59:16] - [Инфо] comment id: 162973, task comment status: success
[23:59:16] - [Инфо] Сущность с ID: 2277 обработана на сервере.
[23:59:16] - [Инфо] comment id: 162974, task comment status: success
[23:59:17] - [Инфо] Отправка данных в Спутник...
[23:59:17] - [Инфо] task status: success, task time status: success
[23:59:17] - [Инфо] SputnikTaskID: 32432
[23:59:17] - [Инфо] comment id: 162975, task comment status: success
[23:59:17] - [Инфо] 2278
[23:59:17] - [Инфо] [LOG] Заявка не является завершенной (OkDesk ID: 2278) Пропуск...
[23:59:17] - [Инфо] comment id: 162976, task comment status: success
[23:59:17] - [Инфо] comment id: 162977, task comment status: success
[23:59:17] - [Инфо] comment id: 162978, task comment status: success
[23:59:17] - [Инфо] Сущность с ID: 2279 обработана на сервере.
[23:59:17] - [Инфо] Начало автоматической выгрузки данных
[23:59:17] - [Инфо] Developer - Mkrtchyan Martun <mart@kassa26.ru>
[23:59:17] - [Инфо] [OkDesk] Файл: '2097-2097data.json' - уже существует в 'data/okdesk'
[23:59:18] - Записи 2097 не существует, пожалуйста исправьте ошибку[23:59:18] - Записи 2097 не существует, пожалуйста исправьте ошибку[23:59:18] - [Инфо] Отправка данных в Спутник...
[23:59:18] - [Инфо] task status: success, task time status: success
[23:59:18] - [Инфо] SputnikTaskID: 32433
[23:59:18] - [Инфо] comment id: 162979, task comment status: success
[23:59:18] - [Инфо] comment id: 162980, task comment status: success
