[9:36:8] - [Инфо] Developer - Mkrtchyan Martun <mart@kassa26.ru>
[9:36:8] - [Инфо] [OkDesk] Файл: '1177-1178data.json' - уже существует в 'data/okdesk'
[9:36:9] - [LOG] Заявка не является завершенной (OkDesk ID: 1177) Пропуск..., пожалуйста исправьте ошибку[9:36:9] - [LOG] Заявка не является завершенной (OkDesk ID: 1178) Пропуск..., пожалуйста исправьте ошибку[9:36:9] - [Инфо] Обмен данными между OkDesk и Спутник завершен.
[9:36:53] - [Инфо] Developer - Mkrtchyan Martun <mart@kassa26.ru>
[9:36:53] - [Инфо] [OkDesk] Файл: '1177-1178data.json' - уже существует в 'data/okdesk'
[9:36:54] - [LOG] Заявка не является завершенной (OkDesk ID: 1177) Пропуск..., пожалуйста исправьте ошибку[9:36:54] - [LOG] Заявка не является завершенной (OkDesk ID: 1178) Пропуск..., пожалуйста исправьте ошибку[9:36:54] - [Инфо] Обмен данными между OkDesk и Спутник завершен.
[9:37:0] - [Инфо] Developer - Mkrtchyan Martun <mart@kassa26.ru>
[9:37:0] - [Инфо] [OkDesk] Файл: '1158-1158data.json' - уже существует в 'data/okdesk'
[9:37:1] - [LOG] Заявка не является завершенной (OkDesk ID: 1158) Пропуск..., пожалуйста исправьте ошибку[9:37:1] - [Инфо] Обмен данными между OkDesk и Спутник завершен.
[9:37:1] - [Инфо] Developer - Mkrtchyan Martun <mart@kassa26.ru>
[9:37:1] - [Инфо] [OkDesk] Файл: '1177-1177data.json' - уже существует в 'data/okdesk'
[9:37:1] - [LOG] Заявка не является завершенной (OkDesk ID: 1177) Пропуск..., пожалуйста исправьте ошибку[9:37:1] - [Инфо] Обмен данными между OkDesk и Спутник завершен.
[9:37:1] - [Инфо] Developer - Mkrtchyan Martun <mart@kassa26.ru>
[9:37:1] - [Инфо] [OkDesk] Файл: '1178-1178data.json' - уже существует в 'data/okdesk'
[9:37:2] - [LOG] Заявка не является завершенной (OkDesk ID: 1178) Пропуск..., пожалуйста исправьте ошибку[9:37:2] - [Инфо] Обмен данными между OkDesk и Спутник завершен.
[9:37:2] - [Инфо] Developer - Mkrtchyan Martun <mart@kassa26.ru>
[9:37:2] - [Инфо] [OkDesk] Файл: '1196-1201data.json' - уже существует в 'data/okdesk'
[9:37:2] - [Инфо] Сущность с ID: 1196 обработана на сервере.
[9:37:2] - [LOG] Заявка не является завершенной (OkDesk ID: 1197) Пропуск..., пожалуйста исправьте ошибку[9:37:2] - [Инфо] Отправка данных в Спутник...
[9:37:2] - [Инфо] task status: success, task time status: success
[9:37:2] - [Инфо] SputnikTaskID: 29520
[9:37:3] - [Инфо] comment id: 151833, task comment status: success
[9:37:3] - [Инфо] Сущность с ID: 1198 обработана на сервере.
[9:37:3] - [Инфо] Отправка данных в Спутник...
[9:37:3] - [Инфо] task status: success, task time status: success
[9:37:3] - [Инфо] SputnikTaskID: 29521
[9:37:3] - [LOG] Заявка не является завершенной (OkDesk ID: 1199) Пропуск..., пожалуйста исправьте ошибку[9:37:4] - [Инфо] comment id: 151834, task comment status: success
[9:37:4] - [Инфо] comment id: 151835, task comment status: success
[9:37:4] - [Инфо] Сущность с ID: 1200 обработана на сервере.
[9:37:4] - [Инфо] Отправка данных в Спутник...
[9:37:4] - [Инфо] task status: success, task time status: success
[9:37:4] - [Инфо] SputnikTaskID: 29522
[9:37:4] - [Инфо] Сущность с ID: 1201 обработана на сервере.
[9:37:4] - [Инфо] Обмен данными между OkDesk и Спутник завершен.
[9:37:4] - [Инфо] Developer - Mkrtchyan Martun <mart@kassa26.ru>
[9:37:4] - [Инфо] [OkDesk] Файл: '1196-1201data.json' - уже существует в 'data/okdesk'
[9:37:4] - [Инфо] comment id: 151836, task comment status: success
[9:37:5] - [Инфо] Отправка данных в Спутник...
[9:37:5] - [Инфо] task status: success, task time status: success
[9:37:5] - [Инфо] SputnikTaskID: 29523
[9:37:5] - Заявка уже была ранее выгружена. (OkDesk ID: 1196), пожалуйста исправьте ошибку[9:37:5] - [LOG] Заявка не является завершенной (OkDesk ID: 1197) Пропуск..., пожалуйста исправьте ошибку[9:37:5] - [Инфо] comment id: 151837, task comment status: success
[9:37:5] - Заявка уже была ранее выгружена. (OkDesk ID: 1198), пожалуйста исправьте ошибку[9:37:6] - [LOG] Заявка не является завершенной (OkDesk ID: 1199) Пропуск..., пожалуйста исправьте ошибку[9:37:6] - Заявка уже была ранее выгружена. (OkDesk ID: 1200), пожалуйста исправьте ошибку[9:37:6] - Заявка уже была ранее выгружена. (OkDesk ID: 1201), пожалуйста исправьте ошибку[9:37:6] - [Инфо] Обмен данными между OkDesk и Спутник завершен.
[9:37:6] - [Инфо] Developer - Mkrtchyan Martun <mart@kassa26.ru>
[9:37:6] - [Инфо] [OkDesk] Файл: '1196-1201data.json' - уже существует в 'data/okdesk'
[9:37:7] - Заявка уже была ранее выгружена. (OkDesk ID: 1196), пожалуйста исправьте ошибку[9:37:7] - [LOG] Заявка не является завершенной (OkDesk ID: 1197) Пропуск..., пожалуйста исправьте ошибку[9:37:8] - Заявка уже была ранее выгружена. (OkDesk ID: 1198), пожалуйста исправьте ошибку[9:37:8] - [LOG] Заявка не является завершенной (OkDesk ID: 1199) Пропуск..., пожалуйста исправьте ошибку[9:37:8] - Заявка уже была ранее выгружена. (OkDesk ID: 1200), пожалуйста исправьте ошибку[9:37:9] - Заявка уже была ранее выгружена. (OkDesk ID: 1201), пожалуйста исправьте ошибку[9:37:9] - [Инфо] Обмен данными между OkDesk и Спутник завершен.
[9:44:55] - [Инфо] Developer - Mkrtchyan Martun <mart@kassa26.ru>
[9:44:55] - [Инфо] [OkDesk] Файл: '1177-1178data.json' - уже существует в 'data/okdesk'
[9:44:56] - [LOG] Заявка не является завершенной (OkDesk ID: 1177) Пропуск..., пожалуйста исправьте ошибку[9:44:56] - [LOG] Заявка не является завершенной (OkDesk ID: 1178) Пропуск..., пожалуйста исправьте ошибку[9:44:56] - [Инфо] Обмен данными между OkDesk и Спутник завершен.
[9:49:54] - [Инфо] Developer - Mkrtchyan Martun <mart@kassa26.ru>
[9:49:54] - [Инфо] [OkDesk] Файл: '1177-1178data.json' - уже существует в 'data/okdesk'
[9:49:55] - [LOG] Заявка не является завершенной (OkDesk ID: 1177) Пропуск..., пожалуйста исправьте ошибку[9:49:55] - [LOG] Заявка не является завершенной (OkDesk ID: 1178) Пропуск..., пожалуйста исправьте ошибку[9:49:55] - [Инфо] Обмен данными между OkDesk и Спутник завершен.
[9:52:46] - [Инфо] Developer - Mkrtchyan Martun <mart@kassa26.ru>
[9:52:46] - [Инфо] [OkDesk] Файл: '1177-1178data.json' - уже существует в 'data/okdesk'
[9:52:47] - [LOG] Заявка не является завершенной (OkDesk ID: 1177) Пропуск..., пожалуйста исправьте ошибку[9:52:47] - [LOG] Заявка не является завершенной (OkDesk ID: 1178) Пропуск..., пожалуйста исправьте ошибку[9:52:47] - [Инфо] Обмен данными между OkDesk и Спутник завершен.
[9:54:35] - [Инфо] Developer - Mkrtchyan Martun <mart@kassa26.ru>
[9:54:35] - [Инфо] [OkDesk] Файл: '1177-1178data.json' - уже существует в 'data/okdesk'
[9:54:36] - [LOG] Заявка не является завершенной (OkDesk ID: 1177) Пропуск..., пожалуйста исправьте ошибку[9:54:36] - [LOG] Заявка не является завершенной (OkDesk ID: 1178) Пропуск..., пожалуйста исправьте ошибку[9:54:36] - [Инфо] Обмен данными между OkDesk и Спутник завершен.
