[23:59:2] - [Инфо] Начало цикла след. последовательности
[23:59:2] - [Инфо] Developer - Mkrtchyan Martun <mart@kassa26.ru>
[23:59:2] - Заявка уже была ранее выгружена. (OkDesk ID: 2859), пожалуйста исправьте ошибку[23:59:3] - [Инфо] Сущность с ID: 2860 обработана на сервере.
[23:59:3] - [Инфо] Отправка данных в Спутник...
[23:59:3] - [Инфо] task status: success, task time status: success
[23:59:3] - [Инфо] SputnikTaskID: 33522
[23:59:4] - [Инфо] Сущность с ID: 2861 обработана на сервере.
[23:59:4] - [Инфо] comment id: 168987, task comment status: success
[23:59:4] - [Инфо] comment id: 168988, task comment status: success
[23:59:4] - [Инфо] Отправка данных в Спутник...
[23:59:4] - [Инфо] task status: success, task time status: success
[23:59:4] - [Инфо] SputnikTaskID: 33523
[23:59:4] - [Инфо] comment id: 168989, task comment status: success
[23:59:4] - [Инфо] Сущность с ID: 2862 обработана на сервере.
[23:59:4] - [Инфо] comment id: 168990, task comment status: success
[23:59:4] - [Инфо] Отправка данных в Спутник...
[23:59:4] - [Инфо] task status: success, task time status: success
[23:59:4] - [Инфо] SputnikTaskID: 33524
[23:59:4] - [Инфо] comment id: 168991, task comment status: success
[23:59:5] - [Инфо] Сущность с ID: 2863 обработана на сервере.
[23:59:5] - [Инфо] Отправка данных в Спутник...
[23:59:5] - [Инфо] task status: success, task time status: success
[23:59:5] - [Инфо] SputnikTaskID: 33525
[23:59:5] - [Инфо] comment id: 168992, task comment status: success
[23:59:5] - [Инфо] Сущность с ID: 2864 обработана на сервере.
[23:59:5] - [Инфо] Отправка данных в Спутник...
[23:59:5] - [Инфо] task status: success, task time status: success
[23:59:5] - [Инфо] SputnikTaskID: 33526
[23:59:5] - [Инфо] comment id: 168993, task comment status: success
[23:59:6] - [Инфо] comment id: 168994, task comment status: success
[23:59:6] - [Инфо] Сущность с ID: 2865 обработана на сервере.
[23:59:6] - [Инфо] Отправка данных в Спутник...
[23:59:6] - [Инфо] task status: success, task time status: success
[23:59:6] - [Инфо] SputnikTaskID: 33527
[23:59:6] - [Инфо] comment id: 168995, task comment status: success
[23:59:6] - [Инфо] Сущность с ID: 2866 обработана на сервере.
[23:59:6] - [Инфо] Отправка данных в Спутник...
[23:59:6] - [Инфо] task status: success, task time status: success
[23:59:6] - [Инфо] SputnikTaskID: 33528
[23:59:7] - [Инфо] comment id: 168996, task comment status: success
[23:59:7] - [Инфо] comment id: 168997, task comment status: success
[23:59:7] - [Инфо] Сущность с ID: 2867 обработана на сервере.
[23:59:7] - Записи 2868 не существует, пожалуйста исправьте ошибку[23:59:7] - [Инфо] comment id: 168998, task comment status: success
[23:59:7] - [Инфо] Отправка данных в Спутник...
[23:59:7] - [Инфо] task status: success, task time status: success
[23:59:7] - [Инфо] SputnikTaskID: 33529
[23:59:7] - [Инфо] DEBUG: Записи 2868 не существует
[23:59:7] - [Инфо] comment id: 168999, task comment status: success
[23:59:7] - [Инфо] comment id: 169000, task comment status: success
[23:59:8] - [Инфо] comment id: 169001, task comment status: success
[23:59:8] - [Инфо] Сущность с ID: 2869 обработана на сервере.
[23:59:8] - [Инфо] Отправка данных в Спутник...
[23:59:8] - [Инфо] task status: success, task time status: success
[23:59:8] - [Инфо] SputnikTaskID: 33530
[23:59:8] - [Инфо] comment id: 169002, task comment status: success
[23:59:8] - [Инфо] Сущность с ID: 2870 обработана на сервере.
[23:59:8] - [Инфо] Отправка данных в Спутник...
[23:59:8] - [Инфо] task status: success, task time status: success
[23:59:8] - [Инфо] SputnikTaskID: 33531
[23:59:9] - [Инфо] comment id: 169003, task comment status: success
[23:59:9] - [Инфо] Сущность с ID: 2871 обработана на сервере.
[23:59:9] - [Инфо] Отправка данных в Спутник...
[23:59:9] - [Инфо] task status: success, task time status: success
[23:59:9] - [Инфо] SputnikTaskID: 33532
[23:59:9] - [Инфо] comment id: 169004, task comment status: success
[23:59:9] - [Инфо] Сущность с ID: 2872 обработана на сервере.
[23:59:9] - [Инфо] Отправка данных в Спутник...
[23:59:9] - [Инфо] task status: success, task time status: success
[23:59:9] - [Инфо] SputnikTaskID: 33533
[23:59:10] - [Инфо] comment id: 169005, task comment status: success
[23:59:10] - [Инфо] Сущность с ID: 2873 обработана на сервере.
[23:59:10] - [Инфо] comment id: 169006, task comment status: success
[23:59:10] - [Инфо] Отправка данных в Спутник...
[23:59:10] - [Инфо] task status: success, task time status: success
[23:59:10] - [Инфо] SputnikTaskID: 33534
[23:59:10] - [Инфо] comment id: 169007, task comment status: success
[23:59:10] - [Инфо] comment id: 169008, task comment status: success
[23:59:10] - [Инфо] Сущность с ID: 2874 обработана на сервере.
[23:59:10] - [Инфо] Отправка данных в Спутник...
[23:59:10] - [Инфо] task status: success, task time status: success
[23:59:10] - [Инфо] SputnikTaskID: 33535
[23:59:11] - [Инфо] comment id: 169009, task comment status: success
[23:59:11] - [Инфо] Сущность с ID: 2875 обработана на сервере.
[23:59:11] - [Инфо] Отправка данных в Спутник...
[23:59:11] - [Инфо] task status: success, task time status: success
[23:59:11] - [Инфо] SputnikTaskID: 33536
[23:59:11] - [Инфо] comment id: 169010, task comment status: success
[23:59:11] - [Инфо] Сущность с ID: 2876 обработана на сервере.
[23:59:11] - [Инфо] Отправка данных в Спутник...
[23:59:11] - [Инфо] task status: success, task time status: success
[23:59:11] - [Инфо] SputnikTaskID: 33537
[23:59:12] - [Инфо] comment id: 169011, task comment status: success
[23:59:12] - [Инфо] Сущность с ID: 2877 обработана на сервере.
[23:59:12] - [Инфо] Отправка данных в Спутник...
[23:59:12] - [Инфо] task status: success, task time status: success
[23:59:12] - [Инфо] SputnikTaskID: 33538
[23:59:12] - [Инфо] comment id: 169012, task comment status: success
[23:59:12] - [Инфо] Сущность с ID: 2878 обработана на сервере.
[23:59:12] - [Инфо] comment id: 169013, task comment status: success
[23:59:12] - [Инфо] Отправка данных в Спутник...
[23:59:12] - [Инфо] task status: success, task time status: success
[23:59:12] - [Инфо] SputnikTaskID: 33539
[23:59:13] - [Инфо] comment id: 169014, task comment status: success
[23:59:13] - [Инфо] Сущность с ID: 2879 обработана на сервере.
[23:59:13] - [Инфо] comment id: 169015, task comment status: success
[23:59:13] - [Инфо] comment id: 169016, task comment status: success
[23:59:13] - [Инфо] Отправка данных в Спутник...
[23:59:13] - [Инфо] task status: success, task time status: success
[23:59:13] - [Инфо] SputnikTaskID: 33540
[23:59:13] - [Инфо] comment id: 169017, task comment status: success
[23:59:13] - [Инфо] Сущность с ID: 2880 обработана на сервере.
[23:59:13] - [Инфо] comment id: 169018, task comment status: success
[23:59:13] - [Инфо] Отправка данных в Спутник...
[23:59:13] - [Инфо] task status: success, task time status: success
[23:59:13] - [Инфо] SputnikTaskID: 33541
[23:59:14] - [Инфо] comment id: 169019, task comment status: success
[23:59:14] - [Инфо] Сущность с ID: 2881 обработана на сервере.
[23:59:14] - [Инфо] comment id: 169020, task comment status: success
[23:59:14] - [Инфо] Отправка данных в Спутник...
[23:59:14] - [Инфо] task status: success, task time status: success
[23:59:14] - [Инфо] SputnikTaskID: 33542
[23:59:14] - [Инфо] comment id: 169021, task comment status: success
[23:59:14] - [Инфо] comment id: 169022, task comment status: success
[23:59:14] - [Инфо] Сущность с ID: 2882 обработана на сервере.
[23:59:14] - [Инфо] Отправка данных в Спутник...
[23:59:14] - [Инфо] task status: success, task time status: success
[23:59:14] - [Инфо] SputnikTaskID: 33543
[23:59:15] - [Инфо] comment id: 169023, task comment status: success
[23:59:15] - [Инфо] Сущность с ID: 2883 обработана на сервере.
[23:59:15] - [Инфо] Отправка данных в Спутник...
[23:59:15] - [Инфо] task status: success, task time status: success
[23:59:15] - [Инфо] SputnikTaskID: 33544
[23:59:15] - [Инфо] comment id: 169024, task comment status: success
[23:59:15] - [Инфо] comment id: 169025, task comment status: success
[23:59:15] - [Инфо] Сущность с ID: 2884 обработана на сервере.
[23:59:15] - [Инфо] Начало автоматической выгрузки данных
[23:59:15] - [Инфо] Developer - Mkrtchyan Martun <mart@kassa26.ru>
[23:59:15] - [Инфо] [OkDesk] Файл: '2563-2563data.json' - уже существует в 'data/okdesk'
[23:59:15] - [Инфо] Отправка данных в Спутник...
[23:59:15] - [Инфо] task status: success, task time status: success
[23:59:15] - [Инфо] SputnikTaskID: 33545
[23:59:16] - [Инфо] [LOG] Заявка не является завершенной (OkDesk ID: 2563) Пропуск...
[23:59:16] - [Инфо] Developer - Mkrtchyan Martun <mart@kassa26.ru>
[23:59:16] - [Инфо] [OkDesk] Файл: '2589-2589data.json' - уже существует в 'data/okdesk'
[23:59:16] - [Инфо] comment id: 169026, task comment status: success
[23:59:16] - [Инфо] comment id: 169027, task comment status: success
[23:59:16] - [Инфо] [LOG] Заявка не является завершенной (OkDesk ID: 2589) Пропуск...
[23:59:16] - [Инфо] Developer - Mkrtchyan Martun <mart@kassa26.ru>
[23:59:16] - [Инфо] [OkDesk] Файл: '2625-2625data.json' - уже существует в 'data/okdesk'
[23:59:16] - [Инфо] [LOG] Заявка не является завершенной (OkDesk ID: 2625) Пропуск...
[23:59:16] - [Инфо] Developer - Mkrtchyan Martun <mart@kassa26.ru>
[23:59:16] - [Инфо] [OkDesk] Файл: '2685-2685data.json' - уже существует в 'data/okdesk'
[23:59:16] - [Инфо] [LOG] Заявка не является завершенной (OkDesk ID: 2685) Пропуск...
[23:59:16] - [Инфо] Developer - Mkrtchyan Martun <mart@kassa26.ru>
[23:59:16] - [Инфо] [OkDesk] Файл: '2702-2702data.json' - уже существует в 'data/okdesk'
[23:59:17] - [Инфо] [LOG] Заявка не является завершенной (OkDesk ID: 2702) Пропуск...
[23:59:17] - [Инфо] Developer - Mkrtchyan Martun <mart@kassa26.ru>
[23:59:17] - [Инфо] [OkDesk] Файл: '2821-2821data.json' - уже существует в 'data/okdesk'
[23:59:17] - [Инфо] [LOG] Заявка не является завершенной (OkDesk ID: 2821) Пропуск...
[23:59:17] - [Инфо] Developer - Mkrtchyan Martun <mart@kassa26.ru>
[23:59:17] - [Инфо] [OkDesk] Файл: '2835-2835data.json' - уже существует в 'data/okdesk'
[23:59:17] - [Инфо] Сущность с ID: 2835 обработана на сервере.
[23:59:17] - [Инфо] Developer - Mkrtchyan Martun <mart@kassa26.ru>
[23:59:17] - [Инфо] [OkDesk] Файл: '2845-2845data.json' - уже существует в 'data/okdesk'
[23:59:18] - [Инфо] Отправка данных в Спутник...
[23:59:18] - [Инфо] task status: success, task time status: success
[23:59:18] - [Инфо] SputnikTaskID: 33546
[23:59:18] - [Инфо] [LOG] Заявка не является завершенной (OkDesk ID: 2845) Пропуск...
[23:59:18] - [Инфо] Developer - Mkrtchyan Martun <mart@kassa26.ru>
[23:59:18] - [Инфо] comment id: 169028, task comment status: success
[23:59:18] - [Инфо] Сущность с ID: 2851 обработана на сервере.
[23:59:18] - [Инфо] Отправка данных в Спутник...
[23:59:18] - [Инфо] task status: success, task time status: success
[23:59:18] - [Инфо] SputnikTaskID: 33547
[23:59:19] - [Инфо] comment id: 169029, task comment status: success
