[23:59:3] - [Инфо] Начало цикла след. последовательности
[23:59:3] - [Инфо] Developer - Mkrtchyan Martun <mart@kassa26.ru>
[23:59:5] - Заявка уже была ранее выгружена. (OkDesk ID: 3203), пожалуйста исправьте ошибку[23:59:5] - [Инфо] Сущность с ID: 3204 обработана на сервере.
[23:59:6] - [Инфо] Сущность с ID: 3205 обработана на сервере.
[23:59:7] - [Инфо] Сущность с ID: 3206 обработана на сервере.
[23:59:7] - [Инфо] Сущность с ID: 3207 обработана на сервере.
[23:59:8] - [Инфо] Сущность с ID: 3208 обработана на сервере.
[23:59:10] - [Инфо] Сущность с ID: 3209 обработана на сервере.
[23:59:11] - [Инфо] Сущность с ID: 3210 обработана на сервере.
[23:59:12] - [Инфо] Сущность с ID: 3211 обработана на сервере.
[23:59:12] - [Инфо] Сущность с ID: 3212 обработана на сервере.
[23:59:13] - [Инфо] Сущность с ID: 3213 обработана на сервере.
[23:59:13] - [Инфо] Сущность с ID: 3214 обработана на сервере.
[23:59:14] - [Инфо] Сущность с ID: 3215 обработана на сервере.
[23:59:14] - Записи 3216 не существует, пожалуйста исправьте ошибку[23:59:14] - [Инфо] DEBUG: Записи 3216 не существует
[23:59:14] - Записи 3217 не существует, пожалуйста исправьте ошибку[23:59:14] - [Инфо] DEBUG: Записи 3217 не существует
[23:59:14] - Записи 3218 не существует, пожалуйста исправьте ошибку[23:59:14] - [Инфо] DEBUG: Записи 3218 не существует
[23:59:14] - Записи 3219 не существует, пожалуйста исправьте ошибку[23:59:14] - [Инфо] DEBUG: Записи 3219 не существует
[23:59:15] - Записи 3220 не существует, пожалуйста исправьте ошибку[23:59:15] - [Инфо] DEBUG: Записи 3220 не существует
[23:59:15] - Записи 3221 не существует, пожалуйста исправьте ошибку[23:59:15] - [Инфо] DEBUG: Записи 3221 не существует
[23:59:15] - Записи 3222 не существует, пожалуйста исправьте ошибку[23:59:15] - [Инфо] DEBUG: Записи 3222 не существует
[23:59:15] - Записи 3223 не существует, пожалуйста исправьте ошибку[23:59:15] - [Инфо] DEBUG: Записи 3223 не существует
[23:59:15] - Записи 3224 не существует, пожалуйста исправьте ошибку[23:59:15] - [Инфо] DEBUG: Записи 3224 не существует
[23:59:15] - Записи 3225 не существует, пожалуйста исправьте ошибку[23:59:16] - [Инфо] DEBUG: Записи 3225 не существует
[23:59:16] - Записи 3226 не существует, пожалуйста исправьте ошибку[23:59:16] - [Инфо] DEBUG: Записи 3226 не существует
[23:59:16] - Записи 3227 не существует, пожалуйста исправьте ошибку[23:59:16] - [Инфо] DEBUG: Записи 3227 не существует
[23:59:16] - Записи 3228 не существует, пожалуйста исправьте ошибку[23:59:16] - [Инфо] DEBUG: Записи 3228 не существует
[23:59:16] - [Инфо] Начало автоматической выгрузки данных
[23:59:16] - [Инфо] Developer - Mkrtchyan Martun <mart@kassa26.ru>
[23:59:16] - [Инфо] [OkDesk] Файл: '2563-2563data.json' - уже существует в 'data/okdesk'
[23:59:17] - [Инфо] [LOG] Заявка не является завершенной (OkDesk ID: 2563) Пропуск...
[23:59:17] - [Инфо] Developer - Mkrtchyan Martun <mart@kassa26.ru>
[23:59:17] - [Инфо] [OkDesk] Файл: '2589-2589data.json' - уже существует в 'data/okdesk'
[23:59:17] - [Инфо] [LOG] Заявка не является завершенной (OkDesk ID: 2589) Пропуск...
[23:59:17] - [Инфо] Developer - Mkrtchyan Martun <mart@kassa26.ru>
[23:59:17] - [Инфо] [OkDesk] Файл: '2625-2625data.json' - уже существует в 'data/okdesk'
[23:59:17] - [Инфо] [LOG] Заявка не является завершенной (OkDesk ID: 2625) Пропуск...
[23:59:17] - [Инфо] Developer - Mkrtchyan Martun <mart@kassa26.ru>
[23:59:17] - [Инфо] [OkDesk] Файл: '2685-2685data.json' - уже существует в 'data/okdesk'
[23:59:18] - [Инфо] [LOG] Заявка не является завершенной (OkDesk ID: 2685) Пропуск...
[23:59:18] - [Инфо] Developer - Mkrtchyan Martun <mart@kassa26.ru>
[23:59:18] - [Инфо] [OkDesk] Файл: '2702-2702data.json' - уже существует в 'data/okdesk'
[23:59:18] - [Инфо] [LOG] Заявка не является завершенной (OkDesk ID: 2702) Пропуск...
[23:59:18] - [Инфо] Developer - Mkrtchyan Martun <mart@kassa26.ru>
[23:59:18] - [Инфо] [OkDesk] Файл: '2821-2821data.json' - уже существует в 'data/okdesk'
[23:59:18] - [Инфо] [LOG] Заявка не является завершенной (OkDesk ID: 2821) Пропуск...
[23:59:18] - [Инфо] Developer - Mkrtchyan Martun <mart@kassa26.ru>
[23:59:18] - [Инфо] [OkDesk] Файл: '2845-2845data.json' - уже существует в 'data/okdesk'
[23:59:19] - [Инфо] [LOG] Заявка не является завершенной (OkDesk ID: 2845) Пропуск...
[23:59:19] - [Инфо] Developer - Mkrtchyan Martun <mart@kassa26.ru>
[23:59:19] - [Инфо] [OkDesk] Файл: '2926-2926data.json' - уже существует в 'data/okdesk'
[23:59:19] - [Инфо] [LOG] Заявка не является завершенной (OkDesk ID: 2926) Пропуск...
[23:59:19] - [Инфо] Developer - Mkrtchyan Martun <mart@kassa26.ru>
[23:59:19] - [Инфо] [OkDesk] Файл: '3022-3022data.json' - уже существует в 'data/okdesk'
[23:59:19] - [Инфо] [LOG] Заявка не является завершенной (OkDesk ID: 3022) Пропуск...
[23:59:20] - [Инфо] Отправка данных в Спутник...
[23:59:20] - [Инфо] task status: success, task time status: success
[23:59:20] - [Инфо] SputnikTaskID: 34150
[23:59:20] - [Инфо] Отправка данных в Спутник...
[23:59:20] - [Инфо] task status: success, task time status: success
[23:59:20] - [Инфо] SputnikTaskID: 34151
[23:59:20] - [Инфо] Отправка данных в Спутник...
[23:59:20] - [Инфо] task status: success, task time status: success
[23:59:20] - [Инфо] SputnikTaskID: 34153
[23:59:20] - [Инфо] Отправка данных в Спутник...
[23:59:20] - [Инфо] task status: success, task time status: success
[23:59:20] - [Инфо] SputnikTaskID: 34152
[23:59:20] - [Инфо] Отправка данных в Спутник...
[23:59:20] - [Инфо] task status: success, task time status: success
[23:59:20] - [Инфо] SputnikTaskID: 34154
[23:59:20] - [Инфо] Отправка данных в Спутник...
[23:59:20] - [Инфо] task status: success, task time status: success
[23:59:20] - [Инфо] SputnikTaskID: 34155
[23:59:20] - [Инфо] Отправка данных в Спутник...
[23:59:20] - [Инфо] task status: success, task time status: success
[23:59:20] - [Инфо] SputnikTaskID: 34157
[23:59:20] - [Инфо] Отправка данных в Спутник...
[23:59:20] - [Инфо] task status: success, task time status: success
[23:59:20] - [Инфо] SputnikTaskID: 34156
[23:59:20] - [Инфо] comment id: 171547, task comment status: success
[23:59:20] - [Инфо] comment id: 171548, task comment status: success
[23:59:20] - [Инфо] comment id: 171549, task comment status: success
[23:59:20] - [Инфо] comment id: 171551, task comment status: success
[23:59:20] - [Инфо] comment id: 171550, task comment status: success
[23:59:20] - [Инфо] comment id: 171553, task comment status: success
[23:59:20] - [Инфо] comment id: 171552, task comment status: success
[23:59:21] - [Инфо] comment id: 171554, task comment status: success
[23:59:21] - [Инфо] comment id: 171555, task comment status: success
[23:59:21] - [Инфо] comment id: 171556, task comment status: success
[23:59:21] - [Инфо] comment id: 171557, task comment status: success
[23:59:21] - [Инфо] comment id: 171558, task comment status: success
