[23:59:1] - [Инфо] Начало цикла след. последовательности
[23:59:1] - [Инфо] Developer - Mkrtchyan Martun <mart@kassa26.ru>
[23:59:2] - Заявка уже была ранее выгружена. (OkDesk ID: 2631), пожалуйста исправьте ошибку[23:59:2] - [Инфо] [LOG] Заявка не является завершенной (OkDesk ID: 2632) Пропуск...
[23:59:2] - [Инфо] 2633
[23:59:2] - [Инфо] [LOG] Заявка не является завершенной (OkDesk ID: 2633) Пропуск...
[23:59:3] - [Инфо] Сущность с ID: 2634 обработана на сервере.
[23:59:4] - [Инфо] Отправка данных в Спутник...
[23:59:4] - [Инфо] task status: success, task time status: success
[23:59:4] - [Инфо] SputnikTaskID: 33042
[23:59:4] - [Инфо] Сущность с ID: 2635 обработана на сервере.
[23:59:4] - [Инфо] Отправка данных в Спутник...
[23:59:4] - [Инфо] task status: success, task time status: success
[23:59:4] - [Инфо] SputnikTaskID: 33043
[23:59:4] - [Инфо] comment id: 166225, task comment status: success
[23:59:4] - [Инфо] Сущность с ID: 2636 обработана на сервере.
[23:59:4] - [Инфо] comment id: 166226, task comment status: success
[23:59:4] - [Инфо] Отправка данных в Спутник...
[23:59:4] - [Инфо] task status: success, task time status: success
[23:59:4] - [Инфо] SputnikTaskID: 33044
[23:59:5] - [Инфо] comment id: 166227, task comment status: success
[23:59:5] - [Инфо] Сущность с ID: 2637 обработана на сервере.
[23:59:5] - [Инфо] Отправка данных в Спутник...
[23:59:5] - [Инфо] task status: success, task time status: success
[23:59:5] - [Инфо] SputnikTaskID: 33045
[23:59:5] - [Инфо] comment id: 166228, task comment status: success
[23:59:5] - [Инфо] Сущность с ID: 2638 обработана на сервере.
[23:59:5] - [Инфо] Отправка данных в Спутник...
[23:59:5] - [Инфо] task status: success, task time status: success
[23:59:5] - [Инфо] SputnikTaskID: 33046
[23:59:6] - [Инфо] Сущность с ID: 2639 обработана на сервере.
[23:59:6] - [Инфо] Отправка данных в Спутник...
[23:59:6] - [Инфо] task status: success, task time status: success
[23:59:6] - [Инфо] SputnikTaskID: 33047
[23:59:6] - [Инфо] comment id: 166229, task comment status: success
[23:59:6] - [Инфо] comment id: 166230, task comment status: success
[23:59:7] - [Инфо] Сущность с ID: 2640 обработана на сервере.
[23:59:7] - [Инфо] Отправка данных в Спутник...
[23:59:7] - [Инфо] task status: success, task time status: success
[23:59:7] - [Инфо] SputnikTaskID: 33048
[23:59:7] - [Инфо] comment id: 166231, task comment status: success
[23:59:7] - [Инфо] Сущность с ID: 2641 обработана на сервере.
[23:59:8] - [Инфо] Отправка данных в Спутник...
[23:59:8] - [Инфо] task status: success, task time status: success
[23:59:8] - [Инфо] SputnikTaskID: 33049
[23:59:8] - [Инфо] comment id: 166232, task comment status: success
[23:59:8] - [Инфо] Сущность с ID: 2642 обработана на сервере.
[23:59:8] - [Инфо] comment id: 166233, task comment status: success
[23:59:8] - [Инфо] Отправка данных в Спутник...
[23:59:8] - [Инфо] task status: success, task time status: success
[23:59:8] - [Инфо] SputnikTaskID: 33050
[23:59:9] - [Инфо] comment id: 166234, task comment status: success
[23:59:9] - [Инфо] Сущность с ID: 2643 обработана на сервере.
[23:59:9] - [Инфо] comment id: 166235, task comment status: success
[23:59:9] - [Инфо] Отправка данных в Спутник...
[23:59:9] - [Инфо] task status: success, task time status: success
[23:59:9] - [Инфо] SputnikTaskID: 33051
[23:59:9] - [Инфо] comment id: 166236, task comment status: success
[23:59:9] - [Инфо] Сущность с ID: 2644 обработана на сервере.
[23:59:9] - Записи 2645 не существует, пожалуйста исправьте ошибку[23:59:9] - [Инфо] comment id: 166237, task comment status: success
[23:59:9] - [Инфо] DEBUG: Записи 2645 не существует
[23:59:9] - [Инфо] Отправка данных в Спутник...
[23:59:9] - [Инфо] task status: success, task time status: success
[23:59:9] - [Инфо] SputnikTaskID: 33052
[23:59:9] - Записи 2646 не существует, пожалуйста исправьте ошибку[23:59:9] - [Инфо] DEBUG: Записи 2646 не существует
[23:59:10] - Записи 2647 не существует, пожалуйста исправьте ошибку[23:59:10] - [Инфо] comment id: 166238, task comment status: success
[23:59:10] - [Инфо] DEBUG: Записи 2647 не существует
[23:59:10] - Записи 2648 не существует, пожалуйста исправьте ошибку[23:59:10] - [Инфо] DEBUG: Записи 2648 не существует
[23:59:10] - Записи 2649 не существует, пожалуйста исправьте ошибку[23:59:10] - [Инфо] DEBUG: Записи 2649 не существует
[23:59:10] - Записи 2650 не существует, пожалуйста исправьте ошибку[23:59:10] - [Инфо] DEBUG: Записи 2650 не существует
[23:59:10] - Записи 2651 не существует, пожалуйста исправьте ошибку[23:59:10] - [Инфо] DEBUG: Записи 2651 не существует
[23:59:10] - Записи 2652 не существует, пожалуйста исправьте ошибку[23:59:11] - [Инфо] DEBUG: Записи 2652 не существует
[23:59:11] - Записи 2653 не существует, пожалуйста исправьте ошибку[23:59:11] - [Инфо] DEBUG: Записи 2653 не существует
[23:59:11] - Записи 2654 не существует, пожалуйста исправьте ошибку[23:59:11] - [Инфо] DEBUG: Записи 2654 не существует
[23:59:11] - Записи 2655 не существует, пожалуйста исправьте ошибку[23:59:11] - [Инфо] DEBUG: Записи 2655 не существует
[23:59:11] - Записи 2656 не существует, пожалуйста исправьте ошибку[23:59:11] - [Инфо] DEBUG: Записи 2656 не существует
[23:59:11] - [Инфо] Начало автоматической выгрузки данных
[23:59:11] - [Инфо] Developer - Mkrtchyan Martun <mart@kassa26.ru>
[23:59:11] - [Инфо] [OkDesk] Файл: '2485-2485data.json' - уже существует в 'data/okdesk'
[23:59:12] - [Инфо] Сущность с ID: 2485 обработана на сервере.
[23:59:12] - [Инфо] Developer - Mkrtchyan Martun <mart@kassa26.ru>
[23:59:12] - [Инфо] [OkDesk] Файл: '2563-2563data.json' - уже существует в 'data/okdesk'
[23:59:12] - [Инфо] Отправка данных в Спутник...
[23:59:12] - [Инфо] task status: success, task time status: success
[23:59:12] - [Инфо] SputnikTaskID: 33053
[23:59:12] - [Инфо] [LOG] Заявка не является завершенной (OkDesk ID: 2563) Пропуск...
[23:59:12] - [Инфо] Developer - Mkrtchyan Martun <mart@kassa26.ru>
[23:59:12] - [Инфо] [OkDesk] Файл: '2589-2589data.json' - уже существует в 'data/okdesk'
[23:59:12] - [Инфо] comment id: 166239, task comment status: success
[23:59:12] - [Инфо] [LOG] Заявка не является завершенной (OkDesk ID: 2589) Пропуск...
[23:59:12] - [Инфо] Developer - Mkrtchyan Martun <mart@kassa26.ru>
[23:59:12] - [Инфо] [OkDesk] Файл: '2625-2625data.json' - уже существует в 'data/okdesk'
[23:59:12] - [Инфо] comment id: 166240, task comment status: success
[23:59:13] - [Инфо] comment id: 166241, task comment status: success
[23:59:13] - [Инфо] [LOG] Заявка не является завершенной (OkDesk ID: 2625) Пропуск...
[23:59:13] - [Инфо] Developer - Mkrtchyan Martun <mart@kassa26.ru>
[23:59:13] - [Инфо] comment id: 166242, task comment status: success
[23:59:13] - [Инфо] comment id: 166243, task comment status: success
[23:59:13] - [Инфо] comment id: 166244, task comment status: success
[23:59:13] - [Инфо] comment id: 166245, task comment status: success
[23:59:13] - [Инфо] [LOG] Заявка не является завершенной (OkDesk ID: 2632) Пропуск...
[23:59:13] - [Инфо] comment id: 166246, task comment status: success
