[23:59:1] - [Инфо] Начало цикла след. последовательности
[23:59:1] - [Инфо] Developer - Mkrtchyan Martun <mart@kassa26.ru>
[23:59:1] - Заявка уже была ранее выгружена. (OkDesk ID: 2279), пожалуйста исправьте ошибку[23:59:2] - [Инфо] Сущность с ID: 2280 обработана на сервере.
[23:59:2] - [Инфо] Отправка данных в Спутник...
[23:59:2] - [Инфо] task status: success, task time status: success
[23:59:2] - [Инфо] SputnikTaskID: 32441
[23:59:3] - [Инфо] Сущность с ID: 2281 обработана на сервере.
[23:59:3] - [Инфо] Отправка данных в Спутник...
[23:59:3] - [Инфо] task status: success, task time status: success
[23:59:3] - [Инфо] SputnikTaskID: 32442
[23:59:3] - [Инфо] comment id: 163027, task comment status: success
[23:59:3] - [Инфо] comment id: 163028, task comment status: success
[23:59:3] - [Инфо] Сущность с ID: 2282 обработана на сервере.
[23:59:3] - [Инфо] comment id: 163029, task comment status: success
[23:59:3] - [Инфо] comment id: 163030, task comment status: success
[23:59:3] - [Инфо] Отправка данных в Спутник...
[23:59:3] - [Инфо] task status: success, task time status: success
[23:59:3] - [Инфо] SputnikTaskID: 32443
[23:59:4] - [Инфо] comment id: 163031, task comment status: success
[23:59:4] - [Инфо] Сущность с ID: 2283 обработана на сервере.
[23:59:4] - [Инфо] Отправка данных в Спутник...
[23:59:4] - [Инфо] task status: success, task time status: success
[23:59:4] - [Инфо] SputnikTaskID: 32444
[23:59:4] - [Инфо] comment id: 163032, task comment status: success
[23:59:4] - [Инфо] Сущность с ID: 2284 обработана на сервере.
[23:59:4] - [Инфо] comment id: 163033, task comment status: success
[23:59:4] - [Инфо] Отправка данных в Спутник...
[23:59:4] - [Инфо] task status: success, task time status: success
[23:59:4] - [Инфо] SputnikTaskID: 32445
[23:59:5] - [Инфо] comment id: 163034, task comment status: success
[23:59:5] - [Инфо] Сущность с ID: 2285 обработана на сервере.
[23:59:5] - [Инфо] Отправка данных в Спутник...
[23:59:5] - [Инфо] task status: success, task time status: success
[23:59:5] - [Инфо] SputnikTaskID: 32446
[23:59:5] - [Инфо] comment id: 163035, task comment status: success
[23:59:5] - [Инфо] Сущность с ID: 2286 обработана на сервере.
[23:59:6] - [Инфо] Отправка данных в Спутник...
[23:59:6] - [Инфо] task status: success, task time status: success
[23:59:6] - [Инфо] SputnikTaskID: 32447
[23:59:6] - [Инфо] comment id: 163036, task comment status: success
[23:59:6] - [Инфо] Сущность с ID: 2287 обработана на сервере.
[23:59:6] - [Инфо] comment id: 163037, task comment status: success
[23:59:6] - [Инфо] Отправка данных в Спутник...
[23:59:6] - [Инфо] task status: success, task time status: success
[23:59:6] - [Инфо] SputnikTaskID: 32448
[23:59:6] - [Инфо] comment id: 163038, task comment status: success
[23:59:6] - [Инфо] comment id: 163039, task comment status: success
[23:59:6] - [Инфо] comment id: 163040, task comment status: success
[23:59:6] - [Инфо] Сущность с ID: 2288 обработана на сервере.
[23:59:6] - [Инфо] comment id: 163041, task comment status: success
[23:59:7] - [Инфо] Отправка данных в Спутник...
[23:59:7] - [Инфо] task status: success, task time status: success
[23:59:7] - [Инфо] SputnikTaskID: 32449
[23:59:7] - [Инфо] comment id: 163042, task comment status: success
[23:59:7] - [Инфо] Сущность с ID: 2289 обработана на сервере.
[23:59:7] - [Инфо] Отправка данных в Спутник...
[23:59:7] - [Инфо] task status: success, task time status: success
[23:59:7] - [Инфо] SputnikTaskID: 32450
[23:59:7] - [Инфо] comment id: 163043, task comment status: success
[23:59:8] - [Инфо] Сущность с ID: 2290 обработана на сервере.
[23:59:8] - [Инфо] Отправка данных в Спутник...
[23:59:8] - [Инфо] task status: success, task time status: success
[23:59:8] - [Инфо] SputnikTaskID: 32451
[23:59:8] - [Инфо] comment id: 163044, task comment status: success
[23:59:8] - [Инфо] Сущность с ID: 2291 обработана на сервере.
[23:59:8] - [Инфо] comment id: 163045, task comment status: success
[23:59:8] - [Инфо] Отправка данных в Спутник...
[23:59:8] - [Инфо] task status: success, task time status: success
[23:59:8] - [Инфо] SputnikTaskID: 32452
[23:59:9] - [Инфо] comment id: 163046, task comment status: success
[23:59:9] - [Инфо] Сущность с ID: 2292 обработана на сервере.
[23:59:9] - [Инфо] comment id: 163047, task comment status: success
[23:59:9] - [Инфо] Отправка данных в Спутник...
[23:59:9] - [Инфо] task status: success, task time status: success
[23:59:9] - [Инфо] SputnikTaskID: 32453
[23:59:9] - [Инфо] comment id: 163048, task comment status: success
[23:59:9] - [Инфо] comment id: 163049, task comment status: success
[23:59:9] - [Инфо] comment id: 163050, task comment status: success
[23:59:9] - [Инфо] Сущность с ID: 2293 обработана на сервере.
[23:59:9] - [Инфо] Отправка данных в Спутник...
[23:59:9] - [Инфо] task status: success, task time status: success
[23:59:9] - [Инфо] SputnikTaskID: 32454
[23:59:10] - [Инфо] comment id: 163051, task comment status: success
[23:59:10] - [Инфо] Сущность с ID: 2294 обработана на сервере.
[23:59:10] - [Инфо] Отправка данных в Спутник...
[23:59:10] - [Инфо] task status: success, task time status: success
[23:59:10] - [Инфо] SputnikTaskID: 32455
[23:59:10] - [Инфо] comment id: 163052, task comment status: success
[23:59:10] - [Инфо] comment id: 163053, task comment status: success
[23:59:10] - [Инфо] Сущность с ID: 2295 обработана на сервере.
[23:59:11] - [Инфо] Отправка данных в Спутник...
[23:59:11] - [Инфо] task status: success, task time status: success
[23:59:11] - [Инфо] SputnikTaskID: 32456
[23:59:11] - [Инфо] comment id: 163054, task comment status: success
[23:59:11] - [Инфо] Сущность с ID: 2296 обработана на сервере.
[23:59:11] - [Инфо] Отправка данных в Спутник...
[23:59:11] - [Инфо] task status: success, task time status: success
[23:59:11] - [Инфо] SputnikTaskID: 32457
[23:59:11] - [Инфо] comment id: 163055, task comment status: success
[23:59:12] - [Инфо] Сущность с ID: 2297 обработана на сервере.
[23:59:12] - [Инфо] comment id: 163056, task comment status: success
[23:59:12] - [Инфо] Отправка данных в Спутник...
[23:59:12] - [Инфо] task status: success, task time status: success
[23:59:12] - [Инфо] SputnikTaskID: 32458
[23:59:12] - [Инфо] comment id: 163057, task comment status: success
[23:59:12] - [Инфо] Сущность с ID: 2298 обработана на сервере.
[23:59:12] - [Инфо] comment id: 163058, task comment status: success
[23:59:12] - [Инфо] Отправка данных в Спутник...
[23:59:12] - [Инфо] task status: success, task time status: success
[23:59:12] - [Инфо] SputnikTaskID: 32459
[23:59:13] - [Инфо] comment id: 163059, task comment status: success
[23:59:13] - [Инфо] Сущность с ID: 2299 обработана на сервере.
[23:59:13] - [Инфо] Отправка данных в Спутник...
[23:59:13] - [Инфо] task status: success, task time status: success
[23:59:13] - [Инфо] SputnikTaskID: 32460
[23:59:13] - [Инфо] comment id: 163060, task comment status: success
[23:59:13] - [Инфо] Сущность с ID: 2300 обработана на сервере.
[23:59:13] - [Инфо] Отправка данных в Спутник...
[23:59:13] - [Инфо] task status: success, task time status: success
[23:59:13] - [Инфо] SputnikTaskID: 32461
[23:59:14] - [Инфо] comment id: 163061, task comment status: success
[23:59:14] - [Инфо] Сущность с ID: 2301 обработана на сервере.
[23:59:14] - [Инфо] comment id: 163062, task comment status: success
[23:59:14] - [Инфо] Отправка данных в Спутник...
[23:59:14] - [Инфо] task status: success, task time status: success
[23:59:14] - [Инфо] SputnikTaskID: 32462
[23:59:14] - [Инфо] comment id: 163063, task comment status: success
[23:59:14] - [Инфо] Сущность с ID: 2302 обработана на сервере.
[23:59:15] - [Инфо] Отправка данных в Спутник...
[23:59:15] - [Инфо] task status: success, task time status: success
[23:59:15] - [Инфо] SputnikTaskID: 32463
[23:59:15] - [Инфо] comment id: 163064, task comment status: success
[23:59:15] - [Инфо] Сущность с ID: 2303 обработана на сервере.
[23:59:15] - [Инфо] Отправка данных в Спутник...
[23:59:15] - [Инфо] task status: success, task time status: success
[23:59:15] - [Инфо] SputnikTaskID: 32464
[23:59:15] - [Инфо] comment id: 163065, task comment status: success
[23:59:15] - [Инфо] Сущность с ID: 2304 обработана на сервере.
[23:59:15] - [Инфо] Начало автоматической выгрузки данных
[23:59:15] - [Инфо] Developer - Mkrtchyan Martun <mart@kassa26.ru>
[23:59:15] - [Инфо] [OkDesk] Файл: '2097-2097data.json' - уже существует в 'data/okdesk'
[23:59:16] - Записи 2097 не существует, пожалуйста исправьте ошибку[23:59:16] - Записи 2097 не существует, пожалуйста исправьте ошибку[23:59:16] - [Инфо] Отправка данных в Спутник...
[23:59:16] - [Инфо] task status: success, task time status: success
[23:59:16] - [Инфо] SputnikTaskID: 32465
[23:59:16] - [Инфо] comment id: 163066, task comment status: success
