[23:59:3] - [Инфо] Начало цикла след. последовательности
[23:59:3] - [Инфо] Developer - Mkrtchyan Martun <mart@kassa26.ru>
[23:59:5] - Заявка уже была ранее выгружена. (OkDesk ID: 2884), пожалуйста исправьте ошибку[23:59:22] - [Инфо] Сущность с ID: 2885 обработана на сервере.
[23:59:23] - [Инфо] Отправка данных в Спутник...
[23:59:23] - [Инфо] task status: success, task time status: success
[23:59:23] - [Инфо] SputnikTaskID: 33559
[23:59:24] - [Инфо] comment id: 169076, task comment status: success
[23:59:40] - [Инфо] Сущность с ID: 2886 обработана на сервере.
[23:59:40] - [Инфо] Отправка данных в Спутник...
[23:59:40] - [Инфо] task status: success, task time status: success
[23:59:40] - [Инфо] SputnikTaskID: 33560
[23:59:40] - [Инфо] comment id: 169077, task comment status: success
[23:59:41] - [Инфо] comment id: 169078, task comment status: success
[23:59:41] - [Инфо] 2887
[23:59:41] - [Инфо] [LOG] Заявка не является завершенной (OkDesk ID: 2887) Пропуск...
[23:59:42] - [Инфо] 2888
[23:59:42] - [Инфо] [LOG] Заявка не является завершенной (OkDesk ID: 2888) Пропуск...
[23:59:43] - [Инфо] Сущность с ID: 2889 обработана на сервере.
[23:59:43] - [Инфо] Отправка данных в Спутник...
[23:59:43] - [Инфо] task status: success, task time status: success
[23:59:43] - [Инфо] SputnikTaskID: 33561
[23:59:44] - [Инфо] comment id: 169079, task comment status: success
[23:59:46] - [Инфо] 2890
[23:59:46] - [Инфо] [LOG] Заявка не является завершенной (OkDesk ID: 2890) Пропуск...
[23:59:47] - [Инфо] Сущность с ID: 2891 обработана на сервере.
[23:59:47] - [Инфо] Отправка данных в Спутник...
[23:59:47] - [Инфо] task status: success, task time status: success
[23:59:47] - [Инфо] SputnikTaskID: 33562
[23:59:56] - [Инфо] Сущность с ID: 2892 обработана на сервере.
[23:59:56] - [Инфо] Отправка данных в Спутник...
[23:59:56] - [Инфо] task status: success, task time status: success
[23:59:56] - [Инфо] SputnikTaskID: 33563
[23:59:57] - [Инфо] comment id: 169080, task comment status: success
[23:59:57] - [Инфо] comment id: 169081, task comment status: success
