[23:59:2] - [Инфо] Начало цикла след. последовательности
[23:59:2] - [Инфо] Developer - Mkrtchyan Martun <mart@kassa26.ru>
[23:59:3] - Заявка уже была ранее выгружена. (OkDesk ID: 3215), пожалуйста исправьте ошибку[23:59:4] - [Инфо] Сущность с ID: 3216 обработана на сервере.
[23:59:4] - [Инфо] Отправка данных в Спутник...
[23:59:4] - [Инфо] task status: success, task time status: success
[23:59:4] - [Инфо] SputnikTaskID: 34158
[23:59:5] - [Инфо] Сущность с ID: 3217 обработана на сервере.
[23:59:5] - [Инфо] Отправка данных в Спутник...
[23:59:5] - [Инфо] task status: success, task time status: success
[23:59:5] - [Инфо] SputnikTaskID: 34159
[23:59:5] - [Инфо] comment id: 171559, task comment status: success
[23:59:5] - [Инфо] comment id: 171560, task comment status: success
[23:59:5] - [Инфо] comment id: 171561, task comment status: success
[23:59:5] - [Инфо] Сущность с ID: 3218 обработана на сервере.
[23:59:5] - [Инфо] comment id: 171562, task comment status: success
[23:59:5] - [Инфо] Отправка данных в Спутник...
[23:59:5] - [Инфо] task status: success, task time status: success
[23:59:5] - [Инфо] SputnikTaskID: 34160
[23:59:6] - [Инфо] comment id: 171563, task comment status: success
[23:59:6] - [Инфо] Сущность с ID: 3219 обработана на сервере.
[23:59:6] - [Инфо] Отправка данных в Спутник...
[23:59:6] - [Инфо] task status: success, task time status: success
[23:59:6] - [Инфо] SputnikTaskID: 34161
[23:59:6] - [Инфо] comment id: 171564, task comment status: success
[23:59:6] - [Инфо] Сущность с ID: 3220 обработана на сервере.
[23:59:7] - [Инфо] Отправка данных в Спутник...
[23:59:7] - [Инфо] task status: success, task time status: success
[23:59:7] - [Инфо] SputnikTaskID: 34162
[23:59:7] - [Инфо] comment id: 171565, task comment status: success
[23:59:7] - [Инфо] Сущность с ID: 3221 обработана на сервере.
[23:59:7] - Записи 3222 не существует, пожалуйста исправьте ошибку[23:59:7] - [Инфо] comment id: 171566, task comment status: success
[23:59:7] - [Инфо] DEBUG: Записи 3222 не существует
[23:59:7] - [Инфо] Отправка данных в Спутник...
[23:59:7] - [Инфо] task status: success, task time status: success
[23:59:7] - [Инфо] SputnikTaskID: 34163
[23:59:7] - Записи 3223 не существует, пожалуйста исправьте ошибку[23:59:7] - [Инфо] DEBUG: Записи 3223 не существует
[23:59:7] - Записи 3224 не существует, пожалуйста исправьте ошибку[23:59:7] - [Инфо] comment id: 171567, task comment status: success
[23:59:8] - [Инфо] DEBUG: Записи 3224 не существует
[23:59:8] - Записи 3225 не существует, пожалуйста исправьте ошибку[23:59:8] - [Инфо] DEBUG: Записи 3225 не существует
[23:59:8] - Записи 3226 не существует, пожалуйста исправьте ошибку[23:59:8] - [Инфо] DEBUG: Записи 3226 не существует
[23:59:8] - Записи 3227 не существует, пожалуйста исправьте ошибку[23:59:8] - [Инфо] DEBUG: Записи 3227 не существует
[23:59:8] - Записи 3228 не существует, пожалуйста исправьте ошибку[23:59:8] - [Инфо] DEBUG: Записи 3228 не существует
[23:59:8] - Записи 3229 не существует, пожалуйста исправьте ошибку[23:59:8] - [Инфо] DEBUG: Записи 3229 не существует
[23:59:8] - Записи 3230 не существует, пожалуйста исправьте ошибку[23:59:9] - [Инфо] DEBUG: Записи 3230 не существует
[23:59:9] - Записи 3231 не существует, пожалуйста исправьте ошибку[23:59:9] - [Инфо] DEBUG: Записи 3231 не существует
[23:59:9] - Записи 3232 не существует, пожалуйста исправьте ошибку[23:59:9] - [Инфо] DEBUG: Записи 3232 не существует
[23:59:9] - Записи 3233 не существует, пожалуйста исправьте ошибку[23:59:9] - [Инфо] DEBUG: Записи 3233 не существует
[23:59:9] - Записи 3234 не существует, пожалуйста исправьте ошибку[23:59:9] - [Инфо] DEBUG: Записи 3234 не существует
[23:59:9] - Записи 3235 не существует, пожалуйста исправьте ошибку[23:59:10] - [Инфо] DEBUG: Записи 3235 не существует
[23:59:10] - Записи 3236 не существует, пожалуйста исправьте ошибку[23:59:10] - [Инфо] DEBUG: Записи 3236 не существует
[23:59:10] - Записи 3237 не существует, пожалуйста исправьте ошибку[23:59:10] - [Инфо] DEBUG: Записи 3237 не существует
[23:59:10] - Записи 3238 не существует, пожалуйста исправьте ошибку[23:59:10] - [Инфо] DEBUG: Записи 3238 не существует
[23:59:10] - Записи 3239 не существует, пожалуйста исправьте ошибку[23:59:10] - [Инфо] DEBUG: Записи 3239 не существует
[23:59:10] - Записи 3240 не существует, пожалуйста исправьте ошибку[23:59:11] - [Инфо] DEBUG: Записи 3240 не существует
[23:59:11] - [Инфо] Начало автоматической выгрузки данных
[23:59:11] - [Инфо] Developer - Mkrtchyan Martun <mart@kassa26.ru>
[23:59:11] - [Инфо] [OkDesk] Файл: '2563-2563data.json' - уже существует в 'data/okdesk'
[23:59:11] - [Инфо] [LOG] Заявка не является завершенной (OkDesk ID: 2563) Пропуск...
[23:59:11] - [Инфо] Developer - Mkrtchyan Martun <mart@kassa26.ru>
[23:59:11] - [Инфо] [OkDesk] Файл: '2589-2589data.json' - уже существует в 'data/okdesk'
[23:59:11] - [Инфо] [LOG] Заявка не является завершенной (OkDesk ID: 2589) Пропуск...
[23:59:11] - [Инфо] Developer - Mkrtchyan Martun <mart@kassa26.ru>
[23:59:11] - [Инфо] [OkDesk] Файл: '2625-2625data.json' - уже существует в 'data/okdesk'
[23:59:12] - [Инфо] [LOG] Заявка не является завершенной (OkDesk ID: 2625) Пропуск...
[23:59:12] - [Инфо] Developer - Mkrtchyan Martun <mart@kassa26.ru>
[23:59:12] - [Инфо] [OkDesk] Файл: '2685-2685data.json' - уже существует в 'data/okdesk'
[23:59:12] - [Инфо] [LOG] Заявка не является завершенной (OkDesk ID: 2685) Пропуск...
[23:59:12] - [Инфо] Developer - Mkrtchyan Martun <mart@kassa26.ru>
[23:59:12] - [Инфо] [OkDesk] Файл: '2702-2702data.json' - уже существует в 'data/okdesk'
[23:59:12] - [Инфо] [LOG] Заявка не является завершенной (OkDesk ID: 2702) Пропуск...
[23:59:12] - [Инфо] Developer - Mkrtchyan Martun <mart@kassa26.ru>
[23:59:12] - [Инфо] [OkDesk] Файл: '2821-2821data.json' - уже существует в 'data/okdesk'
[23:59:12] - [Инфо] [LOG] Заявка не является завершенной (OkDesk ID: 2821) Пропуск...
[23:59:12] - [Инфо] Developer - Mkrtchyan Martun <mart@kassa26.ru>
[23:59:12] - [Инфо] [OkDesk] Файл: '2845-2845data.json' - уже существует в 'data/okdesk'
[23:59:13] - [Инфо] [LOG] Заявка не является завершенной (OkDesk ID: 2845) Пропуск...
[23:59:13] - [Инфо] Developer - Mkrtchyan Martun <mart@kassa26.ru>
[23:59:13] - [Инфо] [OkDesk] Файл: '2926-2926data.json' - уже существует в 'data/okdesk'
[23:59:13] - [Инфо] [LOG] Заявка не является завершенной (OkDesk ID: 2926) Пропуск...
[23:59:13] - [Инфо] Developer - Mkrtchyan Martun <mart@kassa26.ru>
[23:59:13] - [Инфо] [OkDesk] Файл: '3022-3022data.json' - уже существует в 'data/okdesk'
[23:59:14] - [Инфо] [LOG] Заявка не является завершенной (OkDesk ID: 3022) Пропуск...
