[16:10:0] - [Инфо] Начало цикла след. последовательности
[16:10:0] - [Инфо] Developer - Mkrtchyan Martun <mart@kassa26.ru>
[16:10:1] - Заявка уже была ранее выгружена. (OkDesk ID: 3515), пожалуйста исправьте ошибку[16:10:3] - [Инфо] Сущность с ID: 3516 обработана на сервере.
[16:10:3] - [Инфо] Отправка данных в Спутник...
[16:10:3] - [Инфо] task status: success, task time status: success
[16:10:3] - [Инфо] SputnikTaskID: 34718
[16:10:3] - [Инфо] Сущность с ID: 3517 обработана на сервере.
[16:10:4] - [Инфо] Отправка данных в Спутник...
[16:10:4] - [Инфо] task status: success, task time status: success
[16:10:4] - [Инфо] SputnikTaskID: 34719
[16:10:4] - [Инфо] comment id: 175127, task comment status: success
[16:10:4] - [Инфо] comment id: 175128, task comment status: success
[16:10:5] - [Инфо] Сущность с ID: 3518 обработана на сервере.
[16:10:5] - [Инфо] Отправка данных в Спутник...
[16:10:5] - [Инфо] task status: success, task time status: success
[16:10:5] - [Инфо] SputnikTaskID: 34720
[16:10:5] - [Инфо] comment id: 175129, task comment status: success
[16:10:6] - [Инфо] Сущность с ID: 3519 обработана на сервере.
[16:10:6] - [Инфо] Отправка данных в Спутник...
[16:10:6] - [Инфо] task status: success, task time status: success
[16:10:6] - [Инфо] SputnikTaskID: 34721
[16:10:6] - [Инфо] comment id: 175130, task comment status: success
[16:10:6] - [Инфо] Сущность с ID: 3520 обработана на сервере.
[16:10:6] - [Инфо] comment id: 175131, task comment status: success
[16:10:6] - [Инфо] Отправка данных в Спутник...
[16:10:6] - [Инфо] task status: success, task time status: success
[16:10:6] - [Инфо] SputnikTaskID: 34722
[16:10:6] - [Инфо] comment id: 175132, task comment status: success
[16:10:7] - [Инфо] comment id: 175133, task comment status: success
[16:10:7] - [Инфо] Сущность с ID: 3521 обработана на сервере.
[16:10:7] - [Инфо] Отправка данных в Спутник...
[16:10:7] - [Инфо] task status: success, task time status: success
[16:10:7] - [Инфо] SputnikTaskID: 34723
[16:10:7] - [Инфо] comment id: 175134, task comment status: success
[16:10:8] - [Инфо] Сущность с ID: 3522 обработана на сервере.
[16:10:8] - [Инфо] Отправка данных в Спутник...
[16:10:8] - [Инфо] task status: success, task time status: success
[16:10:8] - [Инфо] SputnikTaskID: 34724
[16:10:8] - [Инфо] comment id: 175135, task comment status: success
[16:10:8] - [Инфо] Сущность с ID: 3523 обработана на сервере.
[16:10:9] - [Инфо] Отправка данных в Спутник...
[16:10:9] - [Инфо] task status: success, task time status: success
[16:10:9] - [Инфо] SputnikTaskID: 34725
[16:10:9] - [Инфо] comment id: 175136, task comment status: success
[16:10:9] - [Инфо] 3524
[16:10:9] - [Инфо] [LOG] Заявка не является завершенной (OkDesk ID: 3524) Пропуск...
[16:10:10] - [Инфо] Сущность с ID: 3525 обработана на сервере.
[16:10:10] - [Инфо] Отправка данных в Спутник...
[16:10:10] - [Инфо] task status: success, task time status: success
[16:10:10] - [Инфо] SputnikTaskID: 34726
[16:10:11] - [Инфо] comment id: 175137, task comment status: success
[16:10:11] - [Инфо] Сущность с ID: 3526 обработана на сервере.
[16:10:11] - [Инфо] Отправка данных в Спутник...
[16:10:11] - [Инфо] task status: success, task time status: success
[16:10:11] - [Инфо] SputnikTaskID: 34727
[16:10:12] - [Инфо] comment id: 175138, task comment status: success
[16:10:12] - [Инфо] Сущность с ID: 3527 обработана на сервере.
[16:10:12] - [Инфо] Отправка данных в Спутник...
[16:10:12] - [Инфо] task status: success, task time status: success
[16:10:12] - [Инфо] SputnikTaskID: 34728
[16:10:12] - [Инфо] comment id: 175139, task comment status: success
[16:10:12] - [Инфо] Сущность с ID: 3528 обработана на сервере.
[16:10:13] - [Инфо] Отправка данных в Спутник...
[16:10:13] - [Инфо] task status: success, task time status: success
[16:10:13] - [Инфо] SputnikTaskID: 34729
[16:10:13] - [Инфо] comment id: 175140, task comment status: success
[16:10:13] - [Инфо] Сущность с ID: 3529 обработана на сервере.
[16:10:13] - [Инфо] comment id: 175141, task comment status: success
[16:10:13] - [Инфо] Отправка данных в Спутник...
[16:10:13] - [Инфо] task status: success, task time status: success
[16:10:13] - [Инфо] SputnikTaskID: 34730
[16:10:13] - [Инфо] comment id: 175142, task comment status: success
[16:10:14] - [Инфо] Сущность с ID: 3530 обработана на сервере.
[16:10:14] - [Инфо] Отправка данных в Спутник...
[16:10:14] - [Инфо] task status: success, task time status: success
[16:10:14] - [Инфо] SputnikTaskID: 34731
[16:10:14] - [Инфо] comment id: 175143, task comment status: success
[16:10:14] - [Инфо] 3531
[16:10:14] - [Инфо] [LOG] Заявка не является завершенной (OkDesk ID: 3531) Пропуск...
[16:10:15] - [Инфо] Сущность с ID: 3532 обработана на сервере.
[16:10:15] - [Инфо] Отправка данных в Спутник...
[16:10:15] - [Инфо] task status: success, task time status: success
[16:10:15] - [Инфо] SputnikTaskID: 34732
[16:10:15] - [Инфо] comment id: 175144, task comment status: success
[16:10:15] - [Инфо] Сущность с ID: 3533 обработана на сервере.
[16:10:15] - [Инфо] comment id: 175145, task comment status: success
[16:10:16] - [Инфо] Отправка данных в Спутник...
[16:10:16] - [Инфо] task status: success, task time status: success
[16:10:16] - [Инфо] SputnikTaskID: 34733
[16:10:16] - [Инфо] Сущность с ID: 3534 обработана на сервере.
[16:10:16] - [Инфо] Отправка данных в Спутник...
[16:10:16] - [Инфо] task status: success, task time status: success
[16:10:16] - [Инфо] SputnikTaskID: 34734
[16:10:16] - [Инфо] comment id: 175146, task comment status: success
[16:10:16] - [Инфо] 3535
[16:10:16] - [Инфо] [LOG] Заявка не является завершенной (OkDesk ID: 3535) Пропуск...
[16:10:17] - [Инфо] Сущность с ID: 3536 обработана на сервере.
[16:10:17] - [Инфо] Отправка данных в Спутник...
[16:10:17] - [Инфо] task status: success, task time status: success
[16:10:17] - [Инфо] SputnikTaskID: 34735
[16:10:18] - [Инфо] comment id: 175147, task comment status: success
[16:10:18] - [Инфо] Сущность с ID: 3537 обработана на сервере.
[16:10:18] - [Инфо] Отправка данных в Спутник...
[16:10:18] - [Инфо] task status: success, task time status: success
[16:10:18] - [Инфо] SputnikTaskID: 34736
[16:10:18] - [Инфо] comment id: 175148, task comment status: success
[16:10:18] - [Инфо] Сущность с ID: 3538 обработана на сервере.
[16:10:19] - [Инфо] Отправка данных в Спутник...
[16:10:19] - [Инфо] task status: success, task time status: success
[16:10:19] - [Инфо] SputnikTaskID: 34737
[16:10:19] - [Инфо] comment id: 175149, task comment status: success
[16:10:19] - [Инфо] Сущность с ID: 3539 обработана на сервере.
[16:10:19] - [Инфо] Отправка данных в Спутник...
[16:10:19] - [Инфо] task status: success, task time status: success
[16:10:19] - [Инфо] SputnikTaskID: 34738
[16:10:20] - [Инфо] comment id: 175150, task comment status: success
[16:10:20] - [Инфо] Сущность с ID: 3540 обработана на сервере.
[16:10:20] - [Инфо] Начало автоматической выгрузки данных
[16:10:20] - [Инфо] Developer - Mkrtchyan Martun <mart@kassa26.ru>
[16:10:20] - [Инфо] [OkDesk] Файл: '2821-2821data.json' - уже существует в 'data/okdesk'
[16:10:20] - [Инфо] Отправка данных в Спутник...
[16:10:20] - [Инфо] task status: success, task time status: success
[16:10:20] - [Инфо] SputnikTaskID: 34739
[16:10:20] - [Инфо] [LOG] Заявка не является завершенной (OkDesk ID: 2821) Пропуск...
[16:10:20] - [Инфо] Developer - Mkrtchyan Martun <mart@kassa26.ru>
[16:10:20] - [Инфо] [OkDesk] Файл: '2845-2845data.json' - уже существует в 'data/okdesk'
[16:10:20] - [Инфо] comment id: 175151, task comment status: success
[16:10:20] - [Инфо] comment id: 175152, task comment status: success
[16:10:20] - [Инфо] [LOG] Заявка не является завершенной (OkDesk ID: 2845) Пропуск...
[16:10:20] - [Инфо] Developer - Mkrtchyan Martun <mart@kassa26.ru>
[16:10:20] - [Инфо] [OkDesk] Файл: '3022-3022data.json' - уже существует в 'data/okdesk'
[16:10:21] - [Инфо] [LOG] Заявка не является завершенной (OkDesk ID: 3022) Пропуск...
[16:10:21] - [Инфо] Developer - Mkrtchyan Martun <mart@kassa26.ru>
[16:10:21] - [Инфо] [OkDesk] Файл: '3236-3236data.json' - уже существует в 'data/okdesk'
[16:10:21] - [Инфо] Сущность с ID: 3236 обработана на сервере.
[16:10:21] - [Инфо] Developer - Mkrtchyan Martun <mart@kassa26.ru>
[16:10:21] - [Инфо] [OkDesk] Файл: '3449-3449data.json' - уже существует в 'data/okdesk'
[16:10:21] - [Инфо] Отправка данных в Спутник...
[16:10:21] - [Инфо] task status: success, task time status: success
[16:10:21] - [Инфо] SputnikTaskID: 34740
[16:10:21] - [Инфо] [LOG] Заявка не является завершенной (OkDesk ID: 3449) Пропуск...
[16:10:21] - [Инфо] Developer - Mkrtchyan Martun <mart@kassa26.ru>
[16:10:21] - [Инфо] [OkDesk] Файл: '3469-3469data.json' - уже существует в 'data/okdesk'
[16:10:22] - [Инфо] comment id: 175153, task comment status: success
[16:10:22] - [Инфо] [LOG] Заявка не является завершенной (OkDesk ID: 3469) Пропуск...
[16:10:22] - [Инфо] Developer - Mkrtchyan Martun <mart@kassa26.ru>
[16:10:22] - [Инфо] [OkDesk] Файл: '3471-3471data.json' - уже существует в 'data/okdesk'
[16:10:22] - [Инфо] comment id: 175154, task comment status: success
[16:10:22] - [Инфо] comment id: 175155, task comment status: success
[16:10:22] - [Инфо] comment id: 175156, task comment status: success
[16:10:22] - [Инфо] comment id: 175157, task comment status: success
[16:10:22] - [Инфо] [LOG] Заявка не является завершенной (OkDesk ID: 3471) Пропуск...
[16:10:22] - [Инфо] Developer - Mkrtchyan Martun <mart@kassa26.ru>
[16:10:22] - [Инфо] [OkDesk] Файл: '3474-3474data.json' - уже существует в 'data/okdesk'
[16:10:22] - [Инфо] comment id: 175158, task comment status: success
[16:10:23] - [Инфо] comment id: 175159, task comment status: success
[16:10:23] - [Инфо] comment id: 175160, task comment status: success
[16:10:23] - [Инфо] Сущность с ID: 3474 обработана на сервере.
[16:10:23] - [Инфо] Developer - Mkrtchyan Martun <mart@kassa26.ru>
[16:10:23] - [Инфо] [OkDesk] Файл: '3499-3499data.json' - уже существует в 'data/okdesk'
[16:10:23] - [Инфо] comment id: 175161, task comment status: success
[16:10:23] - [Инфо] Отправка данных в Спутник...
[16:10:23] - [Инфо] task status: success, task time status: success
[16:10:23] - [Инфо] SputnikTaskID: 34741
[16:10:23] - [Инфо] comment id: 175162, task comment status: success
[16:10:23] - [Инфо] Сущность с ID: 3499 обработана на сервере.
[16:10:23] - [Инфо] Developer - Mkrtchyan Martun <mart@kassa26.ru>
[16:10:23] - [Инфо] [OkDesk] Файл: '3505-3505data.json' - уже существует в 'data/okdesk'
[16:10:23] - [Инфо] comment id: 175164, task comment status: success
[16:10:23] - [Инфо] comment id: 175163, task comment status: success
[16:10:23] - [Инфо] comment id: 175165, task comment status: success
[16:10:23] - [Инфо] Отправка данных в Спутник...
[16:10:23] - [Инфо] task status: success, task time status: success
[16:10:23] - [Инфо] SputnikTaskID: 34742
[16:10:23] - [Инфо] comment id: 175166, task comment status: success
[16:10:24] - [Инфо] Сущность с ID: 3505 обработана на сервере.
[16:10:24] - [Инфо] Developer - Mkrtchyan Martun <mart@kassa26.ru>
[16:10:24] - [Инфо] [OkDesk] Файл: '3507-3507data.json' - уже существует в 'data/okdesk'
[16:10:24] - [Инфо] comment id: 175167, task comment status: success
[16:10:24] - [Инфо] comment id: 175168, task comment status: success
[16:10:24] - [Инфо] comment id: 175169, task comment status: success
[16:10:24] - [Инфо] Отправка данных в Спутник...
[16:10:24] - [Инфо] task status: success, task time status: success
[16:10:24] - [Инфо] SputnikTaskID: 34743
[16:10:24] - [Инфо] comment id: 175170, task comment status: success
[16:10:24] - [Инфо] [LOG] Заявка не является завершенной (OkDesk ID: 3507) Пропуск...
[16:10:24] - [Инфо] Developer - Mkrtchyan Martun <mart@kassa26.ru>
[16:10:24] - [Инфо] [OkDesk] Файл: '3509-3509data.json' - уже существует в 'data/okdesk'
[16:10:24] - [Инфо] comment id: 175171, task comment status: success
[16:10:24] - [Инфо] comment id: 175172, task comment status: success
[16:10:24] - [Инфо] comment id: 175173, task comment status: success
[16:10:24] - [Инфо] Сущность с ID: 3509 обработана на сервере.
[16:10:24] - [Инфо] Developer - Mkrtchyan Martun <mart@kassa26.ru>
[16:10:24] - [Инфо] [OkDesk] Файл: '3513-3513data.json' - уже существует в 'data/okdesk'
[16:10:25] - [Инфо] Отправка данных в Спутник...
[16:10:25] - [Инфо] task status: success, task time status: success
[16:10:25] - [Инфо] SputnikTaskID: 34744
[16:10:25] - [Инфо] [LOG] Заявка не является завершенной (OkDesk ID: 3513) Пропуск...
[16:10:25] - [Инфо] comment id: 175174, task comment status: success
[16:10:25] - [Инфо] comment id: 175175, task comment status: success
[17:10:1] - [Инфо] Начало цикла след. последовательности
[17:10:1] - [Инфо] Developer - Mkrtchyan Martun <mart@kassa26.ru>
[17:10:1] - Заявка уже была ранее выгружена. (OkDesk ID: 3540), пожалуйста исправьте ошибку[17:10:2] - [Инфо] Сущность с ID: 3541 обработана на сервере.
[17:10:2] - [Инфо] Отправка данных в Спутник...
[17:10:2] - [Инфо] task status: success, task time status: success
[17:10:2] - [Инфо] SputnikTaskID: 34745
[17:10:2] - [Инфо] Сущность с ID: 3542 обработана на сервере.
[17:10:2] - [Инфо] Отправка данных в Спутник...
[17:10:2] - [Инфо] task status: success, task time status: success
[17:10:2] - [Инфо] SputnikTaskID: 34746
[17:10:3] - [Инфо] Сущность с ID: 3543 обработана на сервере.
[17:10:3] - [Инфо] comment id: 175183, task comment status: success
[17:10:3] - [Инфо] comment id: 175184, task comment status: success
[17:10:3] - [Инфо] Отправка данных в Спутник...
[17:10:3] - [Инфо] task status: success, task time status: success
[17:10:3] - [Инфо] SputnikTaskID: 34747
[17:10:3] - [Инфо] Сущность с ID: 3544 обработана на сервере.
[17:10:3] - [Инфо] comment id: 175185, task comment status: success
[17:10:3] - [Инфо] Отправка данных в Спутник...
[17:10:3] - [Инфо] task status: success, task time status: success
[17:10:3] - [Инфо] SputnikTaskID: 34748
[17:10:4] - [Инфо] comment id: 175186, task comment status: success
[17:10:4] - [Инфо] Сущность с ID: 3545 обработана на сервере.
[17:10:4] - [Инфо] comment id: 175187, task comment status: success
[17:10:4] - [Инфо] Отправка данных в Спутник...
[17:10:4] - [Инфо] task status: success, task time status: success
[17:10:4] - [Инфо] SputnikTaskID: 34749
[17:10:4] - [Инфо] comment id: 175188, task comment status: success
[17:10:4] - [Инфо] comment id: 175189, task comment status: success
[17:10:4] - [Инфо] Сущность с ID: 3546 обработана на сервере.
[17:10:4] - [Инфо] Отправка данных в Спутник...
[17:10:4] - [Инфо] task status: success, task time status: success
[17:10:4] - [Инфо] SputnikTaskID: 34750
[17:10:5] - [Инфо] comment id: 175190, task comment status: success
[17:10:5] - [Инфо] comment id: 175191, task comment status: success
[17:10:5] - [Инфо] Сущность с ID: 3547 обработана на сервере.
[17:10:5] - [Инфо] Отправка данных в Спутник...
[17:10:5] - [Инфо] task status: success, task time status: success
[17:10:5] - [Инфо] SputnikTaskID: 34751
[17:10:5] - [Инфо] comment id: 175192, task comment status: success
[17:10:5] - [Инфо] Сущность с ID: 3548 обработана на сервере.
[17:10:6] - [Инфо] Отправка данных в Спутник...
[17:10:6] - [Инфо] task status: success, task time status: success
[17:10:6] - [Инфо] SputnikTaskID: 34752
[17:10:6] - [Инфо] comment id: 175193, task comment status: success
[17:10:6] - [Инфо] Сущность с ID: 3549 обработана на сервере.
[17:10:6] - [Инфо] Отправка данных в Спутник...
[17:10:6] - [Инфо] task status: success, task time status: success
[17:10:6] - [Инфо] SputnikTaskID: 34753
[17:10:6] - [Инфо] comment id: 175194, task comment status: success
[17:10:7] - [Инфо] 3550
[17:10:7] - [Инфо] [LOG] Заявка не является завершенной (OkDesk ID: 3550) Пропуск...
[17:10:7] - [Инфо] Сущность с ID: 3551 обработана на сервере.
[17:10:7] - [Инфо] Отправка данных в Спутник...
[17:10:7] - [Инфо] task status: success, task time status: success
[17:10:7] - [Инфо] SputnikTaskID: 34754
[17:10:8] - [Инфо] comment id: 175195, task comment status: success
[17:10:8] - [Инфо] 3552
[17:10:8] - [Инфо] [LOG] Заявка не является завершенной (OkDesk ID: 3552) Пропуск...
[17:10:8] - [Инфо] comment id: 175196, task comment status: success
[17:10:8] - [Инфо] Сущность с ID: 3553 обработана на сервере.
[17:10:8] - [Инфо] Отправка данных в Спутник...
[17:10:8] - [Инфо] task status: success, task time status: success
[17:10:8] - [Инфо] SputnikTaskID: 34755
[17:10:9] - [Инфо] comment id: 175197, task comment status: success
[17:10:9] - [Инфо] Сущность с ID: 3554 обработана на сервере.
[17:10:9] - [Инфо] Отправка данных в Спутник...
[17:10:9] - [Инфо] task status: success, task time status: success
[17:10:9] - [Инфо] SputnikTaskID: 34756
[17:10:9] - [Инфо] comment id: 175198, task comment status: success
[17:10:9] - [Инфо] Сущность с ID: 3555 обработана на сервере.
[17:10:9] - [Инфо] comment id: 175199, task comment status: success
[17:10:9] - [Инфо] Отправка данных в Спутник...
[17:10:9] - [Инфо] task status: success, task time status: success
[17:10:9] - [Инфо] SputnikTaskID: 34757
[17:10:10] - [Инфо] comment id: 175200, task comment status: success
[17:10:10] - [Инфо] comment id: 175201, task comment status: success
[17:10:10] - [Инфо] Сущность с ID: 3556 обработана на сервере.
[17:10:11] - [Инфо] Отправка данных в Спутник...
[17:10:11] - [Инфо] task status: success, task time status: success
[17:10:11] - [Инфо] SputnikTaskID: 34758
[17:10:11] - [Инфо] comment id: 175202, task comment status: success
[17:10:11] - [Инфо] Сущность с ID: 3557 обработана на сервере.
[17:10:11] - [Инфо] comment id: 175203, task comment status: success
[17:10:11] - [Инфо] Отправка данных в Спутник...
[17:10:11] - [Инфо] task status: success, task time status: success
[17:10:11] - [Инфо] SputnikTaskID: 34759
[17:10:11] - [Инфо] 3558
[17:10:11] - [Инфо] [LOG] Заявка не является завершенной (OkDesk ID: 3558) Пропуск...
[17:10:11] - [Инфо] comment id: 175204, task comment status: success
[17:10:12] - [Инфо] Сущность с ID: 3559 обработана на сервере.
[17:10:12] - [Инфо] Отправка данных в Спутник...
[17:10:12] - [Инфо] task status: success, task time status: success
[17:10:12] - [Инфо] SputnikTaskID: 34760
[17:10:12] - [Инфо] 3560
[17:10:12] - [Инфо] [LOG] Заявка не является завершенной (OkDesk ID: 3560) Пропуск...
[17:10:12] - [Инфо] comment id: 175205, task comment status: success
[17:10:12] - [Инфо] comment id: 175206, task comment status: success
[17:10:13] - [Инфо] Сущность с ID: 3561 обработана на сервере.
[17:10:13] - [Инфо] Отправка данных в Спутник...
[17:10:13] - [Инфо] task status: success, task time status: success
[17:10:13] - [Инфо] SputnikTaskID: 34761
[17:10:13] - [Инфо] comment id: 175207, task comment status: success
[17:10:13] - [Инфо] Сущность с ID: 3562 обработана на сервере.
[17:10:13] - [Инфо] Отправка данных в Спутник...
[17:10:13] - [Инфо] task status: success, task time status: success
[17:10:13] - [Инфо] SputnikTaskID: 34762
[17:10:14] - [Инфо] comment id: 175208, task comment status: success
[17:10:14] - [Инфо] 3563
[17:10:14] - [Инфо] [LOG] Заявка не является завершенной (OkDesk ID: 3563) Пропуск...
[17:10:14] - [Инфо] comment id: 175209, task comment status: success
[17:10:14] - [Инфо] 3564
[17:10:14] - [Инфо] [LOG] Заявка не является завершенной (OkDesk ID: 3564) Пропуск...
[17:10:15] - [Инфо] Сущность с ID: 3565 обработана на сервере.
[17:10:15] - [Инфо] Начало автоматической выгрузки данных
[17:10:15] - [Инфо] Developer - Mkrtchyan Martun <mart@kassa26.ru>
[17:10:15] - [Инфо] [OkDesk] Файл: '2821-2821data.json' - уже существует в 'data/okdesk'
[17:10:15] - [Инфо] Отправка данных в Спутник...
[17:10:15] - [Инфо] task status: success, task time status: success
[17:10:15] - [Инфо] SputnikTaskID: 34763
[17:10:15] - [Инфо] [LOG] Заявка не является завершенной (OkDesk ID: 2821) Пропуск...
[17:10:15] - [Инфо] Developer - Mkrtchyan Martun <mart@kassa26.ru>
[17:10:15] - [Инфо] [OkDesk] Файл: '2845-2845data.json' - уже существует в 'data/okdesk'
[17:10:15] - [Инфо] comment id: 175210, task comment status: success
[17:10:15] - [Инфо] [LOG] Заявка не является завершенной (OkDesk ID: 2845) Пропуск...
[17:10:15] - [Инфо] Developer - Mkrtchyan Martun <mart@kassa26.ru>
[17:10:15] - [Инфо] [OkDesk] Файл: '3022-3022data.json' - уже существует в 'data/okdesk'
[17:10:16] - [Инфо] [LOG] Заявка не является завершенной (OkDesk ID: 3022) Пропуск...
[17:10:16] - [Инфо] Developer - Mkrtchyan Martun <mart@kassa26.ru>
[17:10:16] - [Инфо] [OkDesk] Файл: '3449-3449data.json' - уже существует в 'data/okdesk'
[17:10:16] - [Инфо] [LOG] Заявка не является завершенной (OkDesk ID: 3449) Пропуск...
[17:10:16] - [Инфо] Developer - Mkrtchyan Martun <mart@kassa26.ru>
[17:10:16] - [Инфо] [OkDesk] Файл: '3469-3469data.json' - уже существует в 'data/okdesk'
[17:10:16] - [Инфо] [LOG] Заявка не является завершенной (OkDesk ID: 3469) Пропуск...
[17:10:16] - [Инфо] Developer - Mkrtchyan Martun <mart@kassa26.ru>
[17:10:16] - [Инфо] [OkDesk] Файл: '3471-3471data.json' - уже существует в 'data/okdesk'
[17:10:16] - [Инфо] [LOG] Заявка не является завершенной (OkDesk ID: 3471) Пропуск...
[17:10:16] - [Инфо] Developer - Mkrtchyan Martun <mart@kassa26.ru>
[17:10:16] - [Инфо] [OkDesk] Файл: '3507-3507data.json' - уже существует в 'data/okdesk'
[17:10:17] - [Инфо] [LOG] Заявка не является завершенной (OkDesk ID: 3507) Пропуск...
[17:10:17] - [Инфо] Developer - Mkrtchyan Martun <mart@kassa26.ru>
[17:10:17] - [Инфо] [OkDesk] Файл: '3513-3513data.json' - уже существует в 'data/okdesk'
[17:10:17] - [Инфо] [LOG] Заявка не является завершенной (OkDesk ID: 3513) Пропуск...
[17:10:17] - [Инфо] Developer - Mkrtchyan Martun <mart@kassa26.ru>
[17:10:17] - [Инфо] [LOG] Заявка не является завершенной (OkDesk ID: 3524) Пропуск...
[17:10:17] - [Инфо] Developer - Mkrtchyan Martun <mart@kassa26.ru>
[17:10:18] - [Инфо] [LOG] Заявка не является завершенной (OkDesk ID: 3531) Пропуск...
[17:10:18] - [Инфо] Developer - Mkrtchyan Martun <mart@kassa26.ru>
[17:10:18] - [Инфо] [LOG] Заявка не является завершенной (OkDesk ID: 3535) Пропуск...
[18:10:0] - [Инфо] Начало цикла след. последовательности
[18:10:0] - [Инфо] Developer - Mkrtchyan Martun <mart@kassa26.ru>
[18:10:1] - Заявка уже была ранее выгружена. (OkDesk ID: 3565), пожалуйста исправьте ошибку[18:10:2] - [Инфо] Сущность с ID: 3566 обработана на сервере.
[18:10:2] - [Инфо] Отправка данных в Спутник...
[18:10:2] - [Инфо] task status: success, task time status: success
[18:10:2] - [Инфо] SputnikTaskID: 34766
[18:10:2] - [Инфо] 3567
[18:10:2] - [Инфо] [LOG] Заявка не является завершенной (OkDesk ID: 3567) Пропуск...
[18:10:2] - [Инфо] comment id: 175216, task comment status: success
[18:10:3] - [Инфо] Сущность с ID: 3568 обработана на сервере.
[18:10:3] - [Инфо] Отправка данных в Спутник...
[18:10:3] - [Инфо] task status: success, task time status: success
[18:10:3] - [Инфо] SputnikTaskID: 34767
[18:10:3] - [Инфо] comment id: 175217, task comment status: success
[18:10:3] - [Инфо] Сущность с ID: 3569 обработана на сервере.
[18:10:3] - [Инфо] Отправка данных в Спутник...
[18:10:3] - [Инфо] task status: success, task time status: success
[18:10:3] - [Инфо] SputnikTaskID: 34768
[18:10:4] - [Инфо] comment id: 175218, task comment status: success
[18:10:4] - [Инфо] Сущность с ID: 3570 обработана на сервере.
[18:10:4] - [Инфо] Отправка данных в Спутник...
[18:10:4] - [Инфо] task status: success, task time status: success
[18:10:4] - [Инфо] SputnikTaskID: 34769
[18:10:4] - [Инфо] comment id: 175219, task comment status: success
[18:10:4] - [Инфо] Сущность с ID: 3571 обработана на сервере.
[18:10:4] - [Инфо] Отправка данных в Спутник...
[18:10:4] - [Инфо] task status: success, task time status: success
[18:10:4] - [Инфо] SputnikTaskID: 34770
[18:10:5] - [Инфо] comment id: 175220, task comment status: success
[18:10:5] - [Инфо] Сущность с ID: 3572 обработана на сервере.
[18:10:5] - [Инфо] Отправка данных в Спутник...
[18:10:5] - [Инфо] task status: success, task time status: success
[18:10:5] - [Инфо] SputnikTaskID: 34771
[18:10:5] - [Инфо] comment id: 175221, task comment status: success
[18:10:5] - [Инфо] Сущность с ID: 3573 обработана на сервере.
[18:10:6] - [Инфо] Отправка данных в Спутник...
[18:10:6] - [Инфо] task status: success, task time status: success
[18:10:6] - [Инфо] SputnikTaskID: 34772
[18:10:6] - [Инфо] comment id: 175222, task comment status: success
[18:10:6] - [Инфо] 3574
[18:10:6] - [Инфо] [LOG] Заявка не является завершенной (OkDesk ID: 3574) Пропуск...
[18:10:6] - [Инфо] Сущность с ID: 3575 обработана на сервере.
[18:10:7] - [Инфо] Отправка данных в Спутник...
[18:10:7] - [Инфо] task status: success, task time status: success
[18:10:7] - [Инфо] SputnikTaskID: 34773
[18:10:7] - [Инфо] comment id: 175223, task comment status: success
[18:10:7] - [Инфо] Сущность с ID: 3576 обработана на сервере.
[18:10:7] - [Инфо] Отправка данных в Спутник...
[18:10:7] - [Инфо] task status: success, task time status: success
[18:10:7] - [Инфо] SputnikTaskID: 34774
[18:10:8] - [Инфо] comment id: 175224, task comment status: success
[18:10:8] - [Инфо] Сущность с ID: 3577 обработана на сервере.
[18:10:8] - [Инфо] Отправка данных в Спутник...
[18:10:8] - [Инфо] task status: success, task time status: success
[18:10:8] - [Инфо] SputnikTaskID: 34775
[18:10:8] - [Инфо] Сущность с ID: 3578 обработана на сервере.
[18:10:8] - [Инфо] Отправка данных в Спутник...
[18:10:8] - [Инфо] task status: success, task time status: success
[18:10:8] - [Инфо] SputnikTaskID: 34776
[18:10:9] - [Инфо] comment id: 175225, task comment status: success
[18:10:9] - [Инфо] Сущность с ID: 3579 обработана на сервере.
[18:10:9] - [Инфо] Отправка данных в Спутник...
[18:10:9] - [Инфо] task status: success, task time status: success
[18:10:9] - [Инфо] SputnikTaskID: 34777
[18:10:9] - [Инфо] comment id: 175226, task comment status: success
[18:10:9] - [Инфо] Сущность с ID: 3580 обработана на сервере.
[18:10:10] - [Инфо] comment id: 175227, task comment status: success
[18:10:10] - [Инфо] Отправка данных в Спутник...
[18:10:10] - [Инфо] task status: success, task time status: success
[18:10:10] - [Инфо] SputnikTaskID: 34778
[18:10:10] - [Инфо] 3581
[18:10:10] - [Инфо] [LOG] Заявка не является завершенной (OkDesk ID: 3581) Пропуск...
[18:10:10] - [Инфо] comment id: 175228, task comment status: success
[18:10:10] - [Инфо] Сущность с ID: 3582 обработана на сервере.
[18:10:11] - [Инфо] Отправка данных в Спутник...
[18:10:11] - [Инфо] task status: success, task time status: success
[18:10:11] - [Инфо] SputnikTaskID: 34779
[18:10:11] - [Инфо] comment id: 175229, task comment status: success
[18:10:11] - [Инфо] 3583
[18:10:11] - [Инфо] [LOG] Заявка не является завершенной (OkDesk ID: 3583) Пропуск...
[18:10:11] - [Инфо] comment id: 175230, task comment status: success
[18:10:11] - [Инфо] Сущность с ID: 3584 обработана на сервере.
[18:10:12] - [Инфо] Отправка данных в Спутник...
[18:10:12] - [Инфо] task status: success, task time status: success
[18:10:12] - [Инфо] SputnikTaskID: 34780
[18:10:12] - [Инфо] comment id: 175231, task comment status: success
[18:10:12] - [Инфо] comment id: 175232, task comment status: success
[18:10:12] - [Инфо] Сущность с ID: 3585 обработана на сервере.
[18:10:12] - [Инфо] Отправка данных в Спутник...
[18:10:12] - [Инфо] task status: success, task time status: success
[18:10:12] - [Инфо] SputnikTaskID: 34781
[18:10:13] - [Инфо] comment id: 175233, task comment status: success
[18:10:13] - [Инфо] comment id: 175234, task comment status: success
[18:10:13] - [Инфо] Сущность с ID: 3586 обработана на сервере.
[18:10:13] - [Инфо] comment id: 175235, task comment status: success
[18:10:13] - [Инфо] Отправка данных в Спутник...
[18:10:13] - [Инфо] task status: success, task time status: success
[18:10:13] - [Инфо] SputnikTaskID: 34782
[18:10:13] - [Инфо] comment id: 175236, task comment status: success
[18:10:13] - [Инфо] comment id: 175237, task comment status: success
[18:10:13] - [Инфо] Сущность с ID: 3587 обработана на сервере.
[18:10:13] - [Инфо] comment id: 175238, task comment status: success
[18:10:14] - [Инфо] Отправка данных в Спутник...
[18:10:14] - [Инфо] task status: success, task time status: success
[18:10:14] - [Инфо] SputnikTaskID: 34783
[18:10:14] - [Инфо] 3588
[18:10:14] - [Инфо] [LOG] Заявка не является завершенной (OkDesk ID: 3588) Пропуск...
[18:10:14] - [Инфо] comment id: 175239, task comment status: success
[18:10:14] - [Инфо] comment id: 175240, task comment status: success
[18:10:14] - [Инфо] comment id: 175241, task comment status: success
[18:10:14] - [Инфо] Сущность с ID: 3589 обработана на сервере.
[18:10:14] - [Инфо] Отправка данных в Спутник...
[18:10:14] - [Инфо] task status: success, task time status: success
[18:10:14] - [Инфо] SputnikTaskID: 34784
[18:10:15] - [Инфо] comment id: 175242, task comment status: success
[18:10:15] - [Инфо] Сущность с ID: 3590 обработана на сервере.
[18:10:15] - [Инфо] Начало автоматической выгрузки данных
[18:10:15] - [Инфо] Developer - Mkrtchyan Martun <mart@kassa26.ru>
[18:10:15] - [Инфо] [OkDesk] Файл: '2821-2821data.json' - уже существует в 'data/okdesk'
[18:10:15] - [Инфо] comment id: 175243, task comment status: success
[18:10:15] - [Инфо] Отправка данных в Спутник...
[18:10:15] - [Инфо] task status: success, task time status: success
[18:10:15] - [Инфо] SputnikTaskID: 34785
[18:10:15] - [Инфо] [LOG] Заявка не является завершенной (OkDesk ID: 2821) Пропуск...
[18:10:15] - [Инфо] Developer - Mkrtchyan Martun <mart@kassa26.ru>
[18:10:15] - [Инфо] [OkDesk] Файл: '2845-2845data.json' - уже существует в 'data/okdesk'
[18:10:15] - [Инфо] comment id: 175244, task comment status: success
[18:10:15] - [Инфо] comment id: 175245, task comment status: success
[18:10:16] - [Инфо] comment id: 175246, task comment status: success
[18:10:16] - [Инфо] [LOG] Заявка не является завершенной (OkDesk ID: 2845) Пропуск...
[18:10:16] - [Инфо] Developer - Mkrtchyan Martun <mart@kassa26.ru>
[18:10:16] - [Инфо] [OkDesk] Файл: '3022-3022data.json' - уже существует в 'data/okdesk'
[18:10:16] - [Инфо] comment id: 175247, task comment status: success
[18:10:16] - [Инфо] [LOG] Заявка не является завершенной (OkDesk ID: 3022) Пропуск...
[18:10:16] - [Инфо] Developer - Mkrtchyan Martun <mart@kassa26.ru>
[18:10:16] - [Инфо] [OkDesk] Файл: '3449-3449data.json' - уже существует в 'data/okdesk'
[18:10:16] - [Инфо] [LOG] Заявка не является завершенной (OkDesk ID: 3449) Пропуск...
[18:10:16] - [Инфо] Developer - Mkrtchyan Martun <mart@kassa26.ru>
[18:10:16] - [Инфо] [OkDesk] Файл: '3469-3469data.json' - уже существует в 'data/okdesk'
[18:10:17] - [Инфо] [LOG] Заявка не является завершенной (OkDesk ID: 3469) Пропуск...
[18:10:17] - [Инфо] Developer - Mkrtchyan Martun <mart@kassa26.ru>
[18:10:17] - [Инфо] [OkDesk] Файл: '3471-3471data.json' - уже существует в 'data/okdesk'
[18:10:17] - [Инфо] [LOG] Заявка не является завершенной (OkDesk ID: 3471) Пропуск...
[18:10:17] - [Инфо] Developer - Mkrtchyan Martun <mart@kassa26.ru>
[18:10:17] - [Инфо] [OkDesk] Файл: '3507-3507data.json' - уже существует в 'data/okdesk'
[18:10:17] - [Инфо] [LOG] Заявка не является завершенной (OkDesk ID: 3507) Пропуск...
[18:10:17] - [Инфо] Developer - Mkrtchyan Martun <mart@kassa26.ru>
[18:10:17] - [Инфо] [OkDesk] Файл: '3513-3513data.json' - уже существует в 'data/okdesk'
[18:10:18] - [Инфо] [LOG] Заявка не является завершенной (OkDesk ID: 3513) Пропуск...
[18:10:18] - [Инфо] Developer - Mkrtchyan Martun <mart@kassa26.ru>
[18:10:18] - [Инфо] [OkDesk] Файл: '3524-3524data.json' - уже существует в 'data/okdesk'
[18:10:18] - [Инфо] [LOG] Заявка не является завершенной (OkDesk ID: 3524) Пропуск...
[18:10:18] - [Инфо] Developer - Mkrtchyan Martun <mart@kassa26.ru>
[18:10:18] - [Инфо] [OkDesk] Файл: '3531-3531data.json' - уже существует в 'data/okdesk'
[18:10:18] - [Инфо] [LOG] Заявка не является завершенной (OkDesk ID: 3531) Пропуск...
[18:10:18] - [Инфо] Developer - Mkrtchyan Martun <mart@kassa26.ru>
[18:10:18] - [Инфо] [OkDesk] Файл: '3535-3535data.json' - уже существует в 'data/okdesk'
[18:10:18] - [Инфо] [LOG] Заявка не является завершенной (OkDesk ID: 3535) Пропуск...
[18:10:18] - [Инфо] Developer - Mkrtchyan Martun <mart@kassa26.ru>
[18:10:19] - [Инфо] [LOG] Заявка не является завершенной (OkDesk ID: 3550) Пропуск...
[18:10:19] - [Инфо] Developer - Mkrtchyan Martun <mart@kassa26.ru>
[18:10:19] - [Инфо] [LOG] Заявка не является завершенной (OkDesk ID: 3552) Пропуск...
[18:10:19] - [Инфо] Developer - Mkrtchyan Martun <mart@kassa26.ru>
[18:10:20] - [Инфо] [LOG] Заявка не является завершенной (OkDesk ID: 3558) Пропуск...
[18:10:20] - [Инфо] Developer - Mkrtchyan Martun <mart@kassa26.ru>
[18:10:20] - [Инфо] [LOG] Заявка не является завершенной (OkDesk ID: 3560) Пропуск...
[18:10:20] - [Инфо] Developer - Mkrtchyan Martun <mart@kassa26.ru>
[18:10:20] - [Инфо] [LOG] Заявка не является завершенной (OkDesk ID: 3563) Пропуск...
[18:10:20] - [Инфо] Developer - Mkrtchyan Martun <mart@kassa26.ru>
[18:10:21] - [Инфо] [LOG] Заявка не является завершенной (OkDesk ID: 3564) Пропуск...
[19:10:0] - [Инфо] Начало цикла след. последовательности
[19:10:0] - [Инфо] Developer - Mkrtchyan Martun <mart@kassa26.ru>
[19:10:1] - Заявка уже была ранее выгружена. (OkDesk ID: 3590), пожалуйста исправьте ошибку[19:10:1] - [Инфо] Сущность с ID: 3591 обработана на сервере.
[19:10:2] - [Инфо] Отправка данных в Спутник...
[19:10:2] - [Инфо] task status: success, task time status: success
[19:10:2] - [Инфо] SputnikTaskID: 34786
[19:10:2] - [Инфо] comment id: 175248, task comment status: success
[19:10:2] - [Инфо] Сущность с ID: 3592 обработана на сервере.
[19:10:2] - [Инфо] comment id: 175249, task comment status: success
[19:10:2] - [Инфо] Отправка данных в Спутник...
[19:10:2] - [Инфо] task status: success, task time status: success
[19:10:2] - [Инфо] SputnikTaskID: 34787
[19:10:2] - [Инфо] 3593
[19:10:2] - [Инфо] [LOG] Заявка не является завершенной (OkDesk ID: 3593) Пропуск...
[19:10:2] - [Инфо] comment id: 175250, task comment status: success
[19:10:3] - [Инфо] Сущность с ID: 3594 обработана на сервере.
[19:10:3] - Записи 3595 не существует, пожалуйста исправьте ошибку[19:10:3] - [Инфо] DEBUG: Записи 3595 не существует
[19:10:3] - [Инфо] Отправка данных в Спутник...
[19:10:3] - [Инфо] task status: success, task time status: success
[19:10:3] - [Инфо] SputnikTaskID: 34788
[19:10:3] - Записи 3596 не существует, пожалуйста исправьте ошибку[19:10:3] - [Инфо] DEBUG: Записи 3596 не существует
[19:10:3] - Записи 3597 не существует, пожалуйста исправьте ошибку[19:10:3] - [Инфо] comment id: 175251, task comment status: success
[19:10:3] - [Инфо] DEBUG: Записи 3597 не существует
[19:10:3] - Записи 3598 не существует, пожалуйста исправьте ошибку[19:10:4] - [Инфо] DEBUG: Записи 3598 не существует
[19:10:4] - Записи 3599 не существует, пожалуйста исправьте ошибку[19:10:4] - [Инфо] DEBUG: Записи 3599 не существует
[19:10:4] - Записи 3600 не существует, пожалуйста исправьте ошибку[19:10:4] - [Инфо] DEBUG: Записи 3600 не существует
[19:10:4] - Записи 3601 не существует, пожалуйста исправьте ошибку[19:10:4] - [Инфо] DEBUG: Записи 3601 не существует
[19:10:4] - Записи 3602 не существует, пожалуйста исправьте ошибку[19:10:4] - [Инфо] DEBUG: Записи 3602 не существует
[19:10:4] - Записи 3603 не существует, пожалуйста исправьте ошибку[19:10:5] - [Инфо] DEBUG: Записи 3603 не существует
[19:10:5] - Записи 3604 не существует, пожалуйста исправьте ошибку[19:10:5] - [Инфо] DEBUG: Записи 3604 не существует
[19:10:5] - Записи 3605 не существует, пожалуйста исправьте ошибку[19:10:5] - [Инфо] DEBUG: Записи 3605 не существует
[19:10:5] - Записи 3606 не существует, пожалуйста исправьте ошибку[19:10:5] - [Инфо] DEBUG: Записи 3606 не существует
[19:10:5] - Записи 3607 не существует, пожалуйста исправьте ошибку[19:10:5] - [Инфо] DEBUG: Записи 3607 не существует
[19:10:5] - Записи 3608 не существует, пожалуйста исправьте ошибку[19:10:5] - [Инфо] DEBUG: Записи 3608 не существует
[19:10:5] - Записи 3609 не существует, пожалуйста исправьте ошибку[19:10:6] - [Инфо] DEBUG: Записи 3609 не существует
[19:10:6] - Записи 3610 не существует, пожалуйста исправьте ошибку[19:10:6] - [Инфо] DEBUG: Записи 3610 не существует
[19:10:6] - Записи 3611 не существует, пожалуйста исправьте ошибку[19:10:6] - [Инфо] DEBUG: Записи 3611 не существует
[19:10:6] - Записи 3612 не существует, пожалуйста исправьте ошибку[19:10:6] - [Инфо] DEBUG: Записи 3612 не существует
[19:10:6] - Записи 3613 не существует, пожалуйста исправьте ошибку[19:10:6] - [Инфо] DEBUG: Записи 3613 не существует
[19:10:6] - Записи 3614 не существует, пожалуйста исправьте ошибку[19:10:6] - [Инфо] DEBUG: Записи 3614 не существует
[19:10:7] - Записи 3615 не существует, пожалуйста исправьте ошибку[19:10:7] - [Инфо] DEBUG: Записи 3615 не существует
[19:10:7] - [Инфо] Начало автоматической выгрузки данных
[19:10:7] - [Инфо] Developer - Mkrtchyan Martun <mart@kassa26.ru>
[19:10:7] - [Инфо] [OkDesk] Файл: '2821-2821data.json' - уже существует в 'data/okdesk'
[19:10:7] - [Инфо] [LOG] Заявка не является завершенной (OkDesk ID: 2821) Пропуск...
[19:10:7] - [Инфо] Developer - Mkrtchyan Martun <mart@kassa26.ru>
[19:10:7] - [Инфо] [OkDesk] Файл: '2845-2845data.json' - уже существует в 'data/okdesk'
[19:10:7] - [Инфо] [LOG] Заявка не является завершенной (OkDesk ID: 2845) Пропуск...
[19:10:7] - [Инфо] Developer - Mkrtchyan Martun <mart@kassa26.ru>
[19:10:7] - [Инфо] [OkDesk] Файл: '3022-3022data.json' - уже существует в 'data/okdesk'
[19:10:8] - [Инфо] [LOG] Заявка не является завершенной (OkDesk ID: 3022) Пропуск...
[19:10:8] - [Инфо] Developer - Mkrtchyan Martun <mart@kassa26.ru>
[19:10:8] - [Инфо] [OkDesk] Файл: '3449-3449data.json' - уже существует в 'data/okdesk'
[19:10:8] - [Инфо] [LOG] Заявка не является завершенной (OkDesk ID: 3449) Пропуск...
[19:10:8] - [Инфо] Developer - Mkrtchyan Martun <mart@kassa26.ru>
[19:10:8] - [Инфо] [OkDesk] Файл: '3469-3469data.json' - уже существует в 'data/okdesk'
[19:10:8] - [Инфо] [LOG] Заявка не является завершенной (OkDesk ID: 3469) Пропуск...
[19:10:8] - [Инфо] Developer - Mkrtchyan Martun <mart@kassa26.ru>
[19:10:8] - [Инфо] [OkDesk] Файл: '3471-3471data.json' - уже существует в 'data/okdesk'
[19:10:9] - [Инфо] [LOG] Заявка не является завершенной (OkDesk ID: 3471) Пропуск...
[19:10:9] - [Инфо] Developer - Mkrtchyan Martun <mart@kassa26.ru>
[19:10:9] - [Инфо] [OkDesk] Файл: '3507-3507data.json' - уже существует в 'data/okdesk'
[19:10:9] - [Инфо] [LOG] Заявка не является завершенной (OkDesk ID: 3507) Пропуск...
[19:10:9] - [Инфо] Developer - Mkrtchyan Martun <mart@kassa26.ru>
[19:10:9] - [Инфо] [OkDesk] Файл: '3513-3513data.json' - уже существует в 'data/okdesk'
[19:10:9] - [Инфо] [LOG] Заявка не является завершенной (OkDesk ID: 3513) Пропуск...
[19:10:9] - [Инфо] Developer - Mkrtchyan Martun <mart@kassa26.ru>
[19:10:9] - [Инфо] [OkDesk] Файл: '3524-3524data.json' - уже существует в 'data/okdesk'
[19:10:9] - [Инфо] [LOG] Заявка не является завершенной (OkDesk ID: 3524) Пропуск...
[19:10:9] - [Инфо] Developer - Mkrtchyan Martun <mart@kassa26.ru>
[19:10:9] - [Инфо] [OkDesk] Файл: '3531-3531data.json' - уже существует в 'data/okdesk'
[19:10:10] - [Инфо] [LOG] Заявка не является завершенной (OkDesk ID: 3531) Пропуск...
[19:10:10] - [Инфо] Developer - Mkrtchyan Martun <mart@kassa26.ru>
[19:10:10] - [Инфо] [OkDesk] Файл: '3535-3535data.json' - уже существует в 'data/okdesk'
[19:10:10] - [Инфо] [LOG] Заявка не является завершенной (OkDesk ID: 3535) Пропуск...
[19:10:10] - [Инфо] Developer - Mkrtchyan Martun <mart@kassa26.ru>
[19:10:10] - [Инфо] [OkDesk] Файл: '3550-3550data.json' - уже существует в 'data/okdesk'
[19:10:10] - [Инфо] [LOG] Заявка не является завершенной (OkDesk ID: 3550) Пропуск...
[19:10:10] - [Инфо] Developer - Mkrtchyan Martun <mart@kassa26.ru>
[19:10:10] - [Инфо] [OkDesk] Файл: '3552-3552data.json' - уже существует в 'data/okdesk'
[19:10:11] - [Инфо] [LOG] Заявка не является завершенной (OkDesk ID: 3552) Пропуск...
[19:10:11] - [Инфо] Developer - Mkrtchyan Martun <mart@kassa26.ru>
[19:10:11] - [Инфо] [OkDesk] Файл: '3558-3558data.json' - уже существует в 'data/okdesk'
[19:10:11] - [Инфо] [LOG] Заявка не является завершенной (OkDesk ID: 3558) Пропуск...
[19:10:11] - [Инфо] Developer - Mkrtchyan Martun <mart@kassa26.ru>
[19:10:11] - [Инфо] [OkDesk] Файл: '3560-3560data.json' - уже существует в 'data/okdesk'
[19:10:11] - [Инфо] [LOG] Заявка не является завершенной (OkDesk ID: 3560) Пропуск...
[19:10:11] - [Инфо] Developer - Mkrtchyan Martun <mart@kassa26.ru>
[19:10:11] - [Инфо] [OkDesk] Файл: '3563-3563data.json' - уже существует в 'data/okdesk'
[19:10:12] - [Инфо] [LOG] Заявка не является завершенной (OkDesk ID: 3563) Пропуск...
[19:10:12] - [Инфо] Developer - Mkrtchyan Martun <mart@kassa26.ru>
[19:10:12] - [Инфо] [OkDesk] Файл: '3564-3564data.json' - уже существует в 'data/okdesk'
[19:10:12] - [Инфо] [LOG] Заявка не является завершенной (OkDesk ID: 3564) Пропуск...
[19:10:12] - [Инфо] Developer - Mkrtchyan Martun <mart@kassa26.ru>
[19:10:12] - [Инфо] [LOG] Заявка не является завершенной (OkDesk ID: 3567) Пропуск...
[19:10:12] - [Инфо] Developer - Mkrtchyan Martun <mart@kassa26.ru>
[19:10:13] - [Инфо] [LOG] Заявка не является завершенной (OkDesk ID: 3574) Пропуск...
[19:10:13] - [Инфо] Developer - Mkrtchyan Martun <mart@kassa26.ru>
[19:10:13] - [Инфо] [LOG] Заявка не является завершенной (OkDesk ID: 3581) Пропуск...
[19:10:13] - [Инфо] Developer - Mkrtchyan Martun <mart@kassa26.ru>
[19:10:14] - [Инфо] [LOG] Заявка не является завершенной (OkDesk ID: 3583) Пропуск...
[19:10:14] - [Инфо] Developer - Mkrtchyan Martun <mart@kassa26.ru>
[19:10:14] - [Инфо] [LOG] Заявка не является завершенной (OkDesk ID: 3588) Пропуск...
[20:10:0] - [Инфо] Начало цикла след. последовательности
[20:10:0] - [Инфо] Developer - Mkrtchyan Martun <mart@kassa26.ru>
[20:10:0] - Заявка уже была ранее выгружена. (OkDesk ID: 3594), пожалуйста исправьте ошибку[20:10:1] - [Инфо] Сущность с ID: 3595 обработана на сервере.
[20:10:1] - Записи 3596 не существует, пожалуйста исправьте ошибку[20:10:1] - [Инфо] DEBUG: Записи 3596 не существует
[20:10:1] - Записи 3597 не существует, пожалуйста исправьте ошибку[20:10:1] - [Инфо] DEBUG: Записи 3597 не существует
[20:10:1] - [Инфо] Отправка данных в Спутник...
[20:10:1] - [Инфо] task status: success, task time status: success
[20:10:1] - [Инфо] SputnikTaskID: 34789
[20:10:1] - Записи 3598 не существует, пожалуйста исправьте ошибку[20:10:2] - [Инфо] DEBUG: Записи 3598 не существует
[20:10:2] - Записи 3599 не существует, пожалуйста исправьте ошибку[20:10:2] - [Инфо] DEBUG: Записи 3599 не существует
[20:10:2] - Записи 3600 не существует, пожалуйста исправьте ошибку[20:10:2] - [Инфо] comment id: 175252, task comment status: success
[20:10:2] - [Инфо] DEBUG: Записи 3600 не существует
[20:10:2] - [Инфо] comment id: 175253, task comment status: success
[20:10:2] - Записи 3601 не существует, пожалуйста исправьте ошибку[20:10:2] - [Инфо] DEBUG: Записи 3601 не существует
[20:10:2] - [Инфо] comment id: 175254, task comment status: success
[20:10:2] - Записи 3602 не существует, пожалуйста исправьте ошибку[20:10:2] - [Инфо] DEBUG: Записи 3602 не существует
[20:10:2] - [Инфо] comment id: 175255, task comment status: success
[20:10:2] - Записи 3603 не существует, пожалуйста исправьте ошибку[20:10:2] - [Инфо] DEBUG: Записи 3603 не существует
[20:10:2] - [Инфо] comment id: 175256, task comment status: success
[20:10:2] - Записи 3604 не существует, пожалуйста исправьте ошибку[20:10:3] - [Инфо] DEBUG: Записи 3604 не существует
[20:10:3] - Записи 3605 не существует, пожалуйста исправьте ошибку[20:10:3] - [Инфо] DEBUG: Записи 3605 не существует
[20:10:3] - Записи 3606 не существует, пожалуйста исправьте ошибку[20:10:3] - [Инфо] DEBUG: Записи 3606 не существует
[20:10:3] - Записи 3607 не существует, пожалуйста исправьте ошибку[20:10:3] - [Инфо] DEBUG: Записи 3607 не существует
[20:10:3] - Записи 3608 не существует, пожалуйста исправьте ошибку[20:10:3] - [Инфо] DEBUG: Записи 3608 не существует
[20:10:3] - Записи 3609 не существует, пожалуйста исправьте ошибку[20:10:3] - [Инфо] DEBUG: Записи 3609 не существует
[20:10:4] - Записи 3610 не существует, пожалуйста исправьте ошибку[20:10:4] - [Инфо] DEBUG: Записи 3610 не существует
[20:10:4] - Записи 3611 не существует, пожалуйста исправьте ошибку[20:10:4] - [Инфо] DEBUG: Записи 3611 не существует
[20:10:4] - Записи 3612 не существует, пожалуйста исправьте ошибку[20:10:4] - [Инфо] DEBUG: Записи 3612 не существует
[20:10:4] - Записи 3613 не существует, пожалуйста исправьте ошибку[20:10:4] - [Инфо] DEBUG: Записи 3613 не существует
[20:10:4] - Записи 3614 не существует, пожалуйста исправьте ошибку[20:10:5] - [Инфо] DEBUG: Записи 3614 не существует
[20:10:5] - Записи 3615 не существует, пожалуйста исправьте ошибку[20:10:5] - [Инфо] DEBUG: Записи 3615 не существует
[20:10:5] - Записи 3616 не существует, пожалуйста исправьте ошибку[20:10:5] - [Инфо] DEBUG: Записи 3616 не существует
[20:10:5] - Записи 3617 не существует, пожалуйста исправьте ошибку[20:10:5] - [Инфо] DEBUG: Записи 3617 не существует
[20:10:5] - Записи 3618 не существует, пожалуйста исправьте ошибку[20:10:5] - [Инфо] DEBUG: Записи 3618 не существует
[20:10:5] - Записи 3619 не существует, пожалуйста исправьте ошибку[20:10:6] - [Инфо] DEBUG: Записи 3619 не существует
[20:10:6] - [Инфо] Начало автоматической выгрузки данных
[20:10:6] - [Инфо] Developer - Mkrtchyan Martun <mart@kassa26.ru>
[20:10:6] - [Инфо] [OkDesk] Файл: '2821-2821data.json' - уже существует в 'data/okdesk'
[20:10:6] - [Инфо] [LOG] Заявка не является завершенной (OkDesk ID: 2821) Пропуск...
[20:10:6] - [Инфо] Developer - Mkrtchyan Martun <mart@kassa26.ru>
[20:10:6] - [Инфо] [OkDesk] Файл: '2845-2845data.json' - уже существует в 'data/okdesk'
[20:10:6] - [Инфо] [LOG] Заявка не является завершенной (OkDesk ID: 2845) Пропуск...
[20:10:6] - [Инфо] Developer - Mkrtchyan Martun <mart@kassa26.ru>
[20:10:6] - [Инфо] [OkDesk] Файл: '3022-3022data.json' - уже существует в 'data/okdesk'
[20:10:7] - [Инфо] [LOG] Заявка не является завершенной (OkDesk ID: 3022) Пропуск...
[20:10:7] - [Инфо] Developer - Mkrtchyan Martun <mart@kassa26.ru>
[20:10:7] - [Инфо] [OkDesk] Файл: '3449-3449data.json' - уже существует в 'data/okdesk'
[20:10:7] - [Инфо] [LOG] Заявка не является завершенной (OkDesk ID: 3449) Пропуск...
[20:10:7] - [Инфо] Developer - Mkrtchyan Martun <mart@kassa26.ru>
[20:10:7] - [Инфо] [OkDesk] Файл: '3469-3469data.json' - уже существует в 'data/okdesk'
[20:10:8] - [Инфо] [LOG] Заявка не является завершенной (OkDesk ID: 3469) Пропуск...
[20:10:8] - [Инфо] Developer - Mkrtchyan Martun <mart@kassa26.ru>
[20:10:8] - [Инфо] [OkDesk] Файл: '3471-3471data.json' - уже существует в 'data/okdesk'
[20:10:8] - [Инфо] [LOG] Заявка не является завершенной (OkDesk ID: 3471) Пропуск...
[20:10:8] - [Инфо] Developer - Mkrtchyan Martun <mart@kassa26.ru>
[20:10:8] - [Инфо] [OkDesk] Файл: '3507-3507data.json' - уже существует в 'data/okdesk'
[20:10:8] - [Инфо] [LOG] Заявка не является завершенной (OkDesk ID: 3507) Пропуск...
[20:10:8] - [Инфо] Developer - Mkrtchyan Martun <mart@kassa26.ru>
[20:10:8] - [Инфо] [OkDesk] Файл: '3513-3513data.json' - уже существует в 'data/okdesk'
[20:10:8] - [Инфо] [LOG] Заявка не является завершенной (OkDesk ID: 3513) Пропуск...
[20:10:8] - [Инфо] Developer - Mkrtchyan Martun <mart@kassa26.ru>
[20:10:8] - [Инфо] [OkDesk] Файл: '3524-3524data.json' - уже существует в 'data/okdesk'
[20:10:9] - [Инфо] [LOG] Заявка не является завершенной (OkDesk ID: 3524) Пропуск...
[20:10:9] - [Инфо] Developer - Mkrtchyan Martun <mart@kassa26.ru>
[20:10:9] - [Инфо] [OkDesk] Файл: '3531-3531data.json' - уже существует в 'data/okdesk'
[20:10:9] - [Инфо] [LOG] Заявка не является завершенной (OkDesk ID: 3531) Пропуск...
[20:10:9] - [Инфо] Developer - Mkrtchyan Martun <mart@kassa26.ru>
[20:10:9] - [Инфо] [OkDesk] Файл: '3535-3535data.json' - уже существует в 'data/okdesk'
[20:10:9] - [Инфо] [LOG] Заявка не является завершенной (OkDesk ID: 3535) Пропуск...
[20:10:9] - [Инфо] Developer - Mkrtchyan Martun <mart@kassa26.ru>
[20:10:9] - [Инфо] [OkDesk] Файл: '3550-3550data.json' - уже существует в 'data/okdesk'
[20:10:10] - [Инфо] [LOG] Заявка не является завершенной (OkDesk ID: 3550) Пропуск...
[20:10:10] - [Инфо] Developer - Mkrtchyan Martun <mart@kassa26.ru>
[20:10:10] - [Инфо] [OkDesk] Файл: '3552-3552data.json' - уже существует в 'data/okdesk'
[20:10:10] - [Инфо] [LOG] Заявка не является завершенной (OkDesk ID: 3552) Пропуск...
[20:10:10] - [Инфо] Developer - Mkrtchyan Martun <mart@kassa26.ru>
[20:10:10] - [Инфо] [OkDesk] Файл: '3558-3558data.json' - уже существует в 'data/okdesk'
[20:10:10] - [Инфо] [LOG] Заявка не является завершенной (OkDesk ID: 3558) Пропуск...
[20:10:10] - [Инфо] Developer - Mkrtchyan Martun <mart@kassa26.ru>
[20:10:10] - [Инфо] [OkDesk] Файл: '3560-3560data.json' - уже существует в 'data/okdesk'
[20:10:10] - [Инфо] [LOG] Заявка не является завершенной (OkDesk ID: 3560) Пропуск...
[20:10:10] - [Инфо] Developer - Mkrtchyan Martun <mart@kassa26.ru>
[20:10:10] - [Инфо] [OkDesk] Файл: '3563-3563data.json' - уже существует в 'data/okdesk'
[20:10:11] - [Инфо] [LOG] Заявка не является завершенной (OkDesk ID: 3563) Пропуск...
[20:10:11] - [Инфо] Developer - Mkrtchyan Martun <mart@kassa26.ru>
[20:10:11] - [Инфо] [OkDesk] Файл: '3564-3564data.json' - уже существует в 'data/okdesk'
[20:10:11] - [Инфо] [LOG] Заявка не является завершенной (OkDesk ID: 3564) Пропуск...
[20:10:11] - [Инфо] Developer - Mkrtchyan Martun <mart@kassa26.ru>
[20:10:11] - [Инфо] [OkDesk] Файл: '3567-3567data.json' - уже существует в 'data/okdesk'
[20:10:11] - [Инфо] [LOG] Заявка не является завершенной (OkDesk ID: 3567) Пропуск...
[20:10:11] - [Инфо] Developer - Mkrtchyan Martun <mart@kassa26.ru>
[20:10:11] - [Инфо] [OkDesk] Файл: '3574-3574data.json' - уже существует в 'data/okdesk'
[20:10:12] - [Инфо] [LOG] Заявка не является завершенной (OkDesk ID: 3574) Пропуск...
[20:10:12] - [Инфо] Developer - Mkrtchyan Martun <mart@kassa26.ru>
[20:10:12] - [Инфо] [OkDesk] Файл: '3581-3581data.json' - уже существует в 'data/okdesk'
[20:10:12] - [Инфо] [LOG] Заявка не является завершенной (OkDesk ID: 3581) Пропуск...
[20:10:12] - [Инфо] Developer - Mkrtchyan Martun <mart@kassa26.ru>
[20:10:12] - [Инфо] [OkDesk] Файл: '3583-3583data.json' - уже существует в 'data/okdesk'
[20:10:12] - [Инфо] [LOG] Заявка не является завершенной (OkDesk ID: 3583) Пропуск...
[20:10:12] - [Инфо] Developer - Mkrtchyan Martun <mart@kassa26.ru>
[20:10:12] - [Инфо] [OkDesk] Файл: '3588-3588data.json' - уже существует в 'data/okdesk'
[20:10:12] - [Инфо] [LOG] Заявка не является завершенной (OkDesk ID: 3588) Пропуск...
[20:10:12] - [Инфо] Developer - Mkrtchyan Martun <mart@kassa26.ru>
[20:10:13] - [Инфо] [LOG] Заявка не является завершенной (OkDesk ID: 3593) Пропуск...
[21:10:0] - [Инфо] Начало цикла след. последовательности
[21:10:0] - [Инфо] Developer - Mkrtchyan Martun <mart@kassa26.ru>
[21:10:0] - Заявка уже была ранее выгружена. (OkDesk ID: 3595), пожалуйста исправьте ошибку[21:10:0] - Записи 3596 не существует, пожалуйста исправьте ошибку[21:10:0] - [Инфо] DEBUG: Записи 3596 не существует
[21:10:1] - Записи 3597 не существует, пожалуйста исправьте ошибку[21:10:1] - [Инфо] DEBUG: Записи 3597 не существует
[21:10:1] - Записи 3598 не существует, пожалуйста исправьте ошибку[21:10:1] - [Инфо] DEBUG: Записи 3598 не существует
[21:10:1] - Записи 3599 не существует, пожалуйста исправьте ошибку[21:10:1] - [Инфо] DEBUG: Записи 3599 не существует
[21:10:1] - Записи 3600 не существует, пожалуйста исправьте ошибку[21:10:1] - [Инфо] DEBUG: Записи 3600 не существует
[21:10:1] - Записи 3601 не существует, пожалуйста исправьте ошибку[21:10:1] - [Инфо] DEBUG: Записи 3601 не существует
[21:10:1] - Записи 3602 не существует, пожалуйста исправьте ошибку[21:10:2] - [Инфо] DEBUG: Записи 3602 не существует
[21:10:2] - Записи 3603 не существует, пожалуйста исправьте ошибку[21:10:2] - [Инфо] DEBUG: Записи 3603 не существует
[21:10:2] - Записи 3604 не существует, пожалуйста исправьте ошибку[21:10:2] - [Инфо] DEBUG: Записи 3604 не существует
[21:10:2] - Записи 3605 не существует, пожалуйста исправьте ошибку[21:10:2] - [Инфо] DEBUG: Записи 3605 не существует
[21:10:2] - Записи 3606 не существует, пожалуйста исправьте ошибку[21:10:2] - [Инфо] DEBUG: Записи 3606 не существует
[21:10:2] - Записи 3607 не существует, пожалуйста исправьте ошибку[21:10:2] - [Инфо] DEBUG: Записи 3607 не существует
[21:10:3] - Записи 3608 не существует, пожалуйста исправьте ошибку[21:10:3] - [Инфо] DEBUG: Записи 3608 не существует
[21:10:3] - Записи 3609 не существует, пожалуйста исправьте ошибку[21:10:3] - [Инфо] DEBUG: Записи 3609 не существует
[21:10:3] - Записи 3610 не существует, пожалуйста исправьте ошибку[21:10:3] - [Инфо] DEBUG: Записи 3610 не существует
[21:10:3] - Записи 3611 не существует, пожалуйста исправьте ошибку[21:10:3] - [Инфо] DEBUG: Записи 3611 не существует
[21:10:3] - Записи 3612 не существует, пожалуйста исправьте ошибку[21:10:3] - [Инфо] DEBUG: Записи 3612 не существует
[21:10:3] - Записи 3613 не существует, пожалуйста исправьте ошибку[21:10:4] - [Инфо] DEBUG: Записи 3613 не существует
[21:10:4] - Записи 3614 не существует, пожалуйста исправьте ошибку[21:10:4] - [Инфо] DEBUG: Записи 3614 не существует
[21:10:4] - Записи 3615 не существует, пожалуйста исправьте ошибку[21:10:4] - [Инфо] DEBUG: Записи 3615 не существует
[21:10:4] - Записи 3616 не существует, пожалуйста исправьте ошибку[21:10:4] - [Инфо] DEBUG: Записи 3616 не существует
[21:10:4] - Записи 3617 не существует, пожалуйста исправьте ошибку[21:10:4] - [Инфо] DEBUG: Записи 3617 не существует
[21:10:4] - Записи 3618 не существует, пожалуйста исправьте ошибку[21:10:5] - [Инфо] DEBUG: Записи 3618 не существует
[21:10:5] - Записи 3619 не существует, пожалуйста исправьте ошибку[21:10:5] - [Инфо] DEBUG: Записи 3619 не существует
[21:10:5] - Записи 3620 не существует, пожалуйста исправьте ошибку[21:10:5] - [Инфо] DEBUG: Записи 3620 не существует
[21:10:5] - [Инфо] Начало автоматической выгрузки данных
[21:10:5] - [Инфо] Developer - Mkrtchyan Martun <mart@kassa26.ru>
[21:10:5] - [Инфо] [OkDesk] Файл: '2821-2821data.json' - уже существует в 'data/okdesk'
[21:10:5] - [Инфо] [LOG] Заявка не является завершенной (OkDesk ID: 2821) Пропуск...
[21:10:5] - [Инфо] Developer - Mkrtchyan Martun <mart@kassa26.ru>
[21:10:5] - [Инфо] [OkDesk] Файл: '2845-2845data.json' - уже существует в 'data/okdesk'
[21:10:6] - [Инфо] [LOG] Заявка не является завершенной (OkDesk ID: 2845) Пропуск...
[21:10:6] - [Инфо] Developer - Mkrtchyan Martun <mart@kassa26.ru>
[21:10:6] - [Инфо] [OkDesk] Файл: '3022-3022data.json' - уже существует в 'data/okdesk'
[21:10:6] - [Инфо] [LOG] Заявка не является завершенной (OkDesk ID: 3022) Пропуск...
[21:10:6] - [Инфо] Developer - Mkrtchyan Martun <mart@kassa26.ru>
[21:10:6] - [Инфо] [OkDesk] Файл: '3449-3449data.json' - уже существует в 'data/okdesk'
[21:10:6] - [Инфо] [LOG] Заявка не является завершенной (OkDesk ID: 3449) Пропуск...
[21:10:6] - [Инфо] Developer - Mkrtchyan Martun <mart@kassa26.ru>
[21:10:6] - [Инфо] [OkDesk] Файл: '3469-3469data.json' - уже существует в 'data/okdesk'
[21:10:6] - [Инфо] [LOG] Заявка не является завершенной (OkDesk ID: 3469) Пропуск...
[21:10:6] - [Инфо] Developer - Mkrtchyan Martun <mart@kassa26.ru>
[21:10:6] - [Инфо] [OkDesk] Файл: '3471-3471data.json' - уже существует в 'data/okdesk'
[21:10:7] - [Инфо] [LOG] Заявка не является завершенной (OkDesk ID: 3471) Пропуск...
[21:10:7] - [Инфо] Developer - Mkrtchyan Martun <mart@kassa26.ru>
[21:10:7] - [Инфо] [OkDesk] Файл: '3507-3507data.json' - уже существует в 'data/okdesk'
[21:10:7] - [Инфо] [LOG] Заявка не является завершенной (OkDesk ID: 3507) Пропуск...
[21:10:7] - [Инфо] Developer - Mkrtchyan Martun <mart@kassa26.ru>
[21:10:7] - [Инфо] [OkDesk] Файл: '3513-3513data.json' - уже существует в 'data/okdesk'
[21:10:7] - [Инфо] [LOG] Заявка не является завершенной (OkDesk ID: 3513) Пропуск...
[21:10:7] - [Инфо] Developer - Mkrtchyan Martun <mart@kassa26.ru>
[21:10:7] - [Инфо] [OkDesk] Файл: '3524-3524data.json' - уже существует в 'data/okdesk'
[21:10:7] - [Инфо] [LOG] Заявка не является завершенной (OkDesk ID: 3524) Пропуск...
[21:10:7] - [Инфо] Developer - Mkrtchyan Martun <mart@kassa26.ru>
[21:10:7] - [Инфо] [OkDesk] Файл: '3531-3531data.json' - уже существует в 'data/okdesk'
[21:10:8] - [Инфо] [LOG] Заявка не является завершенной (OkDesk ID: 3531) Пропуск...
[21:10:8] - [Инфо] Developer - Mkrtchyan Martun <mart@kassa26.ru>
[21:10:8] - [Инфо] [OkDesk] Файл: '3535-3535data.json' - уже существует в 'data/okdesk'
[21:10:8] - [Инфо] [LOG] Заявка не является завершенной (OkDesk ID: 3535) Пропуск...
[21:10:8] - [Инфо] Developer - Mkrtchyan Martun <mart@kassa26.ru>
[21:10:8] - [Инфо] [OkDesk] Файл: '3550-3550data.json' - уже существует в 'data/okdesk'
[21:10:8] - [Инфо] [LOG] Заявка не является завершенной (OkDesk ID: 3550) Пропуск...
[21:10:8] - [Инфо] Developer - Mkrtchyan Martun <mart@kassa26.ru>
[21:10:8] - [Инфо] [OkDesk] Файл: '3552-3552data.json' - уже существует в 'data/okdesk'
[21:10:9] - [Инфо] [LOG] Заявка не является завершенной (OkDesk ID: 3552) Пропуск...
[21:10:9] - [Инфо] Developer - Mkrtchyan Martun <mart@kassa26.ru>
[21:10:9] - [Инфо] [OkDesk] Файл: '3558-3558data.json' - уже существует в 'data/okdesk'
[21:10:9] - [Инфо] [LOG] Заявка не является завершенной (OkDesk ID: 3558) Пропуск...
[21:10:9] - [Инфо] Developer - Mkrtchyan Martun <mart@kassa26.ru>
[21:10:9] - [Инфо] [OkDesk] Файл: '3560-3560data.json' - уже существует в 'data/okdesk'
[21:10:9] - [Инфо] [LOG] Заявка не является завершенной (OkDesk ID: 3560) Пропуск...
[21:10:9] - [Инфо] Developer - Mkrtchyan Martun <mart@kassa26.ru>
[21:10:9] - [Инфо] [OkDesk] Файл: '3563-3563data.json' - уже существует в 'data/okdesk'
[21:10:10] - [Инфо] [LOG] Заявка не является завершенной (OkDesk ID: 3563) Пропуск...
[21:10:10] - [Инфо] Developer - Mkrtchyan Martun <mart@kassa26.ru>
[21:10:10] - [Инфо] [OkDesk] Файл: '3564-3564data.json' - уже существует в 'data/okdesk'
[21:10:10] - [Инфо] [LOG] Заявка не является завершенной (OkDesk ID: 3564) Пропуск...
[21:10:10] - [Инфо] Developer - Mkrtchyan Martun <mart@kassa26.ru>
[21:10:10] - [Инфо] [OkDesk] Файл: '3567-3567data.json' - уже существует в 'data/okdesk'
[21:10:10] - [Инфо] [LOG] Заявка не является завершенной (OkDesk ID: 3567) Пропуск...
[21:10:10] - [Инфо] Developer - Mkrtchyan Martun <mart@kassa26.ru>
[21:10:10] - [Инфо] [OkDesk] Файл: '3574-3574data.json' - уже существует в 'data/okdesk'
[21:10:10] - [Инфо] [LOG] Заявка не является завершенной (OkDesk ID: 3574) Пропуск...
[21:10:10] - [Инфо] Developer - Mkrtchyan Martun <mart@kassa26.ru>
[21:10:10] - [Инфо] [OkDesk] Файл: '3581-3581data.json' - уже существует в 'data/okdesk'
[21:10:11] - [Инфо] [LOG] Заявка не является завершенной (OkDesk ID: 3581) Пропуск...
[21:10:11] - [Инфо] Developer - Mkrtchyan Martun <mart@kassa26.ru>
[21:10:11] - [Инфо] [OkDesk] Файл: '3583-3583data.json' - уже существует в 'data/okdesk'
[21:10:11] - [Инфо] [LOG] Заявка не является завершенной (OkDesk ID: 3583) Пропуск...
[21:10:11] - [Инфо] Developer - Mkrtchyan Martun <mart@kassa26.ru>
[21:10:11] - [Инфо] [OkDesk] Файл: '3588-3588data.json' - уже существует в 'data/okdesk'
[21:10:11] - [Инфо] [LOG] Заявка не является завершенной (OkDesk ID: 3588) Пропуск...
[21:10:11] - [Инфо] Developer - Mkrtchyan Martun <mart@kassa26.ru>
[21:10:11] - [Инфо] [OkDesk] Файл: '3593-3593data.json' - уже существует в 'data/okdesk'
[21:10:11] - [Инфо] [LOG] Заявка не является завершенной (OkDesk ID: 3593) Пропуск...
[22:10:1] - [Инфо] Начало цикла след. последовательности
[22:10:1] - [Инфо] Developer - Mkrtchyan Martun <mart@kassa26.ru>
[22:10:1] - [Инфо] [OkDesk] Файл: '3595-3620data.json' - уже существует в 'data/okdesk'
[22:10:1] - Заявка уже была ранее выгружена. (OkDesk ID: 3595), пожалуйста исправьте ошибку[22:10:1] - Записи 3596 не существует, пожалуйста исправьте ошибку[22:10:1] - [Инфо] DEBUG: Записи 3596 не существует
[22:10:1] - Записи 3597 не существует, пожалуйста исправьте ошибку[22:10:1] - [Инфо] DEBUG: Записи 3597 не существует
[22:10:1] - Записи 3598 не существует, пожалуйста исправьте ошибку[22:10:2] - [Инфо] DEBUG: Записи 3598 не существует
[22:10:2] - Записи 3599 не существует, пожалуйста исправьте ошибку[22:10:2] - [Инфо] DEBUG: Записи 3599 не существует
[22:10:2] - Записи 3600 не существует, пожалуйста исправьте ошибку[22:10:2] - [Инфо] DEBUG: Записи 3600 не существует
[22:10:2] - Записи 3601 не существует, пожалуйста исправьте ошибку[22:10:2] - [Инфо] DEBUG: Записи 3601 не существует
[22:10:2] - Записи 3602 не существует, пожалуйста исправьте ошибку[22:10:2] - [Инфо] DEBUG: Записи 3602 не существует
[22:10:2] - Записи 3603 не существует, пожалуйста исправьте ошибку[22:10:2] - [Инфо] DEBUG: Записи 3603 не существует
[22:10:2] - Записи 3604 не существует, пожалуйста исправьте ошибку[22:10:2] - [Инфо] DEBUG: Записи 3604 не существует
[22:10:2] - Записи 3605 не существует, пожалуйста исправьте ошибку[22:10:2] - [Инфо] DEBUG: Записи 3605 не существует
[22:10:2] - Записи 3606 не существует, пожалуйста исправьте ошибку[22:10:2] - [Инфо] DEBUG: Записи 3606 не существует
[22:10:2] - Записи 3607 не существует, пожалуйста исправьте ошибку[22:10:3] - [Инфо] DEBUG: Записи 3607 не существует
[22:10:3] - Записи 3608 не существует, пожалуйста исправьте ошибку[22:10:3] - [Инфо] DEBUG: Записи 3608 не существует
[22:10:3] - Записи 3609 не существует, пожалуйста исправьте ошибку[22:10:3] - [Инфо] DEBUG: Записи 3609 не существует
[22:10:3] - Записи 3610 не существует, пожалуйста исправьте ошибку[22:10:3] - [Инфо] DEBUG: Записи 3610 не существует
[22:10:3] - Записи 3611 не существует, пожалуйста исправьте ошибку[22:10:3] - [Инфо] DEBUG: Записи 3611 не существует
[22:10:3] - Записи 3612 не существует, пожалуйста исправьте ошибку[22:10:3] - [Инфо] DEBUG: Записи 3612 не существует
[22:10:3] - Записи 3613 не существует, пожалуйста исправьте ошибку[22:10:3] - [Инфо] DEBUG: Записи 3613 не существует
[22:10:3] - Записи 3614 не существует, пожалуйста исправьте ошибку[22:10:3] - [Инфо] DEBUG: Записи 3614 не существует
[22:10:3] - Записи 3615 не существует, пожалуйста исправьте ошибку[22:10:3] - [Инфо] DEBUG: Записи 3615 не существует
[22:10:4] - Записи 3616 не существует, пожалуйста исправьте ошибку[22:10:4] - [Инфо] DEBUG: Записи 3616 не существует
[22:10:4] - Записи 3617 не существует, пожалуйста исправьте ошибку[22:10:4] - [Инфо] DEBUG: Записи 3617 не существует
[22:10:4] - Записи 3618 не существует, пожалуйста исправьте ошибку[22:10:4] - [Инфо] DEBUG: Записи 3618 не существует
[22:10:4] - Записи 3619 не существует, пожалуйста исправьте ошибку[22:10:4] - [Инфо] DEBUG: Записи 3619 не существует
[22:10:4] - Записи 3620 не существует, пожалуйста исправьте ошибку[22:10:4] - [Инфо] DEBUG: Записи 3620 не существует
[22:10:4] - [Инфо] Начало автоматической выгрузки данных
[22:10:4] - [Инфо] Developer - Mkrtchyan Martun <mart@kassa26.ru>
[22:10:4] - [Инфо] [OkDesk] Файл: '2821-2821data.json' - уже существует в 'data/okdesk'
[22:10:4] - [Инфо] [LOG] Заявка не является завершенной (OkDesk ID: 2821) Пропуск...
[22:10:4] - [Инфо] Developer - Mkrtchyan Martun <mart@kassa26.ru>
[22:10:4] - [Инфо] [OkDesk] Файл: '2845-2845data.json' - уже существует в 'data/okdesk'
[22:10:5] - [Инфо] [LOG] Заявка не является завершенной (OkDesk ID: 2845) Пропуск...
[22:10:5] - [Инфо] Developer - Mkrtchyan Martun <mart@kassa26.ru>
[22:10:5] - [Инфо] [OkDesk] Файл: '3022-3022data.json' - уже существует в 'data/okdesk'
[22:10:5] - [Инфо] [LOG] Заявка не является завершенной (OkDesk ID: 3022) Пропуск...
[22:10:5] - [Инфо] Developer - Mkrtchyan Martun <mart@kassa26.ru>
[22:10:5] - [Инфо] [OkDesk] Файл: '3449-3449data.json' - уже существует в 'data/okdesk'
[22:10:5] - [Инфо] [LOG] Заявка не является завершенной (OkDesk ID: 3449) Пропуск...
[22:10:5] - [Инфо] Developer - Mkrtchyan Martun <mart@kassa26.ru>
[22:10:5] - [Инфо] [OkDesk] Файл: '3469-3469data.json' - уже существует в 'data/okdesk'
[22:10:6] - [Инфо] [LOG] Заявка не является завершенной (OkDesk ID: 3469) Пропуск...
[22:10:6] - [Инфо] Developer - Mkrtchyan Martun <mart@kassa26.ru>
[22:10:6] - [Инфо] [OkDesk] Файл: '3471-3471data.json' - уже существует в 'data/okdesk'
[22:10:6] - [Инфо] [LOG] Заявка не является завершенной (OkDesk ID: 3471) Пропуск...
[22:10:6] - [Инфо] Developer - Mkrtchyan Martun <mart@kassa26.ru>
[22:10:6] - [Инфо] [OkDesk] Файл: '3507-3507data.json' - уже существует в 'data/okdesk'
[22:10:6] - [Инфо] [LOG] Заявка не является завершенной (OkDesk ID: 3507) Пропуск...
[22:10:6] - [Инфо] Developer - Mkrtchyan Martun <mart@kassa26.ru>
[22:10:6] - [Инфо] [OkDesk] Файл: '3513-3513data.json' - уже существует в 'data/okdesk'
[22:10:6] - [Инфо] [LOG] Заявка не является завершенной (OkDesk ID: 3513) Пропуск...
[22:10:6] - [Инфо] Developer - Mkrtchyan Martun <mart@kassa26.ru>
[22:10:6] - [Инфо] [OkDesk] Файл: '3524-3524data.json' - уже существует в 'data/okdesk'
[22:10:7] - [Инфо] [LOG] Заявка не является завершенной (OkDesk ID: 3524) Пропуск...
[22:10:7] - [Инфо] Developer - Mkrtchyan Martun <mart@kassa26.ru>
[22:10:7] - [Инфо] [OkDesk] Файл: '3531-3531data.json' - уже существует в 'data/okdesk'
[22:10:7] - [Инфо] [LOG] Заявка не является завершенной (OkDesk ID: 3531) Пропуск...
[22:10:7] - [Инфо] Developer - Mkrtchyan Martun <mart@kassa26.ru>
[22:10:7] - [Инфо] [OkDesk] Файл: '3535-3535data.json' - уже существует в 'data/okdesk'
[22:10:7] - [Инфо] [LOG] Заявка не является завершенной (OkDesk ID: 3535) Пропуск...
[22:10:7] - [Инфо] Developer - Mkrtchyan Martun <mart@kassa26.ru>
[22:10:7] - [Инфо] [OkDesk] Файл: '3550-3550data.json' - уже существует в 'data/okdesk'
[22:10:8] - [Инфо] [LOG] Заявка не является завершенной (OkDesk ID: 3550) Пропуск...
[22:10:8] - [Инфо] Developer - Mkrtchyan Martun <mart@kassa26.ru>
[22:10:8] - [Инфо] [OkDesk] Файл: '3552-3552data.json' - уже существует в 'data/okdesk'
[22:10:8] - [Инфо] [LOG] Заявка не является завершенной (OkDesk ID: 3552) Пропуск...
[22:10:8] - [Инфо] Developer - Mkrtchyan Martun <mart@kassa26.ru>
[22:10:8] - [Инфо] [OkDesk] Файл: '3558-3558data.json' - уже существует в 'data/okdesk'
[22:10:8] - [Инфо] [LOG] Заявка не является завершенной (OkDesk ID: 3558) Пропуск...
[22:10:8] - [Инфо] Developer - Mkrtchyan Martun <mart@kassa26.ru>
[22:10:8] - [Инфо] [OkDesk] Файл: '3560-3560data.json' - уже существует в 'data/okdesk'
[22:10:9] - [Инфо] [LOG] Заявка не является завершенной (OkDesk ID: 3560) Пропуск...
[22:10:9] - [Инфо] Developer - Mkrtchyan Martun <mart@kassa26.ru>
[22:10:9] - [Инфо] [OkDesk] Файл: '3563-3563data.json' - уже существует в 'data/okdesk'
[22:10:9] - [Инфо] [LOG] Заявка не является завершенной (OkDesk ID: 3563) Пропуск...
[22:10:9] - [Инфо] Developer - Mkrtchyan Martun <mart@kassa26.ru>
[22:10:9] - [Инфо] [OkDesk] Файл: '3564-3564data.json' - уже существует в 'data/okdesk'
[22:10:9] - [Инфо] [LOG] Заявка не является завершенной (OkDesk ID: 3564) Пропуск...
[22:10:9] - [Инфо] Developer - Mkrtchyan Martun <mart@kassa26.ru>
[22:10:9] - [Инфо] [OkDesk] Файл: '3567-3567data.json' - уже существует в 'data/okdesk'
[22:10:9] - [Инфо] [LOG] Заявка не является завершенной (OkDesk ID: 3567) Пропуск...
[22:10:9] - [Инфо] Developer - Mkrtchyan Martun <mart@kassa26.ru>
[22:10:9] - [Инфо] [OkDesk] Файл: '3574-3574data.json' - уже существует в 'data/okdesk'
[22:10:10] - [Инфо] [LOG] Заявка не является завершенной (OkDesk ID: 3574) Пропуск...
[22:10:10] - [Инфо] Developer - Mkrtchyan Martun <mart@kassa26.ru>
[22:10:10] - [Инфо] [OkDesk] Файл: '3581-3581data.json' - уже существует в 'data/okdesk'
[22:10:10] - [Инфо] [LOG] Заявка не является завершенной (OkDesk ID: 3581) Пропуск...
[22:10:10] - [Инфо] Developer - Mkrtchyan Martun <mart@kassa26.ru>
[22:10:10] - [Инфо] [OkDesk] Файл: '3583-3583data.json' - уже существует в 'data/okdesk'
[22:10:10] - [Инфо] [LOG] Заявка не является завершенной (OkDesk ID: 3583) Пропуск...
[22:10:10] - [Инфо] Developer - Mkrtchyan Martun <mart@kassa26.ru>
[22:10:10] - [Инфо] [OkDesk] Файл: '3588-3588data.json' - уже существует в 'data/okdesk'
[22:10:11] - [Инфо] [LOG] Заявка не является завершенной (OkDesk ID: 3588) Пропуск...
[22:10:11] - [Инфо] Developer - Mkrtchyan Martun <mart@kassa26.ru>
[22:10:11] - [Инфо] [OkDesk] Файл: '3593-3593data.json' - уже существует в 'data/okdesk'
[22:10:11] - [Инфо] [LOG] Заявка не является завершенной (OkDesk ID: 3593) Пропуск...
[23:10:0] - [Инфо] Начало цикла след. последовательности
[23:10:0] - [Инфо] Developer - Mkrtchyan Martun <mart@kassa26.ru>
[23:10:0] - [Инфо] [OkDesk] Файл: '3595-3620data.json' - уже существует в 'data/okdesk'
[23:10:1] - Заявка уже была ранее выгружена. (OkDesk ID: 3595), пожалуйста исправьте ошибку[23:10:1] - Записи 3596 не существует, пожалуйста исправьте ошибку[23:10:1] - [Инфо] DEBUG: Записи 3596 не существует
[23:10:1] - Записи 3597 не существует, пожалуйста исправьте ошибку[23:10:1] - [Инфо] DEBUG: Записи 3597 не существует
[23:10:1] - Записи 3598 не существует, пожалуйста исправьте ошибку[23:10:1] - [Инфо] DEBUG: Записи 3598 не существует
[23:10:1] - Записи 3599 не существует, пожалуйста исправьте ошибку[23:10:1] - [Инфо] DEBUG: Записи 3599 не существует
[23:10:1] - Записи 3600 не существует, пожалуйста исправьте ошибку[23:10:1] - [Инфо] DEBUG: Записи 3600 не существует
[23:10:1] - Записи 3601 не существует, пожалуйста исправьте ошибку[23:10:1] - [Инфо] DEBUG: Записи 3601 не существует
[23:10:1] - Записи 3602 не существует, пожалуйста исправьте ошибку[23:10:2] - [Инфо] DEBUG: Записи 3602 не существует
[23:10:2] - Записи 3603 не существует, пожалуйста исправьте ошибку[23:10:2] - [Инфо] DEBUG: Записи 3603 не существует
[23:10:2] - Записи 3604 не существует, пожалуйста исправьте ошибку[23:10:2] - [Инфо] DEBUG: Записи 3604 не существует
[23:10:2] - Записи 3605 не существует, пожалуйста исправьте ошибку[23:10:2] - [Инфо] DEBUG: Записи 3605 не существует
[23:10:2] - Записи 3606 не существует, пожалуйста исправьте ошибку[23:10:2] - [Инфо] DEBUG: Записи 3606 не существует
[23:10:2] - Записи 3607 не существует, пожалуйста исправьте ошибку[23:10:2] - [Инфо] DEBUG: Записи 3607 не существует
[23:10:2] - Записи 3608 не существует, пожалуйста исправьте ошибку[23:10:2] - [Инфо] DEBUG: Записи 3608 не существует
[23:10:2] - Записи 3609 не существует, пожалуйста исправьте ошибку[23:10:2] - [Инфо] DEBUG: Записи 3609 не существует
[23:10:2] - Записи 3610 не существует, пожалуйста исправьте ошибку[23:10:3] - [Инфо] DEBUG: Записи 3610 не существует
[23:10:3] - Записи 3611 не существует, пожалуйста исправьте ошибку[23:10:3] - [Инфо] DEBUG: Записи 3611 не существует
[23:10:3] - Записи 3612 не существует, пожалуйста исправьте ошибку[23:10:3] - [Инфо] DEBUG: Записи 3612 не существует
[23:10:3] - Записи 3613 не существует, пожалуйста исправьте ошибку[23:10:3] - [Инфо] DEBUG: Записи 3613 не существует
[23:10:3] - Записи 3614 не существует, пожалуйста исправьте ошибку[23:10:3] - [Инфо] DEBUG: Записи 3614 не существует
[23:10:3] - Записи 3615 не существует, пожалуйста исправьте ошибку[23:10:3] - [Инфо] DEBUG: Записи 3615 не существует
[23:10:3] - Записи 3616 не существует, пожалуйста исправьте ошибку[23:10:3] - [Инфо] DEBUG: Записи 3616 не существует
[23:10:3] - Записи 3617 не существует, пожалуйста исправьте ошибку[23:10:3] - [Инфо] DEBUG: Записи 3617 не существует
[23:10:3] - Записи 3618 не существует, пожалуйста исправьте ошибку[23:10:4] - [Инфо] DEBUG: Записи 3618 не существует
[23:10:4] - Записи 3619 не существует, пожалуйста исправьте ошибку[23:10:4] - [Инфо] DEBUG: Записи 3619 не существует
[23:10:4] - Записи 3620 не существует, пожалуйста исправьте ошибку[23:10:4] - [Инфо] DEBUG: Записи 3620 не существует
[23:10:4] - [Инфо] Начало автоматической выгрузки данных
[23:10:4] - [Инфо] Developer - Mkrtchyan Martun <mart@kassa26.ru>
[23:10:4] - [Инфо] [OkDesk] Файл: '2821-2821data.json' - уже существует в 'data/okdesk'
[23:10:4] - [Инфо] [LOG] Заявка не является завершенной (OkDesk ID: 2821) Пропуск...
[23:10:4] - [Инфо] Developer - Mkrtchyan Martun <mart@kassa26.ru>
[23:10:4] - [Инфо] [OkDesk] Файл: '2845-2845data.json' - уже существует в 'data/okdesk'
[23:10:4] - [Инфо] [LOG] Заявка не является завершенной (OkDesk ID: 2845) Пропуск...
[23:10:4] - [Инфо] Developer - Mkrtchyan Martun <mart@kassa26.ru>
[23:10:4] - [Инфо] [OkDesk] Файл: '3022-3022data.json' - уже существует в 'data/okdesk'
[23:10:5] - [Инфо] [LOG] Заявка не является завершенной (OkDesk ID: 3022) Пропуск...
[23:10:5] - [Инфо] Developer - Mkrtchyan Martun <mart@kassa26.ru>
[23:10:5] - [Инфо] [OkDesk] Файл: '3449-3449data.json' - уже существует в 'data/okdesk'
[23:10:5] - [Инфо] [LOG] Заявка не является завершенной (OkDesk ID: 3449) Пропуск...
[23:10:5] - [Инфо] Developer - Mkrtchyan Martun <mart@kassa26.ru>
[23:10:5] - [Инфо] [OkDesk] Файл: '3469-3469data.json' - уже существует в 'data/okdesk'
[23:10:5] - [Инфо] [LOG] Заявка не является завершенной (OkDesk ID: 3469) Пропуск...
[23:10:5] - [Инфо] Developer - Mkrtchyan Martun <mart@kassa26.ru>
[23:10:5] - [Инфо] [OkDesk] Файл: '3471-3471data.json' - уже существует в 'data/okdesk'
[23:10:5] - [Инфо] [LOG] Заявка не является завершенной (OkDesk ID: 3471) Пропуск...
[23:10:5] - [Инфо] Developer - Mkrtchyan Martun <mart@kassa26.ru>
[23:10:5] - [Инфо] [OkDesk] Файл: '3507-3507data.json' - уже существует в 'data/okdesk'
[23:10:6] - [Инфо] [LOG] Заявка не является завершенной (OkDesk ID: 3507) Пропуск...
[23:10:6] - [Инфо] Developer - Mkrtchyan Martun <mart@kassa26.ru>
[23:10:6] - [Инфо] [OkDesk] Файл: '3513-3513data.json' - уже существует в 'data/okdesk'
[23:10:6] - [Инфо] [LOG] Заявка не является завершенной (OkDesk ID: 3513) Пропуск...
[23:10:6] - [Инфо] Developer - Mkrtchyan Martun <mart@kassa26.ru>
[23:10:6] - [Инфо] [OkDesk] Файл: '3524-3524data.json' - уже существует в 'data/okdesk'
[23:10:6] - [Инфо] [LOG] Заявка не является завершенной (OkDesk ID: 3524) Пропуск...
[23:10:6] - [Инфо] Developer - Mkrtchyan Martun <mart@kassa26.ru>
[23:10:6] - [Инфо] [OkDesk] Файл: '3531-3531data.json' - уже существует в 'data/okdesk'
[23:10:7] - [Инфо] [LOG] Заявка не является завершенной (OkDesk ID: 3531) Пропуск...
[23:10:7] - [Инфо] Developer - Mkrtchyan Martun <mart@kassa26.ru>
[23:10:7] - [Инфо] [OkDesk] Файл: '3535-3535data.json' - уже существует в 'data/okdesk'
[23:10:7] - [Инфо] [LOG] Заявка не является завершенной (OkDesk ID: 3535) Пропуск...
[23:10:7] - [Инфо] Developer - Mkrtchyan Martun <mart@kassa26.ru>
[23:10:7] - [Инфо] [OkDesk] Файл: '3550-3550data.json' - уже существует в 'data/okdesk'
[23:10:8] - [Инфо] [LOG] Заявка не является завершенной (OkDesk ID: 3550) Пропуск...
[23:10:8] - [Инфо] Developer - Mkrtchyan Martun <mart@kassa26.ru>
[23:10:8] - [Инфо] [OkDesk] Файл: '3552-3552data.json' - уже существует в 'data/okdesk'
[23:10:8] - [Инфо] [LOG] Заявка не является завершенной (OkDesk ID: 3552) Пропуск...
[23:10:8] - [Инфо] Developer - Mkrtchyan Martun <mart@kassa26.ru>
[23:10:8] - [Инфо] [OkDesk] Файл: '3558-3558data.json' - уже существует в 'data/okdesk'
[23:10:8] - [Инфо] [LOG] Заявка не является завершенной (OkDesk ID: 3558) Пропуск...
[23:10:8] - [Инфо] Developer - Mkrtchyan Martun <mart@kassa26.ru>
[23:10:8] - [Инфо] [OkDesk] Файл: '3560-3560data.json' - уже существует в 'data/okdesk'
[23:10:8] - [Инфо] [LOG] Заявка не является завершенной (OkDesk ID: 3560) Пропуск...
[23:10:8] - [Инфо] Developer - Mkrtchyan Martun <mart@kassa26.ru>
[23:10:8] - [Инфо] [OkDesk] Файл: '3563-3563data.json' - уже существует в 'data/okdesk'
[23:10:9] - [Инфо] [LOG] Заявка не является завершенной (OkDesk ID: 3563) Пропуск...
[23:10:9] - [Инфо] Developer - Mkrtchyan Martun <mart@kassa26.ru>
[23:10:9] - [Инфо] [OkDesk] Файл: '3564-3564data.json' - уже существует в 'data/okdesk'
[23:10:9] - [Инфо] [LOG] Заявка не является завершенной (OkDesk ID: 3564) Пропуск...
[23:10:9] - [Инфо] Developer - Mkrtchyan Martun <mart@kassa26.ru>
[23:10:9] - [Инфо] [OkDesk] Файл: '3567-3567data.json' - уже существует в 'data/okdesk'
[23:10:9] - [Инфо] [LOG] Заявка не является завершенной (OkDesk ID: 3567) Пропуск...
[23:10:9] - [Инфо] Developer - Mkrtchyan Martun <mart@kassa26.ru>
[23:10:9] - [Инфо] [OkDesk] Файл: '3574-3574data.json' - уже существует в 'data/okdesk'
[23:10:10] - [Инфо] [LOG] Заявка не является завершенной (OkDesk ID: 3574) Пропуск...
[23:10:10] - [Инфо] Developer - Mkrtchyan Martun <mart@kassa26.ru>
[23:10:10] - [Инфо] [OkDesk] Файл: '3581-3581data.json' - уже существует в 'data/okdesk'
[23:10:10] - [Инфо] [LOG] Заявка не является завершенной (OkDesk ID: 3581) Пропуск...
[23:10:10] - [Инфо] Developer - Mkrtchyan Martun <mart@kassa26.ru>
[23:10:10] - [Инфо] [OkDesk] Файл: '3583-3583data.json' - уже существует в 'data/okdesk'
[23:10:10] - [Инфо] [LOG] Заявка не является завершенной (OkDesk ID: 3583) Пропуск...
[23:10:10] - [Инфо] Developer - Mkrtchyan Martun <mart@kassa26.ru>
[23:10:10] - [Инфо] [OkDesk] Файл: '3588-3588data.json' - уже существует в 'data/okdesk'
[23:10:11] - [Инфо] [LOG] Заявка не является завершенной (OkDesk ID: 3588) Пропуск...
[23:10:11] - [Инфо] Developer - Mkrtchyan Martun <mart@kassa26.ru>
[23:10:11] - [Инфо] [OkDesk] Файл: '3593-3593data.json' - уже существует в 'data/okdesk'
[23:10:11] - [Инфо] [LOG] Заявка не является завершенной (OkDesk ID: 3593) Пропуск...
