[23:59:0] - [Инфо] Начало цикла след. последовательности
[23:59:0] - [Инфо] Developer - Mkrtchyan Martun <mart@kassa26.ru>
[23:59:1] - Заявка уже была ранее выгружена. (OkDesk ID: 2304), пожалуйста исправьте ошибку[23:59:2] - [Инфо] Сущность с ID: 2305 обработана на сервере.
[23:59:2] - [Инфо] Отправка данных в Спутник...
[23:59:2] - [Инфо] task status: success, task time status: success
[23:59:2] - [Инфо] SputnikTaskID: 32466
[23:59:2] - Не найдено ID клиента (OkDesk ID: 2306) Пропуск..., пожалуйста исправьте ошибку[23:59:2] - [Инфо] comment id: 163068, task comment status: success
[23:59:3] - [Инфо] comment id: 163069, task comment status: success
[23:59:3] - [Инфо] Сущность с ID: 2307 обработана на сервере.
[23:59:3] - [Инфо] comment id: 163070, task comment status: success
[23:59:3] - [Инфо] comment id: 163071, task comment status: success
[23:59:3] - [Инфо] Отправка данных в Спутник...
[23:59:3] - [Инфо] task status: success, task time status: success
[23:59:3] - [Инфо] SputnikTaskID: 32467
[23:59:3] - [Инфо] Сущность с ID: 2308 обработана на сервере.
[23:59:3] - [Инфо] comment id: 163072, task comment status: success
[23:59:3] - [Инфо] Отправка данных в Спутник...
[23:59:3] - [Инфо] task status: success, task time status: success
[23:59:3] - [Инфо] SputnikTaskID: 32468
[23:59:4] - [Инфо] comment id: 163073, task comment status: success
[23:59:4] - [Инфо] Сущность с ID: 2309 обработана на сервере.
[23:59:4] - [Инфо] Отправка данных в Спутник...
[23:59:4] - [Инфо] task status: success, task time status: success
[23:59:4] - [Инфо] SputnikTaskID: 32469
[23:59:4] - [Инфо] comment id: 163074, task comment status: success
[23:59:4] - [Инфо] Сущность с ID: 2310 обработана на сервере.
[23:59:4] - [Инфо] Отправка данных в Спутник...
[23:59:4] - [Инфо] task status: success, task time status: success
[23:59:4] - [Инфо] SputnikTaskID: 32470
[23:59:5] - [Инфо] comment id: 163075, task comment status: success
[23:59:5] - [Инфо] Сущность с ID: 2311 обработана на сервере.
[23:59:5] - [Инфо] Отправка данных в Спутник...
[23:59:5] - [Инфо] task status: success, task time status: success
[23:59:5] - [Инфо] SputnikTaskID: 32471
[23:59:5] - [Инфо] comment id: 163076, task comment status: success
[23:59:5] - [Инфо] Сущность с ID: 2312 обработана на сервере.
[23:59:5] - [Инфо] comment id: 163077, task comment status: success
[23:59:5] - [Инфо] comment id: 163078, task comment status: success
[23:59:5] - [Инфо] Отправка данных в Спутник...
[23:59:5] - [Инфо] task status: success, task time status: success
[23:59:5] - [Инфо] SputnikTaskID: 32472
[23:59:6] - [Инфо] comment id: 163079, task comment status: success
[23:59:6] - [Инфо] comment id: 163080, task comment status: success
[23:59:6] - [Инфо] Сущность с ID: 2313 обработана на сервере.
[23:59:6] - [Инфо] Отправка данных в Спутник...
[23:59:6] - [Инфо] task status: success, task time status: success
[23:59:6] - [Инфо] SputnikTaskID: 32473
[23:59:6] - [Инфо] comment id: 163081, task comment status: success
[23:59:6] - [Инфо] Сущность с ID: 2314 обработана на сервере.
[23:59:6] - [Инфо] Отправка данных в Спутник...
[23:59:6] - [Инфо] task status: success, task time status: success
[23:59:6] - [Инфо] SputnikTaskID: 32474
[23:59:7] - [Инфо] comment id: 163082, task comment status: success
[23:59:7] - [Инфо] 2315
[23:59:7] - [Инфо] [LOG] Заявка не является завершенной (OkDesk ID: 2315) Пропуск...
[23:59:7] - [Инфо] Сущность с ID: 2316 обработана на сервере.
[23:59:7] - [Инфо] Отправка данных в Спутник...
[23:59:7] - [Инфо] task status: success, task time status: success
[23:59:7] - [Инфо] SputnikTaskID: 32475
[23:59:8] - [Инфо] comment id: 163083, task comment status: success
[23:59:8] - [Инфо] Сущность с ID: 2317 обработана на сервере.
[23:59:8] - [Инфо] Отправка данных в Спутник...
[23:59:8] - [Инфо] task status: success, task time status: success
[23:59:8] - [Инфо] SputnikTaskID: 32476
[23:59:8] - [Инфо] comment id: 163084, task comment status: success
[23:59:8] - [Инфо] Сущность с ID: 2318 обработана на сервере.
[23:59:8] - Записи 2319 не существует, пожалуйста исправьте ошибку[23:59:8] - [Инфо] Начало автоматической выгрузки данных
[23:59:8] - [Инфо] Developer - Mkrtchyan Martun <mart@kassa26.ru>
[23:59:8] - [Инфо] [OkDesk] Файл: '2097-2097data.json' - уже существует в 'data/okdesk'
[23:59:8] - Записи 2097 не существует, пожалуйста исправьте ошибку[23:59:8] - Записи 2097 не существует, пожалуйста исправьте ошибку[23:59:8] - [Инфо] Отправка данных в Спутник...
[23:59:8] - [Инфо] task status: success, task time status: success
[23:59:8] - [Инфо] SputnikTaskID: 32477
[23:59:9] - [Инфо] comment id: 163085, task comment status: success
