[23:59:0] - [Инфо] Начало цикла след. последовательности
[23:59:0] - [Инфо] Developer - Mkrtchyan Martun <mart@kassa26.ru>
[23:59:1] - Заявка уже была ранее выгружена. (OkDesk ID: 1625), пожалуйста исправьте ошибку[23:59:2] - [Инфо] Сущность с ID: 1626 обработана на сервере.
[23:59:2] - [Инфо] Отправка данных в Спутник...
[23:59:2] - [Инфо] task status: success, task time status: success
[23:59:2] - [Инфо] SputnikTaskID: 31278
[23:59:2] - [Инфо] Сущность с ID: 1627 обработана на сервере.
[23:59:3] - [Инфо] Отправка данных в Спутник...
[23:59:3] - [Инфо] task status: success, task time status: success
[23:59:3] - [Инфо] SputnikTaskID: 31279
[23:59:3] - [Инфо] comment id: 157200, task comment status: success
[23:59:3] - [Инфо] comment id: 157201, task comment status: success
[23:59:3] - [Инфо] Сущность с ID: 1628 обработана на сервере.
[23:59:3] - [Инфо] Отправка данных в Спутник...
[23:59:3] - [Инфо] task status: success, task time status: success
[23:59:3] - [Инфо] SputnikTaskID: 31280
[23:59:3] - [Инфо] comment id: 157202, task comment status: success
[23:59:4] - [Инфо] Сущность с ID: 1629 обработана на сервере.
[23:59:4] - [Инфо] Отправка данных в Спутник...
[23:59:4] - [Инфо] task status: success, task time status: success
[23:59:4] - [Инфо] SputnikTaskID: 31281
[23:59:4] - [Инфо] comment id: 157203, task comment status: success
[23:59:4] - [Инфо] Сущность с ID: 1630 обработана на сервере.
[23:59:4] - [Инфо] comment id: 157204, task comment status: success
[23:59:4] - [Инфо] Отправка данных в Спутник...
[23:59:4] - [Инфо] task status: success, task time status: success
[23:59:4] - [Инфо] SputnikTaskID: 31282
[23:59:5] - [Инфо] comment id: 157205, task comment status: success
[23:59:5] - [Инфо] Сущность с ID: 1631 обработана на сервере.
[23:59:5] - [Инфо] Отправка данных в Спутник...
[23:59:5] - [Инфо] task status: success, task time status: success
[23:59:5] - [Инфо] SputnikTaskID: 31283
[23:59:5] - [Инфо] comment id: 157206, task comment status: success
[23:59:5] - [Инфо] comment id: 157207, task comment status: success
[23:59:6] - [Инфо] Сущность с ID: 1632 обработана на сервере.
[23:59:6] - [Инфо] Отправка данных в Спутник...
[23:59:6] - [Инфо] task status: success, task time status: success
[23:59:6] - [Инфо] SputnikTaskID: 31284
[23:59:6] - [Инфо] comment id: 157208, task comment status: success
[23:59:9] - [Инфо] Сущность с ID: 1633 обработана на сервере.
[23:59:9] - [Инфо] Отправка данных в Спутник...
[23:59:9] - [Инфо] task status: success, task time status: success
[23:59:9] - [Инфо] SputnikTaskID: 31285
[23:59:9] - [Инфо] comment id: 157209, task comment status: success
[23:59:9] - [Инфо] Сущность с ID: 1634 обработана на сервере.
[23:59:9] - [Инфо] comment id: 157210, task comment status: success
[23:59:10] - [Инфо] Отправка данных в Спутник...
[23:59:10] - [Инфо] task status: success, task time status: success
[23:59:10] - [Инфо] SputnikTaskID: 31286
[23:59:10] - [Инфо] comment id: 157211, task comment status: success
[23:59:10] - [Инфо] 1635
[23:59:10] - [Инфо] [LOG] Заявка не является завершенной (OkDesk ID: 1635) Пропуск...
[23:59:10] - [Инфо] Сущность с ID: 1636 обработана на сервере.
[23:59:11] - [Инфо] Отправка данных в Спутник...
[23:59:11] - [Инфо] task status: success, task time status: success
[23:59:11] - [Инфо] SputnikTaskID: 31287
[23:59:11] - [Инфо] comment id: 157212, task comment status: success
[23:59:11] - [Инфо] Сущность с ID: 1637 обработана на сервере.
[23:59:11] - [Инфо] Отправка данных в Спутник...
[23:59:11] - [Инфо] task status: success, task time status: success
[23:59:11] - [Инфо] SputnikTaskID: 31288
[23:59:11] - [Инфо] comment id: 157213, task comment status: success
[23:59:11] - [Инфо] Сущность с ID: 1638 обработана на сервере.
[23:59:12] - [Инфо] Отправка данных в Спутник...
[23:59:12] - [Инфо] task status: success, task time status: success
[23:59:12] - [Инфо] SputnikTaskID: 31289
[23:59:12] - [Инфо] comment id: 157214, task comment status: success
[23:59:12] - [Инфо] Сущность с ID: 1639 обработана на сервере.
[23:59:12] - [Инфо] Отправка данных в Спутник...
[23:59:12] - [Инфо] task status: success, task time status: success
[23:59:12] - [Инфо] SputnikTaskID: 31290
[23:59:12] - [Инфо] comment id: 157215, task comment status: success
[23:59:13] - [Инфо] Сущность с ID: 1640 обработана на сервере.
[23:59:13] - [Инфо] Отправка данных в Спутник...
[23:59:13] - [Инфо] task status: success, task time status: success
[23:59:13] - [Инфо] SputnikTaskID: 31291
[23:59:13] - [Инфо] comment id: 157216, task comment status: success
[23:59:13] - [Инфо] Сущность с ID: 1641 обработана на сервере.
[23:59:13] - [Инфо] Отправка данных в Спутник...
[23:59:13] - [Инфо] task status: success, task time status: success
[23:59:13] - [Инфо] SputnikTaskID: 31292
[23:59:14] - [Инфо] comment id: 157217, task comment status: success
[23:59:14] - [Инфо] Сущность с ID: 1642 обработана на сервере.
[23:59:14] - [Инфо] Отправка данных в Спутник...
[23:59:14] - [Инфо] task status: success, task time status: success
[23:59:14] - [Инфо] SputnikTaskID: 31293
[23:59:14] - [Инфо] comment id: 157218, task comment status: success
[23:59:14] - [Инфо] Сущность с ID: 1643 обработана на сервере.
[23:59:15] - [Инфо] Отправка данных в Спутник...
[23:59:15] - [Инфо] task status: success, task time status: success
[23:59:15] - [Инфо] SputnikTaskID: 31294
[23:59:15] - [Инфо] comment id: 157219, task comment status: success
[23:59:15] - [Инфо] Сущность с ID: 1644 обработана на сервере.
[23:59:15] - [Инфо] Отправка данных в Спутник...
[23:59:15] - [Инфо] task status: success, task time status: success
[23:59:15] - [Инфо] SputnikTaskID: 31295
[23:59:15] - [Инфо] comment id: 157220, task comment status: success
[23:59:16] - Не найдено ID клиента (OkDesk ID: 1645) Пропуск..., пожалуйста исправьте ошибку[23:59:16] - Не найдено ID клиента (OkDesk ID: 1646) Пропуск..., пожалуйста исправьте ошибку[23:59:17] - [Инфо] Сущность с ID: 1647 обработана на сервере.
[23:59:17] - [Инфо] Отправка данных в Спутник...
[23:59:17] - [Инфо] task status: success, task time status: success
[23:59:17] - [Инфо] SputnikTaskID: 31296
[23:59:17] - [Инфо] comment id: 157221, task comment status: success
[23:59:17] - [Инфо] comment id: 157222, task comment status: success
[23:59:18] - [Инфо] Сущность с ID: 1648 обработана на сервере.
[23:59:18] - [Инфо] Отправка данных в Спутник...
[23:59:18] - [Инфо] task status: success, task time status: success
[23:59:18] - [Инфо] SputnikTaskID: 31297
[23:59:18] - [Инфо] comment id: 157223, task comment status: success
[23:59:18] - [Инфо] Сущность с ID: 1649 обработана на сервере.
[23:59:18] - [Инфо] Отправка данных в Спутник...
[23:59:18] - [Инфо] task status: success, task time status: success
[23:59:18] - [Инфо] SputnikTaskID: 31298
[23:59:19] - [Инфо] comment id: 157224, task comment status: success
[23:59:19] - [Инфо] comment id: 157225, task comment status: success
[23:59:19] - [Инфо] Сущность с ID: 1650 обработана на сервере.
[23:59:19] - [Инфо] Начало автоматической выгрузки данных
[23:59:19] - [Инфо] Developer - Mkrtchyan Martun <mart@kassa26.ru>
[23:59:19] - [Инфо] [OkDesk] Файл: '1086-1086data.json' - уже существует в 'data/okdesk'
[23:59:19] - [Инфо] comment id: 157226, task comment status: success
[23:59:19] - [Инфо] comment id: 157227, task comment status: success
[23:59:19] - [Инфо] [LOG] Заявка не является завершенной (OkDesk ID: 1086) Пропуск...
[23:59:19] - [Инфо] Developer - Mkrtchyan Martun <mart@kassa26.ru>
[23:59:19] - [Инфо] [OkDesk] Файл: '1178-1178data.json' - уже существует в 'data/okdesk'
[23:59:19] - [Инфо] Отправка данных в Спутник...
[23:59:19] - [Инфо] task status: success, task time status: success
[23:59:19] - [Инфо] SputnikTaskID: 31299
[23:59:20] - [Инфо] comment id: 157228, task comment status: success
[23:59:20] - [Инфо] [LOG] Заявка не является завершенной (OkDesk ID: 1178) Пропуск...
[23:59:20] - [Инфо] Developer - Mkrtchyan Martun <mart@kassa26.ru>
[23:59:20] - [Инфо] [OkDesk] Файл: '1197-1197data.json' - уже существует в 'data/okdesk'
[23:59:20] - [Инфо] comment id: 157229, task comment status: success
[23:59:20] - [Инфо] [LOG] Заявка не является завершенной (OkDesk ID: 1197) Пропуск...
[23:59:20] - [Инфо] Developer - Mkrtchyan Martun <mart@kassa26.ru>
[23:59:20] - [Инфо] [OkDesk] Файл: '1287-1287data.json' - уже существует в 'data/okdesk'
[23:59:21] - [Инфо] [LOG] Заявка не является завершенной (OkDesk ID: 1287) Пропуск...
[23:59:21] - [Инфо] Developer - Mkrtchyan Martun <mart@kassa26.ru>
[23:59:21] - [Инфо] [OkDesk] Файл: '1344-1344data.json' - уже существует в 'data/okdesk'
[23:59:21] - [Инфо] [LOG] Заявка не является завершенной (OkDesk ID: 1344) Пропуск...
[23:59:21] - [Инфо] Developer - Mkrtchyan Martun <mart@kassa26.ru>
[23:59:21] - [Инфо] [OkDesk] Файл: '1396-1396data.json' - уже существует в 'data/okdesk'
[23:59:21] - [Инфо] [LOG] Заявка не является завершенной (OkDesk ID: 1396) Пропуск...
[23:59:21] - [Инфо] Developer - Mkrtchyan Martun <mart@kassa26.ru>
[23:59:21] - [Инфо] [OkDesk] Файл: '1399-1399data.json' - уже существует в 'data/okdesk'
[23:59:22] - [Инфо] [LOG] Заявка не является завершенной (OkDesk ID: 1399) Пропуск...
[23:59:22] - [Инфо] Developer - Mkrtchyan Martun <mart@kassa26.ru>
[23:59:22] - [Инфо] [OkDesk] Файл: '1422-1422data.json' - уже существует в 'data/okdesk'
[23:59:22] - [Инфо] [LOG] Заявка не является завершенной (OkDesk ID: 1422) Пропуск...
[23:59:22] - [Инфо] Developer - Mkrtchyan Martun <mart@kassa26.ru>
[23:59:22] - [Инфо] [OkDesk] Файл: '1477-1477data.json' - уже существует в 'data/okdesk'
[23:59:23] - [Инфо] [LOG] Заявка не является завершенной (OkDesk ID: 1477) Пропуск...
[23:59:23] - [Инфо] Developer - Mkrtchyan Martun <mart@kassa26.ru>
[23:59:23] - [Инфо] [OkDesk] Файл: '1505-1505data.json' - уже существует в 'data/okdesk'
[23:59:23] - [Инфо] [LOG] Заявка не является завершенной (OkDesk ID: 1505) Пропуск...
[23:59:23] - [Инфо] Developer - Mkrtchyan Martun <mart@kassa26.ru>
[23:59:23] - [Инфо] [OkDesk] Файл: '1510-1510data.json' - уже существует в 'data/okdesk'
[23:59:23] - [Инфо] [LOG] Заявка не является завершенной (OkDesk ID: 1510) Пропуск...
[23:59:23] - [Инфо] Developer - Mkrtchyan Martun <mart@kassa26.ru>
[23:59:23] - [Инфо] [OkDesk] Файл: '1542-1542data.json' - уже существует в 'data/okdesk'
[23:59:24] - [Инфо] [LOG] Заявка не является завершенной (OkDesk ID: 1542) Пропуск...
[23:59:24] - [Инфо] Developer - Mkrtchyan Martun <mart@kassa26.ru>
[23:59:24] - [Инфо] [OkDesk] Файл: '1549-1549data.json' - уже существует в 'data/okdesk'
[23:59:24] - [Инфо] [LOG] Заявка не является завершенной (OkDesk ID: 1549) Пропуск...
[23:59:24] - [Инфо] Developer - Mkrtchyan Martun <mart@kassa26.ru>
[23:59:24] - [Инфо] [OkDesk] Файл: '1555-1555data.json' - уже существует в 'data/okdesk'
[23:59:24] - [Инфо] [LOG] Заявка не является завершенной (OkDesk ID: 1555) Пропуск...
[23:59:24] - [Инфо] Developer - Mkrtchyan Martun <mart@kassa26.ru>
[23:59:24] - [Инфо] [OkDesk] Файл: '1587-1587data.json' - уже существует в 'data/okdesk'
[23:59:25] - [Инфо] Сущность с ID: 1587 обработана на сервере.
[23:59:25] - [Инфо] Developer - Mkrtchyan Martun <mart@kassa26.ru>
[23:59:25] - [Инфо] [OkDesk] Файл: '1593-1593data.json' - уже существует в 'data/okdesk'
[23:59:25] - [Инфо] Отправка данных в Спутник...
[23:59:25] - [Инфо] task status: success, task time status: success
[23:59:25] - [Инфо] SputnikTaskID: 31300
[23:59:25] - [Инфо] [LOG] Заявка не является завершенной (OkDesk ID: 1593) Пропуск...
[23:59:25] - [Инфо] Developer - Mkrtchyan Martun <mart@kassa26.ru>
[23:59:25] - [Инфо] [OkDesk] Файл: '1597-1597data.json' - уже существует в 'data/okdesk'
[23:59:25] - [Инфо] comment id: 157230, task comment status: success
[23:59:25] - [Инфо] comment id: 157231, task comment status: success
[23:59:26] - [Инфо] comment id: 157232, task comment status: success
[23:59:26] - [Инфо] Сущность с ID: 1597 обработана на сервере.
[23:59:26] - [Инфо] Developer - Mkrtchyan Martun <mart@kassa26.ru>
[23:59:26] - [Инфо] [OkDesk] Файл: '1600-1600data.json' - уже существует в 'data/okdesk'
[23:59:26] - [Инфо] Отправка данных в Спутник...
[23:59:26] - [Инфо] task status: success, task time status: success
[23:59:26] - [Инфо] SputnikTaskID: 31301
[23:59:26] - [Инфо] [LOG] Заявка не является завершенной (OkDesk ID: 1600) Пропуск...
[23:59:26] - [Инфо] Developer - Mkrtchyan Martun <mart@kassa26.ru>
[23:59:26] - [Инфо] [OkDesk] Файл: '1604-1604data.json' - уже существует в 'data/okdesk'
[23:59:26] - [Инфо] comment id: 157233, task comment status: success
[23:59:26] - [Инфо] comment id: 157234, task comment status: success
[23:59:27] - [Инфо] comment id: 157235, task comment status: success
[23:59:27] - [Инфо] Сущность с ID: 1604 обработана на сервере.
[23:59:27] - [Инфо] Developer - Mkrtchyan Martun <mart@kassa26.ru>
[23:59:27] - [Инфо] [OkDesk] Файл: '1605-1605data.json' - уже существует в 'data/okdesk'
[23:59:27] - [Инфо] comment id: 157236, task comment status: success
[23:59:27] - [Инфо] comment id: 157237, task comment status: success
[23:59:27] - [Инфо] Отправка данных в Спутник...
[23:59:27] - [Инфо] task status: success, task time status: success
[23:59:27] - [Инфо] SputnikTaskID: 31302
[23:59:27] - [Инфо] comment id: 157238, task comment status: success
[23:59:27] - [Инфо] Сущность с ID: 1605 обработана на сервере.
[23:59:27] - [Инфо] Developer - Mkrtchyan Martun <mart@kassa26.ru>
[23:59:27] - [Инфо] [OkDesk] Файл: '1607-1607data.json' - уже существует в 'data/okdesk'
[23:59:27] - [Инфо] comment id: 157239, task comment status: success
[23:59:27] - [Инфо] comment id: 157240, task comment status: success
[23:59:27] - [Инфо] comment id: 157241, task comment status: success
[23:59:27] - [Инфо] Отправка данных в Спутник...
[23:59:27] - [Инфо] task status: success, task time status: success
[23:59:27] - [Инфо] SputnikTaskID: 31303
[23:59:27] - [Инфо] [LOG] Заявка не является завершенной (OkDesk ID: 1607) Пропуск...
[23:59:27] - [Инфо] Developer - Mkrtchyan Martun <mart@kassa26.ru>
[23:59:27] - [Инфо] [OkDesk] Файл: '1610-1610data.json' - уже существует в 'data/okdesk'
[23:59:27] - [Инфо] comment id: 157242, task comment status: success
[23:59:28] - [Инфо] comment id: 157243, task comment status: success
[23:59:28] - [Инфо] comment id: 157244, task comment status: success
[23:59:28] - Не найдено ID клиента (OkDesk ID: 1610) Пропуск..., пожалуйста исправьте ошибку[23:59:28] - [Инфо] Developer - Mkrtchyan Martun <mart@kassa26.ru>
[23:59:28] - [Инфо] [OkDesk] Файл: '1614-1614data.json' - уже существует в 'data/okdesk'
[23:59:28] - [Инфо] comment id: 157245, task comment status: success
[23:59:28] - [Инфо] [LOG] Заявка не является завершенной (OkDesk ID: 1614) Пропуск...
[23:59:28] - [Инфо] Developer - Mkrtchyan Martun <mart@kassa26.ru>
[23:59:28] - [Инфо] [OkDesk] Файл: '1615-1615data.json' - уже существует в 'data/okdesk'
[23:59:29] - [Инфо] [LOG] Заявка не является завершенной (OkDesk ID: 1615) Пропуск...
[23:59:29] - [Инфо] Developer - Mkrtchyan Martun <mart@kassa26.ru>
[23:59:29] - [Инфо] [LOG] Заявка не является завершенной (OkDesk ID: 1619) Пропуск...
