[23:59:0] - [Инфо] Начало цикла след. последовательности
[23:59:0] - [Инфо] Developer - Mkrtchyan Martun <mart@kassa26.ru>
[23:59:2] - Заявка уже была ранее выгружена. (OkDesk ID: 2644), пожалуйста исправьте ошибку[23:59:2] - [Инфо] Сущность с ID: 2645 обработана на сервере.
[23:59:3] - [Инфо] Отправка данных в Спутник...
[23:59:3] - [Инфо] task status: success, task time status: success
[23:59:3] - [Инфо] SputnikTaskID: 33066
[23:59:3] - [Инфо] Сущность с ID: 2646 обработана на сервере.
[23:59:3] - [Инфо] Отправка данных в Спутник...
[23:59:3] - [Инфо] task status: success, task time status: success
[23:59:3] - [Инфо] SputnikTaskID: 33067
[23:59:3] - [Инфо] comment id: 166289, task comment status: success
[23:59:3] - [Инфо] comment id: 166290, task comment status: success
[23:59:3] - [Инфо] comment id: 166291, task comment status: success
[23:59:4] - [Инфо] Сущность с ID: 2647 обработана на сервере.
[23:59:4] - [Инфо] Отправка данных в Спутник...
[23:59:4] - [Инфо] task status: success, task time status: success
[23:59:4] - [Инфо] SputnikTaskID: 33068
[23:59:4] - [Инфо] comment id: 166292, task comment status: success
[23:59:4] - [Инфо] Сущность с ID: 2648 обработана на сервере.
[23:59:4] - [Инфо] comment id: 166293, task comment status: success
[23:59:4] - [Инфо] comment id: 166294, task comment status: success
[23:59:4] - [Инфо] Отправка данных в Спутник...
[23:59:4] - [Инфо] task status: success, task time status: success
[23:59:4] - [Инфо] SputnikTaskID: 33069
[23:59:4] - [Инфо] comment id: 166295, task comment status: success
[23:59:5] - [Инфо] comment id: 166296, task comment status: success
[23:59:5] - [Инфо] comment id: 166297, task comment status: success
[23:59:5] - [Инфо] Сущность с ID: 2649 обработана на сервере.
[23:59:5] - [Инфо] comment id: 166298, task comment status: success
[23:59:5] - [Инфо] Отправка данных в Спутник...
[23:59:5] - [Инфо] task status: success, task time status: success
[23:59:5] - [Инфо] SputnikTaskID: 33070
[23:59:5] - [Инфо] comment id: 166299, task comment status: success
[23:59:5] - [Инфо] Сущность с ID: 2650 обработана на сервере.
[23:59:6] - [Инфо] Отправка данных в Спутник...
[23:59:6] - [Инфо] task status: success, task time status: success
[23:59:6] - [Инфо] SputnikTaskID: 33071
[23:59:6] - [Инфо] comment id: 166300, task comment status: success
[23:59:6] - [Инфо] Сущность с ID: 2651 обработана на сервере.
[23:59:6] - [Инфо] Отправка данных в Спутник...
[23:59:6] - [Инфо] task status: success, task time status: success
[23:59:6] - [Инфо] SputnikTaskID: 33072
[23:59:6] - [Инфо] comment id: 166301, task comment status: success
[23:59:6] - [Инфо] comment id: 166302, task comment status: success
[23:59:6] - [Инфо] Сущность с ID: 2652 обработана на сервере.
[23:59:7] - Записи 2653 не существует, пожалуйста исправьте ошибку[23:59:7] - [Инфо] Отправка данных в Спутник...
[23:59:7] - [Инфо] task status: success, task time status: success
[23:59:7] - [Инфо] SputnikTaskID: 33073
[23:59:7] - [Инфо] DEBUG: Записи 2653 не существует
[23:59:7] - Записи 2654 не существует, пожалуйста исправьте ошибку[23:59:7] - [Инфо] DEBUG: Записи 2654 не существует
[23:59:7] - [Инфо] comment id: 166303, task comment status: success
[23:59:7] - Записи 2655 не существует, пожалуйста исправьте ошибку[23:59:7] - [Инфо] DEBUG: Записи 2655 не существует
[23:59:7] - [Инфо] comment id: 166304, task comment status: success
[23:59:7] - Записи 2656 не существует, пожалуйста исправьте ошибку[23:59:7] - [Инфо] DEBUG: Записи 2656 не существует
[23:59:7] - Записи 2657 не существует, пожалуйста исправьте ошибку[23:59:7] - [Инфо] DEBUG: Записи 2657 не существует
[23:59:7] - Записи 2658 не существует, пожалуйста исправьте ошибку[23:59:8] - [Инфо] DEBUG: Записи 2658 не существует
[23:59:8] - Записи 2659 не существует, пожалуйста исправьте ошибку[23:59:8] - [Инфо] DEBUG: Записи 2659 не существует
[23:59:8] - Записи 2660 не существует, пожалуйста исправьте ошибку[23:59:8] - [Инфо] DEBUG: Записи 2660 не существует
[23:59:8] - Записи 2661 не существует, пожалуйста исправьте ошибку[23:59:8] - [Инфо] DEBUG: Записи 2661 не существует
[23:59:8] - Записи 2662 не существует, пожалуйста исправьте ошибку[23:59:8] - [Инфо] DEBUG: Записи 2662 не существует
[23:59:8] - Записи 2663 не существует, пожалуйста исправьте ошибку[23:59:9] - [Инфо] DEBUG: Записи 2663 не существует
[23:59:9] - Записи 2664 не существует, пожалуйста исправьте ошибку[23:59:9] - [Инфо] DEBUG: Записи 2664 не существует
[23:59:9] - Записи 2665 не существует, пожалуйста исправьте ошибку[23:59:9] - [Инфо] DEBUG: Записи 2665 не существует
[23:59:9] - Записи 2666 не существует, пожалуйста исправьте ошибку[23:59:9] - [Инфо] DEBUG: Записи 2666 не существует
[23:59:9] - Записи 2667 не существует, пожалуйста исправьте ошибку[23:59:9] - [Инфо] DEBUG: Записи 2667 не существует
[23:59:9] - Записи 2668 не существует, пожалуйста исправьте ошибку[23:59:10] - [Инфо] DEBUG: Записи 2668 не существует
[23:59:10] - Записи 2669 не существует, пожалуйста исправьте ошибку[23:59:10] - [Инфо] DEBUG: Записи 2669 не существует
[23:59:10] - [Инфо] Начало автоматической выгрузки данных
[23:59:10] - [Инфо] Developer - Mkrtchyan Martun <mart@kassa26.ru>
[23:59:10] - [Инфо] [OkDesk] Файл: '2563-2563data.json' - уже существует в 'data/okdesk'
[23:59:10] - [Инфо] [LOG] Заявка не является завершенной (OkDesk ID: 2563) Пропуск...
[23:59:10] - [Инфо] Developer - Mkrtchyan Martun <mart@kassa26.ru>
[23:59:10] - [Инфо] [OkDesk] Файл: '2589-2589data.json' - уже существует в 'data/okdesk'
[23:59:10] - [Инфо] [LOG] Заявка не является завершенной (OkDesk ID: 2589) Пропуск...
[23:59:10] - [Инфо] Developer - Mkrtchyan Martun <mart@kassa26.ru>
[23:59:10] - [Инфо] [OkDesk] Файл: '2625-2625data.json' - уже существует в 'data/okdesk'
[23:59:11] - [Инфо] [LOG] Заявка не является завершенной (OkDesk ID: 2625) Пропуск...
[23:59:11] - [Инфо] Developer - Mkrtchyan Martun <mart@kassa26.ru>
[23:59:11] - [Инфо] [OkDesk] Файл: '2632-2632data.json' - уже существует в 'data/okdesk'
[23:59:11] - [Инфо] Сущность с ID: 2632 обработана на сервере.
[23:59:11] - [Инфо] Developer - Mkrtchyan Martun <mart@kassa26.ru>
[23:59:11] - [Инфо] Отправка данных в Спутник...
[23:59:11] - [Инфо] task status: success, task time status: success
[23:59:11] - [Инфо] SputnikTaskID: 33074
[23:59:11] - [Инфо] comment id: 166305, task comment status: success
[23:59:12] - [Инфо] comment id: 166306, task comment status: success
[23:59:12] - [Инфо] Сущность с ID: 2633 обработана на сервере.
[23:59:12] - [Инфо] Отправка данных в Спутник...
[23:59:12] - [Инфо] task status: success, task time status: success
[23:59:12] - [Инфо] SputnikTaskID: 33075
[23:59:12] - [Инфо] comment id: 166307, task comment status: success
[23:59:12] - [Инфо] comment id: 166308, task comment status: success
