[0:0:2] - [Инфо] Сущность с ID: 2893 обработана на сервере.
[0:0:2] - [Инфо] Отправка данных в Спутник...
[0:0:2] - [Инфо] task status: success, task time status: success
[0:0:2] - [Инфо] SputnikTaskID: 33564
[0:0:2] - [Инфо] comment id: 169082, task comment status: success
[0:0:3] - [Инфо] comment id: 169083, task comment status: success
[0:0:4] - [Инфо] Сущность с ID: 2894 обработана на сервере.
[0:0:4] - [Инфо] Отправка данных в Спутник...
[0:0:4] - [Инфо] task status: success, task time status: success
[0:0:4] - [Инфо] SputnikTaskID: 33565
[0:0:4] - [Инфо] comment id: 169084, task comment status: success
[0:0:5] - [Инфо] comment id: 169085, task comment status: success
[0:0:5] - [Инфо] comment id: 169086, task comment status: success
[0:0:5] - [Инфо] comment id: 169087, task comment status: success
[0:0:9] - [Инфо] Сущность с ID: 2895 обработана на сервере.
[0:0:9] - Записи 2896 не существует, пожалуйста исправьте ошибку[0:0:9] - [Инфо] Отправка данных в Спутник...
[0:0:9] - [Инфо] task status: success, task time status: success
[0:0:9] - [Инфо] SputnikTaskID: 33566
[0:0:9] - [Инфо] DEBUG: Записи 2896 не существует
[0:0:9] - Записи 2897 не существует, пожалуйста исправьте ошибку[0:0:9] - [Инфо] DEBUG: Записи 2897 не существует
[0:0:9] - [Инфо] comment id: 169088, task comment status: success
[0:0:9] - [Инфо] comment id: 169089, task comment status: success
[0:0:10] - [Инфо] comment id: 169090, task comment status: success
[0:0:10] - Записи 2898 не существует, пожалуйста исправьте ошибку[0:0:10] - [Инфо] comment id: 169091, task comment status: success
[0:0:10] - [Инфо] DEBUG: Записи 2898 не существует
[0:0:10] - Записи 2899 не существует, пожалуйста исправьте ошибку[0:0:10] - [Инфо] comment id: 169092, task comment status: success
[0:0:10] - [Инфо] comment id: 169093, task comment status: success
[0:0:10] - [Инфо] comment id: 169094, task comment status: success
[0:0:10] - [Инфо] DEBUG: Записи 2899 не существует
[0:0:10] - Записи 2900 не существует, пожалуйста исправьте ошибку[0:0:10] - [Инфо] comment id: 169095, task comment status: success
[0:0:11] - [Инфо] comment id: 169096, task comment status: success
[0:0:11] - [Инфо] DEBUG: Записи 2900 не существует
[0:0:12] - Записи 2901 не существует, пожалуйста исправьте ошибку[0:0:12] - [Инфо] DEBUG: Записи 2901 не существует
[0:0:12] - Записи 2902 не существует, пожалуйста исправьте ошибку[0:0:13] - [Инфо] DEBUG: Записи 2902 не существует
[0:0:13] - Записи 2903 не существует, пожалуйста исправьте ошибку[0:0:14] - [Инфо] DEBUG: Записи 2903 не существует
[0:0:14] - Записи 2904 не существует, пожалуйста исправьте ошибку[0:0:15] - [Инфо] DEBUG: Записи 2904 не существует
[0:0:15] - Записи 2905 не существует, пожалуйста исправьте ошибку[0:0:16] - [Инфо] DEBUG: Записи 2905 не существует
[0:0:16] - Записи 2906 не существует, пожалуйста исправьте ошибку[0:0:17] - [Инфо] DEBUG: Записи 2906 не существует
[0:0:17] - Записи 2907 не существует, пожалуйста исправьте ошибку[0:0:17] - [Инфо] DEBUG: Записи 2907 не существует
[0:0:17] - Записи 2908 не существует, пожалуйста исправьте ошибку[0:0:18] - [Инфо] DEBUG: Записи 2908 не существует
[0:0:19] - Записи 2909 не существует, пожалуйста исправьте ошибку[0:0:20] - [Инфо] DEBUG: Записи 2909 не существует
[0:0:20] - [Инфо] Начало автоматической выгрузки данных
[0:0:20] - [Инфо] Developer - Mkrtchyan Martun <mart@kassa26.ru>
[0:0:20] - [Инфо] [OkDesk] Файл: '2563-2563data.json' - уже существует в 'data/okdesk'
[0:0:20] - [Инфо] [LOG] Заявка не является завершенной (OkDesk ID: 2563) Пропуск...
[0:0:20] - [Инфо] Developer - Mkrtchyan Martun <mart@kassa26.ru>
[0:0:20] - [Инфо] [OkDesk] Файл: '2589-2589data.json' - уже существует в 'data/okdesk'
[0:0:21] - [Инфо] [LOG] Заявка не является завершенной (OkDesk ID: 2589) Пропуск...
[0:0:21] - [Инфо] Developer - Mkrtchyan Martun <mart@kassa26.ru>
[0:0:21] - [Инфо] [OkDesk] Файл: '2625-2625data.json' - уже существует в 'data/okdesk'
[0:0:23] - [Инфо] [LOG] Заявка не является завершенной (OkDesk ID: 2625) Пропуск...
[0:0:23] - [Инфо] Developer - Mkrtchyan Martun <mart@kassa26.ru>
[0:0:23] - [Инфо] [OkDesk] Файл: '2685-2685data.json' - уже существует в 'data/okdesk'
[0:0:24] - [Инфо] [LOG] Заявка не является завершенной (OkDesk ID: 2685) Пропуск...
[0:0:24] - [Инфо] Developer - Mkrtchyan Martun <mart@kassa26.ru>
[0:0:24] - [Инфо] [OkDesk] Файл: '2702-2702data.json' - уже существует в 'data/okdesk'
[0:0:24] - [Инфо] [LOG] Заявка не является завершенной (OkDesk ID: 2702) Пропуск...
[0:0:24] - [Инфо] Developer - Mkrtchyan Martun <mart@kassa26.ru>
[0:0:24] - [Инфо] [OkDesk] Файл: '2821-2821data.json' - уже существует в 'data/okdesk'
[0:0:25] - [Инфо] [LOG] Заявка не является завершенной (OkDesk ID: 2821) Пропуск...
[0:0:25] - [Инфо] Developer - Mkrtchyan Martun <mart@kassa26.ru>
[0:0:25] - [Инфо] [OkDesk] Файл: '2845-2845data.json' - уже существует в 'data/okdesk'
[0:0:26] - [Инфо] [LOG] Заявка не является завершенной (OkDesk ID: 2845) Пропуск...
[23:59:3] - [Инфо] Начало цикла след. последовательности
[23:59:3] - [Инфо] Developer - Mkrtchyan Martun <mart@kassa26.ru>
[23:59:3] - Заявка уже была ранее выгружена. (OkDesk ID: 2895), пожалуйста исправьте ошибку[23:59:4] - [Инфо] 2896
[23:59:4] - [Инфо] [LOG] Заявка не является завершенной (OkDesk ID: 2896) Пропуск...
[23:59:4] - [Инфо] Сущность с ID: 2897 обработана на сервере.
[23:59:5] - [Инфо] Отправка данных в Спутник...
[23:59:5] - [Инфо] task status: success, task time status: success
[23:59:5] - [Инфо] SputnikTaskID: 33579
[23:59:5] - [Инфо] Сущность с ID: 2898 обработана на сервере.
[23:59:5] - [Инфо] comment id: 169147, task comment status: success
[23:59:5] - [Инфо] Отправка данных в Спутник...
[23:59:5] - [Инфо] task status: success, task time status: success
[23:59:5] - [Инфо] SputnikTaskID: 33580
[23:59:6] - [Инфо] Сущность с ID: 2899 обработана на сервере.
[23:59:6] - [Инфо] comment id: 169148, task comment status: success
[23:59:6] - [Инфо] Отправка данных в Спутник...
[23:59:6] - [Инфо] task status: success, task time status: success
[23:59:6] - [Инфо] SputnikTaskID: 33581
[23:59:6] - [Инфо] comment id: 169149, task comment status: success
[23:59:6] - [Инфо] Сущность с ID: 2900 обработана на сервере.
[23:59:6] - [Инфо] comment id: 169150, task comment status: success
[23:59:6] - [Инфо] Отправка данных в Спутник...
[23:59:6] - [Инфо] task status: success, task time status: success
[23:59:6] - [Инфо] SputnikTaskID: 33582
[23:59:7] - [Инфо] comment id: 169151, task comment status: success
[23:59:7] - [Инфо] Сущность с ID: 2901 обработана на сервере.
[23:59:7] - [Инфо] comment id: 169152, task comment status: success
[23:59:7] - [Инфо] Отправка данных в Спутник...
[23:59:7] - [Инфо] task status: success, task time status: success
[23:59:7] - [Инфо] SputnikTaskID: 33583
[23:59:7] - [Инфо] comment id: 169153, task comment status: success
[23:59:7] - [Инфо] comment id: 169154, task comment status: success
[23:59:7] - [Инфо] Сущность с ID: 2902 обработана на сервере.
[23:59:7] - [Инфо] Отправка данных в Спутник...
[23:59:7] - [Инфо] task status: success, task time status: success
[23:59:7] - [Инфо] SputnikTaskID: 33584
[23:59:8] - [Инфо] comment id: 169155, task comment status: success
[23:59:8] - [Инфо] Сущность с ID: 2903 обработана на сервере.
[23:59:8] - [Инфо] comment id: 169156, task comment status: success
[23:59:8] - [Инфо] Отправка данных в Спутник...
[23:59:8] - [Инфо] task status: success, task time status: success
[23:59:8] - [Инфо] SputnikTaskID: 33585
[23:59:8] - [Инфо] comment id: 169157, task comment status: success
[23:59:8] - [Инфо] Сущность с ID: 2904 обработана на сервере.
[23:59:8] - [Инфо] comment id: 169158, task comment status: success
[23:59:9] - [Инфо] comment id: 169159, task comment status: success
[23:59:9] - [Инфо] Отправка данных в Спутник...
[23:59:9] - [Инфо] task status: success, task time status: success
[23:59:9] - [Инфо] SputnikTaskID: 33586
[23:59:9] - [Инфо] comment id: 169160, task comment status: success
[23:59:9] - [Инфо] Сущность с ID: 2905 обработана на сервере.
[23:59:9] - [Инфо] Отправка данных в Спутник...
[23:59:9] - [Инфо] task status: success, task time status: success
[23:59:9] - [Инфо] SputnikTaskID: 33587
[23:59:9] - [Инфо] comment id: 169161, task comment status: success
[23:59:10] - [Инфо] Сущность с ID: 2906 обработана на сервере.
[23:59:10] - Записи 2907 не существует, пожалуйста исправьте ошибку[23:59:10] - [Инфо] Отправка данных в Спутник...
[23:59:10] - [Инфо] task status: success, task time status: success
[23:59:10] - [Инфо] SputnikTaskID: 33588
[23:59:10] - [Инфо] DEBUG: Записи 2907 не существует
[23:59:10] - Записи 2908 не существует, пожалуйста исправьте ошибку[23:59:10] - [Инфо] DEBUG: Записи 2908 не существует
[23:59:10] - [Инфо] comment id: 169162, task comment status: success
[23:59:10] - Записи 2909 не существует, пожалуйста исправьте ошибку[23:59:10] - [Инфо] DEBUG: Записи 2909 не существует
[23:59:10] - Записи 2910 не существует, пожалуйста исправьте ошибку[23:59:10] - [Инфо] DEBUG: Записи 2910 не существует
[23:59:10] - Записи 2911 не существует, пожалуйста исправьте ошибку[23:59:10] - [Инфо] DEBUG: Записи 2911 не существует
[23:59:10] - Записи 2912 не существует, пожалуйста исправьте ошибку[23:59:11] - [Инфо] DEBUG: Записи 2912 не существует
[23:59:11] - Записи 2913 не существует, пожалуйста исправьте ошибку[23:59:11] - [Инфо] DEBUG: Записи 2913 не существует
[23:59:11] - Записи 2914 не существует, пожалуйста исправьте ошибку[23:59:11] - [Инфо] DEBUG: Записи 2914 не существует
[23:59:11] - Записи 2915 не существует, пожалуйста исправьте ошибку[23:59:11] - [Инфо] DEBUG: Записи 2915 не существует
[23:59:11] - Записи 2916 не существует, пожалуйста исправьте ошибку[23:59:11] - [Инфо] DEBUG: Записи 2916 не существует
[23:59:11] - Записи 2917 не существует, пожалуйста исправьте ошибку[23:59:12] - [Инфо] DEBUG: Записи 2917 не существует
[23:59:12] - Записи 2918 не существует, пожалуйста исправьте ошибку[23:59:12] - [Инфо] DEBUG: Записи 2918 не существует
[23:59:12] - Записи 2919 не существует, пожалуйста исправьте ошибку[23:59:12] - [Инфо] DEBUG: Записи 2919 не существует
[23:59:12] - Записи 2920 не существует, пожалуйста исправьте ошибку[23:59:12] - [Инфо] DEBUG: Записи 2920 не существует
[23:59:12] - [Инфо] Начало автоматической выгрузки данных
[23:59:12] - [Инфо] Developer - Mkrtchyan Martun <mart@kassa26.ru>
[23:59:12] - [Инфо] [OkDesk] Файл: '2563-2563data.json' - уже существует в 'data/okdesk'
[23:59:13] - [Инфо] [LOG] Заявка не является завершенной (OkDesk ID: 2563) Пропуск...
[23:59:13] - [Инфо] Developer - Mkrtchyan Martun <mart@kassa26.ru>
[23:59:13] - [Инфо] [OkDesk] Файл: '2589-2589data.json' - уже существует в 'data/okdesk'
[23:59:13] - [Инфо] [LOG] Заявка не является завершенной (OkDesk ID: 2589) Пропуск...
[23:59:13] - [Инфо] Developer - Mkrtchyan Martun <mart@kassa26.ru>
[23:59:13] - [Инфо] [OkDesk] Файл: '2625-2625data.json' - уже существует в 'data/okdesk'
[23:59:13] - [Инфо] [LOG] Заявка не является завершенной (OkDesk ID: 2625) Пропуск...
[23:59:13] - [Инфо] Developer - Mkrtchyan Martun <mart@kassa26.ru>
[23:59:13] - [Инфо] [OkDesk] Файл: '2685-2685data.json' - уже существует в 'data/okdesk'
[23:59:13] - [Инфо] [LOG] Заявка не является завершенной (OkDesk ID: 2685) Пропуск...
[23:59:13] - [Инфо] Developer - Mkrtchyan Martun <mart@kassa26.ru>
[23:59:13] - [Инфо] [OkDesk] Файл: '2702-2702data.json' - уже существует в 'data/okdesk'
[23:59:14] - [Инфо] [LOG] Заявка не является завершенной (OkDesk ID: 2702) Пропуск...
[23:59:14] - [Инфо] Developer - Mkrtchyan Martun <mart@kassa26.ru>
[23:59:14] - [Инфо] [OkDesk] Файл: '2821-2821data.json' - уже существует в 'data/okdesk'
[23:59:14] - [Инфо] [LOG] Заявка не является завершенной (OkDesk ID: 2821) Пропуск...
[23:59:14] - [Инфо] Developer - Mkrtchyan Martun <mart@kassa26.ru>
[23:59:14] - [Инфо] [OkDesk] Файл: '2845-2845data.json' - уже существует в 'data/okdesk'
[23:59:14] - [Инфо] [LOG] Заявка не является завершенной (OkDesk ID: 2845) Пропуск...
[23:59:14] - [Инфо] Developer - Mkrtchyan Martun <mart@kassa26.ru>
[23:59:15] - [Инфо] Сущность с ID: 2887 обработана на сервере.
[23:59:15] - [Инфо] Developer - Mkrtchyan Martun <mart@kassa26.ru>
[23:59:15] - [Инфо] Отправка данных в Спутник...
[23:59:15] - [Инфо] task status: success, task time status: success
[23:59:15] - [Инфо] SputnikTaskID: 33589
[23:59:15] - [Инфо] comment id: 169163, task comment status: success
[23:59:15] - [Инфо] Сущность с ID: 2888 обработана на сервере.
[23:59:15] - [Инфо] Developer - Mkrtchyan Martun <mart@kassa26.ru>
[23:59:16] - [Инфо] Отправка данных в Спутник...
[23:59:16] - [Инфо] task status: success, task time status: success
[23:59:16] - [Инфо] SputnikTaskID: 33590
[23:59:16] - [Инфо] comment id: 169164, task comment status: success
[23:59:16] - [Инфо] comment id: 169165, task comment status: success
[23:59:16] - [Инфо] Сущность с ID: 2890 обработана на сервере.
[23:59:16] - [Инфо] comment id: 169166, task comment status: success
[23:59:16] - [Инфо] Отправка данных в Спутник...
[23:59:16] - [Инфо] task status: success, task time status: success
[23:59:16] - [Инфо] SputnikTaskID: 33591
[23:59:17] - [Инфо] comment id: 169167, task comment status: success
