[23:59:0] - [Инфо] Начало цикла след. последовательности
[23:59:0] - [Инфо] Developer - Mkrtchyan Martun <mart@kassa26.ru>
[23:59:1] - Заявка уже была ранее выгружена. (OkDesk ID: 2652), пожалуйста исправьте ошибку[23:59:2] - [Инфо] Сущность с ID: 2653 обработана на сервере.
[23:59:2] - [Инфо] Отправка данных в Спутник...
[23:59:2] - [Инфо] task status: success, task time status: success
[23:59:2] - [Инфо] SputnikTaskID: 33092
[23:59:3] - [Инфо] Сущность с ID: 2654 обработана на сервере.
[23:59:3] - [Инфо] Отправка данных в Спутник...
[23:59:3] - [Инфо] task status: success, task time status: success
[23:59:3] - [Инфо] SputnikTaskID: 33093
[23:59:3] - [Инфо] comment id: 166367, task comment status: success
[23:59:3] - [Инфо] comment id: 166368, task comment status: success
[23:59:3] - [Инфо] comment id: 166369, task comment status: success
[23:59:3] - [Инфо] Сущность с ID: 2655 обработана на сервере.
[23:59:3] - [Инфо] comment id: 166370, task comment status: success
[23:59:3] - [Инфо] Отправка данных в Спутник...
[23:59:3] - [Инфо] task status: success, task time status: success
[23:59:3] - [Инфо] SputnikTaskID: 33094
[23:59:3] - [Инфо] comment id: 166371, task comment status: success
[23:59:4] - [Инфо] comment id: 166372, task comment status: success
[23:59:4] - [Инфо] Сущность с ID: 2656 обработана на сервере.
[23:59:4] - [Инфо] comment id: 166373, task comment status: success
[23:59:4] - [Инфо] Отправка данных в Спутник...
[23:59:4] - [Инфо] task status: success, task time status: success
[23:59:4] - [Инфо] SputnikTaskID: 33095
[23:59:4] - [Инфо] comment id: 166374, task comment status: success
[23:59:4] - [Инфо] Сущность с ID: 2657 обработана на сервере.
[23:59:4] - [Инфо] Отправка данных в Спутник...
[23:59:4] - [Инфо] task status: success, task time status: success
[23:59:4] - [Инфо] SputnikTaskID: 33096
[23:59:5] - [Инфо] comment id: 166375, task comment status: success
[23:59:5] - [Инфо] Сущность с ID: 2658 обработана на сервере.
[23:59:5] - [Инфо] Отправка данных в Спутник...
[23:59:5] - [Инфо] task status: success, task time status: success
[23:59:5] - [Инфо] SputnikTaskID: 33097
[23:59:5] - [Инфо] comment id: 166376, task comment status: success
[23:59:5] - [Инфо] Сущность с ID: 2659 обработана на сервере.
[23:59:6] - Записи 2660 не существует, пожалуйста исправьте ошибку[23:59:6] - [Инфо] comment id: 166377, task comment status: success
[23:59:6] - [Инфо] Отправка данных в Спутник...
[23:59:6] - [Инфо] task status: success, task time status: success
[23:59:6] - [Инфо] SputnikTaskID: 33098
[23:59:6] - [Инфо] DEBUG: Записи 2660 не существует
[23:59:6] - [Инфо] comment id: 166378, task comment status: success
[23:59:6] - [Инфо] comment id: 166379, task comment status: success
[23:59:6] - [Инфо] Сущность с ID: 2661 обработана на сервере.
[23:59:7] - [Инфо] Отправка данных в Спутник...
[23:59:7] - [Инфо] task status: success, task time status: success
[23:59:7] - [Инфо] SputnikTaskID: 33099
[23:59:7] - [Инфо] 2662
[23:59:7] - [Инфо] [LOG] Заявка не является завершенной (OkDesk ID: 2662) Пропуск...
[23:59:7] - [Инфо] comment id: 166380, task comment status: success
[23:59:7] - Записи 2663 не существует, пожалуйста исправьте ошибку[23:59:7] - [Инфо] DEBUG: Записи 2663 не существует
[23:59:7] - Записи 2664 не существует, пожалуйста исправьте ошибку[23:59:7] - [Инфо] DEBUG: Записи 2664 не существует
[23:59:7] - Записи 2665 не существует, пожалуйста исправьте ошибку[23:59:7] - [Инфо] DEBUG: Записи 2665 не существует
[23:59:7] - Записи 2666 не существует, пожалуйста исправьте ошибку[23:59:7] - [Инфо] DEBUG: Записи 2666 не существует
[23:59:8] - Записи 2667 не существует, пожалуйста исправьте ошибку[23:59:8] - [Инфо] DEBUG: Записи 2667 не существует
[23:59:8] - Записи 2668 не существует, пожалуйста исправьте ошибку[23:59:8] - [Инфо] DEBUG: Записи 2668 не существует
[23:59:8] - Записи 2669 не существует, пожалуйста исправьте ошибку[23:59:8] - [Инфо] DEBUG: Записи 2669 не существует
[23:59:8] - Записи 2670 не существует, пожалуйста исправьте ошибку[23:59:8] - [Инфо] DEBUG: Записи 2670 не существует
[23:59:8] - Записи 2671 не существует, пожалуйста исправьте ошибку[23:59:8] - [Инфо] DEBUG: Записи 2671 не существует
[23:59:8] - Записи 2672 не существует, пожалуйста исправьте ошибку[23:59:9] - [Инфо] DEBUG: Записи 2672 не существует
[23:59:9] - Записи 2673 не существует, пожалуйста исправьте ошибку[23:59:9] - [Инфо] DEBUG: Записи 2673 не существует
[23:59:9] - Записи 2674 не существует, пожалуйста исправьте ошибку[23:59:9] - [Инфо] DEBUG: Записи 2674 не существует
[23:59:9] - Записи 2675 не существует, пожалуйста исправьте ошибку[23:59:9] - [Инфо] DEBUG: Записи 2675 не существует
[23:59:9] - Записи 2676 не существует, пожалуйста исправьте ошибку[23:59:9] - [Инфо] DEBUG: Записи 2676 не существует
[23:59:9] - Записи 2677 не существует, пожалуйста исправьте ошибку[23:59:10] - [Инфо] DEBUG: Записи 2677 не существует
[23:59:10] - [Инфо] Начало автоматической выгрузки данных
[23:59:10] - [Инфо] Developer - Mkrtchyan Martun <mart@kassa26.ru>
[23:59:10] - [Инфо] [OkDesk] Файл: '2563-2563data.json' - уже существует в 'data/okdesk'
[23:59:10] - [Инфо] [LOG] Заявка не является завершенной (OkDesk ID: 2563) Пропуск...
[23:59:10] - [Инфо] Developer - Mkrtchyan Martun <mart@kassa26.ru>
[23:59:10] - [Инфо] [OkDesk] Файл: '2589-2589data.json' - уже существует в 'data/okdesk'
[23:59:10] - [Инфо] [LOG] Заявка не является завершенной (OkDesk ID: 2589) Пропуск...
[23:59:10] - [Инфо] Developer - Mkrtchyan Martun <mart@kassa26.ru>
[23:59:10] - [Инфо] [OkDesk] Файл: '2625-2625data.json' - уже существует в 'data/okdesk'
[23:59:10] - [Инфо] [LOG] Заявка не является завершенной (OkDesk ID: 2625) Пропуск...
