[23:59:0] - [Инфо] Начало цикла след. последовательности
[23:59:0] - [Инфо] Developer - Mkrtchyan Martun <mart@kassa26.ru>
[23:59:1] - Заявка уже была ранее выгружена. (OkDesk ID: 2018), пожалуйста исправьте ошибку[23:59:1] - [Инфо] Сущность с ID: 2019 обработана на сервере.
[23:59:2] - [Инфо] Отправка данных в Спутник...
[23:59:2] - [Инфо] task status: success, task time status: success
[23:59:2] - [Инфо] SputnikTaskID: 31975
[23:59:2] - [Инфо] Сущность с ID: 2020 обработана на сервере.
[23:59:2] - [Инфо] comment id: 160884, task comment status: success
[23:59:2] - [Инфо] comment id: 160885, task comment status: success
[23:59:2] - [Инфо] Отправка данных в Спутник...
[23:59:2] - [Инфо] task status: success, task time status: success
[23:59:2] - [Инфо] SputnikTaskID: 31976
[23:59:3] - [Инфо] Сущность с ID: 2021 обработана на сервере.
[23:59:3] - [Инфо] comment id: 160886, task comment status: success
[23:59:3] - [Инфо] Отправка данных в Спутник...
[23:59:3] - [Инфо] task status: success, task time status: success
[23:59:3] - [Инфо] SputnikTaskID: 31977
[23:59:3] - [Инфо] comment id: 160887, task comment status: success
[23:59:3] - [Инфо] comment id: 160888, task comment status: success
[23:59:3] - Не найдено ID клиента (OkDesk ID: 2022) Пропуск..., пожалуйста исправьте ошибку[23:59:4] - [Инфо] Сущность с ID: 2023 обработана на сервере.
[23:59:4] - [Инфо] Отправка данных в Спутник...
[23:59:4] - [Инфо] task status: success, task time status: success
[23:59:4] - [Инфо] SputnikTaskID: 31978
[23:59:4] - [Инфо] 2024
[23:59:4] - [Инфо] [LOG] Заявка не является завершенной (OkDesk ID: 2024) Пропуск...
[23:59:4] - [Инфо] comment id: 160889, task comment status: success
[23:59:5] - [Инфо] Сущность с ID: 2025 обработана на сервере.
[23:59:5] - [Инфо] Отправка данных в Спутник...
[23:59:5] - [Инфо] task status: success, task time status: success
[23:59:5] - [Инфо] SputnikTaskID: 31979
[23:59:5] - [Инфо] 2026
[23:59:5] - [Инфо] [LOG] Заявка не является завершенной (OkDesk ID: 2026) Пропуск...
[23:59:5] - [Инфо] comment id: 160890, task comment status: success
[23:59:5] - [Инфо] comment id: 160891, task comment status: success
[23:59:6] - [Инфо] 2027
[23:59:6] - [Инфо] [LOG] Заявка не является завершенной (OkDesk ID: 2027) Пропуск...
[23:59:6] - Записи 2028 не существует, пожалуйста исправьте ошибку[23:59:6] - [Инфо] Начало автоматической выгрузки данных
[23:59:6] - [Инфо] Developer - Mkrtchyan Martun <mart@kassa26.ru>
[23:59:6] - [Инфо] [OkDesk] Файл: '1086-1086data.json' - уже существует в 'data/okdesk'
[23:59:6] - Записи 1086 не существует, пожалуйста исправьте ошибку[23:59:6] - Записи 1086 не существует, пожалуйста исправьте ошибку