[23:59:0] - [Инфо] Начало цикла след. последовательности
[23:59:0] - [Инфо] Developer - Mkrtchyan Martun <mart@kassa26.ru>
[23:59:1] - Заявка уже была ранее выгружена. (OkDesk ID: 2318), пожалуйста исправьте ошибку[23:59:2] - [Инфо] Сущность с ID: 2319 обработана на сервере.
[23:59:2] - [Инфо] Сущность с ID: 2320 обработана на сервере.
[23:59:2] - [Инфо] Отправка данных в Спутник...
[23:59:2] - [Инфо] task status: success, task time status: success
[23:59:2] - [Инфо] SputnikTaskID: 32478
[23:59:2] - [Инфо] Отправка данных в Спутник...
[23:59:2] - [Инфо] task status: success, task time status: success
[23:59:2] - [Инфо] SputnikTaskID: 32479
[23:59:2] - [Инфо] comment id: 163086, task comment status: success
[23:59:3] - [Инфо] Сущность с ID: 2321 обработана на сервере.
[23:59:3] - [Инфо] comment id: 163087, task comment status: success
[23:59:3] - [Инфо] comment id: 163088, task comment status: success
[23:59:3] - [Инфо] comment id: 163089, task comment status: success
[23:59:3] - [Инфо] Отправка данных в Спутник...
[23:59:3] - [Инфо] task status: success, task time status: success
[23:59:3] - [Инфо] SputnikTaskID: 32480
[23:59:3] - [Инфо] 2322
[23:59:3] - [Инфо] [LOG] Заявка не является завершенной (OkDesk ID: 2322) Пропуск...
[23:59:3] - Записи 2323 не существует, пожалуйста исправьте ошибку[23:59:3] - [Инфо] Начало автоматической выгрузки данных
[23:59:3] - [Инфо] Developer - Mkrtchyan Martun <mart@kassa26.ru>
[23:59:3] - [Инфо] [OkDesk] Файл: '2097-2097data.json' - уже существует в 'data/okdesk'
[23:59:3] - [Инфо] comment id: 163090, task comment status: success
[23:59:3] - Записи 2097 не существует, пожалуйста исправьте ошибку[23:59:3] - Записи 2097 не существует, пожалуйста исправьте ошибку[23:59:3] - [Инфо] comment id: 163091, task comment status: success
