[23:59:2] - [Инфо] Начало цикла след. последовательности
[23:59:2] - [Инфо] Developer - Mkrtchyan Martun <mart@kassa26.ru>
[23:59:3] - Заявка уже была ранее выгружена. (OkDesk ID: 3222), пожалуйста исправьте ошибку[23:59:4] - [Инфо] Сущность с ID: 3223 обработана на сервере.
[23:59:4] - [Инфо] Отправка данных в Спутник...
[23:59:4] - [Инфо] task status: success, task time status: success
[23:59:4] - [Инфо] SputnikTaskID: 34174
[23:59:4] - [Инфо] Сущность с ID: 3224 обработана на сервере.
[23:59:5] - [Инфо] Отправка данных в Спутник...
[23:59:5] - [Инфо] task status: success, task time status: success
[23:59:5] - [Инфо] SputnikTaskID: 34175
[23:59:5] - [Инфо] comment id: 171602, task comment status: success
[23:59:5] - [Инфо] comment id: 171603, task comment status: success
[23:59:5] - [Инфо] Сущность с ID: 3225 обработана на сервере.
[23:59:5] - [Инфо] comment id: 171604, task comment status: success
[23:59:5] - [Инфо] Отправка данных в Спутник...
[23:59:5] - [Инфо] task status: success, task time status: success
[23:59:5] - [Инфо] SputnikTaskID: 34176
[23:59:6] - [Инфо] comment id: 171605, task comment status: success
[23:59:6] - [Инфо] Сущность с ID: 3226 обработана на сервере.
[23:59:6] - [Инфо] comment id: 171606, task comment status: success
[23:59:6] - [Инфо] Отправка данных в Спутник...
[23:59:6] - [Инфо] task status: success, task time status: success
[23:59:6] - [Инфо] SputnikTaskID: 34177
[23:59:6] - [Инфо] comment id: 171607, task comment status: success
[23:59:6] - [Инфо] Сущность с ID: 3227 обработана на сервере.
[23:59:6] - [Инфо] Отправка данных в Спутник...
[23:59:6] - [Инфо] task status: success, task time status: success
[23:59:6] - [Инфо] SputnikTaskID: 34178
[23:59:7] - [Инфо] comment id: 171608, task comment status: success
[23:59:7] - [Инфо] 3228
[23:59:7] - [Инфо] [LOG] Заявка не является завершенной (OkDesk ID: 3228) Пропуск...
[23:59:7] - [Инфо] Сущность с ID: 3229 обработана на сервере.
[23:59:7] - [Инфо] Отправка данных в Спутник...
[23:59:7] - [Инфо] task status: success, task time status: success
[23:59:7] - [Инфо] SputnikTaskID: 34179
[23:59:8] - [Инфо] comment id: 171609, task comment status: success
[23:59:8] - [Инфо] Сущность с ID: 3230 обработана на сервере.
[23:59:8] - [Инфо] comment id: 171610, task comment status: success
[23:59:8] - [Инфо] Отправка данных в Спутник...
[23:59:8] - [Инфо] task status: success, task time status: success
[23:59:8] - [Инфо] SputnikTaskID: 34180
[23:59:8] - [Инфо] comment id: 171611, task comment status: success
[23:59:8] - [Инфо] comment id: 171612, task comment status: success
[23:59:9] - [Инфо] Сущность с ID: 3231 обработана на сервере.
[23:59:9] - [Инфо] Отправка данных в Спутник...
[23:59:9] - [Инфо] task status: success, task time status: success
[23:59:9] - [Инфо] SputnikTaskID: 34181
[23:59:9] - [Инфо] comment id: 171613, task comment status: success
[23:59:9] - [Инфо] comment id: 171614, task comment status: success
[23:59:9] - [Инфо] Сущность с ID: 3232 обработана на сервере.
[23:59:9] - [Инфо] Отправка данных в Спутник...
[23:59:9] - [Инфо] task status: success, task time status: success
[23:59:9] - [Инфо] SputnikTaskID: 34182
[23:59:9] - [Инфо] comment id: 171615, task comment status: success
[23:59:10] - [Инфо] comment id: 171616, task comment status: success
[23:59:10] - [Инфо] Сущность с ID: 3233 обработана на сервере.
[23:59:10] - [Инфо] Отправка данных в Спутник...
[23:59:10] - [Инфо] task status: success, task time status: success
[23:59:10] - [Инфо] SputnikTaskID: 34183
[23:59:10] - [Инфо] comment id: 171617, task comment status: success
[23:59:10] - [Инфо] Сущность с ID: 3234 обработана на сервере.
[23:59:10] - [Инфо] Отправка данных в Спутник...
[23:59:10] - [Инфо] task status: success, task time status: success
[23:59:10] - [Инфо] SputnikTaskID: 34184
[23:59:11] - [Инфо] comment id: 171618, task comment status: success
[23:59:11] - [Инфо] Сущность с ID: 3235 обработана на сервере.
[23:59:11] - [Инфо] comment id: 171619, task comment status: success
[23:59:11] - [Инфо] Отправка данных в Спутник...
[23:59:11] - [Инфо] task status: success, task time status: success
[23:59:11] - [Инфо] SputnikTaskID: 34185
[23:59:11] - [Инфо] 3236
[23:59:11] - [Инфо] [LOG] Заявка не является завершенной (OkDesk ID: 3236) Пропуск...
[23:59:12] - [Инфо] Сущность с ID: 3237 обработана на сервере.
[23:59:12] - Записи 3238 не существует, пожалуйста исправьте ошибку[23:59:12] - [Инфо] DEBUG: Записи 3238 не существует
[23:59:12] - [Инфо] Отправка данных в Спутник...
[23:59:12] - [Инфо] task status: success, task time status: success
[23:59:12] - [Инфо] SputnikTaskID: 34186
[23:59:12] - Записи 3239 не существует, пожалуйста исправьте ошибку[23:59:12] - [Инфо] DEBUG: Записи 3239 не существует
[23:59:12] - Записи 3240 не существует, пожалуйста исправьте ошибку[23:59:12] - [Инфо] comment id: 171620, task comment status: success
[23:59:12] - [Инфо] DEBUG: Записи 3240 не существует
[23:59:12] - [Инфо] comment id: 171621, task comment status: success
[23:59:12] - Записи 3241 не существует, пожалуйста исправьте ошибку[23:59:12] - [Инфо] DEBUG: Записи 3241 не существует
[23:59:12] - Записи 3242 не существует, пожалуйста исправьте ошибку[23:59:13] - [Инфо] DEBUG: Записи 3242 не существует
[23:59:13] - Записи 3243 не существует, пожалуйста исправьте ошибку[23:59:13] - [Инфо] DEBUG: Записи 3243 не существует
[23:59:13] - Записи 3244 не существует, пожалуйста исправьте ошибку[23:59:13] - [Инфо] DEBUG: Записи 3244 не существует
[23:59:13] - Записи 3245 не существует, пожалуйста исправьте ошибку[23:59:13] - [Инфо] DEBUG: Записи 3245 не существует
[23:59:13] - Записи 3246 не существует, пожалуйста исправьте ошибку[23:59:13] - [Инфо] DEBUG: Записи 3246 не существует
[23:59:13] - Записи 3247 не существует, пожалуйста исправьте ошибку[23:59:14] - [Инфо] DEBUG: Записи 3247 не существует
[23:59:14] - [Инфо] Начало автоматической выгрузки данных
[23:59:14] - [Инфо] Developer - Mkrtchyan Martun <mart@kassa26.ru>
[23:59:14] - [Инфо] [OkDesk] Файл: '2563-2563data.json' - уже существует в 'data/okdesk'
[23:59:14] - [Инфо] [LOG] Заявка не является завершенной (OkDesk ID: 2563) Пропуск...
[23:59:14] - [Инфо] Developer - Mkrtchyan Martun <mart@kassa26.ru>
[23:59:14] - [Инфо] [OkDesk] Файл: '2589-2589data.json' - уже существует в 'data/okdesk'
[23:59:14] - [Инфо] [LOG] Заявка не является завершенной (OkDesk ID: 2589) Пропуск...
[23:59:14] - [Инфо] Developer - Mkrtchyan Martun <mart@kassa26.ru>
[23:59:14] - [Инфо] [OkDesk] Файл: '2625-2625data.json' - уже существует в 'data/okdesk'
[23:59:14] - [Инфо] [LOG] Заявка не является завершенной (OkDesk ID: 2625) Пропуск...
[23:59:14] - [Инфо] Developer - Mkrtchyan Martun <mart@kassa26.ru>
[23:59:14] - [Инфо] [OkDesk] Файл: '2685-2685data.json' - уже существует в 'data/okdesk'
[23:59:15] - [Инфо] [LOG] Заявка не является завершенной (OkDesk ID: 2685) Пропуск...
[23:59:15] - [Инфо] Developer - Mkrtchyan Martun <mart@kassa26.ru>
[23:59:15] - [Инфо] [OkDesk] Файл: '2702-2702data.json' - уже существует в 'data/okdesk'
[23:59:15] - [Инфо] [LOG] Заявка не является завершенной (OkDesk ID: 2702) Пропуск...
[23:59:15] - [Инфо] Developer - Mkrtchyan Martun <mart@kassa26.ru>
[23:59:15] - [Инфо] [OkDesk] Файл: '2821-2821data.json' - уже существует в 'data/okdesk'
[23:59:16] - [Инфо] [LOG] Заявка не является завершенной (OkDesk ID: 2821) Пропуск...
[23:59:16] - [Инфо] Developer - Mkrtchyan Martun <mart@kassa26.ru>
[23:59:16] - [Инфо] [OkDesk] Файл: '2845-2845data.json' - уже существует в 'data/okdesk'
[23:59:16] - [Инфо] [LOG] Заявка не является завершенной (OkDesk ID: 2845) Пропуск...
[23:59:16] - [Инфо] Developer - Mkrtchyan Martun <mart@kassa26.ru>
[23:59:16] - [Инфо] [OkDesk] Файл: '2926-2926data.json' - уже существует в 'data/okdesk'
[23:59:16] - [Инфо] [LOG] Заявка не является завершенной (OkDesk ID: 2926) Пропуск...
[23:59:16] - [Инфо] Developer - Mkrtchyan Martun <mart@kassa26.ru>
[23:59:16] - [Инфо] [OkDesk] Файл: '3022-3022data.json' - уже существует в 'data/okdesk'
[23:59:16] - [Инфо] [LOG] Заявка не является завершенной (OkDesk ID: 3022) Пропуск...
