[23:59:2] - [Инфо] Начало цикла след. последовательности
[23:59:2] - [Инфо] Developer - Mkrtchyan Martun <mart@kassa26.ru>
[23:59:4] - Заявка уже была ранее выгружена. (OkDesk ID: 2906), пожалуйста исправьте ошибку[23:59:5] - [Инфо] Сущность с ID: 2907 обработана на сервере.
[23:59:5] - [Инфо] Отправка данных в Спутник...
[23:59:5] - [Инфо] task status: success, task time status: success
[23:59:5] - [Инфо] SputnikTaskID: 33665
[23:59:6] - [Инфо] Сущность с ID: 2908 обработана на сервере.
[23:59:6] - [Инфо] comment id: 169422, task comment status: success
[23:59:6] - [Инфо] Отправка данных в Спутник...
[23:59:6] - [Инфо] task status: success, task time status: success
[23:59:6] - [Инфо] SputnikTaskID: 33666
[23:59:6] - [Инфо] comment id: 169423, task comment status: success
[23:59:6] - [Инфо] comment id: 169424, task comment status: success
[23:59:7] - [Инфо] Сущность с ID: 2909 обработана на сервере.
[23:59:7] - [Инфо] Отправка данных в Спутник...
[23:59:7] - [Инфо] task status: success, task time status: success
[23:59:7] - [Инфо] SputnikTaskID: 33667
[23:59:7] - [Инфо] comment id: 169425, task comment status: success
[23:59:7] - [Инфо] comment id: 169426, task comment status: success
[23:59:7] - [Инфо] Сущность с ID: 2910 обработана на сервере.
[23:59:7] - [Инфо] comment id: 169427, task comment status: success
[23:59:7] - [Инфо] Отправка данных в Спутник...
[23:59:7] - [Инфо] task status: success, task time status: success
[23:59:7] - [Инфо] SputnikTaskID: 33668
[23:59:8] - [Инфо] comment id: 169428, task comment status: success
[23:59:8] - [Инфо] 2911
[23:59:8] - [Инфо] [LOG] Заявка не является завершенной (OkDesk ID: 2911) Пропуск...
[23:59:8] - [Инфо] 2912
[23:59:8] - [Инфо] [LOG] Заявка не является завершенной (OkDesk ID: 2912) Пропуск...
[23:59:9] - [Инфо] Сущность с ID: 2913 обработана на сервере.
[23:59:9] - [Инфо] Отправка данных в Спутник...
[23:59:9] - [Инфо] task status: success, task time status: success
[23:59:9] - [Инфо] SputnikTaskID: 33669
[23:59:9] - [Инфо] comment id: 169429, task comment status: success
[23:59:9] - [Инфо] Сущность с ID: 2914 обработана на сервере.
[23:59:9] - Записи 2915 не существует, пожалуйста исправьте ошибку[23:59:9] - [Инфо] Отправка данных в Спутник...
[23:59:9] - [Инфо] task status: success, task time status: success
[23:59:9] - [Инфо] SputnikTaskID: 33670
[23:59:9] - [Инфо] DEBUG: Записи 2915 не существует
[23:59:9] - Записи 2916 не существует, пожалуйста исправьте ошибку[23:59:10] - [Инфо] DEBUG: Записи 2916 не существует
[23:59:10] - [Инфо] comment id: 169430, task comment status: success
[23:59:10] - Записи 2917 не существует, пожалуйста исправьте ошибку[23:59:10] - [Инфо] DEBUG: Записи 2917 не существует
[23:59:10] - Записи 2918 не существует, пожалуйста исправьте ошибку[23:59:10] - [Инфо] DEBUG: Записи 2918 не существует
[23:59:10] - Записи 2919 не существует, пожалуйста исправьте ошибку[23:59:10] - [Инфо] DEBUG: Записи 2919 не существует
[23:59:10] - Записи 2920 не существует, пожалуйста исправьте ошибку[23:59:10] - [Инфо] DEBUG: Записи 2920 не существует
[23:59:10] - Записи 2921 не существует, пожалуйста исправьте ошибку[23:59:10] - [Инфо] DEBUG: Записи 2921 не существует
[23:59:11] - Записи 2922 не существует, пожалуйста исправьте ошибку[23:59:11] - [Инфо] DEBUG: Записи 2922 не существует
[23:59:11] - Записи 2923 не существует, пожалуйста исправьте ошибку[23:59:11] - [Инфо] DEBUG: Записи 2923 не существует
[23:59:11] - Записи 2924 не существует, пожалуйста исправьте ошибку[23:59:11] - [Инфо] DEBUG: Записи 2924 не существует
[23:59:11] - Записи 2925 не существует, пожалуйста исправьте ошибку[23:59:11] - [Инфо] DEBUG: Записи 2925 не существует
[23:59:11] - Записи 2926 не существует, пожалуйста исправьте ошибку[23:59:11] - [Инфо] DEBUG: Записи 2926 не существует
[23:59:11] - Записи 2927 не существует, пожалуйста исправьте ошибку[23:59:12] - [Инфо] DEBUG: Записи 2927 не существует
[23:59:12] - Записи 2928 не существует, пожалуйста исправьте ошибку[23:59:12] - [Инфо] DEBUG: Записи 2928 не существует
[23:59:12] - Записи 2929 не существует, пожалуйста исправьте ошибку[23:59:12] - [Инфо] DEBUG: Записи 2929 не существует
[23:59:12] - Записи 2930 не существует, пожалуйста исправьте ошибку[23:59:12] - [Инфо] DEBUG: Записи 2930 не существует
[23:59:12] - Записи 2931 не существует, пожалуйста исправьте ошибку[23:59:12] - [Инфо] DEBUG: Записи 2931 не существует
[23:59:12] - [Инфо] Начало автоматической выгрузки данных
[23:59:12] - [Инфо] Developer - Mkrtchyan Martun <mart@kassa26.ru>
[23:59:12] - [Инфо] [OkDesk] Файл: '2563-2563data.json' - уже существует в 'data/okdesk'
[23:59:13] - [Инфо] [LOG] Заявка не является завершенной (OkDesk ID: 2563) Пропуск...
[23:59:13] - [Инфо] Developer - Mkrtchyan Martun <mart@kassa26.ru>
[23:59:13] - [Инфо] [OkDesk] Файл: '2589-2589data.json' - уже существует в 'data/okdesk'
[23:59:13] - [Инфо] [LOG] Заявка не является завершенной (OkDesk ID: 2589) Пропуск...
[23:59:13] - [Инфо] Developer - Mkrtchyan Martun <mart@kassa26.ru>
[23:59:13] - [Инфо] [OkDesk] Файл: '2625-2625data.json' - уже существует в 'data/okdesk'
[23:59:13] - [Инфо] [LOG] Заявка не является завершенной (OkDesk ID: 2625) Пропуск...
[23:59:13] - [Инфо] Developer - Mkrtchyan Martun <mart@kassa26.ru>
[23:59:13] - [Инфо] [OkDesk] Файл: '2685-2685data.json' - уже существует в 'data/okdesk'
[23:59:14] - [Инфо] [LOG] Заявка не является завершенной (OkDesk ID: 2685) Пропуск...
[23:59:14] - [Инфо] Developer - Mkrtchyan Martun <mart@kassa26.ru>
[23:59:14] - [Инфо] [OkDesk] Файл: '2702-2702data.json' - уже существует в 'data/okdesk'
[23:59:14] - [Инфо] [LOG] Заявка не является завершенной (OkDesk ID: 2702) Пропуск...
[23:59:14] - [Инфо] Developer - Mkrtchyan Martun <mart@kassa26.ru>
[23:59:14] - [Инфо] [OkDesk] Файл: '2821-2821data.json' - уже существует в 'data/okdesk'
[23:59:14] - [Инфо] [LOG] Заявка не является завершенной (OkDesk ID: 2821) Пропуск...
[23:59:14] - [Инфо] Developer - Mkrtchyan Martun <mart@kassa26.ru>
[23:59:14] - [Инфо] [OkDesk] Файл: '2845-2845data.json' - уже существует в 'data/okdesk'
[23:59:15] - [Инфо] [LOG] Заявка не является завершенной (OkDesk ID: 2845) Пропуск...
[23:59:15] - [Инфо] Developer - Mkrtchyan Martun <mart@kassa26.ru>
[23:59:15] - [Инфо] [LOG] Заявка не является завершенной (OkDesk ID: 2896) Пропуск...
