[23:59:0] - [Инфо] Начало цикла след. последовательности
[23:59:0] - [Инфо] Developer - Mkrtchyan Martun <mart@kassa26.ru>
[23:59:0] - Заявка уже была ранее выгружена. (OkDesk ID: 1675), пожалуйста исправьте ошибку[23:59:1] - [Инфо] Сущность с ID: 1676 обработана на сервере.
[23:59:2] - [Инфо] Отправка данных в Спутник...
[23:59:2] - [Инфо] task status: success, task time status: success
[23:59:2] - [Инфо] SputnikTaskID: 31349
[23:59:2] - [Инфо] Сущность с ID: 1677 обработана на сервере.
[23:59:2] - [Инфо] comment id: 157354, task comment status: success
[23:59:2] - [Инфо] Отправка данных в Спутник...
[23:59:2] - [Инфо] task status: success, task time status: success
[23:59:2] - [Инфо] SputnikTaskID: 31350
[23:59:2] - [Инфо] comment id: 157355, task comment status: success
[23:59:2] - [Инфо] Сущность с ID: 1678 обработана на сервере.
[23:59:3] - [Инфо] Отправка данных в Спутник...
[23:59:3] - [Инфо] task status: success, task time status: success
[23:59:3] - [Инфо] SputnikTaskID: 31351
[23:59:3] - [Инфо] comment id: 157356, task comment status: success
[23:59:3] - [Инфо] Сущность с ID: 1679 обработана на сервере.
[23:59:3] - [Инфо] comment id: 157357, task comment status: success
[23:59:3] - [Инфо] Отправка данных в Спутник...
[23:59:3] - [Инфо] task status: success, task time status: success
[23:59:3] - [Инфо] SputnikTaskID: 31352
[23:59:3] - [Инфо] comment id: 157358, task comment status: success
[23:59:3] - [Инфо] comment id: 157359, task comment status: success
[23:59:4] - [Инфо] Сущность с ID: 1680 обработана на сервере.
[23:59:4] - [Инфо] Отправка данных в Спутник...
[23:59:4] - [Инфо] task status: success, task time status: success
[23:59:4] - [Инфо] SputnikTaskID: 31353
[23:59:4] - [Инфо] comment id: 157360, task comment status: success
[23:59:4] - [Инфо] comment id: 157361, task comment status: success
[23:59:4] - [Инфо] Сущность с ID: 1681 обработана на сервере.
[23:59:5] - [Инфо] Отправка данных в Спутник...
[23:59:5] - [Инфо] task status: success, task time status: success
[23:59:5] - [Инфо] SputnikTaskID: 31354
[23:59:5] - [Инфо] comment id: 157362, task comment status: success
[23:59:5] - [Инфо] Сущность с ID: 1682 обработана на сервере.
[23:59:5] - [Инфо] Отправка данных в Спутник...
[23:59:5] - [Инфо] task status: success, task time status: success
[23:59:5] - [Инфо] SputnikTaskID: 31355
[23:59:5] - [Инфо] comment id: 157363, task comment status: success
[23:59:6] - [Инфо] Сущность с ID: 1683 обработана на сервере.
[23:59:6] - [Инфо] Отправка данных в Спутник...
[23:59:6] - [Инфо] task status: success, task time status: success
[23:59:6] - [Инфо] SputnikTaskID: 31356
[23:59:6] - [Инфо] comment id: 157364, task comment status: success
[23:59:6] - [Инфо] Сущность с ID: 1684 обработана на сервере.
[23:59:6] - [Инфо] Отправка данных в Спутник...
[23:59:6] - [Инфо] task status: success, task time status: success
[23:59:6] - [Инфо] SputnikTaskID: 31357
[23:59:7] - [Инфо] comment id: 157365, task comment status: success
[23:59:7] - [Инфо] Сущность с ID: 1685 обработана на сервере.
[23:59:7] - [Инфо] Отправка данных в Спутник...
[23:59:7] - [Инфо] task status: success, task time status: success
[23:59:7] - [Инфо] SputnikTaskID: 31358
[23:59:7] - [Инфо] comment id: 157366, task comment status: success
[23:59:7] - [Инфо] comment id: 157367, task comment status: success
[23:59:7] - [Инфо] Сущность с ID: 1686 обработана на сервере.
[23:59:8] - [Инфо] Отправка данных в Спутник...
[23:59:8] - [Инфо] task status: success, task time status: success
[23:59:8] - [Инфо] SputnikTaskID: 31359
[23:59:8] - [Инфо] comment id: 157368, task comment status: success
[23:59:8] - [Инфо] Сущность с ID: 1687 обработана на сервере.
[23:59:8] - [Инфо] Отправка данных в Спутник...
[23:59:8] - [Инфо] task status: success, task time status: success
[23:59:8] - [Инфо] SputnikTaskID: 31360
[23:59:9] - [Инфо] comment id: 157369, task comment status: success
[23:59:9] - [Инфо] comment id: 157370, task comment status: success
[23:59:9] - [Инфо] comment id: 157371, task comment status: success
[23:59:9] - [Инфо] Сущность с ID: 1688 обработана на сервере.
[23:59:9] - [Инфо] Отправка данных в Спутник...
[23:59:9] - [Инфо] task status: success, task time status: success
[23:59:9] - [Инфо] SputnikTaskID: 31361
[23:59:10] - [Инфо] comment id: 157372, task comment status: success
[23:59:10] - [Инфо] Сущность с ID: 1689 обработана на сервере.
[23:59:10] - [Инфо] Отправка данных в Спутник...
[23:59:10] - [Инфо] task status: success, task time status: success
[23:59:10] - [Инфо] SputnikTaskID: 31362
[23:59:10] - [Инфо] comment id: 157373, task comment status: success
[23:59:10] - [Инфо] Сущность с ID: 1690 обработана на сервере.
[23:59:11] - [Инфо] Отправка данных в Спутник...
[23:59:11] - [Инфо] task status: success, task time status: success
[23:59:11] - [Инфо] SputnikTaskID: 31363
[23:59:11] - [Инфо] comment id: 157374, task comment status: success
[23:59:11] - [Инфо] Сущность с ID: 1691 обработана на сервере.
[23:59:11] - [Инфо] Отправка данных в Спутник...
[23:59:11] - [Инфо] task status: success, task time status: success
[23:59:11] - [Инфо] SputnikTaskID: 31364
[23:59:11] - [Инфо] comment id: 157375, task comment status: success
[23:59:12] - [Инфо] Сущность с ID: 1692 обработана на сервере.
[23:59:12] - [Инфо] Отправка данных в Спутник...
[23:59:12] - [Инфо] task status: success, task time status: success
[23:59:12] - [Инфо] SputnikTaskID: 31365
[23:59:12] - [Инфо] comment id: 157376, task comment status: success
[23:59:12] - [Инфо] Сущность с ID: 1693 обработана на сервере.
[23:59:12] - [Инфо] Отправка данных в Спутник...
[23:59:12] - [Инфо] task status: success, task time status: success
[23:59:12] - [Инфо] SputnikTaskID: 31366
[23:59:13] - [Инфо] comment id: 157377, task comment status: success
[23:59:13] - [Инфо] Сущность с ID: 1694 обработана на сервере.
[23:59:13] - [Инфо] Отправка данных в Спутник...
[23:59:13] - [Инфо] task status: success, task time status: success
[23:59:13] - [Инфо] SputnikTaskID: 31367
[23:59:13] - [Инфо] comment id: 157378, task comment status: success
[23:59:14] - [Инфо] Сущность с ID: 1695 обработана на сервере.
[23:59:14] - [Инфо] Отправка данных в Спутник...
[23:59:14] - [Инфо] task status: success, task time status: success
[23:59:14] - [Инфо] SputnikTaskID: 31368
[23:59:14] - [Инфо] comment id: 157379, task comment status: success
[23:59:14] - [Инфо] Сущность с ID: 1696 обработана на сервере.
[23:59:14] - [Инфо] Отправка данных в Спутник...
[23:59:14] - [Инфо] task status: success, task time status: success
[23:59:14] - [Инфо] SputnikTaskID: 31369
[23:59:15] - [Инфо] comment id: 157380, task comment status: success
[23:59:15] - [Инфо] Сущность с ID: 1697 обработана на сервере.
[23:59:15] - [Инфо] Отправка данных в Спутник...
[23:59:15] - [Инфо] task status: success, task time status: success
[23:59:15] - [Инфо] SputnikTaskID: 31370
[23:59:15] - [Инфо] comment id: 157381, task comment status: success
[23:59:16] - [Инфо] Сущность с ID: 1698 обработана на сервере.
[23:59:16] - [Инфо] Отправка данных в Спутник...
[23:59:16] - [Инфо] task status: success, task time status: success
[23:59:16] - [Инфо] SputnikTaskID: 31371
[23:59:16] - [Инфо] comment id: 157382, task comment status: success
[23:59:16] - [Инфо] Сущность с ID: 1699 обработана на сервере.
[23:59:17] - [Инфо] Отправка данных в Спутник...
[23:59:17] - [Инфо] task status: success, task time status: success
[23:59:17] - [Инфо] SputnikTaskID: 31372
[23:59:17] - [Инфо] comment id: 157383, task comment status: success
[23:59:17] - [Инфо] Сущность с ID: 1700 обработана на сервере.
[23:59:17] - [Инфо] Начало автоматической выгрузки данных
[23:59:17] - [Инфо] Developer - Mkrtchyan Martun <mart@kassa26.ru>
[23:59:17] - [Инфо] [OkDesk] Файл: '1086-1086data.json' - уже существует в 'data/okdesk'
[23:59:17] - [Инфо] Отправка данных в Спутник...
[23:59:17] - [Инфо] task status: success, task time status: success
[23:59:17] - [Инфо] SputnikTaskID: 31373
[23:59:17] - [Инфо] [LOG] Заявка не является завершенной (OkDesk ID: 1086) Пропуск...
[23:59:17] - [Инфо] Developer - Mkrtchyan Martun <mart@kassa26.ru>
[23:59:17] - [Инфо] [OkDesk] Файл: '1178-1178data.json' - уже существует в 'data/okdesk'
[23:59:17] - [Инфо] comment id: 157384, task comment status: success
[23:59:18] - [Инфо] comment id: 157385, task comment status: success
[23:59:18] - [Инфо] [LOG] Заявка не является завершенной (OkDesk ID: 1178) Пропуск...
[23:59:18] - [Инфо] Developer - Mkrtchyan Martun <mart@kassa26.ru>
[23:59:18] - [Инфо] [OkDesk] Файл: '1197-1197data.json' - уже существует в 'data/okdesk'
[23:59:18] - [Инфо] [LOG] Заявка не является завершенной (OkDesk ID: 1197) Пропуск...
[23:59:18] - [Инфо] Developer - Mkrtchyan Martun <mart@kassa26.ru>
[23:59:18] - [Инфо] [OkDesk] Файл: '1287-1287data.json' - уже существует в 'data/okdesk'
[23:59:18] - [Инфо] [LOG] Заявка не является завершенной (OkDesk ID: 1287) Пропуск...
[23:59:18] - [Инфо] Developer - Mkrtchyan Martun <mart@kassa26.ru>
[23:59:18] - [Инфо] [OkDesk] Файл: '1344-1344data.json' - уже существует в 'data/okdesk'
[23:59:19] - [Инфо] [LOG] Заявка не является завершенной (OkDesk ID: 1344) Пропуск...
[23:59:19] - [Инфо] Developer - Mkrtchyan Martun <mart@kassa26.ru>
[23:59:19] - [Инфо] [OkDesk] Файл: '1396-1396data.json' - уже существует в 'data/okdesk'
[23:59:19] - [Инфо] [LOG] Заявка не является завершенной (OkDesk ID: 1396) Пропуск...
[23:59:19] - [Инфо] Developer - Mkrtchyan Martun <mart@kassa26.ru>
[23:59:19] - [Инфо] [OkDesk] Файл: '1399-1399data.json' - уже существует в 'data/okdesk'
[23:59:19] - [Инфо] [LOG] Заявка не является завершенной (OkDesk ID: 1399) Пропуск...
[23:59:19] - [Инфо] Developer - Mkrtchyan Martun <mart@kassa26.ru>
[23:59:19] - [Инфо] [OkDesk] Файл: '1422-1422data.json' - уже существует в 'data/okdesk'
[23:59:20] - [Инфо] [LOG] Заявка не является завершенной (OkDesk ID: 1422) Пропуск...
[23:59:20] - [Инфо] Developer - Mkrtchyan Martun <mart@kassa26.ru>
[23:59:20] - [Инфо] [OkDesk] Файл: '1477-1477data.json' - уже существует в 'data/okdesk'
[23:59:20] - [Инфо] [LOG] Заявка не является завершенной (OkDesk ID: 1477) Пропуск...
[23:59:20] - [Инфо] Developer - Mkrtchyan Martun <mart@kassa26.ru>
[23:59:20] - [Инфо] [OkDesk] Файл: '1505-1505data.json' - уже существует в 'data/okdesk'
[23:59:21] - [Инфо] [LOG] Заявка не является завершенной (OkDesk ID: 1505) Пропуск...
[23:59:21] - [Инфо] Developer - Mkrtchyan Martun <mart@kassa26.ru>
[23:59:21] - [Инфо] [OkDesk] Файл: '1510-1510data.json' - уже существует в 'data/okdesk'
[23:59:21] - [Инфо] [LOG] Заявка не является завершенной (OkDesk ID: 1510) Пропуск...
[23:59:21] - [Инфо] Developer - Mkrtchyan Martun <mart@kassa26.ru>
[23:59:21] - [Инфо] [OkDesk] Файл: '1542-1542data.json' - уже существует в 'data/okdesk'
[23:59:21] - [Инфо] [LOG] Заявка не является завершенной (OkDesk ID: 1542) Пропуск...
[23:59:21] - [Инфо] Developer - Mkrtchyan Martun <mart@kassa26.ru>
[23:59:21] - [Инфо] [OkDesk] Файл: '1549-1549data.json' - уже существует в 'data/okdesk'
[23:59:22] - [Инфо] [LOG] Заявка не является завершенной (OkDesk ID: 1549) Пропуск...
[23:59:22] - [Инфо] Developer - Mkrtchyan Martun <mart@kassa26.ru>
[23:59:22] - [Инфо] [OkDesk] Файл: '1555-1555data.json' - уже существует в 'data/okdesk'
[23:59:22] - [Инфо] [LOG] Заявка не является завершенной (OkDesk ID: 1555) Пропуск...
[23:59:22] - [Инфо] Developer - Mkrtchyan Martun <mart@kassa26.ru>
[23:59:22] - [Инфо] [OkDesk] Файл: '1593-1593data.json' - уже существует в 'data/okdesk'
[23:59:22] - [Инфо] [LOG] Заявка не является завершенной (OkDesk ID: 1593) Пропуск...
[23:59:22] - [Инфо] Developer - Mkrtchyan Martun <mart@kassa26.ru>
[23:59:22] - [Инфо] [OkDesk] Файл: '1600-1600data.json' - уже существует в 'data/okdesk'
[23:59:23] - [Инфо] [LOG] Заявка не является завершенной (OkDesk ID: 1600) Пропуск...
[23:59:23] - [Инфо] Developer - Mkrtchyan Martun <mart@kassa26.ru>
[23:59:23] - [Инфо] [OkDesk] Файл: '1607-1607data.json' - уже существует в 'data/okdesk'
[23:59:23] - [Инфо] [LOG] Заявка не является завершенной (OkDesk ID: 1607) Пропуск...
[23:59:23] - [Инфо] Developer - Mkrtchyan Martun <mart@kassa26.ru>
[23:59:23] - [Инфо] [OkDesk] Файл: '1614-1614data.json' - уже существует в 'data/okdesk'
[23:59:23] - [Инфо] [LOG] Заявка не является завершенной (OkDesk ID: 1614) Пропуск...
[23:59:23] - [Инфо] Developer - Mkrtchyan Martun <mart@kassa26.ru>
[23:59:23] - [Инфо] [OkDesk] Файл: '1615-1615data.json' - уже существует в 'data/okdesk'
[23:59:24] - [Инфо] [LOG] Заявка не является завершенной (OkDesk ID: 1615) Пропуск...
[23:59:24] - [Инфо] Developer - Mkrtchyan Martun <mart@kassa26.ru>
[23:59:24] - [Инфо] [OkDesk] Файл: '1619-1619data.json' - уже существует в 'data/okdesk'
[23:59:24] - [Инфо] [LOG] Заявка не является завершенной (OkDesk ID: 1619) Пропуск...
[23:59:24] - [Инфо] Developer - Mkrtchyan Martun <mart@kassa26.ru>
[23:59:24] - [Инфо] [OkDesk] Файл: '1635-1635data.json' - уже существует в 'data/okdesk'
[23:59:24] - [Инфо] [LOG] Заявка не является завершенной (OkDesk ID: 1635) Пропуск...
[23:59:24] - [Инфо] Developer - Mkrtchyan Martun <mart@kassa26.ru>
[23:59:25] - [Инфо] [LOG] Заявка не является завершенной (OkDesk ID: 1653) Пропуск...
[23:59:25] - [Инфо] Developer - Mkrtchyan Martun <mart@kassa26.ru>
[23:59:26] - [Инфо] Сущность с ID: 1673 обработана на сервере.
[23:59:26] - [Инфо] Отправка данных в Спутник...
[23:59:26] - [Инфо] task status: success, task time status: success
[23:59:26] - [Инфо] SputnikTaskID: 31374
[23:59:26] - [Инфо] comment id: 157386, task comment status: success
[23:59:26] - [Инфо] comment id: 157387, task comment status: success
