[23:59:0] - [Инфо] Начало цикла след. последовательности
[23:59:0] - [Инфо] Developer - Mkrtchyan Martun <mart@kassa26.ru>
[23:59:1] - Заявка уже была ранее выгружена. (OkDesk ID: 2025), пожалуйста исправьте ошибку[23:59:1] - [Инфо] Сущность с ID: 2026 обработана на сервере.
[23:59:2] - [Инфо] Отправка данных в Спутник...
[23:59:2] - [Инфо] task status: success, task time status: success
[23:59:2] - [Инфо] SputnikTaskID: 31990
[23:59:2] - [Инфо] Сущность с ID: 2027 обработана на сервере.
[23:59:2] - [Инфо] Отправка данных в Спутник...
[23:59:2] - [Инфо] task status: success, task time status: success
[23:59:2] - [Инфо] SputnikTaskID: 31991
[23:59:2] - [Инфо] Сущность с ID: 2028 обработана на сервере.
[23:59:2] - [Инфо] comment id: 160931, task comment status: success
[23:59:2] - [Инфо] comment id: 160932, task comment status: success
[23:59:3] - [Инфо] comment id: 160933, task comment status: success
[23:59:3] - [Инфо] Отправка данных в Спутник...
[23:59:3] - [Инфо] task status: success, task time status: success
[23:59:3] - [Инфо] SputnikTaskID: 31992
[23:59:3] - [Инфо] comment id: 160934, task comment status: success
[23:59:3] - [Инфо] Сущность с ID: 2029 обработана на сервере.
[23:59:3] - [Инфо] comment id: 160935, task comment status: success
[23:59:4] - [Инфо] 2030
[23:59:4] - [Инфо] [LOG] Заявка не является завершенной (OkDesk ID: 2030) Пропуск...
[23:59:4] - [Инфо] Сущность с ID: 2031 обработана на сервере.
[23:59:4] - [Инфо] Отправка данных в Спутник...
[23:59:4] - [Инфо] task status: success, task time status: success
[23:59:4] - [Инфо] SputnikTaskID: 31993
[23:59:5] - [Инфо] comment id: 160936, task comment status: success
[23:59:5] - [Инфо] Сущность с ID: 2032 обработана на сервере.
[23:59:5] - [Инфо] Отправка данных в Спутник...
[23:59:5] - [Инфо] task status: success, task time status: success
[23:59:5] - [Инфо] SputnikTaskID: 31994
[23:59:5] - [Инфо] comment id: 160937, task comment status: success
[23:59:5] - [Инфо] Сущность с ID: 2033 обработана на сервере.
[23:59:6] - [Инфо] Отправка данных в Спутник...
[23:59:6] - [Инфо] task status: success, task time status: success
[23:59:6] - [Инфо] SputnikTaskID: 31995
[23:59:6] - [Инфо] 2034
[23:59:6] - [Инфо] [LOG] Заявка не является завершенной (OkDesk ID: 2034) Пропуск...
[23:59:6] - [Инфо] comment id: 160938, task comment status: success
[23:59:6] - [Инфо] 2035
[23:59:6] - [Инфо] [LOG] Заявка не является завершенной (OkDesk ID: 2035) Пропуск...
[23:59:6] - Записи 2036 не существует, пожалуйста исправьте ошибку[23:59:6] - [Инфо] Начало автоматической выгрузки данных
[23:59:6] - [Инфо] Developer - Mkrtchyan Martun <mart@kassa26.ru>
[23:59:6] - [Инфо] [OkDesk] Файл: '1086-1086data.json' - уже существует в 'data/okdesk'
[23:59:6] - Записи 1086 не существует, пожалуйста исправьте ошибку[23:59:6] - Записи 1086 не существует, пожалуйста исправьте ошибку