[23:59:1] - [Инфо] Начало цикла след. последовательности
[23:59:1] - [Инфо] Developer - Mkrtchyan Martun <mart@kassa26.ru>
[23:59:2] - Заявка уже была ранее выгружена. (OkDesk ID: 2661), пожалуйста исправьте ошибку[23:59:3] - [Инфо] Сущность с ID: 2662 обработана на сервере.
[23:59:3] - [Инфо] Отправка данных в Спутник...
[23:59:3] - [Инфо] task status: success, task time status: success
[23:59:3] - [Инфо] SputnikTaskID: 33107
[23:59:3] - [Инфо] Сущность с ID: 2663 обработана на сервере.
[23:59:3] - [Инфо] Отправка данных в Спутник...
[23:59:3] - [Инфо] task status: success, task time status: success
[23:59:3] - [Инфо] SputnikTaskID: 33108
[23:59:4] - [Инфо] comment id: 166412, task comment status: success
[23:59:4] - [Инфо] comment id: 166413, task comment status: success
[23:59:4] - [Инфо] 2664
[23:59:4] - [Инфо] [LOG] Заявка не является завершенной (OkDesk ID: 2664) Пропуск...
[23:59:4] - [Инфо] comment id: 166414, task comment status: success
[23:59:4] - [Инфо] Сущность с ID: 2665 обработана на сервере.
[23:59:5] - [Инфо] Отправка данных в Спутник...
[23:59:5] - [Инфо] task status: success, task time status: success
[23:59:5] - [Инфо] SputnikTaskID: 33109
[23:59:5] - [Инфо] comment id: 166415, task comment status: success
[23:59:5] - [Инфо] Сущность с ID: 2666 обработана на сервере.
[23:59:5] - [Инфо] Отправка данных в Спутник...
[23:59:5] - [Инфо] task status: success, task time status: success
[23:59:5] - [Инфо] SputnikTaskID: 33110
[23:59:5] - [Инфо] comment id: 166416, task comment status: success
[23:59:5] - [Инфо] Сущность с ID: 2667 обработана на сервере.
[23:59:5] - [Инфо] comment id: 166417, task comment status: success
[23:59:5] - [Инфо] Отправка данных в Спутник...
[23:59:5] - [Инфо] task status: success, task time status: success
[23:59:5] - [Инфо] SputnikTaskID: 33111
[23:59:6] - [Инфо] comment id: 166418, task comment status: success
[23:59:6] - [Инфо] Сущность с ID: 2668 обработана на сервере.
[23:59:6] - Записи 2669 не существует, пожалуйста исправьте ошибку[23:59:6] - [Инфо] DEBUG: Записи 2669 не существует
[23:59:6] - [Инфо] Отправка данных в Спутник...
[23:59:6] - [Инфо] task status: success, task time status: success
[23:59:6] - [Инфо] SputnikTaskID: 33112
[23:59:6] - [Инфо] comment id: 166419, task comment status: success
[23:59:7] - [Инфо] Сущность с ID: 2670 обработана на сервере.
[23:59:7] - [Инфо] Отправка данных в Спутник...
[23:59:7] - [Инфо] task status: success, task time status: success
[23:59:7] - [Инфо] SputnikTaskID: 33113
[23:59:7] - [Инфо] comment id: 166420, task comment status: success
[23:59:7] - [Инфо] Сущность с ID: 2671 обработана на сервере.
[23:59:7] - [Инфо] comment id: 166421, task comment status: success
[23:59:7] - [Инфо] Отправка данных в Спутник...
[23:59:7] - [Инфо] task status: success, task time status: success
[23:59:7] - [Инфо] SputnikTaskID: 33114
[23:59:8] - [Инфо] comment id: 166422, task comment status: success
[23:59:8] - [Инфо] Сущность с ID: 2672 обработана на сервере.
[23:59:8] - [Инфо] comment id: 166423, task comment status: success
[23:59:8] - [Инфо] Отправка данных в Спутник...
[23:59:8] - [Инфо] task status: success, task time status: success
[23:59:8] - [Инфо] SputnikTaskID: 33115
[23:59:8] - [Инфо] comment id: 166424, task comment status: success
[23:59:8] - [Инфо] Сущность с ID: 2673 обработана на сервере.
[23:59:8] - [Инфо] comment id: 166425, task comment status: success
[23:59:9] - [Инфо] Отправка данных в Спутник...
[23:59:9] - [Инфо] task status: success, task time status: success
[23:59:9] - [Инфо] SputnikTaskID: 33116
[23:59:9] - [Инфо] comment id: 166426, task comment status: success
[23:59:9] - [Инфо] Сущность с ID: 2674 обработана на сервере.
[23:59:9] - [Инфо] Отправка данных в Спутник...
[23:59:9] - [Инфо] task status: success, task time status: success
[23:59:9] - [Инфо] SputnikTaskID: 33117
[23:59:9] - [Инфо] comment id: 166427, task comment status: success
[23:59:9] - [Инфо] Сущность с ID: 2675 обработана на сервере.
[23:59:9] - [Инфо] comment id: 166428, task comment status: success
[23:59:9] - Записи 2676 не существует, пожалуйста исправьте ошибку[23:59:10] - [Инфо] Отправка данных в Спутник...
[23:59:10] - [Инфо] task status: success, task time status: success
[23:59:10] - [Инфо] SputnikTaskID: 33118
[23:59:10] - [Инфо] DEBUG: Записи 2676 не существует
[23:59:10] - Записи 2677 не существует, пожалуйста исправьте ошибку[23:59:10] - [Инфо] comment id: 166429, task comment status: success
[23:59:10] - [Инфо] DEBUG: Записи 2677 не существует
[23:59:10] - Записи 2678 не существует, пожалуйста исправьте ошибку[23:59:10] - [Инфо] comment id: 166430, task comment status: success
[23:59:10] - [Инфо] DEBUG: Записи 2678 не существует
[23:59:10] - Записи 2679 не существует, пожалуйста исправьте ошибку[23:59:10] - [Инфо] DEBUG: Записи 2679 не существует
[23:59:10] - Записи 2680 не существует, пожалуйста исправьте ошибку[23:59:10] - [Инфо] DEBUG: Записи 2680 не существует
[23:59:10] - Записи 2681 не существует, пожалуйста исправьте ошибку[23:59:11] - [Инфо] DEBUG: Записи 2681 не существует
[23:59:11] - Записи 2682 не существует, пожалуйста исправьте ошибку[23:59:11] - [Инфо] DEBUG: Записи 2682 не существует
[23:59:11] - Записи 2683 не существует, пожалуйста исправьте ошибку[23:59:11] - [Инфо] DEBUG: Записи 2683 не существует
[23:59:11] - Записи 2684 не существует, пожалуйста исправьте ошибку[23:59:11] - [Инфо] DEBUG: Записи 2684 не существует
[23:59:11] - Записи 2685 не существует, пожалуйста исправьте ошибку[23:59:11] - [Инфо] DEBUG: Записи 2685 не существует
[23:59:11] - Записи 2686 не существует, пожалуйста исправьте ошибку[23:59:12] - [Инфо] DEBUG: Записи 2686 не существует
[23:59:12] - [Инфо] Начало автоматической выгрузки данных
[23:59:12] - [Инфо] Developer - Mkrtchyan Martun <mart@kassa26.ru>
[23:59:12] - [Инфо] [OkDesk] Файл: '2563-2563data.json' - уже существует в 'data/okdesk'
[23:59:12] - [Инфо] [LOG] Заявка не является завершенной (OkDesk ID: 2563) Пропуск...
[23:59:12] - [Инфо] Developer - Mkrtchyan Martun <mart@kassa26.ru>
[23:59:12] - [Инфо] [OkDesk] Файл: '2589-2589data.json' - уже существует в 'data/okdesk'
[23:59:12] - [Инфо] [LOG] Заявка не является завершенной (OkDesk ID: 2589) Пропуск...
[23:59:12] - [Инфо] Developer - Mkrtchyan Martun <mart@kassa26.ru>
[23:59:12] - [Инфо] [OkDesk] Файл: '2625-2625data.json' - уже существует в 'data/okdesk'
[23:59:12] - [Инфо] [LOG] Заявка не является завершенной (OkDesk ID: 2625) Пропуск...
[23:59:12] - [Инфо] Developer - Mkrtchyan Martun <mart@kassa26.ru>
[23:59:13] - Заявка уже была ранее выгружена. (OkDesk ID: 2662), пожалуйста исправьте ошибку