[23:59:3] - [Инфо] Начало цикла след. последовательности
[23:59:3] - [Инфо] Developer - Mkrtchyan Martun <mart@kassa26.ru>
[23:59:5] - Заявка уже была ранее выгружена. (OkDesk ID: 3237), пожалуйста исправьте ошибку[23:59:5] - [Инфо] Сущность с ID: 3238 обработана на сервере.
[23:59:6] - [Инфо] Отправка данных в Спутник...
[23:59:6] - [Инфо] task status: success, task time status: success
[23:59:6] - [Инфо] SputnikTaskID: 34191
[23:59:6] - [Инфо] Сущность с ID: 3239 обработана на сервере.
[23:59:6] - [Инфо] Отправка данных в Спутник...
[23:59:6] - [Инфо] task status: success, task time status: success
[23:59:6] - [Инфо] SputnikTaskID: 34192
[23:59:6] - [Инфо] comment id: 171642, task comment status: success
[23:59:6] - [Инфо] comment id: 171643, task comment status: success
[23:59:6] - [Инфо] comment id: 171644, task comment status: success
[23:59:6] - [Инфо] Сущность с ID: 3240 обработана на сервере.
[23:59:6] - [Инфо] comment id: 171645, task comment status: success
[23:59:6] - [Инфо] comment id: 171646, task comment status: success
[23:59:7] - [Инфо] Отправка данных в Спутник...
[23:59:7] - [Инфо] task status: success, task time status: success
[23:59:7] - [Инфо] SputnikTaskID: 34193
[23:59:7] - [Инфо] comment id: 171647, task comment status: success
[23:59:8] - [Инфо] Сущность с ID: 3241 обработана на сервере.
[23:59:8] - [Инфо] Отправка данных в Спутник...
[23:59:8] - [Инфо] task status: success, task time status: success
[23:59:8] - [Инфо] SputnikTaskID: 34194
[23:59:8] - [Инфо] comment id: 171648, task comment status: success
[23:59:8] - [Инфо] Сущность с ID: 3242 обработана на сервере.
[23:59:8] - [Инфо] comment id: 171649, task comment status: success
[23:59:8] - [Инфо] Отправка данных в Спутник...
[23:59:8] - [Инфо] task status: success, task time status: success
[23:59:8] - [Инфо] SputnikTaskID: 34195
[23:59:9] - [Инфо] Сущность с ID: 3243 обработана на сервере.
[23:59:9] - [Инфо] comment id: 171650, task comment status: success
[23:59:9] - [Инфо] comment id: 171651, task comment status: success
[23:59:9] - [Инфо] Отправка данных в Спутник...
[23:59:9] - [Инфо] task status: success, task time status: success
[23:59:9] - [Инфо] SputnikTaskID: 34196
[23:59:9] - [Инфо] comment id: 171652, task comment status: success
[23:59:9] - [Инфо] Сущность с ID: 3244 обработана на сервере.
[23:59:9] - [Инфо] comment id: 171653, task comment status: success
[23:59:9] - [Инфо] Отправка данных в Спутник...
[23:59:9] - [Инфо] task status: success, task time status: success
[23:59:9] - [Инфо] SputnikTaskID: 34197
[23:59:10] - [Инфо] comment id: 171654, task comment status: success
[23:59:10] - [Инфо] Сущность с ID: 3245 обработана на сервере.
[23:59:10] - [Инфо] Отправка данных в Спутник...
[23:59:10] - [Инфо] task status: success, task time status: success
[23:59:10] - [Инфо] SputnikTaskID: 34198
[23:59:10] - [Инфо] comment id: 171655, task comment status: success
[23:59:10] - [Инфо] Сущность с ID: 3246 обработана на сервере.
[23:59:10] - [Инфо] comment id: 171656, task comment status: success
[23:59:10] - Записи 3247 не существует, пожалуйста исправьте ошибку[23:59:10] - [Инфо] Отправка данных в Спутник...
[23:59:10] - [Инфо] task status: success, task time status: success
[23:59:10] - [Инфо] SputnikTaskID: 34199
[23:59:10] - [Инфо] DEBUG: Записи 3247 не существует
[23:59:10] - Записи 3248 не существует, пожалуйста исправьте ошибку[23:59:11] - [Инфо] DEBUG: Записи 3248 не существует
[23:59:11] - [Инфо] comment id: 171657, task comment status: success
[23:59:11] - Записи 3249 не существует, пожалуйста исправьте ошибку[23:59:11] - [Инфо] comment id: 171658, task comment status: success
[23:59:11] - [Инфо] DEBUG: Записи 3249 не существует
[23:59:11] - Записи 3250 не существует, пожалуйста исправьте ошибку[23:59:11] - [Инфо] DEBUG: Записи 3250 не существует
[23:59:11] - Записи 3251 не существует, пожалуйста исправьте ошибку[23:59:11] - [Инфо] DEBUG: Записи 3251 не существует
[23:59:11] - Записи 3252 не существует, пожалуйста исправьте ошибку[23:59:11] - [Инфо] DEBUG: Записи 3252 не существует
[23:59:11] - Записи 3253 не существует, пожалуйста исправьте ошибку[23:59:11] - [Инфо] DEBUG: Записи 3253 не существует
[23:59:12] - Записи 3254 не существует, пожалуйста исправьте ошибку[23:59:12] - [Инфо] DEBUG: Записи 3254 не существует
[23:59:12] - Записи 3255 не существует, пожалуйста исправьте ошибку[23:59:12] - [Инфо] DEBUG: Записи 3255 не существует
[23:59:12] - Записи 3256 не существует, пожалуйста исправьте ошибку[23:59:12] - [Инфо] DEBUG: Записи 3256 не существует
[23:59:12] - Записи 3257 не существует, пожалуйста исправьте ошибку[23:59:12] - [Инфо] DEBUG: Записи 3257 не существует
[23:59:12] - Записи 3258 не существует, пожалуйста исправьте ошибку[23:59:12] - [Инфо] DEBUG: Записи 3258 не существует
[23:59:12] - Записи 3259 не существует, пожалуйста исправьте ошибку[23:59:13] - [Инфо] DEBUG: Записи 3259 не существует
[23:59:13] - Записи 3260 не существует, пожалуйста исправьте ошибку[23:59:13] - [Инфо] DEBUG: Записи 3260 не существует
[23:59:13] - Записи 3261 не существует, пожалуйста исправьте ошибку[23:59:13] - [Инфо] DEBUG: Записи 3261 не существует
[23:59:13] - Записи 3262 не существует, пожалуйста исправьте ошибку[23:59:13] - [Инфо] DEBUG: Записи 3262 не существует
[23:59:13] - [Инфо] Начало автоматической выгрузки данных
[23:59:13] - [Инфо] Developer - Mkrtchyan Martun <mart@kassa26.ru>
[23:59:13] - [Инфо] [OkDesk] Файл: '2563-2563data.json' - уже существует в 'data/okdesk'
[23:59:13] - [Инфо] [LOG] Заявка не является завершенной (OkDesk ID: 2563) Пропуск...
[23:59:13] - [Инфо] Developer - Mkrtchyan Martun <mart@kassa26.ru>
[23:59:13] - [Инфо] [OkDesk] Файл: '2589-2589data.json' - уже существует в 'data/okdesk'
[23:59:14] - [Инфо] [LOG] Заявка не является завершенной (OkDesk ID: 2589) Пропуск...
[23:59:14] - [Инфо] Developer - Mkrtchyan Martun <mart@kassa26.ru>
[23:59:14] - [Инфо] [OkDesk] Файл: '2625-2625data.json' - уже существует в 'data/okdesk'
[23:59:14] - [Инфо] [LOG] Заявка не является завершенной (OkDesk ID: 2625) Пропуск...
[23:59:14] - [Инфо] Developer - Mkrtchyan Martun <mart@kassa26.ru>
[23:59:14] - [Инфо] [OkDesk] Файл: '2685-2685data.json' - уже существует в 'data/okdesk'
[23:59:14] - [Инфо] [LOG] Заявка не является завершенной (OkDesk ID: 2685) Пропуск...
[23:59:14] - [Инфо] Developer - Mkrtchyan Martun <mart@kassa26.ru>
[23:59:14] - [Инфо] [OkDesk] Файл: '2702-2702data.json' - уже существует в 'data/okdesk'
[23:59:15] - [Инфо] [LOG] Заявка не является завершенной (OkDesk ID: 2702) Пропуск...
[23:59:15] - [Инфо] Developer - Mkrtchyan Martun <mart@kassa26.ru>
[23:59:15] - [Инфо] [OkDesk] Файл: '2821-2821data.json' - уже существует в 'data/okdesk'
[23:59:15] - [Инфо] [LOG] Заявка не является завершенной (OkDesk ID: 2821) Пропуск...
[23:59:15] - [Инфо] Developer - Mkrtchyan Martun <mart@kassa26.ru>
[23:59:15] - [Инфо] [OkDesk] Файл: '2845-2845data.json' - уже существует в 'data/okdesk'
[23:59:15] - [Инфо] [LOG] Заявка не является завершенной (OkDesk ID: 2845) Пропуск...
[23:59:15] - [Инфо] Developer - Mkrtchyan Martun <mart@kassa26.ru>
[23:59:15] - [Инфо] [OkDesk] Файл: '2926-2926data.json' - уже существует в 'data/okdesk'
[23:59:16] - [Инфо] [LOG] Заявка не является завершенной (OkDesk ID: 2926) Пропуск...
[23:59:16] - [Инфо] Developer - Mkrtchyan Martun <mart@kassa26.ru>
[23:59:16] - [Инфо] [OkDesk] Файл: '3022-3022data.json' - уже существует в 'data/okdesk'
[23:59:16] - [Инфо] [LOG] Заявка не является завершенной (OkDesk ID: 3022) Пропуск...
[23:59:16] - [Инфо] Developer - Mkrtchyan Martun <mart@kassa26.ru>
[23:59:18] - [Инфо] [LOG] Заявка не является завершенной (OkDesk ID: 3228) Пропуск...
[23:59:18] - [Инфо] Developer - Mkrtchyan Martun <mart@kassa26.ru>
[23:59:18] - [Инфо] [LOG] Заявка не является завершенной (OkDesk ID: 3236) Пропуск...
