[23:59:2] - [Инфо] Начало цикла след. последовательности
[23:59:2] - [Инфо] Developer - Mkrtchyan Martun <mart@kassa26.ru>
[23:59:3] - Заявка уже была ранее выгружена. (OkDesk ID: 2914), пожалуйста исправьте ошибку[23:59:3] - [Инфо] Сущность с ID: 2915 обработана на сервере.
[23:59:4] - [Инфо] Отправка данных в Спутник...
[23:59:4] - [Инфо] task status: success, task time status: success
[23:59:4] - [Инфо] SputnikTaskID: 33671
[23:59:4] - [Инфо] Сущность с ID: 2916 обработана на сервере.
[23:59:4] - [Инфо] comment id: 169431, task comment status: success
[23:59:4] - [Инфо] Отправка данных в Спутник...
[23:59:4] - [Инфо] task status: success, task time status: success
[23:59:4] - [Инфо] SputnikTaskID: 33672
[23:59:4] - [Инфо] comment id: 169432, task comment status: success
[23:59:4] - [Инфо] Сущность с ID: 2917 обработана на сервере.
[23:59:5] - [Инфо] Отправка данных в Спутник...
[23:59:5] - [Инфо] task status: success, task time status: success
[23:59:5] - [Инфо] SputnikTaskID: 33673
[23:59:5] - [Инфо] comment id: 169433, task comment status: success
[23:59:5] - [Инфо] Сущность с ID: 2918 обработана на сервере.
[23:59:5] - [Инфо] Отправка данных в Спутник...
[23:59:5] - [Инфо] task status: success, task time status: success
[23:59:5] - [Инфо] SputnikTaskID: 33674
[23:59:5] - [Инфо] comment id: 169434, task comment status: success
[23:59:6] - [Инфо] Сущность с ID: 2919 обработана на сервере.
[23:59:6] - [Инфо] Отправка данных в Спутник...
[23:59:6] - [Инфо] task status: success, task time status: success
[23:59:6] - [Инфо] SputnikTaskID: 33675
[23:59:6] - [Инфо] comment id: 169435, task comment status: success
[23:59:6] - Заявка уже была ранее выгружена. (OkDesk ID: 2920), пожалуйста исправьте ошибку[23:59:6] - [Инфо] comment id: 169436, task comment status: success
[23:59:7] - [Инфо] Сущность с ID: 2921 обработана на сервере.
[23:59:7] - [Инфо] Отправка данных в Спутник...
[23:59:7] - [Инфо] task status: success, task time status: success
[23:59:7] - [Инфо] SputnikTaskID: 33676
[23:59:7] - [Инфо] comment id: 169437, task comment status: success
[23:59:7] - [Инфо] Сущность с ID: 2922 обработана на сервере.
[23:59:7] - [Инфо] Отправка данных в Спутник...
[23:59:7] - [Инфо] task status: success, task time status: success
[23:59:7] - [Инфо] SputnikTaskID: 33677
[23:59:7] - [Инфо] comment id: 169438, task comment status: success
[23:59:8] - [Инфо] Сущность с ID: 2923 обработана на сервере.
[23:59:8] - [Инфо] Отправка данных в Спутник...
[23:59:8] - [Инфо] task status: success, task time status: success
[23:59:8] - [Инфо] SputnikTaskID: 33678
[23:59:8] - [Инфо] comment id: 169439, task comment status: success
[23:59:8] - [Инфо] Сущность с ID: 2924 обработана на сервере.
[23:59:8] - [Инфо] Отправка данных в Спутник...
[23:59:8] - [Инфо] task status: success, task time status: success
[23:59:8] - [Инфо] SputnikTaskID: 33679
[23:59:9] - [Инфо] comment id: 169440, task comment status: success
[23:59:9] - [Инфо] comment id: 169441, task comment status: success
[23:59:9] - [Инфо] Сущность с ID: 2925 обработана на сервере.
[23:59:9] - [Инфо] Отправка данных в Спутник...
[23:59:9] - [Инфо] task status: success, task time status: success
[23:59:9] - [Инфо] SputnikTaskID: 33680
[23:59:9] - [Инфо] comment id: 169442, task comment status: success
[23:59:9] - [Инфо] 2926
[23:59:9] - [Инфо] [LOG] Заявка не является завершенной (OkDesk ID: 2926) Пропуск...
[23:59:9] - Записи 2927 не существует, пожалуйста исправьте ошибку[23:59:9] - [Инфо] DEBUG: Записи 2927 не существует
[23:59:9] - Записи 2928 не существует, пожалуйста исправьте ошибку[23:59:10] - [Инфо] DEBUG: Записи 2928 не существует
[23:59:10] - Записи 2929 не существует, пожалуйста исправьте ошибку[23:59:10] - [Инфо] DEBUG: Записи 2929 не существует
[23:59:10] - Записи 2930 не существует, пожалуйста исправьте ошибку[23:59:10] - [Инфо] DEBUG: Записи 2930 не существует
[23:59:10] - Записи 2931 не существует, пожалуйста исправьте ошибку[23:59:10] - [Инфо] DEBUG: Записи 2931 не существует
[23:59:10] - Записи 2932 не существует, пожалуйста исправьте ошибку[23:59:10] - [Инфо] DEBUG: Записи 2932 не существует
[23:59:10] - Записи 2933 не существует, пожалуйста исправьте ошибку[23:59:10] - [Инфо] DEBUG: Записи 2933 не существует
[23:59:10] - Записи 2934 не существует, пожалуйста исправьте ошибку[23:59:11] - [Инфо] DEBUG: Записи 2934 не существует
[23:59:11] - Записи 2935 не существует, пожалуйста исправьте ошибку[23:59:11] - [Инфо] DEBUG: Записи 2935 не существует
[23:59:11] - Записи 2936 не существует, пожалуйста исправьте ошибку[23:59:11] - [Инфо] DEBUG: Записи 2936 не существует
[23:59:11] - Записи 2937 не существует, пожалуйста исправьте ошибку[23:59:11] - [Инфо] DEBUG: Записи 2937 не существует
[23:59:11] - Записи 2938 не существует, пожалуйста исправьте ошибку[23:59:11] - [Инфо] DEBUG: Записи 2938 не существует
[23:59:11] - Записи 2939 не существует, пожалуйста исправьте ошибку[23:59:12] - [Инфо] DEBUG: Записи 2939 не существует
[23:59:12] - [Инфо] Начало автоматической выгрузки данных
[23:59:12] - [Инфо] Developer - Mkrtchyan Martun <mart@kassa26.ru>
[23:59:12] - [Инфо] [OkDesk] Файл: '2563-2563data.json' - уже существует в 'data/okdesk'
[23:59:12] - [Инфо] [LOG] Заявка не является завершенной (OkDesk ID: 2563) Пропуск...
[23:59:12] - [Инфо] Developer - Mkrtchyan Martun <mart@kassa26.ru>
[23:59:12] - [Инфо] [OkDesk] Файл: '2589-2589data.json' - уже существует в 'data/okdesk'
[23:59:12] - [Инфо] [LOG] Заявка не является завершенной (OkDesk ID: 2589) Пропуск...
[23:59:12] - [Инфо] Developer - Mkrtchyan Martun <mart@kassa26.ru>
[23:59:12] - [Инфо] [OkDesk] Файл: '2625-2625data.json' - уже существует в 'data/okdesk'
[23:59:13] - [Инфо] [LOG] Заявка не является завершенной (OkDesk ID: 2625) Пропуск...
[23:59:13] - [Инфо] Developer - Mkrtchyan Martun <mart@kassa26.ru>
[23:59:13] - [Инфо] [OkDesk] Файл: '2685-2685data.json' - уже существует в 'data/okdesk'
[23:59:13] - [Инфо] [LOG] Заявка не является завершенной (OkDesk ID: 2685) Пропуск...
[23:59:13] - [Инфо] Developer - Mkrtchyan Martun <mart@kassa26.ru>
[23:59:13] - [Инфо] [OkDesk] Файл: '2702-2702data.json' - уже существует в 'data/okdesk'
[23:59:13] - [Инфо] [LOG] Заявка не является завершенной (OkDesk ID: 2702) Пропуск...
[23:59:13] - [Инфо] Developer - Mkrtchyan Martun <mart@kassa26.ru>
[23:59:13] - [Инфо] [OkDesk] Файл: '2821-2821data.json' - уже существует в 'data/okdesk'
[23:59:14] - [Инфо] [LOG] Заявка не является завершенной (OkDesk ID: 2821) Пропуск...
[23:59:14] - [Инфо] Developer - Mkrtchyan Martun <mart@kassa26.ru>
[23:59:14] - [Инфо] [OkDesk] Файл: '2845-2845data.json' - уже существует в 'data/okdesk'
[23:59:14] - [Инфо] [LOG] Заявка не является завершенной (OkDesk ID: 2845) Пропуск...
[23:59:14] - [Инфо] Developer - Mkrtchyan Martun <mart@kassa26.ru>
[23:59:14] - [Инфо] [OkDesk] Файл: '2896-2896data.json' - уже существует в 'data/okdesk'
[23:59:14] - [Инфо] [LOG] Заявка не является завершенной (OkDesk ID: 2896) Пропуск...
[23:59:14] - [Инфо] Developer - Mkrtchyan Martun <mart@kassa26.ru>
[23:59:15] - [Инфо] [LOG] Заявка не является завершенной (OkDesk ID: 2911) Пропуск...
[23:59:15] - [Инфо] Developer - Mkrtchyan Martun <mart@kassa26.ru>
[23:59:15] - [Инфо] [LOG] Заявка не является завершенной (OkDesk ID: 2912) Пропуск...
