[23:59:1] - [Инфо] Начало цикла след. последовательности
[23:59:1] - [Инфо] Developer - Mkrtchyan Martun <mart@kassa26.ru>
[23:59:2] - Заявка уже была ранее выгружена. (OkDesk ID: 2675), пожалуйста исправьте ошибку[23:59:3] - [Инфо] Сущность с ID: 2676 обработана на сервере.
[23:59:3] - [Инфо] Отправка данных в Спутник...
[23:59:3] - [Инфо] task status: success, task time status: success
[23:59:3] - [Инфо] SputnikTaskID: 33140
[23:59:3] - [Инфо] Сущность с ID: 2677 обработана на сервере.
[23:59:4] - [Инфо] Отправка данных в Спутник...
[23:59:4] - [Инфо] task status: success, task time status: success
[23:59:4] - [Инфо] SputnikTaskID: 33141
[23:59:4] - [Инфо] comment id: 166500, task comment status: success
[23:59:4] - [Инфо] comment id: 166502, task comment status: success
[23:59:4] - [Инфо] comment id: 166501, task comment status: success
[23:59:4] - [Инфо] Сущность с ID: 2678 обработана на сервере.
[23:59:4] - [Инфо] Отправка данных в Спутник...
[23:59:4] - [Инфо] task status: success, task time status: success
[23:59:4] - [Инфо] SputnikTaskID: 33142
[23:59:5] - [Инфо] comment id: 166503, task comment status: success
[23:59:5] - [Инфо] Сущность с ID: 2679 обработана на сервере.
[23:59:5] - [Инфо] Отправка данных в Спутник...
[23:59:5] - [Инфо] task status: success, task time status: success
[23:59:5] - [Инфо] SputnikTaskID: 33143
[23:59:5] - [Инфо] comment id: 166504, task comment status: success
[23:59:5] - [Инфо] Сущность с ID: 2680 обработана на сервере.
[23:59:6] - [Инфо] Отправка данных в Спутник...
[23:59:6] - [Инфо] task status: success, task time status: success
[23:59:6] - [Инфо] SputnikTaskID: 33144
[23:59:6] - [Инфо] comment id: 166505, task comment status: success
[23:59:6] - [Инфо] Сущность с ID: 2681 обработана на сервере.
[23:59:6] - [Инфо] Отправка данных в Спутник...
[23:59:6] - [Инфо] task status: success, task time status: success
[23:59:6] - [Инфо] SputnikTaskID: 33145
[23:59:6] - [Инфо] comment id: 166506, task comment status: success
[23:59:7] - [Инфо] comment id: 166507, task comment status: success
[23:59:7] - [Инфо] Сущность с ID: 2682 обработана на сервере.
[23:59:7] - [Инфо] Отправка данных в Спутник...
[23:59:7] - [Инфо] task status: success, task time status: success
[23:59:7] - [Инфо] SputnikTaskID: 33146
[23:59:7] - [Инфо] comment id: 166508, task comment status: success
[23:59:7] - [Инфо] comment id: 166509, task comment status: success
[23:59:7] - [Инфо] Сущность с ID: 2683 обработана на сервере.
[23:59:7] - [Инфо] Отправка данных в Спутник...
[23:59:8] - [Инфо] task status: success, task time status: success
[23:59:8] - [Инфо] SputnikTaskID: 33147
[23:59:8] - [Инфо] comment id: 166510, task comment status: success
[23:59:8] - [Инфо] comment id: 166511, task comment status: success
[23:59:8] - [Инфо] Сущность с ID: 2684 обработана на сервере.
[23:59:8] - [Инфо] Отправка данных в Спутник...
[23:59:8] - [Инфо] task status: success, task time status: success
[23:59:8] - [Инфо] SputnikTaskID: 33148
[23:59:8] - [Инфо] comment id: 166512, task comment status: success
[23:59:8] - [Инфо] 2685
[23:59:8] - [Инфо] [LOG] Заявка не является завершенной (OkDesk ID: 2685) Пропуск...
[23:59:9] - [Инфо] comment id: 166513, task comment status: success
[23:59:9] - [Инфо] Сущность с ID: 2686 обработана на сервере.
[23:59:9] - Записи 2687 не существует, пожалуйста исправьте ошибку[23:59:9] - [Инфо] Отправка данных в Спутник...
[23:59:9] - [Инфо] task status: success, task time status: success
[23:59:9] - [Инфо] SputnikTaskID: 33149
[23:59:9] - [Инфо] DEBUG: Записи 2687 не существует
[23:59:9] - Записи 2688 не существует, пожалуйста исправьте ошибку[23:59:9] - [Инфо] comment id: 166514, task comment status: success
[23:59:9] - [Инфо] DEBUG: Записи 2688 не существует
[23:59:10] - Записи 2689 не существует, пожалуйста исправьте ошибку[23:59:10] - [Инфо] DEBUG: Записи 2689 не существует
[23:59:10] - Записи 2690 не существует, пожалуйста исправьте ошибку[23:59:10] - [Инфо] DEBUG: Записи 2690 не существует
[23:59:10] - Записи 2691 не существует, пожалуйста исправьте ошибку[23:59:10] - [Инфо] DEBUG: Записи 2691 не существует
[23:59:10] - Записи 2692 не существует, пожалуйста исправьте ошибку[23:59:10] - [Инфо] DEBUG: Записи 2692 не существует
[23:59:10] - Записи 2693 не существует, пожалуйста исправьте ошибку[23:59:10] - [Инфо] DEBUG: Записи 2693 не существует
[23:59:10] - Записи 2694 не существует, пожалуйста исправьте ошибку[23:59:11] - [Инфо] DEBUG: Записи 2694 не существует
[23:59:11] - Записи 2695 не существует, пожалуйста исправьте ошибку[23:59:11] - [Инфо] DEBUG: Записи 2695 не существует
[23:59:11] - Записи 2696 не существует, пожалуйста исправьте ошибку[23:59:11] - [Инфо] DEBUG: Записи 2696 не существует
[23:59:11] - Записи 2697 не существует, пожалуйста исправьте ошибку[23:59:11] - [Инфо] DEBUG: Записи 2697 не существует
[23:59:11] - Записи 2698 не существует, пожалуйста исправьте ошибку[23:59:11] - [Инфо] DEBUG: Записи 2698 не существует
[23:59:11] - Записи 2699 не существует, пожалуйста исправьте ошибку[23:59:12] - [Инфо] DEBUG: Записи 2699 не существует
[23:59:12] - Записи 2700 не существует, пожалуйста исправьте ошибку[23:59:12] - [Инфо] DEBUG: Записи 2700 не существует
[23:59:12] - [Инфо] Начало автоматической выгрузки данных
[23:59:12] - [Инфо] Developer - Mkrtchyan Martun <mart@kassa26.ru>
[23:59:12] - [Инфо] [OkDesk] Файл: '2563-2563data.json' - уже существует в 'data/okdesk'
[23:59:12] - [Инфо] [LOG] Заявка не является завершенной (OkDesk ID: 2563) Пропуск...
[23:59:12] - [Инфо] Developer - Mkrtchyan Martun <mart@kassa26.ru>
[23:59:12] - [Инфо] [OkDesk] Файл: '2589-2589data.json' - уже существует в 'data/okdesk'
[23:59:12] - [Инфо] [LOG] Заявка не является завершенной (OkDesk ID: 2589) Пропуск...
[23:59:12] - [Инфо] Developer - Mkrtchyan Martun <mart@kassa26.ru>
[23:59:12] - [Инфо] [OkDesk] Файл: '2625-2625data.json' - уже существует в 'data/okdesk'
[23:59:13] - [Инфо] [LOG] Заявка не является завершенной (OkDesk ID: 2625) Пропуск...
[23:59:13] - [Инфо] Developer - Mkrtchyan Martun <mart@kassa26.ru>
[23:59:13] - [Инфо] [LOG] Заявка не является завершенной (OkDesk ID: 2664) Пропуск...
