[14:4:13] - [Инфо] Developer - Mkrtchyan Martun <mart@kassa26.ru>
[14:4:13] - [Инфо] [OkDesk] Файл: '2077-2077data.json' - уже существует в 'data/okdesk'
[14:4:15] - Заявка уже была ранее выгружена. (OkDesk ID: 2077), пожалуйста исправьте ошибку[14:4:45] - [Инфо] Developer - Mkrtchyan Martun <mart@kassa26.ru>
[14:4:45] - [Инфо] [OkDesk] Файл: '2077-2077data.json' - уже существует в 'data/okdesk'
[14:4:46] - [Инфо] Сущность с ID: 2077 обработана на сервере.
[14:6:2] - [Инфо] Developer - Mkrtchyan Martun <mart@kassa26.ru>
[14:6:2] - [Инфо] [OkDesk] Файл: '2077-2077data.json' - уже существует в 'data/okdesk'
[14:6:3] - Заявка уже была ранее выгружена. (OkDesk ID: 2077), пожалуйста исправьте ошибку[14:13:44] - [Инфо] Developer - Mkrtchyan Martun <mart@kassa26.ru>
[14:13:44] - [Инфо] [OkDesk] Файл: '2077-2077data.json' - уже существует в 'data/okdesk'
[14:13:45] - Заявка уже была ранее выгружена. (OkDesk ID: 2077), пожалуйста исправьте ошибку[14:14:23] - [Инфо] Developer - Mkrtchyan Martun <mart@kassa26.ru>
[14:14:23] - [Инфо] [OkDesk] Файл: '2077-2077data.json' - уже существует в 'data/okdesk'
[14:14:24] - [Инфо] Сущность с ID: 2077 обработана на сервере.
[14:14:24] - [Инфо] Отправка данных в Спутник...
[14:14:24] - [Инфо] task status: success, task time status: success
[14:14:24] - [Инфо] SputnikTaskID: 32530
[14:14:24] - [Инфо] comment id: 163219, task comment status: success
[14:14:24] - [Инфо] comment id: 163220, task comment status: success
[14:36:46] - [Инфо] Developer - Mkrtchyan Martun <mart@kassa26.ru>
[14:36:46] - [Инфо] [OkDesk] Файл: '2077-2077data.json' - уже существует в 'data/okdesk'
[14:36:47] - Не найдено ID клиента!, пожалуйста исправьте ошибку[14:36:47] - [Инфо] ERROR
[14:36:47] - Не найдено ID клиента!, пожалуйста исправьте ошибку[14:36:47] - [Инфо] ERROR
[14:38:6] - [Инфо] Developer - Mkrtchyan Martun <mart@kassa26.ru>
[14:38:6] - [Инфо] [OkDesk] Файл: '2077-2077data.json' - уже существует в 'data/okdesk'
[14:38:7] - Не найдено ID клиента!, пожалуйста исправьте ошибку[14:38:7] - [Инфо] ERROR
[14:38:7] - Не найдено ID клиента!, пожалуйста исправьте ошибку[14:38:7] - [Инфо] ERROR
[14:38:13] - [Инфо] Developer - Mkrtchyan Martun <mart@kassa26.ru>
[14:38:13] - [Инфо] [OkDesk] Файл: '2077-2077data.json' - уже существует в 'data/okdesk'
[14:38:14] - Не найдено ID клиента!, пожалуйста исправьте ошибку[14:38:14] - [Инфо] ERROR
[14:38:16] - Не найдено ID клиента!, пожалуйста исправьте ошибку[14:38:16] - [Инфо] ERROR
[14:38:31] - [Инфо] Developer - Mkrtchyan Martun <mart@kassa26.ru>
[14:38:32] - Заявка уже была ранее выгружена. (OkDesk ID: 2079), пожалуйста исправьте ошибку[14:39:24] - [Инфо] Developer - Mkrtchyan Martun <mart@kassa26.ru>
[14:39:24] - [Инфо] [OkDesk] Файл: '2079-2079data.json' - уже существует в 'data/okdesk'
[14:39:25] - Заявка уже была ранее выгружена. (OkDesk ID: 2079), пожалуйста исправьте ошибку[14:39:31] - [Инфо] Developer - Mkrtchyan Martun <mart@kassa26.ru>
[14:39:31] - [Инфо] [OkDesk] Файл: '2077-2077data.json' - уже существует в 'data/okdesk'
[14:39:32] - Не найдено ID клиента!, пожалуйста исправьте ошибку[14:39:32] - [Инфо] ERROR
[14:39:33] - Не найдено ID клиента!, пожалуйста исправьте ошибку[14:39:33] - [Инфо] ERROR
[14:40:5] - [Инфо] Developer - Mkrtchyan Martun <mart@kassa26.ru>
[14:40:5] - [Инфо] [OkDesk] Файл: '2077-2077data.json' - уже существует в 'data/okdesk'
[14:40:6] - Не найдено ID клиента!, пожалуйста исправьте ошибку[14:40:6] - [Инфо] Сущность с ID: 2077 обработана на сервере.
[14:40:6] - [Инфо] Отправка данных в Спутник...
[14:40:6] - [Инфо] task status: success, task time status: success
[14:40:6] - [Инфо] SputnikTaskID: 32531
[14:40:7] - [Инфо] comment id: 163221, task comment status: success
[14:40:7] - [Инфо] comment id: 163222, task comment status: success
[14:42:56] - [Инфо] Developer - Mkrtchyan Martun <mart@kassa26.ru>
[14:42:56] - [Инфо] [OkDesk] Файл: '2077-2077data.json' - уже существует в 'data/okdesk'
[14:42:56] - Заявка уже была ранее выгружена. (OkDesk ID: 2077), пожалуйста исправьте ошибку[14:43:0] - [Инфо] Developer - Mkrtchyan Martun <mart@kassa26.ru>
[14:43:0] - [Инфо] [OkDesk] Файл: '2077-2077data.json' - уже существует в 'data/okdesk'
[14:43:1] - Заявка уже была ранее выгружена. (OkDesk ID: 2077), пожалуйста исправьте ошибку[14:43:9] - [Инфо] Developer - Mkrtchyan Martun <mart@kassa26.ru>
[14:43:9] - [Инфо] [OkDesk] Файл: '2077-2077data.json' - уже существует в 'data/okdesk'
[14:43:9] - Заявка уже была ранее выгружена. (OkDesk ID: 2077), пожалуйста исправьте ошибку[14:43:25] - [Инфо] Developer - Mkrtchyan Martun <mart@kassa26.ru>
[14:43:25] - [Инфо] [OkDesk] Файл: '2077-2077data.json' - уже существует в 'data/okdesk'
[14:43:25] - Заявка уже была ранее выгружена. (OkDesk ID: 2077), пожалуйста исправьте ошибку[14:43:47] - [Инфо] Developer - Mkrtchyan Martun <mart@kassa26.ru>
[14:43:47] - [Инфо] [OkDesk] Файл: '2077-2077data.json' - уже существует в 'data/okdesk'
[14:43:48] - Не найдено ID клиента!, пожалуйста исправьте ошибку[14:43:48] - [Инфо] ERROR
[14:43:48] - Не найдено ID клиента!, пожалуйста исправьте ошибку[14:43:48] - [Инфо] ERROR
[14:46:10] - [Инфо] Developer - Mkrtchyan Martun <mart@kassa26.ru>
[14:46:10] - [Инфо] [OkDesk] Файл: '2077-2077data.json' - уже существует в 'data/okdesk'
[14:46:11] - [Инфо] Сущность с ID: 2077 обработана на сервере.
[14:46:12] - [Инфо] Отправка данных в Спутник...
[14:46:12] - [Инфо] task status: success, task time status: success
[14:46:12] - [Инфо] SputnikTaskID: 32532
[14:46:12] - [Инфо] comment id: 163223, task comment status: success
[14:46:12] - [Инфо] comment id: 163224, task comment status: success
[14:46:37] - [Инфо] Developer - Mkrtchyan Martun <mart@kassa26.ru>
[14:46:37] - [Инфо] [OkDesk] Файл: '2077-2077data.json' - уже существует в 'data/okdesk'
[14:46:38] - [Инфо] Сущность с ID: 2077 обработана на сервере.
[14:48:34] - [Инфо] Developer - Mkrtchyan Martun <mart@kassa26.ru>
[14:48:34] - [Инфо] [OkDesk] Файл: '2077-2077data.json' - уже существует в 'data/okdesk'
[14:48:35] - [Инфо] Сущность с ID: 2077 обработана на сервере.
[14:50:56] - [Инфо] Developer - Mkrtchyan Martun <mart@kassa26.ru>
[14:50:56] - [Инфо] [OkDesk] Файл: '2077-2077data.json' - уже существует в 'data/okdesk'
[14:50:57] - Не найдено ID клиента!, пожалуйста исправьте ошибку[14:50:57] - [Инфо] ERROR
[14:50:57] - Не найдено ID клиента!, пожалуйста исправьте ошибку[14:50:57] - [Инфо] ERROR
[14:51:15] - [Инфо] Developer - Mkrtchyan Martun <mart@kassa26.ru>
[14:51:15] - [Инфо] [OkDesk] Файл: '2077-2077data.json' - уже существует в 'data/okdesk'
[14:51:15] - Не найдено ID клиента!, пожалуйста исправьте ошибку[14:51:15] - [Инфо] ERROR
[14:51:17] - Не найдено ID клиента!, пожалуйста исправьте ошибку[14:51:17] - [Инфо] ERROR
[14:51:20] - [Инфо] Developer - Mkrtchyan Martun <mart@kassa26.ru>
[14:51:20] - [Инфо] [OkDesk] Файл: '2077-2077data.json' - уже существует в 'data/okdesk'
[14:51:20] - Не найдено ID клиента!, пожалуйста исправьте ошибку[14:51:20] - [Инфо] ERROR
[14:51:21] - Не найдено ID клиента!, пожалуйста исправьте ошибку[14:51:21] - [Инфо] ERROR
[14:52:52] - [Инфо] Developer - Mkrtchyan Martun <mart@kassa26.ru>
[14:52:52] - [Инфо] [OkDesk] Файл: '2077-2077data.json' - уже существует в 'data/okdesk'
[14:52:53] - Не найдено ID клиента!, пожалуйста исправьте ошибку[14:52:53] - [Инфо] ERROR
[14:52:58] - Не найдено ID клиента!, пожалуйста исправьте ошибку[14:52:58] - [Инфо] ERROR
[14:59:19] - [Инфо] Developer - Mkrtchyan Martun <mart@kassa26.ru>
[14:59:19] - [Инфо] [OkDesk] Файл: '2077-2077data.json' - уже существует в 'data/okdesk'
[14:59:20] - [Инфо] Сущность с ID: 2077 обработана на сервере.
[15:0:21] - [Инфо] Developer - Mkrtchyan Martun <mart@kassa26.ru>
[15:0:21] - [Инфо] [OkDesk] Файл: '2077-2077data.json' - уже существует в 'data/okdesk'
[15:0:22] - Заявка уже была ранее выгружена. (OkDesk ID: 2077), пожалуйста исправьте ошибку[15:0:35] - [Инфо] Developer - Mkrtchyan Martun <mart@kassa26.ru>
[15:0:35] - [Инфо] [OkDesk] Файл: '2077-2077data.json' - уже существует в 'data/okdesk'
[15:0:37] - [Инфо] Сущность с ID: 2077 обработана на сервере.
[15:5:44] - [Инфо] Developer - Mkrtchyan Martun <mart@kassa26.ru>
[15:5:44] - [Инфо] [OkDesk] Файл: '2077-2077data.json' - уже существует в 'data/okdesk'
[15:5:45] - [Инфо] Сущность с ID: 2077 обработана на сервере.
[15:7:46] - [Инфо] Developer - Mkrtchyan Martun <mart@kassa26.ru>
[15:7:46] - [Инфо] [OkDesk] Файл: '2077-2077data.json' - уже существует в 'data/okdesk'
[15:7:47] - Заявка уже была ранее выгружена. (OkDesk ID: 2077), пожалуйста исправьте ошибку[15:8:4] - [Инфо] Developer - Mkrtchyan Martun <mart@kassa26.ru>
[15:8:4] - [Инфо] [OkDesk] Файл: '2077-2077data.json' - уже существует в 'data/okdesk'
[15:8:5] - [Инфо] Сущность с ID: 2077 обработана на сервере.
[15:10:33] - [Инфо] Developer - Mkrtchyan Martun <mart@kassa26.ru>
[15:10:33] - [Инфо] [OkDesk] Файл: '2077-2077data.json' - уже существует в 'data/okdesk'
[15:10:33] - [Инфо] Сущность с ID: 2077 обработана на сервере.
[15:10:51] - [Инфо] Developer - Mkrtchyan Martun <mart@kassa26.ru>
[15:10:51] - [Инфо] [OkDesk] Файл: '2077-2077data.json' - уже существует в 'data/okdesk'
[15:10:51] - Заявка уже была ранее выгружена. (OkDesk ID: 2077), пожалуйста исправьте ошибку[15:12:0] - [Инфо] Developer - Mkrtchyan Martun <mart@kassa26.ru>
[15:12:0] - [Инфо] [OkDesk] Файл: '2077-2077data.json' - уже существует в 'data/okdesk'
[15:12:0] - [Инфо] ERROR
[15:12:1] - [Инфо] ERROR
[15:12:53] - [Инфо] Developer - Mkrtchyan Martun <mart@kassa26.ru>
[15:12:53] - [Инфо] [OkDesk] Файл: '2077-2077data.json' - уже существует в 'data/okdesk'
[15:12:53] - [Инфо] ERROR
[15:12:54] - [Инфо] ERROR
[15:13:35] - [Инфо] Developer - Mkrtchyan Martun <mart@kassa26.ru>
[15:13:35] - [Инфо] [OkDesk] Файл: '2077-2077data.json' - уже существует в 'data/okdesk'
[15:13:35] - [Инфо] ERROR
[15:13:36] - [Инфо] ERROR
[15:24:57] - [Инфо] Developer - Mkrtchyan Martun <mart@kassa26.ru>
[15:24:57] - [Инфо] [OkDesk] Файл: '2077-2077data.json' - уже существует в 'data/okdesk'
[15:24:58] - [Инфо] ERROR
[15:24:59] - [Инфо] ERROR
[15:28:34] - [Инфо] Developer - Mkrtchyan Martun <mart@kassa26.ru>
[15:28:34] - [Инфо] [OkDesk] Файл: '2077-2077data.json' - уже существует в 'data/okdesk'
[15:28:34] - [Инфо] Сущность с ID: 2077 обработана на сервере.
[15:31:40] - [Инфо] Developer - Mkrtchyan Martun <mart@kassa26.ru>
[15:31:40] - [Инфо] [OkDesk] Файл: '2077-2077data.json' - уже существует в 'data/okdesk'
[15:31:40] - Заявка уже была ранее выгружена. (OkDesk ID: 2077), пожалуйста исправьте ошибку[15:31:50] - [Инфо] Developer - Mkrtchyan Martun <mart@kassa26.ru>
[15:31:50] - [Инфо] [OkDesk] Файл: '2077-2077data.json' - уже существует в 'data/okdesk'
[15:31:50] - [Инфо] Сущность с ID: 2077 обработана на сервере.
[15:33:13] - [Инфо] Developer - Mkrtchyan Martun <mart@kassa26.ru>
[15:33:13] - [Инфо] [OkDesk] Файл: '2077-2077data.json' - уже существует в 'data/okdesk'
[15:33:14] - Заявка уже была ранее выгружена. (OkDesk ID: 2077), пожалуйста исправьте ошибку[15:33:29] - [Инфо] Developer - Mkrtchyan Martun <mart@kassa26.ru>
[15:33:29] - [Инфо] [OkDesk] Файл: '2077-2077data.json' - уже существует в 'data/okdesk'
[15:33:30] - [Инфо] Сущность с ID: 2077 обработана на сервере.
[15:34:4] - [Инфо] Developer - Mkrtchyan Martun <mart@kassa26.ru>
[15:34:4] - [Инфо] [OkDesk] Файл: '2077-2077data.json' - уже существует в 'data/okdesk'
[15:34:5] - [Инфо] Сущность с ID: 2077 обработана на сервере.
[15:35:35] - [Инфо] Developer - Mkrtchyan Martun <mart@kassa26.ru>
[15:35:35] - [Инфо] [OkDesk] Файл: '2077-2077data.json' - уже существует в 'data/okdesk'
[15:35:36] - [Инфо] Сущность с ID: 2077 обработана на сервере.
[15:35:58] - [Инфо] Developer - Mkrtchyan Martun <mart@kassa26.ru>
[15:35:58] - [Инфо] [OkDesk] Файл: '2077-2077data.json' - уже существует в 'data/okdesk'
[15:35:59] - [Инфо] Сущность с ID: 2077 обработана на сервере.
[15:36:36] - [Инфо] Developer - Mkrtchyan Martun <mart@kassa26.ru>
[15:36:36] - [Инфо] [OkDesk] Файл: '2077-2077data.json' - уже существует в 'data/okdesk'
[15:36:36] - [Инфо] Сущность с ID: 2077 обработана на сервере.
[15:36:54] - [Инфо] Developer - Mkrtchyan Martun <mart@kassa26.ru>
[15:36:54] - [Инфо] [OkDesk] Файл: '2077-2077data.json' - уже существует в 'data/okdesk'
[15:36:55] - [Инфо] Сущность с ID: 2077 обработана на сервере.
[15:38:41] - [Инфо] Developer - Mkrtchyan Martun <mart@kassa26.ru>
[15:38:41] - [Инфо] [OkDesk] Файл: '2077-2077data.json' - уже существует в 'data/okdesk'
[15:38:42] - [Инфо] Сущность с ID: 2077 обработана на сервере.
[17:0:34] - [Инфо] Developer - Mkrtchyan Martun <mart@kassa26.ru>
[17:0:34] - [Инфо] [OkDesk] Файл: '2077-2077data.json' - уже существует в 'data/okdesk'
[17:0:35] - [Инфо] Сущность с ID: 2077 обработана на сервере.
[17:1:18] - [Инфо] Developer - Mkrtchyan Martun <mart@kassa26.ru>
[17:1:18] - [Инфо] [OkDesk] Файл: '2077-2077data.json' - уже существует в 'data/okdesk'
[17:1:19] - [Инфо] Сущность с ID: 2077 обработана на сервере.
[17:1:26] - [Инфо] Developer - Mkrtchyan Martun <mart@kassa26.ru>
[17:1:26] - [Инфо] [OkDesk] Файл: '2077-2077data.json' - уже существует в 'data/okdesk'
[17:1:26] - Заявка уже была ранее выгружена. (OkDesk ID: 2077), пожалуйста исправьте ошибку[17:2:56] - [Инфо] Developer - Mkrtchyan Martun <mart@kassa26.ru>
[17:2:56] - [Инфо] [OkDesk] Файл: '2077-2077data.json' - уже существует в 'data/okdesk'
[17:2:56] - [Инфо] Сущность с ID: 2077 обработана на сервере.
[17:2:57] - [Инфо] Отправка данных в Спутник...
[17:4:1] - [Инфо] Developer - Mkrtchyan Martun <mart@kassa26.ru>
[17:4:1] - [Инфо] [OkDesk] Файл: '2077-2077data.json' - уже существует в 'data/okdesk'
[17:4:1] - Заявка уже была ранее выгружена. (OkDesk ID: 2077), пожалуйста исправьте ошибку[17:4:14] - [Инфо] Developer - Mkrtchyan Martun <mart@kassa26.ru>
[17:4:14] - [Инфо] [OkDesk] Файл: '2077-2077data.json' - уже существует в 'data/okdesk'
[17:4:14] - Заявка уже была ранее выгружена. (OkDesk ID: 2077), пожалуйста исправьте ошибку[17:4:24] - [Инфо] Developer - Mkrtchyan Martun <mart@kassa26.ru>
[17:4:24] - [Инфо] [OkDesk] Файл: '2077-2077data.json' - уже существует в 'data/okdesk'
[17:4:25] - [Инфо] Сущность с ID: 2077 обработана на сервере.
[17:4:25] - [Инфо] Отправка данных в Спутник...
[17:7:22] - [Инфо] Developer - Mkrtchyan Martun <mart@kassa26.ru>
[17:7:22] - [Инфо] [OkDesk] Файл: '2077-2077data.json' - уже существует в 'data/okdesk'
[17:7:23] - [Инфо] Сущность с ID: 2077 обработана на сервере.
[17:9:59] - [Инфо] Developer - Mkrtchyan Martun <mart@kassa26.ru>
[17:9:59] - [Инфо] [OkDesk] Файл: '2077-2077data.json' - уже существует в 'data/okdesk'
[17:9:59] - [Инфо] Сущность с ID: 2077 обработана на сервере.
[17:10:0] - [Инфо] Отправка данных в Спутник...
[17:11:40] - [Инфо] Developer - Mkrtchyan Martun <mart@kassa26.ru>
[17:11:40] - [Инфо] [OkDesk] Файл: '2077-2077data.json' - уже существует в 'data/okdesk'
[17:11:41] - [Инфо] Сущность с ID: 2077 обработана на сервере.
[17:11:41] - [Инфо] Отправка данных в Спутник...
[17:12:32] - [Инфо] Developer - Mkrtchyan Martun <mart@kassa26.ru>
[17:12:32] - [Инфо] [OkDesk] Файл: '2077-2077data.json' - уже существует в 'data/okdesk'
[17:12:32] - [Инфо] Сущность с ID: 2077 обработана на сервере.
[17:12:33] - [Инфо] Отправка данных в Спутник...
[17:12:37] - [Инфо] Developer - Mkrtchyan Martun <mart@kassa26.ru>
[17:12:37] - [Инфо] [OkDesk] Файл: '2077-2077data.json' - уже существует в 'data/okdesk'
[17:12:37] - Заявка уже была ранее выгружена. (OkDesk ID: 2077), пожалуйста исправьте ошибку[17:19:48] - [Инфо] Developer - Mkrtchyan Martun <mart@kassa26.ru>
[17:19:48] - [Инфо] [OkDesk] Файл: '2077-2077data.json' - уже существует в 'data/okdesk'
[17:19:48] - [Инфо] Сущность с ID: 2077 обработана на сервере.
[17:19:48] - [Инфо] Отправка данных в Спутник...
[17:20:41] - [Инфо] Developer - Mkrtchyan Martun <mart@kassa26.ru>
[17:20:41] - [Инфо] [OkDesk] Файл: '2077-2077data.json' - уже существует в 'data/okdesk'
[17:20:42] - Заявка уже была ранее выгружена. (OkDesk ID: 2077), пожалуйста исправьте ошибку[17:20:48] - [Инфо] Developer - Mkrtchyan Martun <mart@kassa26.ru>
[17:20:48] - [Инфо] [OkDesk] Файл: '2077-2077data.json' - уже существует в 'data/okdesk'
[17:20:48] - Заявка уже была ранее выгружена. (OkDesk ID: 2077), пожалуйста исправьте ошибку[17:21:1] - [Инфо] Developer - Mkrtchyan Martun <mart@kassa26.ru>
[17:21:1] - [Инфо] [OkDesk] Файл: '2077-2077data.json' - уже существует в 'data/okdesk'
[17:21:2] - [Инфо] Сущность с ID: 2077 обработана на сервере.
[17:21:2] - [Инфо] Отправка данных в Спутник...
[17:22:41] - [Инфо] Developer - Mkrtchyan Martun <mart@kassa26.ru>
[17:22:41] - [Инфо] [OkDesk] Файл: '2077-2077data.json' - уже существует в 'data/okdesk'
[17:22:41] - [Инфо] Сущность с ID: 2077 обработана на сервере.
[17:22:42] - [Инфо] Отправка данных в Спутник...
[17:23:30] - [Инфо] Developer - Mkrtchyan Martun <mart@kassa26.ru>
[17:23:30] - [Инфо] [OkDesk] Файл: '2077-2077data.json' - уже существует в 'data/okdesk'
[17:23:31] - [Инфо] Сущность с ID: 2077 обработана на сервере.
[17:23:31] - [Инфо] Отправка данных в Спутник...
[17:28:15] - [Инфо] Developer - Mkrtchyan Martun <mart@kassa26.ru>
[17:28:15] - [Инфо] [OkDesk] Файл: '2077-2077data.json' - уже существует в 'data/okdesk'
[17:28:16] - [Инфо] Сущность с ID: 2077 обработана на сервере.
[17:28:16] - [Инфо] Отправка данных в Спутник...
[17:29:7] - [Инфо] Developer - Mkrtchyan Martun <mart@kassa26.ru>
[17:29:7] - [Инфо] [OkDesk] Файл: '2077-2077data.json' - уже существует в 'data/okdesk'
[17:29:8] - [Инфо] Сущность с ID: 2077 обработана на сервере.
[17:29:8] - [Инфо] Отправка данных в Спутник...
[17:30:16] - [Инфо] Developer - Mkrtchyan Martun <mart@kassa26.ru>
[17:30:16] - [Инфо] [OkDesk] Файл: '2077-2077data.json' - уже существует в 'data/okdesk'
[17:30:17] - [Инфо] Сущность с ID: 2077 обработана на сервере.
[17:30:17] - [Инфо] Отправка данных в Спутник...
[17:33:10] - [Инфо] Developer - Mkrtchyan Martun <mart@kassa26.ru>
[17:33:10] - [Инфо] [OkDesk] Файл: '2077-2077data.json' - уже существует в 'data/okdesk'
[17:33:11] - [Инфо] ERROR
[17:33:11] - [Инфо] ERROR
[17:34:9] - [Инфо] Developer - Mkrtchyan Martun <mart@kassa26.ru>
[17:34:9] - [Инфо] [OkDesk] Файл: '2077-2077data.json' - уже существует в 'data/okdesk'
[17:34:10] - [Инфо] Сущность с ID: 2077 обработана на сервере.
[17:35:29] - [Инфо] Developer - Mkrtchyan Martun <mart@kassa26.ru>
[17:35:29] - [Инфо] [OkDesk] Файл: '2077-2077data.json' - уже существует в 'data/okdesk'
[17:35:30] - [Инфо] Сущность с ID: 2077 обработана на сервере.
[17:35:30] - [Инфо] Отправка данных в Спутник...
[17:35:30] - [Инфо] task status: success, task time status: success
[17:35:30] - [Инфо] SputnikTaskID: 32539
[17:35:30] - [Инфо] comment id: 163837, task comment status: success
[17:35:31] - [Инфо] comment id: 163838, task comment status: success
[17:35:37] - [Инфо] Developer - Mkrtchyan Martun <mart@kassa26.ru>
[17:35:37] - [Инфо] [OkDesk] Файл: '2077-2077data.json' - уже существует в 'data/okdesk'
[17:35:37] - Заявка уже была ранее выгружена. (OkDesk ID: 2077), пожалуйста исправьте ошибку[17:40:46] - [Инфо] Developer - Mkrtchyan Martun <mart@kassa26.ru>
[17:40:46] - [Инфо] [OkDesk] Файл: '2077-2077data.json' - уже существует в 'data/okdesk'
[17:40:47] - [Инфо] Сущность с ID: 2077 обработана на сервере.
[17:40:47] - [Инфо] Отправка данных в Спутник...
[17:40:47] - [Инфо] task status: success, task time status: success
[17:40:47] - [Инфо] SputnikTaskID: 32540
[17:40:47] - [Инфо] comment id: 163839, task comment status: success
[17:40:47] - [Инфо] comment id: 163840, task comment status: success
[17:44:31] - [Инфо] Developer - Mkrtchyan Martun <mart@kassa26.ru>
[17:44:31] - [Инфо] [OkDesk] Файл: '2077-2077data.json' - уже существует в 'data/okdesk'
[17:44:32] - [Инфо] Сущность с ID: 2077 обработана на сервере.
[17:44:32] - [Инфо] Отправка данных в Спутник...
[17:44:32] - [Инфо] task status: success, task time status: success
[17:44:32] - [Инфо] SputnikTaskID: 32541
[17:44:32] - [Инфо] comment id: 163841, task comment status: success
[17:44:32] - [Инфо] comment id: 163842, task comment status: success
[17:50:37] - [Инфо] Developer - Mkrtchyan Martun <mart@kassa26.ru>
[17:50:38] - Заявка уже была ранее выгружена. (OkDesk ID: 2360), пожалуйста исправьте ошибку[17:52:6] - [Инфо] Developer - Mkrtchyan Martun <mart@kassa26.ru>
[17:52:6] - [Инфо] [OkDesk] Файл: '2360-2360data.json' - уже существует в 'data/okdesk'
[17:52:6] - Заявка уже была ранее выгружена. (OkDesk ID: 2360), пожалуйста исправьте ошибку[17:52:29] - [Инфо] Developer - Mkrtchyan Martun <mart@kassa26.ru>
[17:52:29] - [Инфо] [OkDesk] Файл: '2360-2360data.json' - уже существует в 'data/okdesk'
[17:52:30] - Заявка уже была ранее выгружена. (OkDesk ID: 2360), пожалуйста исправьте ошибку[17:53:39] - [Инфо] Developer - Mkrtchyan Martun <mart@kassa26.ru>
[17:53:39] - [Инфо] [OkDesk] Файл: '2360-2360data.json' - уже существует в 'data/okdesk'
[17:53:39] - [Инфо] Сущность с ID: 2360 обработана на сервере.
[17:53:40] - [Инфо] Отправка данных в Спутник...
[17:53:40] - [Инфо] task status: error, task time status: error
[17:54:48] - [Инфо] Developer - Mkrtchyan Martun <mart@kassa26.ru>
[17:54:48] - [Инфо] [OkDesk] Файл: '2360-2360data.json' - уже существует в 'data/okdesk'
[17:54:49] - Заявка уже была ранее выгружена. (OkDesk ID: 2360), пожалуйста исправьте ошибку[17:55:0] - [Инфо] Developer - Mkrtchyan Martun <mart@kassa26.ru>
[17:55:0] - [Инфо] [OkDesk] Файл: '2360-2360data.json' - уже существует в 'data/okdesk'
[17:55:0] - [Инфо] Сущность с ID: 2360 обработана на сервере.
[23:59:0] - [Инфо] Начало цикла след. последовательности
[23:59:0] - [Инфо] Developer - Mkrtchyan Martun <mart@kassa26.ru>
[23:59:1] - Заявка уже была ранее выгружена. (OkDesk ID: 2336), пожалуйста исправьте ошибку[23:59:1] - Записи 2337 не существует, пожалуйста исправьте ошибку[23:59:1] - [Инфо] Начало автоматической выгрузки данных
