[23:59:0] - [Инфо] Начало цикла след. последовательности
[23:59:0] - [Инфо] Developer - Mkrtchyan Martun <mart@kassa26.ru>
[23:59:1] - Заявка уже была ранее выгружена. (OkDesk ID: 2033), пожалуйста исправьте ошибку[23:59:1] - [Инфо] Сущность с ID: 2034 обработана на сервере.
[23:59:1] - [Инфо] Отправка данных в Спутник...
[23:59:1] - [Инфо] task status: success, task time status: success
[23:59:1] - [Инфо] SputnikTaskID: 31996
[23:59:2] - [Инфо] Сущность с ID: 2035 обработана на сервере.
[23:59:2] - [Инфо] Отправка данных в Спутник...
[23:59:2] - [Инфо] task status: success, task time status: success
[23:59:2] - [Инфо] SputnikTaskID: 31997
[23:59:2] - [Инфо] comment id: 160939, task comment status: success
[23:59:2] - [Инфо] comment id: 160940, task comment status: success
[23:59:2] - [Инфо] Сущность с ID: 2036 обработана на сервере.
[23:59:2] - [Инфо] Отправка данных в Спутник...
[23:59:2] - [Инфо] task status: success, task time status: success
[23:59:2] - [Инфо] SputnikTaskID: 31998
[23:59:3] - [Инфо] comment id: 160941, task comment status: success
[23:59:3] - [Инфо] Сущность с ID: 2037 обработана на сервере.
[23:59:3] - [Инфо] Отправка данных в Спутник...
[23:59:3] - [Инфо] task status: success, task time status: success
[23:59:3] - [Инфо] SputnikTaskID: 31999
[23:59:3] - [Инфо] comment id: 160942, task comment status: success
[23:59:3] - [Инфо] Сущность с ID: 2038 обработана на сервере.
[23:59:3] - Записи 2039 не существует, пожалуйста исправьте ошибку[23:59:3] - [Инфо] Начало автоматической выгрузки данных
[23:59:3] - [Инфо] Developer - Mkrtchyan Martun <mart@kassa26.ru>
[23:59:3] - [Инфо] [OkDesk] Файл: '1086-1086data.json' - уже существует в 'data/okdesk'
[23:59:3] - Записи 1086 не существует, пожалуйста исправьте ошибку[23:59:3] - Записи 1086 не существует, пожалуйста исправьте ошибку[23:59:3] - [Инфо] Отправка данных в Спутник...
[23:59:3] - [Инфо] task status: success, task time status: success
[23:59:3] - [Инфо] SputnikTaskID: 32000
[23:59:4] - [Инфо] comment id: 160943, task comment status: success
