[23:59:4] - [Инфо] Начало цикла след. последовательности
[23:59:4] - [Инфо] Developer - Mkrtchyan Martun <mart@kassa26.ru>
[23:59:7] - Заявка уже была ранее выгружена. (OkDesk ID: 3246), пожалуйста исправьте ошибку[23:59:7] - [Инфо] Сущность с ID: 3247 обработана на сервере.
[23:59:8] - [Инфо] Отправка данных в Спутник...
[23:59:8] - [Инфо] task status: success, task time status: success
[23:59:8] - [Инфо] SputnikTaskID: 34215
[23:59:8] - [Инфо] Сущность с ID: 3248 обработана на сервере.
[23:59:10] - [Инфо] comment id: 171703, task comment status: success
[23:59:10] - [Инфо] comment id: 171704, task comment status: success
[23:59:10] - [Инфо] Отправка данных в Спутник...
[23:59:10] - [Инфо] task status: success, task time status: success
[23:59:10] - [Инфо] SputnikTaskID: 34216
[23:59:10] - [Инфо] 3249
[23:59:10] - [Инфо] [LOG] Заявка не является завершенной (OkDesk ID: 3249) Пропуск...
[23:59:10] - [Инфо] comment id: 171705, task comment status: success
[23:59:10] - [Инфо] comment id: 171706, task comment status: success
[23:59:11] - [Инфо] Сущность с ID: 3250 обработана на сервере.
[23:59:11] - [Инфо] Отправка данных в Спутник...
[23:59:11] - [Инфо] task status: success, task time status: success
[23:59:11] - [Инфо] SputnikTaskID: 34217
[23:59:11] - [Инфо] comment id: 171707, task comment status: success
[23:59:12] - [Инфо] comment id: 171708, task comment status: success
[23:59:12] - [Инфо] Сущность с ID: 3251 обработана на сервере.
[23:59:12] - [Инфо] Отправка данных в Спутник...
[23:59:12] - [Инфо] task status: success, task time status: success
[23:59:12] - [Инфо] SputnikTaskID: 34218
[23:59:12] - [Инфо] comment id: 171709, task comment status: success
[23:59:12] - [Инфо] Сущность с ID: 3252 обработана на сервере.
[23:59:13] - [Инфо] Отправка данных в Спутник...
[23:59:13] - [Инфо] task status: success, task time status: success
[23:59:13] - [Инфо] SputnikTaskID: 34219
[23:59:13] - [Инфо] comment id: 171710, task comment status: success
[23:59:13] - [Инфо] Сущность с ID: 3253 обработана на сервере.
[23:59:13] - [Инфо] comment id: 171711, task comment status: success
[23:59:13] - [Инфо] comment id: 171712, task comment status: success
[23:59:13] - [Инфо] Отправка данных в Спутник...
[23:59:13] - [Инфо] task status: success, task time status: success
[23:59:13] - [Инфо] SputnikTaskID: 34220
[23:59:13] - [Инфо] comment id: 171713, task comment status: success
[23:59:13] - [Инфо] Сущность с ID: 3254 обработана на сервере.
[23:59:13] - [Инфо] comment id: 171714, task comment status: success
[23:59:14] - [Инфо] Отправка данных в Спутник...
[23:59:14] - [Инфо] task status: success, task time status: success
[23:59:14] - [Инфо] SputnikTaskID: 34221
[23:59:14] - [Инфо] comment id: 171715, task comment status: success
[23:59:14] - [Инфо] Сущность с ID: 3255 обработана на сервере.
[23:59:14] - [Инфо] Отправка данных в Спутник...
[23:59:14] - [Инфо] task status: success, task time status: success
[23:59:14] - [Инфо] SputnikTaskID: 34222
[23:59:14] - [Инфо] comment id: 171716, task comment status: success
[23:59:14] - [Инфо] comment id: 171717, task comment status: success
[23:59:15] - [Инфо] Сущность с ID: 3256 обработана на сервере.
[23:59:15] - [Инфо] comment id: 171718, task comment status: success
[23:59:15] - Записи 3257 не существует, пожалуйста исправьте ошибку[23:59:15] - [Инфо] Отправка данных в Спутник...
[23:59:15] - [Инфо] task status: success, task time status: success
[23:59:15] - [Инфо] SputnikTaskID: 34223
[23:59:15] - [Инфо] DEBUG: Записи 3257 не существует
[23:59:15] - Записи 3258 не существует, пожалуйста исправьте ошибку[23:59:15] - [Инфо] DEBUG: Записи 3258 не существует
[23:59:15] - [Инфо] comment id: 171719, task comment status: success
[23:59:15] - Записи 3259 не существует, пожалуйста исправьте ошибку[23:59:15] - [Инфо] DEBUG: Записи 3259 не существует
[23:59:15] - Записи 3260 не существует, пожалуйста исправьте ошибку[23:59:15] - [Инфо] DEBUG: Записи 3260 не существует
[23:59:15] - Записи 3261 не существует, пожалуйста исправьте ошибку[23:59:16] - [Инфо] DEBUG: Записи 3261 не существует
[23:59:16] - Записи 3262 не существует, пожалуйста исправьте ошибку[23:59:16] - [Инфо] DEBUG: Записи 3262 не существует
[23:59:16] - Записи 3263 не существует, пожалуйста исправьте ошибку[23:59:16] - [Инфо] DEBUG: Записи 3263 не существует
[23:59:16] - Записи 3264 не существует, пожалуйста исправьте ошибку[23:59:16] - [Инфо] DEBUG: Записи 3264 не существует
[23:59:16] - Записи 3265 не существует, пожалуйста исправьте ошибку[23:59:16] - [Инфо] DEBUG: Записи 3265 не существует
[23:59:16] - Записи 3266 не существует, пожалуйста исправьте ошибку[23:59:16] - [Инфо] DEBUG: Записи 3266 не существует
[23:59:16] - Записи 3267 не существует, пожалуйста исправьте ошибку[23:59:17] - [Инфо] DEBUG: Записи 3267 не существует
[23:59:17] - Записи 3268 не существует, пожалуйста исправьте ошибку[23:59:17] - [Инфо] DEBUG: Записи 3268 не существует
[23:59:17] - Записи 3269 не существует, пожалуйста исправьте ошибку[23:59:17] - [Инфо] DEBUG: Записи 3269 не существует
[23:59:17] - Записи 3270 не существует, пожалуйста исправьте ошибку[23:59:17] - [Инфо] DEBUG: Записи 3270 не существует
[23:59:17] - Записи 3271 не существует, пожалуйста исправьте ошибку[23:59:17] - [Инфо] DEBUG: Записи 3271 не существует
[23:59:17] - [Инфо] Начало автоматической выгрузки данных
[23:59:17] - [Инфо] Developer - Mkrtchyan Martun <mart@kassa26.ru>
[23:59:17] - [Инфо] [OkDesk] Файл: '2563-2563data.json' - уже существует в 'data/okdesk'
[23:59:18] - [Инфо] Сущность с ID: 2563 обработана на сервере.
[23:59:18] - [Инфо] Developer - Mkrtchyan Martun <mart@kassa26.ru>
[23:59:18] - [Инфо] [OkDesk] Файл: '2589-2589data.json' - уже существует в 'data/okdesk'
[23:59:18] - [Инфо] Отправка данных в Спутник...
[23:59:18] - [Инфо] task status: success, task time status: success
[23:59:18] - [Инфо] SputnikTaskID: 34224
[23:59:18] - [Инфо] [LOG] Заявка не является завершенной (OkDesk ID: 2589) Пропуск...
[23:59:18] - [Инфо] Developer - Mkrtchyan Martun <mart@kassa26.ru>
[23:59:18] - [Инфо] [OkDesk] Файл: '2625-2625data.json' - уже существует в 'data/okdesk'
[23:59:18] - [Инфо] comment id: 171720, task comment status: success
[23:59:18] - [Инфо] comment id: 171721, task comment status: success
[23:59:19] - [Инфо] Сущность с ID: 2625 обработана на сервере.
[23:59:19] - [Инфо] Developer - Mkrtchyan Martun <mart@kassa26.ru>
[23:59:19] - [Инфо] [OkDesk] Файл: '2685-2685data.json' - уже существует в 'data/okdesk'
[23:59:19] - [Инфо] Отправка данных в Спутник...
[23:59:19] - [Инфо] task status: success, task time status: success
[23:59:19] - [Инфо] SputnikTaskID: 34225
[23:59:19] - [Инфо] comment id: 171722, task comment status: success
[23:59:19] - [Инфо] Сущность с ID: 2685 обработана на сервере.
[23:59:19] - [Инфо] Developer - Mkrtchyan Martun <mart@kassa26.ru>
[23:59:19] - [Инфо] [OkDesk] Файл: '2702-2702data.json' - уже существует в 'data/okdesk'
[23:59:19] - [Инфо] Отправка данных в Спутник...
[23:59:19] - [Инфо] task status: success, task time status: success
[23:59:19] - [Инфо] SputnikTaskID: 34226
[23:59:19] - [Инфо] [LOG] Заявка не является завершенной (OkDesk ID: 2702) Пропуск...
[23:59:19] - [Инфо] Developer - Mkrtchyan Martun <mart@kassa26.ru>
[23:59:19] - [Инфо] [OkDesk] Файл: '2821-2821data.json' - уже существует в 'data/okdesk'
[23:59:19] - [Инфо] comment id: 171723, task comment status: success
[23:59:20] - [Инфо] [LOG] Заявка не является завершенной (OkDesk ID: 2821) Пропуск...
[23:59:20] - [Инфо] Developer - Mkrtchyan Martun <mart@kassa26.ru>
[23:59:20] - [Инфо] [OkDesk] Файл: '2845-2845data.json' - уже существует в 'data/okdesk'
[23:59:20] - [Инфо] [LOG] Заявка не является завершенной (OkDesk ID: 2845) Пропуск...
[23:59:20] - [Инфо] Developer - Mkrtchyan Martun <mart@kassa26.ru>
[23:59:20] - [Инфо] [OkDesk] Файл: '2926-2926data.json' - уже существует в 'data/okdesk'
[23:59:21] - [Инфо] Сущность с ID: 2926 обработана на сервере.
[23:59:21] - [Инфо] Developer - Mkrtchyan Martun <mart@kassa26.ru>
[23:59:21] - [Инфо] [OkDesk] Файл: '3022-3022data.json' - уже существует в 'data/okdesk'
[23:59:21] - [Инфо] Отправка данных в Спутник...
[23:59:21] - [Инфо] task status: success, task time status: success
[23:59:21] - [Инфо] SputnikTaskID: 34227
[23:59:21] - [Инфо] comment id: 171724, task comment status: success
[23:59:21] - [Инфо] [LOG] Заявка не является завершенной (OkDesk ID: 3022) Пропуск...
[23:59:21] - [Инфо] Developer - Mkrtchyan Martun <mart@kassa26.ru>
[23:59:21] - [Инфо] [OkDesk] Файл: '3228-3228data.json' - уже существует в 'data/okdesk'
[23:59:21] - [Инфо] comment id: 171725, task comment status: success
[23:59:21] - [Инфо] Сущность с ID: 3228 обработана на сервере.
[23:59:21] - [Инфо] Developer - Mkrtchyan Martun <mart@kassa26.ru>
[23:59:21] - [Инфо] [OkDesk] Файл: '3236-3236data.json' - уже существует в 'data/okdesk'
[23:59:22] - [Инфо] Отправка данных в Спутник...
[23:59:22] - [Инфо] task status: success, task time status: success
[23:59:22] - [Инфо] SputnikTaskID: 34228
[23:59:22] - [Инфо] [LOG] Заявка не является завершенной (OkDesk ID: 3236) Пропуск...
[23:59:22] - [Инфо] comment id: 171726, task comment status: success
[23:59:22] - [Инфо] comment id: 171727, task comment status: success
