[23:59:1] - [Инфо] Начало цикла след. последовательности
[23:59:1] - [Инфо] Developer - Mkrtchyan Martun <mart@kassa26.ru>
[23:59:2] - Заявка уже была ранее выгружена. (OkDesk ID: 2925), пожалуйста исправьте ошибку[23:59:3] - [Инфо] [LOG] Заявка не является завершенной (OkDesk ID: 2926) Пропуск...
[23:59:3] - [Инфо] 2927
[23:59:3] - [Инфо] [LOG] Заявка не является завершенной (OkDesk ID: 2927) Пропуск...
[23:59:4] - [Инфо] Сущность с ID: 2928 обработана на сервере.
[23:59:4] - [Инфо] Отправка данных в Спутник...
[23:59:4] - [Инфо] task status: success, task time status: success
[23:59:4] - [Инфо] SputnikTaskID: 33681
[23:59:4] - [Инфо] Сущность с ID: 2929 обработана на сервере.
[23:59:4] - [Инфо] Отправка данных в Спутник...
[23:59:4] - [Инфо] task status: success, task time status: success
[23:59:4] - [Инфо] SputnikTaskID: 33682
[23:59:5] - [Инфо] comment id: 169443, task comment status: success
[23:59:5] - [Инфо] 2930
[23:59:5] - [Инфо] [LOG] Заявка не является завершенной (OkDesk ID: 2930) Пропуск...
[23:59:5] - Записи 2931 не существует, пожалуйста исправьте ошибку[23:59:5] - [Инфо] comment id: 169444, task comment status: success
[23:59:5] - [Инфо] comment id: 169445, task comment status: success
[23:59:5] - [Инфо] DEBUG: Записи 2931 не существует
[23:59:5] - Записи 2932 не существует, пожалуйста исправьте ошибку[23:59:5] - [Инфо] comment id: 169446, task comment status: success
[23:59:5] - [Инфо] DEBUG: Записи 2932 не существует
[23:59:5] - Записи 2933 не существует, пожалуйста исправьте ошибку[23:59:5] - [Инфо] DEBUG: Записи 2933 не существует
[23:59:5] - Записи 2934 не существует, пожалуйста исправьте ошибку[23:59:5] - [Инфо] DEBUG: Записи 2934 не существует
[23:59:5] - Записи 2935 не существует, пожалуйста исправьте ошибку[23:59:5] - [Инфо] DEBUG: Записи 2935 не существует
[23:59:5] - Записи 2936 не существует, пожалуйста исправьте ошибку[23:59:6] - [Инфо] DEBUG: Записи 2936 не существует
[23:59:6] - Записи 2937 не существует, пожалуйста исправьте ошибку[23:59:6] - [Инфо] DEBUG: Записи 2937 не существует
[23:59:6] - Записи 2938 не существует, пожалуйста исправьте ошибку[23:59:6] - [Инфо] DEBUG: Записи 2938 не существует
[23:59:6] - Записи 2939 не существует, пожалуйста исправьте ошибку[23:59:6] - [Инфо] DEBUG: Записи 2939 не существует
[23:59:6] - Записи 2940 не существует, пожалуйста исправьте ошибку[23:59:6] - [Инфо] DEBUG: Записи 2940 не существует
[23:59:6] - Записи 2941 не существует, пожалуйста исправьте ошибку[23:59:6] - [Инфо] DEBUG: Записи 2941 не существует
[23:59:7] - Записи 2942 не существует, пожалуйста исправьте ошибку[23:59:7] - [Инфо] DEBUG: Записи 2942 не существует
[23:59:7] - Записи 2943 не существует, пожалуйста исправьте ошибку[23:59:7] - [Инфо] DEBUG: Записи 2943 не существует
[23:59:7] - Записи 2944 не существует, пожалуйста исправьте ошибку[23:59:7] - [Инфо] DEBUG: Записи 2944 не существует
[23:59:7] - Записи 2945 не существует, пожалуйста исправьте ошибку[23:59:7] - [Инфо] DEBUG: Записи 2945 не существует
[23:59:7] - Записи 2946 не существует, пожалуйста исправьте ошибку[23:59:7] - [Инфо] DEBUG: Записи 2946 не существует
[23:59:7] - Записи 2947 не существует, пожалуйста исправьте ошибку[23:59:8] - [Инфо] DEBUG: Записи 2947 не существует
[23:59:8] - Записи 2948 не существует, пожалуйста исправьте ошибку[23:59:8] - [Инфо] DEBUG: Записи 2948 не существует
[23:59:8] - Записи 2949 не существует, пожалуйста исправьте ошибку[23:59:8] - [Инфо] DEBUG: Записи 2949 не существует
[23:59:8] - Записи 2950 не существует, пожалуйста исправьте ошибку[23:59:8] - [Инфо] DEBUG: Записи 2950 не существует
[23:59:8] - [Инфо] Начало автоматической выгрузки данных
[23:59:8] - [Инфо] Developer - Mkrtchyan Martun <mart@kassa26.ru>
[23:59:8] - [Инфо] [OkDesk] Файл: '2563-2563data.json' - уже существует в 'data/okdesk'
[23:59:8] - [Инфо] [LOG] Заявка не является завершенной (OkDesk ID: 2563) Пропуск...
[23:59:8] - [Инфо] Developer - Mkrtchyan Martun <mart@kassa26.ru>
[23:59:8] - [Инфо] [OkDesk] Файл: '2589-2589data.json' - уже существует в 'data/okdesk'
[23:59:9] - [Инфо] [LOG] Заявка не является завершенной (OkDesk ID: 2589) Пропуск...
[23:59:9] - [Инфо] Developer - Mkrtchyan Martun <mart@kassa26.ru>
[23:59:9] - [Инфо] [OkDesk] Файл: '2625-2625data.json' - уже существует в 'data/okdesk'
[23:59:9] - [Инфо] [LOG] Заявка не является завершенной (OkDesk ID: 2625) Пропуск...
[23:59:9] - [Инфо] Developer - Mkrtchyan Martun <mart@kassa26.ru>
[23:59:9] - [Инфо] [OkDesk] Файл: '2685-2685data.json' - уже существует в 'data/okdesk'
[23:59:9] - [Инфо] [LOG] Заявка не является завершенной (OkDesk ID: 2685) Пропуск...
[23:59:9] - [Инфо] Developer - Mkrtchyan Martun <mart@kassa26.ru>
[23:59:9] - [Инфо] [OkDesk] Файл: '2702-2702data.json' - уже существует в 'data/okdesk'
[23:59:10] - [Инфо] [LOG] Заявка не является завершенной (OkDesk ID: 2702) Пропуск...
[23:59:10] - [Инфо] Developer - Mkrtchyan Martun <mart@kassa26.ru>
[23:59:10] - [Инфо] [OkDesk] Файл: '2821-2821data.json' - уже существует в 'data/okdesk'
[23:59:10] - [Инфо] [LOG] Заявка не является завершенной (OkDesk ID: 2821) Пропуск...
[23:59:10] - [Инфо] Developer - Mkrtchyan Martun <mart@kassa26.ru>
[23:59:10] - [Инфо] [OkDesk] Файл: '2845-2845data.json' - уже существует в 'data/okdesk'
[23:59:10] - [Инфо] [LOG] Заявка не является завершенной (OkDesk ID: 2845) Пропуск...
[23:59:10] - [Инфо] Developer - Mkrtchyan Martun <mart@kassa26.ru>
[23:59:10] - [Инфо] [OkDesk] Файл: '2896-2896data.json' - уже существует в 'data/okdesk'
[23:59:11] - [Инфо] [LOG] Заявка не является завершенной (OkDesk ID: 2896) Пропуск...
[23:59:11] - [Инфо] Developer - Mkrtchyan Martun <mart@kassa26.ru>
[23:59:11] - [Инфо] [OkDesk] Файл: '2911-2911data.json' - уже существует в 'data/okdesk'
[23:59:11] - [Инфо] [LOG] Заявка не является завершенной (OkDesk ID: 2911) Пропуск...
[23:59:11] - [Инфо] Developer - Mkrtchyan Martun <mart@kassa26.ru>
[23:59:11] - [Инфо] [OkDesk] Файл: '2912-2912data.json' - уже существует в 'data/okdesk'
[23:59:11] - [Инфо] [LOG] Заявка не является завершенной (OkDesk ID: 2912) Пропуск...
[23:59:11] - [Инфо] Developer - Mkrtchyan Martun <mart@kassa26.ru>
[23:59:12] - [Инфо] [LOG] Заявка не является завершенной (OkDesk ID: 2926) Пропуск...
