[23:59:1] - [Инфо] Начало цикла след. последовательности
[23:59:1] - [Инфо] Developer - Mkrtchyan Martun <mart@kassa26.ru>
[23:59:2] - Заявка уже была ранее выгружена. (OkDesk ID: 2686), пожалуйста исправьте ошибку[23:59:3] - [Инфо] Сущность с ID: 2687 обработана на сервере.
[23:59:3] - [Инфо] Отправка данных в Спутник...
[23:59:3] - [Инфо] task status: success, task time status: success
[23:59:3] - [Инфо] SputnikTaskID: 33150
[23:59:4] - [Инфо] Сущность с ID: 2688 обработана на сервере.
[23:59:4] - [Инфо] comment id: 166515, task comment status: success
[23:59:4] - [Инфо] Отправка данных в Спутник...
[23:59:4] - [Инфо] task status: success, task time status: success
[23:59:4] - [Инфо] SputnikTaskID: 33151
[23:59:4] - [Инфо] Сущность с ID: 2689 обработана на сервере.
[23:59:4] - [Инфо] comment id: 166516, task comment status: success
[23:59:4] - [Инфо] comment id: 166517, task comment status: success
[23:59:4] - [Инфо] Отправка данных в Спутник...
[23:59:4] - [Инфо] task status: success, task time status: success
[23:59:4] - [Инфо] SputnikTaskID: 33152
[23:59:4] - [Инфо] comment id: 166518, task comment status: success
[23:59:5] - [Инфо] comment id: 166519, task comment status: success
[23:59:5] - [Инфо] comment id: 166520, task comment status: success
[23:59:5] - Заявка уже была ранее выгружена. (OkDesk ID: 2690), пожалуйста исправьте ошибку[23:59:5] - [Инфо] comment id: 166521, task comment status: success
[23:59:5] - [Инфо] comment id: 166522, task comment status: success
[23:59:5] - [Инфо] comment id: 166523, task comment status: success
[23:59:5] - [Инфо] comment id: 166524, task comment status: success
[23:59:5] - [Инфо] Сущность с ID: 2691 обработана на сервере.
[23:59:5] - [Инфо] comment id: 166525, task comment status: success
[23:59:5] - Записи 2692 не существует, пожалуйста исправьте ошибку[23:59:5] - [Инфо] comment id: 166526, task comment status: success
[23:59:5] - [Инфо] Отправка данных в Спутник...
[23:59:5] - [Инфо] task status: success, task time status: success
[23:59:5] - [Инфо] SputnikTaskID: 33153
[23:59:6] - [Инфо] DEBUG: Записи 2692 не существует
[23:59:6] - Записи 2693 не существует, пожалуйста исправьте ошибку[23:59:6] - [Инфо] DEBUG: Записи 2693 не существует
[23:59:6] - [Инфо] comment id: 166527, task comment status: success
[23:59:6] - Записи 2694 не существует, пожалуйста исправьте ошибку[23:59:6] - [Инфо] DEBUG: Записи 2694 не существует
[23:59:6] - Записи 2695 не существует, пожалуйста исправьте ошибку[23:59:6] - [Инфо] DEBUG: Записи 2695 не существует
[23:59:6] - Записи 2696 не существует, пожалуйста исправьте ошибку[23:59:6] - [Инфо] DEBUG: Записи 2696 не существует
[23:59:6] - Записи 2697 не существует, пожалуйста исправьте ошибку[23:59:6] - [Инфо] DEBUG: Записи 2697 не существует
[23:59:7] - Записи 2698 не существует, пожалуйста исправьте ошибку[23:59:7] - [Инфо] DEBUG: Записи 2698 не существует
[23:59:7] - Записи 2699 не существует, пожалуйста исправьте ошибку[23:59:7] - [Инфо] DEBUG: Записи 2699 не существует
[23:59:7] - Записи 2700 не существует, пожалуйста исправьте ошибку[23:59:7] - [Инфо] DEBUG: Записи 2700 не существует
[23:59:7] - Записи 2701 не существует, пожалуйста исправьте ошибку[23:59:7] - [Инфо] DEBUG: Записи 2701 не существует
[23:59:7] - Записи 2702 не существует, пожалуйста исправьте ошибку[23:59:7] - [Инфо] DEBUG: Записи 2702 не существует
[23:59:8] - Записи 2703 не существует, пожалуйста исправьте ошибку[23:59:8] - [Инфо] DEBUG: Записи 2703 не существует
[23:59:8] - Записи 2704 не существует, пожалуйста исправьте ошибку[23:59:8] - [Инфо] DEBUG: Записи 2704 не существует
[23:59:8] - Записи 2705 не существует, пожалуйста исправьте ошибку[23:59:8] - [Инфо] DEBUG: Записи 2705 не существует
[23:59:8] - Записи 2706 не существует, пожалуйста исправьте ошибку[23:59:8] - [Инфо] DEBUG: Записи 2706 не существует
[23:59:8] - Записи 2707 не существует, пожалуйста исправьте ошибку[23:59:9] - [Инфо] DEBUG: Записи 2707 не существует
[23:59:9] - Записи 2708 не существует, пожалуйста исправьте ошибку[23:59:9] - [Инфо] DEBUG: Записи 2708 не существует
[23:59:9] - Записи 2709 не существует, пожалуйста исправьте ошибку[23:59:9] - [Инфо] DEBUG: Записи 2709 не существует
[23:59:9] - Записи 2710 не существует, пожалуйста исправьте ошибку[23:59:9] - [Инфо] DEBUG: Записи 2710 не существует
[23:59:9] - Записи 2711 не существует, пожалуйста исправьте ошибку[23:59:9] - [Инфо] DEBUG: Записи 2711 не существует
[23:59:9] - [Инфо] Начало автоматической выгрузки данных
[23:59:9] - [Инфо] Developer - Mkrtchyan Martun <mart@kassa26.ru>
[23:59:9] - [Инфо] [OkDesk] Файл: '2563-2563data.json' - уже существует в 'data/okdesk'
[23:59:10] - [Инфо] [LOG] Заявка не является завершенной (OkDesk ID: 2563) Пропуск...
[23:59:10] - [Инфо] Developer - Mkrtchyan Martun <mart@kassa26.ru>
[23:59:10] - [Инфо] [OkDesk] Файл: '2589-2589data.json' - уже существует в 'data/okdesk'
[23:59:10] - [Инфо] [LOG] Заявка не является завершенной (OkDesk ID: 2589) Пропуск...
[23:59:10] - [Инфо] Developer - Mkrtchyan Martun <mart@kassa26.ru>
[23:59:10] - [Инфо] [OkDesk] Файл: '2625-2625data.json' - уже существует в 'data/okdesk'
[23:59:10] - [Инфо] [LOG] Заявка не является завершенной (OkDesk ID: 2625) Пропуск...
[23:59:10] - [Инфо] Developer - Mkrtchyan Martun <mart@kassa26.ru>
[23:59:10] - [Инфо] [OkDesk] Файл: '2664-2664data.json' - уже существует в 'data/okdesk'
[23:59:11] - [Инфо] [LOG] Заявка не является завершенной (OkDesk ID: 2664) Пропуск...
[23:59:11] - [Инфо] Developer - Mkrtchyan Martun <mart@kassa26.ru>
[23:59:11] - [Инфо] [LOG] Заявка не является завершенной (OkDesk ID: 2685) Пропуск...
