[23:59:3] - [Инфо] Начало цикла след. последовательности
[23:59:3] - [Инфо] Developer - Mkrtchyan Martun <mart@kassa26.ru>
[23:59:4] - Заявка уже была ранее выгружена. (OkDesk ID: 3256), пожалуйста исправьте ошибку[23:59:5] - [Инфо] Сущность с ID: 3257 обработана на сервере.
[23:59:5] - [Инфо] Отправка данных в Спутник...
[23:59:5] - [Инфо] task status: success, task time status: success
[23:59:5] - [Инфо] SputnikTaskID: 34250
[23:59:5] - [Инфо] Сущность с ID: 3258 обработана на сервере.
[23:59:6] - [Инфо] Отправка данных в Спутник...
[23:59:6] - [Инфо] task status: success, task time status: success
[23:59:6] - [Инфо] SputnikTaskID: 34251
[23:59:6] - [Инфо] comment id: 171803, task comment status: success
[23:59:6] - [Инфо] comment id: 171804, task comment status: success
[23:59:6] - [Инфо] Сущность с ID: 3259 обработана на сервере.
[23:59:6] - [Инфо] Отправка данных в Спутник...
[23:59:6] - [Инфо] task status: success, task time status: success
[23:59:6] - [Инфо] SputnikTaskID: 34252
[23:59:6] - [Инфо] comment id: 171805, task comment status: success
[23:59:7] - [Инфо] Сущность с ID: 3260 обработана на сервере.
[23:59:7] - [Инфо] Отправка данных в Спутник...
[23:59:7] - [Инфо] task status: success, task time status: success
[23:59:7] - [Инфо] SputnikTaskID: 34253
[23:59:7] - [Инфо] comment id: 171806, task comment status: success
[23:59:7] - [Инфо] Сущность с ID: 3261 обработана на сервере.
[23:59:7] - [Инфо] Отправка данных в Спутник...
[23:59:7] - [Инфо] task status: success, task time status: success
[23:59:7] - [Инфо] SputnikTaskID: 34254
[23:59:8] - [Инфо] comment id: 171807, task comment status: success
[23:59:8] - [Инфо] Сущность с ID: 3262 обработана на сервере.
[23:59:8] - [Инфо] comment id: 171808, task comment status: success
[23:59:8] - [Инфо] Отправка данных в Спутник...
[23:59:8] - [Инфо] task status: success, task time status: success
[23:59:8] - [Инфо] SputnikTaskID: 34255
[23:59:8] - [Инфо] comment id: 171809, task comment status: success
[23:59:8] - [Инфо] comment id: 171810, task comment status: success
[23:59:8] - [Инфо] Сущность с ID: 3263 обработана на сервере.
[23:59:8] - [Инфо] Отправка данных в Спутник...
[23:59:8] - [Инфо] task status: success, task time status: success
[23:59:8] - [Инфо] SputnikTaskID: 34256
[23:59:9] - [Инфо] comment id: 171811, task comment status: success
[23:59:9] - [Инфо] 3264
[23:59:9] - [Инфо] [LOG] Заявка не является завершенной (OkDesk ID: 3264) Пропуск...
[23:59:9] - [Инфо] Сущность с ID: 3265 обработана на сервере.
[23:59:9] - [Инфо] Отправка данных в Спутник...
[23:59:9] - [Инфо] task status: success, task time status: success
[23:59:9] - [Инфо] SputnikTaskID: 34257
[23:59:10] - [Инфо] comment id: 171812, task comment status: success
[23:59:10] - [Инфо] comment id: 171813, task comment status: success
[23:59:10] - [Инфо] Сущность с ID: 3266 обработана на сервере.
[23:59:10] - [Инфо] Отправка данных в Спутник...
[23:59:10] - [Инфо] task status: success, task time status: success
[23:59:10] - [Инфо] SputnikTaskID: 34258
[23:59:10] - [Инфо] comment id: 171814, task comment status: success
[23:59:10] - [Инфо] Сущность с ID: 3267 обработана на сервере.
[23:59:10] - Записи 3268 не существует, пожалуйста исправьте ошибку[23:59:10] - [Инфо] DEBUG: Записи 3268 не существует
[23:59:10] - [Инфо] Отправка данных в Спутник...
[23:59:10] - [Инфо] task status: success, task time status: success
[23:59:10] - [Инфо] SputnikTaskID: 34259
[23:59:10] - Записи 3269 не существует, пожалуйста исправьте ошибку[23:59:11] - [Инфо] DEBUG: Записи 3269 не существует
[23:59:11] - Записи 3270 не существует, пожалуйста исправьте ошибку[23:59:11] - [Инфо] comment id: 171815, task comment status: success
[23:59:11] - [Инфо] DEBUG: Записи 3270 не существует
[23:59:11] - [Инфо] comment id: 171816, task comment status: success
[23:59:11] - Записи 3271 не существует, пожалуйста исправьте ошибку[23:59:11] - [Инфо] DEBUG: Записи 3271 не существует
[23:59:11] - Записи 3272 не существует, пожалуйста исправьте ошибку[23:59:11] - [Инфо] DEBUG: Записи 3272 не существует
[23:59:11] - Записи 3273 не существует, пожалуйста исправьте ошибку[23:59:11] - [Инфо] DEBUG: Записи 3273 не существует
[23:59:11] - Записи 3274 не существует, пожалуйста исправьте ошибку[23:59:11] - [Инфо] DEBUG: Записи 3274 не существует
[23:59:12] - Записи 3275 не существует, пожалуйста исправьте ошибку[23:59:12] - [Инфо] DEBUG: Записи 3275 не существует
[23:59:12] - Записи 3276 не существует, пожалуйста исправьте ошибку[23:59:12] - [Инфо] DEBUG: Записи 3276 не существует
[23:59:12] - Записи 3277 не существует, пожалуйста исправьте ошибку[23:59:12] - [Инфо] DEBUG: Записи 3277 не существует
[23:59:12] - Записи 3278 не существует, пожалуйста исправьте ошибку[23:59:12] - [Инфо] DEBUG: Записи 3278 не существует
[23:59:12] - Записи 3279 не существует, пожалуйста исправьте ошибку[23:59:12] - [Инфо] DEBUG: Записи 3279 не существует
[23:59:12] - Записи 3280 не существует, пожалуйста исправьте ошибку[23:59:12] - [Инфо] DEBUG: Записи 3280 не существует
[23:59:13] - Записи 3281 не существует, пожалуйста исправьте ошибку[23:59:13] - [Инфо] DEBUG: Записи 3281 не существует
[23:59:13] - [Инфо] Начало автоматической выгрузки данных
[23:59:13] - [Инфо] Developer - Mkrtchyan Martun <mart@kassa26.ru>
[23:59:13] - [Инфо] [OkDesk] Файл: '2589-2589data.json' - уже существует в 'data/okdesk'
[23:59:13] - [Инфо] [LOG] Заявка не является завершенной (OkDesk ID: 2589) Пропуск...
[23:59:13] - [Инфо] Developer - Mkrtchyan Martun <mart@kassa26.ru>
[23:59:13] - [Инфо] [OkDesk] Файл: '2702-2702data.json' - уже существует в 'data/okdesk'
[23:59:13] - [Инфо] [LOG] Заявка не является завершенной (OkDesk ID: 2702) Пропуск...
[23:59:13] - [Инфо] Developer - Mkrtchyan Martun <mart@kassa26.ru>
[23:59:13] - [Инфо] [OkDesk] Файл: '2821-2821data.json' - уже существует в 'data/okdesk'
[23:59:14] - [Инфо] [LOG] Заявка не является завершенной (OkDesk ID: 2821) Пропуск...
[23:59:14] - [Инфо] Developer - Mkrtchyan Martun <mart@kassa26.ru>
[23:59:14] - [Инфо] [OkDesk] Файл: '2845-2845data.json' - уже существует в 'data/okdesk'
[23:59:14] - [Инфо] [LOG] Заявка не является завершенной (OkDesk ID: 2845) Пропуск...
[23:59:14] - [Инфо] Developer - Mkrtchyan Martun <mart@kassa26.ru>
[23:59:14] - [Инфо] [OkDesk] Файл: '3022-3022data.json' - уже существует в 'data/okdesk'
[23:59:14] - [Инфо] [LOG] Заявка не является завершенной (OkDesk ID: 3022) Пропуск...
[23:59:14] - [Инфо] Developer - Mkrtchyan Martun <mart@kassa26.ru>
[23:59:14] - [Инфо] [OkDesk] Файл: '3236-3236data.json' - уже существует в 'data/okdesk'
[23:59:15] - [Инфо] [LOG] Заявка не является завершенной (OkDesk ID: 3236) Пропуск...
[23:59:15] - [Инфо] Developer - Mkrtchyan Martun <mart@kassa26.ru>
[23:59:15] - [Инфо] Сущность с ID: 3249 обработана на сервере.
[23:59:15] - [Инфо] Отправка данных в Спутник...
[23:59:15] - [Инфо] task status: success, task time status: success
[23:59:15] - [Инфо] SputnikTaskID: 34260
[23:59:16] - [Инфо] comment id: 171817, task comment status: success
[23:59:16] - [Инфо] comment id: 171818, task comment status: success
[23:59:16] - [Инфо] comment id: 171819, task comment status: success
