[23:59:0] - [Инфо] Начало цикла след. последовательности
[23:59:0] - [Инфо] Developer - Mkrtchyan Martun <mart@kassa26.ru>
[23:59:1] - Заявка уже была ранее выгружена. (OkDesk ID: 1721), пожалуйста исправьте ошибку[23:59:2] - [Инфо] [LOG] Заявка не является завершенной (OkDesk ID: 1722) Пропуск...
[23:59:2] - [Инфо] Сущность с ID: 1723 обработана на сервере.
[23:59:3] - [Инфо] Отправка данных в Спутник...
[23:59:3] - [Инфо] task status: success, task time status: success
[23:59:3] - [Инфо] SputnikTaskID: 31429
[23:59:3] - Не найдено ID клиента (OkDesk ID: 1724) Пропуск..., пожалуйста исправьте ошибку[23:59:3] - [Инфо] comment id: 157556, task comment status: success
[23:59:3] - [Инфо] comment id: 157557, task comment status: success
[23:59:4] - [Инфо] Сущность с ID: 1725 обработана на сервере.
[23:59:4] - [Инфо] Отправка данных в Спутник...
[23:59:4] - [Инфо] task status: success, task time status: success
[23:59:4] - [Инфо] SputnikTaskID: 31430
[23:59:4] - [Инфо] comment id: 157558, task comment status: success
[23:59:4] - [Инфо] Сущность с ID: 1726 обработана на сервере.
[23:59:4] - [Инфо] comment id: 157559, task comment status: success
[23:59:4] - [Инфо] comment id: 157560, task comment status: success
[23:59:5] - [Инфо] Отправка данных в Спутник...
[23:59:5] - [Инфо] task status: success, task time status: success
[23:59:5] - [Инфо] SputnikTaskID: 31431
[23:59:5] - [Инфо] comment id: 157561, task comment status: success
[23:59:5] - [Инфо] comment id: 157562, task comment status: success
[23:59:5] - [Инфо] comment id: 157563, task comment status: success
[23:59:5] - [Инфо] Сущность с ID: 1727 обработана на сервере.
[23:59:5] - [Инфо] comment id: 157564, task comment status: success
[23:59:5] - [Инфо] comment id: 157565, task comment status: success
[23:59:5] - [Инфо] comment id: 157566, task comment status: success
[23:59:5] - [Инфо] Отправка данных в Спутник...
[23:59:5] - [Инфо] task status: success, task time status: success
[23:59:5] - [Инфо] SputnikTaskID: 31432
[23:59:5] - [Инфо] comment id: 157567, task comment status: success
[23:59:5] - [Инфо] Сущность с ID: 1728 обработана на сервере.
[23:59:6] - [Инфо] comment id: 157568, task comment status: success
[23:59:6] - [Инфо] comment id: 157569, task comment status: success
[23:59:6] - [Инфо] Отправка данных в Спутник...
[23:59:6] - [Инфо] task status: success, task time status: success
[23:59:6] - [Инфо] SputnikTaskID: 31433
[23:59:6] - [Инфо] comment id: 157570, task comment status: success
[23:59:6] - [Инфо] comment id: 157571, task comment status: success
[23:59:6] - [Инфо] 1729
[23:59:6] - [Инфо] [LOG] Заявка не является завершенной (OkDesk ID: 1729) Пропуск...
[23:59:6] - [Инфо] comment id: 157572, task comment status: success
[23:59:6] - [Инфо] comment id: 157573, task comment status: success
[23:59:6] - [Инфо] comment id: 157574, task comment status: success
[23:59:7] - [Инфо] Сущность с ID: 1730 обработана на сервере.
[23:59:7] - [Инфо] Отправка данных в Спутник...
[23:59:7] - [Инфо] task status: success, task time status: success
[23:59:7] - [Инфо] SputnikTaskID: 31434
[23:59:7] - [Инфо] comment id: 157575, task comment status: success
[23:59:7] - [Инфо] comment id: 157576, task comment status: success
[23:59:7] - [Инфо] Сущность с ID: 1731 обработана на сервере.
[23:59:7] - [Инфо] Отправка данных в Спутник...
[23:59:7] - [Инфо] task status: success, task time status: success
[23:59:7] - [Инфо] SputnikTaskID: 31435
[23:59:8] - [Инфо] comment id: 157577, task comment status: success
[23:59:8] - [Инфо] Сущность с ID: 1732 обработана на сервере.
[23:59:8] - [Инфо] Отправка данных в Спутник...
[23:59:8] - [Инфо] task status: success, task time status: success
[23:59:8] - [Инфо] SputnikTaskID: 31436
[23:59:8] - [Инфо] comment id: 157578, task comment status: success
[23:59:9] - [Инфо] Сущность с ID: 1733 обработана на сервере.
[23:59:9] - [Инфо] Отправка данных в Спутник...
[23:59:9] - [Инфо] task status: success, task time status: success
[23:59:9] - [Инфо] SputnikTaskID: 31437
[23:59:9] - [Инфо] comment id: 157579, task comment status: success
[23:59:9] - [Инфо] Сущность с ID: 1734 обработана на сервере.
[23:59:9] - [Инфо] Отправка данных в Спутник...
[23:59:9] - [Инфо] task status: success, task time status: success
[23:59:9] - [Инфо] SputnikTaskID: 31438
[23:59:10] - [Инфо] comment id: 157580, task comment status: success
[23:59:10] - [Инфо] Сущность с ID: 1735 обработана на сервере.
[23:59:10] - [Инфо] Отправка данных в Спутник...
[23:59:10] - [Инфо] task status: success, task time status: success
[23:59:10] - [Инфо] SputnikTaskID: 31439
[23:59:10] - [Инфо] comment id: 157581, task comment status: success
[23:59:11] - [Инфо] Сущность с ID: 1736 обработана на сервере.
[23:59:11] - [Инфо] Отправка данных в Спутник...
[23:59:11] - [Инфо] task status: success, task time status: success
[23:59:11] - [Инфо] SputnikTaskID: 31440
[23:59:11] - [Инфо] comment id: 157582, task comment status: success
[23:59:11] - [Инфо] Сущность с ID: 1737 обработана на сервере.
[23:59:12] - [Инфо] 1738
[23:59:12] - [Инфо] [LOG] Заявка не является завершенной (OkDesk ID: 1738) Пропуск...
[23:59:12] - Записи 1739 не существует, пожалуйста исправьте ошибку[23:59:12] - [Инфо] Начало автоматической выгрузки данных
[23:59:12] - [Инфо] Developer - Mkrtchyan Martun <mart@kassa26.ru>
[23:59:12] - [Инфо] [OkDesk] Файл: '1086-1086data.json' - уже существует в 'data/okdesk'
[23:59:12] - [Инфо] [LOG] Заявка не является завершенной (OkDesk ID: 1086) Пропуск...
[23:59:12] - [Инфо] Developer - Mkrtchyan Martun <mart@kassa26.ru>
[23:59:12] - [Инфо] [OkDesk] Файл: '1178-1178data.json' - уже существует в 'data/okdesk'
[23:59:12] - [Инфо] [LOG] Заявка не является завершенной (OkDesk ID: 1178) Пропуск...
[23:59:12] - [Инфо] Developer - Mkrtchyan Martun <mart@kassa26.ru>
[23:59:12] - [Инфо] [OkDesk] Файл: '1197-1197data.json' - уже существует в 'data/okdesk'
[23:59:13] - [Инфо] [LOG] Заявка не является завершенной (OkDesk ID: 1197) Пропуск...
[23:59:13] - [Инфо] Developer - Mkrtchyan Martun <mart@kassa26.ru>
[23:59:13] - [Инфо] [OkDesk] Файл: '1287-1287data.json' - уже существует в 'data/okdesk'
[23:59:13] - [Инфо] [LOG] Заявка не является завершенной (OkDesk ID: 1287) Пропуск...
[23:59:13] - [Инфо] Developer - Mkrtchyan Martun <mart@kassa26.ru>
[23:59:13] - [Инфо] [OkDesk] Файл: '1344-1344data.json' - уже существует в 'data/okdesk'
[23:59:13] - [Инфо] [LOG] Заявка не является завершенной (OkDesk ID: 1344) Пропуск...
[23:59:13] - [Инфо] Developer - Mkrtchyan Martun <mart@kassa26.ru>
[23:59:13] - [Инфо] [OkDesk] Файл: '1396-1396data.json' - уже существует в 'data/okdesk'
[23:59:14] - [Инфо] [LOG] Заявка не является завершенной (OkDesk ID: 1396) Пропуск...
[23:59:14] - [Инфо] Developer - Mkrtchyan Martun <mart@kassa26.ru>
[23:59:14] - [Инфо] [OkDesk] Файл: '1399-1399data.json' - уже существует в 'data/okdesk'
[23:59:14] - [Инфо] [LOG] Заявка не является завершенной (OkDesk ID: 1399) Пропуск...
[23:59:14] - [Инфо] Developer - Mkrtchyan Martun <mart@kassa26.ru>
[23:59:14] - [Инфо] [OkDesk] Файл: '1422-1422data.json' - уже существует в 'data/okdesk'
[23:59:15] - [Инфо] [LOG] Заявка не является завершенной (OkDesk ID: 1422) Пропуск...
[23:59:15] - [Инфо] Developer - Mkrtchyan Martun <mart@kassa26.ru>
[23:59:15] - [Инфо] [OkDesk] Файл: '1477-1477data.json' - уже существует в 'data/okdesk'
[23:59:15] - [Инфо] [LOG] Заявка не является завершенной (OkDesk ID: 1477) Пропуск...
[23:59:15] - [Инфо] Developer - Mkrtchyan Martun <mart@kassa26.ru>
[23:59:15] - [Инфо] [OkDesk] Файл: '1505-1505data.json' - уже существует в 'data/okdesk'
[23:59:15] - [Инфо] [LOG] Заявка не является завершенной (OkDesk ID: 1505) Пропуск...
[23:59:15] - [Инфо] Developer - Mkrtchyan Martun <mart@kassa26.ru>
[23:59:15] - [Инфо] [OkDesk] Файл: '1510-1510data.json' - уже существует в 'data/okdesk'
[23:59:16] - [Инфо] [LOG] Заявка не является завершенной (OkDesk ID: 1510) Пропуск...
[23:59:16] - [Инфо] Developer - Mkrtchyan Martun <mart@kassa26.ru>
[23:59:16] - [Инфо] [OkDesk] Файл: '1542-1542data.json' - уже существует в 'data/okdesk'
[23:59:16] - [Инфо] [LOG] Заявка не является завершенной (OkDesk ID: 1542) Пропуск...
[23:59:16] - [Инфо] Developer - Mkrtchyan Martun <mart@kassa26.ru>
[23:59:16] - [Инфо] [OkDesk] Файл: '1549-1549data.json' - уже существует в 'data/okdesk'
[23:59:16] - [Инфо] [LOG] Заявка не является завершенной (OkDesk ID: 1549) Пропуск...
[23:59:16] - [Инфо] Developer - Mkrtchyan Martun <mart@kassa26.ru>
[23:59:16] - [Инфо] [OkDesk] Файл: '1555-1555data.json' - уже существует в 'data/okdesk'
[23:59:17] - [Инфо] [LOG] Заявка не является завершенной (OkDesk ID: 1555) Пропуск...
[23:59:17] - [Инфо] Developer - Mkrtchyan Martun <mart@kassa26.ru>
[23:59:17] - [Инфо] [OkDesk] Файл: '1593-1593data.json' - уже существует в 'data/okdesk'
[23:59:17] - [Инфо] [LOG] Заявка не является завершенной (OkDesk ID: 1593) Пропуск...
[23:59:17] - [Инфо] Developer - Mkrtchyan Martun <mart@kassa26.ru>
[23:59:17] - [Инфо] [OkDesk] Файл: '1607-1607data.json' - уже существует в 'data/okdesk'
[23:59:18] - [Инфо] [LOG] Заявка не является завершенной (OkDesk ID: 1607) Пропуск...
[23:59:18] - [Инфо] Developer - Mkrtchyan Martun <mart@kassa26.ru>
[23:59:18] - [Инфо] [OkDesk] Файл: '1614-1614data.json' - уже существует в 'data/okdesk'
[23:59:18] - [Инфо] [LOG] Заявка не является завершенной (OkDesk ID: 1614) Пропуск...
[23:59:18] - [Инфо] Developer - Mkrtchyan Martun <mart@kassa26.ru>
[23:59:18] - [Инфо] [OkDesk] Файл: '1635-1635data.json' - уже существует в 'data/okdesk'
[23:59:18] - [Инфо] [LOG] Заявка не является завершенной (OkDesk ID: 1635) Пропуск...
[23:59:18] - [Инфо] Developer - Mkrtchyan Martun <mart@kassa26.ru>
[23:59:18] - [Инфо] [OkDesk] Файл: '1653-1653data.json' - уже существует в 'data/okdesk'
[23:59:19] - [Инфо] [LOG] Заявка не является завершенной (OkDesk ID: 1653) Пропуск...
[23:59:19] - [Инфо] Developer - Mkrtchyan Martun <mart@kassa26.ru>
[23:59:19] - [Инфо] [OkDesk] Файл: '1705-1705data.json' - уже существует в 'data/okdesk'
[23:59:19] - [Инфо] [LOG] Заявка не является завершенной (OkDesk ID: 1705) Пропуск...
[23:59:19] - [Инфо] Developer - Mkrtchyan Martun <mart@kassa26.ru>
[23:59:19] - [Инфо] [OkDesk] Файл: '1707-1707data.json' - уже существует в 'data/okdesk'
[23:59:20] - [Инфо] Сущность с ID: 1707 обработана на сервере.
[23:59:20] - [Инфо] Developer - Mkrtchyan Martun <mart@kassa26.ru>
[23:59:20] - [Инфо] [OkDesk] Файл: '1715-1715data.json' - уже существует в 'data/okdesk'
[23:59:20] - [Инфо] Отправка данных в Спутник...
[23:59:20] - [Инфо] task status: success, task time status: success
[23:59:20] - [Инфо] SputnikTaskID: 31441
[23:59:20] - [Инфо] comment id: 157583, task comment status: success
[23:59:20] - [Инфо] Сущность с ID: 1715 обработана на сервере.
[23:59:20] - [Инфо] Developer - Mkrtchyan Martun <mart@kassa26.ru>
[23:59:20] - [Инфо] Отправка данных в Спутник...
[23:59:20] - [Инфо] task status: success, task time status: success
[23:59:20] - [Инфо] SputnikTaskID: 31442
[23:59:21] - [Инфо] comment id: 157584, task comment status: success
[23:59:21] - [Инфо] [LOG] Заявка не является завершенной (OkDesk ID: 1719) Пропуск...
[23:59:21] - [Инфо] Developer - Mkrtchyan Martun <mart@kassa26.ru>
[23:59:21] - [Инфо] comment id: 157585, task comment status: success
[23:59:21] - [Инфо] [LOG] Заявка не является завершенной (OkDesk ID: 1720) Пропуск...
[23:59:21] - [Инфо] Developer - Mkrtchyan Martun <mart@kassa26.ru>
[23:59:22] - [Инфо] [LOG] Заявка не является завершенной (OkDesk ID: 1722) Пропуск...
