[10:41:56] - [Инфо] Developer - Mkrtchyan Martun <mart@kassa26.ru>
[10:41:56] - [Инфо] [OkDesk] Файл: '2077-2077data.json' - уже существует в 'data/okdesk'
[10:41:57] - [Инфо] Сущность с ID: 2077 обработана на сервере.
[10:41:57] - [Инфо] Отправка данных в Спутник...
[10:41:57] - [Инфо] task status: success, task time status: success
[10:41:57] - [Инфо] SputnikTaskID: 32554
[10:41:57] - [Инфо] comment id: 163890, task comment status: success
[10:41:57] - [Инфо] comment id: 163891, task comment status: success
[10:48:0] - [Инфо] Начало цикла след. последовательности
[10:48:0] - [Инфо] Developer - Mkrtchyan Martun <mart@kassa26.ru>
[10:48:1] - Записи 2337 не существует, пожалуйста исправьте ошибку[10:48:1] - [Инфо] Начало автоматической выгрузки данных
[10:49:0] - [Инфо] Начало цикла след. последовательности
[10:49:0] - [Инфо] Developer - Mkrtchyan Martun <mart@kassa26.ru>
[10:49:0] - Записи 2337 не существует, пожалуйста исправьте ошибку[10:49:0] - [Инфо] Начало автоматической выгрузки данных
[11:10:0] - [Инфо] Начало цикла след. последовательности
[11:10:0] - [Инфо] Developer - Mkrtchyan Martun <mart@kassa26.ru>
[11:10:0] - Записи 2337 не существует, пожалуйста исправьте ошибку[11:10:1] - DEBUG: Записи 2337 не существует, пожалуйста исправьте ошибку[11:10:1] - [Инфо] ERROR
[11:10:1] - [Инфо] Начало автоматической выгрузки данных
[11:11:0] - [Инфо] Начало цикла след. последовательности
[11:11:0] - [Инфо] Developer - Mkrtchyan Martun <mart@kassa26.ru>
[11:11:0] - [Инфо] [OkDesk] Файл: '2337-2361data.json' - уже существует в 'data/okdesk'
[11:11:0] - Записи 2337 не существует, пожалуйста исправьте ошибку[11:11:0] - DEBUG: Записи 2337 не существует, пожалуйста исправьте ошибку[11:11:0] - [Инфо] ERROR
[11:11:0] - Записи 2337 не существует, пожалуйста исправьте ошибку[11:11:2] - DEBUG: Записи 2337 не существует, пожалуйста исправьте ошибку[11:11:2] - [Инфо] ERROR
[11:11:2] - [Инфо] Начало автоматической выгрузки данных
[11:12:0] - [Инфо] Начало цикла след. последовательности
[11:12:0] - [Инфо] Developer - Mkrtchyan Martun <mart@kassa26.ru>
[11:12:0] - [Инфо] [OkDesk] Файл: '2337-2361data.json' - уже существует в 'data/okdesk'
[11:12:0] - Записи 2337 не существует, пожалуйста исправьте ошибку[11:12:0] - DEBUG: Записи 2337 не существует, пожалуйста исправьте ошибку[11:12:0] - [Инфо] ERROR
[11:12:1] - Записи 2337 не существует, пожалуйста исправьте ошибку[11:12:1] - DEBUG: Записи 2337 не существует, пожалуйста исправьте ошибку[11:12:1] - [Инфо] ERROR
[11:12:1] - [Инфо] Начало автоматической выгрузки данных
[11:13:0] - [Инфо] Начало цикла след. последовательности
[11:13:0] - [Инфо] Developer - Mkrtchyan Martun <mart@kassa26.ru>
[11:13:0] - [Инфо] [OkDesk] Файл: '2337-2361data.json' - уже существует в 'data/okdesk'
[11:13:0] - Записи 2337 не существует, пожалуйста исправьте ошибку[11:13:0] - [Инфо] DEBUG: Записи 2337 не существует
[11:13:1] - [Инфо] Сущность с ID: 2338 обработана на сервере.
[11:13:1] - [Инфо] 2339
[11:13:1] - [Инфо] [LOG] Заявка не является завершенной (OkDesk ID: 2339) Пропуск...
[11:13:1] - [Инфо] Отправка данных в Спутник...
[11:13:1] - [Инфо] task status: success, task time status: success
[11:13:1] - [Инфо] SputnikTaskID: 32556
[11:13:2] - [Инфо] Сущность с ID: 2340 обработана на сервере.
[11:13:2] - [Инфо] comment id: 163893, task comment status: success
[11:13:2] - [Инфо] comment id: 163894, task comment status: success
[11:13:2] - [Инфо] Отправка данных в Спутник...
[11:13:2] - [Инфо] task status: success, task time status: success
[11:13:2] - [Инфо] SputnikTaskID: 32557
[11:13:2] - [Инфо] Сущность с ID: 2341 обработана на сервере.
[11:13:2] - [Инфо] comment id: 163895, task comment status: success
[11:13:2] - [Инфо] Отправка данных в Спутник...
[11:13:2] - [Инфо] task status: success, task time status: success
[11:13:2] - [Инфо] SputnikTaskID: 32558
[11:13:2] - [Инфо] Сущность с ID: 2342 обработана на сервере.
[11:13:2] - [Инфо] comment id: 163896, task comment status: success
[11:13:3] - [Инфо] comment id: 163897, task comment status: success
[11:13:3] - [Инфо] Отправка данных в Спутник...
[11:13:3] - [Инфо] task status: success, task time status: success
[11:13:3] - [Инфо] SputnikTaskID: 32559
[11:13:3] - [Инфо] comment id: 163898, task comment status: success
[11:13:3] - [Инфо] Сущность с ID: 2343 обработана на сервере.
[11:13:3] - [Инфо] Отправка данных в Спутник...
[11:13:3] - [Инфо] task status: success, task time status: success
[11:13:3] - [Инфо] SputnikTaskID: 32560
[11:13:3] - [Инфо] Сущность с ID: 2344 обработана на сервере.
[11:13:3] - [Инфо] comment id: 163899, task comment status: success
[11:13:4] - [Инфо] comment id: 163900, task comment status: success
[11:13:4] - [Инфо] comment id: 163901, task comment status: success
[11:13:4] - [Инфо] Отправка данных в Спутник...
[11:13:4] - [Инфо] task status: success, task time status: success
[11:13:4] - [Инфо] SputnikTaskID: 32561
[11:13:4] - [Инфо] Сущность с ID: 2345 обработана на сервере.
[11:13:4] - [Инфо] comment id: 163902, task comment status: success
[11:13:4] - [Инфо] Отправка данных в Спутник...
[11:13:4] - [Инфо] task status: success, task time status: success
[11:13:4] - [Инфо] SputnikTaskID: 32562
[11:13:4] - [Инфо] Сущность с ID: 2346 обработана на сервере.
[11:13:4] - [Инфо] comment id: 163903, task comment status: success
[11:13:5] - [Инфо] comment id: 163904, task comment status: success
[11:13:5] - [Инфо] Отправка данных в Спутник...
[11:13:5] - [Инфо] task status: success, task time status: success
[11:13:5] - [Инфо] SputnikTaskID: 32563
[11:13:5] - [Инфо] Сущность с ID: 2347 обработана на сервере.
[11:13:5] - [Инфо] comment id: 163905, task comment status: success
[11:13:5] - [Инфо] Отправка данных в Спутник...
[11:13:5] - [Инфо] task status: success, task time status: success
[11:13:5] - [Инфо] SputnikTaskID: 32564
[11:13:5] - [Инфо] Сущность с ID: 2348 обработана на сервере.
[11:13:5] - [Инфо] comment id: 163906, task comment status: success
[11:13:5] - [Инфо] Отправка данных в Спутник...
[11:13:5] - [Инфо] task status: success, task time status: success
[11:13:5] - [Инфо] SputnikTaskID: 32565
[11:13:6] - [Инфо] comment id: 163907, task comment status: success
[11:13:6] - [Инфо] Сущность с ID: 2349 обработана на сервере.
[11:13:6] - [Инфо] comment id: 163908, task comment status: success
[11:13:6] - [Инфо] Отправка данных в Спутник...
[11:13:6] - [Инфо] task status: success, task time status: success
[11:13:6] - [Инфо] SputnikTaskID: 32566
[11:13:6] - [Инфо] comment id: 163909, task comment status: success
[11:13:6] - [Инфо] Сущность с ID: 2350 обработана на сервере.
[11:13:6] - [Инфо] Отправка данных в Спутник...
[11:13:6] - [Инфо] task status: success, task time status: success
[11:13:6] - [Инфо] SputnikTaskID: 32567
[11:13:7] - [Инфо] Сущность с ID: 2351 обработана на сервере.
[11:13:7] - [Инфо] comment id: 163910, task comment status: success
[11:13:7] - [Инфо] Отправка данных в Спутник...
[11:13:7] - [Инфо] task status: success, task time status: success
[11:13:7] - [Инфо] SputnikTaskID: 32568
[11:13:7] - [Инфо] comment id: 163911, task comment status: success
[11:13:7] - [Инфо] comment id: 163912, task comment status: success
[11:13:7] - [Инфо] Сущность с ID: 2352 обработана на сервере.
[11:13:8] - [Инфо] Отправка данных в Спутник...
[11:13:8] - [Инфо] task status: success, task time status: success
[11:13:8] - [Инфо] SputnikTaskID: 32569
[11:13:8] - [Инфо] comment id: 163913, task comment status: success
[11:13:8] - [Инфо] comment id: 163914, task comment status: success
[11:13:9] - [Инфо] Сущность с ID: 2353 обработана на сервере.
[11:13:9] - [Инфо] Отправка данных в Спутник...
[11:13:9] - [Инфо] task status: success, task time status: success
[11:13:9] - [Инфо] SputnikTaskID: 32570
[11:13:10] - [Инфо] comment id: 163915, task comment status: success
[11:13:10] - [Инфо] Сущность с ID: 2354 обработана на сервере.
[11:13:10] - [Инфо] Отправка данных в Спутник...
[11:13:10] - [Инфо] task status: success, task time status: success
[11:13:10] - [Инфо] SputnikTaskID: 32571
[11:13:11] - [Инфо] Сущность с ID: 2355 обработана на сервере.
[11:13:11] - [Инфо] comment id: 163916, task comment status: success
[11:13:11] - [Инфо] comment id: 163917, task comment status: success
[11:13:11] - [Инфо] Отправка данных в Спутник...
[11:13:11] - [Инфо] task status: success, task time status: success
[11:13:11] - [Инфо] SputnikTaskID: 32572
[11:13:12] - [Инфо] Сущность с ID: 2356 обработана на сервере.
[11:13:12] - [Инфо] Отправка данных в Спутник...
[11:13:12] - [Инфо] task status: success, task time status: success
[11:13:12] - [Инфо] SputnikTaskID: 32573
[11:13:12] - [Инфо] comment id: 163918, task comment status: success
[11:13:12] - [Инфо] Сущность с ID: 2357 обработана на сервере.
[11:13:12] - [Инфо] Отправка данных в Спутник...
[11:13:12] - [Инфо] task status: success, task time status: success
[11:13:12] - [Инфо] SputnikTaskID: 32574
[11:13:13] - [Инфо] comment id: 163919, task comment status: success
[11:13:13] - [Инфо] comment id: 163920, task comment status: success
[11:13:14] - [Инфо] comment id: 163921, task comment status: success
[11:13:14] - [Инфо] Сущность с ID: 2358 обработана на сервере.
[11:13:14] - [Инфо] Отправка данных в Спутник...
[11:13:14] - [Инфо] task status: success, task time status: success
[11:13:14] - [Инфо] SputnikTaskID: 32575
[11:13:14] - [Инфо] comment id: 163922, task comment status: success
[11:13:15] - [Инфо] Сущность с ID: 2359 обработана на сервере.
[11:13:15] - [Инфо] Отправка данных в Спутник...
[11:13:15] - [Инфо] task status: success, task time status: success
[11:13:15] - [Инфо] SputnikTaskID: 32576
[11:13:15] - [Инфо] comment id: 163923, task comment status: success
[11:13:15] - [Инфо] comment id: 163924, task comment status: success
[11:13:16] - [Инфо] Сущность с ID: 2360 обработана на сервере.
[11:13:16] - [Инфо] Сущность с ID: 2361 обработана на сервере.
[11:13:16] - [Инфо] Начало автоматической выгрузки данных
[11:13:16] - [Инфо] Отправка данных в Спутник...
[11:13:16] - [Инфо] task status: success, task time status: success
[11:13:16] - [Инфо] SputnikTaskID: 32577
[11:13:17] - [Инфо] comment id: 163925, task comment status: success
[11:14:0] - [Инфо] Начало цикла след. последовательности
[11:14:0] - [Инфо] Developer - Mkrtchyan Martun <mart@kassa26.ru>
[11:14:2] - [Инфо] Сущность с ID: 2362 обработана на сервере.
[11:14:3] - [Инфо] Отправка данных в Спутник...
[11:14:3] - [Инфо] task status: success, task time status: success
[11:14:3] - [Инфо] SputnikTaskID: 32578
[11:14:3] - [Инфо] Сущность с ID: 2363 обработана на сервере.
[11:14:3] - [Инфо] Отправка данных в Спутник...
[11:14:3] - [Инфо] task status: success, task time status: success
[11:14:3] - [Инфо] SputnikTaskID: 32579
[11:14:3] - [Инфо] comment id: 163926, task comment status: success
[11:14:6] - [Инфо] Сущность с ID: 2364 обработана на сервере.
[11:14:6] - [Инфо] Отправка данных в Спутник...
[11:14:6] - [Инфо] task status: success, task time status: success
[11:14:6] - [Инфо] SputnikTaskID: 32580
[11:14:6] - [Инфо] comment id: 163927, task comment status: success
[11:14:6] - [Инфо] Сущность с ID: 2365 обработана на сервере.
[11:14:6] - [Инфо] Отправка данных в Спутник...
[11:14:6] - [Инфо] task status: success, task time status: success
[11:14:6] - [Инфо] SputnikTaskID: 32581
[11:14:7] - [Инфо] Сущность с ID: 2366 обработана на сервере.
[11:14:7] - [Инфо] comment id: 163928, task comment status: success
[11:14:7] - [Инфо] Отправка данных в Спутник...
[11:14:7] - [Инфо] task status: success, task time status: success
[11:14:7] - [Инфо] SputnikTaskID: 32582
[11:14:7] - [Инфо] comment id: 163929, task comment status: success
[11:14:7] - [Инфо] comment id: 163930, task comment status: success
[11:14:8] - [Инфо] comment id: 163931, task comment status: success
[11:14:8] - [Инфо] comment id: 163932, task comment status: success
[11:14:9] - [Инфо] Сущность с ID: 2367 обработана на сервере.
[11:14:9] - [Инфо] Отправка данных в Спутник...
[11:14:9] - [Инфо] task status: success, task time status: success
[11:14:9] - [Инфо] SputnikTaskID: 32583
[11:14:9] - [Инфо] comment id: 163933, task comment status: success
[11:14:9] - [Инфо] comment id: 163934, task comment status: success
[11:14:11] - [Инфо] Сущность с ID: 2368 обработана на сервере.
[11:14:11] - [Инфо] Отправка данных в Спутник...
[11:14:11] - [Инфо] task status: success, task time status: success
[11:14:11] - [Инфо] SputnikTaskID: 32584
[11:14:12] - [Инфо] 2369
[11:14:12] - [Инфо] [LOG] Заявка не является завершенной (OkDesk ID: 2369) Пропуск...
[11:14:12] - [Инфо] comment id: 163935, task comment status: success
[11:14:12] - [Инфо] comment id: 163936, task comment status: success
[11:14:12] - [Инфо] 2370
[11:14:12] - [Инфо] [LOG] Заявка не является завершенной (OkDesk ID: 2370) Пропуск...
[11:14:13] - [Инфо] Сущность с ID: 2371 обработана на сервере.
[11:14:14] - [Инфо] Отправка данных в Спутник...
[11:14:14] - [Инфо] task status: success, task time status: success
[11:14:14] - [Инфо] SputnikTaskID: 32585
[11:14:14] - [Инфо] comment id: 163937, task comment status: success
[11:14:14] - [Инфо] Сущность с ID: 2372 обработана на сервере.
[11:14:14] - [Инфо] comment id: 163938, task comment status: success
[11:14:14] - [Инфо] Отправка данных в Спутник...
[11:14:14] - [Инфо] task status: success, task time status: success
[11:14:14] - [Инфо] SputnikTaskID: 32586
[11:14:14] - [Инфо] Сущность с ID: 2373 обработана на сервере.
[11:14:14] - Записи 2374 не существует, пожалуйста исправьте ошибку[11:14:15] - [Инфо] Отправка данных в Спутник...
[11:14:15] - [Инфо] task status: success, task time status: success
[11:14:15] - [Инфо] SputnikTaskID: 32587
[11:14:15] - [Инфо] DEBUG: Записи 2374 не существует
[11:14:15] - [Инфо] comment id: 163939, task comment status: success
[11:14:16] - [Инфо] comment id: 163940, task comment status: success
[11:14:16] - [Инфо] comment id: 163941, task comment status: success
[11:14:16] - [Инфо] comment id: 163942, task comment status: success
[11:14:16] - [Инфо] 2375
[11:14:16] - [Инфо] [LOG] Заявка не является завершенной (OkDesk ID: 2375) Пропуск...
[11:14:16] - [Инфо] Сущность с ID: 2376 обработана на сервере.
[11:14:16] - [Инфо] Отправка данных в Спутник...
[11:14:16] - [Инфо] task status: success, task time status: success
[11:14:16] - [Инфо] SputnikTaskID: 32588
[11:14:17] - [Инфо] comment id: 163943, task comment status: success
[11:14:17] - [Инфо] Сущность с ID: 2377 обработана на сервере.
[11:14:17] - [Инфо] comment id: 163944, task comment status: success
[11:14:17] - [Инфо] Отправка данных в Спутник...
[11:14:17] - [Инфо] task status: success, task time status: success
[11:14:17] - [Инфо] SputnikTaskID: 32589
[11:14:17] - [Инфо] Сущность с ID: 2378 обработана на сервере.
[11:14:17] - [Инфо] comment id: 163945, task comment status: success
[11:14:17] - Записи 2379 не существует, пожалуйста исправьте ошибку[11:14:18] - [Инфо] Отправка данных в Спутник...
[11:14:18] - [Инфо] task status: success, task time status: success
[11:14:18] - [Инфо] SputnikTaskID: 32590
[11:14:18] - [Инфо] comment id: 163946, task comment status: success
[11:14:18] - [Инфо] DEBUG: Записи 2379 не существует
[11:14:18] - Записи 2380 не существует, пожалуйста исправьте ошибку[11:14:18] - [Инфо] DEBUG: Записи 2380 не существует
[11:14:18] - [Инфо] comment id: 163947, task comment status: success
[11:14:18] - Записи 2381 не существует, пожалуйста исправьте ошибку[11:14:18] - [Инфо] DEBUG: Записи 2381 не существует
[11:14:19] - [Инфо] comment id: 163948, task comment status: success
[11:14:19] - Записи 2382 не существует, пожалуйста исправьте ошибку[11:14:19] - [Инфо] DEBUG: Записи 2382 не существует
[11:14:19] - Записи 2383 не существует, пожалуйста исправьте ошибку[11:14:19] - [Инфо] DEBUG: Записи 2383 не существует
[11:14:19] - Записи 2384 не существует, пожалуйста исправьте ошибку[11:14:19] - [Инфо] DEBUG: Записи 2384 не существует
[11:14:19] - Записи 2385 не существует, пожалуйста исправьте ошибку[11:14:19] - [Инфо] DEBUG: Записи 2385 не существует
[11:14:19] - Записи 2386 не существует, пожалуйста исправьте ошибку[11:14:19] - [Инфо] DEBUG: Записи 2386 не существует
[11:14:19] - [Инфо] Начало автоматической выгрузки данных
[11:14:19] - [Инфо] Developer - Mkrtchyan Martun <mart@kassa26.ru>
[11:14:20] - [Инфо] [LOG] Заявка не является завершенной (OkDesk ID: 2339) Пропуск...
[11:15:0] - [Инфо] Начало цикла след. последовательности
[11:15:0] - [Инфо] Developer - Mkrtchyan Martun <mart@kassa26.ru>
[11:15:0] - Записи 2379 не существует, пожалуйста исправьте ошибку[11:15:0] - [Инфо] DEBUG: Записи 2379 не существует
[11:15:0] - Записи 2380 не существует, пожалуйста исправьте ошибку[11:15:0] - [Инфо] DEBUG: Записи 2380 не существует
[11:15:1] - Записи 2381 не существует, пожалуйста исправьте ошибку[11:15:1] - [Инфо] DEBUG: Записи 2381 не существует
[11:15:1] - Записи 2382 не существует, пожалуйста исправьте ошибку[11:15:4] - [Инфо] DEBUG: Записи 2382 не существует
[11:15:4] - Записи 2383 не существует, пожалуйста исправьте ошибку[11:15:4] - [Инфо] DEBUG: Записи 2383 не существует
[11:15:4] - Записи 2384 не существует, пожалуйста исправьте ошибку[11:15:6] - [Инфо] DEBUG: Записи 2384 не существует
[11:15:6] - Записи 2385 не существует, пожалуйста исправьте ошибку[11:15:6] - [Инфо] DEBUG: Записи 2385 не существует
[11:15:6] - Записи 2386 не существует, пожалуйста исправьте ошибку[11:15:6] - [Инфо] DEBUG: Записи 2386 не существует
[11:15:7] - Записи 2387 не существует, пожалуйста исправьте ошибку[11:15:8] - [Инфо] DEBUG: Записи 2387 не существует
[11:15:8] - Записи 2388 не существует, пожалуйста исправьте ошибку[11:15:8] - [Инфо] DEBUG: Записи 2388 не существует
[11:15:8] - Записи 2389 не существует, пожалуйста исправьте ошибку[11:15:8] - [Инфо] DEBUG: Записи 2389 не существует
[11:15:8] - Записи 2390 не существует, пожалуйста исправьте ошибку[11:15:9] - [Инфо] DEBUG: Записи 2390 не существует
[11:15:9] - Записи 2391 не существует, пожалуйста исправьте ошибку[11:15:9] - [Инфо] DEBUG: Записи 2391 не существует
[11:15:9] - Записи 2392 не существует, пожалуйста исправьте ошибку[11:15:9] - [Инфо] DEBUG: Записи 2392 не существует
[11:15:9] - Записи 2393 не существует, пожалуйста исправьте ошибку[11:15:12] - [Инфо] DEBUG: Записи 2393 не существует
[11:15:12] - Записи 2394 не существует, пожалуйста исправьте ошибку[11:15:12] - [Инфо] DEBUG: Записи 2394 не существует
[11:15:12] - Записи 2395 не существует, пожалуйста исправьте ошибку[11:15:12] - [Инфо] DEBUG: Записи 2395 не существует
[11:15:12] - Записи 2396 не существует, пожалуйста исправьте ошибку[11:15:13] - [Инфо] DEBUG: Записи 2396 не существует
[11:15:13] - Записи 2397 не существует, пожалуйста исправьте ошибку[11:15:13] - [Инфо] DEBUG: Записи 2397 не существует
[11:15:13] - Записи 2398 не существует, пожалуйста исправьте ошибку[11:15:13] - [Инфо] DEBUG: Записи 2398 не существует
[11:15:13] - Записи 2399 не существует, пожалуйста исправьте ошибку[11:15:13] - [Инфо] DEBUG: Записи 2399 не существует
[11:15:14] - Записи 2400 не существует, пожалуйста исправьте ошибку[11:15:14] - [Инфо] DEBUG: Записи 2400 не существует
[11:15:14] - Записи 2401 не существует, пожалуйста исправьте ошибку[11:15:14] - [Инфо] DEBUG: Записи 2401 не существует
[11:15:14] - Записи 2402 не существует, пожалуйста исправьте ошибку[11:15:14] - [Инфо] DEBUG: Записи 2402 не существует
[11:15:15] - Записи 2403 не существует, пожалуйста исправьте ошибку[11:15:15] - [Инфо] DEBUG: Записи 2403 не существует
[11:15:15] - [Инфо] Начало автоматической выгрузки данных
[11:15:15] - [Инфо] Developer - Mkrtchyan Martun <mart@kassa26.ru>
[11:15:15] - [Инфо] [OkDesk] Файл: '2339-2339data.json' - уже существует в 'data/okdesk'
[11:15:16] - [Инфо] [LOG] Заявка не является завершенной (OkDesk ID: 2339) Пропуск...
[11:15:16] - [Инфо] Developer - Mkrtchyan Martun <mart@kassa26.ru>
[11:15:16] - [Инфо] [LOG] Заявка не является завершенной (OkDesk ID: 2369) Пропуск...
[11:15:16] - [Инфо] Developer - Mkrtchyan Martun <mart@kassa26.ru>
[11:15:17] - [Инфо] [LOG] Заявка не является завершенной (OkDesk ID: 2370) Пропуск...
[11:15:17] - [Инфо] Developer - Mkrtchyan Martun <mart@kassa26.ru>
[11:15:17] - [Инфо] [LOG] Заявка не является завершенной (OkDesk ID: 2375) Пропуск...
[11:16:0] - [Инфо] Начало цикла след. последовательности
[11:16:0] - [Инфо] Developer - Mkrtchyan Martun <mart@kassa26.ru>
[11:16:0] - [Инфо] [OkDesk] Файл: '2379-2403data.json' - уже существует в 'data/okdesk'
[11:16:1] - Записи 2379 не существует, пожалуйста исправьте ошибку[11:16:1] - [Инфо] DEBUG: Записи 2379 не существует
[11:16:1] - Записи 2380 не существует, пожалуйста исправьте ошибку[11:16:1] - [Инфо] DEBUG: Записи 2380 не существует
[11:16:1] - Записи 2381 не существует, пожалуйста исправьте ошибку[11:16:1] - [Инфо] DEBUG: Записи 2381 не существует
[11:16:1] - Записи 2382 не существует, пожалуйста исправьте ошибку[11:16:1] - [Инфо] DEBUG: Записи 2382 не существует
[11:16:1] - Записи 2383 не существует, пожалуйста исправьте ошибку[11:16:1] - [Инфо] DEBUG: Записи 2383 не существует
[11:16:1] - Записи 2384 не существует, пожалуйста исправьте ошибку[11:16:1] - [Инфо] DEBUG: Записи 2384 не существует
[11:16:1] - Записи 2385 не существует, пожалуйста исправьте ошибку[11:16:2] - [Инфо] DEBUG: Записи 2385 не существует
[11:16:2] - Записи 2386 не существует, пожалуйста исправьте ошибку[11:16:2] - [Инфо] DEBUG: Записи 2386 не существует
[11:16:2] - Записи 2387 не существует, пожалуйста исправьте ошибку[11:16:2] - [Инфо] DEBUG: Записи 2387 не существует
[11:16:2] - Записи 2388 не существует, пожалуйста исправьте ошибку[11:16:2] - [Инфо] DEBUG: Записи 2388 не существует
[11:16:2] - Записи 2389 не существует, пожалуйста исправьте ошибку[11:16:2] - [Инфо] DEBUG: Записи 2389 не существует
[11:16:2] - Записи 2390 не существует, пожалуйста исправьте ошибку[11:16:3] - [Инфо] DEBUG: Записи 2390 не существует
[11:16:3] - Записи 2391 не существует, пожалуйста исправьте ошибку[11:16:3] - [Инфо] DEBUG: Записи 2391 не существует
[11:16:3] - Записи 2392 не существует, пожалуйста исправьте ошибку[11:16:3] - [Инфо] DEBUG: Записи 2392 не существует
[11:16:3] - Записи 2393 не существует, пожалуйста исправьте ошибку[11:16:3] - [Инфо] DEBUG: Записи 2393 не существует
[11:16:3] - Записи 2394 не существует, пожалуйста исправьте ошибку[11:16:4] - [Инфо] DEBUG: Записи 2394 не существует
[11:16:4] - Записи 2395 не существует, пожалуйста исправьте ошибку[11:16:4] - [Инфо] DEBUG: Записи 2395 не существует
[11:16:4] - Записи 2396 не существует, пожалуйста исправьте ошибку[11:16:5] - [Инфо] DEBUG: Записи 2396 не существует
[11:16:5] - Записи 2397 не существует, пожалуйста исправьте ошибку[11:16:5] - [Инфо] DEBUG: Записи 2397 не существует
[11:16:6] - Записи 2398 не существует, пожалуйста исправьте ошибку[11:16:6] - [Инфо] DEBUG: Записи 2398 не существует
[11:16:6] - Записи 2399 не существует, пожалуйста исправьте ошибку[11:16:6] - [Инфо] DEBUG: Записи 2399 не существует
[11:16:6] - Записи 2400 не существует, пожалуйста исправьте ошибку[11:16:6] - [Инфо] DEBUG: Записи 2400 не существует
[11:16:6] - Записи 2401 не существует, пожалуйста исправьте ошибку[11:16:6] - [Инфо] DEBUG: Записи 2401 не существует
[11:16:6] - Записи 2402 не существует, пожалуйста исправьте ошибку[11:16:6] - [Инфо] DEBUG: Записи 2402 не существует
[11:16:6] - Записи 2403 не существует, пожалуйста исправьте ошибку[11:16:6] - [Инфо] DEBUG: Записи 2403 не существует
[11:16:6] - [Инфо] Начало автоматической выгрузки данных
[11:16:6] - [Инфо] Developer - Mkrtchyan Martun <mart@kassa26.ru>
[11:16:6] - [Инфо] [OkDesk] Файл: '2339-2339data.json' - уже существует в 'data/okdesk'
[11:16:7] - [Инфо] [LOG] Заявка не является завершенной (OkDesk ID: 2339) Пропуск...
[11:16:7] - [Инфо] Developer - Mkrtchyan Martun <mart@kassa26.ru>
[11:16:7] - [Инфо] [OkDesk] Файл: '2369-2369data.json' - уже существует в 'data/okdesk'
[11:16:7] - [Инфо] [LOG] Заявка не является завершенной (OkDesk ID: 2369) Пропуск...
[11:16:7] - [Инфо] Developer - Mkrtchyan Martun <mart@kassa26.ru>
[11:16:7] - [Инфо] [OkDesk] Файл: '2370-2370data.json' - уже существует в 'data/okdesk'
[11:16:7] - [Инфо] [LOG] Заявка не является завершенной (OkDesk ID: 2370) Пропуск...
[11:16:7] - [Инфо] Developer - Mkrtchyan Martun <mart@kassa26.ru>
[11:16:7] - [Инфо] [OkDesk] Файл: '2375-2375data.json' - уже существует в 'data/okdesk'
[11:16:8] - [Инфо] [LOG] Заявка не является завершенной (OkDesk ID: 2375) Пропуск...
[11:17:0] - [Инфо] Начало цикла след. последовательности
[11:17:0] - [Инфо] Developer - Mkrtchyan Martun <mart@kassa26.ru>
[11:17:0] - [Инфо] [OkDesk] Файл: '2379-2403data.json' - уже существует в 'data/okdesk'
[11:17:0] - Записи 2379 не существует, пожалуйста исправьте ошибку[11:17:0] - [Инфо] DEBUG: Записи 2379 не существует
[11:17:0] - Записи 2380 не существует, пожалуйста исправьте ошибку[11:17:0] - [Инфо] DEBUG: Записи 2380 не существует
[11:17:0] - Записи 2381 не существует, пожалуйста исправьте ошибку[11:17:1] - [Инфо] DEBUG: Записи 2381 не существует
[11:17:1] - Записи 2382 не существует, пожалуйста исправьте ошибку[11:17:1] - [Инфо] DEBUG: Записи 2382 не существует
[11:17:1] - Записи 2383 не существует, пожалуйста исправьте ошибку[11:17:1] - [Инфо] DEBUG: Записи 2383 не существует
[11:17:1] - Записи 2384 не существует, пожалуйста исправьте ошибку[11:17:1] - [Инфо] DEBUG: Записи 2384 не существует
[11:17:1] - Записи 2385 не существует, пожалуйста исправьте ошибку[11:17:1] - [Инфо] DEBUG: Записи 2385 не существует
[11:17:1] - Записи 2386 не существует, пожалуйста исправьте ошибку[11:17:1] - [Инфо] DEBUG: Записи 2386 не существует
[11:17:1] - Записи 2387 не существует, пожалуйста исправьте ошибку[11:17:1] - [Инфо] DEBUG: Записи 2387 не существует
[11:17:1] - Записи 2388 не существует, пожалуйста исправьте ошибку[11:17:1] - [Инфо] DEBUG: Записи 2388 не существует
[11:17:2] - Записи 2389 не существует, пожалуйста исправьте ошибку[11:17:2] - [Инфо] DEBUG: Записи 2389 не существует
[11:17:2] - Записи 2390 не существует, пожалуйста исправьте ошибку[11:17:2] - [Инфо] DEBUG: Записи 2390 не существует
[11:17:2] - Записи 2391 не существует, пожалуйста исправьте ошибку[11:17:2] - [Инфо] DEBUG: Записи 2391 не существует
[11:17:2] - Записи 2392 не существует, пожалуйста исправьте ошибку[11:17:2] - [Инфо] DEBUG: Записи 2392 не существует
[11:17:2] - Записи 2393 не существует, пожалуйста исправьте ошибку[11:17:2] - [Инфо] DEBUG: Записи 2393 не существует
[11:17:2] - Записи 2394 не существует, пожалуйста исправьте ошибку[11:17:2] - [Инфо] DEBUG: Записи 2394 не существует
[11:17:2] - Записи 2395 не существует, пожалуйста исправьте ошибку[11:17:2] - [Инфо] DEBUG: Записи 2395 не существует
[11:17:2] - Записи 2396 не существует, пожалуйста исправьте ошибку[11:17:2] - [Инфо] DEBUG: Записи 2396 не существует
[11:17:3] - Записи 2397 не существует, пожалуйста исправьте ошибку[11:17:3] - [Инфо] DEBUG: Записи 2397 не существует
[11:17:3] - Записи 2398 не существует, пожалуйста исправьте ошибку[11:17:3] - [Инфо] DEBUG: Записи 2398 не существует
[11:17:3] - Записи 2399 не существует, пожалуйста исправьте ошибку[11:17:3] - [Инфо] DEBUG: Записи 2399 не существует
[11:17:3] - Записи 2400 не существует, пожалуйста исправьте ошибку[11:17:3] - [Инфо] DEBUG: Записи 2400 не существует
[11:17:3] - Записи 2401 не существует, пожалуйста исправьте ошибку[11:17:3] - [Инфо] DEBUG: Записи 2401 не существует
[11:17:3] - Записи 2402 не существует, пожалуйста исправьте ошибку[11:17:3] - [Инфо] DEBUG: Записи 2402 не существует
[11:17:3] - Записи 2403 не существует, пожалуйста исправьте ошибку[11:17:4] - [Инфо] DEBUG: Записи 2403 не существует
[11:17:4] - [Инфо] Начало автоматической выгрузки данных
[11:17:4] - [Инфо] Developer - Mkrtchyan Martun <mart@kassa26.ru>
[11:17:4] - [Инфо] [OkDesk] Файл: '2339-2339data.json' - уже существует в 'data/okdesk'
[11:17:4] - [Инфо] [LOG] Заявка не является завершенной (OkDesk ID: 2339) Пропуск...
[11:17:4] - [Инфо] Developer - Mkrtchyan Martun <mart@kassa26.ru>
[11:17:4] - [Инфо] [OkDesk] Файл: '2369-2369data.json' - уже существует в 'data/okdesk'
[11:17:4] - [Инфо] [LOG] Заявка не является завершенной (OkDesk ID: 2369) Пропуск...
[11:17:4] - [Инфо] Developer - Mkrtchyan Martun <mart@kassa26.ru>
[11:17:4] - [Инфо] [OkDesk] Файл: '2370-2370data.json' - уже существует в 'data/okdesk'
[11:17:5] - [Инфо] [LOG] Заявка не является завершенной (OkDesk ID: 2370) Пропуск...
[11:17:5] - [Инфо] Developer - Mkrtchyan Martun <mart@kassa26.ru>
[11:17:5] - [Инфо] [OkDesk] Файл: '2375-2375data.json' - уже существует в 'data/okdesk'
[11:17:5] - [Инфо] [LOG] Заявка не является завершенной (OkDesk ID: 2375) Пропуск...
[11:18:0] - [Инфо] Начало цикла след. последовательности
[11:18:0] - [Инфо] Developer - Mkrtchyan Martun <mart@kassa26.ru>
[11:18:0] - [Инфо] [OkDesk] Файл: '2379-2403data.json' - уже существует в 'data/okdesk'
[11:18:0] - Записи 2379 не существует, пожалуйста исправьте ошибку[11:18:0] - [Инфо] DEBUG: Записи 2379 не существует
[11:18:0] - Записи 2380 не существует, пожалуйста исправьте ошибку[11:18:0] - [Инфо] DEBUG: Записи 2380 не существует
[11:18:0] - Записи 2381 не существует, пожалуйста исправьте ошибку[11:18:0] - [Инфо] DEBUG: Записи 2381 не существует
[11:18:1] - Записи 2382 не существует, пожалуйста исправьте ошибку[11:18:1] - [Инфо] DEBUG: Записи 2382 не существует
[11:18:2] - Записи 2383 не существует, пожалуйста исправьте ошибку[11:18:2] - [Инфо] DEBUG: Записи 2383 не существует
[11:18:2] - Записи 2384 не существует, пожалуйста исправьте ошибку[11:18:2] - [Инфо] DEBUG: Записи 2384 не существует
[11:18:2] - Записи 2385 не существует, пожалуйста исправьте ошибку[11:18:2] - [Инфо] DEBUG: Записи 2385 не существует
[11:18:2] - Записи 2386 не существует, пожалуйста исправьте ошибку[11:18:3] - [Инфо] DEBUG: Записи 2386 не существует
[11:18:3] - Записи 2387 не существует, пожалуйста исправьте ошибку[11:18:3] - [Инфо] DEBUG: Записи 2387 не существует
[11:18:6] - Записи 2388 не существует, пожалуйста исправьте ошибку[11:18:6] - [Инфо] DEBUG: Записи 2388 не существует
[11:18:6] - Записи 2389 не существует, пожалуйста исправьте ошибку[11:18:11] - [Инфо] DEBUG: Записи 2389 не существует
[11:18:11] - Записи 2390 не существует, пожалуйста исправьте ошибку[11:18:11] - [Инфо] DEBUG: Записи 2390 не существует
[11:18:12] - Записи 2391 не существует, пожалуйста исправьте ошибку[11:18:12] - [Инфо] DEBUG: Записи 2391 не существует
[11:18:12] - Записи 2392 не существует, пожалуйста исправьте ошибку[11:18:12] - [Инфо] DEBUG: Записи 2392 не существует
[11:18:12] - Записи 2393 не существует, пожалуйста исправьте ошибку[11:18:12] - [Инфо] DEBUG: Записи 2393 не существует
[11:18:12] - Записи 2394 не существует, пожалуйста исправьте ошибку[11:18:12] - [Инфо] DEBUG: Записи 2394 не существует
[11:18:12] - Записи 2395 не существует, пожалуйста исправьте ошибку[11:18:12] - [Инфо] DEBUG: Записи 2395 не существует
[11:18:13] - Записи 2396 не существует, пожалуйста исправьте ошибку[11:18:13] - [Инфо] DEBUG: Записи 2396 не существует
[11:18:13] - Записи 2397 не существует, пожалуйста исправьте ошибку[11:18:13] - [Инфо] DEBUG: Записи 2397 не существует
[11:18:14] - Записи 2398 не существует, пожалуйста исправьте ошибку[11:18:14] - [Инфо] DEBUG: Записи 2398 не существует
[11:18:14] - Записи 2399 не существует, пожалуйста исправьте ошибку[11:18:14] - [Инфо] DEBUG: Записи 2399 не существует
[11:18:15] - Записи 2400 не существует, пожалуйста исправьте ошибку[11:18:15] - [Инфо] DEBUG: Записи 2400 не существует
[11:18:15] - Записи 2401 не существует, пожалуйста исправьте ошибку[11:18:18] - [Инфо] DEBUG: Записи 2401 не существует
[11:18:18] - Записи 2402 не существует, пожалуйста исправьте ошибку[11:18:18] - [Инфо] DEBUG: Записи 2402 не существует
[11:18:19] - Записи 2403 не существует, пожалуйста исправьте ошибку[11:18:22] - [Инфо] DEBUG: Записи 2403 не существует
[11:18:22] - [Инфо] Начало автоматической выгрузки данных
[11:18:22] - [Инфо] Developer - Mkrtchyan Martun <mart@kassa26.ru>
[11:18:22] - [Инфо] [OkDesk] Файл: '2339-2339data.json' - уже существует в 'data/okdesk'
[11:18:22] - [Инфо] [LOG] Заявка не является завершенной (OkDesk ID: 2339) Пропуск...
[11:18:22] - [Инфо] Developer - Mkrtchyan Martun <mart@kassa26.ru>
[11:18:22] - [Инфо] [OkDesk] Файл: '2369-2369data.json' - уже существует в 'data/okdesk'
[11:18:22] - [Инфо] [LOG] Заявка не является завершенной (OkDesk ID: 2369) Пропуск...
[11:18:22] - [Инфо] Developer - Mkrtchyan Martun <mart@kassa26.ru>
[11:18:22] - [Инфо] [OkDesk] Файл: '2370-2370data.json' - уже существует в 'data/okdesk'
[11:18:23] - [Инфо] [LOG] Заявка не является завершенной (OkDesk ID: 2370) Пропуск...
[11:18:23] - [Инфо] Developer - Mkrtchyan Martun <mart@kassa26.ru>
[11:18:23] - [Инфо] [OkDesk] Файл: '2375-2375data.json' - уже существует в 'data/okdesk'
[11:18:24] - [Инфо] [LOG] Заявка не является завершенной (OkDesk ID: 2375) Пропуск...
[11:19:0] - [Инфо] Начало цикла след. последовательности
[11:19:0] - [Инфо] Developer - Mkrtchyan Martun <mart@kassa26.ru>
[11:19:0] - [Инфо] [OkDesk] Файл: '2379-2403data.json' - уже существует в 'data/okdesk'
[11:19:0] - Записи 2379 не существует, пожалуйста исправьте ошибку[11:19:0] - [Инфо] DEBUG: Записи 2379 не существует
[11:19:1] - Записи 2380 не существует, пожалуйста исправьте ошибку[11:19:1] - [Инфо] DEBUG: Записи 2380 не существует
[11:19:1] - Записи 2381 не существует, пожалуйста исправьте ошибку[11:19:1] - [Инфо] DEBUG: Записи 2381 не существует
[11:19:1] - Записи 2382 не существует, пожалуйста исправьте ошибку[11:19:1] - [Инфо] DEBUG: Записи 2382 не существует
[11:19:1] - Записи 2383 не существует, пожалуйста исправьте ошибку[11:19:1] - [Инфо] DEBUG: Записи 2383 не существует
[11:19:1] - Записи 2384 не существует, пожалуйста исправьте ошибку[11:19:1] - [Инфо] DEBUG: Записи 2384 не существует
[11:19:1] - Записи 2385 не существует, пожалуйста исправьте ошибку[11:19:1] - [Инфо] DEBUG: Записи 2385 не существует
[11:19:1] - Записи 2386 не существует, пожалуйста исправьте ошибку[11:19:1] - [Инфо] DEBUG: Записи 2386 не существует
[11:19:1] - Записи 2387 не существует, пожалуйста исправьте ошибку[11:19:2] - [Инфо] DEBUG: Записи 2387 не существует
[11:19:2] - Записи 2388 не существует, пожалуйста исправьте ошибку[11:19:2] - [Инфо] DEBUG: Записи 2388 не существует
[11:19:2] - Записи 2389 не существует, пожалуйста исправьте ошибку[11:19:2] - [Инфо] DEBUG: Записи 2389 не существует
[11:19:2] - Записи 2390 не существует, пожалуйста исправьте ошибку[11:19:2] - [Инфо] DEBUG: Записи 2390 не существует
[11:19:2] - Записи 2391 не существует, пожалуйста исправьте ошибку[11:19:2] - [Инфо] DEBUG: Записи 2391 не существует
[11:19:2] - Записи 2392 не существует, пожалуйста исправьте ошибку[11:19:2] - [Инфо] DEBUG: Записи 2392 не существует
[11:19:2] - Записи 2393 не существует, пожалуйста исправьте ошибку[11:19:2] - [Инфо] DEBUG: Записи 2393 не существует
[11:19:2] - Записи 2394 не существует, пожалуйста исправьте ошибку[11:19:3] - [Инфо] DEBUG: Записи 2394 не существует
[11:19:3] - Записи 2395 не существует, пожалуйста исправьте ошибку[11:19:3] - [Инфо] DEBUG: Записи 2395 не существует
[11:19:3] - Записи 2396 не существует, пожалуйста исправьте ошибку[11:19:3] - [Инфо] DEBUG: Записи 2396 не существует
[11:19:3] - Записи 2397 не существует, пожалуйста исправьте ошибку[11:19:3] - [Инфо] DEBUG: Записи 2397 не существует
[11:19:3] - Записи 2398 не существует, пожалуйста исправьте ошибку[11:19:3] - [Инфо] DEBUG: Записи 2398 не существует
[11:19:3] - Записи 2399 не существует, пожалуйста исправьте ошибку[11:19:3] - [Инфо] DEBUG: Записи 2399 не существует
[11:19:3] - Записи 2400 не существует, пожалуйста исправьте ошибку[11:19:3] - [Инфо] DEBUG: Записи 2400 не существует
[11:19:3] - Записи 2401 не существует, пожалуйста исправьте ошибку[11:19:3] - [Инфо] DEBUG: Записи 2401 не существует
[11:19:3] - Записи 2402 не существует, пожалуйста исправьте ошибку[11:19:4] - [Инфо] DEBUG: Записи 2402 не существует
[11:19:4] - Записи 2403 не существует, пожалуйста исправьте ошибку[11:19:4] - [Инфо] DEBUG: Записи 2403 не существует
[11:19:4] - [Инфо] Начало автоматической выгрузки данных
[11:19:4] - [Инфо] Developer - Mkrtchyan Martun <mart@kassa26.ru>
[11:19:4] - [Инфо] [OkDesk] Файл: '2339-2339data.json' - уже существует в 'data/okdesk'
[11:19:4] - [Инфо] [LOG] Заявка не является завершенной (OkDesk ID: 2339) Пропуск...
[11:19:4] - [Инфо] Developer - Mkrtchyan Martun <mart@kassa26.ru>
[11:19:4] - [Инфо] [OkDesk] Файл: '2369-2369data.json' - уже существует в 'data/okdesk'
[11:19:5] - [Инфо] [LOG] Заявка не является завершенной (OkDesk ID: 2369) Пропуск...
[11:19:5] - [Инфо] Developer - Mkrtchyan Martun <mart@kassa26.ru>
[11:19:5] - [Инфо] [OkDesk] Файл: '2370-2370data.json' - уже существует в 'data/okdesk'
[11:19:5] - [Инфо] [LOG] Заявка не является завершенной (OkDesk ID: 2370) Пропуск...
[11:19:5] - [Инфо] Developer - Mkrtchyan Martun <mart@kassa26.ru>
[11:19:5] - [Инфо] [OkDesk] Файл: '2375-2375data.json' - уже существует в 'data/okdesk'
[11:19:5] - [Инфо] [LOG] Заявка не является завершенной (OkDesk ID: 2375) Пропуск...
[11:20:0] - [Инфо] Начало цикла след. последовательности
[11:20:0] - [Инфо] Developer - Mkrtchyan Martun <mart@kassa26.ru>
[11:20:0] - [Инфо] [OkDesk] Файл: '2379-2403data.json' - уже существует в 'data/okdesk'
[11:20:0] - Записи 2379 не существует, пожалуйста исправьте ошибку[11:20:0] - [Инфо] DEBUG: Записи 2379 не существует
[11:20:1] - Записи 2380 не существует, пожалуйста исправьте ошибку[11:20:1] - [Инфо] DEBUG: Записи 2380 не существует
[11:20:1] - Записи 2381 не существует, пожалуйста исправьте ошибку[11:20:1] - [Инфо] DEBUG: Записи 2381 не существует
[11:20:3] - Записи 2382 не существует, пожалуйста исправьте ошибку[11:20:4] - [Инфо] DEBUG: Записи 2382 не существует
[11:20:4] - Записи 2383 не существует, пожалуйста исправьте ошибку[11:20:4] - [Инфо] DEBUG: Записи 2383 не существует
[11:20:5] - Записи 2384 не существует, пожалуйста исправьте ошибку[11:20:5] - [Инфо] DEBUG: Записи 2384 не существует
[11:20:5] - Записи 2385 не существует, пожалуйста исправьте ошибку[11:20:5] - [Инфо] DEBUG: Записи 2385 не существует
[11:20:5] - Записи 2386 не существует, пожалуйста исправьте ошибку[11:20:5] - [Инфо] DEBUG: Записи 2386 не существует
[11:20:5] - Записи 2387 не существует, пожалуйста исправьте ошибку[11:20:5] - [Инфо] DEBUG: Записи 2387 не существует
[11:20:6] - Записи 2388 не существует, пожалуйста исправьте ошибку[11:20:6] - [Инфо] DEBUG: Записи 2388 не существует
[11:20:6] - Записи 2389 не существует, пожалуйста исправьте ошибку[11:20:6] - [Инфо] DEBUG: Записи 2389 не существует
[11:20:6] - Записи 2390 не существует, пожалуйста исправьте ошибку[11:20:6] - [Инфо] DEBUG: Записи 2390 не существует
[11:20:6] - Записи 2391 не существует, пожалуйста исправьте ошибку[11:20:6] - [Инфо] DEBUG: Записи 2391 не существует
[11:20:6] - Записи 2392 не существует, пожалуйста исправьте ошибку[11:20:6] - [Инфо] DEBUG: Записи 2392 не существует
[11:20:6] - Записи 2393 не существует, пожалуйста исправьте ошибку[11:20:6] - [Инфо] DEBUG: Записи 2393 не существует
[11:20:7] - Записи 2394 не существует, пожалуйста исправьте ошибку[11:20:7] - [Инфо] DEBUG: Записи 2394 не существует
[11:20:8] - Записи 2395 не существует, пожалуйста исправьте ошибку[11:20:8] - [Инфо] DEBUG: Записи 2395 не существует
[11:20:8] - Записи 2396 не существует, пожалуйста исправьте ошибку[11:20:8] - [Инфо] DEBUG: Записи 2396 не существует
[11:20:9] - Записи 2397 не существует, пожалуйста исправьте ошибку[11:20:9] - [Инфо] DEBUG: Записи 2397 не существует
[11:20:9] - Записи 2398 не существует, пожалуйста исправьте ошибку[11:20:9] - [Инфо] DEBUG: Записи 2398 не существует
[11:20:9] - Записи 2399 не существует, пожалуйста исправьте ошибку[11:20:9] - [Инфо] DEBUG: Записи 2399 не существует
[11:20:9] - Записи 2400 не существует, пожалуйста исправьте ошибку[11:20:9] - [Инфо] DEBUG: Записи 2400 не существует
[11:20:10] - Записи 2401 не существует, пожалуйста исправьте ошибку[11:20:10] - [Инфо] DEBUG: Записи 2401 не существует
[11:20:10] - Записи 2402 не существует, пожалуйста исправьте ошибку[11:20:10] - [Инфо] DEBUG: Записи 2402 не существует
[11:20:10] - Записи 2403 не существует, пожалуйста исправьте ошибку[11:20:10] - [Инфо] DEBUG: Записи 2403 не существует
[11:20:10] - [Инфо] Начало автоматической выгрузки данных
[11:20:10] - [Инфо] Developer - Mkrtchyan Martun <mart@kassa26.ru>
[11:20:10] - [Инфо] [OkDesk] Файл: '2339-2339data.json' - уже существует в 'data/okdesk'
[11:20:10] - [Инфо] [LOG] Заявка не является завершенной (OkDesk ID: 2339) Пропуск...
[11:20:10] - [Инфо] Developer - Mkrtchyan Martun <mart@kassa26.ru>
[11:20:10] - [Инфо] [OkDesk] Файл: '2369-2369data.json' - уже существует в 'data/okdesk'
[11:20:10] - [Инфо] [LOG] Заявка не является завершенной (OkDesk ID: 2369) Пропуск...
[11:20:10] - [Инфо] Developer - Mkrtchyan Martun <mart@kassa26.ru>
[11:20:10] - [Инфо] [OkDesk] Файл: '2370-2370data.json' - уже существует в 'data/okdesk'
[11:20:11] - [Инфо] [LOG] Заявка не является завершенной (OkDesk ID: 2370) Пропуск...
[11:20:11] - [Инфо] Developer - Mkrtchyan Martun <mart@kassa26.ru>
[11:20:11] - [Инфо] [OkDesk] Файл: '2375-2375data.json' - уже существует в 'data/okdesk'
[11:20:12] - [Инфо] [LOG] Заявка не является завершенной (OkDesk ID: 2375) Пропуск...
[11:21:0] - [Инфо] Начало цикла след. последовательности
[11:21:0] - [Инфо] Developer - Mkrtchyan Martun <mart@kassa26.ru>
[11:21:0] - [Инфо] [OkDesk] Файл: '2379-2403data.json' - уже существует в 'data/okdesk'
[11:21:0] - Записи 2379 не существует, пожалуйста исправьте ошибку[11:21:1] - [Инфо] DEBUG: Записи 2379 не существует
[11:21:1] - Записи 2380 не существует, пожалуйста исправьте ошибку[11:21:1] - [Инфо] DEBUG: Записи 2380 не существует
[11:21:1] - Записи 2381 не существует, пожалуйста исправьте ошибку[11:21:1] - [Инфо] DEBUG: Записи 2381 не существует
[11:21:1] - Записи 2382 не существует, пожалуйста исправьте ошибку[11:21:1] - [Инфо] DEBUG: Записи 2382 не существует
[11:21:2] - [Инфо] Developer - Mkrtchyan Martun <mart@kassa26.ru>
[11:21:2] - [Инфо] [OkDesk] Файл: '2360-2360data.json' - уже существует в 'data/okdesk'
[11:21:2] - Записи 2383 не существует, пожалуйста исправьте ошибку[11:21:3] - Заявка уже была ранее выгружена. (OkDesk ID: 2360), пожалуйста исправьте ошибку[11:21:3] - [Инфо] DEBUG: Записи 2383 не существует
[11:21:3] - Записи 2384 не существует, пожалуйста исправьте ошибку[11:21:3] - [Инфо] DEBUG: Записи 2384 не существует
[11:21:3] - Записи 2385 не существует, пожалуйста исправьте ошибку[11:21:4] - [Инфо] DEBUG: Записи 2385 не существует
[11:21:4] - Записи 2386 не существует, пожалуйста исправьте ошибку[11:21:5] - [Инфо] DEBUG: Записи 2386 не существует
[11:21:7] - Записи 2387 не существует, пожалуйста исправьте ошибку[11:21:7] - [Инфо] DEBUG: Записи 2387 не существует
[11:21:7] - Записи 2388 не существует, пожалуйста исправьте ошибку[11:21:7] - [Инфо] DEBUG: Записи 2388 не существует
[11:21:7] - Записи 2389 не существует, пожалуйста исправьте ошибку[11:21:7] - [Инфо] DEBUG: Записи 2389 не существует
[11:21:7] - Записи 2390 не существует, пожалуйста исправьте ошибку[11:21:7] - [Инфо] DEBUG: Записи 2390 не существует
[11:21:7] - Записи 2391 не существует, пожалуйста исправьте ошибку[11:21:7] - [Инфо] DEBUG: Записи 2391 не существует
[11:21:8] - Записи 2392 не существует, пожалуйста исправьте ошибку[11:21:9] - [Инфо] DEBUG: Записи 2392 не существует
[11:21:9] - Записи 2393 не существует, пожалуйста исправьте ошибку[11:21:9] - [Инфо] DEBUG: Записи 2393 не существует
[11:21:9] - Записи 2394 не существует, пожалуйста исправьте ошибку[11:21:9] - [Инфо] DEBUG: Записи 2394 не существует
[11:21:9] - Записи 2395 не существует, пожалуйста исправьте ошибку[11:21:9] - [Инфо] DEBUG: Записи 2395 не существует
[11:21:9] - Записи 2396 не существует, пожалуйста исправьте ошибку[11:21:9] - [Инфо] DEBUG: Записи 2396 не существует
[11:21:9] - Записи 2397 не существует, пожалуйста исправьте ошибку[11:21:9] - [Инфо] DEBUG: Записи 2397 не существует
[11:21:9] - Записи 2398 не существует, пожалуйста исправьте ошибку[11:21:9] - [Инфо] DEBUG: Записи 2398 не существует
[11:21:9] - Записи 2399 не существует, пожалуйста исправьте ошибку[11:21:9] - [Инфо] DEBUG: Записи 2399 не существует
[11:21:9] - Записи 2400 не существует, пожалуйста исправьте ошибку[11:21:10] - [Инфо] DEBUG: Записи 2400 не существует
[11:21:10] - Записи 2401 не существует, пожалуйста исправьте ошибку[11:21:10] - [Инфо] DEBUG: Записи 2401 не существует
[11:21:10] - Записи 2402 не существует, пожалуйста исправьте ошибку[11:21:10] - [Инфо] DEBUG: Записи 2402 не существует
[11:21:10] - Записи 2403 не существует, пожалуйста исправьте ошибку[11:21:10] - [Инфо] DEBUG: Записи 2403 не существует
[11:21:10] - [Инфо] Начало автоматической выгрузки данных
[11:21:10] - [Инфо] Developer - Mkrtchyan Martun <mart@kassa26.ru>
[11:21:10] - [Инфо] [OkDesk] Файл: '2339-2339data.json' - уже существует в 'data/okdesk'
[11:21:10] - [Инфо] [LOG] Заявка не является завершенной (OkDesk ID: 2339) Пропуск...
[11:21:10] - [Инфо] Developer - Mkrtchyan Martun <mart@kassa26.ru>
[11:21:10] - [Инфо] [OkDesk] Файл: '2369-2369data.json' - уже существует в 'data/okdesk'
[11:21:11] - [Инфо] [LOG] Заявка не является завершенной (OkDesk ID: 2369) Пропуск...
[11:21:11] - [Инфо] Developer - Mkrtchyan Martun <mart@kassa26.ru>
[11:21:11] - [Инфо] [OkDesk] Файл: '2370-2370data.json' - уже существует в 'data/okdesk'
[11:21:11] - [Инфо] [LOG] Заявка не является завершенной (OkDesk ID: 2370) Пропуск...
[11:21:11] - [Инфо] Developer - Mkrtchyan Martun <mart@kassa26.ru>
[11:21:11] - [Инфо] [OkDesk] Файл: '2375-2375data.json' - уже существует в 'data/okdesk'
[11:21:11] - [Инфо] [LOG] Заявка не является завершенной (OkDesk ID: 2375) Пропуск...
[11:21:58] - [Инфо] Developer - Mkrtchyan Martun <mart@kassa26.ru>
[11:21:58] - [Инфо] [OkDesk] Файл: '2360-2360data.json' - уже существует в 'data/okdesk'
[11:21:58] - Заявка уже была ранее выгружена. (OkDesk ID: 2360), пожалуйста исправьте ошибку[11:22:0] - [Инфо] Начало цикла след. последовательности
[11:22:0] - [Инфо] Developer - Mkrtchyan Martun <mart@kassa26.ru>
[11:22:0] - [Инфо] [OkDesk] Файл: '2379-2403data.json' - уже существует в 'data/okdesk'
[11:22:0] - Записи 2379 не существует, пожалуйста исправьте ошибку[11:22:0] - [Инфо] DEBUG: Записи 2379 не существует
[11:22:1] - Записи 2380 не существует, пожалуйста исправьте ошибку[11:22:1] - [Инфо] DEBUG: Записи 2380 не существует
[11:22:1] - Записи 2381 не существует, пожалуйста исправьте ошибку[11:22:1] - [Инфо] DEBUG: Записи 2381 не существует
[11:22:1] - Записи 2382 не существует, пожалуйста исправьте ошибку[11:22:1] - [Инфо] DEBUG: Записи 2382 не существует
[11:22:1] - Записи 2383 не существует, пожалуйста исправьте ошибку[11:22:1] - [Инфо] DEBUG: Записи 2383 не существует
[11:22:2] - Записи 2384 не существует, пожалуйста исправьте ошибку[11:22:2] - [Инфо] DEBUG: Записи 2384 не существует
[11:22:2] - Записи 2385 не существует, пожалуйста исправьте ошибку[11:22:2] - [Инфо] DEBUG: Записи 2385 не существует
[11:22:2] - Записи 2386 не существует, пожалуйста исправьте ошибку[11:22:2] - [Инфо] DEBUG: Записи 2386 не существует
[11:22:2] - Записи 2387 не существует, пожалуйста исправьте ошибку[11:22:3] - [Инфо] DEBUG: Записи 2387 не существует
[11:22:3] - Записи 2388 не существует, пожалуйста исправьте ошибку[11:22:3] - [Инфо] DEBUG: Записи 2388 не существует
[11:22:3] - Записи 2389 не существует, пожалуйста исправьте ошибку[11:22:3] - [Инфо] DEBUG: Записи 2389 не существует
[11:22:4] - Записи 2390 не существует, пожалуйста исправьте ошибку[11:22:4] - [Инфо] DEBUG: Записи 2390 не существует
[11:22:4] - Записи 2391 не существует, пожалуйста исправьте ошибку[11:22:4] - [Инфо] DEBUG: Записи 2391 не существует
[11:22:4] - Записи 2392 не существует, пожалуйста исправьте ошибку[11:22:4] - [Инфо] DEBUG: Записи 2392 не существует
[11:22:5] - Записи 2393 не существует, пожалуйста исправьте ошибку[11:22:5] - [Инфо] DEBUG: Записи 2393 не существует
[11:22:6] - Записи 2394 не существует, пожалуйста исправьте ошибку[11:22:6] - [Инфо] DEBUG: Записи 2394 не существует
[11:22:6] - Записи 2395 не существует, пожалуйста исправьте ошибку[11:22:6] - [Инфо] DEBUG: Записи 2395 не существует
[11:22:6] - Записи 2396 не существует, пожалуйста исправьте ошибку[11:22:6] - [Инфо] DEBUG: Записи 2396 не существует
[11:22:6] - Записи 2397 не существует, пожалуйста исправьте ошибку[11:22:6] - [Инфо] DEBUG: Записи 2397 не существует
[11:22:6] - Записи 2398 не существует, пожалуйста исправьте ошибку[11:22:6] - [Инфо] DEBUG: Записи 2398 не существует
[11:22:6] - Записи 2399 не существует, пожалуйста исправьте ошибку[11:22:6] - [Инфо] DEBUG: Записи 2399 не существует
[11:22:6] - Записи 2400 не существует, пожалуйста исправьте ошибку[11:22:6] - [Инфо] DEBUG: Записи 2400 не существует
[11:22:6] - Записи 2401 не существует, пожалуйста исправьте ошибку[11:22:6] - [Инфо] DEBUG: Записи 2401 не существует
[11:22:7] - Записи 2402 не существует, пожалуйста исправьте ошибку[11:22:7] - [Инфо] DEBUG: Записи 2402 не существует
[11:22:7] - Записи 2403 не существует, пожалуйста исправьте ошибку[11:22:7] - [Инфо] DEBUG: Записи 2403 не существует
[11:22:7] - [Инфо] Начало автоматической выгрузки данных
[11:22:7] - [Инфо] Developer - Mkrtchyan Martun <mart@kassa26.ru>
[11:22:7] - [Инфо] [OkDesk] Файл: '2339-2339data.json' - уже существует в 'data/okdesk'
[11:22:7] - [Инфо] [LOG] Заявка не является завершенной (OkDesk ID: 2339) Пропуск...
[11:22:7] - [Инфо] Developer - Mkrtchyan Martun <mart@kassa26.ru>
[11:22:7] - [Инфо] [OkDesk] Файл: '2369-2369data.json' - уже существует в 'data/okdesk'
[11:22:8] - [Инфо] [LOG] Заявка не является завершенной (OkDesk ID: 2369) Пропуск...
[11:22:8] - [Инфо] Developer - Mkrtchyan Martun <mart@kassa26.ru>
[11:22:8] - [Инфо] [OkDesk] Файл: '2370-2370data.json' - уже существует в 'data/okdesk'
[11:22:8] - [Инфо] [LOG] Заявка не является завершенной (OkDesk ID: 2370) Пропуск...
[11:22:8] - [Инфо] Developer - Mkrtchyan Martun <mart@kassa26.ru>
[11:22:8] - [Инфо] [OkDesk] Файл: '2375-2375data.json' - уже существует в 'data/okdesk'
[11:22:8] - [Инфо] [LOG] Заявка не является завершенной (OkDesk ID: 2375) Пропуск...
[11:22:22] - [Инфо] Developer - Mkrtchyan Martun <mart@kassa26.ru>
[11:22:22] - [Инфо] [OkDesk] Файл: '2360-2360data.json' - уже существует в 'data/okdesk'
[11:22:23] - [Инфо] Сущность с ID: 2360 обработана на сервере.
[11:22:23] - [Инфо] Отправка данных в Спутник...
[11:22:23] - [Инфо] task status: success, task time status: success
[11:22:23] - [Инфо] SputnikTaskID: 32591
[11:22:23] - [Инфо] comment id: 163949, task comment status: success
[11:23:0] - [Инфо] Начало цикла след. последовательности
[11:23:0] - [Инфо] Developer - Mkrtchyan Martun <mart@kassa26.ru>
[11:23:0] - [Инфо] [OkDesk] Файл: '2379-2403data.json' - уже существует в 'data/okdesk'
[11:23:0] - Записи 2379 не существует, пожалуйста исправьте ошибку[11:23:0] - [Инфо] DEBUG: Записи 2379 не существует
[11:23:1] - Записи 2380 не существует, пожалуйста исправьте ошибку[11:23:1] - [Инфо] DEBUG: Записи 2380 не существует
[11:23:1] - Записи 2381 не существует, пожалуйста исправьте ошибку[11:23:1] - [Инфо] DEBUG: Записи 2381 не существует
[11:23:1] - Записи 2382 не существует, пожалуйста исправьте ошибку[11:23:1] - [Инфо] DEBUG: Записи 2382 не существует
[11:23:1] - Записи 2383 не существует, пожалуйста исправьте ошибку[11:23:1] - [Инфо] DEBUG: Записи 2383 не существует
[11:23:1] - Записи 2384 не существует, пожалуйста исправьте ошибку[11:23:2] - [Инфо] DEBUG: Записи 2384 не существует
[11:23:2] - Записи 2385 не существует, пожалуйста исправьте ошибку[11:23:2] - [Инфо] DEBUG: Записи 2385 не существует
[11:23:2] - Записи 2386 не существует, пожалуйста исправьте ошибку[11:23:2] - [Инфо] DEBUG: Записи 2386 не существует
[11:23:2] - Записи 2387 не существует, пожалуйста исправьте ошибку[11:23:2] - [Инфо] DEBUG: Записи 2387 не существует
[11:23:2] - Записи 2388 не существует, пожалуйста исправьте ошибку[11:23:2] - [Инфо] DEBUG: Записи 2388 не существует
[11:23:2] - Записи 2389 не существует, пожалуйста исправьте ошибку[11:23:3] - [Инфо] DEBUG: Записи 2389 не существует
[11:23:3] - Записи 2390 не существует, пожалуйста исправьте ошибку[11:23:3] - [Инфо] DEBUG: Записи 2390 не существует
[11:23:3] - Записи 2391 не существует, пожалуйста исправьте ошибку[11:23:3] - [Инфо] DEBUG: Записи 2391 не существует
[11:23:3] - Записи 2392 не существует, пожалуйста исправьте ошибку[11:23:3] - [Инфо] DEBUG: Записи 2392 не существует
[11:23:3] - Записи 2393 не существует, пожалуйста исправьте ошибку[11:23:3] - [Инфо] DEBUG: Записи 2393 не существует
[11:23:3] - Записи 2394 не существует, пожалуйста исправьте ошибку[11:23:3] - [Инфо] DEBUG: Записи 2394 не существует
[11:23:3] - Записи 2395 не существует, пожалуйста исправьте ошибку[11:23:3] - [Инфо] DEBUG: Записи 2395 не существует
[11:23:3] - Записи 2396 не существует, пожалуйста исправьте ошибку[11:23:4] - [Инфо] DEBUG: Записи 2396 не существует
[11:23:4] - Записи 2397 не существует, пожалуйста исправьте ошибку[11:23:4] - [Инфо] DEBUG: Записи 2397 не существует
[11:23:4] - Записи 2398 не существует, пожалуйста исправьте ошибку[11:23:4] - [Инфо] DEBUG: Записи 2398 не существует
[11:23:4] - Записи 2399 не существует, пожалуйста исправьте ошибку[11:23:4] - [Инфо] DEBUG: Записи 2399 не существует
[11:23:4] - Записи 2400 не существует, пожалуйста исправьте ошибку[11:23:4] - [Инфо] DEBUG: Записи 2400 не существует
[11:23:4] - Записи 2401 не существует, пожалуйста исправьте ошибку[11:23:4] - [Инфо] DEBUG: Записи 2401 не существует
[11:23:4] - Записи 2402 не существует, пожалуйста исправьте ошибку[11:23:4] - [Инфо] DEBUG: Записи 2402 не существует
[11:23:4] - Записи 2403 не существует, пожалуйста исправьте ошибку[11:23:4] - [Инфо] DEBUG: Записи 2403 не существует
[11:23:4] - [Инфо] Начало автоматической выгрузки данных
[11:23:4] - [Инфо] Developer - Mkrtchyan Martun <mart@kassa26.ru>
[11:23:4] - [Инфо] [OkDesk] Файл: '2339-2339data.json' - уже существует в 'data/okdesk'
[11:23:5] - [Инфо] [LOG] Заявка не является завершенной (OkDesk ID: 2339) Пропуск...
[11:23:5] - [Инфо] Developer - Mkrtchyan Martun <mart@kassa26.ru>
[11:23:5] - [Инфо] [OkDesk] Файл: '2369-2369data.json' - уже существует в 'data/okdesk'
[11:23:5] - [Инфо] [LOG] Заявка не является завершенной (OkDesk ID: 2369) Пропуск...
[11:23:5] - [Инфо] Developer - Mkrtchyan Martun <mart@kassa26.ru>
[11:23:5] - [Инфо] [OkDesk] Файл: '2370-2370data.json' - уже существует в 'data/okdesk'
[11:23:6] - [Инфо] [LOG] Заявка не является завершенной (OkDesk ID: 2370) Пропуск...
[11:23:6] - [Инфо] Developer - Mkrtchyan Martun <mart@kassa26.ru>
[11:23:6] - [Инфо] [OkDesk] Файл: '2375-2375data.json' - уже существует в 'data/okdesk'
[11:23:6] - [Инфо] [LOG] Заявка не является завершенной (OkDesk ID: 2375) Пропуск...
[11:24:0] - [Инфо] Начало цикла след. последовательности
[11:24:0] - [Инфо] Developer - Mkrtchyan Martun <mart@kassa26.ru>
[11:24:0] - [Инфо] [OkDesk] Файл: '2379-2403data.json' - уже существует в 'data/okdesk'
[11:24:0] - Записи 2379 не существует, пожалуйста исправьте ошибку[11:24:0] - [Инфо] DEBUG: Записи 2379 не существует
[11:24:0] - Записи 2380 не существует, пожалуйста исправьте ошибку[11:24:0] - [Инфо] DEBUG: Записи 2380 не существует
[11:24:0] - Записи 2381 не существует, пожалуйста исправьте ошибку[11:24:0] - [Инфо] DEBUG: Записи 2381 не существует
[11:24:0] - Записи 2382 не существует, пожалуйста исправьте ошибку[11:24:1] - [Инфо] DEBUG: Записи 2382 не существует
[11:24:1] - Записи 2383 не существует, пожалуйста исправьте ошибку[11:24:1] - [Инфо] DEBUG: Записи 2383 не существует
[11:24:1] - Записи 2384 не существует, пожалуйста исправьте ошибку[11:24:1] - [Инфо] DEBUG: Записи 2384 не существует
[11:24:1] - Записи 2385 не существует, пожалуйста исправьте ошибку[11:24:1] - [Инфо] DEBUG: Записи 2385 не существует
[11:24:1] - Записи 2386 не существует, пожалуйста исправьте ошибку[11:24:1] - [Инфо] DEBUG: Записи 2386 не существует
[11:24:1] - Записи 2387 не существует, пожалуйста исправьте ошибку[11:24:2] - [Инфо] DEBUG: Записи 2387 не существует
[11:24:3] - Записи 2388 не существует, пожалуйста исправьте ошибку[11:24:3] - [Инфо] DEBUG: Записи 2388 не существует
[11:24:3] - Записи 2389 не существует, пожалуйста исправьте ошибку[11:24:3] - [Инфо] DEBUG: Записи 2389 не существует
[11:24:3] - Записи 2390 не существует, пожалуйста исправьте ошибку[11:24:3] - [Инфо] DEBUG: Записи 2390 не существует
[11:24:3] - Записи 2391 не существует, пожалуйста исправьте ошибку[11:24:3] - [Инфо] DEBUG: Записи 2391 не существует
[11:24:3] - Записи 2392 не существует, пожалуйста исправьте ошибку[11:24:5] - [Инфо] DEBUG: Записи 2392 не существует
[11:24:5] - Записи 2393 не существует, пожалуйста исправьте ошибку[11:24:5] - [Инфо] DEBUG: Записи 2393 не существует
[11:24:5] - Записи 2394 не существует, пожалуйста исправьте ошибку[11:24:5] - [Инфо] DEBUG: Записи 2394 не существует
[11:24:5] - Записи 2395 не существует, пожалуйста исправьте ошибку[11:24:5] - [Инфо] DEBUG: Записи 2395 не существует
[11:24:5] - Записи 2396 не существует, пожалуйста исправьте ошибку[11:24:6] - [Инфо] DEBUG: Записи 2396 не существует
[11:24:6] - Записи 2397 не существует, пожалуйста исправьте ошибку[11:24:6] - [Инфо] DEBUG: Записи 2397 не существует
[11:24:6] - Записи 2398 не существует, пожалуйста исправьте ошибку[11:24:6] - [Инфо] DEBUG: Записи 2398 не существует
[11:24:6] - Записи 2399 не существует, пожалуйста исправьте ошибку[11:24:6] - [Инфо] DEBUG: Записи 2399 не существует
[11:24:6] - Записи 2400 не существует, пожалуйста исправьте ошибку[11:24:6] - [Инфо] DEBUG: Записи 2400 не существует
[11:24:6] - Записи 2401 не существует, пожалуйста исправьте ошибку[11:24:6] - [Инфо] DEBUG: Записи 2401 не существует
[11:24:6] - Записи 2402 не существует, пожалуйста исправьте ошибку[11:24:7] - [Инфо] DEBUG: Записи 2402 не существует
[11:24:7] - Записи 2403 не существует, пожалуйста исправьте ошибку[11:24:7] - [Инфо] DEBUG: Записи 2403 не существует
[11:24:7] - [Инфо] Начало автоматической выгрузки данных
[11:24:7] - [Инфо] Developer - Mkrtchyan Martun <mart@kassa26.ru>
[11:24:7] - [Инфо] [OkDesk] Файл: '2339-2339data.json' - уже существует в 'data/okdesk'
[11:24:7] - [Инфо] [LOG] Заявка не является завершенной (OkDesk ID: 2339) Пропуск...
[11:24:7] - [Инфо] Developer - Mkrtchyan Martun <mart@kassa26.ru>
[11:24:7] - [Инфо] [OkDesk] Файл: '2369-2369data.json' - уже существует в 'data/okdesk'
[11:24:7] - [Инфо] [LOG] Заявка не является завершенной (OkDesk ID: 2369) Пропуск...
[11:24:7] - [Инфо] Developer - Mkrtchyan Martun <mart@kassa26.ru>
[11:24:7] - [Инфо] [OkDesk] Файл: '2370-2370data.json' - уже существует в 'data/okdesk'
[11:24:8] - [Инфо] [LOG] Заявка не является завершенной (OkDesk ID: 2370) Пропуск...
[11:24:8] - [Инфо] Developer - Mkrtchyan Martun <mart@kassa26.ru>
[11:24:8] - [Инфо] [OkDesk] Файл: '2375-2375data.json' - уже существует в 'data/okdesk'
[11:24:8] - [Инфо] [LOG] Заявка не является завершенной (OkDesk ID: 2375) Пропуск...
[11:25:0] - [Инфо] Начало цикла след. последовательности
[11:25:0] - [Инфо] Developer - Mkrtchyan Martun <mart@kassa26.ru>
[11:25:0] - [Инфо] [OkDesk] Файл: '2379-2403data.json' - уже существует в 'data/okdesk'
[11:25:1] - Записи 2379 не существует, пожалуйста исправьте ошибку[11:25:1] - [Инфо] DEBUG: Записи 2379 не существует
[11:25:1] - Записи 2380 не существует, пожалуйста исправьте ошибку[11:25:1] - [Инфо] DEBUG: Записи 2380 не существует
[11:25:1] - Записи 2381 не существует, пожалуйста исправьте ошибку[11:25:1] - [Инфо] DEBUG: Записи 2381 не существует
[11:25:1] - Записи 2382 не существует, пожалуйста исправьте ошибку[11:25:1] - [Инфо] DEBUG: Записи 2382 не существует
[11:25:1] - Записи 2383 не существует, пожалуйста исправьте ошибку[11:25:1] - [Инфо] DEBUG: Записи 2383 не существует
[11:25:1] - Записи 2384 не существует, пожалуйста исправьте ошибку[11:25:1] - [Инфо] DEBUG: Записи 2384 не существует
[11:25:1] - Записи 2385 не существует, пожалуйста исправьте ошибку[11:25:1] - [Инфо] DEBUG: Записи 2385 не существует
[11:25:1] - Записи 2386 не существует, пожалуйста исправьте ошибку[11:25:1] - [Инфо] DEBUG: Записи 2386 не существует
[11:25:2] - Записи 2387 не существует, пожалуйста исправьте ошибку[11:25:2] - [Инфо] DEBUG: Записи 2387 не существует
[11:25:2] - Записи 2388 не существует, пожалуйста исправьте ошибку[11:25:2] - [Инфо] DEBUG: Записи 2388 не существует
[11:25:2] - Записи 2389 не существует, пожалуйста исправьте ошибку[11:25:2] - [Инфо] DEBUG: Записи 2389 не существует
[11:25:2] - Записи 2390 не существует, пожалуйста исправьте ошибку[11:25:2] - [Инфо] DEBUG: Записи 2390 не существует
[11:25:2] - Записи 2391 не существует, пожалуйста исправьте ошибку[11:25:2] - [Инфо] DEBUG: Записи 2391 не существует
[11:25:2] - Записи 2392 не существует, пожалуйста исправьте ошибку[11:25:2] - [Инфо] DEBUG: Записи 2392 не существует
[11:25:2] - Записи 2393 не существует, пожалуйста исправьте ошибку[11:25:2] - [Инфо] DEBUG: Записи 2393 не существует
[11:25:3] - Записи 2394 не существует, пожалуйста исправьте ошибку[11:25:3] - [Инфо] DEBUG: Записи 2394 не существует
[11:25:3] - Записи 2395 не существует, пожалуйста исправьте ошибку[11:25:3] - [Инфо] DEBUG: Записи 2395 не существует
[11:25:3] - Записи 2396 не существует, пожалуйста исправьте ошибку[11:25:3] - [Инфо] DEBUG: Записи 2396 не существует
[11:25:3] - Записи 2397 не существует, пожалуйста исправьте ошибку[11:25:3] - [Инфо] DEBUG: Записи 2397 не существует
[11:25:3] - Записи 2398 не существует, пожалуйста исправьте ошибку[11:25:3] - [Инфо] DEBUG: Записи 2398 не существует
[11:25:3] - Записи 2399 не существует, пожалуйста исправьте ошибку[11:25:3] - [Инфо] DEBUG: Записи 2399 не существует
[11:25:3] - Записи 2400 не существует, пожалуйста исправьте ошибку[11:25:4] - [Инфо] DEBUG: Записи 2400 не существует
[11:25:4] - Записи 2401 не существует, пожалуйста исправьте ошибку[11:25:4] - [Инфо] DEBUG: Записи 2401 не существует
[11:25:4] - Записи 2402 не существует, пожалуйста исправьте ошибку[11:25:4] - [Инфо] DEBUG: Записи 2402 не существует
[11:25:5] - Записи 2403 не существует, пожалуйста исправьте ошибку[11:25:5] - [Инфо] DEBUG: Записи 2403 не существует
[11:25:5] - [Инфо] Начало автоматической выгрузки данных
[11:25:5] - [Инфо] Developer - Mkrtchyan Martun <mart@kassa26.ru>
[11:25:5] - [Инфо] [OkDesk] Файл: '2339-2339data.json' - уже существует в 'data/okdesk'
[11:25:6] - [Инфо] [LOG] Заявка не является завершенной (OkDesk ID: 2339) Пропуск...
[11:25:6] - [Инфо] Developer - Mkrtchyan Martun <mart@kassa26.ru>
[11:25:6] - [Инфо] [OkDesk] Файл: '2369-2369data.json' - уже существует в 'data/okdesk'
[11:25:6] - [Инфо] [LOG] Заявка не является завершенной (OkDesk ID: 2369) Пропуск...
[11:25:6] - [Инфо] Developer - Mkrtchyan Martun <mart@kassa26.ru>
[11:25:6] - [Инфо] [OkDesk] Файл: '2370-2370data.json' - уже существует в 'data/okdesk'
[11:25:7] - [Инфо] [LOG] Заявка не является завершенной (OkDesk ID: 2370) Пропуск...
[11:25:7] - [Инфо] Developer - Mkrtchyan Martun <mart@kassa26.ru>
[11:25:7] - [Инфо] [OkDesk] Файл: '2375-2375data.json' - уже существует в 'data/okdesk'
[11:25:7] - [Инфо] [LOG] Заявка не является завершенной (OkDesk ID: 2375) Пропуск...
[11:26:0] - [Инфо] Начало цикла след. последовательности
[11:26:0] - [Инфо] Developer - Mkrtchyan Martun <mart@kassa26.ru>
[11:26:0] - [Инфо] [OkDesk] Файл: '2379-2403data.json' - уже существует в 'data/okdesk'
[11:26:0] - Записи 2379 не существует, пожалуйста исправьте ошибку[11:26:0] - [Инфо] DEBUG: Записи 2379 не существует
[11:26:0] - Записи 2380 не существует, пожалуйста исправьте ошибку[11:26:0] - [Инфо] DEBUG: Записи 2380 не существует
[11:26:0] - Записи 2381 не существует, пожалуйста исправьте ошибку[11:26:0] - [Инфо] DEBUG: Записи 2381 не существует
[11:26:1] - Записи 2382 не существует, пожалуйста исправьте ошибку[11:26:1] - [Инфо] DEBUG: Записи 2382 не существует
[11:26:1] - Записи 2383 не существует, пожалуйста исправьте ошибку[11:26:1] - [Инфо] DEBUG: Записи 2383 не существует
[11:26:1] - Записи 2384 не существует, пожалуйста исправьте ошибку[11:26:1] - [Инфо] DEBUG: Записи 2384 не существует
[11:26:1] - Записи 2385 не существует, пожалуйста исправьте ошибку[11:26:1] - [Инфо] DEBUG: Записи 2385 не существует
[11:26:1] - Записи 2386 не существует, пожалуйста исправьте ошибку[11:26:1] - [Инфо] DEBUG: Записи 2386 не существует
[11:26:1] - Записи 2387 не существует, пожалуйста исправьте ошибку[11:26:1] - [Инфо] DEBUG: Записи 2387 не существует
[11:26:1] - Записи 2388 не существует, пожалуйста исправьте ошибку[11:26:1] - [Инфо] DEBUG: Записи 2388 не существует
[11:26:2] - Записи 2389 не существует, пожалуйста исправьте ошибку[11:26:2] - [Инфо] DEBUG: Записи 2389 не существует
[11:26:2] - Записи 2390 не существует, пожалуйста исправьте ошибку[11:26:2] - [Инфо] DEBUG: Записи 2390 не существует
[11:26:2] - Записи 2391 не существует, пожалуйста исправьте ошибку[11:26:2] - [Инфо] DEBUG: Записи 2391 не существует
[11:26:2] - Записи 2392 не существует, пожалуйста исправьте ошибку[11:26:2] - [Инфо] DEBUG: Записи 2392 не существует
[11:26:2] - Записи 2393 не существует, пожалуйста исправьте ошибку[11:26:2] - [Инфо] DEBUG: Записи 2393 не существует
[11:26:2] - Записи 2394 не существует, пожалуйста исправьте ошибку[11:26:3] - [Инфо] DEBUG: Записи 2394 не существует
[11:26:3] - Записи 2395 не существует, пожалуйста исправьте ошибку[11:26:3] - [Инфо] DEBUG: Записи 2395 не существует
[11:26:3] - Записи 2396 не существует, пожалуйста исправьте ошибку[11:26:3] - [Инфо] DEBUG: Записи 2396 не существует
[11:26:3] - Записи 2397 не существует, пожалуйста исправьте ошибку[11:26:3] - [Инфо] DEBUG: Записи 2397 не существует
[11:26:3] - Записи 2398 не существует, пожалуйста исправьте ошибку[11:26:3] - [Инфо] DEBUG: Записи 2398 не существует
[11:26:3] - Записи 2399 не существует, пожалуйста исправьте ошибку[11:26:3] - [Инфо] DEBUG: Записи 2399 не существует
[11:26:3] - Записи 2400 не существует, пожалуйста исправьте ошибку[11:26:3] - [Инфо] DEBUG: Записи 2400 не существует
[11:26:4] - Записи 2401 не существует, пожалуйста исправьте ошибку[11:26:4] - [Инфо] DEBUG: Записи 2401 не существует
[11:26:4] - Записи 2402 не существует, пожалуйста исправьте ошибку[11:26:4] - [Инфо] DEBUG: Записи 2402 не существует
[11:26:4] - Записи 2403 не существует, пожалуйста исправьте ошибку[11:26:4] - [Инфо] DEBUG: Записи 2403 не существует
[11:26:4] - [Инфо] Начало автоматической выгрузки данных
[11:26:4] - [Инфо] Developer - Mkrtchyan Martun <mart@kassa26.ru>
[11:26:4] - [Инфо] [OkDesk] Файл: '2339-2339data.json' - уже существует в 'data/okdesk'
[11:26:4] - [Инфо] [LOG] Заявка не является завершенной (OkDesk ID: 2339) Пропуск...
[11:26:4] - [Инфо] Developer - Mkrtchyan Martun <mart@kassa26.ru>
[11:26:4] - [Инфо] [OkDesk] Файл: '2369-2369data.json' - уже существует в 'data/okdesk'
[11:26:5] - [Инфо] [LOG] Заявка не является завершенной (OkDesk ID: 2369) Пропуск...
[11:26:5] - [Инфо] Developer - Mkrtchyan Martun <mart@kassa26.ru>
[11:26:5] - [Инфо] [OkDesk] Файл: '2370-2370data.json' - уже существует в 'data/okdesk'
[11:26:5] - [Инфо] [LOG] Заявка не является завершенной (OkDesk ID: 2370) Пропуск...
[11:26:5] - [Инфо] Developer - Mkrtchyan Martun <mart@kassa26.ru>
[11:26:5] - [Инфо] [OkDesk] Файл: '2375-2375data.json' - уже существует в 'data/okdesk'
[11:26:5] - [Инфо] [LOG] Заявка не является завершенной (OkDesk ID: 2375) Пропуск...
[11:27:0] - [Инфо] Начало цикла след. последовательности
[11:27:0] - [Инфо] Developer - Mkrtchyan Martun <mart@kassa26.ru>
[11:27:0] - [Инфо] [OkDesk] Файл: '2379-2403data.json' - уже существует в 'data/okdesk'
[11:27:1] - Записи 2379 не существует, пожалуйста исправьте ошибку[11:27:1] - [Инфо] DEBUG: Записи 2379 не существует
[11:27:1] - Записи 2380 не существует, пожалуйста исправьте ошибку[11:27:1] - [Инфо] DEBUG: Записи 2380 не существует
[11:27:1] - Записи 2381 не существует, пожалуйста исправьте ошибку[11:27:1] - [Инфо] DEBUG: Записи 2381 не существует
[11:27:1] - Записи 2382 не существует, пожалуйста исправьте ошибку[11:27:1] - [Инфо] DEBUG: Записи 2382 не существует
[11:27:1] - Записи 2383 не существует, пожалуйста исправьте ошибку[11:27:1] - [Инфо] DEBUG: Записи 2383 не существует
[11:27:2] - Записи 2384 не существует, пожалуйста исправьте ошибку[11:27:2] - [Инфо] DEBUG: Записи 2384 не существует
[11:27:2] - Записи 2385 не существует, пожалуйста исправьте ошибку[11:27:2] - [Инфо] DEBUG: Записи 2385 не существует
[11:27:2] - Записи 2386 не существует, пожалуйста исправьте ошибку[11:27:2] - [Инфо] DEBUG: Записи 2386 не существует
[11:27:2] - Записи 2387 не существует, пожалуйста исправьте ошибку[11:27:2] - [Инфо] DEBUG: Записи 2387 не существует
[11:27:2] - Записи 2388 не существует, пожалуйста исправьте ошибку[11:27:2] - [Инфо] DEBUG: Записи 2388 не существует
[11:27:2] - Записи 2389 не существует, пожалуйста исправьте ошибку[11:27:2] - [Инфо] DEBUG: Записи 2389 не существует
[11:27:2] - Записи 2390 не существует, пожалуйста исправьте ошибку[11:27:3] - [Инфо] DEBUG: Записи 2390 не существует
[11:27:3] - Записи 2391 не существует, пожалуйста исправьте ошибку[11:27:3] - [Инфо] DEBUG: Записи 2391 не существует
[11:27:3] - Записи 2392 не существует, пожалуйста исправьте ошибку[11:27:3] - [Инфо] DEBUG: Записи 2392 не существует
[11:27:3] - Записи 2393 не существует, пожалуйста исправьте ошибку[11:27:4] - [Инфо] DEBUG: Записи 2393 не существует
[11:27:4] - Записи 2394 не существует, пожалуйста исправьте ошибку[11:27:5] - [Инфо] DEBUG: Записи 2394 не существует
[11:27:5] - Записи 2395 не существует, пожалуйста исправьте ошибку[11:27:5] - [Инфо] DEBUG: Записи 2395 не существует
[11:27:5] - Записи 2396 не существует, пожалуйста исправьте ошибку[11:27:5] - [Инфо] DEBUG: Записи 2396 не существует
[11:27:6] - Записи 2397 не существует, пожалуйста исправьте ошибку[11:27:6] - [Инфо] DEBUG: Записи 2397 не существует
[11:27:6] - Записи 2398 не существует, пожалуйста исправьте ошибку[11:27:6] - [Инфо] DEBUG: Записи 2398 не существует
[11:27:6] - Записи 2399 не существует, пожалуйста исправьте ошибку[11:27:6] - [Инфо] DEBUG: Записи 2399 не существует
[11:27:6] - Записи 2400 не существует, пожалуйста исправьте ошибку[11:27:6] - [Инфо] DEBUG: Записи 2400 не существует
[11:27:6] - Записи 2401 не существует, пожалуйста исправьте ошибку[11:27:6] - [Инфо] DEBUG: Записи 2401 не существует
[11:27:6] - Записи 2402 не существует, пожалуйста исправьте ошибку[11:27:6] - [Инфо] DEBUG: Записи 2402 не существует
[11:27:7] - Записи 2403 не существует, пожалуйста исправьте ошибку[11:27:7] - [Инфо] DEBUG: Записи 2403 не существует
[11:27:7] - [Инфо] Начало автоматической выгрузки данных
[11:27:7] - [Инфо] Developer - Mkrtchyan Martun <mart@kassa26.ru>
[11:27:7] - [Инфо] [OkDesk] Файл: '2339-2339data.json' - уже существует в 'data/okdesk'
[11:27:7] - [Инфо] [LOG] Заявка не является завершенной (OkDesk ID: 2339) Пропуск...
[11:27:7] - [Инфо] Developer - Mkrtchyan Martun <mart@kassa26.ru>
[11:27:7] - [Инфо] [OkDesk] Файл: '2369-2369data.json' - уже существует в 'data/okdesk'
[11:27:7] - [Инфо] [LOG] Заявка не является завершенной (OkDesk ID: 2369) Пропуск...
[11:27:7] - [Инфо] Developer - Mkrtchyan Martun <mart@kassa26.ru>
[11:27:7] - [Инфо] [OkDesk] Файл: '2370-2370data.json' - уже существует в 'data/okdesk'
[11:27:8] - [Инфо] [LOG] Заявка не является завершенной (OkDesk ID: 2370) Пропуск...
[11:27:8] - [Инфо] Developer - Mkrtchyan Martun <mart@kassa26.ru>
[11:27:8] - [Инфо] [OkDesk] Файл: '2375-2375data.json' - уже существует в 'data/okdesk'
[11:27:8] - [Инфо] [LOG] Заявка не является завершенной (OkDesk ID: 2375) Пропуск...
[11:28:0] - [Инфо] Начало цикла след. последовательности
[11:28:0] - [Инфо] Developer - Mkrtchyan Martun <mart@kassa26.ru>
[11:28:0] - [Инфо] [OkDesk] Файл: '2379-2403data.json' - уже существует в 'data/okdesk'
[11:28:0] - Записи 2379 не существует, пожалуйста исправьте ошибку[11:28:0] - [Инфо] DEBUG: Записи 2379 не существует
[11:28:0] - Записи 2380 не существует, пожалуйста исправьте ошибку[11:28:0] - [Инфо] DEBUG: Записи 2380 не существует
[11:28:1] - Записи 2381 не существует, пожалуйста исправьте ошибку[11:28:1] - [Инфо] DEBUG: Записи 2381 не существует
[11:28:1] - Записи 2382 не существует, пожалуйста исправьте ошибку[11:28:1] - [Инфо] DEBUG: Записи 2382 не существует
[11:28:1] - Записи 2383 не существует, пожалуйста исправьте ошибку[11:28:1] - [Инфо] DEBUG: Записи 2383 не существует
[11:28:1] - Записи 2384 не существует, пожалуйста исправьте ошибку[11:28:1] - [Инфо] DEBUG: Записи 2384 не существует
[11:28:1] - Записи 2385 не существует, пожалуйста исправьте ошибку[11:28:1] - [Инфо] DEBUG: Записи 2385 не существует
[11:28:1] - Записи 2386 не существует, пожалуйста исправьте ошибку[11:28:1] - [Инфо] DEBUG: Записи 2386 не существует
[11:28:2] - Записи 2387 не существует, пожалуйста исправьте ошибку[11:28:2] - [Инфо] DEBUG: Записи 2387 не существует
[11:28:2] - Записи 2388 не существует, пожалуйста исправьте ошибку[11:28:2] - [Инфо] DEBUG: Записи 2388 не существует
[11:28:2] - Записи 2389 не существует, пожалуйста исправьте ошибку[11:28:2] - [Инфо] DEBUG: Записи 2389 не существует
[11:28:2] - Записи 2390 не существует, пожалуйста исправьте ошибку[11:28:2] - [Инфо] DEBUG: Записи 2390 не существует
[11:28:2] - Записи 2391 не существует, пожалуйста исправьте ошибку[11:28:2] - [Инфо] DEBUG: Записи 2391 не существует
[11:28:2] - Записи 2392 не существует, пожалуйста исправьте ошибку[11:28:2] - [Инфо] DEBUG: Записи 2392 не существует
[11:28:3] - Записи 2393 не существует, пожалуйста исправьте ошибку[11:28:3] - [Инфо] DEBUG: Записи 2393 не существует
[11:28:3] - Записи 2394 не существует, пожалуйста исправьте ошибку[11:28:3] - [Инфо] DEBUG: Записи 2394 не существует
[11:28:3] - Записи 2395 не существует, пожалуйста исправьте ошибку[11:28:5] - [Инфо] DEBUG: Записи 2395 не существует
[11:28:5] - Записи 2396 не существует, пожалуйста исправьте ошибку[11:28:5] - [Инфо] DEBUG: Записи 2396 не существует
[11:28:6] - Записи 2397 не существует, пожалуйста исправьте ошибку[11:28:6] - [Инфо] DEBUG: Записи 2397 не существует
[11:28:6] - Записи 2398 не существует, пожалуйста исправьте ошибку[11:28:6] - [Инфо] DEBUG: Записи 2398 не существует
[11:28:6] - Записи 2399 не существует, пожалуйста исправьте ошибку[11:28:6] - [Инфо] DEBUG: Записи 2399 не существует
[11:28:6] - Записи 2400 не существует, пожалуйста исправьте ошибку[11:28:6] - [Инфо] DEBUG: Записи 2400 не существует
[11:28:6] - Записи 2401 не существует, пожалуйста исправьте ошибку[11:28:6] - [Инфо] DEBUG: Записи 2401 не существует
[11:28:6] - Записи 2402 не существует, пожалуйста исправьте ошибку[11:28:6] - [Инфо] DEBUG: Записи 2402 не существует
[11:28:6] - Записи 2403 не существует, пожалуйста исправьте ошибку[11:28:7] - [Инфо] DEBUG: Записи 2403 не существует
[11:28:7] - [Инфо] Начало автоматической выгрузки данных
[11:28:7] - [Инфо] Developer - Mkrtchyan Martun <mart@kassa26.ru>
[11:28:7] - [Инфо] [OkDesk] Файл: '2339-2339data.json' - уже существует в 'data/okdesk'
[11:28:7] - [Инфо] [LOG] Заявка не является завершенной (OkDesk ID: 2339) Пропуск...
[11:28:7] - [Инфо] Developer - Mkrtchyan Martun <mart@kassa26.ru>
[11:28:7] - [Инфо] [OkDesk] Файл: '2369-2369data.json' - уже существует в 'data/okdesk'
[11:28:7] - [Инфо] [LOG] Заявка не является завершенной (OkDesk ID: 2369) Пропуск...
[11:28:7] - [Инфо] Developer - Mkrtchyan Martun <mart@kassa26.ru>
[11:28:7] - [Инфо] [OkDesk] Файл: '2370-2370data.json' - уже существует в 'data/okdesk'
[11:28:9] - [Инфо] [LOG] Заявка не является завершенной (OkDesk ID: 2370) Пропуск...
[11:28:9] - [Инфо] Developer - Mkrtchyan Martun <mart@kassa26.ru>
[11:28:9] - [Инфо] [OkDesk] Файл: '2375-2375data.json' - уже существует в 'data/okdesk'
[11:28:9] - [Инфо] [LOG] Заявка не является завершенной (OkDesk ID: 2375) Пропуск...
[11:29:0] - [Инфо] Начало цикла след. последовательности
[11:29:0] - [Инфо] Developer - Mkrtchyan Martun <mart@kassa26.ru>
[11:29:0] - [Инфо] [OkDesk] Файл: '2379-2403data.json' - уже существует в 'data/okdesk'
[11:29:1] - Записи 2379 не существует, пожалуйста исправьте ошибку[11:29:1] - [Инфо] DEBUG: Записи 2379 не существует
[11:29:1] - Записи 2380 не существует, пожалуйста исправьте ошибку[11:29:1] - [Инфо] DEBUG: Записи 2380 не существует
[11:29:1] - Записи 2381 не существует, пожалуйста исправьте ошибку[11:29:1] - [Инфо] DEBUG: Записи 2381 не существует
[11:29:1] - Записи 2382 не существует, пожалуйста исправьте ошибку[11:29:1] - [Инфо] DEBUG: Записи 2382 не существует
[11:29:1] - Записи 2383 не существует, пожалуйста исправьте ошибку[11:29:1] - [Инфо] DEBUG: Записи 2383 не существует
[11:29:1] - Записи 2384 не существует, пожалуйста исправьте ошибку[11:29:1] - [Инфо] DEBUG: Записи 2384 не существует
[11:29:2] - Записи 2385 не существует, пожалуйста исправьте ошибку[11:29:2] - [Инфо] DEBUG: Записи 2385 не существует
[11:29:2] - Записи 2386 не существует, пожалуйста исправьте ошибку[11:29:2] - [Инфо] DEBUG: Записи 2386 не существует
[11:29:2] - Записи 2387 не существует, пожалуйста исправьте ошибку[11:29:2] - [Инфо] DEBUG: Записи 2387 не существует
[11:29:2] - Записи 2388 не существует, пожалуйста исправьте ошибку[11:29:2] - [Инфо] DEBUG: Записи 2388 не существует
[11:29:2] - Записи 2389 не существует, пожалуйста исправьте ошибку[11:29:2] - [Инфо] DEBUG: Записи 2389 не существует
[11:29:2] - Записи 2390 не существует, пожалуйста исправьте ошибку[11:29:2] - [Инфо] DEBUG: Записи 2390 не существует
[11:29:2] - Записи 2391 не существует, пожалуйста исправьте ошибку[11:29:2] - [Инфо] DEBUG: Записи 2391 не существует
[11:29:3] - Записи 2392 не существует, пожалуйста исправьте ошибку[11:29:3] - [Инфо] DEBUG: Записи 2392 не существует
[11:29:3] - Записи 2393 не существует, пожалуйста исправьте ошибку[11:29:3] - [Инфо] DEBUG: Записи 2393 не существует
[11:29:3] - Записи 2394 не существует, пожалуйста исправьте ошибку[11:29:3] - [Инфо] DEBUG: Записи 2394 не существует
[11:29:3] - Записи 2395 не существует, пожалуйста исправьте ошибку[11:29:3] - [Инфо] DEBUG: Записи 2395 не существует
[11:29:3] - Записи 2396 не существует, пожалуйста исправьте ошибку[11:29:3] - [Инфо] DEBUG: Записи 2396 не существует
[11:29:3] - Записи 2397 не существует, пожалуйста исправьте ошибку[11:29:3] - [Инфо] DEBUG: Записи 2397 не существует
[11:29:4] - Записи 2398 не существует, пожалуйста исправьте ошибку[11:29:4] - [Инфо] DEBUG: Записи 2398 не существует
[11:29:4] - Записи 2399 не существует, пожалуйста исправьте ошибку[11:29:4] - [Инфо] DEBUG: Записи 2399 не существует
[11:29:4] - Записи 2400 не существует, пожалуйста исправьте ошибку[11:29:4] - [Инфо] DEBUG: Записи 2400 не существует
[11:29:4] - Записи 2401 не существует, пожалуйста исправьте ошибку[11:29:4] - [Инфо] DEBUG: Записи 2401 не существует
[11:29:4] - Записи 2402 не существует, пожалуйста исправьте ошибку[11:29:4] - [Инфо] DEBUG: Записи 2402 не существует
[11:29:4] - Записи 2403 не существует, пожалуйста исправьте ошибку[11:29:4] - [Инфо] DEBUG: Записи 2403 не существует
[11:29:4] - [Инфо] Начало автоматической выгрузки данных
[11:29:4] - [Инфо] Developer - Mkrtchyan Martun <mart@kassa26.ru>
[11:29:4] - [Инфо] [OkDesk] Файл: '2339-2339data.json' - уже существует в 'data/okdesk'
[11:29:5] - [Инфо] [LOG] Заявка не является завершенной (OkDesk ID: 2339) Пропуск...
[11:29:5] - [Инфо] Developer - Mkrtchyan Martun <mart@kassa26.ru>
[11:29:5] - [Инфо] [OkDesk] Файл: '2369-2369data.json' - уже существует в 'data/okdesk'
[11:29:5] - [Инфо] [LOG] Заявка не является завершенной (OkDesk ID: 2369) Пропуск...
[11:29:5] - [Инфо] Developer - Mkrtchyan Martun <mart@kassa26.ru>
[11:29:5] - [Инфо] [OkDesk] Файл: '2370-2370data.json' - уже существует в 'data/okdesk'
[11:29:5] - [Инфо] [LOG] Заявка не является завершенной (OkDesk ID: 2370) Пропуск...
[11:29:5] - [Инфо] Developer - Mkrtchyan Martun <mart@kassa26.ru>
[11:29:5] - [Инфо] [OkDesk] Файл: '2375-2375data.json' - уже существует в 'data/okdesk'
[11:29:6] - [Инфо] [LOG] Заявка не является завершенной (OkDesk ID: 2375) Пропуск...
[11:30:0] - [Инфо] Начало цикла след. последовательности
[11:30:0] - [Инфо] Developer - Mkrtchyan Martun <mart@kassa26.ru>
[11:30:0] - [Инфо] [OkDesk] Файл: '2379-2403data.json' - уже существует в 'data/okdesk'
[11:30:1] - Записи 2379 не существует, пожалуйста исправьте ошибку[11:30:1] - [Инфо] DEBUG: Записи 2379 не существует
[11:30:1] - Записи 2380 не существует, пожалуйста исправьте ошибку[11:30:2] - [Инфо] DEBUG: Записи 2380 не существует
[11:30:2] - Записи 2381 не существует, пожалуйста исправьте ошибку[11:30:2] - [Инфо] DEBUG: Записи 2381 не существует
[11:30:2] - Записи 2382 не существует, пожалуйста исправьте ошибку[11:30:2] - [Инфо] DEBUG: Записи 2382 не существует
[11:30:2] - Записи 2383 не существует, пожалуйста исправьте ошибку[11:30:2] - [Инфо] DEBUG: Записи 2383 не существует
[11:30:2] - Записи 2384 не существует, пожалуйста исправьте ошибку[11:30:2] - [Инфо] DEBUG: Записи 2384 не существует
[11:30:2] - Записи 2385 не существует, пожалуйста исправьте ошибку[11:30:2] - [Инфо] DEBUG: Записи 2385 не существует
[11:30:3] - Записи 2386 не существует, пожалуйста исправьте ошибку[11:30:3] - [Инфо] DEBUG: Записи 2386 не существует
[11:30:3] - Записи 2387 не существует, пожалуйста исправьте ошибку[11:30:3] - [Инфо] DEBUG: Записи 2387 не существует
[11:30:5] - Записи 2388 не существует, пожалуйста исправьте ошибку[11:30:5] - [Инфо] DEBUG: Записи 2388 не существует
[11:30:7] - Записи 2389 не существует, пожалуйста исправьте ошибку[11:30:7] - [Инфо] DEBUG: Записи 2389 не существует
[11:30:7] - Записи 2390 не существует, пожалуйста исправьте ошибку[11:30:8] - [Инфо] DEBUG: Записи 2390 не существует
[11:30:8] - Записи 2391 не существует, пожалуйста исправьте ошибку[11:30:8] - [Инфо] DEBUG: Записи 2391 не существует
[11:30:8] - Записи 2392 не существует, пожалуйста исправьте ошибку[11:30:8] - [Инфо] DEBUG: Записи 2392 не существует
[11:30:8] - Записи 2393 не существует, пожалуйста исправьте ошибку[11:30:8] - [Инфо] DEBUG: Записи 2393 не существует
[11:30:8] - Записи 2394 не существует, пожалуйста исправьте ошибку[11:30:9] - [Инфо] DEBUG: Записи 2394 не существует
[11:30:9] - Записи 2395 не существует, пожалуйста исправьте ошибку[11:30:9] - [Инфо] DEBUG: Записи 2395 не существует
[11:30:9] - Записи 2396 не существует, пожалуйста исправьте ошибку[11:30:9] - [Инфо] DEBUG: Записи 2396 не существует
[11:30:9] - Записи 2397 не существует, пожалуйста исправьте ошибку[11:30:9] - [Инфо] DEBUG: Записи 2397 не существует
[11:30:9] - Записи 2398 не существует, пожалуйста исправьте ошибку[11:30:9] - [Инфо] DEBUG: Записи 2398 не существует
[11:30:9] - Записи 2399 не существует, пожалуйста исправьте ошибку[11:30:9] - [Инфо] DEBUG: Записи 2399 не существует
[11:30:9] - Записи 2400 не существует, пожалуйста исправьте ошибку[11:30:10] - [Инфо] DEBUG: Записи 2400 не существует
[11:30:10] - Записи 2401 не существует, пожалуйста исправьте ошибку[11:30:10] - [Инфо] DEBUG: Записи 2401 не существует
[11:30:10] - Записи 2402 не существует, пожалуйста исправьте ошибку[11:30:10] - [Инфо] DEBUG: Записи 2402 не существует
[11:30:10] - Записи 2403 не существует, пожалуйста исправьте ошибку[11:30:10] - [Инфо] DEBUG: Записи 2403 не существует
[11:30:10] - [Инфо] Начало автоматической выгрузки данных
[11:30:10] - [Инфо] Developer - Mkrtchyan Martun <mart@kassa26.ru>
[11:30:10] - [Инфо] [OkDesk] Файл: '2339-2339data.json' - уже существует в 'data/okdesk'
[11:30:10] - [Инфо] [LOG] Заявка не является завершенной (OkDesk ID: 2339) Пропуск...
[11:30:10] - [Инфо] Developer - Mkrtchyan Martun <mart@kassa26.ru>
[11:30:10] - [Инфо] [OkDesk] Файл: '2369-2369data.json' - уже существует в 'data/okdesk'
[11:30:11] - [Инфо] [LOG] Заявка не является завершенной (OkDesk ID: 2369) Пропуск...
[11:30:11] - [Инфо] Developer - Mkrtchyan Martun <mart@kassa26.ru>
[11:30:11] - [Инфо] [OkDesk] Файл: '2370-2370data.json' - уже существует в 'data/okdesk'
[11:30:11] - [Инфо] [LOG] Заявка не является завершенной (OkDesk ID: 2370) Пропуск...
[11:30:11] - [Инфо] Developer - Mkrtchyan Martun <mart@kassa26.ru>
[11:30:11] - [Инфо] [OkDesk] Файл: '2375-2375data.json' - уже существует в 'data/okdesk'
[11:30:11] - [Инфо] [LOG] Заявка не является завершенной (OkDesk ID: 2375) Пропуск...
[23:59:1] - [Инфо] Начало цикла след. последовательности
[23:59:1] - [Инфо] Developer - Mkrtchyan Martun <mart@kassa26.ru>
[23:59:2] - Заявка уже была ранее выгружена. (OkDesk ID: 2378), пожалуйста исправьте ошибку[23:59:2] - [Инфо] Сущность с ID: 2379 обработана на сервере.
[23:59:3] - [Инфо] Отправка данных в Спутник...
[23:59:3] - [Инфо] task status: success, task time status: success
[23:59:3] - [Инфо] SputnikTaskID: 32597
[23:59:3] - [Инфо] Сущность с ID: 2380 обработана на сервере.
[23:59:3] - [Инфо] comment id: 163976, task comment status: success
[23:59:3] - [Инфо] Отправка данных в Спутник...
[23:59:3] - [Инфо] task status: success, task time status: success
[23:59:3] - [Инфо] SputnikTaskID: 32598
[23:59:4] - [Инфо] Сущность с ID: 2381 обработана на сервере.
[23:59:4] - [Инфо] comment id: 163977, task comment status: success
[23:59:4] - [Инфо] Отправка данных в Спутник...
[23:59:4] - [Инфо] task status: success, task time status: success
[23:59:4] - [Инфо] SputnikTaskID: 32599
[23:59:4] - [Инфо] comment id: 163978, task comment status: success
[23:59:4] - [Инфо] comment id: 163979, task comment status: success
[23:59:5] - [Инфо] 2382
[23:59:5] - [Инфо] [LOG] Заявка не является завершенной (OkDesk ID: 2382) Пропуск...
[23:59:7] - [Инфо] Сущность с ID: 2383 обработана на сервере.
[23:59:7] - [Инфо] Отправка данных в Спутник...
[23:59:7] - [Инфо] task status: success, task time status: success
[23:59:7] - [Инфо] SputnikTaskID: 32600
[23:59:7] - [Инфо] comment id: 163980, task comment status: success
[23:59:7] - [Инфо] Сущность с ID: 2384 обработана на сервере.
[23:59:7] - [Инфо] Отправка данных в Спутник...
[23:59:7] - [Инфо] task status: success, task time status: success
[23:59:7] - [Инфо] SputnikTaskID: 32601
[23:59:7] - [Инфо] comment id: 163981, task comment status: success
[23:59:7] - [Инфо] 2385
[23:59:7] - [Инфо] [LOG] Заявка не является завершенной (OkDesk ID: 2385) Пропуск...
[23:59:8] - [Инфо] Сущность с ID: 2386 обработана на сервере.
[23:59:8] - [Инфо] Отправка данных в Спутник...
[23:59:8] - [Инфо] task status: success, task time status: success
[23:59:8] - [Инфо] SputnikTaskID: 32602
[23:59:9] - [Инфо] comment id: 163982, task comment status: success
[23:59:9] - [Инфо] Сущность с ID: 2387 обработана на сервере.
[23:59:9] - Записи 2388 не существует, пожалуйста исправьте ошибку[23:59:9] - [Инфо] DEBUG: Записи 2388 не существует
[23:59:9] - [Инфо] Отправка данных в Спутник...
[23:59:9] - [Инфо] task status: success, task time status: success
[23:59:9] - [Инфо] SputnikTaskID: 32603
[23:59:9] - Записи 2389 не существует, пожалуйста исправьте ошибку[23:59:9] - [Инфо] comment id: 163983, task comment status: success
[23:59:9] - [Инфо] DEBUG: Записи 2389 не существует
[23:59:9] - Записи 2390 не существует, пожалуйста исправьте ошибку[23:59:10] - [Инфо] DEBUG: Записи 2390 не существует
[23:59:10] - Записи 2391 не существует, пожалуйста исправьте ошибку[23:59:10] - [Инфо] DEBUG: Записи 2391 не существует
[23:59:10] - Записи 2392 не существует, пожалуйста исправьте ошибку[23:59:10] - [Инфо] DEBUG: Записи 2392 не существует
[23:59:10] - Записи 2393 не существует, пожалуйста исправьте ошибку[23:59:10] - [Инфо] DEBUG: Записи 2393 не существует
[23:59:10] - Записи 2394 не существует, пожалуйста исправьте ошибку[23:59:10] - [Инфо] DEBUG: Записи 2394 не существует
[23:59:11] - Записи 2395 не существует, пожалуйста исправьте ошибку[23:59:11] - [Инфо] DEBUG: Записи 2395 не существует
[23:59:11] - Записи 2396 не существует, пожалуйста исправьте ошибку[23:59:11] - [Инфо] DEBUG: Записи 2396 не существует
[23:59:11] - Записи 2397 не существует, пожалуйста исправьте ошибку[23:59:11] - [Инфо] DEBUG: Записи 2397 не существует
[23:59:11] - Записи 2398 не существует, пожалуйста исправьте ошибку[23:59:11] - [Инфо] DEBUG: Записи 2398 не существует
[23:59:11] - Записи 2399 не существует, пожалуйста исправьте ошибку[23:59:11] - [Инфо] DEBUG: Записи 2399 не существует
[23:59:11] - Записи 2400 не существует, пожалуйста исправьте ошибку[23:59:12] - [Инфо] DEBUG: Записи 2400 не существует
[23:59:12] - Записи 2401 не существует, пожалуйста исправьте ошибку[23:59:12] - [Инфо] DEBUG: Записи 2401 не существует
[23:59:12] - Записи 2402 не существует, пожалуйста исправьте ошибку[23:59:12] - [Инфо] DEBUG: Записи 2402 не существует
[23:59:12] - Записи 2403 не существует, пожалуйста исправьте ошибку[23:59:12] - [Инфо] DEBUG: Записи 2403 не существует
[23:59:12] - [Инфо] Начало автоматической выгрузки данных
[23:59:12] - [Инфо] Developer - Mkrtchyan Martun <mart@kassa26.ru>
[23:59:12] - [Инфо] [OkDesk] Файл: '2339-2339data.json' - уже существует в 'data/okdesk'
[23:59:12] - [Инфо] [LOG] Заявка не является завершенной (OkDesk ID: 2339) Пропуск...
[23:59:12] - [Инфо] Developer - Mkrtchyan Martun <mart@kassa26.ru>
[23:59:12] - [Инфо] [OkDesk] Файл: '2369-2369data.json' - уже существует в 'data/okdesk'
[23:59:13] - [Инфо] [LOG] Заявка не является завершенной (OkDesk ID: 2369) Пропуск...
[23:59:13] - [Инфо] Developer - Mkrtchyan Martun <mart@kassa26.ru>
[23:59:13] - [Инфо] [OkDesk] Файл: '2370-2370data.json' - уже существует в 'data/okdesk'
[23:59:13] - [Инфо] [LOG] Заявка не является завершенной (OkDesk ID: 2370) Пропуск...
[23:59:13] - [Инфо] Developer - Mkrtchyan Martun <mart@kassa26.ru>
[23:59:13] - [Инфо] [OkDesk] Файл: '2375-2375data.json' - уже существует в 'data/okdesk'
[23:59:14] - [Инфо] Сущность с ID: 2375 обработана на сервере.
[23:59:14] - [Инфо] Отправка данных в Спутник...
[23:59:14] - [Инфо] task status: success, task time status: success
[23:59:14] - [Инфо] SputnikTaskID: 32604
[23:59:14] - [Инфо] comment id: 163984, task comment status: success
