[23:59:0] - [Инфо] Начало цикла след. последовательности
[23:59:0] - [Инфо] Developer - Mkrtchyan Martun <mart@kassa26.ru>
[23:59:1] - Заявка уже была ранее выгружена. (OkDesk ID: 2691), пожалуйста исправьте ошибку[23:59:2] - [Инфо] Сущность с ID: 2692 обработана на сервере.
[23:59:2] - [Инфо] Отправка данных в Спутник...
[23:59:2] - [Инфо] task status: success, task time status: success
[23:59:2] - [Инфо] SputnikTaskID: 33154
[23:59:3] - [Инфо] Сущность с ID: 2693 обработана на сервере.
[23:59:3] - [Инфо] Отправка данных в Спутник...
[23:59:3] - [Инфо] task status: success, task time status: success
[23:59:3] - [Инфо] SputnikTaskID: 33155
[23:59:3] - [Инфо] comment id: 166528, task comment status: success
[23:59:3] - [Инфо] comment id: 166529, task comment status: success
[23:59:3] - [Инфо] Сущность с ID: 2694 обработана на сервере.
[23:59:3] - [Инфо] Отправка данных в Спутник...
[23:59:3] - [Инфо] task status: success, task time status: success
[23:59:3] - [Инфо] SputnikTaskID: 33156
[23:59:4] - [Инфо] comment id: 166530, task comment status: success
[23:59:4] - [Инфо] Сущность с ID: 2695 обработана на сервере.
[23:59:4] - Записи 2696 не существует, пожалуйста исправьте ошибку[23:59:4] - [Инфо] DEBUG: Записи 2696 не существует
[23:59:4] - [Инфо] Отправка данных в Спутник...
[23:59:4] - [Инфо] task status: success, task time status: success
[23:59:4] - [Инфо] SputnikTaskID: 33157
[23:59:4] - Записи 2697 не существует, пожалуйста исправьте ошибку[23:59:4] - [Инфо] DEBUG: Записи 2697 не существует
[23:59:4] - Записи 2698 не существует, пожалуйста исправьте ошибку[23:59:4] - [Инфо] comment id: 166531, task comment status: success
[23:59:5] - [Инфо] comment id: 166532, task comment status: success
[23:59:5] - [Инфо] DEBUG: Записи 2698 не существует
[23:59:5] - Записи 2699 не существует, пожалуйста исправьте ошибку[23:59:5] - [Инфо] comment id: 166533, task comment status: success
[23:59:5] - [Инфо] DEBUG: Записи 2699 не существует
[23:59:5] - Записи 2700 не существует, пожалуйста исправьте ошибку[23:59:5] - [Инфо] comment id: 166534, task comment status: success
[23:59:5] - [Инфо] DEBUG: Записи 2700 не существует
[23:59:5] - [Инфо] comment id: 166535, task comment status: success
[23:59:5] - Записи 2701 не существует, пожалуйста исправьте ошибку[23:59:5] - [Инфо] DEBUG: Записи 2701 не существует
[23:59:5] - [Инфо] comment id: 166536, task comment status: success
[23:59:5] - Записи 2702 не существует, пожалуйста исправьте ошибку[23:59:5] - [Инфо] comment id: 166537, task comment status: success
[23:59:5] - [Инфо] DEBUG: Записи 2702 не существует
[23:59:5] - Записи 2703 не существует, пожалуйста исправьте ошибку[23:59:5] - [Инфо] comment id: 166538, task comment status: success
[23:59:6] - [Инфо] DEBUG: Записи 2703 не существует
[23:59:6] - Записи 2704 не существует, пожалуйста исправьте ошибку[23:59:6] - [Инфо] DEBUG: Записи 2704 не существует
[23:59:6] - Записи 2705 не существует, пожалуйста исправьте ошибку[23:59:6] - [Инфо] DEBUG: Записи 2705 не существует
[23:59:6] - Записи 2706 не существует, пожалуйста исправьте ошибку[23:59:6] - [Инфо] DEBUG: Записи 2706 не существует
[23:59:6] - Записи 2707 не существует, пожалуйста исправьте ошибку[23:59:6] - [Инфо] DEBUG: Записи 2707 не существует
[23:59:6] - Записи 2708 не существует, пожалуйста исправьте ошибку[23:59:6] - [Инфо] DEBUG: Записи 2708 не существует
[23:59:7] - Записи 2709 не существует, пожалуйста исправьте ошибку[23:59:7] - [Инфо] DEBUG: Записи 2709 не существует
[23:59:7] - Записи 2710 не существует, пожалуйста исправьте ошибку[23:59:7] - [Инфо] DEBUG: Записи 2710 не существует
[23:59:7] - Записи 2711 не существует, пожалуйста исправьте ошибку[23:59:7] - [Инфо] DEBUG: Записи 2711 не существует
[23:59:7] - Записи 2712 не существует, пожалуйста исправьте ошибку[23:59:7] - [Инфо] DEBUG: Записи 2712 не существует
[23:59:7] - Записи 2713 не существует, пожалуйста исправьте ошибку[23:59:7] - [Инфо] DEBUG: Записи 2713 не существует
[23:59:7] - Записи 2714 не существует, пожалуйста исправьте ошибку[23:59:8] - [Инфо] DEBUG: Записи 2714 не существует
[23:59:8] - Записи 2715 не существует, пожалуйста исправьте ошибку[23:59:8] - [Инфо] DEBUG: Записи 2715 не существует
[23:59:8] - Записи 2716 не существует, пожалуйста исправьте ошибку[23:59:8] - [Инфо] DEBUG: Записи 2716 не существует
[23:59:8] - [Инфо] Начало автоматической выгрузки данных
[23:59:8] - [Инфо] Developer - Mkrtchyan Martun <mart@kassa26.ru>
[23:59:8] - [Инфо] [OkDesk] Файл: '2563-2563data.json' - уже существует в 'data/okdesk'
[23:59:8] - [Инфо] [LOG] Заявка не является завершенной (OkDesk ID: 2563) Пропуск...
[23:59:8] - [Инфо] Developer - Mkrtchyan Martun <mart@kassa26.ru>
[23:59:8] - [Инфо] [OkDesk] Файл: '2589-2589data.json' - уже существует в 'data/okdesk'
[23:59:9] - [Инфо] [LOG] Заявка не является завершенной (OkDesk ID: 2589) Пропуск...
[23:59:9] - [Инфо] Developer - Mkrtchyan Martun <mart@kassa26.ru>
[23:59:9] - [Инфо] [OkDesk] Файл: '2625-2625data.json' - уже существует в 'data/okdesk'
[23:59:9] - [Инфо] [LOG] Заявка не является завершенной (OkDesk ID: 2625) Пропуск...
[23:59:9] - [Инфо] Developer - Mkrtchyan Martun <mart@kassa26.ru>
[23:59:9] - [Инфо] [OkDesk] Файл: '2664-2664data.json' - уже существует в 'data/okdesk'
[23:59:9] - [Инфо] [LOG] Заявка не является завершенной (OkDesk ID: 2664) Пропуск...
[23:59:9] - [Инфо] Developer - Mkrtchyan Martun <mart@kassa26.ru>
[23:59:9] - [Инфо] [OkDesk] Файл: '2685-2685data.json' - уже существует в 'data/okdesk'
[23:59:10] - [Инфо] [LOG] Заявка не является завершенной (OkDesk ID: 2685) Пропуск...
