[23:59:2] - [Инфо] Начало цикла след. последовательности
[23:59:2] - [Инфо] Developer - Mkrtchyan Martun <mart@kassa26.ru>
[23:59:4] - Заявка уже была ранее выгружена. (OkDesk ID: 3267), пожалуйста исправьте ошибку[23:59:4] - [Инфо] Сущность с ID: 3268 обработана на сервере.
[23:59:5] - [Инфо] Сущность с ID: 3269 обработана на сервере.
[23:59:6] - [Инфо] Сущность с ID: 3270 обработана на сервере.
[23:59:7] - [Инфо] Сущность с ID: 3271 обработана на сервере.
[23:59:7] - [Инфо] Сущность с ID: 3272 обработана на сервере.
[23:59:8] - [Инфо] Сущность с ID: 3273 обработана на сервере.
[23:59:8] - [Инфо] Сущность с ID: 3274 обработана на сервере.
[23:59:9] - [Инфо] Сущность с ID: 3275 обработана на сервере.
[23:59:9] - [Инфо] Сущность с ID: 3276 обработана на сервере.
[23:59:10] - Записи 3277 не существует, пожалуйста исправьте ошибку[23:59:10] - [Инфо] DEBUG: Записи 3277 не существует
[23:59:10] - Записи 3278 не существует, пожалуйста исправьте ошибку[23:59:10] - [Инфо] DEBUG: Записи 3278 не существует
[23:59:10] - Записи 3279 не существует, пожалуйста исправьте ошибку[23:59:10] - [Инфо] DEBUG: Записи 3279 не существует
[23:59:10] - Записи 3280 не существует, пожалуйста исправьте ошибку[23:59:10] - [Инфо] DEBUG: Записи 3280 не существует
[23:59:10] - Записи 3281 не существует, пожалуйста исправьте ошибку[23:59:10] - [Инфо] DEBUG: Записи 3281 не существует
[23:59:10] - Записи 3282 не существует, пожалуйста исправьте ошибку[23:59:11] - [Инфо] DEBUG: Записи 3282 не существует
[23:59:11] - Записи 3283 не существует, пожалуйста исправьте ошибку[23:59:11] - [Инфо] DEBUG: Записи 3283 не существует
[23:59:11] - Записи 3284 не существует, пожалуйста исправьте ошибку[23:59:11] - [Инфо] DEBUG: Записи 3284 не существует
[23:59:11] - Записи 3285 не существует, пожалуйста исправьте ошибку[23:59:11] - [Инфо] DEBUG: Записи 3285 не существует
[23:59:11] - Записи 3286 не существует, пожалуйста исправьте ошибку[23:59:11] - [Инфо] DEBUG: Записи 3286 не существует
[23:59:11] - Записи 3287 не существует, пожалуйста исправьте ошибку[23:59:11] - [Инфо] DEBUG: Записи 3287 не существует
[23:59:12] - Записи 3288 не существует, пожалуйста исправьте ошибку[23:59:12] - [Инфо] DEBUG: Записи 3288 не существует
[23:59:12] - Записи 3289 не существует, пожалуйста исправьте ошибку[23:59:12] - [Инфо] DEBUG: Записи 3289 не существует
[23:59:12] - Записи 3290 не существует, пожалуйста исправьте ошибку[23:59:12] - [Инфо] DEBUG: Записи 3290 не существует
[23:59:12] - Записи 3291 не существует, пожалуйста исправьте ошибку[23:59:12] - [Инфо] DEBUG: Записи 3291 не существует
[23:59:12] - Записи 3292 не существует, пожалуйста исправьте ошибку[23:59:12] - [Инфо] DEBUG: Записи 3292 не существует
[23:59:12] - [Инфо] Начало автоматической выгрузки данных
[23:59:12] - [Инфо] Developer - Mkrtchyan Martun <mart@kassa26.ru>
[23:59:12] - [Инфо] [OkDesk] Файл: '2589-2589data.json' - уже существует в 'data/okdesk'
[23:59:13] - [Инфо] [LOG] Заявка не является завершенной (OkDesk ID: 2589) Пропуск...
[23:59:13] - [Инфо] Developer - Mkrtchyan Martun <mart@kassa26.ru>
[23:59:13] - [Инфо] [OkDesk] Файл: '2702-2702data.json' - уже существует в 'data/okdesk'
[23:59:13] - [Инфо] [LOG] Заявка не является завершенной (OkDesk ID: 2702) Пропуск...
[23:59:13] - [Инфо] Developer - Mkrtchyan Martun <mart@kassa26.ru>
[23:59:13] - [Инфо] [OkDesk] Файл: '2821-2821data.json' - уже существует в 'data/okdesk'
[23:59:13] - [Инфо] [LOG] Заявка не является завершенной (OkDesk ID: 2821) Пропуск...
[23:59:13] - [Инфо] Developer - Mkrtchyan Martun <mart@kassa26.ru>
[23:59:13] - [Инфо] [OkDesk] Файл: '2845-2845data.json' - уже существует в 'data/okdesk'
[23:59:14] - [Инфо] [LOG] Заявка не является завершенной (OkDesk ID: 2845) Пропуск...
[23:59:14] - [Инфо] Developer - Mkrtchyan Martun <mart@kassa26.ru>
[23:59:14] - [Инфо] [OkDesk] Файл: '3022-3022data.json' - уже существует в 'data/okdesk'
[23:59:14] - [Инфо] [LOG] Заявка не является завершенной (OkDesk ID: 3022) Пропуск...
[23:59:14] - [Инфо] Developer - Mkrtchyan Martun <mart@kassa26.ru>
[23:59:14] - [Инфо] [OkDesk] Файл: '3236-3236data.json' - уже существует в 'data/okdesk'
[23:59:14] - [Инфо] [LOG] Заявка не является завершенной (OkDesk ID: 3236) Пропуск...
[23:59:14] - [Инфо] Developer - Mkrtchyan Martun <mart@kassa26.ru>
[23:59:15] - [Инфо] [LOG] Заявка не является завершенной (OkDesk ID: 3264) Пропуск...
[23:59:19] - [Инфо] Отправка данных в Спутник...
[23:59:19] - [Инфо] task status: success, task time status: success
[23:59:19] - [Инфо] SputnikTaskID: 34269
[23:59:19] - [Инфо] Отправка данных в Спутник...
[23:59:19] - [Инфо] task status: success, task time status: success
[23:59:19] - [Инфо] SputnikTaskID: 34270
[23:59:19] - [Инфо] Отправка данных в Спутник...
[23:59:19] - [Инфо] task status: success, task time status: success
[23:59:19] - [Инфо] SputnikTaskID: 34271
[23:59:19] - [Инфо] Отправка данных в Спутник...
[23:59:19] - [Инфо] task status: success, task time status: success
[23:59:19] - [Инфо] SputnikTaskID: 34273
[23:59:19] - [Инфо] Отправка данных в Спутник...
[23:59:19] - [Инфо] task status: success, task time status: success
[23:59:19] - [Инфо] SputnikTaskID: 34272
[23:59:19] - [Инфо] Отправка данных в Спутник...
[23:59:19] - [Инфо] task status: success, task time status: success
[23:59:19] - [Инфо] SputnikTaskID: 34274
[23:59:19] - [Инфо] Отправка данных в Спутник...
[23:59:19] - [Инфо] task status: success, task time status: success
[23:59:19] - [Инфо] SputnikTaskID: 34275
[23:59:20] - [Инфо] comment id: 171855, task comment status: success
[23:59:20] - [Инфо] comment id: 171856, task comment status: success
[23:59:20] - [Инфо] comment id: 171857, task comment status: success
[23:59:20] - [Инфо] comment id: 171858, task comment status: success
[23:59:20] - [Инфо] comment id: 171860, task comment status: success
[23:59:20] - [Инфо] comment id: 171859, task comment status: success
[23:59:20] - [Инфо] comment id: 171861, task comment status: success
[23:59:20] - [Инфо] comment id: 171862, task comment status: success
[23:59:20] - [Инфо] comment id: 171863, task comment status: success
