[23:59:2] - [Инфо] Начало цикла след. последовательности
[23:59:2] - [Инфо] Developer - Mkrtchyan Martun <mart@kassa26.ru>
[23:59:4] - Заявка уже была ранее выгружена. (OkDesk ID: 2943), пожалуйста исправьте ошибку[23:59:4] - [Инфо] Сущность с ID: 2944 обработана на сервере.
[23:59:5] - [Инфо] Отправка данных в Спутник...
[23:59:5] - [Инфо] task status: success, task time status: success
[23:59:5] - [Инфо] SputnikTaskID: 33737
[23:59:5] - [Инфо] Сущность с ID: 2945 обработана на сервере.
[23:59:5] - [Инфо] Отправка данных в Спутник...
[23:59:5] - [Инфо] task status: success, task time status: success
[23:59:5] - [Инфо] SputnikTaskID: 33738
[23:59:5] - [Инфо] comment id: 169774, task comment status: success
[23:59:5] - [Инфо] comment id: 169775, task comment status: success
[23:59:6] - [Инфо] comment id: 169776, task comment status: success
[23:59:6] - [Инфо] Сущность с ID: 2946 обработана на сервере.
[23:59:6] - [Инфо] Отправка данных в Спутник...
[23:59:6] - [Инфо] task status: success, task time status: success
[23:59:6] - [Инфо] SputnikTaskID: 33739
[23:59:6] - [Инфо] comment id: 169777, task comment status: success
[23:59:6] - [Инфо] Сущность с ID: 2947 обработана на сервере.
[23:59:6] - [Инфо] Отправка данных в Спутник...
[23:59:6] - [Инфо] task status: success, task time status: success
[23:59:6] - [Инфо] SputnikTaskID: 33740
[23:59:7] - [Инфо] comment id: 169778, task comment status: success
[23:59:7] - [Инфо] 2948
[23:59:7] - [Инфо] [LOG] Заявка не является завершенной (OkDesk ID: 2948) Пропуск...
[23:59:7] - [Инфо] Сущность с ID: 2949 обработана на сервере.
[23:59:8] - [Инфо] Отправка данных в Спутник...
[23:59:8] - [Инфо] task status: success, task time status: success
[23:59:8] - [Инфо] SputnikTaskID: 33741
[23:59:8] - [Инфо] comment id: 169779, task comment status: success
[23:59:8] - [Инфо] 2950
[23:59:8] - [Инфо] [LOG] Заявка не является завершенной (OkDesk ID: 2950) Пропуск...
[23:59:8] - [Инфо] comment id: 169780, task comment status: success
[23:59:8] - [Инфо] Сущность с ID: 2951 обработана на сервере.
[23:59:9] - [Инфо] Отправка данных в Спутник...
[23:59:9] - [Инфо] task status: success, task time status: success
[23:59:9] - [Инфо] SputnikTaskID: 33742
[23:59:9] - [Инфо] 2952
[23:59:9] - [Инфо] [LOG] Заявка не является завершенной (OkDesk ID: 2952) Пропуск...
[23:59:9] - [Инфо] comment id: 169781, task comment status: success
[23:59:9] - Записи 2953 не существует, пожалуйста исправьте ошибку[23:59:9] - [Инфо] comment id: 169782, task comment status: success
[23:59:9] - [Инфо] DEBUG: Записи 2953 не существует
[23:59:9] - Записи 2954 не существует, пожалуйста исправьте ошибку[23:59:9] - [Инфо] comment id: 169783, task comment status: success
[23:59:9] - [Инфо] comment id: 169784, task comment status: success
[23:59:9] - [Инфо] DEBUG: Записи 2954 не существует
[23:59:9] - Записи 2955 не существует, пожалуйста исправьте ошибку[23:59:10] - [Инфо] comment id: 169785, task comment status: success
[23:59:10] - [Инфо] DEBUG: Записи 2955 не существует
[23:59:10] - Записи 2956 не существует, пожалуйста исправьте ошибку[23:59:10] - [Инфо] comment id: 169786, task comment status: success
[23:59:10] - [Инфо] DEBUG: Записи 2956 не существует
[23:59:10] - Записи 2957 не существует, пожалуйста исправьте ошибку[23:59:10] - [Инфо] DEBUG: Записи 2957 не существует
[23:59:10] - Записи 2958 не существует, пожалуйста исправьте ошибку[23:59:10] - [Инфо] DEBUG: Записи 2958 не существует
[23:59:10] - Записи 2959 не существует, пожалуйста исправьте ошибку[23:59:10] - [Инфо] DEBUG: Записи 2959 не существует
[23:59:10] - Записи 2960 не существует, пожалуйста исправьте ошибку[23:59:11] - [Инфо] DEBUG: Записи 2960 не существует
[23:59:11] - Записи 2961 не существует, пожалуйста исправьте ошибку[23:59:11] - [Инфо] DEBUG: Записи 2961 не существует
[23:59:11] - Записи 2962 не существует, пожалуйста исправьте ошибку[23:59:11] - [Инфо] DEBUG: Записи 2962 не существует
[23:59:11] - Записи 2963 не существует, пожалуйста исправьте ошибку[23:59:11] - [Инфо] DEBUG: Записи 2963 не существует
[23:59:11] - Записи 2964 не существует, пожалуйста исправьте ошибку[23:59:11] - [Инфо] DEBUG: Записи 2964 не существует
[23:59:11] - Записи 2965 не существует, пожалуйста исправьте ошибку[23:59:11] - [Инфо] DEBUG: Записи 2965 не существует
[23:59:12] - Записи 2966 не существует, пожалуйста исправьте ошибку[23:59:12] - [Инфо] DEBUG: Записи 2966 не существует
[23:59:12] - Записи 2967 не существует, пожалуйста исправьте ошибку[23:59:12] - [Инфо] DEBUG: Записи 2967 не существует
[23:59:12] - Записи 2968 не существует, пожалуйста исправьте ошибку[23:59:12] - [Инфо] DEBUG: Записи 2968 не существует
[23:59:12] - [Инфо] Начало автоматической выгрузки данных
[23:59:12] - [Инфо] Developer - Mkrtchyan Martun <mart@kassa26.ru>
[23:59:12] - [Инфо] [OkDesk] Файл: '2563-2563data.json' - уже существует в 'data/okdesk'
[23:59:12] - [Инфо] [LOG] Заявка не является завершенной (OkDesk ID: 2563) Пропуск...
[23:59:12] - [Инфо] Developer - Mkrtchyan Martun <mart@kassa26.ru>
[23:59:12] - [Инфо] [OkDesk] Файл: '2589-2589data.json' - уже существует в 'data/okdesk'
[23:59:13] - [Инфо] [LOG] Заявка не является завершенной (OkDesk ID: 2589) Пропуск...
[23:59:13] - [Инфо] Developer - Mkrtchyan Martun <mart@kassa26.ru>
[23:59:13] - [Инфо] [OkDesk] Файл: '2625-2625data.json' - уже существует в 'data/okdesk'
[23:59:13] - [Инфо] [LOG] Заявка не является завершенной (OkDesk ID: 2625) Пропуск...
[23:59:13] - [Инфо] Developer - Mkrtchyan Martun <mart@kassa26.ru>
[23:59:13] - [Инфо] [OkDesk] Файл: '2685-2685data.json' - уже существует в 'data/okdesk'
[23:59:13] - [Инфо] [LOG] Заявка не является завершенной (OkDesk ID: 2685) Пропуск...
[23:59:13] - [Инфо] Developer - Mkrtchyan Martun <mart@kassa26.ru>
[23:59:13] - [Инфо] [OkDesk] Файл: '2702-2702data.json' - уже существует в 'data/okdesk'
[23:59:14] - [Инфо] [LOG] Заявка не является завершенной (OkDesk ID: 2702) Пропуск...
[23:59:14] - [Инфо] Developer - Mkrtchyan Martun <mart@kassa26.ru>
[23:59:14] - [Инфо] [OkDesk] Файл: '2821-2821data.json' - уже существует в 'data/okdesk'
[23:59:14] - [Инфо] [LOG] Заявка не является завершенной (OkDesk ID: 2821) Пропуск...
[23:59:14] - [Инфо] Developer - Mkrtchyan Martun <mart@kassa26.ru>
[23:59:14] - [Инфо] [OkDesk] Файл: '2845-2845data.json' - уже существует в 'data/okdesk'
[23:59:14] - [Инфо] [LOG] Заявка не является завершенной (OkDesk ID: 2845) Пропуск...
[23:59:14] - [Инфо] Developer - Mkrtchyan Martun <mart@kassa26.ru>
[23:59:14] - [Инфо] [OkDesk] Файл: '2896-2896data.json' - уже существует в 'data/okdesk'
[23:59:15] - [Инфо] [LOG] Заявка не является завершенной (OkDesk ID: 2896) Пропуск...
[23:59:15] - [Инфо] Developer - Mkrtchyan Martun <mart@kassa26.ru>
[23:59:15] - [Инфо] [OkDesk] Файл: '2926-2926data.json' - уже существует в 'data/okdesk'
[23:59:15] - [Инфо] [LOG] Заявка не является завершенной (OkDesk ID: 2926) Пропуск...
[23:59:15] - [Инфо] Developer - Mkrtchyan Martun <mart@kassa26.ru>
[23:59:15] - [Инфо] [OkDesk] Файл: '2941-2941data.json' - уже существует в 'data/okdesk'
[23:59:16] - [Инфо] [LOG] Заявка не является завершенной (OkDesk ID: 2941) Пропуск...
