[23:59:0] - [Инфо] Начало цикла след. последовательности
[23:59:0] - [Инфо] Developer - Mkrtchyan Martun <mart@kassa26.ru>
[23:59:1] - Заявка уже была ранее выгружена. (OkDesk ID: 2387), пожалуйста исправьте ошибку[23:59:2] - [Инфо] Сущность с ID: 2388 обработана на сервере.
[23:59:3] - [Инфо] Отправка данных в Спутник...
[23:59:3] - [Инфо] task status: success, task time status: success
[23:59:3] - [Инфо] SputnikTaskID: 32614
[23:59:3] - [Инфо] comment id: 164013, task comment status: success
[23:59:3] - [Инфо] Сущность с ID: 2389 обработана на сервере.
[23:59:4] - [Инфо] Отправка данных в Спутник...
[23:59:4] - [Инфо] task status: success, task time status: success
[23:59:4] - [Инфо] SputnikTaskID: 32615
[23:59:4] - [Инфо] 2390
[23:59:4] - [Инфо] [LOG] Заявка не является завершенной (OkDesk ID: 2390) Пропуск...
[23:59:4] - [Инфо] comment id: 164014, task comment status: success
[23:59:4] - [Инфо] comment id: 164015, task comment status: success
[23:59:4] - [Инфо] comment id: 164016, task comment status: success
[23:59:4] - [Инфо] Сущность с ID: 2391 обработана на сервере.
[23:59:5] - [Инфо] Отправка данных в Спутник...
[23:59:5] - [Инфо] task status: success, task time status: success
[23:59:5] - [Инфо] SputnikTaskID: 32616
[23:59:5] - [Инфо] comment id: 164017, task comment status: success
[23:59:5] - [Инфо] Сущность с ID: 2392 обработана на сервере.
[23:59:5] - [Инфо] Отправка данных в Спутник...
[23:59:5] - [Инфо] task status: success, task time status: success
[23:59:5] - [Инфо] SputnikTaskID: 32617
[23:59:5] - [Инфо] comment id: 164018, task comment status: success
[23:59:5] - [Инфо] Сущность с ID: 2393 обработана на сервере.
[23:59:6] - [Инфо] Отправка данных в Спутник...
[23:59:6] - [Инфо] task status: success, task time status: success
[23:59:6] - [Инфо] SputnikTaskID: 32618
[23:59:6] - [Инфо] comment id: 164019, task comment status: success
[23:59:6] - [Инфо] Сущность с ID: 2394 обработана на сервере.
[23:59:6] - [Инфо] Отправка данных в Спутник...
[23:59:6] - [Инфо] task status: success, task time status: success
[23:59:6] - [Инфо] SputnikTaskID: 32619
[23:59:7] - [Инфо] comment id: 164020, task comment status: success
[23:59:7] - [Инфо] Сущность с ID: 2395 обработана на сервере.
[23:59:7] - [Инфо] Отправка данных в Спутник...
[23:59:7] - [Инфо] task status: success, task time status: success
[23:59:7] - [Инфо] SputnikTaskID: 32620
[23:59:7] - [Инфо] comment id: 164021, task comment status: success
[23:59:7] - [Инфо] Сущность с ID: 2396 обработана на сервере.
[23:59:7] - [Инфо] comment id: 164022, task comment status: success
[23:59:8] - [Инфо] Отправка данных в Спутник...
[23:59:8] - [Инфо] task status: success, task time status: success
[23:59:8] - [Инфо] SputnikTaskID: 32621
[23:59:8] - [Инфо] comment id: 164023, task comment status: success
[23:59:8] - [Инфо] comment id: 164024, task comment status: success
[23:59:8] - [Инфо] Сущность с ID: 2397 обработана на сервере.
[23:59:8] - [Инфо] Отправка данных в Спутник...
[23:59:8] - [Инфо] task status: success, task time status: success
[23:59:8] - [Инфо] SputnikTaskID: 32622
[23:59:8] - [Инфо] comment id: 164025, task comment status: success
[23:59:9] - [Инфо] Сущность с ID: 2398 обработана на сервере.
[23:59:9] - [Инфо] comment id: 164026, task comment status: success
[23:59:9] - [Инфо] Отправка данных в Спутник...
[23:59:9] - [Инфо] task status: success, task time status: success
[23:59:9] - [Инфо] SputnikTaskID: 32623
[23:59:9] - [Инфо] comment id: 164027, task comment status: success
[23:59:9] - [Инфо] Сущность с ID: 2399 обработана на сервере.
[23:59:9] - [Инфо] Отправка данных в Спутник...
[23:59:9] - [Инфо] task status: success, task time status: success
[23:59:9] - [Инфо] SputnikTaskID: 32624
[23:59:10] - [Инфо] comment id: 164028, task comment status: success
[23:59:10] - [Инфо] Сущность с ID: 2400 обработана на сервере.
[23:59:10] - [Инфо] Отправка данных в Спутник...
[23:59:10] - [Инфо] task status: success, task time status: success
[23:59:10] - [Инфо] SputnikTaskID: 32625
[23:59:10] - [Инфо] comment id: 164029, task comment status: success
[23:59:10] - [Инфо] comment id: 164030, task comment status: success
[23:59:10] - [Инфо] Сущность с ID: 2401 обработана на сервере.
[23:59:11] - [Инфо] comment id: 164031, task comment status: success
[23:59:11] - [Инфо] Отправка данных в Спутник...
[23:59:11] - [Инфо] task status: success, task time status: success
[23:59:11] - [Инфо] SputnikTaskID: 32626
[23:59:11] - [Инфо] comment id: 164032, task comment status: success
[23:59:11] - [Инфо] comment id: 164033, task comment status: success
[23:59:11] - [Инфо] Сущность с ID: 2402 обработана на сервере.
[23:59:11] - Записи 2403 не существует, пожалуйста исправьте ошибку[23:59:11] - [Инфо] DEBUG: Записи 2403 не существует
[23:59:11] - [Инфо] Отправка данных в Спутник...
[23:59:11] - [Инфо] task status: success, task time status: success
[23:59:11] - [Инфо] SputnikTaskID: 32627
[23:59:11] - Записи 2404 не существует, пожалуйста исправьте ошибку[23:59:11] - [Инфо] DEBUG: Записи 2404 не существует
[23:59:11] - [Инфо] comment id: 164034, task comment status: success
[23:59:11] - Записи 2405 не существует, пожалуйста исправьте ошибку[23:59:12] - [Инфо] DEBUG: Записи 2405 не существует
[23:59:12] - Записи 2406 не существует, пожалуйста исправьте ошибку[23:59:12] - [Инфо] DEBUG: Записи 2406 не существует
[23:59:12] - Записи 2407 не существует, пожалуйста исправьте ошибку[23:59:12] - [Инфо] DEBUG: Записи 2407 не существует
[23:59:12] - Записи 2408 не существует, пожалуйста исправьте ошибку[23:59:12] - [Инфо] DEBUG: Записи 2408 не существует
[23:59:12] - Записи 2409 не существует, пожалуйста исправьте ошибку[23:59:12] - [Инфо] DEBUG: Записи 2409 не существует
[23:59:12] - Записи 2410 не существует, пожалуйста исправьте ошибку[23:59:13] - [Инфо] DEBUG: Записи 2410 не существует
[23:59:13] - Записи 2411 не существует, пожалуйста исправьте ошибку[23:59:13] - [Инфо] DEBUG: Записи 2411 не существует
[23:59:13] - Записи 2412 не существует, пожалуйста исправьте ошибку[23:59:13] - [Инфо] DEBUG: Записи 2412 не существует
[23:59:13] - [Инфо] Начало автоматической выгрузки данных
[23:59:13] - [Инфо] Developer - Mkrtchyan Martun <mart@kassa26.ru>
[23:59:13] - [Инфо] [OkDesk] Файл: '2339-2339data.json' - уже существует в 'data/okdesk'
[23:59:13] - [Инфо] [LOG] Заявка не является завершенной (OkDesk ID: 2339) Пропуск...
[23:59:13] - [Инфо] Developer - Mkrtchyan Martun <mart@kassa26.ru>
[23:59:13] - [Инфо] [OkDesk] Файл: '2369-2369data.json' - уже существует в 'data/okdesk'
[23:59:14] - [Инфо] [LOG] Заявка не является завершенной (OkDesk ID: 2369) Пропуск...
[23:59:14] - [Инфо] Developer - Mkrtchyan Martun <mart@kassa26.ru>
[23:59:14] - [Инфо] [OkDesk] Файл: '2370-2370data.json' - уже существует в 'data/okdesk'
[23:59:14] - [Инфо] Сущность с ID: 2370 обработана на сервере.
[23:59:14] - [Инфо] Developer - Mkrtchyan Martun <mart@kassa26.ru>
[23:59:14] - [Инфо] Отправка данных в Спутник...
[23:59:14] - [Инфо] task status: success, task time status: success
[23:59:14] - [Инфо] SputnikTaskID: 32628
[23:59:15] - [Инфо] comment id: 164035, task comment status: success
[23:59:15] - Заявка уже была ранее выгружена. (OkDesk ID: 2382), пожалуйста исправьте ошибку[23:59:15] - [Инфо] Developer - Mkrtchyan Martun <mart@kassa26.ru>
[23:59:15] - [Инфо] comment id: 164036, task comment status: success
[23:59:16] - [Инфо] Сущность с ID: 2385 обработана на сервере.
[23:59:16] - [Инфо] Отправка данных в Спутник...
[23:59:16] - [Инфо] task status: success, task time status: success
[23:59:16] - [Инфо] SputnikTaskID: 32629
[23:59:16] - [Инфо] comment id: 164037, task comment status: success
[23:59:16] - [Инфо] comment id: 164038, task comment status: success
