[23:59:0] - [Инфо] Начало цикла след. последовательности
[23:59:0] - [Инфо] Developer - Mkrtchyan Martun <mart@kassa26.ru>
[23:59:1] - Заявка уже была ранее выгружена. (OkDesk ID: 1737), пожалуйста исправьте ошибку[23:59:1] - Не найдено ID клиента (OkDesk ID: 1738) Пропуск..., пожалуйста исправьте ошибку[23:59:2] - [Инфо] Сущность с ID: 1739 обработана на сервере.
[23:59:2] - [Инфо] Отправка данных в Спутник...
[23:59:2] - [Инфо] task status: success, task time status: success
[23:59:2] - [Инфо] SputnikTaskID: 31443
[23:59:3] - [Инфо] Сущность с ID: 1740 обработана на сервере.
[23:59:3] - [Инфо] Отправка данных в Спутник...
[23:59:3] - [Инфо] task status: success, task time status: success
[23:59:3] - [Инфо] SputnikTaskID: 31444
[23:59:3] - [Инфо] comment id: 157586, task comment status: success
[23:59:3] - [Инфо] Сущность с ID: 1741 обработана на сервере.
[23:59:3] - [Инфо] comment id: 157587, task comment status: success
[23:59:3] - Записи 1742 не существует, пожалуйста исправьте ошибку[23:59:3] - [Инфо] Начало автоматической выгрузки данных
[23:59:3] - [Инфо] Developer - Mkrtchyan Martun <mart@kassa26.ru>
[23:59:3] - [Инфо] [OkDesk] Файл: '1086-1086data.json' - уже существует в 'data/okdesk'
[23:59:3] - [Инфо] comment id: 157588, task comment status: success
[23:59:3] - [Инфо] Отправка данных в Спутник...
[23:59:3] - [Инфо] task status: success, task time status: success
[23:59:3] - [Инфо] SputnikTaskID: 31445
[23:59:3] - [Инфо] [LOG] Заявка не является завершенной (OkDesk ID: 1086) Пропуск...
[23:59:3] - [Инфо] Developer - Mkrtchyan Martun <mart@kassa26.ru>
[23:59:3] - [Инфо] [OkDesk] Файл: '1178-1178data.json' - уже существует в 'data/okdesk'
[23:59:3] - [Инфо] comment id: 157589, task comment status: success
[23:59:4] - [Инфо] comment id: 157591, task comment status: success
[23:59:4] - [Инфо] comment id: 157590, task comment status: success
[23:59:4] - [Инфо] [LOG] Заявка не является завершенной (OkDesk ID: 1178) Пропуск...
[23:59:4] - [Инфо] Developer - Mkrtchyan Martun <mart@kassa26.ru>
[23:59:4] - [Инфо] [OkDesk] Файл: '1197-1197data.json' - уже существует в 'data/okdesk'
[23:59:4] - [Инфо] [LOG] Заявка не является завершенной (OkDesk ID: 1197) Пропуск...
[23:59:4] - [Инфо] Developer - Mkrtchyan Martun <mart@kassa26.ru>
[23:59:4] - [Инфо] [OkDesk] Файл: '1287-1287data.json' - уже существует в 'data/okdesk'
[23:59:4] - [Инфо] [LOG] Заявка не является завершенной (OkDesk ID: 1287) Пропуск...
[23:59:4] - [Инфо] Developer - Mkrtchyan Martun <mart@kassa26.ru>
[23:59:4] - [Инфо] [OkDesk] Файл: '1344-1344data.json' - уже существует в 'data/okdesk'
[23:59:5] - [Инфо] [LOG] Заявка не является завершенной (OkDesk ID: 1344) Пропуск...
[23:59:5] - [Инфо] Developer - Mkrtchyan Martun <mart@kassa26.ru>
[23:59:5] - [Инфо] [OkDesk] Файл: '1396-1396data.json' - уже существует в 'data/okdesk'
[23:59:5] - [Инфо] [LOG] Заявка не является завершенной (OkDesk ID: 1396) Пропуск...
[23:59:5] - [Инфо] Developer - Mkrtchyan Martun <mart@kassa26.ru>
[23:59:5] - [Инфо] [OkDesk] Файл: '1399-1399data.json' - уже существует в 'data/okdesk'
[23:59:5] - [Инфо] [LOG] Заявка не является завершенной (OkDesk ID: 1399) Пропуск...
[23:59:5] - [Инфо] Developer - Mkrtchyan Martun <mart@kassa26.ru>
[23:59:5] - [Инфо] [OkDesk] Файл: '1422-1422data.json' - уже существует в 'data/okdesk'
[23:59:6] - [Инфо] [LOG] Заявка не является завершенной (OkDesk ID: 1422) Пропуск...
[23:59:6] - [Инфо] Developer - Mkrtchyan Martun <mart@kassa26.ru>
[23:59:6] - [Инфо] [OkDesk] Файл: '1477-1477data.json' - уже существует в 'data/okdesk'
[23:59:6] - [Инфо] [LOG] Заявка не является завершенной (OkDesk ID: 1477) Пропуск...
[23:59:6] - [Инфо] Developer - Mkrtchyan Martun <mart@kassa26.ru>
[23:59:6] - [Инфо] [OkDesk] Файл: '1505-1505data.json' - уже существует в 'data/okdesk'
[23:59:7] - [Инфо] [LOG] Заявка не является завершенной (OkDesk ID: 1505) Пропуск...
[23:59:7] - [Инфо] Developer - Mkrtchyan Martun <mart@kassa26.ru>
[23:59:7] - [Инфо] [OkDesk] Файл: '1510-1510data.json' - уже существует в 'data/okdesk'
[23:59:7] - [Инфо] [LOG] Заявка не является завершенной (OkDesk ID: 1510) Пропуск...
[23:59:7] - [Инфо] Developer - Mkrtchyan Martun <mart@kassa26.ru>
[23:59:7] - [Инфо] [OkDesk] Файл: '1542-1542data.json' - уже существует в 'data/okdesk'
[23:59:7] - [Инфо] [LOG] Заявка не является завершенной (OkDesk ID: 1542) Пропуск...
[23:59:7] - [Инфо] Developer - Mkrtchyan Martun <mart@kassa26.ru>
[23:59:7] - [Инфо] [OkDesk] Файл: '1549-1549data.json' - уже существует в 'data/okdesk'
[23:59:7] - [Инфо] [LOG] Заявка не является завершенной (OkDesk ID: 1549) Пропуск...
[23:59:7] - [Инфо] Developer - Mkrtchyan Martun <mart@kassa26.ru>
[23:59:7] - [Инфо] [OkDesk] Файл: '1555-1555data.json' - уже существует в 'data/okdesk'
[23:59:8] - [Инфо] [LOG] Заявка не является завершенной (OkDesk ID: 1555) Пропуск...
[23:59:8] - [Инфо] Developer - Mkrtchyan Martun <mart@kassa26.ru>
[23:59:8] - [Инфо] [OkDesk] Файл: '1593-1593data.json' - уже существует в 'data/okdesk'
[23:59:8] - [Инфо] [LOG] Заявка не является завершенной (OkDesk ID: 1593) Пропуск...
[23:59:8] - [Инфо] Developer - Mkrtchyan Martun <mart@kassa26.ru>
[23:59:8] - [Инфо] [OkDesk] Файл: '1607-1607data.json' - уже существует в 'data/okdesk'
[23:59:9] - [Инфо] [LOG] Заявка не является завершенной (OkDesk ID: 1607) Пропуск...
[23:59:9] - [Инфо] Developer - Mkrtchyan Martun <mart@kassa26.ru>
[23:59:9] - [Инфо] [OkDesk] Файл: '1614-1614data.json' - уже существует в 'data/okdesk'
[23:59:9] - [Инфо] Сущность с ID: 1614 обработана на сервере.
[23:59:9] - [Инфо] Developer - Mkrtchyan Martun <mart@kassa26.ru>
[23:59:9] - [Инфо] [OkDesk] Файл: '1635-1635data.json' - уже существует в 'data/okdesk'
[23:59:9] - [Инфо] [LOG] Заявка не является завершенной (OkDesk ID: 1635) Пропуск...
[23:59:9] - [Инфо] Developer - Mkrtchyan Martun <mart@kassa26.ru>
[23:59:9] - [Инфо] [OkDesk] Файл: '1653-1653data.json' - уже существует в 'data/okdesk'
[23:59:9] - [Инфо] Отправка данных в Спутник...
[23:59:9] - [Инфо] task status: success, task time status: success
[23:59:9] - [Инфо] SputnikTaskID: 31446
[23:59:9] - [Инфо] comment id: 157592, task comment status: success
[23:59:10] - [Инфо] [LOG] Заявка не является завершенной (OkDesk ID: 1653) Пропуск...
[23:59:10] - [Инфо] Developer - Mkrtchyan Martun <mart@kassa26.ru>
[23:59:10] - [Инфо] [OkDesk] Файл: '1705-1705data.json' - уже существует в 'data/okdesk'
[23:59:10] - [Инфо] comment id: 157593, task comment status: success
[23:59:11] - [Инфо] Сущность с ID: 1705 обработана на сервере.
[23:59:11] - [Инфо] Developer - Mkrtchyan Martun <mart@kassa26.ru>
[23:59:11] - [Инфо] [OkDesk] Файл: '1719-1719data.json' - уже существует в 'data/okdesk'
[23:59:11] - [Инфо] Отправка данных в Спутник...
[23:59:11] - [Инфо] task status: success, task time status: success
[23:59:11] - [Инфо] SputnikTaskID: 31447
[23:59:11] - [Инфо] [LOG] Заявка не является завершенной (OkDesk ID: 1719) Пропуск...
[23:59:11] - [Инфо] Developer - Mkrtchyan Martun <mart@kassa26.ru>
[23:59:11] - [Инфо] [OkDesk] Файл: '1720-1720data.json' - уже существует в 'data/okdesk'
[23:59:11] - [Инфо] comment id: 157594, task comment status: success
[23:59:11] - [Инфо] [LOG] Заявка не является завершенной (OkDesk ID: 1720) Пропуск...
[23:59:11] - [Инфо] Developer - Mkrtchyan Martun <mart@kassa26.ru>
[23:59:11] - [Инфо] [OkDesk] Файл: '1722-1722data.json' - уже существует в 'data/okdesk'
[23:59:11] - [Инфо] comment id: 157595, task comment status: success
[23:59:12] - [Инфо] Сущность с ID: 1722 обработана на сервере.
[23:59:12] - [Инфо] Developer - Mkrtchyan Martun <mart@kassa26.ru>
[23:59:12] - [Инфо] Отправка данных в Спутник...
[23:59:12] - [Инфо] task status: success, task time status: success
[23:59:12] - [Инфо] SputnikTaskID: 31448
[23:59:12] - [Инфо] comment id: 157596, task comment status: success
[23:59:12] - [Инфо] [LOG] Заявка не является завершенной (OkDesk ID: 1729) Пропуск...
[23:59:12] - [Инфо] Developer - Mkrtchyan Martun <mart@kassa26.ru>
[23:59:12] - [Инфо] comment id: 157597, task comment status: success
[23:59:13] - Не найдено ID клиента (OkDesk ID: 1738) Пропуск..., пожалуйста исправьте ошибку