[23:59:2] - [Инфо] Начало цикла след. последовательности
[23:59:2] - [Инфо] Developer - Mkrtchyan Martun <mart@kassa26.ru>
[23:59:3] - Заявка уже была ранее выгружена. (OkDesk ID: 2951), пожалуйста исправьте ошибку[23:59:4] - [Инфо] [LOG] Заявка не является завершенной (OkDesk ID: 2952) Пропуск...
[23:59:4] - [Инфо] Сущность с ID: 2953 обработана на сервере.
[23:59:5] - [Инфо] Отправка данных в Спутник...
[23:59:5] - [Инфо] task status: success, task time status: success
[23:59:5] - [Инфо] SputnikTaskID: 33760
[23:59:5] - [Инфо] 2954
[23:59:5] - [Инфо] [LOG] Заявка не является завершенной (OkDesk ID: 2954) Пропуск...
[23:59:5] - [Инфо] comment id: 169869, task comment status: success
[23:59:5] - [Инфо] Сущность с ID: 2955 обработана на сервере.
[23:59:6] - [Инфо] Отправка данных в Спутник...
[23:59:6] - [Инфо] task status: success, task time status: success
[23:59:6] - [Инфо] SputnikTaskID: 33761
[23:59:6] - [Инфо] comment id: 169870, task comment status: success
[23:59:6] - [Инфо] Сущность с ID: 2956 обработана на сервере.
[23:59:6] - [Инфо] comment id: 169871, task comment status: success
[23:59:6] - [Инфо] comment id: 169872, task comment status: success
[23:59:6] - [Инфо] Отправка данных в Спутник...
[23:59:6] - [Инфо] task status: success, task time status: success
[23:59:6] - [Инфо] SputnikTaskID: 33762
[23:59:6] - [Инфо] Сущность с ID: 2957 обработана на сервере.
[23:59:6] - [Инфо] comment id: 169873, task comment status: success
[23:59:7] - [Инфо] comment id: 169874, task comment status: success
[23:59:7] - [Инфо] Отправка данных в Спутник...
[23:59:7] - [Инфо] task status: success, task time status: success
[23:59:7] - [Инфо] SputnikTaskID: 33763
[23:59:7] - [Инфо] comment id: 169875, task comment status: success
[23:59:7] - [Инфо] Сущность с ID: 2958 обработана на сервере.
[23:59:7] - [Инфо] Отправка данных в Спутник...
[23:59:7] - [Инфо] task status: success, task time status: success
[23:59:7] - [Инфо] SputnikTaskID: 33764
[23:59:7] - [Инфо] comment id: 169876, task comment status: success
[23:59:7] - [Инфо] Сущность с ID: 2959 обработана на сервере.
[23:59:7] - [Инфо] comment id: 169877, task comment status: success
[23:59:8] - [Инфо] Отправка данных в Спутник...
[23:59:8] - [Инфо] task status: success, task time status: success
[23:59:8] - [Инфо] SputnikTaskID: 33765
[23:59:8] - [Инфо] comment id: 169878, task comment status: success
[23:59:8] - [Инфо] Сущность с ID: 2960 обработана на сервере.
[23:59:8] - [Инфо] comment id: 169879, task comment status: success
[23:59:8] - [Инфо] Отправка данных в Спутник...
[23:59:8] - [Инфо] task status: success, task time status: success
[23:59:8] - [Инфо] SputnikTaskID: 33766
[23:59:8] - [Инфо] comment id: 169880, task comment status: success
[23:59:8] - [Инфо] Сущность с ID: 2961 обработана на сервере.
[23:59:8] - [Инфо] comment id: 169881, task comment status: success
[23:59:9] - [Инфо] Отправка данных в Спутник...
[23:59:9] - [Инфо] task status: success, task time status: success
[23:59:9] - [Инфо] SputnikTaskID: 33767
[23:59:9] - [Инфо] comment id: 169882, task comment status: success
[23:59:9] - [Инфо] Сущность с ID: 2962 обработана на сервере.
[23:59:9] - [Инфо] Отправка данных в Спутник...
[23:59:9] - [Инфо] task status: success, task time status: success
[23:59:9] - [Инфо] SputnikTaskID: 33768
[23:59:9] - [Инфо] comment id: 169883, task comment status: success
[23:59:9] - [Инфо] Сущность с ID: 2963 обработана на сервере.
[23:59:10] - [Инфо] comment id: 169884, task comment status: success
[23:59:10] - [Инфо] Отправка данных в Спутник...
[23:59:10] - [Инфо] task status: success, task time status: success
[23:59:10] - [Инфо] SputnikTaskID: 33769
[23:59:10] - [Инфо] comment id: 169885, task comment status: success
[23:59:10] - [Инфо] Сущность с ID: 2964 обработана на сервере.
[23:59:10] - [Инфо] comment id: 169886, task comment status: success
[23:59:10] - [Инфо] Отправка данных в Спутник...
[23:59:10] - [Инфо] task status: success, task time status: success
[23:59:10] - [Инфо] SputnikTaskID: 33770
[23:59:10] - [Инфо] comment id: 169887, task comment status: success
[23:59:10] - [Инфо] Сущность с ID: 2965 обработана на сервере.
[23:59:11] - [Инфо] comment id: 169888, task comment status: success
[23:59:11] - [Инфо] Отправка данных в Спутник...
[23:59:11] - [Инфо] task status: success, task time status: success
[23:59:11] - [Инфо] SputnikTaskID: 33771
[23:59:11] - [Инфо] comment id: 169889, task comment status: success
[23:59:11] - [Инфо] Сущность с ID: 2966 обработана на сервере.
[23:59:11] - [Инфо] Отправка данных в Спутник...
[23:59:11] - [Инфо] task status: success, task time status: success
[23:59:11] - [Инфо] SputnikTaskID: 33772
[23:59:11] - [Инфо] comment id: 169890, task comment status: success
[23:59:11] - [Инфо] 2967
[23:59:11] - [Инфо] [LOG] Заявка не является завершенной (OkDesk ID: 2967) Пропуск...
[23:59:11] - [Инфо] comment id: 169891, task comment status: success
[23:59:12] - [Инфо] Сущность с ID: 2968 обработана на сервере.
[23:59:12] - Записи 2969 не существует, пожалуйста исправьте ошибку[23:59:12] - [Инфо] Отправка данных в Спутник...
[23:59:12] - [Инфо] task status: success, task time status: success
[23:59:12] - [Инфо] SputnikTaskID: 33773
[23:59:12] - [Инфо] DEBUG: Записи 2969 не существует
[23:59:12] - Записи 2970 не существует, пожалуйста исправьте ошибку[23:59:12] - [Инфо] DEBUG: Записи 2970 не существует
[23:59:12] - [Инфо] comment id: 169892, task comment status: success
[23:59:12] - Записи 2971 не существует, пожалуйста исправьте ошибку[23:59:12] - [Инфо] DEBUG: Записи 2971 не существует
[23:59:12] - Записи 2972 не существует, пожалуйста исправьте ошибку[23:59:13] - [Инфо] DEBUG: Записи 2972 не существует
[23:59:13] - Записи 2973 не существует, пожалуйста исправьте ошибку[23:59:13] - [Инфо] DEBUG: Записи 2973 не существует
[23:59:13] - Записи 2974 не существует, пожалуйста исправьте ошибку[23:59:13] - [Инфо] DEBUG: Записи 2974 не существует
[23:59:13] - Записи 2975 не существует, пожалуйста исправьте ошибку[23:59:13] - [Инфо] DEBUG: Записи 2975 не существует
[23:59:13] - Записи 2976 не существует, пожалуйста исправьте ошибку[23:59:13] - [Инфо] DEBUG: Записи 2976 не существует
[23:59:13] - [Инфо] Начало автоматической выгрузки данных
[23:59:13] - [Инфо] Developer - Mkrtchyan Martun <mart@kassa26.ru>
[23:59:13] - [Инфо] [OkDesk] Файл: '2563-2563data.json' - уже существует в 'data/okdesk'
[23:59:13] - [Инфо] [LOG] Заявка не является завершенной (OkDesk ID: 2563) Пропуск...
[23:59:13] - [Инфо] Developer - Mkrtchyan Martun <mart@kassa26.ru>
[23:59:13] - [Инфо] [OkDesk] Файл: '2589-2589data.json' - уже существует в 'data/okdesk'
[23:59:14] - [Инфо] [LOG] Заявка не является завершенной (OkDesk ID: 2589) Пропуск...
[23:59:14] - [Инфо] Developer - Mkrtchyan Martun <mart@kassa26.ru>
[23:59:14] - [Инфо] [OkDesk] Файл: '2625-2625data.json' - уже существует в 'data/okdesk'
[23:59:14] - [Инфо] [LOG] Заявка не является завершенной (OkDesk ID: 2625) Пропуск...
[23:59:14] - [Инфо] Developer - Mkrtchyan Martun <mart@kassa26.ru>
[23:59:14] - [Инфо] [OkDesk] Файл: '2685-2685data.json' - уже существует в 'data/okdesk'
[23:59:14] - [Инфо] [LOG] Заявка не является завершенной (OkDesk ID: 2685) Пропуск...
[23:59:14] - [Инфо] Developer - Mkrtchyan Martun <mart@kassa26.ru>
[23:59:14] - [Инфо] [OkDesk] Файл: '2702-2702data.json' - уже существует в 'data/okdesk'
[23:59:15] - [Инфо] [LOG] Заявка не является завершенной (OkDesk ID: 2702) Пропуск...
[23:59:15] - [Инфо] Developer - Mkrtchyan Martun <mart@kassa26.ru>
[23:59:15] - [Инфо] [OkDesk] Файл: '2821-2821data.json' - уже существует в 'data/okdesk'
[23:59:15] - [Инфо] [LOG] Заявка не является завершенной (OkDesk ID: 2821) Пропуск...
[23:59:15] - [Инфо] Developer - Mkrtchyan Martun <mart@kassa26.ru>
[23:59:15] - [Инфо] [OkDesk] Файл: '2845-2845data.json' - уже существует в 'data/okdesk'
[23:59:15] - [Инфо] [LOG] Заявка не является завершенной (OkDesk ID: 2845) Пропуск...
[23:59:15] - [Инфо] Developer - Mkrtchyan Martun <mart@kassa26.ru>
[23:59:15] - [Инфо] [OkDesk] Файл: '2896-2896data.json' - уже существует в 'data/okdesk'
[23:59:16] - [Инфо] [LOG] Заявка не является завершенной (OkDesk ID: 2896) Пропуск...
[23:59:16] - [Инфо] Developer - Mkrtchyan Martun <mart@kassa26.ru>
[23:59:16] - [Инфо] [OkDesk] Файл: '2926-2926data.json' - уже существует в 'data/okdesk'
[23:59:16] - [Инфо] [LOG] Заявка не является завершенной (OkDesk ID: 2926) Пропуск...
[23:59:16] - [Инфо] Developer - Mkrtchyan Martun <mart@kassa26.ru>
[23:59:16] - [Инфо] [OkDesk] Файл: '2941-2941data.json' - уже существует в 'data/okdesk'
[23:59:16] - [Инфо] Сущность с ID: 2941 обработана на сервере.
[23:59:16] - [Инфо] Developer - Mkrtchyan Martun <mart@kassa26.ru>
[23:59:16] - [Инфо] Отправка данных в Спутник...
[23:59:16] - [Инфо] task status: success, task time status: success
[23:59:16] - [Инфо] SputnikTaskID: 33774
[23:59:17] - [Инфо] comment id: 169893, task comment status: success
[23:59:17] - [Инфо] [LOG] Заявка не является завершенной (OkDesk ID: 2948) Пропуск...
[23:59:17] - [Инфо] Developer - Mkrtchyan Martun <mart@kassa26.ru>
[23:59:17] - [Инфо] comment id: 169894, task comment status: success
[23:59:17] - [Инфо] Сущность с ID: 2950 обработана на сервере.
[23:59:17] - [Инфо] Developer - Mkrtchyan Martun <mart@kassa26.ru>
[23:59:17] - [Инфо] Отправка данных в Спутник...
[23:59:17] - [Инфо] task status: success, task time status: success
[23:59:17] - [Инфо] SputnikTaskID: 33775
[23:59:18] - [Инфо] comment id: 169895, task comment status: success
[23:59:18] - [Инфо] [LOG] Заявка не является завершенной (OkDesk ID: 2952) Пропуск...
