[23:59:3] - [Инфо] Начало цикла след. последовательности
[23:59:3] - [Инфо] Developer - Mkrtchyan Martun <mart@kassa26.ru>
[23:59:4] - Заявка уже была ранее выгружена. (OkDesk ID: 3276), пожалуйста исправьте ошибку[23:59:5] - [Инфо] Сущность с ID: 3277 обработана на сервере.
[23:59:5] - Записи 3278 не существует, пожалуйста исправьте ошибку[23:59:5] - [Инфо] DEBUG: Записи 3278 не существует
[23:59:5] - Записи 3279 не существует, пожалуйста исправьте ошибку[23:59:5] - [Инфо] DEBUG: Записи 3279 не существует
[23:59:5] - Записи 3280 не существует, пожалуйста исправьте ошибку[23:59:5] - [Инфо] Отправка данных в Спутник...
[23:59:5] - [Инфо] task status: success, task time status: success
[23:59:5] - [Инфо] SputnikTaskID: 34276
[23:59:5] - [Инфо] DEBUG: Записи 3280 не существует
[23:59:5] - Записи 3281 не существует, пожалуйста исправьте ошибку[23:59:5] - [Инфо] DEBUG: Записи 3281 не существует
[23:59:5] - [Инфо] comment id: 171864, task comment status: success
[23:59:5] - Записи 3282 не существует, пожалуйста исправьте ошибку[23:59:6] - [Инфо] DEBUG: Записи 3282 не существует
[23:59:6] - Записи 3283 не существует, пожалуйста исправьте ошибку[23:59:6] - [Инфо] DEBUG: Записи 3283 не существует
[23:59:6] - Записи 3284 не существует, пожалуйста исправьте ошибку[23:59:6] - [Инфо] DEBUG: Записи 3284 не существует
[23:59:6] - Записи 3285 не существует, пожалуйста исправьте ошибку[23:59:6] - [Инфо] DEBUG: Записи 3285 не существует
[23:59:6] - Записи 3286 не существует, пожалуйста исправьте ошибку[23:59:6] - [Инфо] DEBUG: Записи 3286 не существует
[23:59:6] - Записи 3287 не существует, пожалуйста исправьте ошибку[23:59:6] - [Инфо] DEBUG: Записи 3287 не существует
[23:59:7] - Записи 3288 не существует, пожалуйста исправьте ошибку[23:59:7] - [Инфо] DEBUG: Записи 3288 не существует
[23:59:7] - Записи 3289 не существует, пожалуйста исправьте ошибку[23:59:7] - [Инфо] DEBUG: Записи 3289 не существует
[23:59:7] - Записи 3290 не существует, пожалуйста исправьте ошибку[23:59:7] - [Инфо] DEBUG: Записи 3290 не существует
[23:59:7] - Записи 3291 не существует, пожалуйста исправьте ошибку[23:59:7] - [Инфо] DEBUG: Записи 3291 не существует
[23:59:7] - Записи 3292 не существует, пожалуйста исправьте ошибку[23:59:8] - [Инфо] DEBUG: Записи 3292 не существует
[23:59:8] - Записи 3293 не существует, пожалуйста исправьте ошибку[23:59:8] - [Инфо] DEBUG: Записи 3293 не существует
[23:59:8] - Записи 3294 не существует, пожалуйста исправьте ошибку[23:59:8] - [Инфо] DEBUG: Записи 3294 не существует
[23:59:8] - Записи 3295 не существует, пожалуйста исправьте ошибку[23:59:8] - [Инфо] DEBUG: Записи 3295 не существует
[23:59:8] - Записи 3296 не существует, пожалуйста исправьте ошибку[23:59:8] - [Инфо] DEBUG: Записи 3296 не существует
[23:59:8] - Записи 3297 не существует, пожалуйста исправьте ошибку[23:59:8] - [Инфо] DEBUG: Записи 3297 не существует
[23:59:8] - Записи 3298 не существует, пожалуйста исправьте ошибку[23:59:9] - [Инфо] DEBUG: Записи 3298 не существует
[23:59:9] - Записи 3299 не существует, пожалуйста исправьте ошибку[23:59:9] - [Инфо] DEBUG: Записи 3299 не существует
[23:59:9] - Записи 3300 не существует, пожалуйста исправьте ошибку[23:59:9] - [Инфо] DEBUG: Записи 3300 не существует
[23:59:9] - Записи 3301 не существует, пожалуйста исправьте ошибку[23:59:9] - [Инфо] DEBUG: Записи 3301 не существует
[23:59:9] - [Инфо] Начало автоматической выгрузки данных
[23:59:9] - [Инфо] Developer - Mkrtchyan Martun <mart@kassa26.ru>
[23:59:9] - [Инфо] [OkDesk] Файл: '2589-2589data.json' - уже существует в 'data/okdesk'
[23:59:10] - [Инфо] [LOG] Заявка не является завершенной (OkDesk ID: 2589) Пропуск...
[23:59:10] - [Инфо] Developer - Mkrtchyan Martun <mart@kassa26.ru>
[23:59:10] - [Инфо] [OkDesk] Файл: '2702-2702data.json' - уже существует в 'data/okdesk'
[23:59:10] - [Инфо] [LOG] Заявка не является завершенной (OkDesk ID: 2702) Пропуск...
[23:59:10] - [Инфо] Developer - Mkrtchyan Martun <mart@kassa26.ru>
[23:59:10] - [Инфо] [OkDesk] Файл: '2821-2821data.json' - уже существует в 'data/okdesk'
[23:59:10] - [Инфо] [LOG] Заявка не является завершенной (OkDesk ID: 2821) Пропуск...
[23:59:10] - [Инфо] Developer - Mkrtchyan Martun <mart@kassa26.ru>
[23:59:10] - [Инфо] [OkDesk] Файл: '2845-2845data.json' - уже существует в 'data/okdesk'
[23:59:11] - [Инфо] [LOG] Заявка не является завершенной (OkDesk ID: 2845) Пропуск...
[23:59:11] - [Инфо] Developer - Mkrtchyan Martun <mart@kassa26.ru>
[23:59:11] - [Инфо] [OkDesk] Файл: '3022-3022data.json' - уже существует в 'data/okdesk'
[23:59:11] - [Инфо] [LOG] Заявка не является завершенной (OkDesk ID: 3022) Пропуск...
[23:59:11] - [Инфо] Developer - Mkrtchyan Martun <mart@kassa26.ru>
[23:59:11] - [Инфо] [OkDesk] Файл: '3236-3236data.json' - уже существует в 'data/okdesk'
[23:59:11] - [Инфо] [LOG] Заявка не является завершенной (OkDesk ID: 3236) Пропуск...
[23:59:11] - [Инфо] Developer - Mkrtchyan Martun <mart@kassa26.ru>
[23:59:11] - [Инфо] [OkDesk] Файл: '3264-3264data.json' - уже существует в 'data/okdesk'
[23:59:11] - [Инфо] [LOG] Заявка не является завершенной (OkDesk ID: 3264) Пропуск...
