[9:38:0] - [Инфо] Начало цикла след. последовательности
[9:38:0] - [Инфо] Developer - Mkrtchyan Martun <mart@kassa26.ru>
[9:38:2] - [Инфо] Сущность с ID: 2043 обработана на сервере.
[9:38:2] - [Инфо] Отправка данных в Спутник...
[9:38:2] - [Инфо] task status: success, task time status: success
[9:38:2] - [Инфо] SputnikTaskID: 32028
[9:38:2] - [Инфо] Сущность с ID: 2044 обработана на сервере.
[9:38:2] - [Инфо] Отправка данных в Спутник...
[9:38:2] - [Инфо] task status: success, task time status: success
[9:38:2] - [Инфо] SputnikTaskID: 32029
[9:38:3] - [Инфо] comment id: 161371, task comment status: success
[9:38:3] - [Инфо] comment id: 161372, task comment status: success
[9:38:3] - [Инфо] Сущность с ID: 2045 обработана на сервере.
[9:38:3] - [Инфо] Отправка данных в Спутник...
[9:38:3] - [Инфо] task status: success, task time status: success
[9:38:3] - [Инфо] SputnikTaskID: 32030
[9:38:3] - [Инфо] comment id: 161373, task comment status: success
[9:38:3] - [Инфо] Сущность с ID: 2046 обработана на сервере.
[9:38:4] - [Инфо] Отправка данных в Спутник...
[9:38:4] - [Инфо] task status: success, task time status: success
[9:38:4] - [Инфо] SputnikTaskID: 32031
[9:38:4] - [Инфо] comment id: 161374, task comment status: success
[9:38:4] - [Инфо] Сущность с ID: 2047 обработана на сервере.
[9:38:4] - [Инфо] Отправка данных в Спутник...
[9:38:4] - [Инфо] task status: success, task time status: success
[9:38:4] - [Инфо] SputnikTaskID: 32032
[9:38:4] - [Инфо] comment id: 161375, task comment status: success
[9:38:4] - [Инфо] Сущность с ID: 2048 обработана на сервере.
[9:38:5] - [Инфо] comment id: 161376, task comment status: success
[9:38:5] - [Инфо] Сущность с ID: 2049 обработана на сервере.
[9:38:5] - [Инфо] Отправка данных в Спутник...
[9:38:5] - [Инфо] task status: success, task time status: success
[9:38:5] - [Инфо] SputnikTaskID: 32033
[9:38:5] - [Инфо] comment id: 161377, task comment status: success
[9:38:6] - [Инфо] comment id: 161378, task comment status: success
[9:38:6] - [Инфо] Сущность с ID: 2050 обработана на сервере.
[9:38:6] - [Инфо] Отправка данных в Спутник...
[9:38:6] - [Инфо] task status: success, task time status: success
[9:38:6] - [Инфо] SputnikTaskID: 32034
[9:38:6] - [Инфо] comment id: 161379, task comment status: success
[9:38:6] - [Инфо] Сущность с ID: 2051 обработана на сервере.
[9:38:6] - [Инфо] Отправка данных в Спутник...
[9:38:6] - [Инфо] task status: success, task time status: success
[9:38:6] - [Инфо] SputnikTaskID: 32035
[9:38:7] - [Инфо] comment id: 161380, task comment status: success
[9:38:7] - [Инфо] Сущность с ID: 2052 обработана на сервере.
[9:38:7] - [Инфо] Отправка данных в Спутник...
[9:38:7] - [Инфо] task status: success, task time status: success
[9:38:7] - [Инфо] SputnikTaskID: 32036
[9:38:7] - [Инфо] comment id: 161381, task comment status: success
[9:38:8] - [Инфо] Сущность с ID: 2053 обработана на сервере.
[9:38:8] - [Инфо] Отправка данных в Спутник...
[9:38:8] - [Инфо] task status: success, task time status: success
[9:38:8] - [Инфо] SputnikTaskID: 32037
[9:38:8] - [Инфо] comment id: 161382, task comment status: success
[9:38:8] - [Инфо] Сущность с ID: 2054 обработана на сервере.
[9:38:8] - [Инфо] comment id: 161383, task comment status: success
[9:38:8] - [Инфо] Отправка данных в Спутник...
[9:38:8] - [Инфо] task status: success, task time status: success
[9:38:8] - [Инфо] SputnikTaskID: 32038
[9:38:9] - [Инфо] comment id: 161384, task comment status: success
[9:38:9] - [Инфо] 2055
[9:38:9] - [Инфо] [LOG] Заявка не является завершенной (OkDesk ID: 2055) Пропуск...
[9:38:9] - [Инфо] comment id: 161385, task comment status: success
[9:38:9] - [Инфо] Сущность с ID: 2056 обработана на сервере.
[9:38:9] - [Инфо] Отправка данных в Спутник...
[9:38:9] - [Инфо] task status: success, task time status: success
[9:38:9] - [Инфо] SputnikTaskID: 32039
[9:38:10] - [Инфо] comment id: 161386, task comment status: success
[9:38:10] - [Инфо] Сущность с ID: 2057 обработана на сервере.
[9:38:10] - [Инфо] Отправка данных в Спутник...
[9:38:10] - [Инфо] task status: success, task time status: success
[9:38:10] - [Инфо] SputnikTaskID: 32040
[9:38:10] - [Инфо] comment id: 161387, task comment status: success
[9:38:10] - [Инфо] comment id: 161388, task comment status: success
[9:38:10] - [Инфо] Сущность с ID: 2058 обработана на сервере.
[9:38:10] - Записи 2059 не существует, пожалуйста исправьте ошибку[9:38:10] - [Инфо] Начало автоматической выгрузки данных
[9:38:10] - [Инфо] Developer - Mkrtchyan Martun <mart@kassa26.ru>
[9:38:10] - [Инфо] [OkDesk] Файл: '1086-1086data.json' - уже существует в 'data/okdesk'
[9:38:10] - Записи 1086 не существует, пожалуйста исправьте ошибку[9:38:11] - Записи 1086 не существует, пожалуйста исправьте ошибку[9:38:11] - [Инфо] comment id: 161389, task comment status: success
[9:38:11] - [Инфо] Отправка данных в Спутник...
[9:38:11] - [Инфо] task status: success, task time status: success
[9:38:11] - [Инфо] SputnikTaskID: 32041
[9:38:11] - [Инфо] comment id: 161390, task comment status: success
[23:59:1] - [Инфо] Начало цикла след. последовательности
[23:59:1] - [Инфо] Developer - Mkrtchyan Martun <mart@kassa26.ru>
[23:59:2] - Заявка уже была ранее выгружена. (OkDesk ID: 2058), пожалуйста исправьте ошибку[23:59:2] - Записи 2059 не существует, пожалуйста исправьте ошибку[23:59:2] - [Инфо] Начало автоматической выгрузки данных
[23:59:2] - [Инфо] Developer - Mkrtchyan Martun <mart@kassa26.ru>
[23:59:2] - [Инфо] [OkDesk] Файл: '1086-1086data.json' - уже существует в 'data/okdesk'
[23:59:2] - Записи 1086 не существует, пожалуйста исправьте ошибку[23:59:2] - Записи 1086 не существует, пожалуйста исправьте ошибку