[23:59:0] - [Инфо] Начало цикла след. последовательности
[23:59:0] - [Инфо] Developer - Mkrtchyan Martun <mart@kassa26.ru>
[23:59:1] - Заявка уже была ранее выгружена. (OkDesk ID: 2402), пожалуйста исправьте ошибку[23:59:1] - [Инфо] Сущность с ID: 2403 обработана на сервере.
[23:59:2] - [Инфо] Отправка данных в Спутник...
[23:59:2] - [Инфо] task status: success, task time status: success
[23:59:2] - [Инфо] SputnikTaskID: 32631
[23:59:2] - [Инфо] comment id: 164043, task comment status: success
[23:59:2] - [Инфо] Сущность с ID: 2404 обработана на сервере.
[23:59:2] - [Инфо] Отправка данных в Спутник...
[23:59:2] - [Инфо] task status: success, task time status: success
[23:59:2] - [Инфо] SputnikTaskID: 32632
[23:59:3] - [Инфо] comment id: 164044, task comment status: success
[23:59:4] - [Инфо] Сущность с ID: 2405 обработана на сервере.
[23:59:4] - [Инфо] Отправка данных в Спутник...
[23:59:4] - [Инфо] task status: success, task time status: success
[23:59:4] - [Инфо] SputnikTaskID: 32633
[23:59:4] - [Инфо] comment id: 164045, task comment status: success
[23:59:4] - [Инфо] Сущность с ID: 2406 обработана на сервере.
[23:59:5] - [Инфо] Отправка данных в Спутник...
[23:59:5] - [Инфо] task status: success, task time status: success
[23:59:5] - [Инфо] SputnikTaskID: 32634
[23:59:5] - [Инфо] comment id: 164046, task comment status: success
[23:59:5] - [Инфо] Сущность с ID: 2407 обработана на сервере.
[23:59:5] - [Инфо] Отправка данных в Спутник...
[23:59:5] - [Инфо] task status: success, task time status: success
[23:59:5] - [Инфо] SputnikTaskID: 32635
[23:59:6] - [Инфо] comment id: 164047, task comment status: success
[23:59:6] - [Инфо] comment id: 164048, task comment status: success
[23:59:6] - [Инфо] Сущность с ID: 2408 обработана на сервере.
[23:59:6] - [Инфо] Отправка данных в Спутник...
[23:59:6] - [Инфо] task status: success, task time status: success
[23:59:6] - [Инфо] SputnikTaskID: 32636
[23:59:6] - [Инфо] comment id: 164049, task comment status: success
[23:59:6] - [Инфо] comment id: 164050, task comment status: success
[23:59:6] - [Инфо] Сущность с ID: 2409 обработана на сервере.
[23:59:7] - [Инфо] Отправка данных в Спутник...
[23:59:7] - [Инфо] task status: success, task time status: success
[23:59:7] - [Инфо] SputnikTaskID: 32637
[23:59:7] - [Инфо] comment id: 164051, task comment status: success
[23:59:7] - [Инфо] comment id: 164052, task comment status: success
[23:59:7] - [Инфо] Сущность с ID: 2410 обработана на сервере.
[23:59:7] - [Инфо] Отправка данных в Спутник...
[23:59:7] - [Инфо] task status: success, task time status: success
[23:59:7] - [Инфо] SputnikTaskID: 32638
[23:59:8] - [Инфо] comment id: 164053, task comment status: success
[23:59:8] - [Инфо] Сущность с ID: 2411 обработана на сервере.
[23:59:8] - [Инфо] Отправка данных в Спутник...
[23:59:8] - [Инфо] task status: success, task time status: success
[23:59:8] - [Инфо] SputnikTaskID: 32639
[23:59:8] - [Инфо] comment id: 164054, task comment status: success
[23:59:8] - [Инфо] 2412
[23:59:8] - [Инфо] [LOG] Заявка не является завершенной (OkDesk ID: 2412) Пропуск...
[23:59:8] - [Инфо] comment id: 164055, task comment status: success
[23:59:9] - [Инфо] Сущность с ID: 2413 обработана на сервере.
[23:59:9] - Записи 2414 не существует, пожалуйста исправьте ошибку[23:59:9] - [Инфо] Отправка данных в Спутник...
[23:59:9] - [Инфо] task status: success, task time status: success
[23:59:9] - [Инфо] SputnikTaskID: 32640
[23:59:9] - [Инфо] DEBUG: Записи 2414 не существует
[23:59:9] - Записи 2415 не существует, пожалуйста исправьте ошибку[23:59:9] - [Инфо] DEBUG: Записи 2415 не существует
[23:59:9] - [Инфо] comment id: 164056, task comment status: success
[23:59:9] - Записи 2416 не существует, пожалуйста исправьте ошибку[23:59:9] - [Инфо] DEBUG: Записи 2416 не существует
[23:59:10] - Записи 2417 не существует, пожалуйста исправьте ошибку[23:59:10] - [Инфо] DEBUG: Записи 2417 не существует
[23:59:10] - Записи 2418 не существует, пожалуйста исправьте ошибку[23:59:10] - [Инфо] DEBUG: Записи 2418 не существует
[23:59:10] - Записи 2419 не существует, пожалуйста исправьте ошибку[23:59:10] - [Инфо] DEBUG: Записи 2419 не существует
[23:59:10] - Записи 2420 не существует, пожалуйста исправьте ошибку[23:59:10] - [Инфо] DEBUG: Записи 2420 не существует
[23:59:10] - Записи 2421 не существует, пожалуйста исправьте ошибку[23:59:10] - [Инфо] DEBUG: Записи 2421 не существует
[23:59:11] - Записи 2422 не существует, пожалуйста исправьте ошибку[23:59:11] - [Инфо] DEBUG: Записи 2422 не существует
[23:59:11] - Записи 2423 не существует, пожалуйста исправьте ошибку[23:59:11] - [Инфо] DEBUG: Записи 2423 не существует
[23:59:11] - Записи 2424 не существует, пожалуйста исправьте ошибку[23:59:11] - [Инфо] DEBUG: Записи 2424 не существует
[23:59:11] - Записи 2425 не существует, пожалуйста исправьте ошибку[23:59:11] - [Инфо] DEBUG: Записи 2425 не существует
[23:59:11] - Записи 2426 не существует, пожалуйста исправьте ошибку[23:59:11] - [Инфо] DEBUG: Записи 2426 не существует
[23:59:12] - Записи 2427 не существует, пожалуйста исправьте ошибку[23:59:12] - [Инфо] DEBUG: Записи 2427 не существует
[23:59:12] - [Инфо] Начало автоматической выгрузки данных
[23:59:12] - [Инфо] Developer - Mkrtchyan Martun <mart@kassa26.ru>
[23:59:12] - [Инфо] [OkDesk] Файл: '2339-2339data.json' - уже существует в 'data/okdesk'
[23:59:12] - [Инфо] [LOG] Заявка не является завершенной (OkDesk ID: 2339) Пропуск...
[23:59:12] - [Инфо] Developer - Mkrtchyan Martun <mart@kassa26.ru>
[23:59:12] - [Инфо] [OkDesk] Файл: '2369-2369data.json' - уже существует в 'data/okdesk'
[23:59:12] - [Инфо] [LOG] Заявка не является завершенной (OkDesk ID: 2369) Пропуск...
[23:59:12] - [Инфо] Developer - Mkrtchyan Martun <mart@kassa26.ru>
[23:59:13] - [Инфо] [LOG] Заявка не является завершенной (OkDesk ID: 2390) Пропуск...
