[23:59:1] - [Инфо] Начало цикла след. последовательности
[23:59:2] - [Инфо] Developer - Mkrtchyan Martun <mart@kassa26.ru>
[23:59:3] - Заявка уже была ранее выгружена. (OkDesk ID: 2968), пожалуйста исправьте ошибку[23:59:4] - [Инфо] Сущность с ID: 2969 обработана на сервере.
[23:59:4] - [Инфо] Отправка данных в Спутник...
[23:59:4] - [Инфо] task status: success, task time status: success
[23:59:4] - [Инфо] SputnikTaskID: 33783
[23:59:4] - [Инфо] Сущность с ID: 2970 обработана на сервере.
[23:59:5] - [Инфо] comment id: 169970, task comment status: success
[23:59:5] - [Инфо] comment id: 169971, task comment status: success
[23:59:5] - [Инфо] Отправка данных в Спутник...
[23:59:5] - [Инфо] task status: success, task time status: success
[23:59:5] - [Инфо] SputnikTaskID: 33784
[23:59:5] - [Инфо] comment id: 169972, task comment status: success
[23:59:5] - [Инфо] Сущность с ID: 2971 обработана на сервере.
[23:59:5] - [Инфо] comment id: 169973, task comment status: success
[23:59:5] - [Инфо] comment id: 169974, task comment status: success
[23:59:5] - [Инфо] Отправка данных в Спутник...
[23:59:5] - [Инфо] task status: success, task time status: success
[23:59:5] - [Инфо] SputnikTaskID: 33785
[23:59:6] - [Инфо] comment id: 169975, task comment status: success
[23:59:6] - [Инфо] Сущность с ID: 2972 обработана на сервере.
[23:59:6] - [Инфо] Отправка данных в Спутник...
[23:59:6] - [Инфо] task status: success, task time status: success
[23:59:6] - [Инфо] SputnikTaskID: 33786
[23:59:6] - [Инфо] comment id: 169976, task comment status: success
[23:59:6] - [Инфо] Сущность с ID: 2973 обработана на сервере.
[23:59:6] - [Инфо] comment id: 169977, task comment status: success
[23:59:6] - [Инфо] Отправка данных в Спутник...
[23:59:6] - [Инфо] task status: success, task time status: success
[23:59:6] - [Инфо] SputnikTaskID: 33787
[23:59:6] - [Инфо] comment id: 169978, task comment status: success
[23:59:7] - [Инфо] comment id: 169979, task comment status: success
[23:59:7] - [Инфо] comment id: 169980, task comment status: success
[23:59:7] - [Инфо] 2974
[23:59:7] - [Инфо] [LOG] Заявка не является завершенной (OkDesk ID: 2974) Пропуск...
[23:59:7] - [Инфо] Сущность с ID: 2975 обработана на сервере.
[23:59:7] - [Инфо] Отправка данных в Спутник...
[23:59:7] - [Инфо] task status: success, task time status: success
[23:59:7] - [Инфо] SputnikTaskID: 33788
[23:59:8] - [Инфо] comment id: 169981, task comment status: success
[23:59:8] - [Инфо] Сущность с ID: 2976 обработана на сервере.
[23:59:8] - [Инфо] Отправка данных в Спутник...
[23:59:8] - [Инфо] task status: success, task time status: success
[23:59:8] - [Инфо] SputnikTaskID: 33789
[23:59:8] - [Инфо] comment id: 169982, task comment status: success
[23:59:8] - [Инфо] 2977
[23:59:8] - [Инфо] [LOG] Заявка не является завершенной (OkDesk ID: 2977) Пропуск...
[23:59:8] - [Инфо] comment id: 169983, task comment status: success
[23:59:9] - [Инфо] Сущность с ID: 2978 обработана на сервере.
[23:59:9] - [Инфо] Отправка данных в Спутник...
[23:59:9] - [Инфо] task status: success, task time status: success
[23:59:9] - [Инфо] SputnikTaskID: 33790
[23:59:9] - [Инфо] comment id: 169984, task comment status: success
[23:59:9] - [Инфо] Сущность с ID: 2979 обработана на сервере.
[23:59:9] - [Инфо] comment id: 169985, task comment status: success
[23:59:10] - [Инфо] Отправка данных в Спутник...
[23:59:10] - [Инфо] task status: success, task time status: success
[23:59:10] - [Инфо] SputnikTaskID: 33791
[23:59:10] - [Инфо] comment id: 169986, task comment status: success
[23:59:10] - [Инфо] Сущность с ID: 2980 обработана на сервере.
[23:59:10] - Записи 2981 не существует, пожалуйста исправьте ошибку[23:59:10] - [Инфо] DEBUG: Записи 2981 не существует
[23:59:10] - [Инфо] Отправка данных в Спутник...
[23:59:10] - [Инфо] task status: success, task time status: success
[23:59:10] - [Инфо] SputnikTaskID: 33792
[23:59:10] - Записи 2982 не существует, пожалуйста исправьте ошибку[23:59:10] - [Инфо] DEBUG: Записи 2982 не существует
[23:59:10] - [Инфо] comment id: 169987, task comment status: success
[23:59:10] - Записи 2983 не существует, пожалуйста исправьте ошибку[23:59:11] - [Инфо] DEBUG: Записи 2983 не существует
[23:59:11] - [Инфо] comment id: 169988, task comment status: success
[23:59:11] - Записи 2984 не существует, пожалуйста исправьте ошибку[23:59:11] - [Инфо] comment id: 169989, task comment status: success
[23:59:11] - [Инфо] DEBUG: Записи 2984 не существует
[23:59:11] - Записи 2985 не существует, пожалуйста исправьте ошибку[23:59:11] - [Инфо] DEBUG: Записи 2985 не существует
[23:59:11] - Записи 2986 не существует, пожалуйста исправьте ошибку[23:59:11] - [Инфо] DEBUG: Записи 2986 не существует
[23:59:11] - Записи 2987 не существует, пожалуйста исправьте ошибку[23:59:11] - [Инфо] DEBUG: Записи 2987 не существует
[23:59:11] - Записи 2988 не существует, пожалуйста исправьте ошибку[23:59:11] - [Инфо] DEBUG: Записи 2988 не существует
[23:59:11] - Записи 2989 не существует, пожалуйста исправьте ошибку[23:59:12] - [Инфо] DEBUG: Записи 2989 не существует
[23:59:12] - Записи 2990 не существует, пожалуйста исправьте ошибку[23:59:12] - [Инфо] DEBUG: Записи 2990 не существует
[23:59:12] - Записи 2991 не существует, пожалуйста исправьте ошибку[23:59:12] - [Инфо] DEBUG: Записи 2991 не существует
[23:59:12] - Записи 2992 не существует, пожалуйста исправьте ошибку[23:59:12] - [Инфо] DEBUG: Записи 2992 не существует
[23:59:12] - Записи 2993 не существует, пожалуйста исправьте ошибку[23:59:12] - [Инфо] DEBUG: Записи 2993 не существует
[23:59:12] - [Инфо] Начало автоматической выгрузки данных
[23:59:12] - [Инфо] Developer - Mkrtchyan Martun <mart@kassa26.ru>
[23:59:12] - [Инфо] [OkDesk] Файл: '2563-2563data.json' - уже существует в 'data/okdesk'
[23:59:13] - [Инфо] [LOG] Заявка не является завершенной (OkDesk ID: 2563) Пропуск...
[23:59:13] - [Инфо] Developer - Mkrtchyan Martun <mart@kassa26.ru>
[23:59:13] - [Инфо] [OkDesk] Файл: '2589-2589data.json' - уже существует в 'data/okdesk'
[23:59:13] - [Инфо] [LOG] Заявка не является завершенной (OkDesk ID: 2589) Пропуск...
[23:59:13] - [Инфо] Developer - Mkrtchyan Martun <mart@kassa26.ru>
[23:59:13] - [Инфо] [OkDesk] Файл: '2625-2625data.json' - уже существует в 'data/okdesk'
[23:59:13] - [Инфо] [LOG] Заявка не является завершенной (OkDesk ID: 2625) Пропуск...
[23:59:13] - [Инфо] Developer - Mkrtchyan Martun <mart@kassa26.ru>
[23:59:13] - [Инфо] [OkDesk] Файл: '2685-2685data.json' - уже существует в 'data/okdesk'
[23:59:14] - [Инфо] [LOG] Заявка не является завершенной (OkDesk ID: 2685) Пропуск...
[23:59:14] - [Инфо] Developer - Mkrtchyan Martun <mart@kassa26.ru>
[23:59:14] - [Инфо] [OkDesk] Файл: '2702-2702data.json' - уже существует в 'data/okdesk'
[23:59:14] - [Инфо] [LOG] Заявка не является завершенной (OkDesk ID: 2702) Пропуск...
[23:59:14] - [Инфо] Developer - Mkrtchyan Martun <mart@kassa26.ru>
[23:59:14] - [Инфо] [OkDesk] Файл: '2821-2821data.json' - уже существует в 'data/okdesk'
[23:59:14] - [Инфо] [LOG] Заявка не является завершенной (OkDesk ID: 2821) Пропуск...
[23:59:14] - [Инфо] Developer - Mkrtchyan Martun <mart@kassa26.ru>
[23:59:14] - [Инфо] [OkDesk] Файл: '2845-2845data.json' - уже существует в 'data/okdesk'
[23:59:15] - [Инфо] [LOG] Заявка не является завершенной (OkDesk ID: 2845) Пропуск...
[23:59:15] - [Инфо] Developer - Mkrtchyan Martun <mart@kassa26.ru>
[23:59:15] - [Инфо] [OkDesk] Файл: '2896-2896data.json' - уже существует в 'data/okdesk'
[23:59:15] - [Инфо] [LOG] Заявка не является завершенной (OkDesk ID: 2896) Пропуск...
[23:59:15] - [Инфо] Developer - Mkrtchyan Martun <mart@kassa26.ru>
[23:59:15] - [Инфо] [OkDesk] Файл: '2926-2926data.json' - уже существует в 'data/okdesk'
[23:59:16] - [Инфо] [LOG] Заявка не является завершенной (OkDesk ID: 2926) Пропуск...
[23:59:16] - [Инфо] Developer - Mkrtchyan Martun <mart@kassa26.ru>
[23:59:16] - [Инфо] [OkDesk] Файл: '2948-2948data.json' - уже существует в 'data/okdesk'
[23:59:16] - [Инфо] [LOG] Заявка не является завершенной (OkDesk ID: 2948) Пропуск...
[23:59:16] - [Инфо] Developer - Mkrtchyan Martun <mart@kassa26.ru>
[23:59:16] - [Инфо] [OkDesk] Файл: '2952-2952data.json' - уже существует в 'data/okdesk'
[23:59:16] - [Инфо] Сущность с ID: 2952 обработана на сервере.
[23:59:16] - [Инфо] Developer - Mkrtchyan Martun <mart@kassa26.ru>
[23:59:17] - [Инфо] Отправка данных в Спутник...
[23:59:17] - [Инфо] task status: success, task time status: success
[23:59:17] - [Инфо] SputnikTaskID: 33793
[23:59:17] - [Инфо] comment id: 169990, task comment status: success
[23:59:17] - [Инфо] Сущность с ID: 2954 обработана на сервере.
[23:59:17] - [Инфо] Developer - Mkrtchyan Martun <mart@kassa26.ru>
[23:59:17] - [Инфо] Отправка данных в Спутник...
[23:59:17] - [Инфо] task status: success, task time status: success
[23:59:17] - [Инфо] SputnikTaskID: 33794
[23:59:18] - [Инфо] comment id: 169991, task comment status: success
[23:59:18] - [Инфо] [LOG] Заявка не является завершенной (OkDesk ID: 2967) Пропуск...
[23:59:18] - [Инфо] comment id: 169992, task comment status: success
